Instance name,  X location,  Y location,  Voltage 
FILLER_11_53, 26.52, 35.36, 1.8
FILLER_11_57, 26.52, 35.36, 1.8
FILLER_10_46, 26.52, 29.92, 1.8
FILLER_10_53, 26.52, 29.92, 1.8
spare_logic_const\[11\], 26.52, 29.92, 1.8
spare_logic_const\[2\], 26.52, 29.92, 1.8
spare_logic_const\[3\], 26.52, 29.92, 1.8
spare_logic_nand\[0\], 26.52, 29.92, 1.8
FILLER_7_57, 26.52, 24.48, 1.8
FILLER_8_46, 26.52, 24.48, 1.8
spare_logic_mux\[0\], 26.52, 24.48, 1.8
FILLER_5_40, 26.52, 19.04, 1.8
FILLER_5_48, 26.52, 19.04, 1.8
FILLER_5_57, 26.52, 19.04, 1.8
spare_logic_nor\[0\], 26.52, 19.04, 1.8
FILLER_2_41, 26.52, 13.6, 1.8
FILLER_3_43, 26.52, 13.6, 1.8
FILLER_3_52, 26.52, 13.6, 1.8
spare_logic_const\[25\], 26.52, 13.6, 1.8
spare_logic_nand\[1\], 26.52, 13.6, 1.8
FILLER_0_46, 26.52, 8.16, 1.8
FILLER_0_57, 26.52, 8.16, 1.8
FILLER_1_36, 26.52, 8.16, 1.8
FILLER_1_44, 26.52, 8.16, 1.8
FILLER_1_51, 26.52, 8.16, 1.8
FILLER_1_57, 26.52, 8.16, 1.8
spare_logic_const\[21\], 26.52, 8.16, 1.8
spare_logic_const\[6\], 26.52, 8.16, 1.8
spare_logic_inv\[0\], 26.52, 8.16, 1.8
FILLER_11_3, 6.52, 35.36, 1.8
spare_logic_const\[4\], 6.52, 35.36, 1.8
FILLER_9_12, 6.52, 29.92, 1.8
FILLER_9_3, 6.52, 29.92, 1.8
spare_logic_biginv, 6.52, 29.92, 1.8
spare_logic_nor\[1\], 6.52, 29.92, 1.8
FILLER_8_8, 6.52, 24.48, 1.8
spare_logic_const\[12\], 6.52, 24.48, 1.8
spare_logic_const\[18\], 6.52, 24.48, 1.8
FILLER_5_3, 6.52, 19.04, 1.8
FILLER_6_3, 6.52, 19.04, 1.8
spare_logic_const\[7\], 6.52, 19.04, 1.8
spare_logic_mux\[1\], 6.52, 19.04, 1.8
FILLER_3_13, 6.52, 13.6, 1.8
FILLER_3_3, 6.52, 13.6, 1.8
spare_logic_const\[0\], 6.52, 13.6, 1.8
FILLER_0_8, 6.52, 8.16, 1.8
FILLER_1_3, 6.52, 8.16, 1.8
FILLER_2_8, 6.52, 8.16, 1.8
spare_logic_const\[16\], 6.52, 8.16, 1.8
spare_logic_const\[19\], 6.52, 8.16, 1.8
spare_logic_const\[22\], 6.52, 8.16, 1.8
spare_logic_flop\[1\], 6.52, 8.16, 1.8
PHY_20, 5.52, 35.36, 1.8
PHY_22, 5.52, 35.36, 1.8
FILLER_10_61, 39.1, 35.36, 1.8
PHY_21, 39.1, 35.36, 1.8
PHY_23, 39.1, 35.36, 1.8
spare_logic_const\[13\], 39.1, 35.36, 1.8
spare_logic_inv\[2\], 39.1, 35.36, 1.8
FILLER_10_14, 16.52, 35.36, 1.8
spare_logic_inv\[3\], 16.52, 35.36, 1.8
PHY_16, 5.52, 29.92, 1.8
PHY_18, 5.52, 29.92, 1.8
FILLER_8_60, 39.1, 29.92, 1.8
FILLER_9_62, 39.1, 29.92, 1.8
PHY_17, 39.1, 29.92, 1.8
PHY_19, 39.1, 29.92, 1.8
FILLER_8_20, 16.52, 29.92, 1.8
FILLER_9_19, 16.52, 29.92, 1.8
FILLER_9_27, 16.52, 29.92, 1.8
spare_logic_const\[10\], 16.52, 29.92, 1.8
spare_logic_const\[14\], 16.52, 29.92, 1.8
spare_logic_const\[5\], 16.52, 29.92, 1.8
spare_logic_const\[8\], 16.52, 29.92, 1.8
PHY_12, 5.52, 24.48, 1.8
PHY_14, 5.52, 24.48, 1.8
FILLER_6_65, 39.1, 24.48, 1.8
PHY_13, 39.1, 24.48, 1.8
PHY_15, 39.1, 24.48, 1.8
spare_logic_const\[17\], 39.1, 24.48, 1.8
FILLER_6_19, 16.52, 24.48, 1.8
spare_logic_const\[20\], 16.52, 24.48, 1.8
PHY_10, 5.52, 19.04, 1.8
PHY_8, 5.52, 19.04, 1.8
FILLER_4_65, 39.1, 19.04, 1.8
FILLER_5_64, 39.1, 19.04, 1.8
PHY_11, 39.1, 19.04, 1.8
PHY_9, 39.1, 19.04, 1.8
spare_logic_const\[9\], 39.1, 19.04, 1.8
PHY_4, 5.52, 13.6, 1.8
PHY_6, 5.52, 13.6, 1.8
FILLER_2_62, 39.1, 13.6, 1.8
FILLER_3_62, 39.1, 13.6, 1.8
PHY_5, 39.1, 13.6, 1.8
PHY_7, 39.1, 13.6, 1.8
FILLER_2_15, 16.52, 13.6, 1.8
FILLER_2_22, 16.52, 13.6, 1.8
spare_logic_const\[15\], 16.52, 13.6, 1.8
spare_logic_flop\[0\], 16.52, 13.6, 1.8
PHY_0, 5.52, 8.16, 1.8
PHY_2, 5.52, 8.16, 1.8
PHY_1, 39.1, 8.16, 1.8
PHY_3, 39.1, 8.16, 1.8
spare_logic_const\[1\], 39.1, 8.16, 1.8
spare_logic_inv\[1\], 39.1, 8.16, 1.8
FILLER_0_17, 16.52, 8.16, 1.8
FILLER_0_24, 16.52, 8.16, 1.8
spare_logic_const\[23\], 16.52, 8.16, 1.8
spare_logic_const\[24\], 16.52, 8.16, 1.8
spare_logic_const\[26\], 16.52, 8.16, 1.8

