
Magic 8.3 revision 324 - Compiled on Thu Sep 15 11:38:02 UTC 2022.
Starting magic under Tcl interpreter
Using the terminal as the console.
Using NULL graphics device.
Processing system .magicrc file
Sourcing design .magicrc for technology sky130A ...
2 Magic internal units = 1 Lambda
Input style sky130(vendor): scaleFactor=2, multiplier=2
The following types are not handled by extraction and will be treated as non-electrical types:
    ubm 
Scaled tech values by 2 / 1 to match internal grid scaling
Loading sky130A Device Generator Menu ...
Using technology "sky130A", version 1.0.341-2-gde752ec
Reading LEF data from file /home/hosni/OL_LATEST/OpenLane/pdks/sky130A/libs.ref/sky130_fd_sc_hd/techlef/sky130_fd_sc_hd__nom.tlef.
This action cannot be undone.
LEF read, Line 78 (Message): Unknown keyword "ANTENNAMODEL" in LEF file; ignoring.
LEF read, Line 79 (Message): Unknown keyword "ANTENNADIFFSIDEAREARATIO" in LEF file; ignoring.
LEF read, Line 112 (Message): Unknown keyword "MINENCLOSEDAREA" in LEF file; ignoring.
LEF read, Line 114 (Message): Unknown keyword "ANTENNAMODEL" in LEF file; ignoring.
LEF read, Line 115 (Message): Unknown keyword "ANTENNADIFFSIDEAREARATIO" in LEF file; ignoring.
LEF read, Line 121 (Message): Unknown keyword "MAXIMUMDENSITY" in LEF file; ignoring.
LEF read, Line 122 (Message): Unknown keyword "DENSITYCHECKWINDOW" in LEF file; ignoring.
LEF read, Line 123 (Message): Unknown keyword "DENSITYCHECKSTEP" in LEF file; ignoring.
LEF read, Line 156 (Message): Unknown keyword "MINENCLOSEDAREA" in LEF file; ignoring.
LEF read, Line 164 (Message): Unknown keyword "ANTENNAMODEL" in LEF file; ignoring.
LEF read, Line 165 (Message): Unknown keyword "ANTENNADIFFSIDEAREARATIO" in LEF file; ignoring.
LEF read, Line 167 (Message): Unknown keyword "MAXIMUMDENSITY" in LEF file; ignoring.
LEF read, Line 168 (Message): Unknown keyword "DENSITYCHECKWINDOW" in LEF file; ignoring.
LEF read, Line 169 (Message): Unknown keyword "DENSITYCHECKSTEP" in LEF file; ignoring.
LEF read, Line 206 (Message): Unknown keyword "ANTENNAMODEL" in LEF file; ignoring.
LEF read, Line 207 (Message): Unknown keyword "ANTENNADIFFSIDEAREARATIO" in LEF file; ignoring.
LEF read, Line 209 (Message): Unknown keyword "MAXIMUMDENSITY" in LEF file; ignoring.
LEF read, Line 210 (Message): Unknown keyword "DENSITYCHECKWINDOW" in LEF file; ignoring.
LEF read, Line 211 (Message): Unknown keyword "DENSITYCHECKSTEP" in LEF file; ignoring.
LEF read, Line 248 (Message): Unknown keyword "ANTENNAMODEL" in LEF file; ignoring.
LEF read, Line 249 (Message): Unknown keyword "ANTENNADIFFSIDEAREARATIO" in LEF file; ignoring.
LEF read, Line 251 (Message): Unknown keyword "MAXIMUMDENSITY" in LEF file; ignoring.
LEF read, Line 252 (Message): Unknown keyword "DENSITYCHECKWINDOW" in LEF file; ignoring.
LEF read, Line 253 (Message): Unknown keyword "DENSITYCHECKSTEP" in LEF file; ignoring.
LEF read, Line 290 (Message): Unknown keyword "ANTENNAMODEL" in LEF file; ignoring.
LEF read, Line 291 (Message): Unknown keyword "ANTENNADIFFSIDEAREARATIO" in LEF file; ignoring.
LEF read: Processed 797 lines.
Reading LEF data from file /home/hosni/mgmt_protect/caravel/openlane/mgmt_protect/../../lef/mgmt_protect_hv.lef.
This action cannot be undone.
LEF read: Processed 128 lines.
Reading LEF data from file /home/hosni/mgmt_protect/caravel/openlane/mgmt_protect/../../lef/mprj_logic_high.lef.
This action cannot be undone.
LEF read: Processed 4248 lines.
Reading LEF data from file /home/hosni/mgmt_protect/caravel/openlane/mgmt_protect/../../lef/mprj2_logic_high.lef.
This action cannot be undone.
LEF read: Processed 96 lines.
Reading DEF data from file /home/hosni/mgmt_protect/caravel/openlane/mgmt_protect/runs/22_10_27_09_37/results/routing/mgmt_protect.def.
This action cannot be undone.
  Processed 5 vias total.
  Processed 37401 subcell instances total.
  Processed 1134 pins total.
  Processed 10 special nets total.
  Processed 4194 nets total.
DEF read: Processed 179939 lines.
Root cell box:
           width x height  (   llx,  lly  ), (   urx,  ury  )  area (units^2)

microns:  2120.000 x 160.000  ( 0.000,  0.000), ( 2120.000,  160.000)  339200.000
lambda:   212000.00 x 16000.00  (  0.00,  0.00 ), ( 212000.00,  16000.00)  3392000000.00
internal: 424000 x 32000   (     0,  0    ), ( 424000,  32000)  13568000000
Warning: Calma reading is not undoable!  I hope that's OK.
Library written using GDS-II Release 3.0
Library name: mgmt_protect_hv
Reading "sky130_fd_sc_hvl__lsbufhv2lv_1".
CIF file read warning: CIF style sky130(vendor): units rescaled by factor of 5 / 1
Reading "sky130_fd_sc_hvl__conb_1".
Reading "sky130_fd_sc_hvl__fill_2".
Reading "sky130_fd_sc_hvl__fill_1".
Reading "mgmt_protect_hv".
Warning:  cell mgmt_protect_hv already existed before reading GDS!
Warning: Calma reading is not undoable!  I hope that's OK.
Library written using GDS-II Release 3.0
Library name: mprj_logic_high
Reading "sky130_fd_sc_hd__fill_1".
Warning:  cell sky130_fd_sc_hd__fill_1 already existed before reading GDS!
Reading "sky130_fd_sc_hd__decap_4".
Warning:  cell sky130_fd_sc_hd__decap_4 already existed before reading GDS!
Reading "sky130_fd_sc_hd__decap_3".
Warning:  cell sky130_fd_sc_hd__decap_3 already existed before reading GDS!
Reading "sky130_fd_sc_hd__conb_1".
Reading "sky130_fd_sc_hd__fill_2".
Warning:  cell sky130_fd_sc_hd__fill_2 already existed before reading GDS!
Reading "sky130_fd_sc_hd__tapvpwrvgnd_1".
Warning:  cell sky130_fd_sc_hd__tapvpwrvgnd_1 already existed before reading GDS!
Reading "sky130_fd_sc_hd__decap_12".
Reading "sky130_fd_sc_hd__decap_6".
Warning:  cell sky130_fd_sc_hd__decap_6 already existed before reading GDS!
Reading "sky130_fd_sc_hd__decap_8".
Warning:  cell sky130_fd_sc_hd__decap_8 already existed before reading GDS!
Reading "mprj_logic_high".
Warning:  cell mprj_logic_high already existed before reading GDS!
Warning: Calma reading is not undoable!  I hope that's OK.
Library written using GDS-II Release 3.0
Library name: mprj2_logic_high
Reading "sky130_fd_sc_hd__decap_12".
Warning:  cell sky130_fd_sc_hd__decap_12 already existed before reading GDS!
Reading "sky130_fd_sc_hd__decap_3".
Warning:  cell sky130_fd_sc_hd__decap_3 already existed before reading GDS!
Reading "sky130_fd_sc_hd__fill_1".
Warning:  cell sky130_fd_sc_hd__fill_1 already existed before reading GDS!
Reading "sky130_fd_sc_hd__tapvpwrvgnd_1".
Warning:  cell sky130_fd_sc_hd__tapvpwrvgnd_1 already existed before reading GDS!
Reading "sky130_fd_sc_hd__decap_6".
Warning:  cell sky130_fd_sc_hd__decap_6 already existed before reading GDS!
Reading "sky130_fd_sc_hd__conb_1".
Warning:  cell sky130_fd_sc_hd__conb_1 already existed before reading GDS!
Reading "sky130_fd_sc_hd__decap_4".
Warning:  cell sky130_fd_sc_hd__decap_4 already existed before reading GDS!
Reading "mprj2_logic_high".
Warning:  cell mprj2_logic_high already existed before reading GDS!
   Generating output for cell sky130_fd_sc_hd__decap_3
   Generating output for cell sky130_ef_sc_hd__decap_12
   Generating output for cell sky130_fd_sc_hd__tapvpwrvgnd_1
   Generating output for cell sky130_fd_sc_hd__fill_1
   Generating output for cell sky130_fd_sc_hd__decap_4
   Generating output for cell sky130_fd_sc_hd__decap_6
   Generating output for cell sky130_fd_sc_hd__decap_8
   Generating output for cell sky130_fd_sc_hd__buf_8
   Generating output for cell sky130_fd_sc_hd__fill_2
   Generating output for cell sky130_fd_sc_hd__clkbuf_4
   Generating output for cell sky130_fd_sc_hd__diode_2
   Generating output for cell sky130_fd_sc_hd__buf_4
   Generating output for cell sky130_fd_sc_hd__clkbuf_8
   Generating output for cell sky130_fd_sc_hd__buf_6
   Generating output for cell sky130_fd_sc_hd__inv_2
   Generating output for cell sky130_fd_sc_hd__clkinv_2
   Generating output for cell sky130_fd_sc_hd__and2_1
   Generating output for cell sky130_fd_sc_hd__nand2_2
   Generating output for cell sky130_fd_sc_hd__inv_12
   Generating output for cell sky130_fd_sc_hd__clkinv_4
   Generating output for cell sky130_fd_sc_hd__nand2_1
   Generating output for cell sky130_fd_sc_hd__and2_4
   Generating output for cell sky130_fd_sc_hd__and2_2
   Generating output for cell sky130_fd_sc_hd__nand2_8
   Generating output for cell sky130_fd_sc_hd__and3b_1
   Generating output for cell sky130_fd_sc_hd__clkinv_8
   Generating output for cell sky130_fd_sc_hd__decap_12
   Generating output for cell sky130_fd_sc_hd__conb_1
   Generating output for cell mprj2_logic_high
   Generating output for cell sky130_fd_sc_hd__nand2_4
   Generating output for cell sky130_fd_sc_hd__and3b_4
   Generating output for cell sky130_fd_sc_hd__and3b_2
   Generating output for cell sky130_fd_sc_hvl__fill_1
   Generating output for cell sky130_fd_sc_hvl__fill_2
   Generating output for cell sky130_fd_sc_hvl__conb_1
   Generating output for cell sky130_fd_sc_hvl__lsbufhv2lv_1
   Generating output for cell mgmt_protect_hv
   Generating output for cell sky130_fd_sc_hd__inv_4
   Generating output for cell sky130_fd_sc_hd__and2b_4
   Generating output for cell sky130_fd_sc_hd__bufbuf_8
   Generating output for cell mprj_logic_high
   Generating output for cell mgmt_protect
[INFO]: GDS Write Complete
