
Magic 8.3 revision 324 - Compiled on Thu Sep 15 11:38:02 UTC 2022.
Starting magic under Tcl interpreter
Using the terminal as the console.
Using NULL graphics device.
Processing system .magicrc file
Sourcing design .magicrc for technology sky130A ...
2 Magic internal units = 1 Lambda
Input style sky130(vendor): scaleFactor=2, multiplier=2
The following types are not handled by extraction and will be treated as non-electrical types:
    ubm 
Scaled tech values by 2 / 1 to match internal grid scaling
Loading sky130A Device Generator Menu ...
Using technology "sky130A", version 1.0.341-2-gde752ec
Reading LEF data from file /home/hosni/OL_LATEST/OpenLane/pdks/sky130A/libs.ref/sky130_fd_sc_hd/techlef/sky130_fd_sc_hd__nom.tlef.
This action cannot be undone.
LEF read, Line 78 (Message): Unknown keyword "ANTENNAMODEL" in LEF file; ignoring.
LEF read, Line 79 (Message): Unknown keyword "ANTENNADIFFSIDEAREARATIO" in LEF file; ignoring.
LEF read, Line 112 (Message): Unknown keyword "MINENCLOSEDAREA" in LEF file; ignoring.
LEF read, Line 114 (Message): Unknown keyword "ANTENNAMODEL" in LEF file; ignoring.
LEF read, Line 115 (Message): Unknown keyword "ANTENNADIFFSIDEAREARATIO" in LEF file; ignoring.
LEF read, Line 121 (Message): Unknown keyword "MAXIMUMDENSITY" in LEF file; ignoring.
LEF read, Line 122 (Message): Unknown keyword "DENSITYCHECKWINDOW" in LEF file; ignoring.
LEF read, Line 123 (Message): Unknown keyword "DENSITYCHECKSTEP" in LEF file; ignoring.
LEF read, Line 156 (Message): Unknown keyword "MINENCLOSEDAREA" in LEF file; ignoring.
LEF read, Line 164 (Message): Unknown keyword "ANTENNAMODEL" in LEF file; ignoring.
LEF read, Line 165 (Message): Unknown keyword "ANTENNADIFFSIDEAREARATIO" in LEF file; ignoring.
LEF read, Line 167 (Message): Unknown keyword "MAXIMUMDENSITY" in LEF file; ignoring.
LEF read, Line 168 (Message): Unknown keyword "DENSITYCHECKWINDOW" in LEF file; ignoring.
LEF read, Line 169 (Message): Unknown keyword "DENSITYCHECKSTEP" in LEF file; ignoring.
LEF read, Line 206 (Message): Unknown keyword "ANTENNAMODEL" in LEF file; ignoring.
LEF read, Line 207 (Message): Unknown keyword "ANTENNADIFFSIDEAREARATIO" in LEF file; ignoring.
LEF read, Line 209 (Message): Unknown keyword "MAXIMUMDENSITY" in LEF file; ignoring.
LEF read, Line 210 (Message): Unknown keyword "DENSITYCHECKWINDOW" in LEF file; ignoring.
LEF read, Line 211 (Message): Unknown keyword "DENSITYCHECKSTEP" in LEF file; ignoring.
LEF read, Line 248 (Message): Unknown keyword "ANTENNAMODEL" in LEF file; ignoring.
LEF read, Line 249 (Message): Unknown keyword "ANTENNADIFFSIDEAREARATIO" in LEF file; ignoring.
LEF read, Line 251 (Message): Unknown keyword "MAXIMUMDENSITY" in LEF file; ignoring.
LEF read, Line 252 (Message): Unknown keyword "DENSITYCHECKWINDOW" in LEF file; ignoring.
LEF read, Line 253 (Message): Unknown keyword "DENSITYCHECKSTEP" in LEF file; ignoring.
LEF read, Line 290 (Message): Unknown keyword "ANTENNAMODEL" in LEF file; ignoring.
LEF read, Line 291 (Message): Unknown keyword "ANTENNADIFFSIDEAREARATIO" in LEF file; ignoring.
LEF read: Processed 797 lines.
Reading LEF data from file /home/hosni/My_forks/FINAL/caravel/openlane/mgmt_protect/../../lef/mgmt_protect_hv.lef.
This action cannot be undone.
LEF read: Processed 128 lines.
Reading LEF data from file /home/hosni/My_forks/FINAL/caravel/openlane/mgmt_protect/../../lef/mprj_logic_high.lef.
This action cannot be undone.
LEF read: Processed 4248 lines.
Reading LEF data from file /home/hosni/My_forks/FINAL/caravel/openlane/mgmt_protect/../../lef/mprj2_logic_high.lef.
This action cannot be undone.
LEF read: Processed 96 lines.
mgmt_protect: 10000 rects
mgmt_protect: 20000 rects
mgmt_protect: 30000 rects
mgmt_protect: 40000 rects
mgmt_protect: 50000 rects
mgmt_protect: 60000 rects
mgmt_protect: 70000 rects
mgmt_protect: 80000 rects
mgmt_protect: 90000 rects
mgmt_protect: 100000 rects
mgmt_protect: 110000 rects
mgmt_protect: 120000 rects
mgmt_protect: 130000 rects
mgmt_protect: 140000 rects
mgmt_protect: 150000 rects
mgmt_protect: 160000 rects
mgmt_protect: 170000 rects
mgmt_protect: 180000 rects
mgmt_protect: 190000 rects
mgmt_protect: 200000 rects
mgmt_protect: 210000 rects
mgmt_protect: 220000 rects
mgmt_protect: 230000 rects
mgmt_protect: 240000 rects
mgmt_protect: 250000 rects
mgmt_protect: 260000 rects
mgmt_protect: 270000 rects
mgmt_protect: 280000 rects
mgmt_protect: 290000 rects
mgmt_protect: 300000 rects
mgmt_protect: 310000 rects
mgmt_protect: 320000 rects
mgmt_protect: 330000 rects
mgmt_protect: 340000 rects
mgmt_protect: 350000 rects
mgmt_protect: 360000 rects
mgmt_protect: 370000 rects
mgmt_protect: 380000 rects
mgmt_protect: 390000 rects
mgmt_protect: 400000 rects
mgmt_protect: 410000 rects
mgmt_protect: 420000 rects
mgmt_protect: 430000 rects
mgmt_protect: 440000 rects
mgmt_protect: 450000 rects
Processing timestamp mismatches: mgmt_protect_hv, mprj_logic_high, mprj2_logic_high.
[INFO]: Writing abstract LEF
Generating LEF output /home/hosni/My_forks/FINAL/caravel/openlane/mgmt_protect/runs/22_10_15_00_40/results/signoff/mgmt_protect.lef for cell mgmt_protect:
Diagnostic:  Write LEF header for cell mgmt_protect
Diagnostic:  Writing LEF output for cell mgmt_protect
Warning:  Parent cell lists instance of "sky130_fd_sc_hd__decap_3" at bad file path /home/hosni/My_forks/FINAL/caravel/openlane/mgmt_protect/runs/22_10_15_00_40/results/signoff/sky130_fd_sc_hd__decap_3.mag.
The cell exists in the search paths at /home/hosni/OL_LATEST/OpenLane/pdks/sky130A/libs.ref/sky130_fd_sc_hd/maglef/sky130_fd_sc_hd__decap_3.mag.
The discovered version will be used.
Warning:  Parent cell lists instance of "sky130_ef_sc_hd__decap_12" at bad file path /home/hosni/My_forks/FINAL/caravel/openlane/mgmt_protect/runs/22_10_15_00_40/results/signoff/sky130_ef_sc_hd__decap_12.mag.
The cell exists in the search paths at /home/hosni/OL_LATEST/OpenLane/pdks/sky130A/libs.ref/sky130_fd_sc_hd/maglef/sky130_ef_sc_hd__decap_12.mag.
The discovered version will be used.
Warning:  Parent cell lists instance of "sky130_fd_sc_hd__tapvpwrvgnd_1" at bad file path /home/hosni/My_forks/FINAL/caravel/openlane/mgmt_protect/runs/22_10_15_00_40/results/signoff/sky130_fd_sc_hd__tapvpwrvgnd_1.mag.
The cell exists in the search paths at /home/hosni/OL_LATEST/OpenLane/pdks/sky130A/libs.ref/sky130_fd_sc_hd/maglef/sky130_fd_sc_hd__tapvpwrvgnd_1.mag.
The discovered version will be used.
Warning:  Parent cell lists instance of "sky130_fd_sc_hd__fill_1" at bad file path /home/hosni/My_forks/FINAL/caravel/openlane/mgmt_protect/runs/22_10_15_00_40/results/signoff/sky130_fd_sc_hd__fill_1.mag.
The cell exists in the search paths at /home/hosni/OL_LATEST/OpenLane/pdks/sky130A/libs.ref/sky130_fd_sc_hd/maglef/sky130_fd_sc_hd__fill_1.mag.
The discovered version will be used.
Warning:  Parent cell lists instance of "sky130_fd_sc_hd__decap_4" at bad file path /home/hosni/My_forks/FINAL/caravel/openlane/mgmt_protect/runs/22_10_15_00_40/results/signoff/sky130_fd_sc_hd__decap_4.mag.
The cell exists in the search paths at /home/hosni/OL_LATEST/OpenLane/pdks/sky130A/libs.ref/sky130_fd_sc_hd/maglef/sky130_fd_sc_hd__decap_4.mag.
The discovered version will be used.
Warning:  Parent cell lists instance of "sky130_fd_sc_hd__decap_6" at bad file path /home/hosni/My_forks/FINAL/caravel/openlane/mgmt_protect/runs/22_10_15_00_40/results/signoff/sky130_fd_sc_hd__decap_6.mag.
The cell exists in the search paths at /home/hosni/OL_LATEST/OpenLane/pdks/sky130A/libs.ref/sky130_fd_sc_hd/maglef/sky130_fd_sc_hd__decap_6.mag.
The discovered version will be used.
Warning:  Parent cell lists instance of "sky130_fd_sc_hd__buf_8" at bad file path /home/hosni/My_forks/FINAL/caravel/openlane/mgmt_protect/runs/22_10_15_00_40/results/signoff/sky130_fd_sc_hd__buf_8.mag.
The cell exists in the search paths at /home/hosni/OL_LATEST/OpenLane/pdks/sky130A/libs.ref/sky130_fd_sc_hd/maglef/sky130_fd_sc_hd__buf_8.mag.
The discovered version will be used.
Warning:  Parent cell lists instance of "sky130_fd_sc_hd__decap_8" at bad file path /home/hosni/My_forks/FINAL/caravel/openlane/mgmt_protect/runs/22_10_15_00_40/results/signoff/sky130_fd_sc_hd__decap_8.mag.
The cell exists in the search paths at /home/hosni/OL_LATEST/OpenLane/pdks/sky130A/libs.ref/sky130_fd_sc_hd/maglef/sky130_fd_sc_hd__decap_8.mag.
The discovered version will be used.
Warning:  Parent cell lists instance of "sky130_fd_sc_hd__clkbuf_4" at bad file path /home/hosni/My_forks/FINAL/caravel/openlane/mgmt_protect/runs/22_10_15_00_40/results/signoff/sky130_fd_sc_hd__clkbuf_4.mag.
The cell exists in the search paths at /home/hosni/OL_LATEST/OpenLane/pdks/sky130A/libs.ref/sky130_fd_sc_hd/maglef/sky130_fd_sc_hd__clkbuf_4.mag.
The discovered version will be used.
Warning:  Parent cell lists instance of "sky130_fd_sc_hd__fill_2" at bad file path /home/hosni/My_forks/FINAL/caravel/openlane/mgmt_protect/runs/22_10_15_00_40/results/signoff/sky130_fd_sc_hd__fill_2.mag.
The cell exists in the search paths at /home/hosni/OL_LATEST/OpenLane/pdks/sky130A/libs.ref/sky130_fd_sc_hd/maglef/sky130_fd_sc_hd__fill_2.mag.
The discovered version will be used.
Warning:  Parent cell lists instance of "sky130_fd_sc_hd__diode_2" at bad file path /home/hosni/My_forks/FINAL/caravel/openlane/mgmt_protect/runs/22_10_15_00_40/results/signoff/sky130_fd_sc_hd__diode_2.mag.
The cell exists in the search paths at /home/hosni/OL_LATEST/OpenLane/pdks/sky130A/libs.ref/sky130_fd_sc_hd/maglef/sky130_fd_sc_hd__diode_2.mag.
The discovered version will be used.
Warning:  Parent cell lists instance of "sky130_fd_sc_hd__buf_4" at bad file path /home/hosni/My_forks/FINAL/caravel/openlane/mgmt_protect/runs/22_10_15_00_40/results/signoff/sky130_fd_sc_hd__buf_4.mag.
The cell exists in the search paths at /home/hosni/OL_LATEST/OpenLane/pdks/sky130A/libs.ref/sky130_fd_sc_hd/maglef/sky130_fd_sc_hd__buf_4.mag.
The discovered version will be used.
Warning:  Parent cell lists instance of "sky130_fd_sc_hd__inv_2" at bad file path /home/hosni/My_forks/FINAL/caravel/openlane/mgmt_protect/runs/22_10_15_00_40/results/signoff/sky130_fd_sc_hd__inv_2.mag.
The cell exists in the search paths at /home/hosni/OL_LATEST/OpenLane/pdks/sky130A/libs.ref/sky130_fd_sc_hd/maglef/sky130_fd_sc_hd__inv_2.mag.
The discovered version will be used.
Warning:  Parent cell lists instance of "sky130_fd_sc_hd__buf_6" at bad file path /home/hosni/My_forks/FINAL/caravel/openlane/mgmt_protect/runs/22_10_15_00_40/results/signoff/sky130_fd_sc_hd__buf_6.mag.
The cell exists in the search paths at /home/hosni/OL_LATEST/OpenLane/pdks/sky130A/libs.ref/sky130_fd_sc_hd/maglef/sky130_fd_sc_hd__buf_6.mag.
The discovered version will be used.
Warning:  Parent cell lists instance of "sky130_fd_sc_hd__nand2_2" at bad file path /home/hosni/My_forks/FINAL/caravel/openlane/mgmt_protect/runs/22_10_15_00_40/results/signoff/sky130_fd_sc_hd__nand2_2.mag.
The cell exists in the search paths at /home/hosni/OL_LATEST/OpenLane/pdks/sky130A/libs.ref/sky130_fd_sc_hd/maglef/sky130_fd_sc_hd__nand2_2.mag.
The discovered version will be used.
Warning:  Parent cell lists instance of "sky130_fd_sc_hd__and2_1" at bad file path /home/hosni/My_forks/FINAL/caravel/openlane/mgmt_protect/runs/22_10_15_00_40/results/signoff/sky130_fd_sc_hd__and2_1.mag.
The cell exists in the search paths at /home/hosni/OL_LATEST/OpenLane/pdks/sky130A/libs.ref/sky130_fd_sc_hd/maglef/sky130_fd_sc_hd__and2_1.mag.
The discovered version will be used.
Warning:  Parent cell lists instance of "sky130_fd_sc_hd__nand2_1" at bad file path /home/hosni/My_forks/FINAL/caravel/openlane/mgmt_protect/runs/22_10_15_00_40/results/signoff/sky130_fd_sc_hd__nand2_1.mag.
The cell exists in the search paths at /home/hosni/OL_LATEST/OpenLane/pdks/sky130A/libs.ref/sky130_fd_sc_hd/maglef/sky130_fd_sc_hd__nand2_1.mag.
The discovered version will be used.
Warning:  Parent cell lists instance of "sky130_fd_sc_hd__clkbuf_8" at bad file path /home/hosni/My_forks/FINAL/caravel/openlane/mgmt_protect/runs/22_10_15_00_40/results/signoff/sky130_fd_sc_hd__clkbuf_8.mag.
The cell exists in the search paths at /home/hosni/OL_LATEST/OpenLane/pdks/sky130A/libs.ref/sky130_fd_sc_hd/maglef/sky130_fd_sc_hd__clkbuf_8.mag.
The discovered version will be used.
Warning:  Parent cell lists instance of "sky130_fd_sc_hd__and2_4" at bad file path /home/hosni/My_forks/FINAL/caravel/openlane/mgmt_protect/runs/22_10_15_00_40/results/signoff/sky130_fd_sc_hd__and2_4.mag.
The cell exists in the search paths at /home/hosni/OL_LATEST/OpenLane/pdks/sky130A/libs.ref/sky130_fd_sc_hd/maglef/sky130_fd_sc_hd__and2_4.mag.
The discovered version will be used.
Warning:  Parent cell lists instance of "sky130_fd_sc_hd__and2_2" at bad file path /home/hosni/My_forks/FINAL/caravel/openlane/mgmt_protect/runs/22_10_15_00_40/results/signoff/sky130_fd_sc_hd__and2_2.mag.
The cell exists in the search paths at /home/hosni/OL_LATEST/OpenLane/pdks/sky130A/libs.ref/sky130_fd_sc_hd/maglef/sky130_fd_sc_hd__and2_2.mag.
The discovered version will be used.
Warning:  Parent cell lists instance of "sky130_fd_sc_hd__clkinv_2" at bad file path /home/hosni/My_forks/FINAL/caravel/openlane/mgmt_protect/runs/22_10_15_00_40/results/signoff/sky130_fd_sc_hd__clkinv_2.mag.
The cell exists in the search paths at /home/hosni/OL_LATEST/OpenLane/pdks/sky130A/libs.ref/sky130_fd_sc_hd/maglef/sky130_fd_sc_hd__clkinv_2.mag.
The discovered version will be used.
Warning:  Parent cell lists instance of "sky130_fd_sc_hd__and3b_4" at bad file path /home/hosni/My_forks/FINAL/caravel/openlane/mgmt_protect/runs/22_10_15_00_40/results/signoff/sky130_fd_sc_hd__and3b_4.mag.
The cell exists in the search paths at /home/hosni/OL_LATEST/OpenLane/pdks/sky130A/libs.ref/sky130_fd_sc_hd/maglef/sky130_fd_sc_hd__and3b_4.mag.
The discovered version will be used.
Warning:  Parent cell lists instance of "sky130_fd_sc_hd__clkinv_4" at bad file path /home/hosni/My_forks/FINAL/caravel/openlane/mgmt_protect/runs/22_10_15_00_40/results/signoff/sky130_fd_sc_hd__clkinv_4.mag.
The cell exists in the search paths at /home/hosni/OL_LATEST/OpenLane/pdks/sky130A/libs.ref/sky130_fd_sc_hd/maglef/sky130_fd_sc_hd__clkinv_4.mag.
The discovered version will be used.
Warning:  Parent cell lists instance of "sky130_fd_sc_hd__inv_4" at bad file path /home/hosni/My_forks/FINAL/caravel/openlane/mgmt_protect/runs/22_10_15_00_40/results/signoff/sky130_fd_sc_hd__inv_4.mag.
The cell exists in the search paths at /home/hosni/OL_LATEST/OpenLane/pdks/sky130A/libs.ref/sky130_fd_sc_hd/maglef/sky130_fd_sc_hd__inv_4.mag.
The discovered version will be used.
Warning:  Parent cell lists instance of "sky130_fd_sc_hd__and3b_2" at bad file path /home/hosni/My_forks/FINAL/caravel/openlane/mgmt_protect/runs/22_10_15_00_40/results/signoff/sky130_fd_sc_hd__and3b_2.mag.
The cell exists in the search paths at /home/hosni/OL_LATEST/OpenLane/pdks/sky130A/libs.ref/sky130_fd_sc_hd/maglef/sky130_fd_sc_hd__and3b_2.mag.
The discovered version will be used.
Warning:  Parent cell lists instance of "sky130_fd_sc_hd__and3b_1" at bad file path /home/hosni/My_forks/FINAL/caravel/openlane/mgmt_protect/runs/22_10_15_00_40/results/signoff/sky130_fd_sc_hd__and3b_1.mag.
The cell exists in the search paths at /home/hosni/OL_LATEST/OpenLane/pdks/sky130A/libs.ref/sky130_fd_sc_hd/maglef/sky130_fd_sc_hd__and3b_1.mag.
The discovered version will be used.
Warning:  Parent cell lists instance of "sky130_fd_sc_hd__nand2_4" at bad file path /home/hosni/My_forks/FINAL/caravel/openlane/mgmt_protect/runs/22_10_15_00_40/results/signoff/sky130_fd_sc_hd__nand2_4.mag.
The cell exists in the search paths at /home/hosni/OL_LATEST/OpenLane/pdks/sky130A/libs.ref/sky130_fd_sc_hd/maglef/sky130_fd_sc_hd__nand2_4.mag.
The discovered version will be used.
Warning:  Parent cell lists instance of "sky130_fd_sc_hd__nand2_8" at bad file path /home/hosni/My_forks/FINAL/caravel/openlane/mgmt_protect/runs/22_10_15_00_40/results/signoff/sky130_fd_sc_hd__nand2_8.mag.
The cell exists in the search paths at /home/hosni/OL_LATEST/OpenLane/pdks/sky130A/libs.ref/sky130_fd_sc_hd/maglef/sky130_fd_sc_hd__nand2_8.mag.
The discovered version will be used.
Warning:  Parent cell lists instance of "sky130_fd_sc_hd__and2b_2" at bad file path /home/hosni/My_forks/FINAL/caravel/openlane/mgmt_protect/runs/22_10_15_00_40/results/signoff/sky130_fd_sc_hd__and2b_2.mag.
The cell exists in the search paths at /home/hosni/OL_LATEST/OpenLane/pdks/sky130A/libs.ref/sky130_fd_sc_hd/maglef/sky130_fd_sc_hd__and2b_2.mag.
The discovered version will be used.
Diagnostic:  Scale value is 0.005000
[INFO]: LEF Write Complete
