OpenROAD 4174c3ad802d2ac1d04d387d2c4b883903f6647e 
This program is licensed under the BSD-3 license. See the LICENSE file for details.
Components of this program may be licensed under more restrictive licenses which must be honored.
Net mprj_logic1\[109\]
  _404_/B (sky130_fd_sc_hd__and3b_2)
    met3
    PAR:   87.60  Ratio:    0.00 (Area)
    PAR:  486.22* Ratio:  400.00 (S.Area)
    CAR:   99.05  Ratio:    0.00 (C.Area)
    CAR:  545.06  Ratio:    0.00 (C.S.Area)

    met2
    PAR:    2.61  Ratio:    0.00 (Area)
    PAR:   13.83  Ratio:  400.00 (S.Area)
    CAR:   11.46  Ratio:    0.00 (C.Area)
    CAR:   58.83  Ratio:    0.00 (C.S.Area)

    met1
    PAR:    8.84  Ratio:    0.00 (Area)
    PAR:   45.00  Ratio:  400.00 (S.Area)
    CAR:    8.84  Ratio:    0.00 (C.Area)
    CAR:   45.00  Ratio:    0.00 (C.S.Area)

    li1
    PAR:    0.00  Ratio:    0.00 (Area)
    PAR:    0.00  Ratio:   75.00 (S.Area)
    CAR:    0.00  Ratio:    0.00 (C.Area)
    CAR:    0.00  Ratio:    0.00 (C.S.Area)

    M2M3_PR
    PAR:    0.32  Ratio:    6.00 (Area)
    CAR:    0.73  Ratio:    0.00 (C.Area)

    M1M2_PR
    PAR:    0.18  Ratio:    6.00 (Area)
    CAR:    0.41  Ratio:    0.00 (C.Area)

    L1M1_PR
    PAR:    0.23  Ratio:    3.00 (Area)
    CAR:    0.23  Ratio:    0.00 (C.Area)


Net mprj_logic1\[237\]
  _532_/B (sky130_fd_sc_hd__and2_4)
    met3
    PAR:   77.07  Ratio:    0.00 (Area)
    PAR:  420.72* Ratio:  400.00 (S.Area)
    CAR:   82.85  Ratio:    0.00 (C.Area)
    CAR:  450.84  Ratio:    0.00 (C.S.Area)

    met2
    PAR:    5.18  Ratio:    0.00 (Area)
    PAR:   26.27  Ratio:  400.00 (S.Area)
    CAR:    5.79  Ratio:    0.00 (C.Area)
    CAR:   30.12  Ratio:    0.00 (C.S.Area)

    met1
    PAR:    0.61  Ratio:    0.00 (Area)
    PAR:    3.85  Ratio:  400.00 (S.Area)
    CAR:    0.61  Ratio:    0.00 (C.Area)
    CAR:    3.85  Ratio:    0.00 (C.S.Area)

    li1
    PAR:    0.00  Ratio:    0.00 (Area)
    PAR:    0.00  Ratio:   75.00 (S.Area)
    CAR:    0.00  Ratio:    0.00 (C.Area)
    CAR:    0.00  Ratio:    0.00 (C.S.Area)

    M2M3_PR
    PAR:    0.16  Ratio:    6.00 (Area)
    CAR:    0.37  Ratio:    0.00 (C.Area)

    M1M2_PR
    PAR:    0.09  Ratio:    6.00 (Area)
    CAR:    0.21  Ratio:    0.00 (C.Area)

    L1M1_PR
    PAR:    0.12  Ratio:    3.00 (Area)
    CAR:    0.12  Ratio:    0.00 (C.Area)


Net mprj_logic1\[30\]
  _325_/A (sky130_fd_sc_hd__and2_1)
    met3
    PAR:   91.62  Ratio:    0.00 (Area)
    PAR:  492.44* Ratio:  400.00 (S.Area)
    CAR:  104.52  Ratio:    0.00 (C.Area)
    CAR:  559.28  Ratio:    0.00 (C.S.Area)

    met2
    PAR:   12.90  Ratio:    0.00 (Area)
    PAR:   66.83  Ratio:  400.00 (S.Area)
    CAR:   12.90  Ratio:    0.00 (C.Area)
    CAR:   66.83  Ratio:    0.00 (C.S.Area)

    met1
    PAR:    0.00  Ratio:    0.00 (Area)
    PAR:    0.00  Ratio:  400.00 (S.Area)
    CAR:    0.00  Ratio:    0.00 (C.Area)
    CAR:    0.00  Ratio:    0.00 (C.S.Area)

    li1
    PAR:    0.00  Ratio:    0.00 (Area)
    PAR:    0.00  Ratio:   75.00 (S.Area)
    CAR:    0.00  Ratio:    0.00 (C.Area)
    CAR:    0.00  Ratio:    0.00 (C.S.Area)

    M2M3_PR
    PAR:    0.32  Ratio:    6.00 (Area)
    CAR:    0.73  Ratio:    0.00 (C.Area)

    M1M2_PR
    PAR:    0.18  Ratio:    6.00 (Area)
    CAR:    0.41  Ratio:    0.00 (C.Area)

    L1M1_PR
    PAR:    0.23  Ratio:    3.00 (Area)
    CAR:    0.23  Ratio:    0.00 (C.Area)


Net mprj_logic1\[396\]
  _229_/A (sky130_fd_sc_hd__and2_2)
    met3
    PAR:  630.29  Ratio:    0.00 (Area)
    PAR: 3399.62* Ratio: 2773.88 (S.Area)
    CAR:  695.76  Ratio:    0.00 (C.Area)
    CAR: 3728.56  Ratio:    0.00 (C.S.Area)

    met2
    PAR:   65.48  Ratio:    0.00 (Area)
    PAR:  328.94  Ratio: 2773.88 (S.Area)
    CAR:   65.48  Ratio:    0.00 (C.Area)
    CAR:  328.94  Ratio:    0.00 (C.S.Area)

    met1
    PAR:    0.00  Ratio:    0.00 (Area)
    PAR:    0.00  Ratio:  400.00 (S.Area)
    CAR:    0.00  Ratio:    0.00 (C.Area)
    CAR:    0.00  Ratio:    0.00 (C.S.Area)

    li1
    PAR:    0.00  Ratio:    0.00 (Area)
    PAR:    0.00  Ratio:   75.00 (S.Area)
    CAR:    0.00  Ratio:    0.00 (C.Area)
    CAR:    0.00  Ratio:    0.00 (C.S.Area)

    M2M3_PR
    PAR:    0.32  Ratio:    6.00 (Area)
    CAR:    0.73  Ratio:    0.00 (C.Area)

    M1M2_PR
    PAR:    0.18  Ratio:    6.00 (Area)
    CAR:    0.41  Ratio:    0.00 (C.Area)

    L1M1_PR
    PAR:    0.23  Ratio:    3.00 (Area)
    CAR:    0.23  Ratio:    0.00 (C.Area)


Net net160
  _288_/B (sky130_fd_sc_hd__and2_2)
    met3
    PAR:  119.33  Ratio:    0.00 (Area)
    PAR:  647.87  Ratio: 3130.28 (S.Area)
    CAR:  223.99  Ratio:    0.00 (C.Area)
    CAR: 1175.04  Ratio:    0.00 (C.S.Area)

    met2
    PAR:    4.28  Ratio:    0.00 (Area)
    PAR:   22.94  Ratio: 2773.88 (S.Area)
    CAR:  104.66  Ratio:    0.00 (C.Area)
    CAR:  527.17  Ratio:    0.00 (C.S.Area)

    met1
    PAR:  100.38  Ratio:    0.00 (Area)
    PAR:  504.22* Ratio:  400.00 (S.Area)
    CAR:  100.38  Ratio:    0.00 (C.Area)
    CAR:  504.22  Ratio:    0.00 (C.S.Area)

    li1
    PAR:    0.00  Ratio:    0.00 (Area)
    PAR:    0.00  Ratio:   75.00 (S.Area)
    CAR:    0.00  Ratio:    0.00 (C.Area)
    CAR:    0.00  Ratio:    0.00 (C.S.Area)

    M2M3_PR
    PAR:    0.32  Ratio:    6.00 (Area)
    CAR:    0.90  Ratio:    0.00 (C.Area)

    M1M2_PR
    PAR:    0.36  Ratio:    6.00 (Area)
    CAR:    0.59  Ratio:    0.00 (C.Area)

    L1M1_PR
    PAR:    0.23  Ratio:    3.00 (Area)
    CAR:    0.23  Ratio:    0.00 (C.Area)


Net net1844
  _292_/A (sky130_fd_sc_hd__and2_1)
    met2
    PAR:    5.22  Ratio:    0.00 (Area)
    PAR:   27.67  Ratio: 3308.48 (S.Area)
    CAR:  332.02  Ratio:    0.00 (C.Area)
    CAR: 1664.00  Ratio:    0.00 (C.S.Area)

    met1
    PAR:  326.80  Ratio:    0.00 (Area)
    PAR: 1636.33* Ratio:  400.00 (S.Area)
    CAR:  326.80  Ratio:    0.00 (C.Area)
    CAR: 1636.33  Ratio:    0.00 (C.S.Area)

    li1
    PAR:    0.00  Ratio:    0.00 (Area)
    PAR:    0.00  Ratio:   75.00 (S.Area)
    CAR:    0.00  Ratio:    0.00 (C.Area)
    CAR:    0.00  Ratio:    0.00 (C.S.Area)

    M1M2_PR
    PAR:    0.36  Ratio:    6.00 (Area)
    CAR:    0.59  Ratio:    0.00 (C.Area)

    L1M1_PR
    PAR:    0.23  Ratio:    3.00 (Area)
    CAR:    0.23  Ratio:    0.00 (C.Area)


Net net1995
  _623_/B (sky130_fd_sc_hd__and2_2)
    met3
    PAR:  726.10  Ratio:    0.00 (Area)
    PAR: 3925.84* Ratio: 3308.48 (S.Area)
    CAR:  733.06  Ratio:    0.00 (C.Area)
    CAR: 3964.56  Ratio:    0.00 (C.S.Area)

    met2
    PAR:    1.48  Ratio:    0.00 (Area)
    PAR:    8.17  Ratio: 2773.88 (S.Area)
    CAR:    6.97  Ratio:    0.00 (C.Area)
    CAR:   38.72  Ratio:    0.00 (C.S.Area)

    met1
    PAR:    5.49  Ratio:    0.00 (Area)
    PAR:   30.56  Ratio: 2773.88 (S.Area)
    CAR:    5.49  Ratio:    0.00 (C.Area)
    CAR:   30.56  Ratio:    0.00 (C.S.Area)

    li1
    PAR:    0.00  Ratio:    0.00 (Area)
    PAR:    0.00  Ratio:   75.00 (S.Area)
    CAR:    0.00  Ratio:    0.00 (C.Area)
    CAR:    0.00  Ratio:    0.00 (C.S.Area)

    M2M3_PR
    PAR:    0.32  Ratio:    6.00 (Area)
    CAR:    0.73  Ratio:    0.00 (C.Area)

    M1M2_PR
    PAR:    0.18  Ratio:    6.00 (Area)
    CAR:    0.41  Ratio:    0.00 (C.Area)

    L1M1_PR
    PAR:    0.23  Ratio:    3.00 (Area)
    CAR:    0.23  Ratio:    0.00 (C.Area)


Net net2029
  _612_/B (sky130_fd_sc_hd__and2_4)
    met2
    PAR:   14.11  Ratio:    0.00 (Area)
    PAR:   73.71  Ratio: 3308.48 (S.Area)
    CAR:  150.49  Ratio:    0.00 (C.Area)
    CAR:  762.73  Ratio:    0.00 (C.S.Area)

    met1
    PAR:  136.38  Ratio:    0.00 (Area)
    PAR:  689.03* Ratio:  400.00 (S.Area)
    CAR:  136.38  Ratio:    0.00 (C.Area)
    CAR:  689.03  Ratio:    0.00 (C.S.Area)

    li1
    PAR:    0.00  Ratio:    0.00 (Area)
    PAR:    0.00  Ratio:   75.00 (S.Area)
    CAR:    0.00  Ratio:    0.00 (C.Area)
    CAR:    0.00  Ratio:    0.00 (C.S.Area)

    M1M2_PR
    PAR:    0.18  Ratio:    6.00 (Area)
    CAR:    0.30  Ratio:    0.00 (C.Area)

    L1M1_PR
    PAR:    0.12  Ratio:    3.00 (Area)
    CAR:    0.12  Ratio:    0.00 (C.Area)


Net net2044
  wire2043/A (sky130_fd_sc_hd__buf_6)
    met2
    PAR:    6.13  Ratio:    0.00 (Area)
    PAR:   31.65  Ratio: 3308.48 (S.Area)
    CAR:   92.29  Ratio:    0.00 (C.Area)
    CAR:  465.39  Ratio:    0.00 (C.S.Area)

    met1
    PAR:   86.16  Ratio:    0.00 (Area)
    PAR:  433.75* Ratio:  400.00 (S.Area)
    CAR:   86.16  Ratio:    0.00 (C.Area)
    CAR:  433.75  Ratio:    0.00 (C.S.Area)

    li1
    PAR:    0.00  Ratio:    0.00 (Area)
    PAR:    0.00  Ratio:   75.00 (S.Area)
    CAR:    0.00  Ratio:    0.00 (C.Area)
    CAR:    0.00  Ratio:    0.00 (C.S.Area)

    M1M2_PR
    PAR:    0.09  Ratio:    6.00 (Area)
    CAR:    0.15  Ratio:    0.00 (C.Area)

    L1M1_PR
    PAR:    0.06  Ratio:    3.00 (Area)
    CAR:    0.06  Ratio:    0.00 (C.Area)


Net net2163
  _499_/B (sky130_fd_sc_hd__and2_4)
    met3
    PAR:   45.41  Ratio:    0.00 (Area)
    PAR:  247.98  Ratio: 3308.48 (S.Area)
    CAR:  138.78  Ratio:    0.00 (C.Area)
    CAR:  718.02  Ratio:    0.00 (C.S.Area)

    met2
    PAR:    9.03  Ratio:    0.00 (Area)
    PAR:   47.15  Ratio: 2773.88 (S.Area)
    CAR:   93.37  Ratio:    0.00 (C.Area)
    CAR:  470.03  Ratio:    0.00 (C.S.Area)

    met1
    PAR:   84.34  Ratio:    0.00 (Area)
    PAR:  422.88* Ratio:  400.00 (S.Area)
    CAR:   84.34  Ratio:    0.00 (C.Area)
    CAR:  422.88  Ratio:    0.00 (C.S.Area)

    li1
    PAR:    0.00  Ratio:    0.00 (Area)
    PAR:    0.00  Ratio:   75.00 (S.Area)
    CAR:    0.00  Ratio:    0.00 (C.Area)
    CAR:    0.00  Ratio:    0.00 (C.S.Area)

    M2M3_PR
    PAR:    0.16  Ratio:    6.00 (Area)
    CAR:    0.46  Ratio:    0.00 (C.Area)

    M1M2_PR
    PAR:    0.18  Ratio:    6.00 (Area)
    CAR:    0.30  Ratio:    0.00 (C.Area)

    L1M1_PR
    PAR:    0.12  Ratio:    3.00 (Area)
    CAR:    0.12  Ratio:    0.00 (C.Area)


[INFO ANT-0002] Found 10 net violations.
[INFO ANT-0001] Found 10 pin violations.
