Information: Setting timing_save_pin_arrival_and_slack to TRUE and updating timing. (PTE-076)
Information: It is recommended that the variable timing_save_pin_arrival_and_slack be set before the initial timing update for optimal performance of this command. (PTE-077)
****************************************
Report : si_bottleneck
	-cost_type delta_delay
	-slack_lesser_than 10
	-all_nets
	-significant_digits 4
	-nosplit
	-minimum_active_aggressors 1
	-min
	-max
Design : caravel_clocking
Version: T-2022.03-SP3
Date   : Sun Mar 26 04:32:41 2023
****************************************

 Bottleneck Cost:  delta_delay
 net                                                         cost
 ---------------------------------------------------------------------
 _132_                                                         0.0243
 _201_                                                         0.0222
 _107_                                                         0.0212
 _138_                                                         0.0201
 _094_                                                         0.0184
 _161_                                                         0.0163
 _091_                                                         0.0156
 _146_                                                         0.0155
 _092_                                                         0.0151
 _167_                                                         0.0141
 _199_                                                         0.0138
 _157_                                                         0.0129
 _185_                                                         0.0128
 _032_                                                         0.0127
 _108_                                                         0.0127
 _139_                                                         0.0125
 _109_                                                         0.0113
 _030_                                                         0.0111
 _035_                                                         0.0109
 _179_                                                         0.0106
 _137_                                                         0.0105
 divider2.even_0.N[1]                                          0.0102
 _196_                                                         0.0096
 _061_                                                         0.0092
 divider2.even_0.N[0]                                          0.0092
 _129_                                                         0.0092
 _098_                                                         0.0091
 _159_                                                         0.0090
 divider2.odd_0.initial_begin[2]                               0.0089
 _177_                                                         0.0089
 _073_                                                         0.0083
 _133_                                                         0.0082
 divider2.odd_0.initial_begin[1]                               0.0080
 _053_                                                         0.0079
 _130_                                                         0.0072
 _001_                                                         0.0072
 _173_                                                         0.0070
 _113_                                                         0.0068
 _003_                                                         0.0068
 _093_                                                         0.0067
 _028_                                                         0.0064
 _148_                                                         0.0062
 divider.syncNp[0]                                             0.0059
 divider2.odd_0.initial_begin[0]                               0.0058
 _065_                                                         0.0058
 _018_                                                         0.0057
 _202_                                                         0.0055
 divider.odd_0.initial_begin[1]                                0.0053
 _140_                                                         0.0053
 _078_                                                         0.0053
 _062_                                                         0.0051
 _120_                                                         0.0051
 divider2.odd_0.counter2[2]                                    0.0049
 _181_                                                         0.0049
 _191_                                                         0.0049
 _198_                                                         0.0049
 _176_                                                         0.0048
 divider2.even_0.counter[2]                                    0.0045
 divider.even_0.counter[1]                                     0.0043
 _142_                                                         0.0043
 _186_                                                         0.0043
 _121_                                                         0.0042
 _155_                                                         0.0042
 _135_                                                         0.0041
 _189_                                                         0.0041
 divider2.odd_0.counter[2]                                     0.0039
 _042_                                                         0.0037
 divider.even_0.N[1]                                           0.0037
 _143_                                                         0.0037
 _010_                                                         0.0036
 _014_                                                         0.0034
 _178_                                                         0.0034
 divider.odd_0.counter2[0]                                     0.0034
 _195_                                                         0.0033
 _012_                                                         0.0032
 divider.even_0.N[2]                                           0.0032
 divider2.odd_0.counter2[0]                                    0.0032
 _057_                                                         0.0032
 _174_                                                         0.0032
 _151_                                                         0.0031
 net20                                                         0.0031
 _163_                                                         0.0030
 _168_                                                         0.0029
 net14                                                         0.0029
 _170_                                                         0.0028
 _160_                                                         0.0027
 _099_                                                         0.0027
 _188_                                                         0.0026
 net17                                                         0.0026
 _077_                                                         0.0026
 _182_                                                         0.0026
 _190_                                                         0.0025
 divider2.even_0.counter[0]                                    0.0025
 _200_                                                         0.0025
 _095_                                                         0.0024
 _192_                                                         0.0023
 _066_                                                         0.0023
 _004_                                                         0.0023
 _074_                                                         0.0023
 _022_                                                         0.0023
 _144_                                                         0.0023
 divider.even_0.counter[0]                                     0.0022
 divider.odd_0.initial_begin[2]                                0.0022
 _006_                                                         0.0022
 _119_                                                         0.0021
 _011_                                                         0.0021
 _105_                                                         0.0020
 _197_                                                         0.0020
 _103_                                                         0.0019
 _043_                                                         0.0017
 _090_                                                         0.0017
 _166_                                                         0.0017
 _023_                                                         0.0016
 _194_                                                         0.0016
 _050_                                                         0.0016
 _150_                                                         0.0016
 _136_                                                         0.0015
 _058_                                                         0.0015
 _052_                                                         0.0014
 _193_                                                         0.0014
 _164_                                                         0.0014
 _000_                                                         0.0013
 _169_                                                         0.0013
 _017_                                                         0.0013
 reset_delay[1]                                                0.0013
 _072_                                                         0.0013
 _021_                                                         0.0012
 _046_                                                         0.0012
 _009_                                                         0.0011
 _106_                                                         0.0011
 _111_                                                         0.0011
 _097_                                                         0.0011
 net25                                                         0.0011
 _175_                                                         0.0011
 _131_                                                         0.0010
 net12                                                         0.0010
 _075_                                                         0.0010
 _100_                                                         0.0010
 divider.odd_0.old_N[1]                                        0.0009
 _156_                                                         0.0009
 _134_                                                         0.0009
 _180_                                                         0.0008
 _054_                                                         0.0008
 _059_                                                         0.0008
 _016_                                                         0.0008
 _115_                                                         0.0008
 _125_                                                         0.0008
 _096_                                                         0.0007
 reset_delay[0]                                                0.0007
 _069_                                                         0.0006
 _124_                                                         0.0006
 _039_                                                         0.0005
 divider2.even_0.N[2]                                          0.0003
 net21                                                         0.0002
 _071_                                                         0.0001
 divider.odd_0.rst_pulse                                       0.0001
 net22                                                        -0.0000
 _122_                                                        -0.0000
 divider2.odd_0.counter[0]                                    -0.0000
 divider2.odd_0.counter2[1]                                   -0.0000
 _116_                                                        -0.0000
 _141_                                                         0.0000
 _126_                                                        -0.0000
 divider2.even_0.counter[1]                                   -0.0000
 _112_                                                        -0.0000
 _068_                                                        -0.0000
 _063_                                                        -0.0000
 _048_                                                        -0.0000
 divider.odd_0.initial_begin[0]                               -0.0000
 divider.even_0.counter[2]                                    -0.0000
 _102_                                                        -0.0000
 _101_                                                        -0.0000
 net47                                                        -0.0000
 net46                                                         0.0000
 use_pll_first                                                 0.0000
 _019_                                                        -0.0000
 net44                                                         0.0000
 net43                                                         0.0000
 _002_                                                        -0.0000
 net42                                                        -0.0000
 reset_delay[2]                                                0.0000
 _020_                                                         0.0000
 divider.odd_0.counter[2]                                      0.0000
 net19                                                        -0.0000
 _024_                                                        -0.0000
 _187_                                                        -0.0000
 net18                                                        -0.0000
 divider2.syncNp[1]                                            0.0000
 divider.syncNp[2]                                            -0.0000
 net16                                                        -0.0000
 net15                                                        -0.0000
 divider2.syncNp[0]                                            0.0000
 _145_                                                        -0.0000
 divider2.odd_0.out_counter2                                  -0.0000
 divider.syncNp[1]                                            -0.0000
 divider.odd_0.counter[1]                                      0.0000
 divider2.odd_0.old_N[2]                                      -0.0000
 divider2.odd_0.old_N[1]                                       0.0000
 _076_                                                        -0.0000
 _070_                                                        -0.0000
 _162_                                                        -0.0000
 divider2.odd_0.old_N[0]                                      -0.0000
 _033_                                                        -0.0000
 _029_                                                        -0.0000
 _025_                                                         0.0000
 _158_                                                        -0.0000
 _154_                                                        -0.0000
 divider.odd_0.out_counter                                    -0.0000
 _015_                                                        -0.0000
 _007_                                                        -0.0000
 _005_                                                        -0.0000
 _147_                                                        -0.0000
 divider2.odd_0.counter[1]                                    -0.0000
 divider.odd_0.old_N[2]                                       -0.0000
 divider.odd_0.counter2[2]                                    -0.0000
 divider.odd_0.counter2[1]                                     0.0000
 divider.even_0.N[0]                                          -0.0000

1
