****************************************
Report : constraint
	-all_violators
	-path slack_only
Design : caravel_clocking
Version: T-2022.03-SP3
Date   : Sun Mar 26 04:32:40 2023
****************************************



   min_delay/hold ('clock_gating_default' group)

   Endpoint                                                  Slack
   -----------------------------------------------------------------
   _307_/A1                                                -3.1415  (VIOLATED)
   _311_/A1                                                -3.1361  (VIOLATED)
   _311_/A3                                                -3.1310  (VIOLATED)
   _307_/A3                                                -3.1254  (VIOLATED)
   _304_/A_N                                               -3.0003  (VIOLATED)
   _308_/A_N                                               -2.9968  (VIOLATED)



   clock_gating_hold

   Endpoint                                                  Slack
   -----------------------------------------------------------------
   _307_/A1                                                -3.1415  (VIOLATED)
   _311_/A1                                                -3.1361  (VIOLATED)
   _311_/A3                                                -3.1310  (VIOLATED)
   _307_/A3                                                -3.1254  (VIOLATED)
   _304_/A_N                                               -3.0003  (VIOLATED)
   _308_/A_N                                               -2.9968  (VIOLATED)


1
