
Magic 8.3 revision 324 - Compiled on Thu Sep 15 11:38:02 UTC 2022.
Starting magic under Tcl interpreter
Using the terminal as the console.
Using NULL graphics device.
Processing system .magicrc file
Sourcing design .magicrc for technology sky130A ...
2 Magic internal units = 1 Lambda
Input style sky130(vendor): scaleFactor=2, multiplier=2
The following types are not handled by extraction and will be treated as non-electrical types:
    ubm 
Scaled tech values by 2 / 1 to match internal grid scaling
Loading sky130A Device Generator Menu ...
Using technology "sky130A", version 1.0.341-2-gde752ec
Warning: Calma reading is not undoable!  I hope that's OK.
Library written using GDS-II Release 3.0
Library name: buff_flash_clkrst
Reading "sky130_fd_sc_hd__clkbuf_8".
Reading "sky130_fd_sc_hd__decap_4".
Reading "sky130_fd_sc_hd__fill_1".
Reading "sky130_fd_sc_hd__decap_3".
Reading "sky130_fd_sc_hd__decap_8".
Reading "sky130_ef_sc_hd__decap_12".
Reading "sky130_fd_sc_hd__tapvpwrvgnd_1".
Reading "sky130_fd_sc_hd__fill_2".
Reading "buff_flash_clkrst".
[INFO]: Wrote /home/hosni/My_forks/FINAL/caravel/openlane/buff_flash_clkrst/runs/22_10_13_10_28/tmp/signoff/gds_ptrs.mag including GDS pointers.
