OpenROAD 4174c3ad802d2ac1d04d387d2c4b883903f6647e 
This program is licensed under the BSD-3 license. See the LICENSE file for details.
Components of this program may be licensed under more restrictive licenses which must be honored.
[WARNING STA-0357] virtual clock __VIRTUAL_CLK__ can not be propagated.
min_report

===========================================================================
report_checks -path_delay min (Hold)
============================================================================
Startpoint: in_w[2] (input port clocked by __VIRTUAL_CLK__)
Endpoint: out_e[2] (output port clocked by __VIRTUAL_CLK__)
Path Group: __VIRTUAL_CLK__
Path Type: min

Fanout     Cap    Slew   Delay    Time   Description
-----------------------------------------------------------------------------
                  0.00    0.00    0.00   clock __VIRTUAL_CLK__ (rise edge)
                          0.00    0.00   clock network delay (ideal)
                          1.60    1.60 v input external delay
                  0.02    0.01    1.61 v in_w[2] (in)
     2    0.01                           in_w[2] (net)
                  0.02    0.00    1.61 v BUF[2]/A (sky130_fd_sc_hd__clkbuf_8)
                  0.05    0.14    1.75 v BUF[2]/X (sky130_fd_sc_hd__clkbuf_8)
     1    0.03                           out_e[2] (net)
                  0.05    0.00    1.75 v out_e[2] (out)
                                  1.75   data arrival time

                  0.00    0.00    0.00   clock __VIRTUAL_CLK__ (rise edge)
                          0.00    0.00   clock network delay (ideal)
                          0.25    0.25   clock uncertainty
                          0.00    0.25   clock reconvergence pessimism
                         -1.60   -1.35   output external delay
                                 -1.35   data required time
-----------------------------------------------------------------------------
                                 -1.35   data required time
                                 -1.75   data arrival time
-----------------------------------------------------------------------------
                                  3.10   slack (MET)


Startpoint: in_e[2] (input port clocked by __VIRTUAL_CLK__)
Endpoint: out_w[2] (output port clocked by __VIRTUAL_CLK__)
Path Group: __VIRTUAL_CLK__
Path Type: min

Fanout     Cap    Slew   Delay    Time   Description
-----------------------------------------------------------------------------
                  0.00    0.00    0.00   clock __VIRTUAL_CLK__ (rise edge)
                          0.00    0.00   clock network delay (ideal)
                          1.60    1.60 v input external delay
                  0.02    0.01    1.61 v in_e[2] (in)
     2    0.01                           in_e[2] (net)
                  0.02    0.00    1.61 v BUF[5]/A (sky130_fd_sc_hd__clkbuf_8)
                  0.05    0.14    1.75 v BUF[5]/X (sky130_fd_sc_hd__clkbuf_8)
     1    0.03                           out_w[2] (net)
                  0.05    0.00    1.75 v out_w[2] (out)
                                  1.75   data arrival time

                  0.00    0.00    0.00   clock __VIRTUAL_CLK__ (rise edge)
                          0.00    0.00   clock network delay (ideal)
                          0.25    0.25   clock uncertainty
                          0.00    0.25   clock reconvergence pessimism
                         -1.60   -1.35   output external delay
                                 -1.35   data required time
-----------------------------------------------------------------------------
                                 -1.35   data required time
                                 -1.75   data arrival time
-----------------------------------------------------------------------------
                                  3.10   slack (MET)


Startpoint: in_e[5] (input port clocked by __VIRTUAL_CLK__)
Endpoint: out_w[5] (output port clocked by __VIRTUAL_CLK__)
Path Group: __VIRTUAL_CLK__
Path Type: min

Fanout     Cap    Slew   Delay    Time   Description
-----------------------------------------------------------------------------
                  0.00    0.00    0.00   clock __VIRTUAL_CLK__ (rise edge)
                          0.00    0.00   clock network delay (ideal)
                          1.60    1.60 v input external delay
                  0.02    0.01    1.61 v in_e[5] (in)
     2    0.01                           in_e[5] (net)
                  0.02    0.00    1.61 v BUF[8]/A (sky130_fd_sc_hd__clkbuf_8)
                  0.05    0.14    1.75 v BUF[8]/X (sky130_fd_sc_hd__clkbuf_8)
     1    0.03                           out_w[5] (net)
                  0.05    0.00    1.75 v out_w[5] (out)
                                  1.75   data arrival time

                  0.00    0.00    0.00   clock __VIRTUAL_CLK__ (rise edge)
                          0.00    0.00   clock network delay (ideal)
                          0.25    0.25   clock uncertainty
                          0.00    0.25   clock reconvergence pessimism
                         -1.60   -1.35   output external delay
                                 -1.35   data required time
-----------------------------------------------------------------------------
                                 -1.35   data required time
                                 -1.75   data arrival time
-----------------------------------------------------------------------------
                                  3.10   slack (MET)


Startpoint: in_e[3] (input port clocked by __VIRTUAL_CLK__)
Endpoint: out_w[3] (output port clocked by __VIRTUAL_CLK__)
Path Group: __VIRTUAL_CLK__
Path Type: min

Fanout     Cap    Slew   Delay    Time   Description
-----------------------------------------------------------------------------
                  0.00    0.00    0.00   clock __VIRTUAL_CLK__ (rise edge)
                          0.00    0.00   clock network delay (ideal)
                          1.60    1.60 v input external delay
                  0.02    0.01    1.61 v in_e[3] (in)
     2    0.01                           in_e[3] (net)
                  0.02    0.00    1.61 v BUF[6]/A (sky130_fd_sc_hd__clkbuf_8)
                  0.05    0.14    1.75 v BUF[6]/X (sky130_fd_sc_hd__clkbuf_8)
     1    0.03                           out_w[3] (net)
                  0.05    0.00    1.75 v out_w[3] (out)
                                  1.75   data arrival time

                  0.00    0.00    0.00   clock __VIRTUAL_CLK__ (rise edge)
                          0.00    0.00   clock network delay (ideal)
                          0.25    0.25   clock uncertainty
                          0.00    0.25   clock reconvergence pessimism
                         -1.60   -1.35   output external delay
                                 -1.35   data required time
-----------------------------------------------------------------------------
                                 -1.35   data required time
                                 -1.75   data arrival time
-----------------------------------------------------------------------------
                                  3.10   slack (MET)


Startpoint: in_e[10] (input port clocked by __VIRTUAL_CLK__)
Endpoint: out_w[10] (output port clocked by __VIRTUAL_CLK__)
Path Group: __VIRTUAL_CLK__
Path Type: min

Fanout     Cap    Slew   Delay    Time   Description
-----------------------------------------------------------------------------
                  0.00    0.00    0.00   clock __VIRTUAL_CLK__ (rise edge)
                          0.00    0.00   clock network delay (ideal)
                          1.60    1.60 v input external delay
                  0.02    0.01    1.61 v in_e[10] (in)
     2    0.01                           in_e[10] (net)
                  0.02    0.00    1.61 v BUF[13]/A (sky130_fd_sc_hd__clkbuf_8)
                  0.05    0.14    1.75 v BUF[13]/X (sky130_fd_sc_hd__clkbuf_8)
     1    0.03                           out_w[10] (net)
                  0.05    0.00    1.75 v out_w[10] (out)
                                  1.75   data arrival time

                  0.00    0.00    0.00   clock __VIRTUAL_CLK__ (rise edge)
                          0.00    0.00   clock network delay (ideal)
                          0.25    0.25   clock uncertainty
                          0.00    0.25   clock reconvergence pessimism
                         -1.60   -1.35   output external delay
                                 -1.35   data required time
-----------------------------------------------------------------------------
                                 -1.35   data required time
                                 -1.75   data arrival time
-----------------------------------------------------------------------------
                                  3.10   slack (MET)


min_report_end
max_report

===========================================================================
report_checks -path_delay max (Setup)
============================================================================
Startpoint: in_e[11] (input port clocked by __VIRTUAL_CLK__)
Endpoint: out_w[11] (output port clocked by __VIRTUAL_CLK__)
Path Group: __VIRTUAL_CLK__
Path Type: max

Fanout     Cap    Slew   Delay    Time   Description
-----------------------------------------------------------------------------
                  0.00    0.00    0.00   clock __VIRTUAL_CLK__ (rise edge)
                          0.00    0.00   clock network delay (ideal)
                          1.60    1.60 ^ input external delay
                  0.05    0.04    1.64 ^ in_e[11] (in)
     2    0.01                           in_e[11] (net)
                  0.05    0.00    1.64 ^ BUF[14]/A (sky130_fd_sc_hd__clkbuf_8)
                  0.07    0.16    1.80 ^ BUF[14]/X (sky130_fd_sc_hd__clkbuf_8)
     1    0.03                           out_w[11] (net)
                  0.07    0.00    1.80 ^ out_w[11] (out)
                                  1.80   data arrival time

                  0.00    8.00    8.00   clock __VIRTUAL_CLK__ (rise edge)
                          0.00    8.00   clock network delay (ideal)
                         -0.25    7.75   clock uncertainty
                          0.00    7.75   clock reconvergence pessimism
                         -1.60    6.15   output external delay
                                  6.15   data required time
-----------------------------------------------------------------------------
                                  6.15   data required time
                                 -1.80   data arrival time
-----------------------------------------------------------------------------
                                  4.35   slack (MET)


Startpoint: in_e[9] (input port clocked by __VIRTUAL_CLK__)
Endpoint: out_w[9] (output port clocked by __VIRTUAL_CLK__)
Path Group: __VIRTUAL_CLK__
Path Type: max

Fanout     Cap    Slew   Delay    Time   Description
-----------------------------------------------------------------------------
                  0.00    0.00    0.00   clock __VIRTUAL_CLK__ (rise edge)
                          0.00    0.00   clock network delay (ideal)
                          1.60    1.60 ^ input external delay
                  0.05    0.03    1.63 ^ in_e[9] (in)
     2    0.01                           in_e[9] (net)
                  0.05    0.00    1.63 ^ BUF[12]/A (sky130_fd_sc_hd__clkbuf_8)
                  0.07    0.16    1.79 ^ BUF[12]/X (sky130_fd_sc_hd__clkbuf_8)
     1    0.03                           out_w[9] (net)
                  0.07    0.00    1.79 ^ out_w[9] (out)
                                  1.79   data arrival time

                  0.00    8.00    8.00   clock __VIRTUAL_CLK__ (rise edge)
                          0.00    8.00   clock network delay (ideal)
                         -0.25    7.75   clock uncertainty
                          0.00    7.75   clock reconvergence pessimism
                         -1.60    6.15   output external delay
                                  6.15   data required time
-----------------------------------------------------------------------------
                                  6.15   data required time
                                 -1.79   data arrival time
-----------------------------------------------------------------------------
                                  4.36   slack (MET)


Startpoint: in_w[1] (input port clocked by __VIRTUAL_CLK__)
Endpoint: out_e[1] (output port clocked by __VIRTUAL_CLK__)
Path Group: __VIRTUAL_CLK__
Path Type: max

Fanout     Cap    Slew   Delay    Time   Description
-----------------------------------------------------------------------------
                  0.00    0.00    0.00   clock __VIRTUAL_CLK__ (rise edge)
                          0.00    0.00   clock network delay (ideal)
                          1.60    1.60 ^ input external delay
                  0.04    0.03    1.63 ^ in_w[1] (in)
     2    0.01                           in_w[1] (net)
                  0.04    0.00    1.63 ^ BUF[1]/A (sky130_fd_sc_hd__clkbuf_8)
                  0.07    0.16    1.79 ^ BUF[1]/X (sky130_fd_sc_hd__clkbuf_8)
     1    0.03                           out_e[1] (net)
                  0.07    0.00    1.79 ^ out_e[1] (out)
                                  1.79   data arrival time

                  0.00    8.00    8.00   clock __VIRTUAL_CLK__ (rise edge)
                          0.00    8.00   clock network delay (ideal)
                         -0.25    7.75   clock uncertainty
                          0.00    7.75   clock reconvergence pessimism
                         -1.60    6.15   output external delay
                                  6.15   data required time
-----------------------------------------------------------------------------
                                  6.15   data required time
                                 -1.79   data arrival time
-----------------------------------------------------------------------------
                                  4.36   slack (MET)


Startpoint: in_e[6] (input port clocked by __VIRTUAL_CLK__)
Endpoint: out_w[6] (output port clocked by __VIRTUAL_CLK__)
Path Group: __VIRTUAL_CLK__
Path Type: max

Fanout     Cap    Slew   Delay    Time   Description
-----------------------------------------------------------------------------
                  0.00    0.00    0.00   clock __VIRTUAL_CLK__ (rise edge)
                          0.00    0.00   clock network delay (ideal)
                          1.60    1.60 ^ input external delay
                  0.04    0.03    1.63 ^ in_e[6] (in)
     2    0.01                           in_e[6] (net)
                  0.04    0.00    1.63 ^ BUF[9]/A (sky130_fd_sc_hd__clkbuf_8)
                  0.07    0.16    1.78 ^ BUF[9]/X (sky130_fd_sc_hd__clkbuf_8)
     1    0.03                           out_w[6] (net)
                  0.07    0.00    1.78 ^ out_w[6] (out)
                                  1.78   data arrival time

                  0.00    8.00    8.00   clock __VIRTUAL_CLK__ (rise edge)
                          0.00    8.00   clock network delay (ideal)
                         -0.25    7.75   clock uncertainty
                          0.00    7.75   clock reconvergence pessimism
                         -1.60    6.15   output external delay
                                  6.15   data required time
-----------------------------------------------------------------------------
                                  6.15   data required time
                                 -1.78   data arrival time
-----------------------------------------------------------------------------
                                  4.37   slack (MET)


Startpoint: in_w[0] (input port clocked by __VIRTUAL_CLK__)
Endpoint: out_e[0] (output port clocked by __VIRTUAL_CLK__)
Path Group: __VIRTUAL_CLK__
Path Type: max

Fanout     Cap    Slew   Delay    Time   Description
-----------------------------------------------------------------------------
                  0.00    0.00    0.00   clock __VIRTUAL_CLK__ (rise edge)
                          0.00    0.00   clock network delay (ideal)
                          1.60    1.60 ^ input external delay
                  0.04    0.02    1.62 ^ in_w[0] (in)
     2    0.01                           in_w[0] (net)
                  0.04    0.00    1.62 ^ BUF[0]/A (sky130_fd_sc_hd__clkbuf_8)
                  0.08    0.16    1.78 ^ BUF[0]/X (sky130_fd_sc_hd__clkbuf_8)
     1    0.03                           out_e[0] (net)
                  0.08    0.00    1.78 ^ out_e[0] (out)
                                  1.78   data arrival time

                  0.00    8.00    8.00   clock __VIRTUAL_CLK__ (rise edge)
                          0.00    8.00   clock network delay (ideal)
                         -0.25    7.75   clock uncertainty
                          0.00    7.75   clock reconvergence pessimism
                         -1.60    6.15   output external delay
                                  6.15   data required time
-----------------------------------------------------------------------------
                                  6.15   data required time
                                 -1.78   data arrival time
-----------------------------------------------------------------------------
                                  4.37   slack (MET)


max_report_end
check_report

===========================================================================
report_checks -unconstrained
============================================================================
Startpoint: in_e[11] (input port clocked by __VIRTUAL_CLK__)
Endpoint: out_w[11] (output port clocked by __VIRTUAL_CLK__)
Path Group: __VIRTUAL_CLK__
Path Type: max

Fanout     Cap    Slew   Delay    Time   Description
-----------------------------------------------------------------------------
                  0.00    0.00    0.00   clock __VIRTUAL_CLK__ (rise edge)
                          0.00    0.00   clock network delay (ideal)
                          1.60    1.60 ^ input external delay
                  0.05    0.04    1.64 ^ in_e[11] (in)
     2    0.01                           in_e[11] (net)
                  0.05    0.00    1.64 ^ BUF[14]/A (sky130_fd_sc_hd__clkbuf_8)
                  0.07    0.16    1.80 ^ BUF[14]/X (sky130_fd_sc_hd__clkbuf_8)
     1    0.03                           out_w[11] (net)
                  0.07    0.00    1.80 ^ out_w[11] (out)
                                  1.80   data arrival time

                  0.00    8.00    8.00   clock __VIRTUAL_CLK__ (rise edge)
                          0.00    8.00   clock network delay (ideal)
                         -0.25    7.75   clock uncertainty
                          0.00    7.75   clock reconvergence pessimism
                         -1.60    6.15   output external delay
                                  6.15   data required time
-----------------------------------------------------------------------------
                                  6.15   data required time
                                 -1.80   data arrival time
-----------------------------------------------------------------------------
                                  4.35   slack (MET)



===========================================================================
report_checks --slack_max -0.01
============================================================================
No paths found.
check_report_end
check_slew

===========================================================================
 report_check_types -max_slew -max_cap -max_fanout -violators
============================================================================

===========================================================================
max slew violation count 0
max fanout violation count 0
max cap violation count 0
============================================================================
check_slew_end
tns_report

===========================================================================
 report_tns
============================================================================
tns 0.00
tns_report_end
wns_report

===========================================================================
 report_wns
============================================================================
wns 0.00
wns_report_end
worst_slack

===========================================================================
 report_worst_slack -max (Setup)
============================================================================
worst slack 4.35

===========================================================================
 report_worst_slack -min (Hold)
============================================================================
worst slack 3.10
worst_slack_end
power_report

===========================================================================
 report_power
============================================================================
Group                  Internal  Switching    Leakage      Total
                          Power      Power      Power      Power (Watts)
----------------------------------------------------------------
Sequential             0.00e+00   0.00e+00   0.00e+00   0.00e+00   0.0%
Combinational          8.49e-06   1.01e-05   2.31e-10   1.86e-05 100.0%
Macro                  0.00e+00   0.00e+00   0.00e+00   0.00e+00   0.0%
Pad                    0.00e+00   0.00e+00   0.00e+00   0.00e+00   0.0%
----------------------------------------------------------------
Total                  8.49e-06   1.01e-05   2.31e-10   1.86e-05 100.0%
                          45.5%      54.5%       0.0%
power_report_end
area_report

===========================================================================
 report_design_area
============================================================================
Design area 253 u^2 52% utilization.
area_report_end
Setting global connections for newly added cells...
[WARNING] Did not save OpenROAD database!
Writing SDF to /home/hosni/My_forks/marwan/caravel/openlane/buff_flash_clkrst/runs/22_10_15_06_27/results/routing/mca/process_corner_nom/buff_flash_clkrst.sdf...
Writing timing model to /home/hosni/My_forks/marwan/caravel/openlane/buff_flash_clkrst/runs/22_10_15_06_27/results/routing/mca/process_corner_nom/buff_flash_clkrst.lib...
