First Layout: /home/hosni/My_forks/FINAL/caravel/openlane/buff_flash_clkrst/runs/22_10_13_10_28/results/signoff/buff_flash_clkrst.gds
Second Layout: /home/hosni/My_forks/FINAL/caravel/openlane/buff_flash_clkrst/runs/22_10_13_10_28/results/signoff/buff_flash_clkrst.klayout.gds
Design Name: buff_flash_clkrst
Output GDS will be: /home/hosni/My_forks/FINAL/caravel/openlane/buff_flash_clkrst/runs/22_10_13_10_28/reports/signoff/buff_flash_clkrst.xor.xml
Reading /home/hosni/My_forks/FINAL/caravel/openlane/buff_flash_clkrst/runs/22_10_13_10_28/results/signoff/buff_flash_clkrst.gds ..
Reading /home/hosni/My_forks/FINAL/caravel/openlane/buff_flash_clkrst/runs/22_10_13_10_28/results/signoff/buff_flash_clkrst.klayout.gds ..
--- Running XOR for 10/0 ---
"input" in: xor.drc:38
    Polygons (raw): 0 (flat)  0 (hierarchical)
    Elapsed: 0.000s  Memory: 345.00M
"input" in: xor.drc:38
    Polygons (raw): 96 (flat)  4 (hierarchical)
    Elapsed: 0.010s  Memory: 345.00M
"^" in: xor.drc:38
    Polygons (raw): 96 (flat)  4 (hierarchical)
    Elapsed: 0.000s  Memory: 345.00M
XOR differences: 96
"output" in: xor.drc:40
    Polygons (raw): 96 (flat)  4 (hierarchical)
    Elapsed: 0.000s  Memory: 345.00M
--- Running XOR for 11/0 ---
"input" in: xor.drc:38
    Polygons (raw): 0 (flat)  0 (hierarchical)
    Elapsed: 0.000s  Memory: 345.00M
"input" in: xor.drc:38
    Polygons (raw): 32 (flat)  9 (hierarchical)
    Elapsed: 0.000s  Memory: 345.00M
"^" in: xor.drc:38
    Polygons (raw): 32 (flat)  9 (hierarchical)
    Elapsed: 0.000s  Memory: 345.00M
XOR differences: 32
"output" in: xor.drc:40
    Polygons (raw): 32 (flat)  9 (hierarchical)
    Elapsed: 0.000s  Memory: 345.00M
--- Running XOR for 11/1 ---
"input" in: xor.drc:38
    Polygons (raw): 0 (flat)  0 (hierarchical)
    Elapsed: 0.000s  Memory: 345.00M
"input" in: xor.drc:38
    Polygons (raw): 0 (flat)  0 (hierarchical)
    Elapsed: 0.000s  Memory: 345.00M
"^" in: xor.drc:38
    Polygons (raw): 0 (flat)  0 (hierarchical)
    Elapsed: 0.010s  Memory: 345.00M
XOR differences: 0
"output" in: xor.drc:40
    Polygons (raw): 0 (flat)  0 (hierarchical)
    Elapsed: 0.000s  Memory: 345.00M
--- Running XOR for 11/2 ---
"input" in: xor.drc:38
    Polygons (raw): 0 (flat)  0 (hierarchical)
    Elapsed: 0.000s  Memory: 345.00M
"input" in: xor.drc:38
    Polygons (raw): 8 (flat)  8 (hierarchical)
    Elapsed: 0.000s  Memory: 345.00M
"^" in: xor.drc:38
    Polygons (raw): 8 (flat)  8 (hierarchical)
    Elapsed: 0.000s  Memory: 345.00M
XOR differences: 8
"output" in: xor.drc:40
    Polygons (raw): 8 (flat)  8 (hierarchical)
    Elapsed: 0.000s  Memory: 345.00M
--- Running XOR for 122/16 ---
"input" in: xor.drc:38
    Polygons (raw): 66 (flat)  7 (hierarchical)
    Elapsed: 0.000s  Memory: 345.00M
"input" in: xor.drc:38
    Polygons (raw): 66 (flat)  7 (hierarchical)
    Elapsed: 0.010s  Memory: 345.00M
"^" in: xor.drc:38
    Polygons (raw): 0 (flat)  0 (hierarchical)
    Elapsed: 0.000s  Memory: 345.00M
XOR differences: 0
"output" in: xor.drc:40
    Polygons (raw): 0 (flat)  0 (hierarchical)
    Elapsed: 0.000s  Memory: 345.00M
--- Running XOR for 14/0 ---
"input" in: xor.drc:38
    Polygons (raw): 0 (flat)  0 (hierarchical)
    Elapsed: 0.000s  Memory: 345.00M
"input" in: xor.drc:38
    Polygons (raw): 1 (flat)  1 (hierarchical)
    Elapsed: 0.000s  Memory: 345.00M
"^" in: xor.drc:38
    Polygons (raw): 1 (flat)  1 (hierarchical)
    Elapsed: 0.000s  Memory: 345.00M
XOR differences: 1
"output" in: xor.drc:40
    Polygons (raw): 1 (flat)  1 (hierarchical)
    Elapsed: 0.000s  Memory: 345.00M
--- Running XOR for 235/4 ---
"input" in: xor.drc:38
    Polygons (raw): 1 (flat)  1 (hierarchical)
    Elapsed: 0.000s  Memory: 345.00M
"input" in: xor.drc:38
    Polygons (raw): 0 (flat)  0 (hierarchical)
    Elapsed: 0.000s  Memory: 345.00M
"^" in: xor.drc:38
    Polygons (raw): 1 (flat)  1 (hierarchical)
    Elapsed: 0.000s  Memory: 345.00M
XOR differences: 1
"output" in: xor.drc:40
    Polygons (raw): 1 (flat)  1 (hierarchical)
    Elapsed: 0.010s  Memory: 345.00M
--- Running XOR for 236/0 ---
"input" in: xor.drc:38
    Polygons (raw): 48 (flat)  5 (hierarchical)
    Elapsed: 0.000s  Memory: 345.00M
"input" in: xor.drc:38
    Polygons (raw): 48 (flat)  5 (hierarchical)
    Elapsed: 0.000s  Memory: 345.00M
"^" in: xor.drc:38
    Polygons (raw): 0 (flat)  0 (hierarchical)
    Elapsed: 0.000s  Memory: 345.00M
XOR differences: 0
"output" in: xor.drc:40
    Polygons (raw): 0 (flat)  0 (hierarchical)
    Elapsed: 0.000s  Memory: 345.00M
--- Running XOR for 3/0 ---
"input" in: xor.drc:38
    Polygons (raw): 0 (flat)  0 (hierarchical)
    Elapsed: 0.000s  Memory: 345.00M
"input" in: xor.drc:38
    Polygons (raw): 30 (flat)  1 (hierarchical)
    Elapsed: 0.000s  Memory: 345.00M
"^" in: xor.drc:38
    Polygons (raw): 30 (flat)  1 (hierarchical)
    Elapsed: 0.010s  Memory: 345.00M
XOR differences: 30
"output" in: xor.drc:40
    Polygons (raw): 30 (flat)  1 (hierarchical)
    Elapsed: 0.000s  Memory: 345.00M
--- Running XOR for 4/0 ---
"input" in: xor.drc:38
    Polygons (raw): 0 (flat)  0 (hierarchical)
    Elapsed: 0.000s  Memory: 345.00M
"input" in: xor.drc:38
    Polygons (raw): 30 (flat)  1 (hierarchical)
    Elapsed: 0.000s  Memory: 345.00M
"^" in: xor.drc:38
    Polygons (raw): 30 (flat)  1 (hierarchical)
    Elapsed: 0.000s  Memory: 345.00M
XOR differences: 30
"output" in: xor.drc:40
    Polygons (raw): 30 (flat)  1 (hierarchical)
    Elapsed: 0.000s  Memory: 345.00M
--- Running XOR for 5/0 ---
"input" in: xor.drc:38
    Polygons (raw): 0 (flat)  0 (hierarchical)
    Elapsed: 0.000s  Memory: 345.00M
"input" in: xor.drc:38
    Polygons (raw): 126 (flat)  45 (hierarchical)
    Elapsed: 0.000s  Memory: 345.00M
"^" in: xor.drc:38
    Polygons (raw): 126 (flat)  45 (hierarchical)
    Elapsed: 0.010s  Memory: 345.00M
XOR differences: 126
"output" in: xor.drc:40
    Polygons (raw): 126 (flat)  45 (hierarchical)
    Elapsed: 0.000s  Memory: 345.00M
--- Running XOR for 6/0 ---
"input" in: xor.drc:38
    Polygons (raw): 0 (flat)  0 (hierarchical)
    Elapsed: 0.000s  Memory: 345.00M
"input" in: xor.drc:38
    Polygons (raw): 150 (flat)  6 (hierarchical)
    Elapsed: 0.000s  Memory: 345.00M
"^" in: xor.drc:38
    Polygons (raw): 150 (flat)  6 (hierarchical)
    Elapsed: 0.000s  Memory: 345.00M
XOR differences: 150
"output" in: xor.drc:40
    Polygons (raw): 150 (flat)  6 (hierarchical)
    Elapsed: 0.000s  Memory: 345.00M
--- Running XOR for 64/16 ---
"input" in: xor.drc:38
    Polygons (raw): 66 (flat)  7 (hierarchical)
    Elapsed: 0.000s  Memory: 345.00M
"input" in: xor.drc:38
    Polygons (raw): 66 (flat)  7 (hierarchical)
    Elapsed: 0.010s  Memory: 345.00M
"^" in: xor.drc:38
    Polygons (raw): 0 (flat)  0 (hierarchical)
    Elapsed: 0.000s  Memory: 345.00M
XOR differences: 0
"output" in: xor.drc:40
    Polygons (raw): 0 (flat)  0 (hierarchical)
    Elapsed: 0.000s  Memory: 345.00M
--- Running XOR for 64/20 ---
"input" in: xor.drc:38
    Polygons (raw): 73 (flat)  8 (hierarchical)
    Elapsed: 0.000s  Memory: 345.00M
"input" in: xor.drc:38
    Polygons (raw): 73 (flat)  8 (hierarchical)
    Elapsed: 0.000s  Memory: 345.00M
"^" in: xor.drc:38
    Polygons (raw): 0 (flat)  0 (hierarchical)
    Elapsed: 0.000s  Memory: 345.00M
XOR differences: 0
"output" in: xor.drc:40
    Polygons (raw): 0 (flat)  0 (hierarchical)
    Elapsed: 0.000s  Memory: 345.00M
--- Running XOR for 64/5 ---
"input" in: xor.drc:38
    Polygons (raw): 0 (flat)  0 (hierarchical)
    Elapsed: 0.010s  Memory: 345.00M
"input" in: xor.drc:38
    Polygons (raw): 0 (flat)  0 (hierarchical)
    Elapsed: 0.000s  Memory: 345.00M
"^" in: xor.drc:38
    Polygons (raw): 0 (flat)  0 (hierarchical)
    Elapsed: 0.000s  Memory: 345.00M
XOR differences: 0
"output" in: xor.drc:40
    Polygons (raw): 0 (flat)  0 (hierarchical)
    Elapsed: 0.000s  Memory: 345.00M
--- Running XOR for 64/59 ---
"input" in: xor.drc:38
    Polygons (raw): 0 (flat)  0 (hierarchical)
    Elapsed: 0.000s  Memory: 345.00M
"input" in: xor.drc:38
    Polygons (raw): 0 (flat)  0 (hierarchical)
    Elapsed: 0.000s  Memory: 345.00M
"^" in: xor.drc:38
    Polygons (raw): 0 (flat)  0 (hierarchical)
    Elapsed: 0.000s  Memory: 345.00M
XOR differences: 0
"output" in: xor.drc:40
    Polygons (raw): 0 (flat)  0 (hierarchical)
    Elapsed: 0.010s  Memory: 345.00M
--- Running XOR for 65/20 ---
"input" in: xor.drc:38
    Polygons (raw): 96 (flat)  10 (hierarchical)
    Elapsed: 0.000s  Memory: 345.00M
"input" in: xor.drc:38
    Polygons (raw): 96 (flat)  10 (hierarchical)
    Elapsed: 0.000s  Memory: 345.00M
"^" in: xor.drc:38
    Polygons (raw): 0 (flat)  0 (hierarchical)
    Elapsed: 0.000s  Memory: 345.00M
XOR differences: 0
"output" in: xor.drc:40
    Polygons (raw): 0 (flat)  0 (hierarchical)
    Elapsed: 0.000s  Memory: 345.00M
--- Running XOR for 65/44 ---
"input" in: xor.drc:38
    Polygons (raw): 14 (flat)  2 (hierarchical)
    Elapsed: 0.000s  Memory: 345.00M
"input" in: xor.drc:38
    Polygons (raw): 14 (flat)  2 (hierarchical)
    Elapsed: 0.000s  Memory: 345.00M
"^" in: xor.drc:38
    Polygons (raw): 0 (flat)  0 (hierarchical)
    Elapsed: 0.010s  Memory: 345.00M
XOR differences: 0
"output" in: xor.drc:40
    Polygons (raw): 0 (flat)  0 (hierarchical)
    Elapsed: 0.000s  Memory: 345.00M
--- Running XOR for 66/20 ---
"input" in: xor.drc:38
    Polygons (raw): 96 (flat)  10 (hierarchical)
    Elapsed: 0.000s  Memory: 345.00M
"input" in: xor.drc:38
    Polygons (raw): 96 (flat)  10 (hierarchical)
    Elapsed: 0.000s  Memory: 345.00M
"^" in: xor.drc:38
    Polygons (raw): 0 (flat)  0 (hierarchical)
    Elapsed: 0.000s  Memory: 345.00M
XOR differences: 0
"output" in: xor.drc:40
    Polygons (raw): 0 (flat)  0 (hierarchical)
    Elapsed: 0.000s  Memory: 345.00M
--- Running XOR for 66/44 ---
"input" in: xor.drc:38
    Polygons (raw): 827 (flat)  73 (hierarchical)
    Elapsed: 0.010s  Memory: 345.00M
"input" in: xor.drc:38
    Polygons (raw): 827 (flat)  73 (hierarchical)
    Elapsed: 0.000s  Memory: 345.00M
"^" in: xor.drc:38
    Polygons (raw): 0 (flat)  0 (hierarchical)
    Elapsed: 0.000s  Memory: 345.00M
XOR differences: 0
"output" in: xor.drc:40
    Polygons (raw): 0 (flat)  0 (hierarchical)
    Elapsed: 0.000s  Memory: 345.00M
--- Running XOR for 67/16 ---
"input" in: xor.drc:38
    Polygons (raw): 120 (flat)  8 (hierarchical)
    Elapsed: 0.000s  Memory: 345.00M
"input" in: xor.drc:38
    Polygons (raw): 120 (flat)  8 (hierarchical)
    Elapsed: 0.000s  Memory: 345.00M
"^" in: xor.drc:38
    Polygons (raw): 0 (flat)  0 (hierarchical)
    Elapsed: 0.000s  Memory: 345.00M
XOR differences: 0
"output" in: xor.drc:40
    Polygons (raw): 0 (flat)  0 (hierarchical)
    Elapsed: 0.000s  Memory: 345.00M
--- Running XOR for 67/20 ---
"input" in: xor.drc:38
    Polygons (raw): 293 (flat)  57 (hierarchical)
    Elapsed: 0.000s  Memory: 345.00M
"input" in: xor.drc:38
    Polygons (raw): 263 (flat)  27 (hierarchical)
    Elapsed: 0.000s  Memory: 345.00M
"^" in: xor.drc:38
    Polygons (raw): 0 (flat)  0 (hierarchical)
    Elapsed: 0.010s  Memory: 345.00M
XOR differences: 0
"output" in: xor.drc:40
    Polygons (raw): 0 (flat)  0 (hierarchical)
    Elapsed: 0.000s  Memory: 345.00M
--- Running XOR for 67/44 ---
"input" in: xor.drc:38
    Polygons (raw): 810 (flat)  114 (hierarchical)
    Elapsed: 0.000s  Memory: 345.00M
"input" in: xor.drc:38
    Polygons (raw): 780 (flat)  84 (hierarchical)
    Elapsed: 0.000s  Memory: 345.00M
"^" in: xor.drc:38
    Polygons (raw): 30 (flat)  30 (hierarchical)
    Elapsed: 0.010s  Memory: 345.00M
XOR differences: 30
"output" in: xor.drc:40
    Polygons (raw): 30 (flat)  30 (hierarchical)
    Elapsed: 0.000s  Memory: 345.00M
--- Running XOR for 67/5 ---
"input" in: xor.drc:38
    Polygons (raw): 0 (flat)  0 (hierarchical)
    Elapsed: 0.000s  Memory: 345.00M
"input" in: xor.drc:38
    Polygons (raw): 0 (flat)  0 (hierarchical)
    Elapsed: 0.000s  Memory: 345.00M
"^" in: xor.drc:38
    Polygons (raw): 0 (flat)  0 (hierarchical)
    Elapsed: 0.000s  Memory: 345.00M
XOR differences: 0
"output" in: xor.drc:40
    Polygons (raw): 0 (flat)  0 (hierarchical)
    Elapsed: 0.000s  Memory: 345.00M
--- Running XOR for 68/16 ---
"input" in: xor.drc:38
    Polygons (raw): 146 (flat)  16 (hierarchical)
    Elapsed: 0.000s  Memory: 345.00M
"input" in: xor.drc:38
    Polygons (raw): 146 (flat)  16 (hierarchical)
    Elapsed: 0.010s  Memory: 345.00M
"^" in: xor.drc:38
    Polygons (raw): 0 (flat)  0 (hierarchical)
    Elapsed: 0.000s  Memory: 345.00M
XOR differences: 0
"output" in: xor.drc:40
    Polygons (raw): 0 (flat)  0 (hierarchical)
    Elapsed: 0.000s  Memory: 345.00M
--- Running XOR for 68/20 ---
"input" in: xor.drc:38
    Polygons (raw): 296 (flat)  166 (hierarchical)
    Elapsed: 0.000s  Memory: 345.00M
"input" in: xor.drc:38
    Polygons (raw): 146 (flat)  16 (hierarchical)
    Elapsed: 0.000s  Memory: 345.00M
"^" in: xor.drc:38
    Polygons (raw): 33 (flat)  33 (hierarchical)
    Elapsed: 0.000s  Memory: 345.00M
XOR differences: 33
"output" in: xor.drc:40
    Polygons (raw): 33 (flat)  33 (hierarchical)
    Elapsed: 0.000s  Memory: 345.00M
--- Running XOR for 68/44 ---
"input" in: xor.drc:38
    Polygons (raw): 150 (flat)  150 (hierarchical)
    Elapsed: 0.000s  Memory: 345.00M
"input" in: xor.drc:38
    Polygons (raw): 0 (flat)  0 (hierarchical)
    Elapsed: 0.000s  Memory: 345.00M
"^" in: xor.drc:38
    Polygons (raw): 150 (flat)  150 (hierarchical)
    Elapsed: 0.000s  Memory: 345.00M
XOR differences: 150
"output" in: xor.drc:40
    Polygons (raw): 150 (flat)  150 (hierarchical)
    Elapsed: 0.000s  Memory: 345.00M
--- Running XOR for 68/5 ---
"input" in: xor.drc:38
    Polygons (raw): 0 (flat)  0 (hierarchical)
    Elapsed: 0.000s  Memory: 345.00M
"input" in: xor.drc:38
    Polygons (raw): 0 (flat)  0 (hierarchical)
    Elapsed: 0.000s  Memory: 345.00M
"^" in: xor.drc:38
    Polygons (raw): 0 (flat)  0 (hierarchical)
    Elapsed: 0.010s  Memory: 345.00M
XOR differences: 0
"output" in: xor.drc:40
    Polygons (raw): 0 (flat)  0 (hierarchical)
    Elapsed: 0.000s  Memory: 345.00M
--- Running XOR for 69/16 ---
"input" in: xor.drc:38
    Polygons (raw): 30 (flat)  30 (hierarchical)
    Elapsed: 0.000s  Memory: 345.00M
"input" in: xor.drc:38
    Polygons (raw): 0 (flat)  0 (hierarchical)
    Elapsed: 0.000s  Memory: 345.00M
"^" in: xor.drc:38
    Polygons (raw): 30 (flat)  30 (hierarchical)
    Elapsed: 0.000s  Memory: 345.00M
XOR differences: 30
"output" in: xor.drc:40
    Polygons (raw): 30 (flat)  30 (hierarchical)
    Elapsed: 0.000s  Memory: 345.00M
--- Running XOR for 69/20 ---
"input" in: xor.drc:38
    Polygons (raw): 158 (flat)  158 (hierarchical)
    Elapsed: 0.000s  Memory: 345.00M
"input" in: xor.drc:38
    Polygons (raw): 0 (flat)  0 (hierarchical)
    Elapsed: 0.010s  Memory: 345.00M
"^" in: xor.drc:38
    Polygons (raw): 158 (flat)  158 (hierarchical)
    Elapsed: 0.000s  Memory: 345.00M
XOR differences: 158
"output" in: xor.drc:40
    Polygons (raw): 158 (flat)  158 (hierarchical)
    Elapsed: 0.000s  Memory: 345.00M
--- Running XOR for 69/44 ---
"input" in: xor.drc:38
    Polygons (raw): 96 (flat)  96 (hierarchical)
    Elapsed: 0.000s  Memory: 345.00M
"input" in: xor.drc:38
    Polygons (raw): 0 (flat)  0 (hierarchical)
    Elapsed: 0.000s  Memory: 345.00M
"^" in: xor.drc:38
    Polygons (raw): 96 (flat)  96 (hierarchical)
    Elapsed: 0.000s  Memory: 345.00M
XOR differences: 96
"output" in: xor.drc:40
    Polygons (raw): 96 (flat)  96 (hierarchical)
    Elapsed: 0.000s  Memory: 345.00M
--- Running XOR for 7/0 ---
"input" in: xor.drc:38
    Polygons (raw): 0 (flat)  0 (hierarchical)
    Elapsed: 0.000s  Memory: 345.00M
"input" in: xor.drc:38
    Polygons (raw): 165 (flat)  90 (hierarchical)
    Elapsed: 0.000s  Memory: 345.00M
"^" in: xor.drc:38
    Polygons (raw): 165 (flat)  90 (hierarchical)
    Elapsed: 0.000s  Memory: 345.00M
XOR differences: 165
"output" in: xor.drc:40
    Polygons (raw): 165 (flat)  90 (hierarchical)
    Elapsed: 0.000s  Memory: 345.00M
--- Running XOR for 7/1 ---
"input" in: xor.drc:38
    Polygons (raw): 0 (flat)  0 (hierarchical)
    Elapsed: 0.000s  Memory: 345.00M
"input" in: xor.drc:38
    Polygons (raw): 0 (flat)  0 (hierarchical)
    Elapsed: 0.000s  Memory: 345.00M
"^" in: xor.drc:38
    Polygons (raw): 0 (flat)  0 (hierarchical)
    Elapsed: 0.000s  Memory: 345.00M
XOR differences: 0
"output" in: xor.drc:40
    Polygons (raw): 0 (flat)  0 (hierarchical)
    Elapsed: 0.000s  Memory: 345.00M
--- Running XOR for 7/2 ---
"input" in: xor.drc:38
    Polygons (raw): 0 (flat)  0 (hierarchical)
    Elapsed: 0.010s  Memory: 345.00M
"input" in: xor.drc:38
    Polygons (raw): 30 (flat)  30 (hierarchical)
    Elapsed: 0.000s  Memory: 345.00M
"^" in: xor.drc:38
    Polygons (raw): 30 (flat)  30 (hierarchical)
    Elapsed: 0.000s  Memory: 345.00M
XOR differences: 30
"output" in: xor.drc:40
    Polygons (raw): 30 (flat)  30 (hierarchical)
    Elapsed: 0.000s  Memory: 345.00M
--- Running XOR for 70/20 ---
"input" in: xor.drc:38
    Polygons (raw): 24 (flat)  24 (hierarchical)
    Elapsed: 0.000s  Memory: 345.00M
"input" in: xor.drc:38
    Polygons (raw): 0 (flat)  0 (hierarchical)
    Elapsed: 0.000s  Memory: 345.00M
"^" in: xor.drc:38
    Polygons (raw): 24 (flat)  24 (hierarchical)
    Elapsed: 0.000s  Memory: 345.00M
XOR differences: 24
"output" in: xor.drc:40
    Polygons (raw): 24 (flat)  24 (hierarchical)
    Elapsed: 0.010s  Memory: 345.00M
--- Running XOR for 70/44 ---
"input" in: xor.drc:38
    Polygons (raw): 96 (flat)  96 (hierarchical)
    Elapsed: 0.000s  Memory: 345.00M
"input" in: xor.drc:38
    Polygons (raw): 0 (flat)  0 (hierarchical)
    Elapsed: 0.000s  Memory: 345.00M
"^" in: xor.drc:38
    Polygons (raw): 96 (flat)  96 (hierarchical)
    Elapsed: 0.000s  Memory: 345.00M
XOR differences: 96
"output" in: xor.drc:40
    Polygons (raw): 96 (flat)  96 (hierarchical)
    Elapsed: 0.000s  Memory: 345.00M
--- Running XOR for 71/16 ---
"input" in: xor.drc:38
    Polygons (raw): 8 (flat)  8 (hierarchical)
    Elapsed: 0.000s  Memory: 345.00M
"input" in: xor.drc:38
    Polygons (raw): 0 (flat)  0 (hierarchical)
    Elapsed: 0.000s  Memory: 345.00M
"^" in: xor.drc:38
    Polygons (raw): 8 (flat)  8 (hierarchical)
    Elapsed: 0.000s  Memory: 345.00M
XOR differences: 8
"output" in: xor.drc:40
    Polygons (raw): 8 (flat)  8 (hierarchical)
    Elapsed: 0.010s  Memory: 345.00M
--- Running XOR for 71/20 ---
"input" in: xor.drc:38
    Polygons (raw): 8 (flat)  8 (hierarchical)
    Elapsed: 0.000s  Memory: 345.00M
"input" in: xor.drc:38
    Polygons (raw): 0 (flat)  0 (hierarchical)
    Elapsed: 0.000s  Memory: 345.00M
"^" in: xor.drc:38
    Polygons (raw): 8 (flat)  8 (hierarchical)
    Elapsed: 0.000s  Memory: 345.00M
XOR differences: 8
"output" in: xor.drc:40
    Polygons (raw): 8 (flat)  8 (hierarchical)
    Elapsed: 0.000s  Memory: 345.00M
--- Running XOR for 78/44 ---
"input" in: xor.drc:38
    Polygons (raw): 73 (flat)  8 (hierarchical)
    Elapsed: 0.000s  Memory: 345.00M
"input" in: xor.drc:38
    Polygons (raw): 73 (flat)  8 (hierarchical)
    Elapsed: 0.000s  Memory: 345.00M
"^" in: xor.drc:38
    Polygons (raw): 0 (flat)  0 (hierarchical)
    Elapsed: 0.010s  Memory: 345.00M
XOR differences: 0
"output" in: xor.drc:40
    Polygons (raw): 0 (flat)  0 (hierarchical)
    Elapsed: 0.000s  Memory: 345.00M
--- Running XOR for 8/0 ---
"input" in: xor.drc:38
    Polygons (raw): 0 (flat)  0 (hierarchical)
    Elapsed: 0.000s  Memory: 345.00M
"input" in: xor.drc:38
    Polygons (raw): 96 (flat)  4 (hierarchical)
    Elapsed: 0.000s  Memory: 345.00M
"^" in: xor.drc:38
    Polygons (raw): 96 (flat)  4 (hierarchical)
    Elapsed: 0.000s  Memory: 345.00M
XOR differences: 96
"output" in: xor.drc:40
    Polygons (raw): 96 (flat)  4 (hierarchical)
    Elapsed: 0.000s  Memory: 345.00M
--- Running XOR for 81/4 ---
"input" in: xor.drc:38
    Polygons (raw): 73 (flat)  8 (hierarchical)
    Elapsed: 0.000s  Memory: 345.00M
"input" in: xor.drc:38
    Polygons (raw): 73 (flat)  8 (hierarchical)
    Elapsed: 0.010s  Memory: 345.00M
"^" in: xor.drc:38
    Polygons (raw): 0 (flat)  0 (hierarchical)
    Elapsed: 0.000s  Memory: 345.00M
XOR differences: 0
"output" in: xor.drc:40
    Polygons (raw): 0 (flat)  0 (hierarchical)
    Elapsed: 0.000s  Memory: 345.00M
--- Running XOR for 83/44 ---
"input" in: xor.drc:38
    Polygons (raw): 0 (flat)  0 (hierarchical)
    Elapsed: 0.000s  Memory: 345.00M
"input" in: xor.drc:38
    Polygons (raw): 0 (flat)  0 (hierarchical)
    Elapsed: 0.000s  Memory: 345.00M
"^" in: xor.drc:38
    Polygons (raw): 0 (flat)  0 (hierarchical)
    Elapsed: 0.000s  Memory: 345.00M
XOR differences: 0
"output" in: xor.drc:40
    Polygons (raw): 0 (flat)  0 (hierarchical)
    Elapsed: 0.000s  Memory: 345.00M
--- Running XOR for 9/0 ---
"input" in: xor.drc:38
    Polygons (raw): 0 (flat)  0 (hierarchical)
    Elapsed: 0.010s  Memory: 345.00M
"input" in: xor.drc:38
    Polygons (raw): 72 (flat)  26 (hierarchical)
    Elapsed: 0.000s  Memory: 345.00M
"^" in: xor.drc:38
    Polygons (raw): 72 (flat)  26 (hierarchical)
    Elapsed: 0.000s  Memory: 345.00M
XOR differences: 72
"output" in: xor.drc:40
    Polygons (raw): 72 (flat)  26 (hierarchical)
    Elapsed: 0.000s  Memory: 345.00M
--- Running XOR for 93/44 ---
"input" in: xor.drc:38
    Polygons (raw): 80 (flat)  9 (hierarchical)
    Elapsed: 0.000s  Memory: 345.00M
"input" in: xor.drc:38
    Polygons (raw): 80 (flat)  9 (hierarchical)
    Elapsed: 0.000s  Memory: 345.00M
"^" in: xor.drc:38
    Polygons (raw): 0 (flat)  0 (hierarchical)
    Elapsed: 0.000s  Memory: 345.00M
XOR differences: 0
"output" in: xor.drc:40
    Polygons (raw): 0 (flat)  0 (hierarchical)
    Elapsed: 0.010s  Memory: 345.00M
--- Running XOR for 94/20 ---
"input" in: xor.drc:38
    Polygons (raw): 80 (flat)  9 (hierarchical)
    Elapsed: 0.000s  Memory: 345.00M
"input" in: xor.drc:38
    Polygons (raw): 80 (flat)  9 (hierarchical)
    Elapsed: 0.000s  Memory: 345.00M
"^" in: xor.drc:38
    Polygons (raw): 0 (flat)  0 (hierarchical)
    Elapsed: 0.000s  Memory: 345.00M
XOR differences: 0
"output" in: xor.drc:40
    Polygons (raw): 0 (flat)  0 (hierarchical)
    Elapsed: 0.000s  Memory: 345.00M
--- Running XOR for 95/20 ---
"input" in: xor.drc:38
    Polygons (raw): 48 (flat)  5 (hierarchical)
    Elapsed: 0.000s  Memory: 345.00M
"input" in: xor.drc:38
    Polygons (raw): 48 (flat)  5 (hierarchical)
    Elapsed: 0.000s  Memory: 345.00M
"^" in: xor.drc:38
    Polygons (raw): 0 (flat)  0 (hierarchical)
    Elapsed: 0.000s  Memory: 345.00M
XOR differences: 0
"output" in: xor.drc:40
    Polygons (raw): 0 (flat)  0 (hierarchical)
    Elapsed: 0.000s  Memory: 345.00M
Writing report database: /home/hosni/My_forks/FINAL/caravel/openlane/buff_flash_clkrst/runs/22_10_13_10_28/reports/signoff/buff_flash_clkrst.xor.xml ..
Total elapsed: 0.290s  Memory: 345.00M
