First Layout: /home/hosni/My_forks/marwan/caravel/openlane/buff_flash_clkrst/runs/22_10_15_06_27/results/signoff/buff_flash_clkrst.gds
Second Layout: /home/hosni/My_forks/marwan/caravel/openlane/buff_flash_clkrst/runs/22_10_15_06_27/results/signoff/buff_flash_clkrst.klayout.gds
Design Name: buff_flash_clkrst
Output GDS will be: /home/hosni/My_forks/marwan/caravel/openlane/buff_flash_clkrst/runs/22_10_15_06_27/reports/signoff/buff_flash_clkrst.xor.xml
Reading /home/hosni/My_forks/marwan/caravel/openlane/buff_flash_clkrst/runs/22_10_15_06_27/results/signoff/buff_flash_clkrst.gds ..
Reading /home/hosni/My_forks/marwan/caravel/openlane/buff_flash_clkrst/runs/22_10_15_06_27/results/signoff/buff_flash_clkrst.klayout.gds ..
--- Running XOR for 10/0 ---
"input" in: xor.drc:38
    Polygons (raw): 0 (flat)  0 (hierarchical)
    Elapsed: 0.000s  Memory: 345.00M
"input" in: xor.drc:38
    Polygons (raw): 96 (flat)  4 (hierarchical)
    Elapsed: 0.000s  Memory: 345.00M
"^" in: xor.drc:38
    Polygons (raw): 96 (flat)  4 (hierarchical)
    Elapsed: 0.000s  Memory: 345.00M
XOR differences: 96
"output" in: xor.drc:40
    Polygons (raw): 96 (flat)  4 (hierarchical)
    Elapsed: 0.000s  Memory: 345.00M
--- Running XOR for 11/0 ---
"input" in: xor.drc:38
    Polygons (raw): 0 (flat)  0 (hierarchical)
    Elapsed: 0.000s  Memory: 345.00M
"input" in: xor.drc:38
    Polygons (raw): 32 (flat)  9 (hierarchical)
    Elapsed: 0.000s  Memory: 345.00M
"^" in: xor.drc:38
    Polygons (raw): 32 (flat)  9 (hierarchical)
    Elapsed: 0.010s  Memory: 345.00M
XOR differences: 32
"output" in: xor.drc:40
    Polygons (raw): 32 (flat)  9 (hierarchical)
    Elapsed: 0.000s  Memory: 345.00M
--- Running XOR for 11/1 ---
"input" in: xor.drc:38
    Polygons (raw): 0 (flat)  0 (hierarchical)
    Elapsed: 0.000s  Memory: 345.00M
"input" in: xor.drc:38
    Polygons (raw): 0 (flat)  0 (hierarchical)
    Elapsed: 0.000s  Memory: 345.00M
"^" in: xor.drc:38
    Polygons (raw): 0 (flat)  0 (hierarchical)
    Elapsed: 0.000s  Memory: 345.00M
XOR differences: 0
"output" in: xor.drc:40
    Polygons (raw): 0 (flat)  0 (hierarchical)
    Elapsed: 0.000s  Memory: 345.00M
--- Running XOR for 11/2 ---
"input" in: xor.drc:38
    Polygons (raw): 0 (flat)  0 (hierarchical)
    Elapsed: 0.000s  Memory: 345.00M
"input" in: xor.drc:38
    Polygons (raw): 8 (flat)  8 (hierarchical)
    Elapsed: 0.000s  Memory: 345.00M
"^" in: xor.drc:38
    Polygons (raw): 8 (flat)  8 (hierarchical)
    Elapsed: 0.010s  Memory: 345.00M
XOR differences: 8
"output" in: xor.drc:40
    Polygons (raw): 8 (flat)  8 (hierarchical)
    Elapsed: 0.000s  Memory: 345.00M
--- Running XOR for 122/16 ---
"input" in: xor.drc:38
    Polygons (raw): 91 (flat)  8 (hierarchical)
    Elapsed: 0.000s  Memory: 345.00M
"input" in: xor.drc:38
    Polygons (raw): 91 (flat)  8 (hierarchical)
    Elapsed: 0.000s  Memory: 345.00M
"^" in: xor.drc:38
    Polygons (raw): 0 (flat)  0 (hierarchical)
    Elapsed: 0.000s  Memory: 345.00M
XOR differences: 0
"output" in: xor.drc:40
    Polygons (raw): 0 (flat)  0 (hierarchical)
    Elapsed: 0.000s  Memory: 345.00M
--- Running XOR for 14/0 ---
"input" in: xor.drc:38
    Polygons (raw): 0 (flat)  0 (hierarchical)
    Elapsed: 0.000s  Memory: 345.00M
"input" in: xor.drc:38
    Polygons (raw): 1 (flat)  1 (hierarchical)
    Elapsed: 0.010s  Memory: 345.00M
"^" in: xor.drc:38
    Polygons (raw): 1 (flat)  1 (hierarchical)
    Elapsed: 0.000s  Memory: 345.00M
XOR differences: 1
"output" in: xor.drc:40
    Polygons (raw): 1 (flat)  1 (hierarchical)
    Elapsed: 0.000s  Memory: 345.00M
--- Running XOR for 235/4 ---
"input" in: xor.drc:38
    Polygons (raw): 1 (flat)  1 (hierarchical)
    Elapsed: 0.000s  Memory: 345.00M
"input" in: xor.drc:38
    Polygons (raw): 0 (flat)  0 (hierarchical)
    Elapsed: 0.000s  Memory: 345.00M
"^" in: xor.drc:38
    Polygons (raw): 1 (flat)  1 (hierarchical)
    Elapsed: 0.000s  Memory: 345.00M
XOR differences: 1
"output" in: xor.drc:40
    Polygons (raw): 1 (flat)  1 (hierarchical)
    Elapsed: 0.000s  Memory: 345.00M
--- Running XOR for 236/0 ---
"input" in: xor.drc:38
    Polygons (raw): 68 (flat)  6 (hierarchical)
    Elapsed: 0.010s  Memory: 345.00M
"input" in: xor.drc:38
    Polygons (raw): 68 (flat)  6 (hierarchical)
    Elapsed: 0.000s  Memory: 345.00M
"^" in: xor.drc:38
    Polygons (raw): 0 (flat)  0 (hierarchical)
    Elapsed: 0.000s  Memory: 345.00M
XOR differences: 0
"output" in: xor.drc:40
    Polygons (raw): 0 (flat)  0 (hierarchical)
    Elapsed: 0.000s  Memory: 345.00M
--- Running XOR for 3/0 ---
"input" in: xor.drc:38
    Polygons (raw): 0 (flat)  0 (hierarchical)
    Elapsed: 0.000s  Memory: 345.00M
"input" in: xor.drc:38
    Polygons (raw): 45 (flat)  1 (hierarchical)
    Elapsed: 0.000s  Memory: 345.00M
"^" in: xor.drc:38
    Polygons (raw): 45 (flat)  1 (hierarchical)
    Elapsed: 0.000s  Memory: 345.00M
XOR differences: 45
"output" in: xor.drc:40
    Polygons (raw): 45 (flat)  1 (hierarchical)
    Elapsed: 0.010s  Memory: 345.00M
--- Running XOR for 4/0 ---
"input" in: xor.drc:38
    Polygons (raw): 0 (flat)  0 (hierarchical)
    Elapsed: 0.000s  Memory: 345.00M
"input" in: xor.drc:38
    Polygons (raw): 45 (flat)  1 (hierarchical)
    Elapsed: 0.000s  Memory: 345.00M
"^" in: xor.drc:38
    Polygons (raw): 45 (flat)  1 (hierarchical)
    Elapsed: 0.000s  Memory: 345.00M
XOR differences: 45
"output" in: xor.drc:40
    Polygons (raw): 45 (flat)  1 (hierarchical)
    Elapsed: 0.000s  Memory: 345.00M
--- Running XOR for 5/0 ---
"input" in: xor.drc:38
    Polygons (raw): 0 (flat)  0 (hierarchical)
    Elapsed: 0.000s  Memory: 345.00M
"input" in: xor.drc:38
    Polygons (raw): 172 (flat)  62 (hierarchical)
    Elapsed: 0.000s  Memory: 345.00M
"^" in: xor.drc:38
    Polygons (raw): 172 (flat)  62 (hierarchical)
    Elapsed: 0.000s  Memory: 345.00M
XOR differences: 172
"output" in: xor.drc:40
    Polygons (raw): 172 (flat)  62 (hierarchical)
    Elapsed: 0.010s  Memory: 345.00M
--- Running XOR for 6/0 ---
"input" in: xor.drc:38
    Polygons (raw): 0 (flat)  0 (hierarchical)
    Elapsed: 0.000s  Memory: 345.00M
"input" in: xor.drc:38
    Polygons (raw): 164 (flat)  6 (hierarchical)
    Elapsed: 0.000s  Memory: 345.00M
"^" in: xor.drc:38
    Polygons (raw): 164 (flat)  6 (hierarchical)
    Elapsed: 0.000s  Memory: 345.00M
XOR differences: 164
"output" in: xor.drc:40
    Polygons (raw): 164 (flat)  6 (hierarchical)
    Elapsed: 0.000s  Memory: 345.00M
--- Running XOR for 64/16 ---
"input" in: xor.drc:38
    Polygons (raw): 91 (flat)  8 (hierarchical)
    Elapsed: 0.000s  Memory: 345.00M
"input" in: xor.drc:38
    Polygons (raw): 91 (flat)  8 (hierarchical)
    Elapsed: 0.000s  Memory: 345.00M
"^" in: xor.drc:38
    Polygons (raw): 0 (flat)  0 (hierarchical)
    Elapsed: 0.010s  Memory: 345.00M
XOR differences: 0
"output" in: xor.drc:40
    Polygons (raw): 0 (flat)  0 (hierarchical)
    Elapsed: 0.000s  Memory: 345.00M
--- Running XOR for 64/20 ---
"input" in: xor.drc:38
    Polygons (raw): 98 (flat)  9 (hierarchical)
    Elapsed: 0.000s  Memory: 345.00M
"input" in: xor.drc:38
    Polygons (raw): 98 (flat)  9 (hierarchical)
    Elapsed: 0.000s  Memory: 345.00M
"^" in: xor.drc:38
    Polygons (raw): 0 (flat)  0 (hierarchical)
    Elapsed: 0.000s  Memory: 345.00M
XOR differences: 0
"output" in: xor.drc:40
    Polygons (raw): 0 (flat)  0 (hierarchical)
    Elapsed: 0.000s  Memory: 345.00M
--- Running XOR for 64/5 ---
"input" in: xor.drc:38
    Polygons (raw): 0 (flat)  0 (hierarchical)
    Elapsed: 0.000s  Memory: 345.00M
"input" in: xor.drc:38
    Polygons (raw): 0 (flat)  0 (hierarchical)
    Elapsed: 0.000s  Memory: 345.00M
"^" in: xor.drc:38
    Polygons (raw): 0 (flat)  0 (hierarchical)
    Elapsed: 0.000s  Memory: 345.00M
XOR differences: 0
"output" in: xor.drc:40
    Polygons (raw): 0 (flat)  0 (hierarchical)
    Elapsed: 0.000s  Memory: 345.00M
--- Running XOR for 64/59 ---
"input" in: xor.drc:38
    Polygons (raw): 0 (flat)  0 (hierarchical)
    Elapsed: 0.000s  Memory: 345.00M
"input" in: xor.drc:38
    Polygons (raw): 0 (flat)  0 (hierarchical)
    Elapsed: 0.000s  Memory: 345.00M
"^" in: xor.drc:38
    Polygons (raw): 0 (flat)  0 (hierarchical)
    Elapsed: 0.000s  Memory: 345.00M
XOR differences: 0
"output" in: xor.drc:40
    Polygons (raw): 0 (flat)  0 (hierarchical)
    Elapsed: 0.000s  Memory: 345.00M
--- Running XOR for 65/20 ---
"input" in: xor.drc:38
    Polygons (raw): 121 (flat)  11 (hierarchical)
    Elapsed: 0.010s  Memory: 345.00M
"input" in: xor.drc:38
    Polygons (raw): 121 (flat)  11 (hierarchical)
    Elapsed: 0.000s  Memory: 345.00M
"^" in: xor.drc:38
    Polygons (raw): 0 (flat)  0 (hierarchical)
    Elapsed: 0.000s  Memory: 345.00M
XOR differences: 0
"output" in: xor.drc:40
    Polygons (raw): 0 (flat)  0 (hierarchical)
    Elapsed: 0.000s  Memory: 345.00M
--- Running XOR for 65/44 ---
"input" in: xor.drc:38
    Polygons (raw): 14 (flat)  2 (hierarchical)
    Elapsed: 0.000s  Memory: 345.00M
"input" in: xor.drc:38
    Polygons (raw): 14 (flat)  2 (hierarchical)
    Elapsed: 0.000s  Memory: 345.00M
"^" in: xor.drc:38
    Polygons (raw): 0 (flat)  0 (hierarchical)
    Elapsed: 0.000s  Memory: 345.00M
XOR differences: 0
"output" in: xor.drc:40
    Polygons (raw): 0 (flat)  0 (hierarchical)
    Elapsed: 0.010s  Memory: 345.00M
--- Running XOR for 66/20 ---
"input" in: xor.drc:38
    Polygons (raw): 106 (flat)  10 (hierarchical)
    Elapsed: 0.000s  Memory: 345.00M
"input" in: xor.drc:38
    Polygons (raw): 106 (flat)  10 (hierarchical)
    Elapsed: 0.000s  Memory: 345.00M
"^" in: xor.drc:38
    Polygons (raw): 0 (flat)  0 (hierarchical)
    Elapsed: 0.000s  Memory: 345.00M
XOR differences: 0
"output" in: xor.drc:40
    Polygons (raw): 0 (flat)  0 (hierarchical)
    Elapsed: 0.000s  Memory: 345.00M
--- Running XOR for 66/44 ---
"input" in: xor.drc:38
    Polygons (raw): 937 (flat)  81 (hierarchical)
    Elapsed: 0.000s  Memory: 345.00M
"input" in: xor.drc:38
    Polygons (raw): 937 (flat)  81 (hierarchical)
    Elapsed: 0.010s  Memory: 345.00M
"^" in: xor.drc:38
    Polygons (raw): 0 (flat)  0 (hierarchical)
    Elapsed: 0.000s  Memory: 345.00M
XOR differences: 0
"output" in: xor.drc:40
    Polygons (raw): 0 (flat)  0 (hierarchical)
    Elapsed: 0.000s  Memory: 345.00M
--- Running XOR for 67/16 ---
"input" in: xor.drc:38
    Polygons (raw): 300 (flat)  20 (hierarchical)
    Elapsed: 0.000s  Memory: 345.00M
"input" in: xor.drc:38
    Polygons (raw): 300 (flat)  20 (hierarchical)
    Elapsed: 0.010s  Memory: 345.00M
"^" in: xor.drc:38
    Polygons (raw): 0 (flat)  0 (hierarchical)
    Elapsed: 0.000s  Memory: 345.00M
XOR differences: 0
"output" in: xor.drc:40
    Polygons (raw): 0 (flat)  0 (hierarchical)
    Elapsed: 0.000s  Memory: 345.00M
--- Running XOR for 67/20 ---
"input" in: xor.drc:38
    Polygons (raw): 345 (flat)  71 (hierarchical)
    Elapsed: 0.000s  Memory: 345.00M
"input" in: xor.drc:38
    Polygons (raw): 300 (flat)  26 (hierarchical)
    Elapsed: 0.000s  Memory: 345.00M
"^" in: xor.drc:38
    Polygons (raw): 0 (flat)  0 (hierarchical)
    Elapsed: 0.010s  Memory: 345.00M
XOR differences: 0
"output" in: xor.drc:40
    Polygons (raw): 0 (flat)  0 (hierarchical)
    Elapsed: 0.000s  Memory: 345.00M
--- Running XOR for 67/44 ---
"input" in: xor.drc:38
    Polygons (raw): 825 (flat)  121 (hierarchical)
    Elapsed: 0.000s  Memory: 345.00M
"input" in: xor.drc:38
    Polygons (raw): 780 (flat)  76 (hierarchical)
    Elapsed: 0.000s  Memory: 345.00M
"^" in: xor.drc:38
    Polygons (raw): 45 (flat)  45 (hierarchical)
    Elapsed: 0.010s  Memory: 345.00M
XOR differences: 45
"output" in: xor.drc:40
    Polygons (raw): 45 (flat)  45 (hierarchical)
    Elapsed: 0.000s  Memory: 345.00M
--- Running XOR for 67/5 ---
"input" in: xor.drc:38
    Polygons (raw): 0 (flat)  0 (hierarchical)
    Elapsed: 0.000s  Memory: 345.00M
"input" in: xor.drc:38
    Polygons (raw): 0 (flat)  0 (hierarchical)
    Elapsed: 0.000s  Memory: 345.00M
"^" in: xor.drc:38
    Polygons (raw): 0 (flat)  0 (hierarchical)
    Elapsed: 0.000s  Memory: 345.00M
XOR differences: 0
"output" in: xor.drc:40
    Polygons (raw): 0 (flat)  0 (hierarchical)
    Elapsed: 0.000s  Memory: 345.00M
--- Running XOR for 68/16 ---
"input" in: xor.drc:38
    Polygons (raw): 196 (flat)  18 (hierarchical)
    Elapsed: 0.000s  Memory: 345.00M
"input" in: xor.drc:38
    Polygons (raw): 196 (flat)  18 (hierarchical)
    Elapsed: 0.010s  Memory: 345.00M
"^" in: xor.drc:38
    Polygons (raw): 0 (flat)  0 (hierarchical)
    Elapsed: 0.000s  Memory: 345.00M
XOR differences: 0
"output" in: xor.drc:40
    Polygons (raw): 0 (flat)  0 (hierarchical)
    Elapsed: 0.000s  Memory: 345.00M
--- Running XOR for 68/20 ---
"input" in: xor.drc:38
    Polygons (raw): 404 (flat)  226 (hierarchical)
    Elapsed: 0.000s  Memory: 345.00M
"input" in: xor.drc:38
    Polygons (raw): 196 (flat)  18 (hierarchical)
    Elapsed: 0.000s  Memory: 345.00M
"^" in: xor.drc:38
    Polygons (raw): 43 (flat)  43 (hierarchical)
    Elapsed: 0.010s  Memory: 345.00M
XOR differences: 43
"output" in: xor.drc:40
    Polygons (raw): 43 (flat)  43 (hierarchical)
    Elapsed: 0.000s  Memory: 345.00M
--- Running XOR for 68/44 ---
"input" in: xor.drc:38
    Polygons (raw): 164 (flat)  164 (hierarchical)
    Elapsed: 0.000s  Memory: 345.00M
"input" in: xor.drc:38
    Polygons (raw): 0 (flat)  0 (hierarchical)
    Elapsed: 0.000s  Memory: 345.00M
"^" in: xor.drc:38
    Polygons (raw): 164 (flat)  164 (hierarchical)
    Elapsed: 0.000s  Memory: 345.00M
XOR differences: 164
"output" in: xor.drc:40
    Polygons (raw): 164 (flat)  164 (hierarchical)
    Elapsed: 0.000s  Memory: 345.00M
--- Running XOR for 68/5 ---
"input" in: xor.drc:38
    Polygons (raw): 0 (flat)  0 (hierarchical)
    Elapsed: 0.000s  Memory: 345.00M
"input" in: xor.drc:38
    Polygons (raw): 0 (flat)  0 (hierarchical)
    Elapsed: 0.010s  Memory: 345.00M
"^" in: xor.drc:38
    Polygons (raw): 0 (flat)  0 (hierarchical)
    Elapsed: 0.000s  Memory: 345.00M
XOR differences: 0
"output" in: xor.drc:40
    Polygons (raw): 0 (flat)  0 (hierarchical)
    Elapsed: 0.000s  Memory: 345.00M
--- Running XOR for 69/16 ---
"input" in: xor.drc:38
    Polygons (raw): 30 (flat)  30 (hierarchical)
    Elapsed: 0.000s  Memory: 345.00M
"input" in: xor.drc:38
    Polygons (raw): 0 (flat)  0 (hierarchical)
    Elapsed: 0.000s  Memory: 345.00M
"^" in: xor.drc:38
    Polygons (raw): 30 (flat)  30 (hierarchical)
    Elapsed: 0.000s  Memory: 345.00M
XOR differences: 30
"output" in: xor.drc:40
    Polygons (raw): 30 (flat)  30 (hierarchical)
    Elapsed: 0.000s  Memory: 345.00M
--- Running XOR for 69/20 ---
"input" in: xor.drc:38
    Polygons (raw): 192 (flat)  192 (hierarchical)
    Elapsed: 0.000s  Memory: 345.00M
"input" in: xor.drc:38
    Polygons (raw): 0 (flat)  0 (hierarchical)
    Elapsed: 0.010s  Memory: 345.00M
"^" in: xor.drc:38
    Polygons (raw): 192 (flat)  192 (hierarchical)
    Elapsed: 0.000s  Memory: 345.00M
XOR differences: 192
"output" in: xor.drc:40
    Polygons (raw): 192 (flat)  192 (hierarchical)
    Elapsed: 0.000s  Memory: 345.00M
--- Running XOR for 69/44 ---
"input" in: xor.drc:38
    Polygons (raw): 96 (flat)  96 (hierarchical)
    Elapsed: 0.000s  Memory: 345.00M
"input" in: xor.drc:38
    Polygons (raw): 0 (flat)  0 (hierarchical)
    Elapsed: 0.000s  Memory: 345.00M
"^" in: xor.drc:38
    Polygons (raw): 96 (flat)  96 (hierarchical)
    Elapsed: 0.000s  Memory: 345.00M
XOR differences: 96
"output" in: xor.drc:40
    Polygons (raw): 96 (flat)  96 (hierarchical)
    Elapsed: 0.000s  Memory: 345.00M
--- Running XOR for 69/5 ---
"input" in: xor.drc:38
    Polygons (raw): 0 (flat)  0 (hierarchical)
    Elapsed: 0.010s  Memory: 345.00M
"input" in: xor.drc:38
    Polygons (raw): 0 (flat)  0 (hierarchical)
    Elapsed: 0.000s  Memory: 345.00M
"^" in: xor.drc:38
    Polygons (raw): 0 (flat)  0 (hierarchical)
    Elapsed: 0.000s  Memory: 345.00M
XOR differences: 0
"output" in: xor.drc:40
    Polygons (raw): 0 (flat)  0 (hierarchical)
    Elapsed: 0.010s  Memory: 345.00M
--- Running XOR for 7/0 ---
"input" in: xor.drc:38
    Polygons (raw): 0 (flat)  0 (hierarchical)
    Elapsed: 0.000s  Memory: 345.00M
"input" in: xor.drc:38
    Polygons (raw): 199 (flat)  110 (hierarchical)
    Elapsed: 0.000s  Memory: 345.00M
"^" in: xor.drc:38
    Polygons (raw): 199 (flat)  110 (hierarchical)
    Elapsed: 0.000s  Memory: 345.00M
XOR differences: 199
"output" in: xor.drc:40
    Polygons (raw): 199 (flat)  110 (hierarchical)
    Elapsed: 0.000s  Memory: 345.00M
--- Running XOR for 7/1 ---
"input" in: xor.drc:38
    Polygons (raw): 0 (flat)  0 (hierarchical)
    Elapsed: 0.000s  Memory: 345.00M
"input" in: xor.drc:38
    Polygons (raw): 0 (flat)  0 (hierarchical)
    Elapsed: 0.000s  Memory: 345.00M
"^" in: xor.drc:38
    Polygons (raw): 0 (flat)  0 (hierarchical)
    Elapsed: 0.000s  Memory: 345.00M
XOR differences: 0
"output" in: xor.drc:40
    Polygons (raw): 0 (flat)  0 (hierarchical)
    Elapsed: 0.000s  Memory: 345.00M
--- Running XOR for 7/2 ---
"input" in: xor.drc:38
    Polygons (raw): 0 (flat)  0 (hierarchical)
    Elapsed: 0.000s  Memory: 345.00M
"input" in: xor.drc:38
    Polygons (raw): 30 (flat)  30 (hierarchical)
    Elapsed: 0.000s  Memory: 345.00M
"^" in: xor.drc:38
    Polygons (raw): 30 (flat)  30 (hierarchical)
    Elapsed: 0.000s  Memory: 345.00M
XOR differences: 30
"output" in: xor.drc:40
    Polygons (raw): 30 (flat)  30 (hierarchical)
    Elapsed: 0.000s  Memory: 345.00M
--- Running XOR for 70/20 ---
"input" in: xor.drc:38
    Polygons (raw): 24 (flat)  24 (hierarchical)
    Elapsed: 0.000s  Memory: 345.00M
"input" in: xor.drc:38
    Polygons (raw): 0 (flat)  0 (hierarchical)
    Elapsed: 0.000s  Memory: 345.00M
"^" in: xor.drc:38
    Polygons (raw): 24 (flat)  24 (hierarchical)
    Elapsed: 0.010s  Memory: 345.00M
XOR differences: 24
"output" in: xor.drc:40
    Polygons (raw): 24 (flat)  24 (hierarchical)
    Elapsed: 0.000s  Memory: 345.00M
--- Running XOR for 70/44 ---
"input" in: xor.drc:38
    Polygons (raw): 96 (flat)  96 (hierarchical)
    Elapsed: 0.000s  Memory: 345.00M
"input" in: xor.drc:38
    Polygons (raw): 0 (flat)  0 (hierarchical)
    Elapsed: 0.000s  Memory: 345.00M
"^" in: xor.drc:38
    Polygons (raw): 96 (flat)  96 (hierarchical)
    Elapsed: 0.000s  Memory: 345.00M
XOR differences: 96
"output" in: xor.drc:40
    Polygons (raw): 96 (flat)  96 (hierarchical)
    Elapsed: 0.000s  Memory: 345.00M
--- Running XOR for 71/16 ---
"input" in: xor.drc:38
    Polygons (raw): 8 (flat)  8 (hierarchical)
    Elapsed: 0.000s  Memory: 345.00M
"input" in: xor.drc:38
    Polygons (raw): 0 (flat)  0 (hierarchical)
    Elapsed: 0.000s  Memory: 345.00M
"^" in: xor.drc:38
    Polygons (raw): 8 (flat)  8 (hierarchical)
    Elapsed: 0.000s  Memory: 345.00M
XOR differences: 8
"output" in: xor.drc:40
    Polygons (raw): 8 (flat)  8 (hierarchical)
    Elapsed: 0.000s  Memory: 345.00M
--- Running XOR for 71/20 ---
"input" in: xor.drc:38
    Polygons (raw): 8 (flat)  8 (hierarchical)
    Elapsed: 0.000s  Memory: 345.00M
"input" in: xor.drc:38
    Polygons (raw): 0 (flat)  0 (hierarchical)
    Elapsed: 0.000s  Memory: 345.00M
"^" in: xor.drc:38
    Polygons (raw): 8 (flat)  8 (hierarchical)
    Elapsed: 0.000s  Memory: 345.00M
XOR differences: 8
"output" in: xor.drc:40
    Polygons (raw): 8 (flat)  8 (hierarchical)
    Elapsed: 0.000s  Memory: 345.00M
--- Running XOR for 78/44 ---
"input" in: xor.drc:38
    Polygons (raw): 98 (flat)  9 (hierarchical)
    Elapsed: 0.000s  Memory: 345.00M
"input" in: xor.drc:38
    Polygons (raw): 98 (flat)  9 (hierarchical)
    Elapsed: 0.010s  Memory: 345.00M
"^" in: xor.drc:38
    Polygons (raw): 0 (flat)  0 (hierarchical)
    Elapsed: 0.000s  Memory: 345.00M
XOR differences: 0
"output" in: xor.drc:40
    Polygons (raw): 0 (flat)  0 (hierarchical)
    Elapsed: 0.000s  Memory: 345.00M
--- Running XOR for 8/0 ---
"input" in: xor.drc:38
    Polygons (raw): 0 (flat)  0 (hierarchical)
    Elapsed: 0.000s  Memory: 345.00M
"input" in: xor.drc:38
    Polygons (raw): 96 (flat)  4 (hierarchical)
    Elapsed: 0.000s  Memory: 345.00M
"^" in: xor.drc:38
    Polygons (raw): 96 (flat)  4 (hierarchical)
    Elapsed: 0.000s  Memory: 345.00M
XOR differences: 96
"output" in: xor.drc:40
    Polygons (raw): 96 (flat)  4 (hierarchical)
    Elapsed: 0.000s  Memory: 345.00M
--- Running XOR for 81/23 ---
"input" in: xor.drc:38
    Polygons (raw): 15 (flat)  1 (hierarchical)
    Elapsed: 0.010s  Memory: 345.00M
"input" in: xor.drc:38
    Polygons (raw): 15 (flat)  1 (hierarchical)
    Elapsed: 0.000s  Memory: 345.00M
"^" in: xor.drc:38
    Polygons (raw): 0 (flat)  0 (hierarchical)
    Elapsed: 0.000s  Memory: 345.00M
XOR differences: 0
"output" in: xor.drc:40
    Polygons (raw): 0 (flat)  0 (hierarchical)
    Elapsed: 0.000s  Memory: 345.00M
--- Running XOR for 81/4 ---
"input" in: xor.drc:38
    Polygons (raw): 98 (flat)  9 (hierarchical)
    Elapsed: 0.000s  Memory: 345.00M
"input" in: xor.drc:38
    Polygons (raw): 98 (flat)  9 (hierarchical)
    Elapsed: 0.000s  Memory: 345.00M
"^" in: xor.drc:38
    Polygons (raw): 0 (flat)  0 (hierarchical)
    Elapsed: 0.000s  Memory: 345.00M
XOR differences: 0
"output" in: xor.drc:40
    Polygons (raw): 0 (flat)  0 (hierarchical)
    Elapsed: 0.000s  Memory: 345.00M
--- Running XOR for 83/44 ---
"input" in: xor.drc:38
    Polygons (raw): 0 (flat)  0 (hierarchical)
    Elapsed: 0.000s  Memory: 345.00M
"input" in: xor.drc:38
    Polygons (raw): 0 (flat)  0 (hierarchical)
    Elapsed: 0.000s  Memory: 345.00M
"^" in: xor.drc:38
    Polygons (raw): 0 (flat)  0 (hierarchical)
    Elapsed: 0.000s  Memory: 345.00M
XOR differences: 0
"output" in: xor.drc:40
    Polygons (raw): 0 (flat)  0 (hierarchical)
    Elapsed: 0.000s  Memory: 345.00M
--- Running XOR for 9/0 ---
"input" in: xor.drc:38
    Polygons (raw): 0 (flat)  0 (hierarchical)
    Elapsed: 0.000s  Memory: 345.00M
"input" in: xor.drc:38
    Polygons (raw): 72 (flat)  26 (hierarchical)
    Elapsed: 0.000s  Memory: 345.00M
"^" in: xor.drc:38
    Polygons (raw): 72 (flat)  26 (hierarchical)
    Elapsed: 0.010s  Memory: 345.00M
XOR differences: 72
"output" in: xor.drc:40
    Polygons (raw): 72 (flat)  26 (hierarchical)
    Elapsed: 0.000s  Memory: 345.00M
--- Running XOR for 93/44 ---
"input" in: xor.drc:38
    Polygons (raw): 105 (flat)  10 (hierarchical)
    Elapsed: 0.000s  Memory: 345.00M
"input" in: xor.drc:38
    Polygons (raw): 105 (flat)  10 (hierarchical)
    Elapsed: 0.000s  Memory: 345.00M
"^" in: xor.drc:38
    Polygons (raw): 0 (flat)  0 (hierarchical)
    Elapsed: 0.000s  Memory: 345.00M
XOR differences: 0
"output" in: xor.drc:40
    Polygons (raw): 0 (flat)  0 (hierarchical)
    Elapsed: 0.000s  Memory: 345.00M
--- Running XOR for 94/20 ---
"input" in: xor.drc:38
    Polygons (raw): 105 (flat)  10 (hierarchical)
    Elapsed: 0.010s  Memory: 345.00M
"input" in: xor.drc:38
    Polygons (raw): 105 (flat)  10 (hierarchical)
    Elapsed: 0.000s  Memory: 345.00M
"^" in: xor.drc:38
    Polygons (raw): 0 (flat)  0 (hierarchical)
    Elapsed: 0.000s  Memory: 346.00M
XOR differences: 0
"output" in: xor.drc:40
    Polygons (raw): 0 (flat)  0 (hierarchical)
    Elapsed: 0.000s  Memory: 346.00M
--- Running XOR for 95/20 ---
"input" in: xor.drc:38
    Polygons (raw): 53 (flat)  5 (hierarchical)
    Elapsed: 0.000s  Memory: 346.00M
"input" in: xor.drc:38
    Polygons (raw): 53 (flat)  5 (hierarchical)
    Elapsed: 0.000s  Memory: 346.00M
"^" in: xor.drc:38
    Polygons (raw): 0 (flat)  0 (hierarchical)
    Elapsed: 0.000s  Memory: 346.00M
XOR differences: 0
"output" in: xor.drc:40
    Polygons (raw): 0 (flat)  0 (hierarchical)
    Elapsed: 0.010s  Memory: 346.00M
Writing report database: /home/hosni/My_forks/marwan/caravel/openlane/buff_flash_clkrst/runs/22_10_15_06_27/reports/signoff/buff_flash_clkrst.xor.xml ..
Total elapsed: 0.310s  Memory: 346.00M
