OpenROAD 4174c3ad802d2ac1d04d387d2c4b883903f6647e 
This program is licensed under the BSD-3 license. See the LICENSE file for details.
Components of this program may be licensed under more restrictive licenses which must be honored.
[INFO ODB-0222] Reading LEF file: /home/hosni/My_forks/marwan/caravel/openlane/buff_flash_clkrst/runs/22_10_15_06_27/tmp/merged.nom.lef
[WARNING ODB-0220] WARNING (LEFPARS-2036): SOURCE statement is obsolete in version 5.6 and later.
The LEF parser will ignore this statement.
To avoid this warning in the future, remove this statement from the LEF file with version 5.6 or later. See file /home/hosni/My_forks/marwan/caravel/openlane/buff_flash_clkrst/runs/22_10_15_06_27/tmp/merged.nom.lef at line 930.

[INFO ODB-0223]     Created 13 technology layers
[INFO ODB-0224]     Created 25 technology vias
[INFO ODB-0225]     Created 441 library cells
[INFO ODB-0226] Finished LEF file:  /home/hosni/My_forks/marwan/caravel/openlane/buff_flash_clkrst/runs/22_10_15_06_27/tmp/merged.nom.lef
[INFO ODB-0127] Reading DEF file: /home/hosni/My_forks/marwan/caravel/openlane/buff_flash_clkrst/runs/22_10_15_06_27/results/routing/buff_flash_clkrst.def
[INFO ODB-0128] Design: buff_flash_clkrst
[INFO ODB-0130]     Created 32 pins.
[INFO ODB-0131]     Created 98 components and 423 component-terminals.
[INFO ODB-0132]     Created 2 special nets and 378 connections.
[INFO ODB-0133]     Created 30 nets and 45 connections.
[INFO ODB-0134] Finished DEF file: /home/hosni/My_forks/marwan/caravel/openlane/buff_flash_clkrst/runs/22_10_15_06_27/results/routing/buff_flash_clkrst.def
Top-level design name: buff_flash_clkrst
Found default power net 'VPWR'
Found default ground net 'VGND'
Found 1 power ports.
Found 1 ground ports.
Modified power connections of 98/98 cells.
