****************************************
Report : constraint
	-all_violators
	-path slack_only
Design : digital_pll
Version: T-2022.03-SP3
Date   : Sun Oct 16 19:37:35 2022
****************************************


   max_delay/setup ('pll_control_clock' group)

   Endpoint                                                  Slack
   -----------------------------------------------------------------
   _392_/D                                                 -5.1572  (VIOLATED)
   _388_/D                                                 -5.1556  (VIOLATED)
   _391_/D                                                 -5.1448  (VIOLATED)
   _390_/D                                                 -4.7631  (VIOLATED)
   _393_/D                                                 -4.6534  (VIOLATED)
   _389_/D                                                 -4.4751  (VIOLATED)
   _387_/D                                                 -4.2538  (VIOLATED)



   max_transition

                             Required        Actual
   Pin                      Transition     Transition        Slack
   -----------------------------------------------------------------
   ANTENNA__305__A1/DIODE     0.7500         2.9623        -2.2123  (VIOLATED)
   _351_/A1                   0.7500         2.9622        -2.2122  (VIOLATED)
   _354_/A1                   0.7500         2.9622        -2.2122  (VIOLATED)
   ANTENNA__310__A1/DIODE     0.7500         2.9622        -2.2122  (VIOLATED)
   ANTENNA__378__A/DIODE      0.7500         2.9622        -2.2122  (VIOLATED)
   ANTENNA__354__A1/DIODE     0.7500         2.9621        -2.2121  (VIOLATED)
   _309_/A1                   0.7500         2.9621        -2.2121  (VIOLATED)
   _343_/A1                   0.7500         2.9621        -2.2121  (VIOLATED)
   _310_/A1                   0.7500         2.9621        -2.2121  (VIOLATED)
   ANTENNA__302__A1/DIODE     0.7500         2.9620        -2.2120  (VIOLATED)
   _346_/B2                   0.7500         2.9620        -2.2120  (VIOLATED)
   ANTENNA__351__A1/DIODE     0.7500         2.9619        -2.2119  (VIOLATED)
   _312_/A1                   0.7500         2.9618        -2.2118  (VIOLATED)
   ANTENNA__312__A1/DIODE     0.7500         2.9617        -2.2117  (VIOLATED)
   ANTENNA__299__A1/DIODE     0.7500         2.9616        -2.2116  (VIOLATED)
   _299_/A1                   0.7500         2.9616        -2.2116  (VIOLATED)
   _289_/A2                   0.7500         2.9616        -2.2116  (VIOLATED)
   _305_/A1                   0.7500         2.9615        -2.2115  (VIOLATED)
   ANTENNA__314__A1/DIODE     0.7500         2.9614        -2.2114  (VIOLATED)
   ANTENNA__295__A1/DIODE     0.7500         2.9614        -2.2114  (VIOLATED)
   _295_/A1                   0.7500         2.9613        -2.2113  (VIOLATED)
   ANTENNA__293__A_N/DIODE    0.7500         2.9611        -2.2111  (VIOLATED)
   _377_/A                    0.7500         2.9610        -2.2110  (VIOLATED)
   _326_/A1                   0.7500         2.9609        -2.2109  (VIOLATED)
   ANTENNA__346__B2/DIODE     0.7500         2.9609        -2.2109  (VIOLATED)
   _293_/A_N                  0.7500         2.9607        -2.2107  (VIOLATED)
   ANTENNA__377__A/DIODE      0.7500         2.9605        -2.2105  (VIOLATED)
   _319_/A1                   0.7500         2.9605        -2.2105  (VIOLATED)
   _317_/A1                   0.7500         2.9604        -2.2104  (VIOLATED)
   _367_/A                    0.7500         2.9604        -2.2104  (VIOLATED)
   _314_/A1                   0.7500         2.9604        -2.2104  (VIOLATED)
   ANTENNA__326__A1/DIODE     0.7500         2.9604        -2.2104  (VIOLATED)
   _288_/A                    0.7500         2.9603        -2.2103  (VIOLATED)
   _368_/A                    0.7500         2.9602        -2.2102  (VIOLATED)
   ANTENNA__288__A/DIODE      0.7500         2.9602        -2.2102  (VIOLATED)
   ANTENNA__368__A/DIODE      0.7500         2.9601        -2.2101  (VIOLATED)
   ANTENNA__367__A/DIODE      0.7500         2.9601        -2.2101  (VIOLATED)
   ANTENNA__319__A1/DIODE     0.7500         2.9599        -2.2099  (VIOLATED)
   _363_/A                    0.7500         2.9599        -2.2099  (VIOLATED)
   ANTENNA__363__A/DIODE      0.7500         2.9598        -2.2098  (VIOLATED)
   _366_/A                    0.7500         2.9598        -2.2098  (VIOLATED)
   ANTENNA__366__A/DIODE      0.7500         2.9598        -2.2098  (VIOLATED)
   _352_/A_N                  0.7500         2.9594        -2.2094  (VIOLATED)
   ANTENNA__352__A_N/DIODE    0.7500         2.9594        -2.2094  (VIOLATED)
   _370_/A                    0.7500         2.9592        -2.2092  (VIOLATED)
   ANTENNA__364__A/DIODE      0.7500         2.9588        -2.2088  (VIOLATED)
   ANTENNA__369__A/DIODE      0.7500         2.9588        -2.2088  (VIOLATED)
   _369_/A                    0.7500         2.9586        -2.2086  (VIOLATED)
   _353_/A1                   0.7500         2.9586        -2.2086  (VIOLATED)
   ANTENNA__353__A1/DIODE     0.7500         2.9586        -2.2086  (VIOLATED)
   _364_/A                    0.7500         2.9586        -2.2086  (VIOLATED)
   _372_/A                    0.7500         2.9583        -2.2083  (VIOLATED)
   _358_/A                    0.7500         2.9583        -2.2083  (VIOLATED)
   ANTENNA__372__A/DIODE      0.7500         2.9583        -2.2083  (VIOLATED)
   ANTENNA__358__A/DIODE      0.7500         2.9583        -2.2083  (VIOLATED)
   ANTENNA__370__A/DIODE      0.7500         2.9581        -2.2081  (VIOLATED)
   _375_/A                    0.7500         2.9580        -2.2080  (VIOLATED)
   _374_/A                    0.7500         2.9579        -2.2079  (VIOLATED)
   ANTENNA__375__A/DIODE      0.7500         2.9578        -2.2078  (VIOLATED)
   _373_/A                    0.7500         2.9578        -2.2078  (VIOLATED)
   ANTENNA__373__A/DIODE      0.7500         2.9577        -2.2077  (VIOLATED)
   ANTENNA__376__A/DIODE      0.7500         2.9573        -2.2073  (VIOLATED)
   _376_/A                    0.7500         2.9573        -2.2073  (VIOLATED)
   _365_/A                    0.7500         2.9570        -2.2070  (VIOLATED)
   _371_/A                    0.7500         2.9568        -2.2068  (VIOLATED)
   ANTENNA__371__A/DIODE      0.7500         2.9568        -2.2068  (VIOLATED)
   _356_/A                    0.7500         2.9566        -2.2066  (VIOLATED)
   _362_/A                    0.7500         2.9565        -2.2065  (VIOLATED)
   ANTENNA__362__A/DIODE      0.7500         2.9565        -2.2065  (VIOLATED)
   ANTENNA__365__A/DIODE      0.7500         2.9557        -2.2057  (VIOLATED)
   ANTENNA__361__A/DIODE      0.7500         2.9557        -2.2057  (VIOLATED)
   _361_/A                    0.7500         2.9557        -2.2057  (VIOLATED)
   _357_/A                    0.7500         2.9554        -2.2054  (VIOLATED)
   ANTENNA__374__A/DIODE      0.7500         2.9549        -2.2049  (VIOLATED)
   ANTENNA__357__A/DIODE      0.7500         2.9549        -2.2049  (VIOLATED)
   _359_/A                    0.7500         2.9547        -2.2047  (VIOLATED)
   ANTENNA__359__A/DIODE      0.7500         2.9547        -2.2047  (VIOLATED)
   _360_/A                    0.7500         2.9546        -2.2046  (VIOLATED)
   ANTENNA__360__A/DIODE      0.7500         2.9545        -2.2045  (VIOLATED)
   ANTENNA__356__A/DIODE      0.7500         2.9545        -2.2045  (VIOLATED)
   ANTENNA__296__B/DIODE      0.7500         2.9526        -2.2026  (VIOLATED)
   ANTENNA__334__B2/DIODE     0.7500         2.9526        -2.2026  (VIOLATED)
   _334_/B2                   0.7500         2.9526        -2.2026  (VIOLATED)
   _296_/B                    0.7500         2.9526        -2.2026  (VIOLATED)
   _348_/A1                   0.7500         2.9526        -2.2026  (VIOLATED)
   ANTENNA__348__A1/DIODE     0.7500         2.9526        -2.2026  (VIOLATED)
   _350_/B2                   0.7500         2.9526        -2.2026  (VIOLATED)
   _342_/A1                   0.7500         2.9526        -2.2026  (VIOLATED)
   ANTENNA__337__A1/DIODE     0.7500         2.9526        -2.2026  (VIOLATED)
   ANTENNA__342__A1/DIODE     0.7500         2.9526        -2.2026  (VIOLATED)
   _337_/A1                   0.7500         2.9526        -2.2026  (VIOLATED)
   ANTENNA__343__A1/DIODE     0.7500         2.9526        -2.2026  (VIOLATED)
   ANTENNA__341__B2/DIODE     0.7500         2.9526        -2.2026  (VIOLATED)
   _341_/B2                   0.7500         2.9526        -2.2026  (VIOLATED)
   ANTENNA__350__B2/DIODE     0.7500         2.9526        -2.2026  (VIOLATED)
   _300_/A1                   0.7500         2.9524        -2.2024  (VIOLATED)
   ANTENNA__300__A1/DIODE     0.7500         2.9524        -2.2024  (VIOLATED)
   ANTENNA__313__B/DIODE      0.7500         2.9524        -2.2024  (VIOLATED)
   ANTENNA__306__A1/DIODE     0.7500         2.9524        -2.2024  (VIOLATED)
   _302_/A1                   0.7500         2.9524        -2.2024  (VIOLATED)
   ANTENNA__316__B2/DIODE     0.7500         2.9524        -2.2024  (VIOLATED)
   ANTENNA__317__A1/DIODE     0.7500         2.9524        -2.2024  (VIOLATED)
   _306_/A1                   0.7500         2.9524        -2.2024  (VIOLATED)
   ANTENNA__309__A1/DIODE     0.7500         2.9524        -2.2024  (VIOLATED)
   _313_/B                    0.7500         2.9524        -2.2024  (VIOLATED)
   _316_/B2                   0.7500         2.9524        -2.2024  (VIOLATED)
   _378_/A                    0.7500         2.9524        -2.2024  (VIOLATED)
   ANTENNA__289__A2/DIODE     0.7500         2.9524        -2.2024  (VIOLATED)
   dco                        0.7500         2.9524        -2.2024  (VIOLATED)
   _355_/Y                    0.7500         1.4647        -0.7147  (VIOLATED)
   _374_/B                    0.7500         1.4644        -0.7144  (VIOLATED)
   _375_/B                    0.7500         1.4643        -0.7143  (VIOLATED)
   _376_/B                    0.7500         1.4636        -0.7136  (VIOLATED)
   _378_/B                    0.7500         1.4635        -0.7135  (VIOLATED)
   _377_/B                    0.7500         1.4635        -0.7135  (VIOLATED)
   _363_/B                    0.7500         1.4633        -0.7133  (VIOLATED)
   ringosc.iss.ctrlen0/A      0.7500         1.4630        -0.7130  (VIOLATED)
   ringosc.iss.reseten0/TE    0.7500         1.4630        -0.7130  (VIOLATED)
   _367_/B                    0.7500         1.4630        -0.7130  (VIOLATED)
   _360_/B                    0.7500         1.4630        -0.7130  (VIOLATED)
   _368_/B                    0.7500         1.4630        -0.7130  (VIOLATED)
   _366_/B                    0.7500         1.4629        -0.7129  (VIOLATED)
   _359_/B                    0.7500         1.4628        -0.7128  (VIOLATED)
   _370_/B                    0.7500         1.4628        -0.7128  (VIOLATED)
   _369_/B                    0.7500         1.4628        -0.7128  (VIOLATED)
   _364_/B                    0.7500         1.4627        -0.7127  (VIOLATED)
   _372_/B                    0.7500         1.4626        -0.7126  (VIOLATED)
   _358_/B                    0.7500         1.4626        -0.7126  (VIOLATED)
   _373_/B                    0.7500         1.4625        -0.7125  (VIOLATED)
   _365_/B                    0.7500         1.4624        -0.7124  (VIOLATED)
   _362_/B                    0.7500         1.4623        -0.7123  (VIOLATED)
   _371_/B                    0.7500         1.4621        -0.7121  (VIOLATED)
   _356_/B                    0.7500         1.4619        -0.7119  (VIOLATED)
   _357_/B                    0.7500         1.4616        -0.7116  (VIOLATED)
   _361_/B                    0.7500         1.4615        -0.7115  (VIOLATED)
   _181_/Y                    0.7500         1.2132        -0.4632  (VIOLATED)
   _285_/S                    0.7500         1.2130        -0.4630  (VIOLATED)
   _183_/S                    0.7500         1.2125        -0.4625  (VIOLATED)
   _184_/S                    0.7500         1.2125        -0.4625  (VIOLATED)
   _284_/B                    0.7500         1.2124        -0.4624  (VIOLATED)
   _275_/B1                   0.7500         1.2124        -0.4624  (VIOLATED)
   _186_/S                    0.7500         1.2124        -0.4624  (VIOLATED)
   _277_/C1                   0.7500         1.2123        -0.4623  (VIOLATED)
   _187_/S                    0.7500         1.2123        -0.4623  (VIOLATED)
   _185_/S                    0.7500         1.2123        -0.4623  (VIOLATED)
   ringosc.dstage[0].id.delaybuf0/A   0.7500   1.1715      -0.4215  (VIOLATED)
   ringosc.ibufp00/A          0.7500         1.1715        -0.4215  (VIOLATED)
   ringosc.iss.reseten0/Z     0.7500         1.1715        -0.4215  (VIOLATED)
   ringosc.iss.delaybuf0/A    0.7500         0.9955        -0.2455  (VIOLATED)
   ringosc.iss.delayenb0/A    0.7500         0.9955        -0.2455  (VIOLATED)
   ringosc.iss.delayenb1/A    0.7500         0.9955        -0.2455  (VIOLATED)
   ringosc.dstage[11].id.delayen0/Z   0.7500   0.9955      -0.2455  (VIOLATED)
   _227_/X                    0.7500         0.8991        -0.1491  (VIOLATED)
   _269_/A                    0.7500         0.8970        -0.1470  (VIOLATED)
   _243_/A2                   0.7500         0.8968        -0.1468  (VIOLATED)
   _249_/B                    0.7500         0.8968        -0.1468  (VIOLATED)
   _263_/A1                   0.7500         0.8968        -0.1468  (VIOLATED)
   _252_/B2                   0.7500         0.8968        -0.1468  (VIOLATED)
   _250_/B                    0.7500         0.8968        -0.1468  (VIOLATED)
   _233_/C_N                  0.7500         0.8967        -0.1467  (VIOLATED)
   _251_/A1                   0.7500         0.8967        -0.1467  (VIOLATED)
   _254_/B                    0.7500         0.8966        -0.1466  (VIOLATED)
   _253_/B2                   0.7500         0.8966        -0.1466  (VIOLATED)
   _245_/B                    0.7500         0.8966        -0.1466  (VIOLATED)
   _246_/B                    0.7500         0.8965        -0.1465  (VIOLATED)
   _244_/B                    0.7500         0.8965        -0.1465  (VIOLATED)


1
