
===========================================================================
report_checks -path_delay max (Setup)
============================================================================
Startpoint: _8830_ (rising edge-triggered flip-flop clocked by sck)
Endpoint: _9114_ (falling edge-triggered flip-flop clocked by sck)
Path Group: sck
Path Type: max

Fanout     Cap    Slew   Delay    Time   Description
-----------------------------------------------------------------------------
                          0.00    0.00   clock sck (rise edge)
                          0.00    0.00   clock source latency
                  0.00    0.00    0.00 ^ mgmt_gpio_in[4] (in)
     1    0.03                           mgmt_gpio_in[4] (net)
                  0.00    0.00    0.00 ^ clkbuf_0_mgmt_gpio_in[4]/A (sky130_fd_sc_hd__clkbuf_16)
                  0.03    0.10    0.10 ^ clkbuf_0_mgmt_gpio_in[4]/X (sky130_fd_sc_hd__clkbuf_16)
     2    0.01                           clknet_0_mgmt_gpio_in[4] (net)
                  0.03    0.00    0.10 ^ clkbuf_1_0_0_mgmt_gpio_in[4]/A (sky130_fd_sc_hd__clkbuf_8)
                  0.03    0.12    0.22 ^ clkbuf_1_0_0_mgmt_gpio_in[4]/X (sky130_fd_sc_hd__clkbuf_8)
     2    0.01                           clknet_1_0_0_mgmt_gpio_in[4] (net)
                  0.03    0.00    0.22 ^ clkbuf_2_0_0_mgmt_gpio_in[4]/A (sky130_fd_sc_hd__clkbuf_8)
                  0.06    0.14    0.36 ^ clkbuf_2_0_0_mgmt_gpio_in[4]/X (sky130_fd_sc_hd__clkbuf_8)
    12    0.02                           clknet_2_0_0_mgmt_gpio_in[4] (net)
                  0.06    0.00    0.36 ^ _8830_/CLK (sky130_fd_sc_hd__dfrtp_4)
                  0.05    0.41    0.77 ^ _8830_/Q (sky130_fd_sc_hd__dfrtp_4)
     2    0.00                           hkspi.state[3] (net)
                  0.05    0.00    0.77 ^ hold94/A (sky130_fd_sc_hd__dlygate4sd3_1)
                  0.12    0.63    1.40 ^ hold94/X (sky130_fd_sc_hd__dlygate4sd3_1)
     2    0.01                           net600 (net)
                  0.12    0.00    1.40 ^ hold22/A (sky130_fd_sc_hd__dlygate4sd3_1)
                  0.36    0.82    2.22 ^ hold22/X (sky130_fd_sc_hd__dlygate4sd3_1)
     8    0.04                           net528 (net)
                  0.36    0.00    2.22 ^ _4353_/B (sky130_fd_sc_hd__and2_1)
                  0.07    0.21    2.43 ^ _4353_/X (sky130_fd_sc_hd__and2_1)
     2    0.01                           _0828_ (net)
                  0.07    0.00    2.43 ^ hold56/A (sky130_fd_sc_hd__dlygate4sd3_1)
                  0.07    0.59    3.02 ^ hold56/X (sky130_fd_sc_hd__dlygate4sd3_1)
     1    0.00                           net562 (net)
                  0.07    0.00    3.02 ^ _4355_/A3 (sky130_fd_sc_hd__o31a_1)
                  0.07    0.13    3.15 ^ _4355_/X (sky130_fd_sc_hd__o31a_1)
     1    0.00                           _0830_ (net)
                  0.07    0.00    3.15 ^ hold57/A (sky130_fd_sc_hd__dlygate4sd3_1)
                  0.09    0.60    3.75 ^ hold57/X (sky130_fd_sc_hd__dlygate4sd3_1)
     2    0.01                           net563 (net)
                  0.09    0.00    3.75 ^ _4356_/B1_N (sky130_fd_sc_hd__o21bai_1)
                  0.10    0.11    3.87 ^ _4356_/Y (sky130_fd_sc_hd__o21bai_1)
     1    0.00                           _0831_ (net)
                  0.10    0.00    3.87 ^ hold58/A (sky130_fd_sc_hd__dlygate4sd3_1)
                  0.13    0.65    4.51 ^ hold58/X (sky130_fd_sc_hd__dlygate4sd3_1)
     4    0.01                           net564 (net)
                  0.13    0.00    4.51 ^ _4391_/A (sky130_fd_sc_hd__or2_1)
                  0.03    0.12    4.63 ^ _4391_/X (sky130_fd_sc_hd__or2_1)
     1    0.00                           _0866_ (net)
                  0.03    0.00    4.63 ^ hold59/A (sky130_fd_sc_hd__dlygate4sd3_1)
                  0.10    0.60    5.23 ^ hold59/X (sky130_fd_sc_hd__dlygate4sd3_1)
     1    0.01                           net565 (net)
                  0.10    0.00    5.23 ^ _4392_/A (sky130_fd_sc_hd__buf_8)
                  0.03    0.10    5.33 ^ _4392_/X (sky130_fd_sc_hd__buf_8)
     1    0.01                           _0867_ (net)
                  0.03    0.00    5.33 ^ hold60/A (sky130_fd_sc_hd__dlygate4sd3_1)
                  0.85    1.16    6.49 ^ hold60/X (sky130_fd_sc_hd__dlygate4sd3_1)
     7    0.09                           net566 (net)
                  0.85    0.00    6.49 ^ _4407_/A (sky130_fd_sc_hd__nor2_1)
                  0.21    0.24    6.74 v _4407_/Y (sky130_fd_sc_hd__nor2_1)
     2    0.01                           _0882_ (net)
                  0.21    0.00    6.74 v max_cap387/A (sky130_fd_sc_hd__buf_6)
                  0.08    0.25    6.99 v max_cap387/X (sky130_fd_sc_hd__buf_6)
     9    0.08                           net387 (net)
                  0.08    0.01    7.00 v _4703_/A2 (sky130_fd_sc_hd__a22o_2)
                  0.13    0.39    7.39 v _4703_/X (sky130_fd_sc_hd__a22o_2)
     1    0.05                           _1172_ (net)
                  0.13    0.01    7.40 v _4704_/C1 (sky130_fd_sc_hd__a221o_1)
                  0.09    0.36    7.76 v _4704_/X (sky130_fd_sc_hd__a221o_1)
     1    0.01                           _1173_ (net)
                  0.09    0.00    7.76 v _4711_/A (sky130_fd_sc_hd__or4_1)
                  0.08    0.55    8.31 v _4711_/X (sky130_fd_sc_hd__or4_1)
     1    0.00                           _1180_ (net)
                  0.08    0.00    8.31 v _4724_/B (sky130_fd_sc_hd__or4_1)
                  0.09    0.54    8.85 v _4724_/X (sky130_fd_sc_hd__or4_1)
     1    0.00                           _1193_ (net)
                  0.09    0.00    8.85 v _4752_/A (sky130_fd_sc_hd__or4_4)
                  0.16    0.70    9.54 v _4752_/X (sky130_fd_sc_hd__or4_4)
     5    0.06                           _1221_ (net)
                  0.17    0.01    9.56 v _4753_/A1 (sky130_fd_sc_hd__mux2_1)
                  0.05    0.35    9.90 v _4753_/X (sky130_fd_sc_hd__mux2_1)
     1    0.00                           _1222_ (net)
                  0.05    0.00    9.90 v _4754_/A0 (sky130_fd_sc_hd__mux2_1)
                  0.05    0.29   10.19 v _4754_/X (sky130_fd_sc_hd__mux2_1)
     1    0.00                           _1223_ (net)
                  0.05    0.00   10.19 v hold957/A (sky130_fd_sc_hd__dlygate4sd3_1)
                  0.06    0.59   10.78 v hold957/X (sky130_fd_sc_hd__dlygate4sd3_1)
     1    0.00                           net1463 (net)
                  0.06    0.00   10.78 v _4755_/A (sky130_fd_sc_hd__clkbuf_1)
                  0.03    0.11   10.89 v _4755_/X (sky130_fd_sc_hd__clkbuf_1)
     1    0.00                           _0387_ (net)
                  0.03    0.00   10.89 v _9114_/D (sky130_fd_sc_hd__dfrtn_1)
                                 10.89   data arrival time

                         50.00   50.00   clock sck (fall edge)
                          0.00   50.00   clock source latency
                  0.00    0.00   50.00 v mgmt_gpio_in[4] (in)
     1    0.03                           mgmt_gpio_in[4] (net)
                  0.00    0.00   50.00 v clkbuf_0_mgmt_gpio_in[4]/A (sky130_fd_sc_hd__clkbuf_16)
                  0.03    0.11   50.11 v clkbuf_0_mgmt_gpio_in[4]/X (sky130_fd_sc_hd__clkbuf_16)
     2    0.01                           clknet_0_mgmt_gpio_in[4] (net)
                  0.03    0.00   50.11 v clkbuf_1_1_0_mgmt_gpio_in[4]/A (sky130_fd_sc_hd__clkbuf_8)
                  0.03    0.12   50.23 v clkbuf_1_1_0_mgmt_gpio_in[4]/X (sky130_fd_sc_hd__clkbuf_8)
     2    0.01                           clknet_1_1_0_mgmt_gpio_in[4] (net)
                  0.03    0.00   50.23 v clkbuf_2_2_0_mgmt_gpio_in[4]/A (sky130_fd_sc_hd__clkbuf_8)
                  0.04    0.13   50.36 v clkbuf_2_2_0_mgmt_gpio_in[4]/X (sky130_fd_sc_hd__clkbuf_8)
    10    0.02                           clknet_2_2_0_mgmt_gpio_in[4] (net)
                  0.04    0.00   50.36 v _9114_/CLK_N (sky130_fd_sc_hd__dfrtn_1)
                         -0.30   50.06   clock uncertainty
                          0.01   50.07   clock reconvergence pessimism
                         -0.15   49.92   library setup time
                                 49.92   data required time
-----------------------------------------------------------------------------
                                 49.92   data required time
                                -10.89   data arrival time
-----------------------------------------------------------------------------
                                 39.03   slack (MET)


Startpoint: _8830_ (rising edge-triggered flip-flop clocked by sck)
Endpoint: _9113_ (falling edge-triggered flip-flop clocked by sck)
Path Group: sck
Path Type: max

Fanout     Cap    Slew   Delay    Time   Description
-----------------------------------------------------------------------------
                          0.00    0.00   clock sck (rise edge)
                          0.00    0.00   clock source latency
                  0.00    0.00    0.00 ^ mgmt_gpio_in[4] (in)
     1    0.03                           mgmt_gpio_in[4] (net)
                  0.00    0.00    0.00 ^ clkbuf_0_mgmt_gpio_in[4]/A (sky130_fd_sc_hd__clkbuf_16)
                  0.03    0.10    0.10 ^ clkbuf_0_mgmt_gpio_in[4]/X (sky130_fd_sc_hd__clkbuf_16)
     2    0.01                           clknet_0_mgmt_gpio_in[4] (net)
                  0.03    0.00    0.10 ^ clkbuf_1_0_0_mgmt_gpio_in[4]/A (sky130_fd_sc_hd__clkbuf_8)
                  0.03    0.12    0.22 ^ clkbuf_1_0_0_mgmt_gpio_in[4]/X (sky130_fd_sc_hd__clkbuf_8)
     2    0.01                           clknet_1_0_0_mgmt_gpio_in[4] (net)
                  0.03    0.00    0.22 ^ clkbuf_2_0_0_mgmt_gpio_in[4]/A (sky130_fd_sc_hd__clkbuf_8)
                  0.06    0.14    0.36 ^ clkbuf_2_0_0_mgmt_gpio_in[4]/X (sky130_fd_sc_hd__clkbuf_8)
    12    0.02                           clknet_2_0_0_mgmt_gpio_in[4] (net)
                  0.06    0.00    0.36 ^ _8830_/CLK (sky130_fd_sc_hd__dfrtp_4)
                  0.05    0.41    0.77 ^ _8830_/Q (sky130_fd_sc_hd__dfrtp_4)
     2    0.00                           hkspi.state[3] (net)
                  0.05    0.00    0.77 ^ hold94/A (sky130_fd_sc_hd__dlygate4sd3_1)
                  0.12    0.63    1.40 ^ hold94/X (sky130_fd_sc_hd__dlygate4sd3_1)
     2    0.01                           net600 (net)
                  0.12    0.00    1.40 ^ hold22/A (sky130_fd_sc_hd__dlygate4sd3_1)
                  0.36    0.82    2.22 ^ hold22/X (sky130_fd_sc_hd__dlygate4sd3_1)
     8    0.04                           net528 (net)
                  0.36    0.00    2.22 ^ _4353_/B (sky130_fd_sc_hd__and2_1)
                  0.07    0.21    2.43 ^ _4353_/X (sky130_fd_sc_hd__and2_1)
     2    0.01                           _0828_ (net)
                  0.07    0.00    2.43 ^ hold56/A (sky130_fd_sc_hd__dlygate4sd3_1)
                  0.07    0.59    3.02 ^ hold56/X (sky130_fd_sc_hd__dlygate4sd3_1)
     1    0.00                           net562 (net)
                  0.07    0.00    3.02 ^ _4355_/A3 (sky130_fd_sc_hd__o31a_1)
                  0.07    0.13    3.15 ^ _4355_/X (sky130_fd_sc_hd__o31a_1)
     1    0.00                           _0830_ (net)
                  0.07    0.00    3.15 ^ hold57/A (sky130_fd_sc_hd__dlygate4sd3_1)
                  0.09    0.60    3.75 ^ hold57/X (sky130_fd_sc_hd__dlygate4sd3_1)
     2    0.01                           net563 (net)
                  0.09    0.00    3.75 ^ _4356_/B1_N (sky130_fd_sc_hd__o21bai_1)
                  0.10    0.11    3.87 ^ _4356_/Y (sky130_fd_sc_hd__o21bai_1)
     1    0.00                           _0831_ (net)
                  0.10    0.00    3.87 ^ hold58/A (sky130_fd_sc_hd__dlygate4sd3_1)
                  0.13    0.65    4.51 ^ hold58/X (sky130_fd_sc_hd__dlygate4sd3_1)
     4    0.01                           net564 (net)
                  0.13    0.00    4.51 ^ _4391_/A (sky130_fd_sc_hd__or2_1)
                  0.03    0.12    4.63 ^ _4391_/X (sky130_fd_sc_hd__or2_1)
     1    0.00                           _0866_ (net)
                  0.03    0.00    4.63 ^ hold59/A (sky130_fd_sc_hd__dlygate4sd3_1)
                  0.10    0.60    5.23 ^ hold59/X (sky130_fd_sc_hd__dlygate4sd3_1)
     1    0.01                           net565 (net)
                  0.10    0.00    5.23 ^ _4392_/A (sky130_fd_sc_hd__buf_8)
                  0.03    0.10    5.33 ^ _4392_/X (sky130_fd_sc_hd__buf_8)
     1    0.01                           _0867_ (net)
                  0.03    0.00    5.33 ^ hold60/A (sky130_fd_sc_hd__dlygate4sd3_1)
                  0.85    1.16    6.49 ^ hold60/X (sky130_fd_sc_hd__dlygate4sd3_1)
     7    0.09                           net566 (net)
                  0.85    0.00    6.49 ^ _4407_/A (sky130_fd_sc_hd__nor2_1)
                  0.21    0.24    6.74 v _4407_/Y (sky130_fd_sc_hd__nor2_1)
     2    0.01                           _0882_ (net)
                  0.21    0.00    6.74 v max_cap387/A (sky130_fd_sc_hd__buf_6)
                  0.08    0.25    6.99 v max_cap387/X (sky130_fd_sc_hd__buf_6)
     9    0.08                           net387 (net)
                  0.08    0.02    7.00 v _4766_/A2 (sky130_fd_sc_hd__a22o_1)
                  0.04    0.25    7.25 v _4766_/X (sky130_fd_sc_hd__a22o_1)
     1    0.00                           _1234_ (net)
                  0.04    0.00    7.25 v _4767_/C1 (sky130_fd_sc_hd__a221o_1)
                  0.06    0.27    7.52 v _4767_/X (sky130_fd_sc_hd__a221o_1)
     1    0.00                           _1235_ (net)
                  0.06    0.00    7.52 v _4772_/B (sky130_fd_sc_hd__or4_2)
                  0.13    0.73    8.26 v _4772_/X (sky130_fd_sc_hd__or4_2)
     1    0.01                           _1240_ (net)
                  0.13    0.00    8.26 v _4782_/B (sky130_fd_sc_hd__or3_1)
                  0.10    0.44    8.70 v _4782_/X (sky130_fd_sc_hd__or3_1)
     1    0.01                           _1250_ (net)
                  0.10    0.00    8.70 v _4817_/A (sky130_fd_sc_hd__or4_4)
                  0.16    0.69    9.38 v _4817_/X (sky130_fd_sc_hd__or4_4)
     5    0.05                           _1285_ (net)
                  0.16    0.01    9.39 v _4818_/A1 (sky130_fd_sc_hd__mux2_1)
                  0.05    0.34    9.74 v _4818_/X (sky130_fd_sc_hd__mux2_1)
     1    0.00                           _1286_ (net)
                  0.05    0.00    9.74 v _4819_/A0 (sky130_fd_sc_hd__mux2_1)
                  0.05    0.29   10.03 v _4819_/X (sky130_fd_sc_hd__mux2_1)
     1    0.00                           _1287_ (net)
                  0.05    0.00   10.03 v hold962/A (sky130_fd_sc_hd__dlygate4sd3_1)
                  0.05    0.58   10.60 v hold962/X (sky130_fd_sc_hd__dlygate4sd3_1)
     1    0.00                           net1468 (net)
                  0.05    0.00   10.60 v _4820_/A (sky130_fd_sc_hd__clkbuf_1)
                  0.03    0.10   10.70 v _4820_/X (sky130_fd_sc_hd__clkbuf_1)
     1    0.00                           _0386_ (net)
                  0.03    0.00   10.70 v _9113_/D (sky130_fd_sc_hd__dfrtn_1)
                                 10.70   data arrival time

                         50.00   50.00   clock sck (fall edge)
                          0.00   50.00   clock source latency
                  0.00    0.00   50.00 v mgmt_gpio_in[4] (in)
     1    0.03                           mgmt_gpio_in[4] (net)
                  0.00    0.00   50.00 v clkbuf_0_mgmt_gpio_in[4]/A (sky130_fd_sc_hd__clkbuf_16)
                  0.03    0.11   50.11 v clkbuf_0_mgmt_gpio_in[4]/X (sky130_fd_sc_hd__clkbuf_16)
     2    0.01                           clknet_0_mgmt_gpio_in[4] (net)
                  0.03    0.00   50.11 v clkbuf_1_1_0_mgmt_gpio_in[4]/A (sky130_fd_sc_hd__clkbuf_8)
                  0.03    0.12   50.23 v clkbuf_1_1_0_mgmt_gpio_in[4]/X (sky130_fd_sc_hd__clkbuf_8)
     2    0.01                           clknet_1_1_0_mgmt_gpio_in[4] (net)
                  0.03    0.00   50.23 v clkbuf_2_2_0_mgmt_gpio_in[4]/A (sky130_fd_sc_hd__clkbuf_8)
                  0.04    0.13   50.36 v clkbuf_2_2_0_mgmt_gpio_in[4]/X (sky130_fd_sc_hd__clkbuf_8)
    10    0.02                           clknet_2_2_0_mgmt_gpio_in[4] (net)
                  0.04    0.00   50.36 v _9113_/CLK_N (sky130_fd_sc_hd__dfrtn_1)
                         -0.30   50.06   clock uncertainty
                          0.01   50.07   clock reconvergence pessimism
                         -0.15   49.92   library setup time
                                 49.92   data required time
-----------------------------------------------------------------------------
                                 49.92   data required time
                                -10.70   data arrival time
-----------------------------------------------------------------------------
                                 39.22   slack (MET)


Startpoint: _8830_ (rising edge-triggered flip-flop clocked by sck)
Endpoint: _9115_ (falling edge-triggered flip-flop clocked by sck)
Path Group: sck
Path Type: max

Fanout     Cap    Slew   Delay    Time   Description
-----------------------------------------------------------------------------
                          0.00    0.00   clock sck (rise edge)
                          0.00    0.00   clock source latency
                  0.00    0.00    0.00 ^ mgmt_gpio_in[4] (in)
     1    0.03                           mgmt_gpio_in[4] (net)
                  0.00    0.00    0.00 ^ clkbuf_0_mgmt_gpio_in[4]/A (sky130_fd_sc_hd__clkbuf_16)
                  0.03    0.10    0.10 ^ clkbuf_0_mgmt_gpio_in[4]/X (sky130_fd_sc_hd__clkbuf_16)
     2    0.01                           clknet_0_mgmt_gpio_in[4] (net)
                  0.03    0.00    0.10 ^ clkbuf_1_0_0_mgmt_gpio_in[4]/A (sky130_fd_sc_hd__clkbuf_8)
                  0.03    0.12    0.22 ^ clkbuf_1_0_0_mgmt_gpio_in[4]/X (sky130_fd_sc_hd__clkbuf_8)
     2    0.01                           clknet_1_0_0_mgmt_gpio_in[4] (net)
                  0.03    0.00    0.22 ^ clkbuf_2_0_0_mgmt_gpio_in[4]/A (sky130_fd_sc_hd__clkbuf_8)
                  0.06    0.14    0.36 ^ clkbuf_2_0_0_mgmt_gpio_in[4]/X (sky130_fd_sc_hd__clkbuf_8)
    12    0.02                           clknet_2_0_0_mgmt_gpio_in[4] (net)
                  0.06    0.00    0.36 ^ _8830_/CLK (sky130_fd_sc_hd__dfrtp_4)
                  0.05    0.41    0.77 ^ _8830_/Q (sky130_fd_sc_hd__dfrtp_4)
     2    0.00                           hkspi.state[3] (net)
                  0.05    0.00    0.77 ^ hold94/A (sky130_fd_sc_hd__dlygate4sd3_1)
                  0.12    0.63    1.40 ^ hold94/X (sky130_fd_sc_hd__dlygate4sd3_1)
     2    0.01                           net600 (net)
                  0.12    0.00    1.40 ^ hold22/A (sky130_fd_sc_hd__dlygate4sd3_1)
                  0.36    0.82    2.22 ^ hold22/X (sky130_fd_sc_hd__dlygate4sd3_1)
     8    0.04                           net528 (net)
                  0.36    0.00    2.22 ^ _4353_/B (sky130_fd_sc_hd__and2_1)
                  0.07    0.21    2.43 ^ _4353_/X (sky130_fd_sc_hd__and2_1)
     2    0.01                           _0828_ (net)
                  0.07    0.00    2.43 ^ hold56/A (sky130_fd_sc_hd__dlygate4sd3_1)
                  0.07    0.59    3.02 ^ hold56/X (sky130_fd_sc_hd__dlygate4sd3_1)
     1    0.00                           net562 (net)
                  0.07    0.00    3.02 ^ _4355_/A3 (sky130_fd_sc_hd__o31a_1)
                  0.07    0.13    3.15 ^ _4355_/X (sky130_fd_sc_hd__o31a_1)
     1    0.00                           _0830_ (net)
                  0.07    0.00    3.15 ^ hold57/A (sky130_fd_sc_hd__dlygate4sd3_1)
                  0.09    0.60    3.75 ^ hold57/X (sky130_fd_sc_hd__dlygate4sd3_1)
     2    0.01                           net563 (net)
                  0.09    0.00    3.75 ^ _4356_/B1_N (sky130_fd_sc_hd__o21bai_1)
                  0.10    0.11    3.87 ^ _4356_/Y (sky130_fd_sc_hd__o21bai_1)
     1    0.00                           _0831_ (net)
                  0.10    0.00    3.87 ^ hold58/A (sky130_fd_sc_hd__dlygate4sd3_1)
                  0.13    0.65    4.51 ^ hold58/X (sky130_fd_sc_hd__dlygate4sd3_1)
     4    0.01                           net564 (net)
                  0.13    0.00    4.51 ^ _4391_/A (sky130_fd_sc_hd__or2_1)
                  0.03    0.12    4.63 ^ _4391_/X (sky130_fd_sc_hd__or2_1)
     1    0.00                           _0866_ (net)
                  0.03    0.00    4.63 ^ hold59/A (sky130_fd_sc_hd__dlygate4sd3_1)
                  0.10    0.60    5.23 ^ hold59/X (sky130_fd_sc_hd__dlygate4sd3_1)
     1    0.01                           net565 (net)
                  0.10    0.00    5.23 ^ _4392_/A (sky130_fd_sc_hd__buf_8)
                  0.03    0.10    5.33 ^ _4392_/X (sky130_fd_sc_hd__buf_8)
     1    0.01                           _0867_ (net)
                  0.03    0.00    5.33 ^ hold60/A (sky130_fd_sc_hd__dlygate4sd3_1)
                  0.85    1.16    6.49 ^ hold60/X (sky130_fd_sc_hd__dlygate4sd3_1)
     7    0.09                           net566 (net)
                  0.85    0.01    6.49 ^ _4393_/A (sky130_fd_sc_hd__buf_12)
                  0.20    0.32    6.81 ^ _4393_/X (sky130_fd_sc_hd__buf_12)
    10    0.16                           _0868_ (net)
                  0.20    0.01    6.83 ^ _4656_/A (sky130_fd_sc_hd__nor2_4)
                  0.09    0.12    6.94 v _4656_/Y (sky130_fd_sc_hd__nor2_4)
     7    0.04                           _1126_ (net)
                  0.09    0.00    6.94 v _4657_/B1 (sky130_fd_sc_hd__a22o_1)
                  0.04    0.20    7.14 v _4657_/X (sky130_fd_sc_hd__a22o_1)
     1    0.00                           _1127_ (net)
                  0.04    0.00    7.14 v _4658_/C1 (sky130_fd_sc_hd__a221o_1)
                  0.05    0.26    7.40 v _4658_/X (sky130_fd_sc_hd__a221o_1)
     1    0.00                           _1128_ (net)
                  0.05    0.00    7.40 v _4673_/A (sky130_fd_sc_hd__or4_2)
                  0.16    0.79    8.19 v _4673_/X (sky130_fd_sc_hd__or4_2)
     1    0.02                           _1143_ (net)
                  0.16    0.00    8.19 v _4689_/C (sky130_fd_sc_hd__or4_1)
                  0.13    0.59    8.78 v _4689_/X (sky130_fd_sc_hd__or4_1)
     1    0.01                           _1159_ (net)
                  0.13    0.00    8.78 v _4690_/D (sky130_fd_sc_hd__or4_2)
                  0.20    0.74    9.52 v _4690_/X (sky130_fd_sc_hd__or4_2)
     1    0.03                           _1160_ (net)
                  0.20    0.01    9.53 v clkbuf_0__1160_/A (sky130_fd_sc_hd__clkbuf_16)
                  0.04    0.23    9.76 v clkbuf_0__1160_/X (sky130_fd_sc_hd__clkbuf_16)
     2    0.02                           clknet_0__1160_ (net)
                  0.04    0.00    9.76 v clkbuf_1_0__f__1160_/A (sky130_fd_sc_hd__clkbuf_16)
                  0.03    0.15    9.90 v clkbuf_1_0__f__1160_/X (sky130_fd_sc_hd__clkbuf_16)
     2    0.01                           clknet_1_0__leaf__1160_ (net)
                  0.03    0.00    9.90 v _4691_/A1 (sky130_fd_sc_hd__mux2_2)
                  0.05    0.27   10.17 v _4691_/X (sky130_fd_sc_hd__mux2_2)
     1    0.00                           _1161_ (net)
                  0.05    0.00   10.17 v _4692_/A0 (sky130_fd_sc_hd__mux2_2)
                  0.05    0.27   10.44 v _4692_/X (sky130_fd_sc_hd__mux2_2)
     1    0.00                           _1162_ (net)
                  0.05    0.00   10.44 v _4693_/A (sky130_fd_sc_hd__buf_1)
                  0.03    0.10   10.54 v _4693_/X (sky130_fd_sc_hd__buf_1)
     1    0.00                           _0388_ (net)
                  0.03    0.00   10.54 v _9115_/D (sky130_fd_sc_hd__dfrtn_1)
                                 10.54   data arrival time

                         50.00   50.00   clock sck (fall edge)
                          0.00   50.00   clock source latency
                  0.00    0.00   50.00 v mgmt_gpio_in[4] (in)
     1    0.03                           mgmt_gpio_in[4] (net)
                  0.00    0.00   50.00 v clkbuf_0_mgmt_gpio_in[4]/A (sky130_fd_sc_hd__clkbuf_16)
                  0.03    0.11   50.11 v clkbuf_0_mgmt_gpio_in[4]/X (sky130_fd_sc_hd__clkbuf_16)
     2    0.01                           clknet_0_mgmt_gpio_in[4] (net)
                  0.03    0.00   50.11 v clkbuf_1_1_0_mgmt_gpio_in[4]/A (sky130_fd_sc_hd__clkbuf_8)
                  0.03    0.12   50.23 v clkbuf_1_1_0_mgmt_gpio_in[4]/X (sky130_fd_sc_hd__clkbuf_8)
     2    0.01                           clknet_1_1_0_mgmt_gpio_in[4] (net)
                  0.03    0.00   50.23 v clkbuf_2_2_0_mgmt_gpio_in[4]/A (sky130_fd_sc_hd__clkbuf_8)
                  0.04    0.13   50.36 v clkbuf_2_2_0_mgmt_gpio_in[4]/X (sky130_fd_sc_hd__clkbuf_8)
    10    0.02                           clknet_2_2_0_mgmt_gpio_in[4] (net)
                  0.04    0.00   50.36 v _9115_/CLK_N (sky130_fd_sc_hd__dfrtn_1)
                         -0.30   50.06   clock uncertainty
                          0.01   50.07   clock reconvergence pessimism
                         -0.15   49.92   library setup time
                                 49.92   data required time
-----------------------------------------------------------------------------
                                 49.92   data required time
                                -10.54   data arrival time
-----------------------------------------------------------------------------
                                 39.38   slack (MET)


Startpoint: _8830_ (rising edge-triggered flip-flop clocked by sck)
Endpoint: _9116_ (falling edge-triggered flip-flop clocked by sck)
Path Group: sck
Path Type: max

Fanout     Cap    Slew   Delay    Time   Description
-----------------------------------------------------------------------------
                          0.00    0.00   clock sck (rise edge)
                          0.00    0.00   clock source latency
                  0.00    0.00    0.00 ^ mgmt_gpio_in[4] (in)
     1    0.03                           mgmt_gpio_in[4] (net)
                  0.00    0.00    0.00 ^ clkbuf_0_mgmt_gpio_in[4]/A (sky130_fd_sc_hd__clkbuf_16)
                  0.03    0.10    0.10 ^ clkbuf_0_mgmt_gpio_in[4]/X (sky130_fd_sc_hd__clkbuf_16)
     2    0.01                           clknet_0_mgmt_gpio_in[4] (net)
                  0.03    0.00    0.10 ^ clkbuf_1_0_0_mgmt_gpio_in[4]/A (sky130_fd_sc_hd__clkbuf_8)
                  0.03    0.12    0.22 ^ clkbuf_1_0_0_mgmt_gpio_in[4]/X (sky130_fd_sc_hd__clkbuf_8)
     2    0.01                           clknet_1_0_0_mgmt_gpio_in[4] (net)
                  0.03    0.00    0.22 ^ clkbuf_2_0_0_mgmt_gpio_in[4]/A (sky130_fd_sc_hd__clkbuf_8)
                  0.06    0.14    0.36 ^ clkbuf_2_0_0_mgmt_gpio_in[4]/X (sky130_fd_sc_hd__clkbuf_8)
    12    0.02                           clknet_2_0_0_mgmt_gpio_in[4] (net)
                  0.06    0.00    0.36 ^ _8830_/CLK (sky130_fd_sc_hd__dfrtp_4)
                  0.05    0.41    0.77 ^ _8830_/Q (sky130_fd_sc_hd__dfrtp_4)
     2    0.00                           hkspi.state[3] (net)
                  0.05    0.00    0.77 ^ hold94/A (sky130_fd_sc_hd__dlygate4sd3_1)
                  0.12    0.63    1.40 ^ hold94/X (sky130_fd_sc_hd__dlygate4sd3_1)
     2    0.01                           net600 (net)
                  0.12    0.00    1.40 ^ hold22/A (sky130_fd_sc_hd__dlygate4sd3_1)
                  0.36    0.82    2.22 ^ hold22/X (sky130_fd_sc_hd__dlygate4sd3_1)
     8    0.04                           net528 (net)
                  0.36    0.00    2.22 ^ _4353_/B (sky130_fd_sc_hd__and2_1)
                  0.07    0.21    2.43 ^ _4353_/X (sky130_fd_sc_hd__and2_1)
     2    0.01                           _0828_ (net)
                  0.07    0.00    2.43 ^ hold56/A (sky130_fd_sc_hd__dlygate4sd3_1)
                  0.07    0.59    3.02 ^ hold56/X (sky130_fd_sc_hd__dlygate4sd3_1)
     1    0.00                           net562 (net)
                  0.07    0.00    3.02 ^ _4355_/A3 (sky130_fd_sc_hd__o31a_1)
                  0.07    0.13    3.15 ^ _4355_/X (sky130_fd_sc_hd__o31a_1)
     1    0.00                           _0830_ (net)
                  0.07    0.00    3.15 ^ hold57/A (sky130_fd_sc_hd__dlygate4sd3_1)
                  0.09    0.60    3.75 ^ hold57/X (sky130_fd_sc_hd__dlygate4sd3_1)
     2    0.01                           net563 (net)
                  0.09    0.00    3.75 ^ _4356_/B1_N (sky130_fd_sc_hd__o21bai_1)
                  0.10    0.11    3.87 ^ _4356_/Y (sky130_fd_sc_hd__o21bai_1)
     1    0.00                           _0831_ (net)
                  0.10    0.00    3.87 ^ hold58/A (sky130_fd_sc_hd__dlygate4sd3_1)
                  0.13    0.65    4.51 ^ hold58/X (sky130_fd_sc_hd__dlygate4sd3_1)
     4    0.01                           net564 (net)
                  0.13    0.00    4.51 ^ _4391_/A (sky130_fd_sc_hd__or2_1)
                  0.03    0.12    4.63 ^ _4391_/X (sky130_fd_sc_hd__or2_1)
     1    0.00                           _0866_ (net)
                  0.03    0.00    4.63 ^ hold59/A (sky130_fd_sc_hd__dlygate4sd3_1)
                  0.10    0.60    5.23 ^ hold59/X (sky130_fd_sc_hd__dlygate4sd3_1)
     1    0.01                           net565 (net)
                  0.10    0.00    5.23 ^ _4392_/A (sky130_fd_sc_hd__buf_8)
                  0.03    0.10    5.33 ^ _4392_/X (sky130_fd_sc_hd__buf_8)
     1    0.01                           _0867_ (net)
                  0.03    0.00    5.33 ^ hold60/A (sky130_fd_sc_hd__dlygate4sd3_1)
                  0.85    1.16    6.49 ^ hold60/X (sky130_fd_sc_hd__dlygate4sd3_1)
     7    0.09                           net566 (net)
                  0.85    0.00    6.49 ^ _4407_/A (sky130_fd_sc_hd__nor2_1)
                  0.21    0.24    6.74 v _4407_/Y (sky130_fd_sc_hd__nor2_1)
     2    0.01                           _0882_ (net)
                  0.21    0.00    6.74 v max_cap387/A (sky130_fd_sc_hd__buf_6)
                  0.08    0.25    6.99 v max_cap387/X (sky130_fd_sc_hd__buf_6)
     9    0.08                           net387 (net)
                  0.08    0.01    7.00 v _4567_/A2 (sky130_fd_sc_hd__a22o_1)
                  0.07    0.28    7.28 v _4567_/X (sky130_fd_sc_hd__a22o_1)
     1    0.01                           _1038_ (net)
                  0.07    0.00    7.28 v _4568_/C1 (sky130_fd_sc_hd__a221o_2)
                  0.10    0.39    7.67 v _4568_/X (sky130_fd_sc_hd__a221o_2)
     3    0.02                           _1039_ (net)
                  0.10    0.00    7.68 v _4569_/D (sky130_fd_sc_hd__or4_1)
                  0.09    0.45    8.13 v _4569_/X (sky130_fd_sc_hd__or4_1)
     1    0.00                           _1040_ (net)
                  0.09    0.00    8.13 v _4573_/C (sky130_fd_sc_hd__or4_1)
                  0.13    0.57    8.70 v _4573_/X (sky130_fd_sc_hd__or4_1)
     1    0.01                           _1044_ (net)
                  0.13    0.00    8.70 v _4591_/A (sky130_fd_sc_hd__or3_4)
                  0.12    0.51    9.21 v _4591_/X (sky130_fd_sc_hd__or3_4)
     5    0.04                           _1062_ (net)
                  0.12    0.00    9.21 v _4592_/A1 (sky130_fd_sc_hd__mux2_1)
                  0.05    0.32    9.53 v _4592_/X (sky130_fd_sc_hd__mux2_1)
     1    0.00                           _1063_ (net)
                  0.05    0.00    9.53 v _4593_/A0 (sky130_fd_sc_hd__mux2_1)
                  0.05    0.28    9.82 v _4593_/X (sky130_fd_sc_hd__mux2_1)
     1    0.00                           _1064_ (net)
                  0.05    0.00    9.82 v hold973/A (sky130_fd_sc_hd__dlygate4sd3_1)
                  0.06    0.59   10.40 v hold973/X (sky130_fd_sc_hd__dlygate4sd3_1)
     1    0.00                           net1479 (net)
                  0.06    0.00   10.40 v _4594_/A (sky130_fd_sc_hd__clkbuf_1)
                  0.03    0.10   10.51 v _4594_/X (sky130_fd_sc_hd__clkbuf_1)
     1    0.00                           _0389_ (net)
                  0.03    0.00   10.51 v _9116_/D (sky130_fd_sc_hd__dfrtn_1)
                                 10.51   data arrival time

                         50.00   50.00   clock sck (fall edge)
                          0.00   50.00   clock source latency
                  0.00    0.00   50.00 v mgmt_gpio_in[4] (in)
     1    0.03                           mgmt_gpio_in[4] (net)
                  0.00    0.00   50.00 v clkbuf_0_mgmt_gpio_in[4]/A (sky130_fd_sc_hd__clkbuf_16)
                  0.03    0.11   50.11 v clkbuf_0_mgmt_gpio_in[4]/X (sky130_fd_sc_hd__clkbuf_16)
     2    0.01                           clknet_0_mgmt_gpio_in[4] (net)
                  0.03    0.00   50.11 v clkbuf_1_1_0_mgmt_gpio_in[4]/A (sky130_fd_sc_hd__clkbuf_8)
                  0.03    0.12   50.23 v clkbuf_1_1_0_mgmt_gpio_in[4]/X (sky130_fd_sc_hd__clkbuf_8)
     2    0.01                           clknet_1_1_0_mgmt_gpio_in[4] (net)
                  0.03    0.00   50.23 v clkbuf_2_2_0_mgmt_gpio_in[4]/A (sky130_fd_sc_hd__clkbuf_8)
                  0.04    0.13   50.36 v clkbuf_2_2_0_mgmt_gpio_in[4]/X (sky130_fd_sc_hd__clkbuf_8)
    10    0.02                           clknet_2_2_0_mgmt_gpio_in[4] (net)
                  0.04    0.00   50.36 v _9116_/CLK_N (sky130_fd_sc_hd__dfrtn_1)
                         -0.30   50.06   clock uncertainty
                          0.01   50.07   clock reconvergence pessimism
                         -0.15   49.92   library setup time
                                 49.92   data required time
-----------------------------------------------------------------------------
                                 49.92   data required time
                                -10.51   data arrival time
-----------------------------------------------------------------------------
                                 39.42   slack (MET)


Startpoint: _8830_ (rising edge-triggered flip-flop clocked by sck)
Endpoint: _9117_ (falling edge-triggered flip-flop clocked by sck)
Path Group: sck
Path Type: max

Fanout     Cap    Slew   Delay    Time   Description
-----------------------------------------------------------------------------
                          0.00    0.00   clock sck (rise edge)
                          0.00    0.00   clock source latency
                  0.00    0.00    0.00 ^ mgmt_gpio_in[4] (in)
     1    0.03                           mgmt_gpio_in[4] (net)
                  0.00    0.00    0.00 ^ clkbuf_0_mgmt_gpio_in[4]/A (sky130_fd_sc_hd__clkbuf_16)
                  0.03    0.10    0.10 ^ clkbuf_0_mgmt_gpio_in[4]/X (sky130_fd_sc_hd__clkbuf_16)
     2    0.01                           clknet_0_mgmt_gpio_in[4] (net)
                  0.03    0.00    0.10 ^ clkbuf_1_0_0_mgmt_gpio_in[4]/A (sky130_fd_sc_hd__clkbuf_8)
                  0.03    0.12    0.22 ^ clkbuf_1_0_0_mgmt_gpio_in[4]/X (sky130_fd_sc_hd__clkbuf_8)
     2    0.01                           clknet_1_0_0_mgmt_gpio_in[4] (net)
                  0.03    0.00    0.22 ^ clkbuf_2_0_0_mgmt_gpio_in[4]/A (sky130_fd_sc_hd__clkbuf_8)
                  0.06    0.14    0.36 ^ clkbuf_2_0_0_mgmt_gpio_in[4]/X (sky130_fd_sc_hd__clkbuf_8)
    12    0.02                           clknet_2_0_0_mgmt_gpio_in[4] (net)
                  0.06    0.00    0.36 ^ _8830_/CLK (sky130_fd_sc_hd__dfrtp_4)
                  0.05    0.41    0.77 ^ _8830_/Q (sky130_fd_sc_hd__dfrtp_4)
     2    0.00                           hkspi.state[3] (net)
                  0.05    0.00    0.77 ^ hold94/A (sky130_fd_sc_hd__dlygate4sd3_1)
                  0.12    0.63    1.40 ^ hold94/X (sky130_fd_sc_hd__dlygate4sd3_1)
     2    0.01                           net600 (net)
                  0.12    0.00    1.40 ^ hold22/A (sky130_fd_sc_hd__dlygate4sd3_1)
                  0.36    0.82    2.22 ^ hold22/X (sky130_fd_sc_hd__dlygate4sd3_1)
     8    0.04                           net528 (net)
                  0.36    0.00    2.22 ^ _4353_/B (sky130_fd_sc_hd__and2_1)
                  0.07    0.21    2.43 ^ _4353_/X (sky130_fd_sc_hd__and2_1)
     2    0.01                           _0828_ (net)
                  0.07    0.00    2.43 ^ hold56/A (sky130_fd_sc_hd__dlygate4sd3_1)
                  0.07    0.59    3.02 ^ hold56/X (sky130_fd_sc_hd__dlygate4sd3_1)
     1    0.00                           net562 (net)
                  0.07    0.00    3.02 ^ _4355_/A3 (sky130_fd_sc_hd__o31a_1)
                  0.07    0.13    3.15 ^ _4355_/X (sky130_fd_sc_hd__o31a_1)
     1    0.00                           _0830_ (net)
                  0.07    0.00    3.15 ^ hold57/A (sky130_fd_sc_hd__dlygate4sd3_1)
                  0.09    0.60    3.75 ^ hold57/X (sky130_fd_sc_hd__dlygate4sd3_1)
     2    0.01                           net563 (net)
                  0.09    0.00    3.75 ^ _4356_/B1_N (sky130_fd_sc_hd__o21bai_1)
                  0.10    0.11    3.87 ^ _4356_/Y (sky130_fd_sc_hd__o21bai_1)
     1    0.00                           _0831_ (net)
                  0.10    0.00    3.87 ^ hold58/A (sky130_fd_sc_hd__dlygate4sd3_1)
                  0.13    0.65    4.51 ^ hold58/X (sky130_fd_sc_hd__dlygate4sd3_1)
     4    0.01                           net564 (net)
                  0.13    0.00    4.51 ^ _4391_/A (sky130_fd_sc_hd__or2_1)
                  0.03    0.12    4.63 ^ _4391_/X (sky130_fd_sc_hd__or2_1)
     1    0.00                           _0866_ (net)
                  0.03    0.00    4.63 ^ hold59/A (sky130_fd_sc_hd__dlygate4sd3_1)
                  0.10    0.60    5.23 ^ hold59/X (sky130_fd_sc_hd__dlygate4sd3_1)
     1    0.01                           net565 (net)
                  0.10    0.00    5.23 ^ _4392_/A (sky130_fd_sc_hd__buf_8)
                  0.03    0.10    5.33 ^ _4392_/X (sky130_fd_sc_hd__buf_8)
     1    0.01                           _0867_ (net)
                  0.03    0.00    5.33 ^ hold60/A (sky130_fd_sc_hd__dlygate4sd3_1)
                  0.85    1.16    6.49 ^ hold60/X (sky130_fd_sc_hd__dlygate4sd3_1)
     7    0.09                           net566 (net)
                  0.85    0.01    6.49 ^ _4393_/A (sky130_fd_sc_hd__buf_12)
                  0.20    0.32    6.81 ^ _4393_/X (sky130_fd_sc_hd__buf_12)
    10    0.16                           _0868_ (net)
                  0.20    0.00    6.82 ^ _4458_/A (sky130_fd_sc_hd__nor2_4)
                  0.10    0.13    6.95 v _4458_/Y (sky130_fd_sc_hd__nor2_4)
     4    0.06                           _0933_ (net)
                  0.10    0.00    6.95 v max_cap362/A (sky130_fd_sc_hd__buf_6)
                  0.07    0.19    7.14 v max_cap362/X (sky130_fd_sc_hd__buf_6)
     6    0.08                           net362 (net)
                  0.07    0.00    7.14 v _4514_/B1 (sky130_fd_sc_hd__a221o_1)
                  0.05    0.30    7.45 v _4514_/X (sky130_fd_sc_hd__a221o_1)
     1    0.00                           _0988_ (net)
                  0.05    0.00    7.45 v _4521_/A (sky130_fd_sc_hd__or4_1)
                  0.08    0.54    7.99 v _4521_/X (sky130_fd_sc_hd__or4_1)
     1    0.00                           _0995_ (net)
                  0.08    0.00    7.99 v _4549_/A (sky130_fd_sc_hd__or4_4)
                  0.16    0.68    8.67 v _4549_/X (sky130_fd_sc_hd__or4_4)
     6    0.05                           _1022_ (net)
                  0.16    0.00    8.67 v _4550_/A1 (sky130_fd_sc_hd__mux2_1)
                  0.05    0.35    9.02 v _4550_/X (sky130_fd_sc_hd__mux2_1)
     1    0.00                           _1023_ (net)
                  0.05    0.00    9.02 v _4551_/A0 (sky130_fd_sc_hd__mux2_1)
                  0.05    0.28    9.30 v _4551_/X (sky130_fd_sc_hd__mux2_1)
     1    0.00                           _1024_ (net)
                  0.05    0.00    9.30 v hold964/A (sky130_fd_sc_hd__dlygate4sd3_1)
                  0.05    0.58    9.88 v hold964/X (sky130_fd_sc_hd__dlygate4sd3_1)
     1    0.00                           net1470 (net)
                  0.05    0.00    9.88 v _4552_/A (sky130_fd_sc_hd__clkbuf_1)
                  0.03    0.10    9.98 v _4552_/X (sky130_fd_sc_hd__clkbuf_1)
     1    0.00                           _0390_ (net)
                  0.03    0.00    9.98 v _9117_/D (sky130_fd_sc_hd__dfrtn_1)
                                  9.98   data arrival time

                         50.00   50.00   clock sck (fall edge)
                          0.00   50.00   clock source latency
                  0.00    0.00   50.00 v mgmt_gpio_in[4] (in)
     1    0.03                           mgmt_gpio_in[4] (net)
                  0.00    0.00   50.00 v clkbuf_0_mgmt_gpio_in[4]/A (sky130_fd_sc_hd__clkbuf_16)
                  0.03    0.11   50.11 v clkbuf_0_mgmt_gpio_in[4]/X (sky130_fd_sc_hd__clkbuf_16)
     2    0.01                           clknet_0_mgmt_gpio_in[4] (net)
                  0.03    0.00   50.11 v clkbuf_1_1_0_mgmt_gpio_in[4]/A (sky130_fd_sc_hd__clkbuf_8)
                  0.03    0.12   50.23 v clkbuf_1_1_0_mgmt_gpio_in[4]/X (sky130_fd_sc_hd__clkbuf_8)
     2    0.01                           clknet_1_1_0_mgmt_gpio_in[4] (net)
                  0.03    0.00   50.23 v clkbuf_2_2_0_mgmt_gpio_in[4]/A (sky130_fd_sc_hd__clkbuf_8)
                  0.04    0.13   50.36 v clkbuf_2_2_0_mgmt_gpio_in[4]/X (sky130_fd_sc_hd__clkbuf_8)
    10    0.02                           clknet_2_2_0_mgmt_gpio_in[4] (net)
                  0.04    0.00   50.36 v _9117_/CLK_N (sky130_fd_sc_hd__dfrtn_1)
                         -0.30   50.06   clock uncertainty
                          0.01   50.07   clock reconvergence pessimism
                         -0.15   49.92   library setup time
                                 49.92   data required time
-----------------------------------------------------------------------------
                                 49.92   data required time
                                 -9.98   data arrival time
-----------------------------------------------------------------------------
                                 39.94   slack (MET)


Startpoint: wb_clk_i (clock source 'wb_clk_i')
Endpoint: mgmt_gpio_out[14] (output port clocked by wb_clk_i)
Path Group: wb_clk_i
Path Type: max

Fanout     Cap    Slew   Delay    Time   Description
-----------------------------------------------------------------------------
                         12.50   12.50   clock wb_clk_i (fall edge)
                          0.00   12.50   clock source latency
                  0.00    0.00   12.50 v wb_clk_i (in)
     2    0.03                           wb_clk_i (net)
                  0.01    0.00   12.50 v clkbuf_0_wb_clk_i/A (sky130_fd_sc_hd__clkbuf_16)
                  0.03    0.14   12.64 v clkbuf_0_wb_clk_i/X (sky130_fd_sc_hd__clkbuf_16)
     2    0.02                           clknet_0_wb_clk_i (net)
                  0.03    0.00   12.64 v rebuffer3/A (sky130_fd_sc_hd__buf_6)
                  0.02    0.11   12.76 v rebuffer3/X (sky130_fd_sc_hd__buf_6)
     1    0.01                           net509 (net)
                  0.02    0.00   12.76 v clkbuf_1_1_0_wb_clk_i/A (sky130_fd_sc_hd__buf_8)
                  0.02    0.11   12.87 v clkbuf_1_1_0_wb_clk_i/X (sky130_fd_sc_hd__buf_8)
     1    0.01                           clknet_1_1_0_wb_clk_i (net)
                  0.02    0.00   12.87 v clkbuf_1_1_1_wb_clk_i/A (sky130_fd_sc_hd__buf_8)
                  0.04    0.13   12.99 v clkbuf_1_1_1_wb_clk_i/X (sky130_fd_sc_hd__buf_8)
     2    0.03                           clknet_1_1_1_wb_clk_i (net)
                  0.04    0.00   12.99 v clkbuf_2_3_0_wb_clk_i/A (sky130_fd_sc_hd__buf_8)
                  0.03    0.13   13.12 v clkbuf_2_3_0_wb_clk_i/X (sky130_fd_sc_hd__buf_8)
     2    0.02                           clknet_2_3_0_wb_clk_i (net)
                  0.03    0.00   13.12 v clkbuf_3_6_0_wb_clk_i/A (sky130_fd_sc_hd__buf_12)
                  0.03    0.12   13.24 v clkbuf_3_6_0_wb_clk_i/X (sky130_fd_sc_hd__buf_12)
     3    0.02                           clknet_3_6_0_wb_clk_i (net)
                  0.03    0.00   13.25 v _5226_/A1 (sky130_fd_sc_hd__mux2_4)
                  0.05    0.26   13.51 v _5226_/X (sky130_fd_sc_hd__mux2_4)
     1    0.00                           _1580_ (net)
                  0.05    0.00   13.51 v _5227_/A (sky130_fd_sc_hd__buf_1)
                  0.04    0.11   13.61 v _5227_/X (sky130_fd_sc_hd__buf_1)
     1    0.01                           mgmt_gpio_out_pre[14] (net)
                  0.04    0.00   13.61 v _9568_/A (sky130_fd_sc_hd__ebufn_8)
                  0.31    0.38   13.99 v _9568_/Z (sky130_fd_sc_hd__ebufn_8)
     1    0.22                           mgmt_gpio_out[14] (net)
                  0.31    0.00   14.00 v mgmt_gpio_out[14] (out)
                                 14.00   data arrival time

                         25.00   25.00   clock wb_clk_i (rise edge)
                          0.00   25.00   clock network delay (propagated)
                         -0.30   24.70   clock uncertainty
                          0.00   24.70   clock reconvergence pessimism
                        -22.00    2.70   output external delay
                                  2.70   data required time
-----------------------------------------------------------------------------
                                  2.70   data required time
                                -14.00   data arrival time
-----------------------------------------------------------------------------
                                -11.30   slack (VIOLATED)


Startpoint: user_clock (clock source 'user_clock')
Endpoint: mgmt_gpio_out[15] (output port clocked by wb_clk_i)
Path Group: wb_clk_i
Path Type: max

Fanout     Cap    Slew   Delay    Time   Description
-----------------------------------------------------------------------------
                         12.50   12.50   clock user_clock (fall edge)
                          0.00   12.50   clock source latency
                  0.00    0.00   12.50 v user_clock (in)
     3    0.06                           user_clock (net)
                  0.03    0.02   12.52 v _5224_/A1 (sky130_fd_sc_hd__mux2_2)
                  0.06    0.29   12.81 v _5224_/X (sky130_fd_sc_hd__mux2_2)
     1    0.01                           _1579_ (net)
                  0.06    0.00   12.81 v _5225_/A (sky130_fd_sc_hd__buf_1)
                  0.02    0.10   12.91 v _5225_/X (sky130_fd_sc_hd__buf_1)
     1    0.00                           mgmt_gpio_out_pre[15] (net)
                  0.02    0.00   12.91 v _9569_/A (sky130_fd_sc_hd__ebufn_2)
                  0.83    0.75   13.66 v _9569_/Z (sky130_fd_sc_hd__ebufn_2)
     1    0.21                           mgmt_gpio_out[15] (net)
                  0.83    0.01   13.66 v mgmt_gpio_out[15] (out)
                                 13.66   data arrival time

                         25.00   25.00   clock wb_clk_i (rise edge)
                          0.00   25.00   clock network delay (propagated)
                         -0.30   24.70   clock uncertainty
                          0.00   24.70   clock reconvergence pessimism
                        -22.00    2.70   output external delay
                                  2.70   data required time
-----------------------------------------------------------------------------
                                  2.70   data required time
                                -13.66   data arrival time
-----------------------------------------------------------------------------
                                -10.96   slack (VIOLATED)


Startpoint: spimemio_flash_clk (input port clocked by wb_clk_i)
Endpoint: pad_flash_clk (output port clocked by wb_clk_i)
Path Group: wb_clk_i
Path Type: max

Fanout     Cap    Slew   Delay    Time   Description
-----------------------------------------------------------------------------
                          0.00    0.00   clock wb_clk_i (rise edge)
                          0.00    0.00   clock network delay (propagated)
                         10.00   10.00 ^ input external delay
                  0.00    0.00   10.00 ^ spimemio_flash_clk (in)
     1    0.00                           spimemio_flash_clk (net)
                  0.00    0.00   10.00 ^ input83/A (sky130_fd_sc_hd__buf_2)
                  0.17    0.19   10.19 ^ input83/X (sky130_fd_sc_hd__buf_2)
     5    0.03                           net83 (net)
                  0.17    0.01   10.19 ^ _5168_/A0 (sky130_fd_sc_hd__mux2_2)
                  0.04    0.19   10.38 ^ _5168_/X (sky130_fd_sc_hd__mux2_2)
     1    0.00                           _1550_ (net)
                  0.04    0.00   10.38 ^ _5169_/A (sky130_fd_sc_hd__buf_1)
                  0.15    0.16   10.54 ^ _5169_/X (sky130_fd_sc_hd__buf_1)
     1    0.01                           net250 (net)
                  0.15    0.00   10.54 ^ output250/A (sky130_fd_sc_hd__clkbuf_1)
                  2.53    1.91   12.46 ^ output250/X (sky130_fd_sc_hd__clkbuf_1)
     1    0.21                           pad_flash_clk (net)
                  2.53    0.02   12.47 ^ pad_flash_clk (out)
                                 12.47   data arrival time

                         25.00   25.00   clock wb_clk_i (rise edge)
                          0.00   25.00   clock network delay (propagated)
                         -0.30   24.70   clock uncertainty
                          0.00   24.70   clock reconvergence pessimism
                        -22.00    2.70   output external delay
                                  2.70   data required time
-----------------------------------------------------------------------------
                                  2.70   data required time
                                -12.47   data arrival time
-----------------------------------------------------------------------------
                                 -9.77   slack (VIOLATED)


Startpoint: mgmt_gpio_in[3] (input port clocked by wb_clk_i)
Endpoint: mgmt_gpio_out[1] (output port clocked by wb_clk_i)
Path Group: wb_clk_i
Path Type: max

Fanout     Cap    Slew   Delay    Time   Description
-----------------------------------------------------------------------------
                          0.00    0.00   clock wb_clk_i (rise edge)
                          0.00    0.00   clock network delay (propagated)
                         10.00   10.00 v input external delay
                  0.00    0.00   10.00 v mgmt_gpio_in[3] (in)
     1    0.01                           mgmt_gpio_in[3] (net)
                  0.00    0.00   10.00 v input67/A (sky130_fd_sc_hd__buf_6)
                  0.07    0.15   10.15 v input67/X (sky130_fd_sc_hd__buf_6)
     5    0.07                           net67 (net)
                  0.07    0.01   10.16 v _5071_/C (sky130_fd_sc_hd__nor3_1)
                  0.28    0.26   10.41 ^ _5071_/Y (sky130_fd_sc_hd__nor3_1)
     3    0.01                           _1506_ (net)
                  0.28    0.00   10.41 ^ _5072_/A (sky130_fd_sc_hd__buf_4)
                  0.16    0.28   10.69 ^ _5072_/X (sky130_fd_sc_hd__buf_4)
    10    0.06                           _1507_ (net)
                  0.16    0.01   10.70 ^ _5213_/S (sky130_fd_sc_hd__mux2_1)
                  0.05    0.35   11.05 v _5213_/X (sky130_fd_sc_hd__mux2_1)
     1    0.00                           _1572_ (net)
                  0.05    0.00   11.05 v _5214_/A0 (sky130_fd_sc_hd__mux2_1)
                  0.08    0.32   11.37 v _5214_/X (sky130_fd_sc_hd__mux2_1)
     1    0.01                           _1573_ (net)
                  0.08    0.00   11.37 v _5215_/A0 (sky130_fd_sc_hd__mux2_4)
                  0.08    0.34   11.71 v _5215_/X (sky130_fd_sc_hd__mux2_4)
     1    0.02                           _1574_ (net)
                  0.08    0.00   11.71 v _5216_/A (sky130_fd_sc_hd__clkbuf_1)
                  0.10    0.17   11.88 v _5216_/X (sky130_fd_sc_hd__clkbuf_1)
     1    0.02                           net246 (net)
                  0.10    0.00   11.88 v output246/A (sky130_fd_sc_hd__buf_12)
                  0.11    0.24   12.12 v output246/X (sky130_fd_sc_hd__buf_12)
     1    0.21                           mgmt_gpio_out[1] (net)
                  0.11    0.00   12.12 v mgmt_gpio_out[1] (out)
                                 12.12   data arrival time

                         25.00   25.00   clock wb_clk_i (rise edge)
                          0.00   25.00   clock network delay (propagated)
                         -0.30   24.70   clock uncertainty
                          0.00   24.70   clock reconvergence pessimism
                        -22.00    2.70   output external delay
                                  2.70   data required time
-----------------------------------------------------------------------------
                                  2.70   data required time
                                -12.12   data arrival time
-----------------------------------------------------------------------------
                                 -9.42   slack (VIOLATED)


Startpoint: mgmt_gpio_in[3] (input port clocked by wb_clk_i)
Endpoint: mgmt_gpio_oeb[1] (output port clocked by wb_clk_i)
Path Group: wb_clk_i
Path Type: max

Fanout     Cap    Slew   Delay    Time   Description
-----------------------------------------------------------------------------
                          0.00    0.00   clock wb_clk_i (rise edge)
                          0.00    0.00   clock network delay (propagated)
                         10.00   10.00 v input external delay
                  0.00    0.00   10.00 v mgmt_gpio_in[3] (in)
     1    0.01                           mgmt_gpio_in[3] (net)
                  0.00    0.00   10.00 v input67/A (sky130_fd_sc_hd__buf_6)
                  0.07    0.15   10.15 v input67/X (sky130_fd_sc_hd__buf_6)
     5    0.07                           net67 (net)
                  0.07    0.01   10.16 v _5071_/C (sky130_fd_sc_hd__nor3_1)
                  0.28    0.26   10.41 ^ _5071_/Y (sky130_fd_sc_hd__nor3_1)
     3    0.01                           _1506_ (net)
                  0.28    0.00   10.41 ^ _5072_/A (sky130_fd_sc_hd__buf_4)
                  0.16    0.28   10.69 ^ _5072_/X (sky130_fd_sc_hd__buf_4)
    10    0.06                           _1507_ (net)
                  0.16    0.01   10.70 ^ _5073_/A (sky130_fd_sc_hd__buf_2)
                  0.17    0.25   10.95 ^ _5073_/X (sky130_fd_sc_hd__buf_2)
    10    0.03                           _1508_ (net)
                  0.17    0.00   10.95 ^ _5220_/S (sky130_fd_sc_hd__mux2_4)
                  0.08    0.38   11.33 v _5220_/X (sky130_fd_sc_hd__mux2_4)
     1    0.03                           _1577_ (net)
                  0.08    0.01   11.34 v _5221_/A (sky130_fd_sc_hd__clkbuf_1)
                  0.11    0.18   11.52 v _5221_/X (sky130_fd_sc_hd__clkbuf_1)
     1    0.02                           net218 (net)
                  0.11    0.00   11.52 v output218/A (sky130_fd_sc_hd__buf_12)
                  0.11    0.24   11.76 v output218/X (sky130_fd_sc_hd__buf_12)
     1    0.21                           mgmt_gpio_oeb[1] (net)
                  0.11    0.00   11.77 v mgmt_gpio_oeb[1] (out)
                                 11.77   data arrival time

                         25.00   25.00   clock wb_clk_i (rise edge)
                          0.00   25.00   clock network delay (propagated)
                         -0.30   24.70   clock uncertainty
                          0.00   24.70   clock reconvergence pessimism
                        -22.00    2.70   output external delay
                                  2.70   data required time
-----------------------------------------------------------------------------
                                  2.70   data required time
                                -11.77   data arrival time
-----------------------------------------------------------------------------
                                 -9.07   slack (VIOLATED)


Startpoint: mgmt_gpio_in[2] (input port clocked by wb_clk_i)
Endpoint: _8995_ (rising edge-triggered flip-flop clocked by wbbd_sck)
Path Group: wbbd_sck
Path Type: max

Fanout     Cap    Slew   Delay    Time   Description
-----------------------------------------------------------------------------
                         25.00   25.00   clock wb_clk_i (rise edge)
                          0.00   25.00   clock network delay (propagated)
                         10.00   35.00 v input external delay
                  0.00    0.00   35.00 v mgmt_gpio_in[2] (in)
     1    0.01                           mgmt_gpio_in[2] (net)
                  0.00    0.00   35.00 v input58/A (sky130_fd_sc_hd__clkbuf_4)
                  0.09    0.18   35.18 v input58/X (sky130_fd_sc_hd__clkbuf_4)
     4    0.04                           net58 (net)
                  0.10    0.01   35.19 v _4372_/A1 (sky130_fd_sc_hd__mux2_1)
                  0.05    0.32   35.51 v _4372_/X (sky130_fd_sc_hd__mux2_1)
     1    0.00                           _0847_ (net)
                  0.05    0.00   35.51 v _4373_/A0 (sky130_fd_sc_hd__mux2_4)
                  0.09    0.35   35.85 v _4373_/X (sky130_fd_sc_hd__mux2_4)
     4    0.03                           _0848_ (net)
                  0.09    0.00   35.86 v _4383_/A (sky130_fd_sc_hd__nor2b_4)
                  0.27    0.29   36.14 ^ _4383_/Y (sky130_fd_sc_hd__nor2b_4)
     3    0.04                           _0858_ (net)
                  0.27    0.00   36.14 ^ _4418_/A (sky130_fd_sc_hd__nand2_8)
                  0.12    0.14   36.28 v _4418_/Y (sky130_fd_sc_hd__nand2_8)
     8    0.05                           _0893_ (net)
                  0.12    0.00   36.29 v _4491_/A (sky130_fd_sc_hd__nor2_2)
                  0.27    0.29   36.57 ^ _4491_/Y (sky130_fd_sc_hd__nor2_2)
     2    0.02                           _0966_ (net)
                  0.27    0.00   36.58 ^ max_cap372/A (sky130_fd_sc_hd__buf_8)
                  0.14    0.22   36.80 ^ max_cap372/X (sky130_fd_sc_hd__buf_8)
    13    0.09                           net372 (net)
                  0.15    0.02   36.82 ^ _5819_/B (sky130_fd_sc_hd__and2b_1)
                  0.15    0.23   37.05 ^ _5819_/X (sky130_fd_sc_hd__and2b_1)
     3    0.02                           _1911_ (net)
                  0.15    0.00   37.05 ^ _5821_/B1 (sky130_fd_sc_hd__o221a_4)
                  0.09    0.26   37.31 ^ _5821_/X (sky130_fd_sc_hd__o221a_4)
     2    0.02                           _1913_ (net)
                  0.09    0.00   37.31 ^ hold43/A (sky130_fd_sc_hd__dlygate4sd3_1)
                  0.64    1.02   38.33 ^ hold43/X (sky130_fd_sc_hd__dlygate4sd3_1)
     8    0.07                           net549 (net)
                  0.64    0.00   38.34 ^ _5843_/S (sky130_fd_sc_hd__mux2_1)
                  0.09    0.45   38.78 v _5843_/X (sky130_fd_sc_hd__mux2_1)
     1    0.01                           _1928_ (net)
                  0.09    0.00   38.78 v hold1083/A (sky130_fd_sc_hd__dlygate4sd3_1)
                  0.09    0.65   39.43 v hold1083/X (sky130_fd_sc_hd__dlygate4sd3_1)
     1    0.01                           net1589 (net)
                  0.09    0.00   39.43 v _5844_/A (sky130_fd_sc_hd__clkbuf_1)
                  0.07    0.15   39.58 v _5844_/X (sky130_fd_sc_hd__clkbuf_1)
     1    0.01                           _0282_ (net)
                  0.07    0.00   39.58 v hold1084/A (sky130_fd_sc_hd__dlygate4sd3_1)
                  0.09    0.64   40.22 v hold1084/X (sky130_fd_sc_hd__dlygate4sd3_1)
     2    0.01                           net1590 (net)
                  0.09    0.00   40.22 v _8995_/D (sky130_fd_sc_hd__dfrtp_1)
                                 40.22   data arrival time

                         50.00   50.00   clock wbbd_sck (rise edge)
                          0.00   50.00   clock source latency
                  0.00    0.00   50.00 ^ wb_clk_i (in)
     2    0.03                           wb_clk_i (net)
                  0.01    0.00   50.00 ^ clkbuf_0_wb_clk_i/A (sky130_fd_sc_hd__clkbuf_16)
                  0.04    0.11   50.11 ^ clkbuf_0_wb_clk_i/X (sky130_fd_sc_hd__clkbuf_16)
     2    0.02                           clknet_0_wb_clk_i (net)
                  0.04    0.00   50.11 ^ rebuffer3/A (sky130_fd_sc_hd__buf_6)
                  0.03    0.08   50.20 ^ rebuffer3/X (sky130_fd_sc_hd__buf_6)
     1    0.01                           net509 (net)
                  0.03    0.00   50.20 ^ clkbuf_1_1_0_wb_clk_i/A (sky130_fd_sc_hd__buf_8)
                  0.03    0.08   50.27 ^ clkbuf_1_1_0_wb_clk_i/X (sky130_fd_sc_hd__buf_8)
     1    0.01                           clknet_1_1_0_wb_clk_i (net)
                  0.03    0.00   50.27 ^ clkbuf_1_1_1_wb_clk_i/A (sky130_fd_sc_hd__buf_8)
                  0.06    0.10   50.37 ^ clkbuf_1_1_1_wb_clk_i/X (sky130_fd_sc_hd__buf_8)
     2    0.03                           clknet_1_1_1_wb_clk_i (net)
                  0.06    0.00   50.37 ^ clkbuf_2_3_0_wb_clk_i/A (sky130_fd_sc_hd__buf_8)
                  0.05    0.10   50.47 ^ clkbuf_2_3_0_wb_clk_i/X (sky130_fd_sc_hd__buf_8)
     2    0.02                           clknet_2_3_0_wb_clk_i (net)
                  0.05    0.00   50.47 ^ clkbuf_3_6_0_wb_clk_i/A (sky130_fd_sc_hd__buf_12)
                  0.04    0.09   50.57 ^ clkbuf_3_6_0_wb_clk_i/X (sky130_fd_sc_hd__buf_12)
     3    0.02                           clknet_3_6_0_wb_clk_i (net)
                  0.04    0.00   50.57 ^ rebuffer1/A (sky130_fd_sc_hd__dlygate4sd1_1)
                  0.26    0.33   50.90 ^ rebuffer1/X (sky130_fd_sc_hd__dlygate4sd1_1)
     6    0.03                           net507 (net)
                  0.26    0.00   50.90 ^ _9550_/CLK (sky130_fd_sc_hd__dfrtp_2)
                  0.06    0.41   51.31 ^ _9550_/Q (sky130_fd_sc_hd__dfrtp_2)
     1    0.01                           wbbd_sck (net)
                  0.06    0.00   51.31 ^ clkbuf_0_wbbd_sck/A (sky130_fd_sc_hd__clkbuf_16)
                  0.04    0.12   51.43 ^ clkbuf_0_wbbd_sck/X (sky130_fd_sc_hd__clkbuf_16)
     2    0.02                           clknet_0_wbbd_sck (net)
                  0.04    0.00   51.43 ^ clkbuf_1_0__f_wbbd_sck/A (sky130_fd_sc_hd__clkbuf_16)
                  0.03    0.10   51.53 ^ clkbuf_1_0__f_wbbd_sck/X (sky130_fd_sc_hd__clkbuf_16)
     1    0.00                           clknet_1_0__leaf_wbbd_sck (net)
                  0.03    0.00   51.53 ^ _5237_/A2 (sky130_fd_sc_hd__a22o_2)
                  0.15    0.21   51.74 ^ _5237_/X (sky130_fd_sc_hd__a22o_2)
     1    0.03                           csclk (net)
                  0.15    0.00   51.74 ^ clkbuf_0_csclk/A (sky130_fd_sc_hd__clkbuf_16)
                  0.04    0.16   51.90 ^ clkbuf_0_csclk/X (sky130_fd_sc_hd__clkbuf_16)
     2    0.02                           clknet_0_csclk (net)
                  0.04    0.00   51.90 ^ clkbuf_1_1_0_csclk/A (sky130_fd_sc_hd__clkbuf_8)
                  0.03    0.11   52.00 ^ clkbuf_1_1_0_csclk/X (sky130_fd_sc_hd__clkbuf_8)
     1    0.01                           clknet_1_1_0_csclk (net)
                  0.03    0.00   52.00 ^ clkbuf_1_1_1_csclk/A (sky130_fd_sc_hd__clkbuf_8)
                  0.06    0.13   52.13 ^ clkbuf_1_1_1_csclk/X (sky130_fd_sc_hd__clkbuf_8)
     2    0.03                           clknet_1_1_1_csclk (net)
                  0.06    0.00   52.13 ^ clkbuf_2_3_0_csclk/A (sky130_fd_sc_hd__clkbuf_8)
                  0.05    0.13   52.26 ^ clkbuf_2_3_0_csclk/X (sky130_fd_sc_hd__clkbuf_8)
     2    0.02                           clknet_2_3_0_csclk (net)
                  0.05    0.00   52.26 ^ clkbuf_3_7_0_csclk/A (sky130_fd_sc_hd__clkbuf_8)
                  0.27    0.27   52.53 ^ clkbuf_3_7_0_csclk/X (sky130_fd_sc_hd__clkbuf_8)
    15    0.16                           clknet_3_7_0_csclk (net)
                  0.27    0.01   52.55 ^ clkbuf_leaf_31_csclk/A (sky130_fd_sc_hd__clkbuf_16)
                  0.07    0.21   52.75 ^ clkbuf_leaf_31_csclk/X (sky130_fd_sc_hd__clkbuf_16)
    16    0.04                           clknet_leaf_31_csclk (net)
                  0.07    0.00   52.75 ^ _8995_/CLK (sky130_fd_sc_hd__dfrtp_1)
                          0.00   52.75   clock reconvergence pessimism
                         -0.13   52.62   library setup time
                                 52.62   data required time
-----------------------------------------------------------------------------
                                 52.62   data required time
                                -40.22   data arrival time
-----------------------------------------------------------------------------
                                 12.40   slack (MET)


Startpoint: mgmt_gpio_in[2] (input port clocked by wb_clk_i)
Endpoint: _8989_ (rising edge-triggered flip-flop clocked by wbbd_sck)
Path Group: wbbd_sck
Path Type: max

Fanout     Cap    Slew   Delay    Time   Description
-----------------------------------------------------------------------------
                         25.00   25.00   clock wb_clk_i (rise edge)
                          0.00   25.00   clock network delay (propagated)
                         10.00   35.00 v input external delay
                  0.00    0.00   35.00 v mgmt_gpio_in[2] (in)
     1    0.01                           mgmt_gpio_in[2] (net)
                  0.00    0.00   35.00 v input58/A (sky130_fd_sc_hd__clkbuf_4)
                  0.09    0.18   35.18 v input58/X (sky130_fd_sc_hd__clkbuf_4)
     4    0.04                           net58 (net)
                  0.10    0.01   35.19 v _4372_/A1 (sky130_fd_sc_hd__mux2_1)
                  0.05    0.32   35.51 v _4372_/X (sky130_fd_sc_hd__mux2_1)
     1    0.00                           _0847_ (net)
                  0.05    0.00   35.51 v _4373_/A0 (sky130_fd_sc_hd__mux2_4)
                  0.09    0.35   35.85 v _4373_/X (sky130_fd_sc_hd__mux2_4)
     4    0.03                           _0848_ (net)
                  0.09    0.00   35.86 v _4383_/A (sky130_fd_sc_hd__nor2b_4)
                  0.27    0.29   36.14 ^ _4383_/Y (sky130_fd_sc_hd__nor2b_4)
     3    0.04                           _0858_ (net)
                  0.27    0.00   36.14 ^ _4418_/A (sky130_fd_sc_hd__nand2_8)
                  0.12    0.14   36.28 v _4418_/Y (sky130_fd_sc_hd__nand2_8)
     8    0.05                           _0893_ (net)
                  0.12    0.00   36.29 v _4491_/A (sky130_fd_sc_hd__nor2_2)
                  0.27    0.29   36.57 ^ _4491_/Y (sky130_fd_sc_hd__nor2_2)
     2    0.02                           _0966_ (net)
                  0.27    0.00   36.58 ^ max_cap372/A (sky130_fd_sc_hd__buf_8)
                  0.14    0.22   36.80 ^ max_cap372/X (sky130_fd_sc_hd__buf_8)
    13    0.09                           net372 (net)
                  0.15    0.02   36.82 ^ _5819_/B (sky130_fd_sc_hd__and2b_1)
                  0.15    0.23   37.05 ^ _5819_/X (sky130_fd_sc_hd__and2b_1)
     3    0.02                           _1911_ (net)
                  0.15    0.00   37.05 ^ _5821_/B1 (sky130_fd_sc_hd__o221a_4)
                  0.09    0.26   37.31 ^ _5821_/X (sky130_fd_sc_hd__o221a_4)
     2    0.02                           _1913_ (net)
                  0.09    0.00   37.31 ^ hold43/A (sky130_fd_sc_hd__dlygate4sd3_1)
                  0.64    1.02   38.33 ^ hold43/X (sky130_fd_sc_hd__dlygate4sd3_1)
     8    0.07                           net549 (net)
                  0.64    0.01   38.34 ^ _5825_/S (sky130_fd_sc_hd__mux2_1)
                  0.08    0.44   38.78 v _5825_/X (sky130_fd_sc_hd__mux2_1)
     1    0.01                           _1916_ (net)
                  0.08    0.00   38.78 v hold1061/A (sky130_fd_sc_hd__dlygate4sd3_1)
                  0.07    0.62   39.39 v hold1061/X (sky130_fd_sc_hd__dlygate4sd3_1)
     1    0.01                           net1567 (net)
                  0.07    0.00   39.39 v _5826_/A (sky130_fd_sc_hd__clkbuf_1)
                  0.10    0.16   39.56 v _5826_/X (sky130_fd_sc_hd__clkbuf_1)
     2    0.02                           _0276_ (net)
                  0.10    0.00   39.56 v hold1062/A (sky130_fd_sc_hd__dlygate4sd3_1)
                  0.07    0.63   40.19 v hold1062/X (sky130_fd_sc_hd__dlygate4sd3_1)
     1    0.01                           net1568 (net)
                  0.07    0.00   40.19 v _8989_/D (sky130_fd_sc_hd__dfrtp_1)
                                 40.19   data arrival time

                         50.00   50.00   clock wbbd_sck (rise edge)
                          0.00   50.00   clock source latency
                  0.00    0.00   50.00 ^ wb_clk_i (in)
     2    0.03                           wb_clk_i (net)
                  0.01    0.00   50.00 ^ clkbuf_0_wb_clk_i/A (sky130_fd_sc_hd__clkbuf_16)
                  0.04    0.11   50.11 ^ clkbuf_0_wb_clk_i/X (sky130_fd_sc_hd__clkbuf_16)
     2    0.02                           clknet_0_wb_clk_i (net)
                  0.04    0.00   50.11 ^ rebuffer3/A (sky130_fd_sc_hd__buf_6)
                  0.03    0.08   50.20 ^ rebuffer3/X (sky130_fd_sc_hd__buf_6)
     1    0.01                           net509 (net)
                  0.03    0.00   50.20 ^ clkbuf_1_1_0_wb_clk_i/A (sky130_fd_sc_hd__buf_8)
                  0.03    0.08   50.27 ^ clkbuf_1_1_0_wb_clk_i/X (sky130_fd_sc_hd__buf_8)
     1    0.01                           clknet_1_1_0_wb_clk_i (net)
                  0.03    0.00   50.27 ^ clkbuf_1_1_1_wb_clk_i/A (sky130_fd_sc_hd__buf_8)
                  0.06    0.10   50.37 ^ clkbuf_1_1_1_wb_clk_i/X (sky130_fd_sc_hd__buf_8)
     2    0.03                           clknet_1_1_1_wb_clk_i (net)
                  0.06    0.00   50.37 ^ clkbuf_2_3_0_wb_clk_i/A (sky130_fd_sc_hd__buf_8)
                  0.05    0.10   50.47 ^ clkbuf_2_3_0_wb_clk_i/X (sky130_fd_sc_hd__buf_8)
     2    0.02                           clknet_2_3_0_wb_clk_i (net)
                  0.05    0.00   50.47 ^ clkbuf_3_6_0_wb_clk_i/A (sky130_fd_sc_hd__buf_12)
                  0.04    0.09   50.57 ^ clkbuf_3_6_0_wb_clk_i/X (sky130_fd_sc_hd__buf_12)
     3    0.02                           clknet_3_6_0_wb_clk_i (net)
                  0.04    0.00   50.57 ^ rebuffer1/A (sky130_fd_sc_hd__dlygate4sd1_1)
                  0.26    0.33   50.90 ^ rebuffer1/X (sky130_fd_sc_hd__dlygate4sd1_1)
     6    0.03                           net507 (net)
                  0.26    0.00   50.90 ^ _9550_/CLK (sky130_fd_sc_hd__dfrtp_2)
                  0.06    0.41   51.31 ^ _9550_/Q (sky130_fd_sc_hd__dfrtp_2)
     1    0.01                           wbbd_sck (net)
                  0.06    0.00   51.31 ^ clkbuf_0_wbbd_sck/A (sky130_fd_sc_hd__clkbuf_16)
                  0.04    0.12   51.43 ^ clkbuf_0_wbbd_sck/X (sky130_fd_sc_hd__clkbuf_16)
     2    0.02                           clknet_0_wbbd_sck (net)
                  0.04    0.00   51.43 ^ clkbuf_1_0__f_wbbd_sck/A (sky130_fd_sc_hd__clkbuf_16)
                  0.03    0.10   51.53 ^ clkbuf_1_0__f_wbbd_sck/X (sky130_fd_sc_hd__clkbuf_16)
     1    0.00                           clknet_1_0__leaf_wbbd_sck (net)
                  0.03    0.00   51.53 ^ _5237_/A2 (sky130_fd_sc_hd__a22o_2)
                  0.15    0.21   51.74 ^ _5237_/X (sky130_fd_sc_hd__a22o_2)
     1    0.03                           csclk (net)
                  0.15    0.00   51.74 ^ clkbuf_0_csclk/A (sky130_fd_sc_hd__clkbuf_16)
                  0.04    0.16   51.90 ^ clkbuf_0_csclk/X (sky130_fd_sc_hd__clkbuf_16)
     2    0.02                           clknet_0_csclk (net)
                  0.04    0.00   51.90 ^ clkbuf_1_1_0_csclk/A (sky130_fd_sc_hd__clkbuf_8)
                  0.03    0.11   52.00 ^ clkbuf_1_1_0_csclk/X (sky130_fd_sc_hd__clkbuf_8)
     1    0.01                           clknet_1_1_0_csclk (net)
                  0.03    0.00   52.00 ^ clkbuf_1_1_1_csclk/A (sky130_fd_sc_hd__clkbuf_8)
                  0.06    0.13   52.13 ^ clkbuf_1_1_1_csclk/X (sky130_fd_sc_hd__clkbuf_8)
     2    0.03                           clknet_1_1_1_csclk (net)
                  0.06    0.00   52.13 ^ clkbuf_2_3_0_csclk/A (sky130_fd_sc_hd__clkbuf_8)
                  0.05    0.13   52.26 ^ clkbuf_2_3_0_csclk/X (sky130_fd_sc_hd__clkbuf_8)
     2    0.02                           clknet_2_3_0_csclk (net)
                  0.05    0.00   52.26 ^ clkbuf_3_7_0_csclk/A (sky130_fd_sc_hd__clkbuf_8)
                  0.27    0.27   52.53 ^ clkbuf_3_7_0_csclk/X (sky130_fd_sc_hd__clkbuf_8)
    15    0.16                           clknet_3_7_0_csclk (net)
                  0.27    0.01   52.54 ^ clkbuf_leaf_38_csclk/A (sky130_fd_sc_hd__clkbuf_16)
                  0.05    0.19   52.73 ^ clkbuf_leaf_38_csclk/X (sky130_fd_sc_hd__clkbuf_16)
     8    0.02                           clknet_leaf_38_csclk (net)
                  0.05    0.00   52.73 ^ _8989_/CLK (sky130_fd_sc_hd__dfrtp_1)
                          0.00   52.73   clock reconvergence pessimism
                         -0.13   52.60   library setup time
                                 52.60   data required time
-----------------------------------------------------------------------------
                                 52.60   data required time
                                -40.19   data arrival time
-----------------------------------------------------------------------------
                                 12.42   slack (MET)


Startpoint: mgmt_gpio_in[2] (input port clocked by wb_clk_i)
Endpoint: _8988_ (rising edge-triggered flip-flop clocked by wbbd_sck)
Path Group: wbbd_sck
Path Type: max

Fanout     Cap    Slew   Delay    Time   Description
-----------------------------------------------------------------------------
                         25.00   25.00   clock wb_clk_i (rise edge)
                          0.00   25.00   clock network delay (propagated)
                         10.00   35.00 v input external delay
                  0.00    0.00   35.00 v mgmt_gpio_in[2] (in)
     1    0.01                           mgmt_gpio_in[2] (net)
                  0.00    0.00   35.00 v input58/A (sky130_fd_sc_hd__clkbuf_4)
                  0.09    0.18   35.18 v input58/X (sky130_fd_sc_hd__clkbuf_4)
     4    0.04                           net58 (net)
                  0.10    0.01   35.19 v _4372_/A1 (sky130_fd_sc_hd__mux2_1)
                  0.05    0.32   35.51 v _4372_/X (sky130_fd_sc_hd__mux2_1)
     1    0.00                           _0847_ (net)
                  0.05    0.00   35.51 v _4373_/A0 (sky130_fd_sc_hd__mux2_4)
                  0.09    0.35   35.85 v _4373_/X (sky130_fd_sc_hd__mux2_4)
     4    0.03                           _0848_ (net)
                  0.09    0.00   35.86 v _4383_/A (sky130_fd_sc_hd__nor2b_4)
                  0.27    0.29   36.14 ^ _4383_/Y (sky130_fd_sc_hd__nor2b_4)
     3    0.04                           _0858_ (net)
                  0.27    0.00   36.14 ^ _4418_/A (sky130_fd_sc_hd__nand2_8)
                  0.12    0.14   36.28 v _4418_/Y (sky130_fd_sc_hd__nand2_8)
     8    0.05                           _0893_ (net)
                  0.12    0.00   36.29 v _4491_/A (sky130_fd_sc_hd__nor2_2)
                  0.27    0.29   36.57 ^ _4491_/Y (sky130_fd_sc_hd__nor2_2)
     2    0.02                           _0966_ (net)
                  0.27    0.00   36.58 ^ max_cap372/A (sky130_fd_sc_hd__buf_8)
                  0.14    0.22   36.80 ^ max_cap372/X (sky130_fd_sc_hd__buf_8)
    13    0.09                           net372 (net)
                  0.15    0.02   36.82 ^ _5819_/B (sky130_fd_sc_hd__and2b_1)
                  0.15    0.23   37.05 ^ _5819_/X (sky130_fd_sc_hd__and2b_1)
     3    0.02                           _1911_ (net)
                  0.15    0.00   37.05 ^ _5821_/B1 (sky130_fd_sc_hd__o221a_4)
                  0.09    0.26   37.31 ^ _5821_/X (sky130_fd_sc_hd__o221a_4)
     2    0.02                           _1913_ (net)
                  0.09    0.00   37.31 ^ hold43/A (sky130_fd_sc_hd__dlygate4sd3_1)
                  0.64    1.02   38.33 ^ hold43/X (sky130_fd_sc_hd__dlygate4sd3_1)
     8    0.07                           net549 (net)
                  0.64    0.01   38.34 ^ _5822_/S (sky130_fd_sc_hd__mux2_1)
                  0.07    0.41   38.75 v _5822_/X (sky130_fd_sc_hd__mux2_1)
     1    0.01                           _1914_ (net)
                  0.07    0.00   38.75 v hold1063/A (sky130_fd_sc_hd__dlygate4sd3_1)
                  0.10    0.64   39.40 v hold1063/X (sky130_fd_sc_hd__dlygate4sd3_1)
     1    0.01                           net1569 (net)
                  0.10    0.00   39.40 v _5823_/A (sky130_fd_sc_hd__clkbuf_1)
                  0.06    0.15   39.55 v _5823_/X (sky130_fd_sc_hd__clkbuf_1)
     1    0.01                           _0275_ (net)
                  0.06    0.00   39.55 v hold1064/A (sky130_fd_sc_hd__dlygate4sd3_1)
                  0.06    0.60   40.15 v hold1064/X (sky130_fd_sc_hd__dlygate4sd3_1)
     1    0.00                           net1570 (net)
                  0.06    0.00   40.15 v _8988_/D (sky130_fd_sc_hd__dfrtp_1)
                                 40.15   data arrival time

                         50.00   50.00   clock wbbd_sck (rise edge)
                          0.00   50.00   clock source latency
                  0.00    0.00   50.00 ^ wb_clk_i (in)
     2    0.03                           wb_clk_i (net)
                  0.01    0.00   50.00 ^ clkbuf_0_wb_clk_i/A (sky130_fd_sc_hd__clkbuf_16)
                  0.04    0.11   50.11 ^ clkbuf_0_wb_clk_i/X (sky130_fd_sc_hd__clkbuf_16)
     2    0.02                           clknet_0_wb_clk_i (net)
                  0.04    0.00   50.11 ^ rebuffer3/A (sky130_fd_sc_hd__buf_6)
                  0.03    0.08   50.20 ^ rebuffer3/X (sky130_fd_sc_hd__buf_6)
     1    0.01                           net509 (net)
                  0.03    0.00   50.20 ^ clkbuf_1_1_0_wb_clk_i/A (sky130_fd_sc_hd__buf_8)
                  0.03    0.08   50.27 ^ clkbuf_1_1_0_wb_clk_i/X (sky130_fd_sc_hd__buf_8)
     1    0.01                           clknet_1_1_0_wb_clk_i (net)
                  0.03    0.00   50.27 ^ clkbuf_1_1_1_wb_clk_i/A (sky130_fd_sc_hd__buf_8)
                  0.06    0.10   50.37 ^ clkbuf_1_1_1_wb_clk_i/X (sky130_fd_sc_hd__buf_8)
     2    0.03                           clknet_1_1_1_wb_clk_i (net)
                  0.06    0.00   50.37 ^ clkbuf_2_3_0_wb_clk_i/A (sky130_fd_sc_hd__buf_8)
                  0.05    0.10   50.47 ^ clkbuf_2_3_0_wb_clk_i/X (sky130_fd_sc_hd__buf_8)
     2    0.02                           clknet_2_3_0_wb_clk_i (net)
                  0.05    0.00   50.47 ^ clkbuf_3_6_0_wb_clk_i/A (sky130_fd_sc_hd__buf_12)
                  0.04    0.09   50.57 ^ clkbuf_3_6_0_wb_clk_i/X (sky130_fd_sc_hd__buf_12)
     3    0.02                           clknet_3_6_0_wb_clk_i (net)
                  0.04    0.00   50.57 ^ rebuffer1/A (sky130_fd_sc_hd__dlygate4sd1_1)
                  0.26    0.33   50.90 ^ rebuffer1/X (sky130_fd_sc_hd__dlygate4sd1_1)
     6    0.03                           net507 (net)
                  0.26    0.00   50.90 ^ _9550_/CLK (sky130_fd_sc_hd__dfrtp_2)
                  0.06    0.41   51.31 ^ _9550_/Q (sky130_fd_sc_hd__dfrtp_2)
     1    0.01                           wbbd_sck (net)
                  0.06    0.00   51.31 ^ clkbuf_0_wbbd_sck/A (sky130_fd_sc_hd__clkbuf_16)
                  0.04    0.12   51.43 ^ clkbuf_0_wbbd_sck/X (sky130_fd_sc_hd__clkbuf_16)
     2    0.02                           clknet_0_wbbd_sck (net)
                  0.04    0.00   51.43 ^ clkbuf_1_0__f_wbbd_sck/A (sky130_fd_sc_hd__clkbuf_16)
                  0.03    0.10   51.53 ^ clkbuf_1_0__f_wbbd_sck/X (sky130_fd_sc_hd__clkbuf_16)
     1    0.00                           clknet_1_0__leaf_wbbd_sck (net)
                  0.03    0.00   51.53 ^ _5237_/A2 (sky130_fd_sc_hd__a22o_2)
                  0.15    0.21   51.74 ^ _5237_/X (sky130_fd_sc_hd__a22o_2)
     1    0.03                           csclk (net)
                  0.15    0.00   51.74 ^ clkbuf_0_csclk/A (sky130_fd_sc_hd__clkbuf_16)
                  0.04    0.16   51.90 ^ clkbuf_0_csclk/X (sky130_fd_sc_hd__clkbuf_16)
     2    0.02                           clknet_0_csclk (net)
                  0.04    0.00   51.90 ^ clkbuf_1_1_0_csclk/A (sky130_fd_sc_hd__clkbuf_8)
                  0.03    0.11   52.00 ^ clkbuf_1_1_0_csclk/X (sky130_fd_sc_hd__clkbuf_8)
     1    0.01                           clknet_1_1_0_csclk (net)
                  0.03    0.00   52.00 ^ clkbuf_1_1_1_csclk/A (sky130_fd_sc_hd__clkbuf_8)
                  0.06    0.13   52.13 ^ clkbuf_1_1_1_csclk/X (sky130_fd_sc_hd__clkbuf_8)
     2    0.03                           clknet_1_1_1_csclk (net)
                  0.06    0.00   52.13 ^ clkbuf_2_3_0_csclk/A (sky130_fd_sc_hd__clkbuf_8)
                  0.05    0.13   52.26 ^ clkbuf_2_3_0_csclk/X (sky130_fd_sc_hd__clkbuf_8)
     2    0.02                           clknet_2_3_0_csclk (net)
                  0.05    0.00   52.26 ^ clkbuf_3_7_0_csclk/A (sky130_fd_sc_hd__clkbuf_8)
                  0.27    0.27   52.53 ^ clkbuf_3_7_0_csclk/X (sky130_fd_sc_hd__clkbuf_8)
    15    0.16                           clknet_3_7_0_csclk (net)
                  0.27    0.01   52.54 ^ clkbuf_leaf_39_csclk/A (sky130_fd_sc_hd__clkbuf_16)
                  0.04    0.19   52.73 ^ clkbuf_leaf_39_csclk/X (sky130_fd_sc_hd__clkbuf_16)
     7    0.02                           clknet_leaf_39_csclk (net)
                  0.04    0.00   52.73 ^ _8988_/CLK (sky130_fd_sc_hd__dfrtp_1)
                          0.00   52.73   clock reconvergence pessimism
                         -0.12   52.60   library setup time
                                 52.60   data required time
-----------------------------------------------------------------------------
                                 52.60   data required time
                                -40.15   data arrival time
-----------------------------------------------------------------------------
                                 12.46   slack (MET)


Startpoint: mgmt_gpio_in[2] (input port clocked by wb_clk_i)
Endpoint: _8992_ (rising edge-triggered flip-flop clocked by wbbd_sck)
Path Group: wbbd_sck
Path Type: max

Fanout     Cap    Slew   Delay    Time   Description
-----------------------------------------------------------------------------
                         25.00   25.00   clock wb_clk_i (rise edge)
                          0.00   25.00   clock network delay (propagated)
                         10.00   35.00 v input external delay
                  0.00    0.00   35.00 v mgmt_gpio_in[2] (in)
     1    0.01                           mgmt_gpio_in[2] (net)
                  0.00    0.00   35.00 v input58/A (sky130_fd_sc_hd__clkbuf_4)
                  0.09    0.18   35.18 v input58/X (sky130_fd_sc_hd__clkbuf_4)
     4    0.04                           net58 (net)
                  0.10    0.01   35.19 v _4372_/A1 (sky130_fd_sc_hd__mux2_1)
                  0.05    0.32   35.51 v _4372_/X (sky130_fd_sc_hd__mux2_1)
     1    0.00                           _0847_ (net)
                  0.05    0.00   35.51 v _4373_/A0 (sky130_fd_sc_hd__mux2_4)
                  0.09    0.35   35.85 v _4373_/X (sky130_fd_sc_hd__mux2_4)
     4    0.03                           _0848_ (net)
                  0.09    0.00   35.86 v _4383_/A (sky130_fd_sc_hd__nor2b_4)
                  0.27    0.29   36.14 ^ _4383_/Y (sky130_fd_sc_hd__nor2b_4)
     3    0.04                           _0858_ (net)
                  0.27    0.00   36.14 ^ _4418_/A (sky130_fd_sc_hd__nand2_8)
                  0.12    0.14   36.28 v _4418_/Y (sky130_fd_sc_hd__nand2_8)
     8    0.05                           _0893_ (net)
                  0.12    0.00   36.29 v _4491_/A (sky130_fd_sc_hd__nor2_2)
                  0.27    0.29   36.57 ^ _4491_/Y (sky130_fd_sc_hd__nor2_2)
     2    0.02                           _0966_ (net)
                  0.27    0.00   36.58 ^ max_cap372/A (sky130_fd_sc_hd__buf_8)
                  0.14    0.22   36.80 ^ max_cap372/X (sky130_fd_sc_hd__buf_8)
    13    0.09                           net372 (net)
                  0.15    0.02   36.82 ^ _5819_/B (sky130_fd_sc_hd__and2b_1)
                  0.15    0.23   37.05 ^ _5819_/X (sky130_fd_sc_hd__and2b_1)
     3    0.02                           _1911_ (net)
                  0.15    0.00   37.05 ^ _5821_/B1 (sky130_fd_sc_hd__o221a_4)
                  0.09    0.26   37.31 ^ _5821_/X (sky130_fd_sc_hd__o221a_4)
     2    0.02                           _1913_ (net)
                  0.09    0.00   37.31 ^ hold43/A (sky130_fd_sc_hd__dlygate4sd3_1)
                  0.64    1.02   38.33 ^ hold43/X (sky130_fd_sc_hd__dlygate4sd3_1)
     8    0.07                           net549 (net)
                  0.64    0.00   38.34 ^ _5834_/S (sky130_fd_sc_hd__mux2_1)
                  0.10    0.46   38.79 v _5834_/X (sky130_fd_sc_hd__mux2_1)
     1    0.01                           _1922_ (net)
                  0.10    0.00   38.80 v hold1079/A (sky130_fd_sc_hd__dlygate4sd3_1)
                  0.06    0.60   39.40 v hold1079/X (sky130_fd_sc_hd__dlygate4sd3_1)
     1    0.00                           net1585 (net)
                  0.06    0.00   39.40 v _5835_/A (sky130_fd_sc_hd__clkbuf_1)
                  0.03    0.10   39.50 v _5835_/X (sky130_fd_sc_hd__clkbuf_1)
     1    0.00                           _0279_ (net)
                  0.03    0.00   39.50 v hold1080/A (sky130_fd_sc_hd__dlygate4sd3_1)
                  0.10    0.63   40.14 v hold1080/X (sky130_fd_sc_hd__dlygate4sd3_1)
     2    0.01                           net1586 (net)
                  0.10    0.00   40.14 v _8992_/D (sky130_fd_sc_hd__dfrtp_1)
                                 40.14   data arrival time

                         50.00   50.00   clock wbbd_sck (rise edge)
                          0.00   50.00   clock source latency
                  0.00    0.00   50.00 ^ wb_clk_i (in)
     2    0.03                           wb_clk_i (net)
                  0.01    0.00   50.00 ^ clkbuf_0_wb_clk_i/A (sky130_fd_sc_hd__clkbuf_16)
                  0.04    0.11   50.11 ^ clkbuf_0_wb_clk_i/X (sky130_fd_sc_hd__clkbuf_16)
     2    0.02                           clknet_0_wb_clk_i (net)
                  0.04    0.00   50.11 ^ rebuffer3/A (sky130_fd_sc_hd__buf_6)
                  0.03    0.08   50.20 ^ rebuffer3/X (sky130_fd_sc_hd__buf_6)
     1    0.01                           net509 (net)
                  0.03    0.00   50.20 ^ clkbuf_1_1_0_wb_clk_i/A (sky130_fd_sc_hd__buf_8)
                  0.03    0.08   50.27 ^ clkbuf_1_1_0_wb_clk_i/X (sky130_fd_sc_hd__buf_8)
     1    0.01                           clknet_1_1_0_wb_clk_i (net)
                  0.03    0.00   50.27 ^ clkbuf_1_1_1_wb_clk_i/A (sky130_fd_sc_hd__buf_8)
                  0.06    0.10   50.37 ^ clkbuf_1_1_1_wb_clk_i/X (sky130_fd_sc_hd__buf_8)
     2    0.03                           clknet_1_1_1_wb_clk_i (net)
                  0.06    0.00   50.37 ^ clkbuf_2_3_0_wb_clk_i/A (sky130_fd_sc_hd__buf_8)
                  0.05    0.10   50.47 ^ clkbuf_2_3_0_wb_clk_i/X (sky130_fd_sc_hd__buf_8)
     2    0.02                           clknet_2_3_0_wb_clk_i (net)
                  0.05    0.00   50.47 ^ clkbuf_3_6_0_wb_clk_i/A (sky130_fd_sc_hd__buf_12)
                  0.04    0.09   50.57 ^ clkbuf_3_6_0_wb_clk_i/X (sky130_fd_sc_hd__buf_12)
     3    0.02                           clknet_3_6_0_wb_clk_i (net)
                  0.04    0.00   50.57 ^ rebuffer1/A (sky130_fd_sc_hd__dlygate4sd1_1)
                  0.26    0.33   50.90 ^ rebuffer1/X (sky130_fd_sc_hd__dlygate4sd1_1)
     6    0.03                           net507 (net)
                  0.26    0.00   50.90 ^ _9550_/CLK (sky130_fd_sc_hd__dfrtp_2)
                  0.06    0.41   51.31 ^ _9550_/Q (sky130_fd_sc_hd__dfrtp_2)
     1    0.01                           wbbd_sck (net)
                  0.06    0.00   51.31 ^ clkbuf_0_wbbd_sck/A (sky130_fd_sc_hd__clkbuf_16)
                  0.04    0.12   51.43 ^ clkbuf_0_wbbd_sck/X (sky130_fd_sc_hd__clkbuf_16)
     2    0.02                           clknet_0_wbbd_sck (net)
                  0.04    0.00   51.43 ^ clkbuf_1_0__f_wbbd_sck/A (sky130_fd_sc_hd__clkbuf_16)
                  0.03    0.10   51.53 ^ clkbuf_1_0__f_wbbd_sck/X (sky130_fd_sc_hd__clkbuf_16)
     1    0.00                           clknet_1_0__leaf_wbbd_sck (net)
                  0.03    0.00   51.53 ^ _5237_/A2 (sky130_fd_sc_hd__a22o_2)
                  0.15    0.21   51.74 ^ _5237_/X (sky130_fd_sc_hd__a22o_2)
     1    0.03                           csclk (net)
                  0.15    0.00   51.74 ^ clkbuf_0_csclk/A (sky130_fd_sc_hd__clkbuf_16)
                  0.04    0.16   51.90 ^ clkbuf_0_csclk/X (sky130_fd_sc_hd__clkbuf_16)
     2    0.02                           clknet_0_csclk (net)
                  0.04    0.00   51.90 ^ clkbuf_1_1_0_csclk/A (sky130_fd_sc_hd__clkbuf_8)
                  0.03    0.11   52.00 ^ clkbuf_1_1_0_csclk/X (sky130_fd_sc_hd__clkbuf_8)
     1    0.01                           clknet_1_1_0_csclk (net)
                  0.03    0.00   52.00 ^ clkbuf_1_1_1_csclk/A (sky130_fd_sc_hd__clkbuf_8)
                  0.06    0.13   52.13 ^ clkbuf_1_1_1_csclk/X (sky130_fd_sc_hd__clkbuf_8)
     2    0.03                           clknet_1_1_1_csclk (net)
                  0.06    0.00   52.13 ^ clkbuf_2_3_0_csclk/A (sky130_fd_sc_hd__clkbuf_8)
                  0.05    0.13   52.26 ^ clkbuf_2_3_0_csclk/X (sky130_fd_sc_hd__clkbuf_8)
     2    0.02                           clknet_2_3_0_csclk (net)
                  0.05    0.00   52.26 ^ clkbuf_3_7_0_csclk/A (sky130_fd_sc_hd__clkbuf_8)
                  0.27    0.27   52.53 ^ clkbuf_3_7_0_csclk/X (sky130_fd_sc_hd__clkbuf_8)
    15    0.16                           clknet_3_7_0_csclk (net)
                  0.27    0.01   52.55 ^ clkbuf_leaf_30_csclk/A (sky130_fd_sc_hd__clkbuf_16)
                  0.06    0.20   52.75 ^ clkbuf_leaf_30_csclk/X (sky130_fd_sc_hd__clkbuf_16)
    12    0.03                           clknet_leaf_30_csclk (net)
                  0.06    0.00   52.75 ^ _8992_/CLK (sky130_fd_sc_hd__dfrtp_1)
                          0.00   52.75   clock reconvergence pessimism
                         -0.14   52.61   library setup time
                                 52.61   data required time
-----------------------------------------------------------------------------
                                 52.61   data required time
                                -40.14   data arrival time
-----------------------------------------------------------------------------
                                 12.47   slack (MET)


Startpoint: mgmt_gpio_in[2] (input port clocked by wb_clk_i)
Endpoint: _8990_ (rising edge-triggered flip-flop clocked by wbbd_sck)
Path Group: wbbd_sck
Path Type: max

Fanout     Cap    Slew   Delay    Time   Description
-----------------------------------------------------------------------------
                         25.00   25.00   clock wb_clk_i (rise edge)
                          0.00   25.00   clock network delay (propagated)
                         10.00   35.00 v input external delay
                  0.00    0.00   35.00 v mgmt_gpio_in[2] (in)
     1    0.01                           mgmt_gpio_in[2] (net)
                  0.00    0.00   35.00 v input58/A (sky130_fd_sc_hd__clkbuf_4)
                  0.09    0.18   35.18 v input58/X (sky130_fd_sc_hd__clkbuf_4)
     4    0.04                           net58 (net)
                  0.10    0.01   35.19 v _4372_/A1 (sky130_fd_sc_hd__mux2_1)
                  0.05    0.32   35.51 v _4372_/X (sky130_fd_sc_hd__mux2_1)
     1    0.00                           _0847_ (net)
                  0.05    0.00   35.51 v _4373_/A0 (sky130_fd_sc_hd__mux2_4)
                  0.09    0.35   35.85 v _4373_/X (sky130_fd_sc_hd__mux2_4)
     4    0.03                           _0848_ (net)
                  0.09    0.00   35.86 v _4383_/A (sky130_fd_sc_hd__nor2b_4)
                  0.27    0.29   36.14 ^ _4383_/Y (sky130_fd_sc_hd__nor2b_4)
     3    0.04                           _0858_ (net)
                  0.27    0.00   36.14 ^ _4418_/A (sky130_fd_sc_hd__nand2_8)
                  0.12    0.14   36.28 v _4418_/Y (sky130_fd_sc_hd__nand2_8)
     8    0.05                           _0893_ (net)
                  0.12    0.00   36.29 v _4491_/A (sky130_fd_sc_hd__nor2_2)
                  0.27    0.29   36.57 ^ _4491_/Y (sky130_fd_sc_hd__nor2_2)
     2    0.02                           _0966_ (net)
                  0.27    0.00   36.58 ^ max_cap372/A (sky130_fd_sc_hd__buf_8)
                  0.14    0.22   36.80 ^ max_cap372/X (sky130_fd_sc_hd__buf_8)
    13    0.09                           net372 (net)
                  0.15    0.02   36.82 ^ _5819_/B (sky130_fd_sc_hd__and2b_1)
                  0.15    0.23   37.05 ^ _5819_/X (sky130_fd_sc_hd__and2b_1)
     3    0.02                           _1911_ (net)
                  0.15    0.00   37.05 ^ _5821_/B1 (sky130_fd_sc_hd__o221a_4)
                  0.09    0.26   37.31 ^ _5821_/X (sky130_fd_sc_hd__o221a_4)
     2    0.02                           _1913_ (net)
                  0.09    0.00   37.31 ^ hold43/A (sky130_fd_sc_hd__dlygate4sd3_1)
                  0.64    1.02   38.33 ^ hold43/X (sky130_fd_sc_hd__dlygate4sd3_1)
     8    0.07                           net549 (net)
                  0.64    0.01   38.34 ^ _5828_/S (sky130_fd_sc_hd__mux2_1)
                  0.09    0.45   38.79 v _5828_/X (sky130_fd_sc_hd__mux2_1)
     1    0.01                           _1918_ (net)
                  0.09    0.00   38.79 v hold1059/A (sky130_fd_sc_hd__dlygate4sd3_1)
                  0.06    0.61   39.39 v hold1059/X (sky130_fd_sc_hd__dlygate4sd3_1)
     1    0.00                           net1565 (net)
                  0.06    0.00   39.39 v _5829_/A (sky130_fd_sc_hd__clkbuf_1)
                  0.03    0.11   39.50 v _5829_/X (sky130_fd_sc_hd__clkbuf_1)
     1    0.00                           _0277_ (net)
                  0.03    0.00   39.50 v hold1060/A (sky130_fd_sc_hd__dlygate4sd3_1)
                  0.08    0.62   40.12 v hold1060/X (sky130_fd_sc_hd__dlygate4sd3_1)
     1    0.01                           net1566 (net)
                  0.08    0.00   40.12 v _8990_/D (sky130_fd_sc_hd__dfrtp_1)
                                 40.12   data arrival time

                         50.00   50.00   clock wbbd_sck (rise edge)
                          0.00   50.00   clock source latency
                  0.00    0.00   50.00 ^ wb_clk_i (in)
     2    0.03                           wb_clk_i (net)
                  0.01    0.00   50.00 ^ clkbuf_0_wb_clk_i/A (sky130_fd_sc_hd__clkbuf_16)
                  0.04    0.11   50.11 ^ clkbuf_0_wb_clk_i/X (sky130_fd_sc_hd__clkbuf_16)
     2    0.02                           clknet_0_wb_clk_i (net)
                  0.04    0.00   50.11 ^ rebuffer3/A (sky130_fd_sc_hd__buf_6)
                  0.03    0.08   50.20 ^ rebuffer3/X (sky130_fd_sc_hd__buf_6)
     1    0.01                           net509 (net)
                  0.03    0.00   50.20 ^ clkbuf_1_1_0_wb_clk_i/A (sky130_fd_sc_hd__buf_8)
                  0.03    0.08   50.27 ^ clkbuf_1_1_0_wb_clk_i/X (sky130_fd_sc_hd__buf_8)
     1    0.01                           clknet_1_1_0_wb_clk_i (net)
                  0.03    0.00   50.27 ^ clkbuf_1_1_1_wb_clk_i/A (sky130_fd_sc_hd__buf_8)
                  0.06    0.10   50.37 ^ clkbuf_1_1_1_wb_clk_i/X (sky130_fd_sc_hd__buf_8)
     2    0.03                           clknet_1_1_1_wb_clk_i (net)
                  0.06    0.00   50.37 ^ clkbuf_2_3_0_wb_clk_i/A (sky130_fd_sc_hd__buf_8)
                  0.05    0.10   50.47 ^ clkbuf_2_3_0_wb_clk_i/X (sky130_fd_sc_hd__buf_8)
     2    0.02                           clknet_2_3_0_wb_clk_i (net)
                  0.05    0.00   50.47 ^ clkbuf_3_6_0_wb_clk_i/A (sky130_fd_sc_hd__buf_12)
                  0.04    0.09   50.57 ^ clkbuf_3_6_0_wb_clk_i/X (sky130_fd_sc_hd__buf_12)
     3    0.02                           clknet_3_6_0_wb_clk_i (net)
                  0.04    0.00   50.57 ^ rebuffer1/A (sky130_fd_sc_hd__dlygate4sd1_1)
                  0.26    0.33   50.90 ^ rebuffer1/X (sky130_fd_sc_hd__dlygate4sd1_1)
     6    0.03                           net507 (net)
                  0.26    0.00   50.90 ^ _9550_/CLK (sky130_fd_sc_hd__dfrtp_2)
                  0.06    0.41   51.31 ^ _9550_/Q (sky130_fd_sc_hd__dfrtp_2)
     1    0.01                           wbbd_sck (net)
                  0.06    0.00   51.31 ^ clkbuf_0_wbbd_sck/A (sky130_fd_sc_hd__clkbuf_16)
                  0.04    0.12   51.43 ^ clkbuf_0_wbbd_sck/X (sky130_fd_sc_hd__clkbuf_16)
     2    0.02                           clknet_0_wbbd_sck (net)
                  0.04    0.00   51.43 ^ clkbuf_1_0__f_wbbd_sck/A (sky130_fd_sc_hd__clkbuf_16)
                  0.03    0.10   51.53 ^ clkbuf_1_0__f_wbbd_sck/X (sky130_fd_sc_hd__clkbuf_16)
     1    0.00                           clknet_1_0__leaf_wbbd_sck (net)
                  0.03    0.00   51.53 ^ _5237_/A2 (sky130_fd_sc_hd__a22o_2)
                  0.15    0.21   51.74 ^ _5237_/X (sky130_fd_sc_hd__a22o_2)
     1    0.03                           csclk (net)
                  0.15    0.00   51.74 ^ clkbuf_0_csclk/A (sky130_fd_sc_hd__clkbuf_16)
                  0.04    0.16   51.90 ^ clkbuf_0_csclk/X (sky130_fd_sc_hd__clkbuf_16)
     2    0.02                           clknet_0_csclk (net)
                  0.04    0.00   51.90 ^ clkbuf_1_1_0_csclk/A (sky130_fd_sc_hd__clkbuf_8)
                  0.03    0.11   52.00 ^ clkbuf_1_1_0_csclk/X (sky130_fd_sc_hd__clkbuf_8)
     1    0.01                           clknet_1_1_0_csclk (net)
                  0.03    0.00   52.00 ^ clkbuf_1_1_1_csclk/A (sky130_fd_sc_hd__clkbuf_8)
                  0.06    0.13   52.13 ^ clkbuf_1_1_1_csclk/X (sky130_fd_sc_hd__clkbuf_8)
     2    0.03                           clknet_1_1_1_csclk (net)
                  0.06    0.00   52.13 ^ clkbuf_2_3_0_csclk/A (sky130_fd_sc_hd__clkbuf_8)
                  0.05    0.13   52.26 ^ clkbuf_2_3_0_csclk/X (sky130_fd_sc_hd__clkbuf_8)
     2    0.02                           clknet_2_3_0_csclk (net)
                  0.05    0.00   52.26 ^ clkbuf_3_7_0_csclk/A (sky130_fd_sc_hd__clkbuf_8)
                  0.27    0.27   52.53 ^ clkbuf_3_7_0_csclk/X (sky130_fd_sc_hd__clkbuf_8)
    15    0.16                           clknet_3_7_0_csclk (net)
                  0.27    0.01   52.54 ^ clkbuf_leaf_38_csclk/A (sky130_fd_sc_hd__clkbuf_16)
                  0.05    0.19   52.73 ^ clkbuf_leaf_38_csclk/X (sky130_fd_sc_hd__clkbuf_16)
     8    0.02                           clknet_leaf_38_csclk (net)
                  0.05    0.00   52.73 ^ _8990_/CLK (sky130_fd_sc_hd__dfrtp_1)
                          0.00   52.73   clock reconvergence pessimism
                         -0.13   52.60   library setup time
                                 52.60   data required time
-----------------------------------------------------------------------------
                                 52.60   data required time
                                -40.12   data arrival time
-----------------------------------------------------------------------------
                                 12.48   slack (MET)


