OpenROAD 4174c3ad802d2ac1d04d387d2c4b883903f6647e 
This program is licensed under the BSD-3 license. See the LICENSE file for details.
Components of this program may be licensed under more restrictive licenses which must be honored.
Net mgmt_gpio_in[28]
  input56/A (sky130_fd_sc_hd__clkbuf_1)
    met3
    PAR:   92.46  Ratio:    0.00 (Area)
    PAR:  495.55* Ratio:  400.00 (S.Area)
    CAR:  102.05  Ratio:    0.00 (C.Area)
    CAR:  546.03  Ratio:    0.00 (C.S.Area)

    met2
    PAR:    8.51  Ratio:    0.00 (Area)
    PAR:   44.56  Ratio:  400.00 (S.Area)
    CAR:    9.60  Ratio:    0.00 (C.Area)
    CAR:   50.48  Ratio:    0.00 (C.S.Area)

    met1
    PAR:    1.08  Ratio:    0.00 (Area)
    PAR:    5.91  Ratio:  400.00 (S.Area)
    CAR:    1.08  Ratio:    0.00 (C.Area)
    CAR:    5.91  Ratio:    0.00 (C.S.Area)

    li1
    PAR:    0.00  Ratio:    0.00 (Area)
    PAR:    0.00  Ratio:   75.00 (S.Area)
    CAR:    0.00  Ratio:    0.00 (C.Area)
    CAR:    0.00  Ratio:    0.00 (C.S.Area)

    M2M3_PR
    PAR:    0.20  Ratio:    6.00 (Area)
    CAR:    0.47  Ratio:    0.00 (C.Area)

    M1M2_PR
    PAR:    0.11  Ratio:    6.00 (Area)
    CAR:    0.26  Ratio:    0.00 (C.Area)

    L1M1_PR
    PAR:    0.15  Ratio:    3.00 (Area)
    CAR:    0.15  Ratio:    0.00 (C.Area)


Net mgmt_gpio_in[29]
  input57/A (sky130_fd_sc_hd__clkbuf_1)
    met3
    PAR:  118.75  Ratio:    0.00 (Area)
    PAR:  643.09* Ratio:  400.00 (S.Area)
    CAR:  123.19  Ratio:    0.00 (C.Area)
    CAR:  666.28  Ratio:    0.00 (C.S.Area)

    met2
    PAR:    4.44  Ratio:    0.00 (Area)
    PAR:   23.19  Ratio:  400.00 (S.Area)
    CAR:    4.44  Ratio:    0.00 (C.Area)
    CAR:   23.19  Ratio:    0.00 (C.S.Area)

    met1
    PAR:    0.00  Ratio:    0.00 (Area)
    PAR:    0.00  Ratio:  400.00 (S.Area)
    CAR:    0.00  Ratio:    0.00 (C.Area)
    CAR:    0.00  Ratio:    0.00 (C.S.Area)

    li1
    PAR:    0.00  Ratio:    0.00 (Area)
    PAR:    0.00  Ratio:   75.00 (S.Area)
    CAR:    0.00  Ratio:    0.00 (C.Area)
    CAR:    0.00  Ratio:    0.00 (C.S.Area)

    M2M3_PR
    PAR:    0.20  Ratio:    6.00 (Area)
    CAR:    0.47  Ratio:    0.00 (C.Area)

    M1M2_PR
    PAR:    0.11  Ratio:    6.00 (Area)
    CAR:    0.26  Ratio:    0.00 (C.Area)

    L1M1_PR
    PAR:    0.15  Ratio:    3.00 (Area)
    CAR:    0.15  Ratio:    0.00 (C.Area)


Net mgmt_gpio_in[31]
  input60/A (sky130_fd_sc_hd__clkbuf_1)
    met3
    PAR:  124.03  Ratio:    0.00 (Area)
    PAR:  671.27* Ratio:  400.00 (S.Area)
    CAR:  125.73  Ratio:    0.00 (C.Area)
    CAR:  680.78  Ratio:    0.00 (C.S.Area)

    met2
    PAR:    0.95  Ratio:    0.00 (Area)
    PAR:    5.24  Ratio:  400.00 (S.Area)
    CAR:    1.70  Ratio:    0.00 (C.Area)
    CAR:    9.51  Ratio:    0.00 (C.S.Area)

    met1
    PAR:    0.76  Ratio:    0.00 (Area)
    PAR:    4.27  Ratio:  400.00 (S.Area)
    CAR:    0.76  Ratio:    0.00 (C.Area)
    CAR:    4.27  Ratio:    0.00 (C.S.Area)

    li1
    PAR:    0.00  Ratio:    0.00 (Area)
    PAR:    0.00  Ratio:   75.00 (S.Area)
    CAR:    0.00  Ratio:    0.00 (C.Area)
    CAR:    0.00  Ratio:    0.00 (C.S.Area)

    M2M3_PR
    PAR:    0.20  Ratio:    6.00 (Area)
    CAR:    0.47  Ratio:    0.00 (C.Area)

    M1M2_PR
    PAR:    0.11  Ratio:    6.00 (Area)
    CAR:    0.26  Ratio:    0.00 (C.Area)

    L1M1_PR
    PAR:    0.15  Ratio:    3.00 (Area)
    CAR:    0.15  Ratio:    0.00 (C.Area)


Net net987
  _6094_/A (sky130_fd_sc_hd__or4_1)
    met4
    PAR:   28.00  Ratio:    0.00 (Area)
    PAR:  151.87  Ratio: 2771.60 (S.Area)
    CAR:  153.10  Ratio:    0.00 (C.Area)
    CAR:  833.74  Ratio:    0.00 (C.S.Area)

    met3
    PAR:   84.50  Ratio:    0.00 (Area)
    PAR:  454.48* Ratio:  400.00 (S.Area)
    CAR:   87.62  Ratio:    0.00 (C.Area)
    CAR:  473.98  Ratio:    0.00 (C.S.Area)

    met2
    PAR:    0.72  Ratio:    0.00 (Area)
    PAR:    4.39  Ratio:  400.00 (S.Area)
    CAR:    3.12  Ratio:    0.00 (C.Area)
    CAR:   19.50  Ratio:    0.00 (C.S.Area)

    met1
    PAR:    2.40  Ratio:    0.00 (Area)
    PAR:   15.11  Ratio:  400.00 (S.Area)
    CAR:    2.40  Ratio:    0.00 (C.Area)
    CAR:   15.11  Ratio:    0.00 (C.S.Area)

    li1
    PAR:    0.00  Ratio:    0.00 (Area)
    PAR:    0.00  Ratio:   75.00 (S.Area)
    CAR:    0.00  Ratio:    0.00 (C.Area)
    CAR:    0.00  Ratio:    0.00 (C.S.Area)

    M3M4_PR
    PAR:    0.32  Ratio:    6.00 (Area)
    CAR:    1.04  Ratio:    0.00 (C.Area)

    M2M3_PR
    PAR:    0.32  Ratio:    6.00 (Area)
    CAR:    0.73  Ratio:    0.00 (C.Area)

    M1M2_PR
    PAR:    0.18  Ratio:    6.00 (Area)
    CAR:    0.41  Ratio:    0.00 (C.Area)

    L1M1_PR
    PAR:    0.23  Ratio:    3.00 (Area)
    CAR:    0.23  Ratio:    0.00 (C.Area)

  _6119_/A (sky130_fd_sc_hd__or4_1)
    met4
    PAR:   28.00  Ratio:    0.00 (Area)
    PAR:  151.87  Ratio: 2771.60 (S.Area)
    CAR:   65.48  Ratio:    0.00 (C.Area)
    CAR:  359.76  Ratio:    0.00 (C.S.Area)

    met3
    PAR:   22.24  Ratio:    0.00 (Area)
    PAR:  126.22  Ratio:  400.00 (S.Area)
    CAR:   37.48  Ratio:    0.00 (C.Area)
    CAR:  207.89  Ratio:    0.00 (C.S.Area)

    met2
    PAR:   11.33  Ratio:    0.00 (Area)
    PAR:   59.78  Ratio:  400.00 (S.Area)
    CAR:   15.24  Ratio:    0.00 (C.Area)
    CAR:   81.67  Ratio:    0.00 (C.S.Area)

    met1
    PAR:    3.91  Ratio:    0.00 (Area)
    PAR:   21.89  Ratio:  400.00 (S.Area)
    CAR:    3.91  Ratio:    0.00 (C.Area)
    CAR:   21.89  Ratio:    0.00 (C.S.Area)

    li1
    PAR:    0.00  Ratio:    0.00 (Area)
    PAR:    0.00  Ratio:   75.00 (S.Area)
    CAR:    0.00  Ratio:    0.00 (C.Area)
    CAR:    0.00  Ratio:    0.00 (C.S.Area)

    M3M4_PR
    PAR:    0.63  Ratio:    6.00 (Area)
    CAR:    1.86  Ratio:    0.00 (C.Area)

    M2M3_PR
    PAR:    0.63  Ratio:    6.00 (Area)
    CAR:    1.22  Ratio:    0.00 (C.Area)

    M1M2_PR
    PAR:    0.36  Ratio:    6.00 (Area)
    CAR:    0.59  Ratio:    0.00 (C.Area)

    L1M1_PR
    PAR:    0.23  Ratio:    3.00 (Area)
    CAR:    0.23  Ratio:    0.00 (C.Area)


Net net1624
  wire1623/A (sky130_fd_sc_hd__clkbuf_1)
    met4
    PAR:   54.16  Ratio:    0.00 (Area)
    PAR:  291.37  Ratio: 2771.60 (S.Area)
    CAR:  177.78  Ratio:    0.00 (C.Area)
    CAR:  958.68  Ratio:    0.00 (C.S.Area)

    met3
    PAR:    1.51  Ratio:    0.00 (Area)
    PAR:   10.50  Ratio:  400.00 (S.Area)
    CAR:    2.46  Ratio:    0.00 (C.Area)
    CAR:   15.74  Ratio:    0.00 (C.S.Area)

    met2
    PAR:    0.95  Ratio:    0.00 (Area)
    PAR:    5.24  Ratio:  400.00 (S.Area)
    CAR:    0.95  Ratio:    0.00 (C.Area)
    CAR:    5.24  Ratio:    0.00 (C.S.Area)

    met1
    PAR:    0.00  Ratio:    0.00 (Area)
    PAR:    0.00  Ratio:  400.00 (S.Area)
    CAR:    0.00  Ratio:    0.00 (C.Area)
    CAR:    0.00  Ratio:    0.00 (C.S.Area)

    li1
    PAR:    0.00  Ratio:    0.00 (Area)
    PAR:    0.00  Ratio:   75.00 (S.Area)
    CAR:    0.00  Ratio:    0.00 (C.Area)
    CAR:    0.00  Ratio:    0.00 (C.S.Area)

    M3M4_PR
    PAR:    0.20  Ratio:    6.00 (Area)
    CAR:    0.67  Ratio:    0.00 (C.Area)

    M2M3_PR
    PAR:    0.20  Ratio:    6.00 (Area)
    CAR:    0.47  Ratio:    0.00 (C.Area)

    M1M2_PR
    PAR:    0.11  Ratio:    6.00 (Area)
    CAR:    0.26  Ratio:    0.00 (C.Area)

    L1M1_PR
    PAR:    0.15  Ratio:    3.00 (Area)
    CAR:    0.15  Ratio:    0.00 (C.Area)

  _5757_/B2 (sky130_fd_sc_hd__a221o_1)
    met4
    PAR:   54.16  Ratio:    0.00 (Area)
    PAR:  291.37  Ratio: 2771.60 (S.Area)
    CAR:  175.32  Ratio:    0.00 (C.Area)
    CAR:  942.94  Ratio:    0.00 (C.S.Area)

    met3
    PAR:  105.67  Ratio:    0.00 (Area)
    PAR:  571.35* Ratio:  400.00 (S.Area)
    CAR:  121.16  Ratio:    0.00 (C.Area)
    CAR:  651.57  Ratio:    0.00 (C.S.Area)

    met2
    PAR:    1.97  Ratio:    0.00 (Area)
    PAR:   11.03  Ratio:  400.00 (S.Area)
    CAR:   15.49  Ratio:    0.00 (C.Area)
    CAR:   80.22  Ratio:    0.00 (C.S.Area)

    met1
    PAR:   13.52  Ratio:    0.00 (Area)
    PAR:   69.19  Ratio:  400.00 (S.Area)
    CAR:   13.52  Ratio:    0.00 (C.Area)
    CAR:   69.19  Ratio:    0.00 (C.S.Area)

    li1
    PAR:    0.00  Ratio:    0.00 (Area)
    PAR:    0.00  Ratio:   75.00 (S.Area)
    CAR:    0.00  Ratio:    0.00 (C.Area)
    CAR:    0.00  Ratio:    0.00 (C.S.Area)

    M3M4_PR
    PAR:    0.32  Ratio:    6.00 (Area)
    CAR:    0.95  Ratio:    0.00 (C.Area)

    M2M3_PR
    PAR:    0.32  Ratio:    6.00 (Area)
    CAR:    0.62  Ratio:    0.00 (C.Area)

    M1M2_PR
    PAR:    0.18  Ratio:    6.00 (Area)
    CAR:    0.30  Ratio:    0.00 (C.Area)

    L1M1_PR
    PAR:    0.12  Ratio:    3.00 (Area)
    CAR:    0.12  Ratio:    0.00 (C.Area)


Net net4141
  wire4140/A (sky130_fd_sc_hd__clkbuf_1)
    met4
    PAR:   65.86  Ratio:    0.00 (Area)
    PAR:  353.71  Ratio: 2736.24 (S.Area)
    CAR:  146.49  Ratio:    0.00 (C.Area)
    CAR:  786.53  Ratio:    0.00 (C.S.Area)

    met3
    PAR:   80.17  Ratio:    0.00 (Area)
    PAR:  430.01* Ratio:  400.00 (S.Area)
    CAR:   80.63  Ratio:    0.00 (C.Area)
    CAR:  432.82  Ratio:    0.00 (C.S.Area)

    met2
    PAR:    0.46  Ratio:    0.00 (Area)
    PAR:    2.81  Ratio:  400.00 (S.Area)
    CAR:    0.46  Ratio:    0.00 (C.Area)
    CAR:    2.81  Ratio:    0.00 (C.S.Area)

    met1
    PAR:    0.00  Ratio:    0.00 (Area)
    PAR:    0.00  Ratio:  400.00 (S.Area)
    CAR:    0.00  Ratio:    0.00 (C.Area)
    CAR:    0.00  Ratio:    0.00 (C.S.Area)

    li1
    PAR:    0.00  Ratio:    0.00 (Area)
    PAR:    0.00  Ratio:   75.00 (S.Area)
    CAR:    0.00  Ratio:    0.00 (C.Area)
    CAR:    0.00  Ratio:    0.00 (C.S.Area)

    M3M4_PR
    PAR:    0.20  Ratio:    6.00 (Area)
    CAR:    0.67  Ratio:    0.00 (C.Area)

    M2M3_PR
    PAR:    0.20  Ratio:    6.00 (Area)
    CAR:    0.47  Ratio:    0.00 (C.Area)

    M1M2_PR
    PAR:    0.11  Ratio:    6.00 (Area)
    CAR:    0.26  Ratio:    0.00 (C.Area)

    L1M1_PR
    PAR:    0.15  Ratio:    3.00 (Area)
    CAR:    0.15  Ratio:    0.00 (C.Area)


[INFO ANT-0002] Found 6 net violations.
[INFO ANT-0001] Found 6 pin violations.
