****************************************
Report : analysis_coverage
	-status_details {untested}
	-sort_by slack
Design : RAM128
Version: T-2022.03-SP3
Date   : Thu Feb 23 06:28:53 2023
****************************************

Type of Check         Total              Met         Violated         Untested
--------------------------------------------------------------------------------
setup                  4352      4352 (100%)         0 (  0%)         0 (  0%)
hold                   4352       256 (  6%)      4096 ( 94%)         0 (  0%)
min_pulse_width        5120      5120 (100%)         0 (  0%)         0 (  0%)
clock_gating_setup      512       512 (100%)         0 (  0%)         0 (  0%)
clock_gating_hold       512       512 (100%)         0 (  0%)         0 (  0%)
out_setup                32        32 (100%)         0 (  0%)         0 (  0%)
out_hold                 32        32 (100%)         0 (  0%)         0 (  0%)
--------------------------------------------------------------------------------
All Checks            14912     10816 ( 73%)      4096 ( 27%)         0 (  0%)

1
