****************************************
Report : constraint
	-all_violators
	-path slack_only
Design : housekeeping
Version: T-2022.03-SP3
Date   : Tue Oct 18 15:32:05 2022
****************************************






   max_transition

                             Required        Actual
   Pin                      Transition     Transition        Slack
   -----------------------------------------------------------------
   _6176_/C                   0.7500         0.8421        -0.0921  (VIOLATED)
   _6165_/Y                   0.7500         0.8394        -0.0894  (VIOLATED)
   hold16/X                   0.7500         0.7546        -0.0046  (VIOLATED)
   fanout429/A                0.7500         0.7538        -0.0038  (VIOLATED)
   fanout432/A                0.7500         0.7538        -0.0038  (VIOLATED)
   fanout430/A                0.7500         0.7537        -0.0037  (VIOLATED)
   _5161_/C                   0.7500         0.7530        -0.0030  (VIOLATED)
   _5174_/C1                  0.7500         0.7530        -0.0030  (VIOLATED)
   _5190_/C                   0.7500         0.7530        -0.0030  (VIOLATED)
   _5186_/C                   0.7500         0.7529        -0.0029  (VIOLATED)


1
