BEGIN: Thu Nov 10 07:00:17 2022

Magic 8.3 revision 328 - Compiled on Mon Oct  3 14:33:08 PDT 2022.
Starting magic under Tcl interpreter
Using the terminal as the console.
Using NULL graphics device.
Processing system .magicrc file
Sourcing design magicrc.sky130B for technology sky130B ...
2 Magic internal units = 1 Lambda
Input style sky130(vendor): scaleFactor=2, multiplier=2
The following types are not handled by extraction and will be treated as non-electrical types:
    ubm 
Scaled tech values by 2 / 1 to match internal grid scaling
Loading "/home/passant/caravel/scripts/extra_be_checks/scripts/gds.digital.spice.tcl" from command line.
Extracting with top ports unique (digital)
Flattening *_nmos_m* *_pmos_m* *_cdns_* *sky130_fd_pr__*_example_* {*sky130_fd_pr__*_[A-Z0-9][A-Z0-9]*} *sky130_ef_io__com* *sky130_ef_io__connect* *sky130_ef_io__corner* *sky130_ef_io__gpiov2_pad *sky130_ef_io__*_overlay *sky130_fd_io__amux* *sky130_fd_io__amx_inv1 *sky130_fd_io__com* *sky130_fd_io__corner* *sky130_fd_io__esd* *sky130_fd_io__feas* *sky130_fd_io__gpio* *sky130_fd_io__gnd2gnd* *sky130_fd_io__hvc* *sky130_fd_io__hvsbt* *sky130_fd_io__inv* *sky130_fd_io__nand* *sky130_fd_io__nfet_con* *sky130_fd_io__nor* *sky130_fd_io__overlay* *sky130_fd_io__pad_esd *sky130_fd_io__pfet_con* *sky130_fd_io__res250* *sky130_fd_io__res75* *sky130_fd_io__signal* *sky130_fd_io__sio* *sky130_fd_io__simple_pad_* *sky130_fd_io__tap* *sky130_fd_io__tk_tie* *sky130_fd_io__top_gpio* *sky130_fd_io__top_ground* *sky130_fd_io__top_power* *sky130_fd_io__xor* *sky130_fd_io__xres* {*$*}
Warning: Calma reading is not undoable!  I hope that's OK.
Library written using GDS-II Release 3.0
Library name: RAM256
Reading "sky130_ef_sc_hd__decap_12".
Reading "sky130_fd_sc_hd__decap_3".
Reading "sky130_fd_sc_hd__diode_2".
Reading "sky130_fd_sc_hd__fill_1".
Reading "sky130_fd_sc_hd__tapvpwrvgnd_1".
Reading "sky130_fd_sc_hd__dlxtp_1".
Reading "sky130_fd_sc_hd__ebufn_4".
Reading "sky130_fd_sc_hd__decap_6".
Reading "sky130_fd_sc_hd__decap_8".
Reading "sky130_fd_sc_hd__fill_2".
Reading "sky130_fd_sc_hd__decap_4".
Reading "sky130_fd_sc_hd__inv_1".
Reading "sky130_fd_sc_hd__and2_1".
Reading "sky130_fd_sc_hd__dlclkp_1".
Reading "sky130_fd_sc_hd__clkbuf_2".
Reading "sky130_fd_sc_hd__clkbuf_16".
Reading "sky130_fd_sc_hd__clkbuf_4".
Reading "sky130_fd_sc_hd__and4b_2".
Reading "sky130_fd_sc_hd__and4_2".
Reading "sky130_fd_sc_hd__nor4b_2".
Reading "sky130_fd_sc_hd__and4bb_2".
Reading "sky130_fd_sc_hd__and3b_2".
Reading "sky130_fd_sc_hd__nor3b_2".
Reading "sky130_fd_sc_hd__and3_2".
Reading "sky130_fd_sc_hd__conb_1".
Reading "sky130_fd_sc_hd__dfxtp_1".
Reading "sky130_fd_sc_hd__mux4_1".
Reading "sky130_fd_sc_hd__and2b_2".
Reading "sky130_fd_sc_hd__and2_2".
Reading "sky130_fd_sc_hd__mux2_1".
Reading "RAM256".
    5000 uses
    10000 uses
    15000 uses
    20000 uses
    25000 uses
    30000 uses
    35000 uses
    40000 uses
    45000 uses
    50000 uses
    55000 uses
Creating new cell
Creating new cell
Creating new cell
Processing sky130_fd_sc_hd__tapvpwrvgnd_1
Processing sky130_fd_sc_hd__decap_3
Processing sky130_fd_sc_hd__fill_1
Processing sky130_fd_sc_hd__decap_6
Processing sky130_fd_sc_hd__ebufn_4
Processing sky130_fd_sc_hd__diode_2
Processing sky130_fd_sc_hd__decap_8
Processing sky130_fd_sc_hd__dlxtp_1
Processing sky130_fd_sc_hd__decap_4
Processing sky130_fd_sc_hd__fill_2
Processing sky130_ef_sc_hd__decap_12
Processing sky130_fd_sc_hd__dlclkp_1
Processing sky130_fd_sc_hd__conb_1
Processing sky130_fd_sc_hd__and2_1
Processing sky130_fd_sc_hd__inv_1
Processing sky130_fd_sc_hd__clkbuf_2
Processing sky130_fd_sc_hd__clkbuf_16
Processing sky130_fd_sc_hd__clkbuf_4
Processing sky130_fd_sc_hd__and4b_2
Processing sky130_fd_sc_hd__and4bb_2
Processing sky130_fd_sc_hd__nor4b_2
Processing sky130_fd_sc_hd__and4_2
Processing sky130_fd_sc_hd__and3_2
Processing sky130_fd_sc_hd__mux2_1
Processing sky130_fd_sc_hd__dfxtp_1
Processing sky130_fd_sc_hd__and3b_2
Processing sky130_fd_sc_hd__nor3b_2
Processing sky130_fd_sc_hd__mux4_1
Processing sky130_fd_sc_hd__and2_2
Processing sky130_fd_sc_hd__and2b_2
Processing RAM256
Extracting sky130_fd_sc_hd__tapvpwrvgnd_1 into sky130_fd_sc_hd__tapvpwrvgnd_1.ext:
Extracting sky130_fd_sc_hd__decap_3 into sky130_fd_sc_hd__decap_3.ext:
sky130_fd_sc_hd__decap_3: 2 warnings
Extracting sky130_fd_sc_hd__fill_1 into sky130_fd_sc_hd__fill_1.ext:
Extracting sky130_fd_sc_hd__decap_6 into sky130_fd_sc_hd__decap_6.ext:
Extract error:  Duplicate tile position, ignoring
sky130_fd_sc_hd__decap_6: 2 warnings
Extracting sky130_fd_sc_hd__ebufn_4 into sky130_fd_sc_hd__ebufn_4.ext:
Extracting sky130_fd_sc_hd__diode_2 into sky130_fd_sc_hd__diode_2.ext:
Extracting sky130_fd_sc_hd__decap_8 into sky130_fd_sc_hd__decap_8.ext:
sky130_fd_sc_hd__decap_8: 2 warnings
Extracting sky130_fd_sc_hd__dlxtp_1 into sky130_fd_sc_hd__dlxtp_1.ext:
Extracting sky130_fd_sc_hd__decap_4 into sky130_fd_sc_hd__decap_4.ext:
sky130_fd_sc_hd__decap_4: 2 warnings
Extracting sky130_fd_sc_hd__fill_2 into sky130_fd_sc_hd__fill_2.ext:
Extracting sky130_ef_sc_hd__decap_12 into sky130_ef_sc_hd__decap_12.ext:
sky130_ef_sc_hd__decap_12: 2 warnings
Extracting sky130_fd_sc_hd__dlclkp_1 into sky130_fd_sc_hd__dlclkp_1.ext:
Extracting sky130_fd_sc_hd__conb_1 into sky130_fd_sc_hd__conb_1.ext:
Extracting sky130_fd_sc_hd__and2_1 into sky130_fd_sc_hd__and2_1.ext:
Extracting sky130_fd_sc_hd__inv_1 into sky130_fd_sc_hd__inv_1.ext:
Extracting sky130_fd_sc_hd__clkbuf_2 into sky130_fd_sc_hd__clkbuf_2.ext:
Extracting sky130_fd_sc_hd__clkbuf_16 into sky130_fd_sc_hd__clkbuf_16.ext:
Extracting sky130_fd_sc_hd__clkbuf_4 into sky130_fd_sc_hd__clkbuf_4.ext:
Extracting sky130_fd_sc_hd__and4b_2 into sky130_fd_sc_hd__and4b_2.ext:
Extracting sky130_fd_sc_hd__and4bb_2 into sky130_fd_sc_hd__and4bb_2.ext:
Extracting sky130_fd_sc_hd__nor4b_2 into sky130_fd_sc_hd__nor4b_2.ext:
Extracting sky130_fd_sc_hd__and4_2 into sky130_fd_sc_hd__and4_2.ext:
Extracting sky130_fd_sc_hd__and3_2 into sky130_fd_sc_hd__and3_2.ext:
Extracting sky130_fd_sc_hd__mux2_1 into sky130_fd_sc_hd__mux2_1.ext:
Extracting sky130_fd_sc_hd__dfxtp_1 into sky130_fd_sc_hd__dfxtp_1.ext:
Extracting sky130_fd_sc_hd__and3b_2 into sky130_fd_sc_hd__and3b_2.ext:
Extracting sky130_fd_sc_hd__nor3b_2 into sky130_fd_sc_hd__nor3b_2.ext:
Extracting sky130_fd_sc_hd__mux4_1 into sky130_fd_sc_hd__mux4_1.ext:
Extracting sky130_fd_sc_hd__and2_2 into sky130_fd_sc_hd__and2_2.ext:
Extracting sky130_fd_sc_hd__and2b_2 into sky130_fd_sc_hd__and2b_2.ext:
Extracting RAM256 into RAM256.ext:
exttospice finished.
Using technology "sky130B", version 1.0.291-82-gfa87f8f
END: Thu Nov 10 07:02:08 2022
Runtime: 0:01:51 (hh:mm:ss)
