****************************************
Report : global_timing
	-format { narrow }
	-separate_all_groups
Design : caravel
Version: T-2022.03-SP3
Date   : Fri Apr 21 06:59:14 2023
****************************************

Setup violations for paths in **clock_gating_default**
--------------------------------------------------------------
          Total   reg->reg    in->reg   reg->out    in->out
--------------------------------------------------------------
WNS     -5.9315    -5.9315     0.0000     0.0000     0.0000
TNS  -5147.4662 -5147.4662     0.0000     0.0000     0.0000
NUM        1536       1536          0          0          0
--------------------------------------------------------------

Setup violations for paths in clk
---------------------------------------------------------
         Total  reg->reg   in->reg  reg->out   in->out
---------------------------------------------------------
WNS    -0.0438    0.0000    0.0000   -0.0438    0.0000
TNS    -0.0438    0.0000    0.0000   -0.0438    0.0000
NUM          1         0         0         1         0
---------------------------------------------------------


1
