****************************************
Report : timing
	-path_type full_clock_expanded
	-delay_type max
	-nets
	-nworst 10
	-slack_lesser_than 10.0000
	-max_paths 10000
	-transition_time
	-capacitance
	-sort_by slack
	-include_hierarchical_pins
Design : housekeeping
Version: T-2022.03-SP3
Date   : Tue Oct 18 15:31:45 2022
****************************************


  Startpoint: wb_clk_i (clock source 'wb_clk_i')
  Endpoint: mgmt_gpio_out[14]
               (output port clocked by wb_clk_i)
  Path Group: wb_clk_i
  Path Type: max

  Point                                               Fanout    Cap      Trans       Incr       Path
  -----------------------------------------------------------------------------------------------------
  clock wb_clk_i (fall edge)                                                      12.5000    12.5000
  clock source latency                                                             0.0000    12.5000
  wb_clk_i (in)                                                         0.0000     0.0000 &  12.5000 f
  wb_clk_i (net)                                         2   0.0665 
  clkbuf_0_wb_clk_i/X (sky130_fd_sc_hd__clkbuf_16)                      0.0525     0.1636 &  12.6636 f
  clknet_0_wb_clk_i (net)                                2   0.0427 
  clkbuf_1_1_0_wb_clk_i/X (sky130_fd_sc_hd__clkbuf_8)                   0.0309     0.1402 &  12.8037 f
  clknet_1_1_0_wb_clk_i (net)                            1   0.0098 
  clkbuf_1_1_1_wb_clk_i/X (sky130_fd_sc_hd__clkbuf_8)                   0.0620     0.1565 &  12.9602 f
  clknet_1_1_1_wb_clk_i (net)                            2   0.0394 
  clkbuf_2_3_0_wb_clk_i/X (sky130_fd_sc_hd__clkbuf_8)                   0.0387     0.1549 &  13.1151 f
  clknet_2_3_0_wb_clk_i (net)                            2   0.0180 
  clkbuf_3_7_0_wb_clk_i/X (sky130_fd_sc_hd__clkbuf_8)                   0.1165     0.2035 &  13.3186 f
  clknet_3_7_0_wb_clk_i (net)                           12   0.0967 
  _3937_/X (sky130_fd_sc_hd__mux2_1)                                    0.0684     0.3410 &  13.6596 f
  mgmt_gpio_out_14_prebuff (net)                         1   0.0051 
  mgmt_gpio_14_buff_inst/X (sky130_fd_sc_hd__clkbuf_8)                  0.2297     0.2980 &  13.9576 f
  mgmt_gpio_out[14] (net)                                1   0.2114 
  mgmt_gpio_out[14] (out)                                               0.2309     0.0113 &  13.9689 f
  data arrival time                                                                          13.9689

  clock wb_clk_i (rise edge)                                                      25.0000    25.0000
  clock reconvergence pessimism                                                    0.0000    25.0000
  clock uncertainty                                                               -0.1000    24.9000
  output external delay                                                           -4.0000    20.9000
  data required time                                                                         20.9000
  -----------------------------------------------------------------------------------------------------
  data required time                                                                         20.9000
  data arrival time                                                                         -13.9689
  -----------------------------------------------------------------------------------------------------
  slack (MET)                                                                                 6.9311


  Startpoint: user_clock (clock source 'user_clock')
  Endpoint: mgmt_gpio_out[15]
               (output port clocked by wb_clk_i)
  Path Group: wb_clk_i
  Path Type: max

  Point                                               Fanout    Cap      Trans       Incr       Path
  -----------------------------------------------------------------------------------------------------
  clock user_clock (fall edge)                                                    12.5000    12.5000
  clock source latency                                                             0.0000    12.5000
  user_clock (in)                                                       0.0000     0.0000 &  12.5000 f
  user_clock (net)                                       4   0.1462 
  _3936_/X (sky130_fd_sc_hd__mux2_1)                                    0.0637     0.3756 &  12.8756 f
  mgmt_gpio_out_15_prebuff (net)                         1   0.0041 
  mgmt_gpio_15_buff_inst/X (sky130_fd_sc_hd__clkbuf_8)                  0.2288     0.2959 &  13.1715 f
  mgmt_gpio_out[15] (net)                                1   0.2110 
  mgmt_gpio_out[15] (out)                                               0.2299     0.0106 &  13.1821 f
  data arrival time                                                                          13.1821

  clock wb_clk_i (rise edge)                                                      25.0000    25.0000
  clock reconvergence pessimism                                                    0.0000    25.0000
  clock uncertainty                                                               -0.1000    24.9000
  output external delay                                                           -4.0000    20.9000
  data required time                                                                         20.9000
  -----------------------------------------------------------------------------------------------------
  data required time                                                                         20.9000
  data arrival time                                                                         -13.1821
  -----------------------------------------------------------------------------------------------------
  slack (MET)                                                                                 7.7179


1
