****************************************
Report : constraint
	-all_violators
	-path slack_only
Design : housekeeping
Version: T-2022.03-SP3
Date   : Sun Oct 16 19:45:10 2022
****************************************






   max_capacitance

                             Required        Actual
   Pin                      Capacitance    Capacitance       Slack
   -----------------------------------------------------------------
   output251/X                0.1740         0.2149        -0.0409  (VIOLATED)
   output250/X                0.1740         0.2128        -0.0389  (VIOLATED)
   output219/X                0.1740         0.2125        -0.0385  (VIOLATED)
   output218/X                0.1740         0.2112        -0.0372  (VIOLATED)


   max_transition

                             Required        Actual
   Pin                      Transition     Transition        Slack
   -----------------------------------------------------------------
   pad_flash_clk              0.7500         1.8752        -1.1252  (VIOLATED)
   output251/X                0.7500         1.8747        -1.1247  (VIOLATED)
   mgmt_gpio_out[9]           0.7500         1.8565        -1.1065  (VIOLATED)
   output250/X                0.7500         1.8562        -1.1062  (VIOLATED)
   mgmt_gpio_out[15]          0.7500         1.8543        -1.1043  (VIOLATED)
   output219/X                0.7500         1.8540        -1.1040  (VIOLATED)
   mgmt_gpio_out[14]          0.7500         1.8381        -1.0881  (VIOLATED)
   output218/X                0.7500         1.8379        -1.0879  (VIOLATED)
   ANTENNA_189/DIODE          0.7500         0.8505        -0.1005  (VIOLATED)
   _5440_/A0                  0.7500         0.8505        -0.1005  (VIOLATED)
   fanout469/A                0.7500         0.8505        -0.1005  (VIOLATED)
   fanout471/A                0.7500         0.8505        -0.1005  (VIOLATED)
   _5287_/A0                  0.7500         0.8505        -0.1005  (VIOLATED)
   hold565/X                  0.7500         0.8502        -0.1002  (VIOLATED)


1
