****************************************
Report : global_timing
	-format { narrow }
	-separate_all_groups
Design : caravel_clocking
Version: T-2022.03-SP3
Date   : Sun Oct 16 19:39:42 2022
****************************************

Setup violations for paths in pll_clk90
---------------------------------------------------------
         Total  reg->reg   in->reg  reg->out   in->out
---------------------------------------------------------
WNS    -4.9307   -4.9307    0.0000    0.0000    0.0000
TNS   -26.8295  -26.8295    0.0000    0.0000    0.0000
NUM          9         9         0         0         0
---------------------------------------------------------

Setup violations for paths in pll_clk
---------------------------------------------------------
         Total  reg->reg   in->reg  reg->out   in->out
---------------------------------------------------------
WNS    -4.7461   -4.7461    0.0000    0.0000    0.0000
TNS   -24.6183  -24.6183    0.0000    0.0000    0.0000
NUM          7         7         0         0         0
---------------------------------------------------------


Hold violations for paths in **clock_gating_default**
---------------------------------------------------------
         Total  reg->reg   in->reg  reg->out   in->out
---------------------------------------------------------
WNS    -2.7439   -2.7439    0.0000    0.0000    0.0000
TNS   -12.1594  -12.1594    0.0000    0.0000    0.0000
NUM          6         6         0         0         0
---------------------------------------------------------

1
