****************************************
Report : constraint
	-all_violators
	-path slack_only
Design : caravel_clocking
Version: T-2022.03-SP3
Date   : Tue Oct 18 15:39:17 2022
****************************************



   min_delay/hold ('clock_gating_default' group)

   Endpoint                                                  Slack
   -----------------------------------------------------------------
   _304_/A3                                                -5.7230  (VIOLATED)
   _308_/A1                                                -5.7226  (VIOLATED)
   _304_/A1                                                -5.7210  (VIOLATED)
   _308_/A3                                                -5.7151  (VIOLATED)
   _301_/A_N                                               -5.4516  (VIOLATED)
   _305_/A_N                                               -5.4391  (VIOLATED)



   clock_gating_hold

   Endpoint                                                  Slack
   -----------------------------------------------------------------
   _304_/A3                                                -5.7230  (VIOLATED)
   _308_/A1                                                -5.7226  (VIOLATED)
   _304_/A1                                                -5.7210  (VIOLATED)
   _308_/A3                                                -5.7151  (VIOLATED)
   _301_/A_N                                               -5.4516  (VIOLATED)
   _305_/A_N                                               -5.4391  (VIOLATED)


1
