****************************************
Report : constraint
	-all_violators
	-path slack_only
Design : caravel_clocking
Version: T-2022.03-SP3
Date   : Tue Oct 18 15:37:40 2022
****************************************



   min_delay/hold ('clock_gating_default' group)

   Endpoint                                                  Slack
   -----------------------------------------------------------------
   _308_/A1                                                -5.5908  (VIOLATED)
   _304_/A1                                                -5.5877  (VIOLATED)
   _304_/A3                                                -5.5796  (VIOLATED)
   _308_/A3                                                -5.5693  (VIOLATED)
   _301_/A_N                                               -5.2353  (VIOLATED)
   _305_/A_N                                               -5.2178  (VIOLATED)



   clock_gating_hold

   Endpoint                                                  Slack
   -----------------------------------------------------------------
   _308_/A1                                                -5.5908  (VIOLATED)
   _304_/A1                                                -5.5877  (VIOLATED)
   _304_/A3                                                -5.5796  (VIOLATED)
   _308_/A3                                                -5.5693  (VIOLATED)
   _301_/A_N                                               -5.2353  (VIOLATED)
   _305_/A_N                                               -5.2178  (VIOLATED)


1
