****************************************
Report : constraint
	-all_violators
	-path slack_only
Design : caravel_clocking
Version: T-2022.03-SP3
Date   : Tue Oct 18 15:38:58 2022
****************************************



   min_delay/hold ('clock_gating_default' group)

   Endpoint                                                  Slack
   -----------------------------------------------------------------
   _304_/A3                                                -5.7242  (VIOLATED)
   _308_/A1                                                -5.7197  (VIOLATED)
   _304_/A1                                                -5.7165  (VIOLATED)
   _308_/A3                                                -5.7104  (VIOLATED)
   _301_/A_N                                               -5.4234  (VIOLATED)
   _305_/A_N                                               -5.4156  (VIOLATED)



   clock_gating_hold

   Endpoint                                                  Slack
   -----------------------------------------------------------------
   _304_/A3                                                -5.7242  (VIOLATED)
   _308_/A1                                                -5.7197  (VIOLATED)
   _304_/A1                                                -5.7165  (VIOLATED)
   _308_/A3                                                -5.7104  (VIOLATED)
   _301_/A_N                                               -5.4234  (VIOLATED)
   _305_/A_N                                               -5.4156  (VIOLATED)


1
