****************************************
Report : analysis_coverage
	-status_details {untested}
	-sort_by slack
Design : caravel_clocking
Version: T-2022.03-SP3
Date   : Sun Oct 16 19:40:11 2022
****************************************

Type of Check         Total              Met         Violated         Untested
--------------------------------------------------------------------------------
setup                    59        51 ( 86%)         0 (  0%)         8 ( 14%)
hold                     59        51 ( 86%)         0 (  0%)         8 ( 14%)
recovery                 53         0 (  0%)         0 (  0%)        53 (100%)
removal                  53         0 (  0%)         0 (  0%)        53 (100%)
min_pulse_width         170       120 ( 71%)         0 (  0%)        50 ( 29%)
clock_gating_setup        8         8 (100%)         0 (  0%)         0 (  0%)
clock_gating_hold         8         2 ( 25%)         6 ( 75%)         0 (  0%)
out_setup                 1         1 (100%)         0 (  0%)         0 (  0%)
out_hold                  1         1 (100%)         0 (  0%)         0 (  0%)
--------------------------------------------------------------------------------
All Checks              412       234 ( 57%)         6 (  1%)       172 ( 42%)


Constrained                  Related             Check
Pin                          Pin       Clock     Type         Slack  Reason
--------------------------------------------------------------------------------
_419_/D                      CLK(rise) -         hold      untested  constant_disabled
_419_/D                      CLK(rise) -         setup     untested  constant_disabled
_419_/SET_B(low)             -         -         min_pulse_width untested no_clock
_419_/SET_B(rise)            CLK(rise) pll_clk   recovery  untested  no_startpoint_clock
_419_/SET_B(rise)            CLK(rise) ext_clk   recovery  untested  no_startpoint_clock
_419_/SET_B(rise)            CLK(rise) pll_clk   removal   untested  no_startpoint_clock
_419_/SET_B(rise)            CLK(rise) ext_clk   removal   untested  no_startpoint_clock
_468_/D                      CLK(rise) pll_clk90 hold      untested  false_paths
_468_/D                      CLK(rise) pll_clk90 setup     untested  false_paths
_468_/RESET_B(low)           -         -         min_pulse_width untested no_clock
_468_/RESET_B(rise)          CLK(rise) pll_clk90 recovery  untested  no_startpoint_clock
_468_/RESET_B(rise)          CLK(rise) pll_clk90 removal   untested  no_startpoint_clock
_423_/RESET_B(low)           -         -         min_pulse_width untested no_clock
_423_/RESET_B(rise)          CLK(rise) pll_clk   recovery  untested  no_startpoint_clock
_423_/RESET_B(rise)          CLK(rise) pll_clk   removal   untested  no_startpoint_clock
_473_/RESET_B(low)           -         -         min_pulse_width untested no_clock
_473_/RESET_B(rise)          CLK(rise) pll_clk90 recovery  untested  no_startpoint_clock
_473_/RESET_B(rise)          CLK(rise) pll_clk90 removal   untested  no_startpoint_clock
_470_/D                      CLK(rise) pll_clk90 hold      untested  false_paths
_470_/D                      CLK(rise) pll_clk90 setup     untested  false_paths
_470_/RESET_B(low)           -         -         min_pulse_width untested no_clock
_470_/RESET_B(rise)          CLK(rise) pll_clk90 recovery  untested  no_startpoint_clock
_470_/RESET_B(rise)          CLK(rise) pll_clk90 removal   untested  no_startpoint_clock
_471_/RESET_B(low)           -         -         min_pulse_width untested no_clock
_471_/RESET_B(rise)          CLK(rise) pll_clk90 recovery  untested  no_startpoint_clock
_471_/RESET_B(rise)          CLK(rise) pll_clk90 removal   untested  no_startpoint_clock
_418_/SET_B(low)             -         -         min_pulse_width untested no_clock
_418_/SET_B(rise)            CLK(rise) pll_clk   recovery  untested  no_startpoint_clock
_418_/SET_B(rise)            CLK(rise) ext_clk   recovery  untested  no_startpoint_clock
_418_/SET_B(rise)            CLK(rise) pll_clk   removal   untested  no_startpoint_clock
_418_/SET_B(rise)            CLK(rise) ext_clk   removal   untested  no_startpoint_clock
_417_/SET_B(low)             -         -         min_pulse_width untested no_clock
_417_/SET_B(rise)            CLK(rise) pll_clk   recovery  untested  no_startpoint_clock
_417_/SET_B(rise)            CLK(rise) ext_clk   recovery  untested  no_startpoint_clock
_417_/SET_B(rise)            CLK(rise) pll_clk   removal   untested  no_startpoint_clock
_417_/SET_B(rise)            CLK(rise) ext_clk   removal   untested  no_startpoint_clock
_445_/RESET_B(low)           -         -         min_pulse_width untested no_clock
_445_/RESET_B(rise)          CLK(rise) pll_clk   recovery  untested  no_startpoint_clock
_445_/RESET_B(rise)          CLK(rise) pll_clk   removal   untested  no_startpoint_clock
_467_/RESET_B(low)           -         -         min_pulse_width untested no_clock
_467_/RESET_B(rise)          CLK(rise) pll_clk90 recovery  untested  no_startpoint_clock
_467_/RESET_B(rise)          CLK(rise) pll_clk90 removal   untested  no_startpoint_clock
_469_/D                      CLK(rise) pll_clk90 hold      untested  false_paths
_469_/D                      CLK(rise) pll_clk90 setup     untested  false_paths
_469_/SET_B(low)             -         -         min_pulse_width untested no_clock
_469_/SET_B(rise)            CLK(rise) pll_clk90 recovery  untested  no_startpoint_clock
_469_/SET_B(rise)            CLK(rise) pll_clk90 removal   untested  no_startpoint_clock
_472_/SET_B(low)             -         -         min_pulse_width untested no_clock
_472_/SET_B(rise)            CLK(rise) pll_clk90 recovery  untested  no_startpoint_clock
_472_/SET_B(rise)            CLK(rise) pll_clk90 removal   untested  no_startpoint_clock
_444_/D                      CLK(rise) pll_clk   hold      untested  false_paths
_444_/D                      CLK(rise) pll_clk   setup     untested  false_paths
_444_/RESET_B(low)           -         -         min_pulse_width untested no_clock
_444_/RESET_B(rise)          CLK(rise) pll_clk   recovery  untested  no_startpoint_clock
_444_/RESET_B(rise)          CLK(rise) pll_clk   removal   untested  no_startpoint_clock
_442_/D                      CLK(rise) pll_clk   hold      untested  false_paths
_442_/D                      CLK(rise) pll_clk   setup     untested  false_paths
_442_/RESET_B(low)           -         -         min_pulse_width untested no_clock
_442_/RESET_B(rise)          CLK(rise) pll_clk   recovery  untested  no_startpoint_clock
_442_/RESET_B(rise)          CLK(rise) pll_clk   removal   untested  no_startpoint_clock
_446_/SET_B(low)             -         -         min_pulse_width untested no_clock
_446_/SET_B(rise)            CLK(rise) pll_clk   recovery  untested  no_startpoint_clock
_446_/SET_B(rise)            CLK(rise) pll_clk   removal   untested  no_startpoint_clock
_447_/RESET_B(low)           -         -         min_pulse_width untested no_clock
_447_/RESET_B(rise)          CLK(rise) pll_clk   recovery  untested  no_startpoint_clock
_447_/RESET_B(rise)          CLK(rise) pll_clk   removal   untested  no_startpoint_clock
_443_/D                      CLK(rise) pll_clk   hold      untested  false_paths
_443_/D                      CLK(rise) pll_clk   setup     untested  false_paths
_443_/SET_B(low)             -         -         min_pulse_width untested no_clock
_443_/SET_B(rise)            CLK(rise) pll_clk   recovery  untested  no_startpoint_clock
_443_/SET_B(rise)            CLK(rise) pll_clk   removal   untested  no_startpoint_clock
_420_/D                      CLK(rise) pll_clk   hold      untested  false_paths
_420_/D                      CLK(rise) pll_clk   setup     untested  false_paths
_420_/RESET_B(low)           -         -         min_pulse_width untested no_clock
_420_/RESET_B(rise)          CLK(rise) pll_clk   recovery  untested  no_startpoint_clock
_420_/RESET_B(rise)          CLK(rise) pll_clk   removal   untested  no_startpoint_clock
_421_/RESET_B(low)           -         -         min_pulse_width untested no_clock
_421_/RESET_B(rise)          CLK(rise) pll_clk   recovery  untested  no_startpoint_clock
_421_/RESET_B(rise)          CLK(rise) pll_clk   removal   untested  no_startpoint_clock
_432_/SET_B(low)             -         -         min_pulse_width untested no_clock
_432_/SET_B(rise)            CLK(rise) pll_clk   recovery  untested  no_startpoint_clock
_432_/SET_B(rise)            CLK(rise) pll_clk   removal   untested  no_startpoint_clock
_465_/SET_B(low)             -         -         min_pulse_width untested no_clock
_465_/SET_B(rise)            CLK(rise) pll_clk90 recovery  untested  no_startpoint_clock
_465_/SET_B(rise)            CLK(rise) pll_clk90 removal   untested  no_startpoint_clock
_466_/RESET_B(low)           -         -         min_pulse_width untested no_clock
_466_/RESET_B(rise)          CLK(rise) pll_clk90 recovery  untested  no_startpoint_clock
_466_/RESET_B(rise)          CLK(rise) pll_clk90 removal   untested  no_startpoint_clock
_453_/RESET_B(low)           -         -         min_pulse_width untested no_clock
_453_/RESET_B(rise)          CLK(rise) pll_clk90 recovery  untested  no_startpoint_clock
_453_/RESET_B(rise)          CLK(rise) pll_clk90 removal   untested  no_startpoint_clock
_457_/SET_B(low)             -         -         min_pulse_width untested no_clock
_457_/SET_B(rise)            CLK(rise) pll_clk90 recovery  untested  no_startpoint_clock
_457_/SET_B(rise)            CLK(rise) pll_clk90 removal   untested  no_startpoint_clock
_464_/SET_B(low)             -         -         min_pulse_width untested no_clock
_464_/SET_B(rise)            CLK(rise) pll_clk   recovery  untested  no_startpoint_clock
_464_/SET_B(rise)            CLK(rise) pll_clk   removal   untested  no_startpoint_clock
_439_/SET_B(low)             -         -         min_pulse_width untested no_clock
_439_/SET_B(rise)            CLK(rise) pll_clk   recovery  untested  no_startpoint_clock
_439_/SET_B(rise)            CLK(rise) pll_clk   removal   untested  no_startpoint_clock
_427_/SET_B(low)             -         -         min_pulse_width untested no_clock
_427_/SET_B(rise)            CLK(rise) pll_clk   recovery  untested  no_startpoint_clock
_427_/SET_B(rise)            CLK(rise) pll_clk   removal   untested  no_startpoint_clock
_428_/RESET_B(low)           -         -         min_pulse_width untested no_clock
_428_/RESET_B(rise)          CLK(rise) pll_clk   recovery  untested  no_startpoint_clock
_428_/RESET_B(rise)          CLK(rise) pll_clk   removal   untested  no_startpoint_clock
_441_/RESET_B(low)           -         -         min_pulse_width untested no_clock
_441_/RESET_B(rise)          CLK(rise) pll_clk   recovery  untested  no_startpoint_clock
_441_/RESET_B(rise)          CLK(rise) pll_clk   removal   untested  no_startpoint_clock
_452_/SET_B(low)             -         -         min_pulse_width untested no_clock
_452_/SET_B(rise)            CLK(rise) pll_clk90 recovery  untested  no_startpoint_clock
_452_/SET_B(rise)            CLK(rise) pll_clk90 removal   untested  no_startpoint_clock
_422_/SET_B(low)             -         -         min_pulse_width untested no_clock
_422_/SET_B(rise)            CLK(rise) pll_clk90 recovery  untested  no_startpoint_clock
_422_/SET_B(rise)            CLK(rise) pll_clk90 removal   untested  no_startpoint_clock
_440_/RESET_B(low)           -         -         min_pulse_width untested no_clock
_440_/RESET_B(rise)          CLK(rise) pll_clk   recovery  untested  no_startpoint_clock
_440_/RESET_B(rise)          CLK(rise) pll_clk   removal   untested  no_startpoint_clock
_429_/RESET_B(low)           -         -         min_pulse_width untested no_clock
_429_/RESET_B(rise)          CLK_N(fall) pll_clk recovery  untested  no_startpoint_clock
_429_/RESET_B(rise)          CLK_N(fall) pll_clk removal   untested  no_startpoint_clock
_454_/RESET_B(low)           -         -         min_pulse_width untested no_clock
_454_/RESET_B(rise)          CLK_N(fall) pll_clk90 recovery untested no_startpoint_clock
_454_/RESET_B(rise)          CLK_N(fall) pll_clk90 removal untested  no_startpoint_clock
_455_/SET_B(low)             -         -         min_pulse_width untested no_clock
_455_/SET_B(rise)            CLK(rise) pll_clk90 recovery  untested  no_startpoint_clock
_455_/SET_B(rise)            CLK(rise) pll_clk90 removal   untested  no_startpoint_clock
_458_/RESET_B(low)           -         -         min_pulse_width untested no_clock
_458_/RESET_B(rise)          CLK_N(fall) pll_clk90 recovery untested no_startpoint_clock
_458_/RESET_B(rise)          CLK_N(fall) pll_clk90 removal untested  no_startpoint_clock
_459_/SET_B(low)             -         -         min_pulse_width untested no_clock
_459_/SET_B(rise)            CLK(rise) pll_clk90 recovery  untested  no_startpoint_clock
_459_/SET_B(rise)            CLK(rise) pll_clk90 removal   untested  no_startpoint_clock
_460_/RESET_B(low)           -         -         min_pulse_width untested no_clock
_460_/RESET_B(rise)          CLK_N(fall) pll_clk90 recovery untested no_startpoint_clock
_460_/RESET_B(rise)          CLK_N(fall) pll_clk90 removal untested  no_startpoint_clock
_430_/SET_B(low)             -         -         min_pulse_width untested no_clock
_430_/SET_B(rise)            CLK(rise) pll_clk   recovery  untested  no_startpoint_clock
_430_/SET_B(rise)            CLK(rise) pll_clk   removal   untested  no_startpoint_clock
_436_/RESET_B(low)           -         -         min_pulse_width untested no_clock
_436_/RESET_B(rise)          CLK(rise) pll_clk   recovery  untested  no_startpoint_clock
_436_/RESET_B(rise)          CLK(rise) pll_clk   removal   untested  no_startpoint_clock
_437_/SET_B(low)             -         -         min_pulse_width untested no_clock
_437_/SET_B(rise)            CLK(rise) pll_clk   recovery  untested  no_startpoint_clock
_437_/SET_B(rise)            CLK(rise) pll_clk   removal   untested  no_startpoint_clock
_435_/RESET_B(low)           -         -         min_pulse_width untested no_clock
_435_/RESET_B(rise)          CLK_N(fall) pll_clk recovery  untested  no_startpoint_clock
_435_/RESET_B(rise)          CLK_N(fall) pll_clk removal   untested  no_startpoint_clock
_456_/RESET_B(low)           -         -         min_pulse_width untested no_clock
_456_/RESET_B(rise)          CLK_N(fall) pll_clk90 recovery untested no_startpoint_clock
_456_/RESET_B(rise)          CLK_N(fall) pll_clk90 removal untested  no_startpoint_clock
_463_/RESET_B(low)           -         -         min_pulse_width untested no_clock
_463_/RESET_B(rise)          CLK(rise) pll_clk90 recovery  untested  no_startpoint_clock
_463_/RESET_B(rise)          CLK(rise) pll_clk90 removal   untested  no_startpoint_clock
_431_/RESET_B(low)           -         -         min_pulse_width untested no_clock
_431_/RESET_B(rise)          CLK_N(fall) pll_clk recovery  untested  no_startpoint_clock
_431_/RESET_B(rise)          CLK_N(fall) pll_clk removal   untested  no_startpoint_clock
_461_/RESET_B(low)           -         -         min_pulse_width untested no_clock
_461_/RESET_B(rise)          CLK(rise) pll_clk90 recovery  untested  no_startpoint_clock
_461_/RESET_B(rise)          CLK(rise) pll_clk90 removal   untested  no_startpoint_clock
_434_/SET_B(low)             -         -         min_pulse_width untested no_clock
_434_/SET_B(rise)            CLK(rise) pll_clk   recovery  untested  no_startpoint_clock
_434_/SET_B(rise)            CLK(rise) pll_clk   removal   untested  no_startpoint_clock
_433_/RESET_B(low)           -         -         min_pulse_width untested no_clock
_433_/RESET_B(rise)          CLK_N(fall) pll_clk recovery  untested  no_startpoint_clock
_433_/RESET_B(rise)          CLK_N(fall) pll_clk removal   untested  no_startpoint_clock
_462_/SET_B(low)             -         -         min_pulse_width untested no_clock
_462_/SET_B(rise)            CLK(rise) pll_clk90 recovery  untested  no_startpoint_clock
_462_/SET_B(rise)            CLK(rise) pll_clk90 removal   untested  no_startpoint_clock
_438_/RESET_B(low)           -         -         min_pulse_width untested no_clock
_438_/RESET_B(rise)          CLK(rise) pll_clk   recovery  untested  no_startpoint_clock
_438_/RESET_B(rise)          CLK(rise) pll_clk   removal   untested  no_startpoint_clock
1
