
===========================================================================
report_checks -unconstrained
============================================================================
Startpoint: _36578_ (rising edge-triggered flip-flop clocked by clk)
Endpoint: soc.core.RAM256 (rising edge-triggered flip-flop clocked by clk)
Path Group: clk
Path Type: max

Fanout     Cap    Slew   Delay    Time   Description
-----------------------------------------------------------------------------
                          0.00    0.00   clock clk (rise edge)
                          0.00    0.00   clock source latency
                  1.49    0.00    0.00 ^ clock_core (in)
     2    0.01                           clock_core (net)
                  1.49    0.00    0.00 ^ input1/A (sky130_fd_sc_hd__buf_8)
                  0.13    0.27    0.27 ^ input1/X (sky130_fd_sc_hd__buf_8)
     2    0.07                           net1 (net)
                  0.14    0.02    0.29 ^ wire2304/A (sky130_fd_sc_hd__buf_12)
                  0.16    0.20    0.49 ^ wire2304/X (sky130_fd_sc_hd__buf_12)
     2    0.14                           net2304 (net)
                  0.19    0.05    0.54 ^ wire2303/A (sky130_fd_sc_hd__buf_12)
                  0.19    0.22    0.77 ^ wire2303/X (sky130_fd_sc_hd__buf_12)
    12    0.16                           net2303 (net)
                  0.23    0.07    0.84 ^ _20700_/A0 (sky130_fd_sc_hd__mux2_1)
                  0.09    0.22    1.06 ^ _20700_/X (sky130_fd_sc_hd__mux2_1)
     2    0.01                           _04032_ (net)
                  0.09    0.00    1.06 ^ _20703_/A0 (sky130_fd_sc_hd__mux2_2)
                  1.41    1.14    2.20 ^ _20703_/X (sky130_fd_sc_hd__mux2_2)
     2    0.28                           clock_ctrl.core_clk (net)
                  1.41    0.05    2.25 ^ clkbuf_0_clock_ctrl.core_clk/A (sky130_fd_sc_hd__clkbuf_16)
                  0.07    0.33    2.57 ^ clkbuf_0_clock_ctrl.core_clk/X (sky130_fd_sc_hd__clkbuf_16)
     2    0.01                           clknet_0_clock_ctrl.core_clk (net)
                  0.07    0.00    2.57 ^ clkbuf_1_1_0_clock_ctrl.core_clk/A (sky130_fd_sc_hd__clkbuf_8)
                  0.21    0.27    2.84 ^ clkbuf_1_1_0_clock_ctrl.core_clk/X (sky130_fd_sc_hd__clkbuf_8)
     2    0.12                           clknet_1_1_0_clock_ctrl.core_clk (net)
                  0.22    0.01    2.85 ^ clkbuf_1_1_1_clock_ctrl.core_clk/A (sky130_fd_sc_hd__clkbuf_8)
                  0.22    0.32    3.17 ^ clkbuf_1_1_1_clock_ctrl.core_clk/X (sky130_fd_sc_hd__clkbuf_8)
     2    0.13                           clknet_1_1_1_clock_ctrl.core_clk (net)
                  0.22    0.01    3.18 ^ clkbuf_1_1_2_clock_ctrl.core_clk/A (sky130_fd_sc_hd__clkbuf_8)
                  0.04    0.18    3.36 ^ clkbuf_1_1_2_clock_ctrl.core_clk/X (sky130_fd_sc_hd__clkbuf_8)
     1    0.01                           clknet_1_1_2_clock_ctrl.core_clk (net)
                  0.04    0.00    3.36 ^ clkbuf_1_1_3_clock_ctrl.core_clk/A (sky130_fd_sc_hd__clkbuf_8)
                  0.07    0.14    3.51 ^ clkbuf_1_1_3_clock_ctrl.core_clk/X (sky130_fd_sc_hd__clkbuf_8)
     2    0.03                           clknet_1_1_3_clock_ctrl.core_clk (net)
                  0.07    0.00    3.51 ^ clkbuf_1_1_4_clock_ctrl.core_clk/A (sky130_fd_sc_hd__clkbuf_8)
                  0.09    0.17    3.68 ^ clkbuf_1_1_4_clock_ctrl.core_clk/X (sky130_fd_sc_hd__clkbuf_8)
     4    0.04                           clknet_1_1_4_clock_ctrl.core_clk (net)
                  0.09    0.01    3.69 ^ clkbuf_2_3_0_clock_ctrl.core_clk/A (sky130_fd_sc_hd__clkbuf_8)
                  0.06    0.16    3.85 ^ clkbuf_2_3_0_clock_ctrl.core_clk/X (sky130_fd_sc_hd__clkbuf_8)
     2    0.03                           clknet_2_3_0_clock_ctrl.core_clk (net)
                  0.07    0.00    3.86 ^ clkbuf_2_3_1_clock_ctrl.core_clk/A (sky130_fd_sc_hd__clkbuf_8)
                  0.06    0.15    4.01 ^ clkbuf_2_3_1_clock_ctrl.core_clk/X (sky130_fd_sc_hd__clkbuf_8)
     2    0.03                           clknet_2_3_1_clock_ctrl.core_clk (net)
                  0.06    0.00    4.01 ^ clkbuf_2_3_2_clock_ctrl.core_clk/A (sky130_fd_sc_hd__clkbuf_8)
                  0.09    0.17    4.19 ^ clkbuf_2_3_2_clock_ctrl.core_clk/X (sky130_fd_sc_hd__clkbuf_8)
     4    0.04                           clknet_2_3_2_clock_ctrl.core_clk (net)
                  0.09    0.00    4.19 ^ clkbuf_3_6_0_clock_ctrl.core_clk/A (sky130_fd_sc_hd__clkbuf_8)
                  0.07    0.17    4.36 ^ clkbuf_3_6_0_clock_ctrl.core_clk/X (sky130_fd_sc_hd__clkbuf_8)
     2    0.04                           clknet_3_6_0_clock_ctrl.core_clk (net)
                  0.08    0.00    4.37 ^ clkbuf_3_6_1_clock_ctrl.core_clk/A (sky130_fd_sc_hd__clkbuf_8)
                  0.06    0.15    4.52 ^ clkbuf_3_6_1_clock_ctrl.core_clk/X (sky130_fd_sc_hd__clkbuf_8)
     2    0.02                           clknet_3_6_1_clock_ctrl.core_clk (net)
                  0.06    0.00    4.52 ^ clkbuf_4_12_0_clock_ctrl.core_clk/A (sky130_fd_sc_hd__clkbuf_8)
                  0.09    0.17    4.69 ^ clkbuf_4_12_0_clock_ctrl.core_clk/X (sky130_fd_sc_hd__clkbuf_8)
     4    0.04                           clknet_4_12_0_clock_ctrl.core_clk (net)
                  0.09    0.00    4.69 ^ clkbuf_5_24_0_clock_ctrl.core_clk/A (sky130_fd_sc_hd__clkbuf_8)
                  0.05    0.15    4.84 ^ clkbuf_5_24_0_clock_ctrl.core_clk/X (sky130_fd_sc_hd__clkbuf_8)
     2    0.02                           clknet_5_24_0_clock_ctrl.core_clk (net)
                  0.05    0.00    4.84 ^ clkbuf_6_48_0_clock_ctrl.core_clk/A (sky130_fd_sc_hd__clkbuf_8)
                  0.09    0.17    5.02 ^ clkbuf_6_48_0_clock_ctrl.core_clk/X (sky130_fd_sc_hd__clkbuf_8)
     4    0.05                           clknet_6_48_0_clock_ctrl.core_clk (net)
                  0.09    0.00    5.02 ^ clkbuf_7_97__f_clock_ctrl.core_clk/A (sky130_fd_sc_hd__clkbuf_16)
                  0.10    0.20    5.21 ^ clkbuf_7_97__f_clock_ctrl.core_clk/X (sky130_fd_sc_hd__clkbuf_16)
    10    0.08                           clknet_7_97__leaf_clock_ctrl.core_clk (net)
                  0.10    0.00    5.22 ^ clkbuf_leaf_431_clock_ctrl.core_clk/A (sky130_fd_sc_hd__clkbuf_16)
                  0.05    0.16    5.38 ^ clkbuf_leaf_431_clock_ctrl.core_clk/X (sky130_fd_sc_hd__clkbuf_16)
     6    0.03                           clknet_leaf_431_clock_ctrl.core_clk (net)
                  0.05    0.00    5.38 ^ _36578_/CLK (sky130_fd_sc_hd__dfxtp_2)
                  0.10    0.39    5.77 v _36578_/Q (sky130_fd_sc_hd__dfxtp_2)
     9    0.04                           soc.core.grant[0] (net)
                  0.10    0.00    5.77 v hold5036/A (sky130_fd_sc_hd__dlygate4sd3_1)
                  0.07    0.62    6.39 v hold5036/X (sky130_fd_sc_hd__dlygate4sd3_1)
     1    0.01                           net7507 (net)
                  0.07    0.00    6.39 v _21790_/B (sky130_fd_sc_hd__and2b_4)
                  0.06    0.22    6.60 v _21790_/X (sky130_fd_sc_hd__and2b_4)
     2    0.03                           _04391_ (net)
                  0.06    0.00    6.60 v fanout1666/A (sky130_fd_sc_hd__buf_12)
                  0.12    0.22    6.82 v fanout1666/X (sky130_fd_sc_hd__buf_12)
    36    0.22                           net1666 (net)
                  0.12    0.01    6.83 v fanout1665/A (sky130_fd_sc_hd__buf_12)
                  0.10    0.22    7.05 v fanout1665/X (sky130_fd_sc_hd__buf_12)
    36    0.17                           net1665 (net)
                  0.10    0.02    7.07 v _21988_/A2 (sky130_fd_sc_hd__a22oi_4)
                  0.26    0.32    7.38 ^ _21988_/Y (sky130_fd_sc_hd__a22oi_4)
     2    0.03                           _04462_ (net)
                  0.26    0.00    7.39 ^ _16607_/A0 (sky130_fd_sc_hd__mux2_2)
                  0.22    0.36    7.75 ^ _16607_/X (sky130_fd_sc_hd__mux2_2)
     2    0.04                           _04463_ (net)
                  0.22    0.01    7.75 ^ fanout1402/A (sky130_fd_sc_hd__clkbuf_16)
                  0.25    0.33    8.08 ^ fanout1402/X (sky130_fd_sc_hd__clkbuf_16)
    19    0.23                           net1402 (net)
                  0.25    0.00    8.08 ^ _21796_/C (sky130_fd_sc_hd__and3_4)
                  0.67    0.66    8.75 ^ _21796_/X (sky130_fd_sc_hd__and3_4)
    32    0.23                           _11138_ (net)
                  0.67    0.00    8.75 ^ _23969_/B (sky130_fd_sc_hd__and4_2)
                  0.32    0.60    9.35 ^ _23969_/X (sky130_fd_sc_hd__and4_2)
     6    0.06                           _12457_ (net)
                  0.32    0.01    9.35 ^ wire1036/A (sky130_fd_sc_hd__buf_8)
                  0.44    0.41    9.77 ^ wire1036/X (sky130_fd_sc_hd__buf_8)
    10    0.28                           net1036 (net)
                  0.48    0.10    9.87 ^ _23970_/B (sky130_fd_sc_hd__and2_4)
                  0.56    0.57   10.44 ^ _23970_/X (sky130_fd_sc_hd__and2_4)
     2    0.20                           soc.core.dff_en (net)
                  0.58    0.09   10.53 ^ soc.core.RAM256/EN0 (RAM256)
                                 10.53   data arrival time

                         25.00   25.00   clock clk (fall edge)
                          0.00   25.00   clock source latency
                  1.00    0.00   25.00 v clock_core (in)
     2    0.01                           clock_core (net)
                  1.00    0.00   25.00 v input1/A (sky130_fd_sc_hd__buf_8)
                  0.08    0.44   25.44 v input1/X (sky130_fd_sc_hd__buf_8)
     2    0.07                           net1 (net)
                  0.09    0.02   25.46 v wire2304/A (sky130_fd_sc_hd__buf_12)
                  0.08    0.17   25.63 v wire2304/X (sky130_fd_sc_hd__buf_12)
     2    0.14                           net2304 (net)
                  0.13    0.05   25.68 v wire2303/A (sky130_fd_sc_hd__buf_12)
                  0.08    0.18   25.86 v wire2303/X (sky130_fd_sc_hd__buf_12)
    12    0.16                           net2303 (net)
                  0.16    0.06   25.92 v _20700_/A0 (sky130_fd_sc_hd__mux2_1)
                  0.08    0.35   26.27 v _20700_/X (sky130_fd_sc_hd__mux2_1)
     2    0.01                           _04032_ (net)
                  0.08    0.00   26.27 v _20703_/A0 (sky130_fd_sc_hd__mux2_2)
                  0.64    0.72   26.99 v _20703_/X (sky130_fd_sc_hd__mux2_2)
     2    0.28                           clock_ctrl.core_clk (net)
                  0.65    0.05   27.04 v clkbuf_0_clock_ctrl.core_clk/A (sky130_fd_sc_hd__clkbuf_16)
                  0.04    0.36   27.40 v clkbuf_0_clock_ctrl.core_clk/X (sky130_fd_sc_hd__clkbuf_16)
     2    0.01                           clknet_0_clock_ctrl.core_clk (net)
                  0.04    0.00   27.40 v clkbuf_1_0_0_clock_ctrl.core_clk/A (sky130_fd_sc_hd__clkbuf_8)
                  0.05    0.15   27.55 v clkbuf_1_0_0_clock_ctrl.core_clk/X (sky130_fd_sc_hd__clkbuf_8)
     2    0.03                           clknet_1_0_0_clock_ctrl.core_clk (net)
                  0.05    0.00   27.55 v clkbuf_1_0_1_clock_ctrl.core_clk/A (sky130_fd_sc_hd__clkbuf_8)
                  0.05    0.15   27.71 v clkbuf_1_0_1_clock_ctrl.core_clk/X (sky130_fd_sc_hd__clkbuf_8)
     2    0.03                           clknet_1_0_1_clock_ctrl.core_clk (net)
                  0.05    0.00   27.71 v clkbuf_1_0_2_clock_ctrl.core_clk/A (sky130_fd_sc_hd__clkbuf_8)
                  0.04    0.15   27.86 v clkbuf_1_0_2_clock_ctrl.core_clk/X (sky130_fd_sc_hd__clkbuf_8)
     2    0.03                           clknet_1_0_2_clock_ctrl.core_clk (net)
                  0.05    0.00   27.86 v clkbuf_1_0_3_clock_ctrl.core_clk/A (sky130_fd_sc_hd__clkbuf_8)
                  0.05    0.15   28.01 v clkbuf_1_0_3_clock_ctrl.core_clk/X (sky130_fd_sc_hd__clkbuf_8)
     2    0.03                           clknet_1_0_3_clock_ctrl.core_clk (net)
                  0.05    0.00   28.01 v clkbuf_1_0_4_clock_ctrl.core_clk/A (sky130_fd_sc_hd__clkbuf_8)
                  0.06    0.16   28.17 v clkbuf_1_0_4_clock_ctrl.core_clk/X (sky130_fd_sc_hd__clkbuf_8)
     4    0.04                           clknet_1_0_4_clock_ctrl.core_clk (net)
                  0.06    0.01   28.17 v clkbuf_2_1_0_clock_ctrl.core_clk/A (sky130_fd_sc_hd__clkbuf_8)
                  0.05    0.16   28.33 v clkbuf_2_1_0_clock_ctrl.core_clk/X (sky130_fd_sc_hd__clkbuf_8)
     2    0.03                           clknet_2_1_0_clock_ctrl.core_clk (net)
                  0.05    0.00   28.33 v clkbuf_2_1_1_clock_ctrl.core_clk/A (sky130_fd_sc_hd__clkbuf_8)
                  0.05    0.15   28.48 v clkbuf_2_1_1_clock_ctrl.core_clk/X (sky130_fd_sc_hd__clkbuf_8)
     2    0.03                           clknet_2_1_1_clock_ctrl.core_clk (net)
                  0.05    0.00   28.48 v clkbuf_2_1_2_clock_ctrl.core_clk/A (sky130_fd_sc_hd__clkbuf_8)
                  0.07    0.16   28.65 v clkbuf_2_1_2_clock_ctrl.core_clk/X (sky130_fd_sc_hd__clkbuf_8)
     4    0.05                           clknet_2_1_2_clock_ctrl.core_clk (net)
                  0.07    0.00   28.65 v clkbuf_3_2_0_clock_ctrl.core_clk/A (sky130_fd_sc_hd__clkbuf_8)
                  0.06    0.16   28.81 v clkbuf_3_2_0_clock_ctrl.core_clk/X (sky130_fd_sc_hd__clkbuf_8)
     2    0.04                           clknet_3_2_0_clock_ctrl.core_clk (net)
                  0.06    0.01   28.82 v clkbuf_3_2_1_clock_ctrl.core_clk/A (sky130_fd_sc_hd__clkbuf_8)
                  0.04    0.15   28.96 v clkbuf_3_2_1_clock_ctrl.core_clk/X (sky130_fd_sc_hd__clkbuf_8)
     2    0.02                           clknet_3_2_1_clock_ctrl.core_clk (net)
                  0.04    0.00   28.96 v clkbuf_4_4_0_clock_ctrl.core_clk/A (sky130_fd_sc_hd__clkbuf_8)
                  0.05    0.15   29.12 v clkbuf_4_4_0_clock_ctrl.core_clk/X (sky130_fd_sc_hd__clkbuf_8)
     4    0.04                           clknet_4_4_0_clock_ctrl.core_clk (net)
                  0.05    0.00   29.12 v clkbuf_5_8_0_clock_ctrl.core_clk/A (sky130_fd_sc_hd__clkbuf_8)
                  0.04    0.15   29.27 v clkbuf_5_8_0_clock_ctrl.core_clk/X (sky130_fd_sc_hd__clkbuf_8)
     4    0.02                           clknet_5_8_0_clock_ctrl.core_clk (net)
                  0.04    0.00   29.27 v clkbuf_6_16_0_clock_ctrl.core_clk/A (sky130_fd_sc_hd__clkbuf_8)
                  0.06    0.16   29.43 v clkbuf_6_16_0_clock_ctrl.core_clk/X (sky130_fd_sc_hd__clkbuf_8)
     4    0.04                           clknet_6_16_0_clock_ctrl.core_clk (net)
                  0.06    0.00   29.43 v clkbuf_7_32__f_clock_ctrl.core_clk/A (sky130_fd_sc_hd__clkbuf_16)
                  0.14    0.23   29.66 v clkbuf_7_32__f_clock_ctrl.core_clk/X (sky130_fd_sc_hd__clkbuf_16)
    20    0.21                           clknet_7_32__leaf_clock_ctrl.core_clk (net)
                  0.15    0.02   29.68 v soc.core.RAM256/CLK (RAM256)
                         -0.10   29.58   clock uncertainty
                          0.20   29.78   clock reconvergence pessimism
                         -2.49   27.29   library setup time
                                 27.29   data required time
-----------------------------------------------------------------------------
                                 27.29   data required time
                                -10.53   data arrival time
-----------------------------------------------------------------------------
                                 16.76   slack (MET)


Startpoint: _38846_ (rising edge-triggered flip-flop clocked by hk_serial_clk)
Endpoint: _38847_ (rising edge-triggered flip-flop clocked by hk_serial_clk')
Path Group: hk_serial_clk
Path Type: max

Fanout     Cap    Slew   Delay    Time   Description
-----------------------------------------------------------------------------
                          0.00    0.00   clock hk_serial_clk (rise edge)
                          0.00    0.00   clock source latency
                  0.26    0.00    0.00 ^ housekeeping/serial_clock (housekeeping)
     4    0.23                           gpio_control_bidir_1[0].serial_clock (net)
                  0.26    0.00    0.00 ^ fanout1709/A (sky130_fd_sc_hd__buf_8)
                  0.10    0.19    0.20 ^ fanout1709/X (sky130_fd_sc_hd__buf_8)
     8    0.05                           net1709 (net)
                  0.10    0.01    0.20 ^ wire1713/A (sky130_fd_sc_hd__buf_6)
                  0.43    0.36    0.56 ^ wire1713/X (sky130_fd_sc_hd__buf_6)
     2    0.22                           net1713 (net)
                  0.45    0.07    0.63 ^ wire1712/A (sky130_fd_sc_hd__buf_12)
                  0.26    0.32    0.96 ^ wire1712/X (sky130_fd_sc_hd__buf_12)
     2    0.22                           net1712 (net)
                  0.27    0.03    0.99 ^ wire1711/A (sky130_fd_sc_hd__buf_12)
                  0.14    0.21    1.20 ^ wire1711/X (sky130_fd_sc_hd__buf_12)
     2    0.11                           net1711 (net)
                  0.15    0.04    1.24 ^ wire1710/A (sky130_fd_sc_hd__buf_12)
                  0.24    0.21    1.45 ^ wire1710/X (sky130_fd_sc_hd__buf_12)
    30    0.23                           net1710 (net)
                  0.40    0.17    1.62 ^ gpio_control_bidir_2[2].BUF[2]/A (sky130_fd_sc_hd__clkbuf_8)
                  0.18    0.33    1.95 ^ gpio_control_bidir_2[2].BUF[2]/X (sky130_fd_sc_hd__clkbuf_8)
    30    0.10                           gpio_control_bidir_2[1].serial_clock (net)
                  0.18    0.02    1.97 ^ gpio_control_bidir_2[1].BUF[2]/A (sky130_fd_sc_hd__clkbuf_8)
                  0.17    0.27    2.24 ^ gpio_control_bidir_2[1].BUF[2]/X (sky130_fd_sc_hd__clkbuf_8)
    30    0.09                           gpio_control_bidir_2[0].serial_clock (net)
                  0.17    0.02    2.26 ^ gpio_control_bidir_2[0].BUF[2]/A (sky130_fd_sc_hd__clkbuf_8)
                  0.17    0.27    2.52 ^ gpio_control_bidir_2[0].BUF[2]/X (sky130_fd_sc_hd__clkbuf_8)
    30    0.09                           gpio_control_bidir_2[0].serial_clock_out (net)
                  0.17    0.02    2.54 ^ gpio_control_in_2[15].BUF[2]/A (sky130_fd_sc_hd__clkbuf_8)
                  0.18    0.27    2.81 ^ gpio_control_in_2[15].BUF[2]/X (sky130_fd_sc_hd__clkbuf_8)
    30    0.10                           gpio_control_in_2[14].serial_clock (net)
                  0.18    0.02    2.83 ^ gpio_control_in_2[14].BUF[2]/A (sky130_fd_sc_hd__clkbuf_8)
                  0.18    0.27    3.11 ^ gpio_control_in_2[14].BUF[2]/X (sky130_fd_sc_hd__clkbuf_8)
    30    0.10                           gpio_control_in_2[13].serial_clock (net)
                  0.18    0.02    3.13 ^ gpio_control_in_2[13].BUF[2]/A (sky130_fd_sc_hd__buf_8)
                  0.22    0.24    3.36 ^ gpio_control_in_2[13].BUF[2]/X (sky130_fd_sc_hd__buf_8)
    30    0.13                           gpio_control_in_2[12].serial_clock (net)
                  0.24    0.06    3.42 ^ gpio_control_in_2[12].BUF[2]/A (sky130_fd_sc_hd__buf_4)
                  0.27    0.33    3.76 ^ gpio_control_in_2[12].BUF[2]/X (sky130_fd_sc_hd__buf_4)
    30    0.10                           gpio_control_in_2[11].serial_clock (net)
                  0.27    0.02    3.78 ^ gpio_control_in_2[11].BUF[2]/A (sky130_fd_sc_hd__clkbuf_8)
                  0.18    0.31    4.08 ^ gpio_control_in_2[11].BUF[2]/X (sky130_fd_sc_hd__clkbuf_8)
    30    0.10                           gpio_control_in_2[10].serial_clock (net)
                  0.19    0.02    4.10 ^ gpio_control_in_2[10].BUF[2]/A (sky130_fd_sc_hd__clkbuf_8)
                  0.17    0.27    4.38 ^ gpio_control_in_2[10].BUF[2]/X (sky130_fd_sc_hd__clkbuf_8)
    30    0.10                           gpio_control_in_2[10].serial_clock_out (net)
                  0.18    0.02    4.40 ^ gpio_control_in_2[9].BUF[2]/A (sky130_fd_sc_hd__clkbuf_8)
                  0.18    0.27    4.67 ^ gpio_control_in_2[9].BUF[2]/X (sky130_fd_sc_hd__clkbuf_8)
    30    0.10                           gpio_control_in_2[8].serial_clock (net)
                  0.18    0.02    4.69 ^ gpio_control_in_2[8].BUF[2]/A (sky130_fd_sc_hd__clkbuf_8)
                  0.18    0.28    4.96 ^ gpio_control_in_2[8].BUF[2]/X (sky130_fd_sc_hd__clkbuf_8)
    30    0.10                           gpio_control_in_2[7].serial_clock (net)
                  0.19    0.02    4.99 ^ gpio_control_in_2[7].BUF[2]/A (sky130_fd_sc_hd__clkbuf_8)
                  0.17    0.27    5.26 ^ gpio_control_in_2[7].BUF[2]/X (sky130_fd_sc_hd__clkbuf_8)
    30    0.10                           gpio_control_in_2[6].serial_clock (net)
                  0.18    0.02    5.28 ^ gpio_control_in_2[6].BUF[2]/A (sky130_fd_sc_hd__buf_6)
                  0.04    0.13    5.41 ^ gpio_control_in_2[6].BUF[2]/X (sky130_fd_sc_hd__buf_6)
     1    0.01                           gpio_control_in_2[5].serial_clock (net)
                  0.04    0.00    5.41 ^ wire763/A (sky130_fd_sc_hd__buf_12)
                  0.19    0.17    5.58 ^ wire763/X (sky130_fd_sc_hd__buf_12)
    30    0.17                           net763 (net)
                  0.26    0.09    5.67 ^ gpio_control_in_2[5].BUF[2]/A (sky130_fd_sc_hd__clkbuf_8)
                  0.20    0.31    5.98 ^ gpio_control_in_2[5].BUF[2]/X (sky130_fd_sc_hd__clkbuf_8)
    30    0.11                           gpio_control_in_2[4].serial_clock (net)
                  0.21    0.03    6.01 ^ gpio_control_in_2[4].BUF[2]/A (sky130_fd_sc_hd__clkbuf_8)
                  0.18    0.29    6.30 ^ gpio_control_in_2[4].BUF[2]/X (sky130_fd_sc_hd__clkbuf_8)
    30    0.10                           gpio_control_in_2[3].serial_clock (net)
                  0.19    0.02    6.32 ^ gpio_control_in_2[3].BUF[2]/A (sky130_fd_sc_hd__clkbuf_8)
                  0.17    0.27    6.59 ^ gpio_control_in_2[3].BUF[2]/X (sky130_fd_sc_hd__clkbuf_8)
    30    0.10                           gpio_control_in_2[2].serial_clock (net)
                  0.17    0.02    6.61 ^ gpio_control_in_2[2].BUF[2]/A (sky130_fd_sc_hd__clkbuf_8)
                  0.20    0.29    6.90 ^ gpio_control_in_2[2].BUF[2]/X (sky130_fd_sc_hd__clkbuf_8)
    30    0.11                           gpio_control_in_2[1].serial_clock (net)
                  0.21    0.02    6.92 ^ _38846_/CLK (sky130_fd_sc_hd__dfrtp_2)
                  0.05    0.47    7.39 v _38846_/Q (sky130_fd_sc_hd__dfrtp_2)
     2    0.01                           gpio_control_in_2[1].shift_register[12] (net)
                  0.05    0.00    7.39 v _38847_/D (sky130_fd_sc_hd__dfrtp_2)
                                  7.39   data arrival time

                         25.00   25.00   clock hk_serial_clk' (rise edge)
                          0.00   25.00   clock source latency
                  0.12    0.00   25.00 v housekeeping/serial_clock (housekeeping)
     4    0.23                           gpio_control_bidir_1[0].serial_clock (net)
                  0.12    0.00   25.00 v fanout1709/A (sky130_fd_sc_hd__buf_8)
                  0.05    0.17   25.17 v fanout1709/X (sky130_fd_sc_hd__buf_8)
     8    0.05                           net1709 (net)
                  0.05    0.01   25.18 v wire1713/A (sky130_fd_sc_hd__buf_6)
                  0.19    0.20   25.37 v wire1713/X (sky130_fd_sc_hd__buf_6)
     2    0.22                           net1713 (net)
                  0.23    0.07   25.44 v wire1712/A (sky130_fd_sc_hd__buf_12)
                  0.12    0.26   25.70 v wire1712/X (sky130_fd_sc_hd__buf_12)
     2    0.22                           net1712 (net)
                  0.14    0.03   25.73 v wire1711/A (sky130_fd_sc_hd__buf_12)
                  0.07    0.19   25.91 v wire1711/X (sky130_fd_sc_hd__buf_12)
     2    0.11                           net1711 (net)
                  0.10    0.03   25.95 v wire1710/A (sky130_fd_sc_hd__buf_12)
                  0.07    0.17   26.11 v wire1710/X (sky130_fd_sc_hd__buf_12)
    30    0.23                           net1710 (net)
                  0.32    0.14   26.26 v gpio_control_bidir_2[2].BUF[2]/A (sky130_fd_sc_hd__clkbuf_8)
                  0.11    0.31   26.56 v gpio_control_bidir_2[2].BUF[2]/X (sky130_fd_sc_hd__clkbuf_8)
    30    0.09                           gpio_control_bidir_2[1].serial_clock (net)
                  0.11    0.02   26.58 v gpio_control_bidir_2[1].BUF[2]/A (sky130_fd_sc_hd__clkbuf_8)
                  0.10    0.22   26.80 v gpio_control_bidir_2[1].BUF[2]/X (sky130_fd_sc_hd__clkbuf_8)
    30    0.09                           gpio_control_bidir_2[0].serial_clock (net)
                  0.11    0.02   26.82 v gpio_control_bidir_2[0].BUF[2]/A (sky130_fd_sc_hd__clkbuf_8)
                  0.10    0.22   27.04 v gpio_control_bidir_2[0].BUF[2]/X (sky130_fd_sc_hd__clkbuf_8)
    30    0.09                           gpio_control_bidir_2[0].serial_clock_out (net)
                  0.11    0.02   27.05 v gpio_control_in_2[15].BUF[2]/A (sky130_fd_sc_hd__clkbuf_8)
                  0.11    0.22   27.27 v gpio_control_in_2[15].BUF[2]/X (sky130_fd_sc_hd__clkbuf_8)
    30    0.09                           gpio_control_in_2[14].serial_clock (net)
                  0.11    0.02   27.29 v gpio_control_in_2[14].BUF[2]/A (sky130_fd_sc_hd__clkbuf_8)
                  0.11    0.22   27.51 v gpio_control_in_2[14].BUF[2]/X (sky130_fd_sc_hd__clkbuf_8)
    30    0.09                           gpio_control_in_2[13].serial_clock (net)
                  0.11    0.02   27.53 v gpio_control_in_2[13].BUF[2]/A (sky130_fd_sc_hd__buf_8)
                  0.09    0.18   27.71 v gpio_control_in_2[13].BUF[2]/X (sky130_fd_sc_hd__buf_8)
    30    0.13                           gpio_control_in_2[12].serial_clock (net)
                  0.14    0.05   27.76 v gpio_control_in_2[12].BUF[2]/A (sky130_fd_sc_hd__buf_4)
                  0.12    0.25   28.01 v gpio_control_in_2[12].BUF[2]/X (sky130_fd_sc_hd__buf_4)
    30    0.09                           gpio_control_in_2[11].serial_clock (net)
                  0.13    0.02   28.03 v gpio_control_in_2[11].BUF[2]/A (sky130_fd_sc_hd__clkbuf_8)
                  0.11    0.23   28.26 v gpio_control_in_2[11].BUF[2]/X (sky130_fd_sc_hd__clkbuf_8)
    30    0.10                           gpio_control_in_2[10].serial_clock (net)
                  0.12    0.02   28.27 v gpio_control_in_2[10].BUF[2]/A (sky130_fd_sc_hd__clkbuf_8)
                  0.11    0.22   28.50 v gpio_control_in_2[10].BUF[2]/X (sky130_fd_sc_hd__clkbuf_8)
    30    0.09                           gpio_control_in_2[10].serial_clock_out (net)
                  0.11    0.02   28.51 v gpio_control_in_2[9].BUF[2]/A (sky130_fd_sc_hd__clkbuf_8)
                  0.11    0.22   28.73 v gpio_control_in_2[9].BUF[2]/X (sky130_fd_sc_hd__clkbuf_8)
    30    0.09                           gpio_control_in_2[8].serial_clock (net)
                  0.11    0.02   28.75 v gpio_control_in_2[8].BUF[2]/A (sky130_fd_sc_hd__clkbuf_8)
                  0.11    0.22   28.97 v gpio_control_in_2[8].BUF[2]/X (sky130_fd_sc_hd__clkbuf_8)
    30    0.10                           gpio_control_in_2[7].serial_clock (net)
                  0.12    0.02   28.99 v gpio_control_in_2[7].BUF[2]/A (sky130_fd_sc_hd__clkbuf_8)
                  0.11    0.22   29.22 v gpio_control_in_2[7].BUF[2]/X (sky130_fd_sc_hd__clkbuf_8)
    30    0.09                           gpio_control_in_2[6].serial_clock (net)
                  0.11    0.02   29.23 v gpio_control_in_2[6].BUF[2]/A (sky130_fd_sc_hd__buf_6)
                  0.03    0.14   29.37 v gpio_control_in_2[6].BUF[2]/X (sky130_fd_sc_hd__buf_6)
     1    0.01                           gpio_control_in_2[5].serial_clock (net)
                  0.03    0.00   29.37 v wire763/A (sky130_fd_sc_hd__buf_12)
                  0.07    0.14   29.51 v wire763/X (sky130_fd_sc_hd__buf_12)
    30    0.16                           net763 (net)
                  0.18    0.08   29.59 v gpio_control_in_2[5].BUF[2]/A (sky130_fd_sc_hd__clkbuf_8)
                  0.12    0.26   29.84 v gpio_control_in_2[5].BUF[2]/X (sky130_fd_sc_hd__clkbuf_8)
    30    0.11                           gpio_control_in_2[4].serial_clock (net)
                  0.13    0.03   29.87 v gpio_control_in_2[4].BUF[2]/A (sky130_fd_sc_hd__clkbuf_8)
                  0.11    0.24   30.11 v gpio_control_in_2[4].BUF[2]/X (sky130_fd_sc_hd__clkbuf_8)
    30    0.10                           gpio_control_in_2[3].serial_clock (net)
                  0.12    0.01   30.12 v gpio_control_in_2[3].BUF[2]/A (sky130_fd_sc_hd__clkbuf_8)
                  0.10    0.22   30.34 v gpio_control_in_2[3].BUF[2]/X (sky130_fd_sc_hd__clkbuf_8)
    30    0.09                           gpio_control_in_2[2].serial_clock (net)
                  0.11    0.01   30.36 v gpio_control_in_2[2].BUF[2]/A (sky130_fd_sc_hd__clkbuf_8)
                  0.12    0.23   30.58 v gpio_control_in_2[2].BUF[2]/X (sky130_fd_sc_hd__clkbuf_8)
    30    0.11                           gpio_control_in_2[1].serial_clock (net)
                  0.13    0.02   30.60 v _21593_/A (sky130_fd_sc_hd__clkinv_4)
                  0.03    0.06   30.66 ^ _21593_/Y (sky130_fd_sc_hd__clkinv_4)
     1    0.00                           _06534_ (net)
                  0.03    0.00   30.66 ^ _38847_/CLK (sky130_fd_sc_hd__dfrtp_2)
                         -0.10   30.56   clock uncertainty
                          0.44   30.99   clock reconvergence pessimism
                         -0.12   30.87   library setup time
                                 30.87   data required time
-----------------------------------------------------------------------------
                                 30.87   data required time
                                 -7.39   data arrival time
-----------------------------------------------------------------------------
                                 23.49   slack (MET)



===========================================================================
report_checks --slack_max -0.01
============================================================================
No paths found.
