
===========================================================================
report_checks -unconstrained
============================================================================
Startpoint: _38448_ (rising edge-triggered flip-flop clocked by clk')
Endpoint: mprj (recovery check against rising-edge clock clk)
Path Group: **async_default**
Path Type: max

Fanout     Cap    Slew   Delay    Time   Description
-----------------------------------------------------------------------------
                         25.00   25.00   clock clk' (rise edge)
                          0.00   25.00   clock source latency
                  1.49    0.00   25.00 v clock_core (in)
     2    0.00                           clock_core (net)
                  1.49    0.00   25.00 v input43/A (sky130_fd_sc_hd__dlymetal6s2s_1)
                  0.12    0.63   25.63 v input43/X (sky130_fd_sc_hd__dlymetal6s2s_1)
     2    0.02                           net2663 (net)
                  0.12    0.00   25.63 v input1/A (sky130_fd_sc_hd__buf_6)
                  0.03    0.16   25.79 v input1/X (sky130_fd_sc_hd__buf_6)
     2    0.02                           net1 (net)
                  0.03    0.00   25.79 v wire2503/A (sky130_fd_sc_hd__buf_6)
                  0.04    0.13   25.92 v wire2503/X (sky130_fd_sc_hd__buf_6)
     2    0.03                           net2503 (net)
                  0.04    0.00   25.93 v wire2024/A (sky130_fd_sc_hd__buf_6)
                  0.11    0.17   26.10 v wire2024/X (sky130_fd_sc_hd__buf_6)
     2    0.13                           net3708 (net)
                  0.15    0.05   26.15 v wire2023/A (sky130_fd_sc_hd__buf_8)
                  0.08    0.21   26.36 v wire2023/X (sky130_fd_sc_hd__buf_8)
     2    0.10                           net3707 (net)
                  0.10    0.03   26.40 v wire2502/A (sky130_fd_sc_hd__buf_6)
                  0.05    0.17   26.57 v wire2502/X (sky130_fd_sc_hd__buf_6)
     6    0.05                           net2502 (net)
                  0.05    0.01   26.58 v _20666_/A0 (sky130_fd_sc_hd__mux2_1)
                  0.10    0.36   26.93 v _20666_/X (sky130_fd_sc_hd__mux2_1)
     2    0.01                           _04600_ (net)
                  0.10    0.00   26.93 v _20669_/A0 (sky130_fd_sc_hd__mux2_2)
                  0.46    0.58   27.52 v _20669_/X (sky130_fd_sc_hd__mux2_2)
     2    0.19                           clock_ctrl.core_clk (net)
                  0.53    0.15   27.66 v clkbuf_0_clock_ctrl.core_clk/A (sky130_fd_sc_hd__clkbuf_16)
                  0.04    0.35   28.01 v clkbuf_0_clock_ctrl.core_clk/X (sky130_fd_sc_hd__clkbuf_16)
     2    0.01                           clknet_0_clock_ctrl.core_clk (net)
                  0.04    0.00   28.01 v clkbuf_1_1_0_clock_ctrl.core_clk/A (sky130_fd_sc_hd__clkbuf_8)
                  0.12    0.22   28.23 v clkbuf_1_1_0_clock_ctrl.core_clk/X (sky130_fd_sc_hd__clkbuf_8)
     2    0.11                           clknet_1_1_0_clock_ctrl.core_clk (net)
                  0.12    0.01   28.24 v clkbuf_1_1_1_clock_ctrl.core_clk/A (sky130_fd_sc_hd__clkbuf_8)
                  0.03    0.18   28.42 v clkbuf_1_1_1_clock_ctrl.core_clk/X (sky130_fd_sc_hd__clkbuf_8)
     1    0.01                           clknet_1_1_1_clock_ctrl.core_clk (net)
                  0.03    0.00   28.42 v clkbuf_1_1_2_clock_ctrl.core_clk/A (sky130_fd_sc_hd__clkbuf_8)
                  0.05    0.15   28.57 v clkbuf_1_1_2_clock_ctrl.core_clk/X (sky130_fd_sc_hd__clkbuf_8)
     2    0.03                           clknet_1_1_2_clock_ctrl.core_clk (net)
                  0.05    0.00   28.58 v clkbuf_1_1_3_clock_ctrl.core_clk/A (sky130_fd_sc_hd__clkbuf_8)
                  0.05    0.17   28.74 v clkbuf_1_1_3_clock_ctrl.core_clk/X (sky130_fd_sc_hd__clkbuf_8)
     2    0.03                           clknet_1_1_3_clock_ctrl.core_clk (net)
                  0.05    0.00   28.74 v clkbuf_1_1_4_clock_ctrl.core_clk/A (sky130_fd_sc_hd__clkbuf_8)
                  0.07    0.19   28.93 v clkbuf_1_1_4_clock_ctrl.core_clk/X (sky130_fd_sc_hd__clkbuf_8)
     4    0.06                           clknet_1_1_4_clock_ctrl.core_clk (net)
                  0.07    0.00   28.93 v clkbuf_2_2_0_clock_ctrl.core_clk/A (sky130_fd_sc_hd__clkbuf_8)
                  0.05    0.18   29.11 v clkbuf_2_2_0_clock_ctrl.core_clk/X (sky130_fd_sc_hd__clkbuf_8)
     2    0.03                           clknet_2_2_0_clock_ctrl.core_clk (net)
                  0.05    0.00   29.11 v clkbuf_2_2_1_clock_ctrl.core_clk/A (sky130_fd_sc_hd__clkbuf_8)
                  0.03    0.14   29.25 v clkbuf_2_2_1_clock_ctrl.core_clk/X (sky130_fd_sc_hd__clkbuf_8)
     1    0.01                           clknet_2_2_1_clock_ctrl.core_clk (net)
                  0.03    0.00   29.25 v clkbuf_2_2_2_clock_ctrl.core_clk/A (sky130_fd_sc_hd__clkbuf_8)
                  0.05    0.16   29.40 v clkbuf_2_2_2_clock_ctrl.core_clk/X (sky130_fd_sc_hd__clkbuf_8)
     4    0.03                           clknet_2_2_2_clock_ctrl.core_clk (net)
                  0.05    0.00   29.40 v clkbuf_3_5_0_clock_ctrl.core_clk/A (sky130_fd_sc_hd__clkbuf_8)
                  0.06    0.17   29.57 v clkbuf_3_5_0_clock_ctrl.core_clk/X (sky130_fd_sc_hd__clkbuf_8)
     2    0.04                           clknet_3_5_0_clock_ctrl.core_clk (net)
                  0.06    0.01   29.58 v clkbuf_3_5_1_clock_ctrl.core_clk/A (sky130_fd_sc_hd__clkbuf_8)
                  0.04    0.16   29.74 v clkbuf_3_5_1_clock_ctrl.core_clk/X (sky130_fd_sc_hd__clkbuf_8)
     4    0.02                           clknet_3_5_1_clock_ctrl.core_clk (net)
                  0.04    0.00   29.74 v clkbuf_4_10_0_clock_ctrl.core_clk/A (sky130_fd_sc_hd__clkbuf_8)
                  0.06    0.17   29.91 v clkbuf_4_10_0_clock_ctrl.core_clk/X (sky130_fd_sc_hd__clkbuf_8)
     4    0.04                           clknet_4_10_0_clock_ctrl.core_clk (net)
                  0.06    0.00   29.91 v clkbuf_5_21_0_clock_ctrl.core_clk/A (sky130_fd_sc_hd__clkbuf_8)
                  0.04    0.16   30.07 v clkbuf_5_21_0_clock_ctrl.core_clk/X (sky130_fd_sc_hd__clkbuf_8)
     4    0.02                           clknet_5_21_0_clock_ctrl.core_clk (net)
                  0.04    0.00   30.07 v clkbuf_6_42_0_clock_ctrl.core_clk/A (sky130_fd_sc_hd__clkbuf_8)
                  0.06    0.17   30.24 v clkbuf_6_42_0_clock_ctrl.core_clk/X (sky130_fd_sc_hd__clkbuf_8)
     4    0.04                           clknet_6_42_0_clock_ctrl.core_clk (net)
                  0.06    0.00   30.24 v clkbuf_7_85__f_clock_ctrl.core_clk/A (sky130_fd_sc_hd__clkbuf_16)
                  0.15    0.22   30.46 v clkbuf_7_85__f_clock_ctrl.core_clk/X (sky130_fd_sc_hd__clkbuf_16)
    10    0.25                           clknet_7_85__leaf_clock_ctrl.core_clk (net)
                  0.21    0.07   30.52 v clkbuf_leaf_749_clock_ctrl.core_clk/A (sky130_fd_sc_hd__clkbuf_16)
                  0.04    0.24   30.76 v clkbuf_leaf_749_clock_ctrl.core_clk/X (sky130_fd_sc_hd__clkbuf_16)
     3    0.03                           clknet_leaf_749_clock_ctrl.core_clk (net)
                  0.04    0.00   30.76 v _21396__1/A (sky130_fd_sc_hd__inv_4)
                  0.02    0.04   30.80 ^ _21396__1/Y (sky130_fd_sc_hd__inv_4)
     1    0.00                           net2513 (net)
                  0.02    0.00   30.80 ^ _38448_/CLK (sky130_fd_sc_hd__dfstp_4)
                  0.15    0.71   31.52 ^ _38448_/Q (sky130_fd_sc_hd__dfstp_4)
     4    0.05                           clock_ctrl.reset_delay[0] (net)
                  0.15    0.00   31.52 ^ wire1780/A (sky130_fd_sc_hd__buf_6)
                  0.08    0.17   31.69 ^ wire1780/X (sky130_fd_sc_hd__buf_6)
     2    0.04                           net1780 (net)
                  0.08    0.01   31.69 ^ wire1779/A (sky130_fd_sc_hd__clkbuf_1)
                  0.07    0.11   31.81 ^ wire1779/X (sky130_fd_sc_hd__clkbuf_1)
     1    0.01                           net1779 (net)
                  0.07    0.00   31.81 ^ wire1310/A (sky130_fd_sc_hd__buf_6)
                  0.37    0.30   32.11 ^ wire1310/X (sky130_fd_sc_hd__buf_6)
    16    0.19                           net3352 (net)
                  0.39    0.07   32.18 ^ wire1309/A (sky130_fd_sc_hd__buf_6)
                  0.39    0.42   32.60 ^ wire1309/X (sky130_fd_sc_hd__buf_6)
    24    0.20                           net3351 (net)
                  0.39    0.02   32.62 ^ _24166_/A (sky130_fd_sc_hd__and2_2)
                  0.18    0.34   32.97 ^ _24166_/X (sky130_fd_sc_hd__and2_2)
     2    0.03                           mgmt_buffers.user_reset (net)
                  0.18    0.00   32.97 ^ wire1590/A (sky130_fd_sc_hd__buf_6)
                  0.13    0.20   33.17 ^ wire1590/X (sky130_fd_sc_hd__buf_6)
     2    0.06                           net1590 (net)
                  0.13    0.02   33.18 ^ wire1276/A (sky130_fd_sc_hd__buf_6)
                  0.32    0.26   33.44 ^ wire1276/X (sky130_fd_sc_hd__buf_6)
     2    0.16                           net3322 (net)
                  0.36    0.10   33.54 ^ mprj/wb_rst_i (user_project_wrapper)
                                 33.54   data arrival time

                         50.00   50.00   clock clk (rise edge)
                          0.00   50.00   clock source latency
                  1.00    0.00   50.00 ^ clock_core (in)
     2    0.00                           clock_core (net)
                  1.00    0.00   50.00 ^ input43/A (sky130_fd_sc_hd__dlymetal6s2s_1)
                  0.19    0.29   50.29 ^ input43/X (sky130_fd_sc_hd__dlymetal6s2s_1)
     2    0.02                           net2663 (net)
                  0.19    0.00   50.29 ^ input1/A (sky130_fd_sc_hd__buf_6)
                  0.05    0.14   50.43 ^ input1/X (sky130_fd_sc_hd__buf_6)
     2    0.02                           net1 (net)
                  0.05    0.00   50.43 ^ wire2503/A (sky130_fd_sc_hd__buf_6)
                  0.07    0.11   50.55 ^ wire2503/X (sky130_fd_sc_hd__buf_6)
     2    0.03                           net2503 (net)
                  0.07    0.00   50.55 ^ wire2024/A (sky130_fd_sc_hd__buf_6)
                  0.25    0.22   50.77 ^ wire2024/X (sky130_fd_sc_hd__buf_6)
     2    0.13                           net3708 (net)
                  0.27    0.05   50.82 ^ wire2023/A (sky130_fd_sc_hd__buf_8)
                  0.17    0.22   51.04 ^ wire2023/X (sky130_fd_sc_hd__buf_8)
     2    0.10                           net3707 (net)
                  0.18    0.03   51.07 ^ wire2502/A (sky130_fd_sc_hd__buf_6)
                  0.10    0.17   51.24 ^ wire2502/X (sky130_fd_sc_hd__buf_6)
     6    0.05                           net2502 (net)
                  0.10    0.01   51.25 ^ _20666_/A0 (sky130_fd_sc_hd__mux2_1)
                  0.13    0.20   51.44 ^ _20666_/X (sky130_fd_sc_hd__mux2_1)
     2    0.01                           _04600_ (net)
                  0.13    0.00   51.45 ^ _20669_/A0 (sky130_fd_sc_hd__mux2_2)
                  0.99    0.72   52.17 ^ _20669_/X (sky130_fd_sc_hd__mux2_2)
     2    0.19                           clock_ctrl.core_clk (net)
                  1.02    0.14   52.31 ^ clkbuf_0_clock_ctrl.core_clk/A (sky130_fd_sc_hd__clkbuf_16)
                  0.06    0.27   52.59 ^ clkbuf_0_clock_ctrl.core_clk/X (sky130_fd_sc_hd__clkbuf_16)
     2    0.01                           clknet_0_clock_ctrl.core_clk (net)
                  0.06    0.00   52.59 ^ clkbuf_1_0_0_clock_ctrl.core_clk/A (sky130_fd_sc_hd__clkbuf_8)
                  0.08    0.15   52.74 ^ clkbuf_1_0_0_clock_ctrl.core_clk/X (sky130_fd_sc_hd__clkbuf_8)
     2    0.04                           clknet_1_0_0_clock_ctrl.core_clk (net)
                  0.08    0.00   52.74 ^ clkbuf_1_0_1_clock_ctrl.core_clk/A (sky130_fd_sc_hd__clkbuf_8)
                  0.07    0.15   52.89 ^ clkbuf_1_0_1_clock_ctrl.core_clk/X (sky130_fd_sc_hd__clkbuf_8)
     2    0.03                           clknet_1_0_1_clock_ctrl.core_clk (net)
                  0.07    0.00   52.90 ^ clkbuf_1_0_2_clock_ctrl.core_clk/A (sky130_fd_sc_hd__clkbuf_8)
                  0.07    0.15   53.05 ^ clkbuf_1_0_2_clock_ctrl.core_clk/X (sky130_fd_sc_hd__clkbuf_8)
     2    0.03                           clknet_1_0_2_clock_ctrl.core_clk (net)
                  0.07    0.00   53.05 ^ clkbuf_1_0_3_clock_ctrl.core_clk/A (sky130_fd_sc_hd__clkbuf_8)
                  0.08    0.15   53.20 ^ clkbuf_1_0_3_clock_ctrl.core_clk/X (sky130_fd_sc_hd__clkbuf_8)
     2    0.04                           clknet_1_0_3_clock_ctrl.core_clk (net)
                  0.08    0.00   53.21 ^ clkbuf_1_0_4_clock_ctrl.core_clk/A (sky130_fd_sc_hd__clkbuf_8)
                  0.11    0.18   53.39 ^ clkbuf_1_0_4_clock_ctrl.core_clk/X (sky130_fd_sc_hd__clkbuf_8)
     4    0.06                           clknet_1_0_4_clock_ctrl.core_clk (net)
                  0.11    0.00   53.39 ^ clkbuf_2_1_0_clock_ctrl.core_clk/A (sky130_fd_sc_hd__clkbuf_8)
                  0.07    0.17   53.55 ^ clkbuf_2_1_0_clock_ctrl.core_clk/X (sky130_fd_sc_hd__clkbuf_8)
     2    0.03                           clknet_2_1_0_clock_ctrl.core_clk (net)
                  0.07    0.00   53.56 ^ clkbuf_2_1_1_clock_ctrl.core_clk/A (sky130_fd_sc_hd__clkbuf_8)
                  0.07    0.15   53.71 ^ clkbuf_2_1_1_clock_ctrl.core_clk/X (sky130_fd_sc_hd__clkbuf_8)
     2    0.03                           clknet_2_1_1_clock_ctrl.core_clk (net)
                  0.07    0.00   53.71 ^ clkbuf_2_1_2_clock_ctrl.core_clk/A (sky130_fd_sc_hd__clkbuf_8)
                  0.09    0.16   53.87 ^ clkbuf_2_1_2_clock_ctrl.core_clk/X (sky130_fd_sc_hd__clkbuf_8)
     4    0.05                           clknet_2_1_2_clock_ctrl.core_clk (net)
                  0.09    0.00   53.87 ^ clkbuf_3_2_0_clock_ctrl.core_clk/A (sky130_fd_sc_hd__clkbuf_8)
                  0.07    0.16   54.03 ^ clkbuf_3_2_0_clock_ctrl.core_clk/X (sky130_fd_sc_hd__clkbuf_8)
     2    0.03                           clknet_3_2_0_clock_ctrl.core_clk (net)
                  0.07    0.00   54.04 ^ clkbuf_3_2_1_clock_ctrl.core_clk/A (sky130_fd_sc_hd__clkbuf_8)
                  0.05    0.13   54.17 ^ clkbuf_3_2_1_clock_ctrl.core_clk/X (sky130_fd_sc_hd__clkbuf_8)
     2    0.02                           clknet_3_2_1_clock_ctrl.core_clk (net)
                  0.05    0.00   54.17 ^ clkbuf_4_5_0_clock_ctrl.core_clk/A (sky130_fd_sc_hd__clkbuf_8)
                  0.09    0.16   54.33 ^ clkbuf_4_5_0_clock_ctrl.core_clk/X (sky130_fd_sc_hd__clkbuf_8)
     4    0.05                           clknet_4_5_0_clock_ctrl.core_clk (net)
                  0.09    0.00   54.34 ^ clkbuf_5_10_0_clock_ctrl.core_clk/A (sky130_fd_sc_hd__clkbuf_8)
                  0.05    0.14   54.48 ^ clkbuf_5_10_0_clock_ctrl.core_clk/X (sky130_fd_sc_hd__clkbuf_8)
     2    0.02                           clknet_5_10_0_clock_ctrl.core_clk (net)
                  0.05    0.00   54.48 ^ clkbuf_6_21_0_clock_ctrl.core_clk/A (sky130_fd_sc_hd__clkbuf_8)
                  0.09    0.15   54.64 ^ clkbuf_6_21_0_clock_ctrl.core_clk/X (sky130_fd_sc_hd__clkbuf_8)
     4    0.04                           clknet_6_21_0_clock_ctrl.core_clk (net)
                  0.09    0.00   54.64 ^ clkbuf_7_42__f_clock_ctrl.core_clk/A (sky130_fd_sc_hd__clkbuf_16)
                  0.14    0.21   54.85 ^ clkbuf_7_42__f_clock_ctrl.core_clk/X (sky130_fd_sc_hd__clkbuf_16)
    14    0.13                           clknet_7_42__leaf_clock_ctrl.core_clk (net)
                  0.14    0.01   54.86 ^ _24165_/A (sky130_fd_sc_hd__and2_2)
                  1.32    0.91   55.77 ^ _24165_/X (sky130_fd_sc_hd__and2_2)
     2    0.26                           mgmt_buffers.user_clock (net)
                  1.35    0.15   55.92 ^ mprj/wb_clk_i (user_project_wrapper)
                         -0.10   55.82   clock uncertainty
                          0.22   56.04   clock reconvergence pessimism
                         -3.28   52.76   library recovery time
                                 52.76   data required time
-----------------------------------------------------------------------------
                                 52.76   data required time
                                -33.54   data arrival time
-----------------------------------------------------------------------------
                                 19.22   slack (MET)


Startpoint: _36845_ (rising edge-triggered flip-flop clocked by clk)
Endpoint: soc.core.RAM256 (rising edge-triggered flip-flop clocked by clk)
Path Group: clk
Path Type: max

Fanout     Cap    Slew   Delay    Time   Description
-----------------------------------------------------------------------------
                          0.00    0.00   clock clk (rise edge)
                          0.00    0.00   clock source latency
                  1.49    0.00    0.00 ^ clock_core (in)
     2    0.00                           clock_core (net)
                  1.49    0.00    0.00 ^ input43/A (sky130_fd_sc_hd__dlymetal6s2s_1)
                  0.20    0.34    0.34 ^ input43/X (sky130_fd_sc_hd__dlymetal6s2s_1)
     2    0.02                           net2663 (net)
                  0.20    0.00    0.34 ^ input1/A (sky130_fd_sc_hd__buf_6)
                  0.05    0.15    0.49 ^ input1/X (sky130_fd_sc_hd__buf_6)
     2    0.02                           net1 (net)
                  0.05    0.00    0.49 ^ wire2503/A (sky130_fd_sc_hd__buf_6)
                  0.07    0.12    0.61 ^ wire2503/X (sky130_fd_sc_hd__buf_6)
     2    0.03                           net2503 (net)
                  0.07    0.00    0.61 ^ wire2024/A (sky130_fd_sc_hd__buf_6)
                  0.25    0.24    0.85 ^ wire2024/X (sky130_fd_sc_hd__buf_6)
     2    0.13                           net3708 (net)
                  0.27    0.06    0.91 ^ wire2023/A (sky130_fd_sc_hd__buf_8)
                  0.17    0.23    1.14 ^ wire2023/X (sky130_fd_sc_hd__buf_8)
     2    0.10                           net3707 (net)
                  0.18    0.04    1.18 ^ wire2502/A (sky130_fd_sc_hd__buf_6)
                  0.10    0.18    1.36 ^ wire2502/X (sky130_fd_sc_hd__buf_6)
     6    0.05                           net2502 (net)
                  0.10    0.01    1.36 ^ _20666_/A0 (sky130_fd_sc_hd__mux2_1)
                  0.14    0.21    1.58 ^ _20666_/X (sky130_fd_sc_hd__mux2_1)
     2    0.01                           _04600_ (net)
                  0.14    0.00    1.58 ^ _20669_/A0 (sky130_fd_sc_hd__mux2_2)
                  0.99    0.78    2.36 ^ _20669_/X (sky130_fd_sc_hd__mux2_2)
     2    0.19                           clock_ctrl.core_clk (net)
                  1.03    0.15    2.52 ^ clkbuf_0_clock_ctrl.core_clk/A (sky130_fd_sc_hd__clkbuf_16)
                  0.06    0.30    2.81 ^ clkbuf_0_clock_ctrl.core_clk/X (sky130_fd_sc_hd__clkbuf_16)
     2    0.01                           clknet_0_clock_ctrl.core_clk (net)
                  0.06    0.00    2.81 ^ clkbuf_1_0_0_clock_ctrl.core_clk/A (sky130_fd_sc_hd__clkbuf_8)
                  0.08    0.16    2.97 ^ clkbuf_1_0_0_clock_ctrl.core_clk/X (sky130_fd_sc_hd__clkbuf_8)
     2    0.04                           clknet_1_0_0_clock_ctrl.core_clk (net)
                  0.08    0.00    2.98 ^ clkbuf_1_0_1_clock_ctrl.core_clk/A (sky130_fd_sc_hd__clkbuf_8)
                  0.07    0.17    3.14 ^ clkbuf_1_0_1_clock_ctrl.core_clk/X (sky130_fd_sc_hd__clkbuf_8)
     2    0.03                           clknet_1_0_1_clock_ctrl.core_clk (net)
                  0.07    0.00    3.15 ^ clkbuf_1_0_2_clock_ctrl.core_clk/A (sky130_fd_sc_hd__clkbuf_8)
                  0.07    0.16    3.31 ^ clkbuf_1_0_2_clock_ctrl.core_clk/X (sky130_fd_sc_hd__clkbuf_8)
     2    0.03                           clknet_1_0_2_clock_ctrl.core_clk (net)
                  0.07    0.00    3.31 ^ clkbuf_1_0_3_clock_ctrl.core_clk/A (sky130_fd_sc_hd__clkbuf_8)
                  0.08    0.17    3.48 ^ clkbuf_1_0_3_clock_ctrl.core_clk/X (sky130_fd_sc_hd__clkbuf_8)
     2    0.04                           clknet_1_0_3_clock_ctrl.core_clk (net)
                  0.08    0.00    3.48 ^ clkbuf_1_0_4_clock_ctrl.core_clk/A (sky130_fd_sc_hd__clkbuf_8)
                  0.11    0.19    3.67 ^ clkbuf_1_0_4_clock_ctrl.core_clk/X (sky130_fd_sc_hd__clkbuf_8)
     4    0.06                           clknet_1_0_4_clock_ctrl.core_clk (net)
                  0.11    0.00    3.68 ^ clkbuf_2_0_0_clock_ctrl.core_clk/A (sky130_fd_sc_hd__clkbuf_8)
                  0.07    0.18    3.86 ^ clkbuf_2_0_0_clock_ctrl.core_clk/X (sky130_fd_sc_hd__clkbuf_8)
     2    0.03                           clknet_2_0_0_clock_ctrl.core_clk (net)
                  0.07    0.00    3.86 ^ clkbuf_2_0_1_clock_ctrl.core_clk/A (sky130_fd_sc_hd__clkbuf_8)
                  0.08    0.17    4.03 ^ clkbuf_2_0_1_clock_ctrl.core_clk/X (sky130_fd_sc_hd__clkbuf_8)
     2    0.04                           clknet_2_0_1_clock_ctrl.core_clk (net)
                  0.08    0.00    4.03 ^ clkbuf_2_0_2_clock_ctrl.core_clk/A (sky130_fd_sc_hd__clkbuf_8)
                  0.10    0.19    4.21 ^ clkbuf_2_0_2_clock_ctrl.core_clk/X (sky130_fd_sc_hd__clkbuf_8)
     4    0.05                           clknet_2_0_2_clock_ctrl.core_clk (net)
                  0.10    0.00    4.22 ^ clkbuf_3_1_0_clock_ctrl.core_clk/A (sky130_fd_sc_hd__clkbuf_8)
                  0.07    0.17    4.39 ^ clkbuf_3_1_0_clock_ctrl.core_clk/X (sky130_fd_sc_hd__clkbuf_8)
     2    0.03                           clknet_3_1_0_clock_ctrl.core_clk (net)
                  0.07    0.00    4.39 ^ clkbuf_3_1_1_clock_ctrl.core_clk/A (sky130_fd_sc_hd__clkbuf_8)
                  0.04    0.14    4.53 ^ clkbuf_3_1_1_clock_ctrl.core_clk/X (sky130_fd_sc_hd__clkbuf_8)
     2    0.01                           clknet_3_1_1_clock_ctrl.core_clk (net)
                  0.04    0.00    4.53 ^ clkbuf_4_3_0_clock_ctrl.core_clk/A (sky130_fd_sc_hd__clkbuf_8)
                  0.08    0.16    4.69 ^ clkbuf_4_3_0_clock_ctrl.core_clk/X (sky130_fd_sc_hd__clkbuf_8)
     4    0.04                           clknet_4_3_0_clock_ctrl.core_clk (net)
                  0.08    0.00    4.69 ^ clkbuf_5_7_0_clock_ctrl.core_clk/A (sky130_fd_sc_hd__clkbuf_8)
                  0.05    0.15    4.84 ^ clkbuf_5_7_0_clock_ctrl.core_clk/X (sky130_fd_sc_hd__clkbuf_8)
     2    0.02                           clknet_5_7_0_clock_ctrl.core_clk (net)
                  0.05    0.00    4.84 ^ clkbuf_6_15_0_clock_ctrl.core_clk/A (sky130_fd_sc_hd__clkbuf_8)
                  0.09    0.17    5.01 ^ clkbuf_6_15_0_clock_ctrl.core_clk/X (sky130_fd_sc_hd__clkbuf_8)
     4    0.05                           clknet_6_15_0_clock_ctrl.core_clk (net)
                  0.09    0.00    5.02 ^ clkbuf_7_31__f_clock_ctrl.core_clk/A (sky130_fd_sc_hd__clkbuf_16)
                  0.13    0.22    5.24 ^ clkbuf_7_31__f_clock_ctrl.core_clk/X (sky130_fd_sc_hd__clkbuf_16)
    16    0.12                           clknet_7_31__leaf_clock_ctrl.core_clk (net)
                  0.13    0.01    5.24 ^ clkbuf_leaf_795_clock_ctrl.core_clk/A (sky130_fd_sc_hd__clkbuf_16)
                  0.04    0.17    5.41 ^ clkbuf_leaf_795_clock_ctrl.core_clk/X (sky130_fd_sc_hd__clkbuf_16)
     6    0.02                           clknet_leaf_795_clock_ctrl.core_clk (net)
                  0.04    0.00    5.41 ^ _36845_/CLK (sky130_fd_sc_hd__dfxtp_4)
                  0.26    0.52    5.93 ^ _36845_/Q (sky130_fd_sc_hd__dfxtp_4)
    22    0.09                           soc.core.grant[1] (net)
                  0.26    0.01    5.93 ^ _21625_/A_N (sky130_fd_sc_hd__and2b_4)
                  0.10    0.32    6.25 v _21625_/X (sky130_fd_sc_hd__and2b_4)
    10    0.07                           _04959_ (net)
                  0.10    0.00    6.25 v fanout1910/A (sky130_fd_sc_hd__buf_12)
                  0.11    0.21    6.46 v fanout1910/X (sky130_fd_sc_hd__buf_12)
    36    0.19                           net1910 (net)
                  0.11    0.02    6.48 v fanout1909/A (sky130_fd_sc_hd__buf_8)
                  0.10    0.22    6.70 v fanout1909/X (sky130_fd_sc_hd__buf_8)
    22    0.13                           net1909 (net)
                  0.10    0.00    6.70 v _21813_/A2 (sky130_fd_sc_hd__a22oi_4)
                  0.29    0.34    7.04 ^ _21813_/Y (sky130_fd_sc_hd__a22oi_4)
     2    0.03                           _05034_ (net)
                  0.29    0.00    7.04 ^ _16572_/A0 (sky130_fd_sc_hd__mux2_8)
                  0.36    0.44    7.48 ^ _16572_/X (sky130_fd_sc_hd__mux2_8)
    18    0.21                           _05035_ (net)
                  0.38    0.07    7.55 ^ _21645_/B (sky130_fd_sc_hd__and3_4)
                  0.64    0.71    8.26 ^ _21645_/X (sky130_fd_sc_hd__and3_4)
    36    0.22                           _11146_ (net)
                  0.64    0.01    8.27 ^ _23812_/C (sky130_fd_sc_hd__and4_4)
                  0.30    0.55    8.82 ^ _23812_/X (sky130_fd_sc_hd__and4_4)
    12    0.10                           _12459_ (net)
                  0.30    0.01    8.83 ^ _23814_/B (sky130_fd_sc_hd__and4_4)
                  0.39    0.56    9.39 ^ _23814_/X (sky130_fd_sc_hd__and4_4)
     6    0.13                           soc.core.dff_en (net)
                  0.40    0.03    9.43 ^ wire989/A (sky130_fd_sc_hd__buf_12)
                  0.17    0.25    9.67 ^ wire989/X (sky130_fd_sc_hd__buf_12)
     2    0.15                           net989 (net)
                  0.20    0.05    9.72 ^ soc.core.RAM256/EN0 (RAM256)
                                  9.72   data arrival time

                         25.00   25.00   clock clk (fall edge)
                          0.00   25.00   clock source latency
                  1.00    0.00   25.00 v clock_core (in)
     2    0.00                           clock_core (net)
                  1.00    0.00   25.00 v input43/A (sky130_fd_sc_hd__dlymetal6s2s_1)
                  0.11    0.48   25.48 v input43/X (sky130_fd_sc_hd__dlymetal6s2s_1)
     2    0.02                           net2663 (net)
                  0.11    0.00   25.48 v input1/A (sky130_fd_sc_hd__buf_6)
                  0.03    0.15   25.62 v input1/X (sky130_fd_sc_hd__buf_6)
     2    0.02                           net1 (net)
                  0.03    0.00   25.62 v wire2503/A (sky130_fd_sc_hd__buf_6)
                  0.04    0.12   25.75 v wire2503/X (sky130_fd_sc_hd__buf_6)
     2    0.03                           net2503 (net)
                  0.04    0.00   25.75 v wire2024/A (sky130_fd_sc_hd__buf_6)
                  0.11    0.16   25.91 v wire2024/X (sky130_fd_sc_hd__buf_6)
     2    0.13                           net3708 (net)
                  0.15    0.05   25.96 v wire2023/A (sky130_fd_sc_hd__buf_8)
                  0.08    0.20   26.15 v wire2023/X (sky130_fd_sc_hd__buf_8)
     2    0.10                           net3707 (net)
                  0.10    0.03   26.19 v wire2502/A (sky130_fd_sc_hd__buf_6)
                  0.05    0.16   26.35 v wire2502/X (sky130_fd_sc_hd__buf_6)
     6    0.05                           net2502 (net)
                  0.05    0.01   26.35 v _20666_/A0 (sky130_fd_sc_hd__mux2_1)
                  0.10    0.33   26.68 v _20666_/X (sky130_fd_sc_hd__mux2_1)
     2    0.01                           _04600_ (net)
                  0.10    0.00   26.68 v _20669_/A0 (sky130_fd_sc_hd__mux2_2)
                  0.46    0.54   27.22 v _20669_/X (sky130_fd_sc_hd__mux2_2)
     2    0.19                           clock_ctrl.core_clk (net)
                  0.53    0.14   27.36 v clkbuf_0_clock_ctrl.core_clk/A (sky130_fd_sc_hd__clkbuf_16)
                  0.04    0.32   27.68 v clkbuf_0_clock_ctrl.core_clk/X (sky130_fd_sc_hd__clkbuf_16)
     2    0.01                           clknet_0_clock_ctrl.core_clk (net)
                  0.04    0.00   27.68 v clkbuf_1_0_0_clock_ctrl.core_clk/A (sky130_fd_sc_hd__clkbuf_8)
                  0.05    0.15   27.83 v clkbuf_1_0_0_clock_ctrl.core_clk/X (sky130_fd_sc_hd__clkbuf_8)
     2    0.04                           clknet_1_0_0_clock_ctrl.core_clk (net)
                  0.06    0.00   27.84 v clkbuf_1_0_1_clock_ctrl.core_clk/A (sky130_fd_sc_hd__clkbuf_8)
                  0.05    0.16   27.99 v clkbuf_1_0_1_clock_ctrl.core_clk/X (sky130_fd_sc_hd__clkbuf_8)
     2    0.03                           clknet_1_0_1_clock_ctrl.core_clk (net)
                  0.05    0.00   28.00 v clkbuf_1_0_2_clock_ctrl.core_clk/A (sky130_fd_sc_hd__clkbuf_8)
                  0.05    0.15   28.15 v clkbuf_1_0_2_clock_ctrl.core_clk/X (sky130_fd_sc_hd__clkbuf_8)
     2    0.03                           clknet_1_0_2_clock_ctrl.core_clk (net)
                  0.05    0.00   28.15 v clkbuf_1_0_3_clock_ctrl.core_clk/A (sky130_fd_sc_hd__clkbuf_8)
                  0.05    0.16   28.31 v clkbuf_1_0_3_clock_ctrl.core_clk/X (sky130_fd_sc_hd__clkbuf_8)
     2    0.04                           clknet_1_0_3_clock_ctrl.core_clk (net)
                  0.05    0.00   28.31 v clkbuf_1_0_4_clock_ctrl.core_clk/A (sky130_fd_sc_hd__clkbuf_8)
                  0.07    0.17   28.48 v clkbuf_1_0_4_clock_ctrl.core_clk/X (sky130_fd_sc_hd__clkbuf_8)
     4    0.06                           clknet_1_0_4_clock_ctrl.core_clk (net)
                  0.07    0.00   28.49 v clkbuf_2_1_0_clock_ctrl.core_clk/A (sky130_fd_sc_hd__clkbuf_8)
                  0.05    0.16   28.65 v clkbuf_2_1_0_clock_ctrl.core_clk/X (sky130_fd_sc_hd__clkbuf_8)
     2    0.03                           clknet_2_1_0_clock_ctrl.core_clk (net)
                  0.05    0.00   28.65 v clkbuf_2_1_1_clock_ctrl.core_clk/A (sky130_fd_sc_hd__clkbuf_8)
                  0.05    0.15   28.80 v clkbuf_2_1_1_clock_ctrl.core_clk/X (sky130_fd_sc_hd__clkbuf_8)
     2    0.03                           clknet_2_1_1_clock_ctrl.core_clk (net)
                  0.05    0.00   28.80 v clkbuf_2_1_2_clock_ctrl.core_clk/A (sky130_fd_sc_hd__clkbuf_8)
                  0.06    0.16   28.97 v clkbuf_2_1_2_clock_ctrl.core_clk/X (sky130_fd_sc_hd__clkbuf_8)
     4    0.05                           clknet_2_1_2_clock_ctrl.core_clk (net)
                  0.06    0.00   28.97 v clkbuf_3_2_0_clock_ctrl.core_clk/A (sky130_fd_sc_hd__clkbuf_8)
                  0.05    0.16   29.13 v clkbuf_3_2_0_clock_ctrl.core_clk/X (sky130_fd_sc_hd__clkbuf_8)
     2    0.03                           clknet_3_2_0_clock_ctrl.core_clk (net)
                  0.05    0.00   29.13 v clkbuf_3_2_1_clock_ctrl.core_clk/A (sky130_fd_sc_hd__clkbuf_8)
                  0.04    0.14   29.27 v clkbuf_3_2_1_clock_ctrl.core_clk/X (sky130_fd_sc_hd__clkbuf_8)
     2    0.02                           clknet_3_2_1_clock_ctrl.core_clk (net)
                  0.04    0.00   29.27 v clkbuf_4_4_0_clock_ctrl.core_clk/A (sky130_fd_sc_hd__clkbuf_8)
                  0.06    0.16   29.43 v clkbuf_4_4_0_clock_ctrl.core_clk/X (sky130_fd_sc_hd__clkbuf_8)
     4    0.05                           clknet_4_4_0_clock_ctrl.core_clk (net)
                  0.06    0.00   29.43 v clkbuf_5_8_0_clock_ctrl.core_clk/A (sky130_fd_sc_hd__clkbuf_8)
                  0.04    0.15   29.58 v clkbuf_5_8_0_clock_ctrl.core_clk/X (sky130_fd_sc_hd__clkbuf_8)
     2    0.02                           clknet_5_8_0_clock_ctrl.core_clk (net)
                  0.04    0.00   29.58 v clkbuf_6_17_0_clock_ctrl.core_clk/A (sky130_fd_sc_hd__clkbuf_8)
                  0.05    0.15   29.74 v clkbuf_6_17_0_clock_ctrl.core_clk/X (sky130_fd_sc_hd__clkbuf_8)
     4    0.04                           clknet_6_17_0_clock_ctrl.core_clk (net)
                  0.05    0.00   29.74 v clkbuf_7_34__f_clock_ctrl.core_clk/A (sky130_fd_sc_hd__clkbuf_16)
                  0.12    0.22   29.96 v clkbuf_7_34__f_clock_ctrl.core_clk/X (sky130_fd_sc_hd__clkbuf_16)
    20    0.18                           clknet_7_34__leaf_clock_ctrl.core_clk (net)
                  0.13    0.01   29.97 v soc.core.RAM256/CLK (RAM256)
                         -0.10   29.87   clock uncertainty
                          0.29   30.16   clock reconvergence pessimism
                         -2.28   27.88   library setup time
                                 27.88   data required time
-----------------------------------------------------------------------------
                                 27.88   data required time
                                 -9.72   data arrival time
-----------------------------------------------------------------------------
                                 18.16   slack (MET)


Startpoint: _39112_ (rising edge-triggered flip-flop clocked by hk_serial_clk)
Endpoint: _39113_ (rising edge-triggered flip-flop clocked by hk_serial_clk')
Path Group: hk_serial_clk
Path Type: max

Fanout     Cap    Slew   Delay    Time   Description
-----------------------------------------------------------------------------
                          0.00    0.00   clock hk_serial_clk (rise edge)
                          0.00    0.00   clock source latency
                  0.26    0.00    0.00 ^ housekeeping/serial_clock (housekeeping)
     4    0.23                           gpio_control_bidir_1[0].serial_clock (net)
                  0.26    0.00    0.00 ^ fanout1976/A (sky130_fd_sc_hd__buf_6)
                  0.08    0.19    0.19 ^ fanout1976/X (sky130_fd_sc_hd__buf_6)
     6    0.03                           net1976 (net)
                  0.08    0.00    0.19 ^ wire1980/A (sky130_fd_sc_hd__buf_6)
                  0.08    0.14    0.33 ^ wire1980/X (sky130_fd_sc_hd__buf_6)
     4    0.03                           net1980 (net)
                  0.08    0.00    0.34 ^ wire1979/A (sky130_fd_sc_hd__buf_8)
                  0.19    0.21    0.55 ^ wire1979/X (sky130_fd_sc_hd__buf_8)
     2    0.12                           net1979 (net)
                  0.20    0.03    0.57 ^ wire1305/A (sky130_fd_sc_hd__buf_12)
                  0.18    0.21    0.78 ^ wire1305/X (sky130_fd_sc_hd__buf_12)
     2    0.16                           net3347 (net)
                  0.23    0.08    0.86 ^ wire1304/A (sky130_fd_sc_hd__buf_12)
                  0.17    0.23    1.08 ^ wire1304/X (sky130_fd_sc_hd__buf_12)
     2    0.15                           net3346 (net)
                  0.21    0.06    1.14 ^ wire1303/A (sky130_fd_sc_hd__buf_8)
                  0.25    0.24    1.38 ^ wire1303/X (sky130_fd_sc_hd__buf_8)
     2    0.16                           net3345 (net)
                  0.31    0.10    1.48 ^ wire1978/A (sky130_fd_sc_hd__buf_6)
                  0.05    0.17    1.64 ^ wire1978/X (sky130_fd_sc_hd__buf_6)
     1    0.01                           net1978 (net)
                  0.05    0.00    1.64 ^ wire1977/A (sky130_fd_sc_hd__buf_12)
                  0.15    0.17    1.82 ^ wire1977/X (sky130_fd_sc_hd__buf_12)
    30    0.13                           net1977 (net)
                  0.16    0.03    1.84 ^ gpio_control_bidir_2[2].BUF[2]/A (sky130_fd_sc_hd__clkbuf_8)
                  0.19    0.28    2.12 ^ gpio_control_bidir_2[2].BUF[2]/X (sky130_fd_sc_hd__clkbuf_8)
    30    0.11                           gpio_control_bidir_2[1].serial_clock (net)
                  0.20    0.02    2.15 ^ gpio_control_bidir_2[1].BUF[2]/A (sky130_fd_sc_hd__clkbuf_8)
                  0.18    0.28    2.43 ^ gpio_control_bidir_2[1].BUF[2]/X (sky130_fd_sc_hd__clkbuf_8)
    30    0.10                           gpio_control_bidir_2[0].serial_clock (net)
                  0.18    0.02    2.45 ^ gpio_control_bidir_2[0].BUF[2]/A (sky130_fd_sc_hd__clkbuf_8)
                  0.18    0.28    2.73 ^ gpio_control_bidir_2[0].BUF[2]/X (sky130_fd_sc_hd__clkbuf_8)
    30    0.10                           gpio_control_bidir_2[0].serial_clock_out (net)
                  0.18    0.02    2.74 ^ gpio_control_in_2[15].BUF[2]/A (sky130_fd_sc_hd__clkbuf_8)
                  0.18    0.28    3.02 ^ gpio_control_in_2[15].BUF[2]/X (sky130_fd_sc_hd__clkbuf_8)
    30    0.10                           gpio_control_in_2[14].serial_clock (net)
                  0.18    0.02    3.04 ^ gpio_control_in_2[14].BUF[2]/A (sky130_fd_sc_hd__buf_6)
                  0.23    0.27    3.31 ^ gpio_control_in_2[14].BUF[2]/X (sky130_fd_sc_hd__buf_6)
    30    0.11                           gpio_control_in_2[13].serial_clock (net)
                  0.23    0.02    3.33 ^ gpio_control_in_2[13].BUF[2]/A (sky130_fd_sc_hd__buf_6)
                  0.24    0.28    3.61 ^ gpio_control_in_2[13].BUF[2]/X (sky130_fd_sc_hd__buf_6)
    30    0.12                           gpio_control_in_2[12].serial_clock (net)
                  0.25    0.04    3.65 ^ gpio_control_in_2[12].BUF[2]/A (sky130_fd_sc_hd__clkbuf_8)
                  0.18    0.30    3.95 ^ gpio_control_in_2[12].BUF[2]/X (sky130_fd_sc_hd__clkbuf_8)
    30    0.10                           gpio_control_in_2[11].serial_clock (net)
                  0.18    0.02    3.97 ^ gpio_control_in_2[11].BUF[2]/A (sky130_fd_sc_hd__clkbuf_8)
                  0.18    0.28    4.25 ^ gpio_control_in_2[11].BUF[2]/X (sky130_fd_sc_hd__clkbuf_8)
    30    0.10                           gpio_control_in_2[10].serial_clock (net)
                  0.18    0.02    4.26 ^ gpio_control_in_2[10].BUF[2]/A (sky130_fd_sc_hd__clkbuf_8)
                  0.17    0.27    4.54 ^ gpio_control_in_2[10].BUF[2]/X (sky130_fd_sc_hd__clkbuf_8)
    30    0.10                           gpio_control_in_2[10].serial_clock_out (net)
                  0.18    0.02    4.55 ^ gpio_control_in_2[9].BUF[2]/A (sky130_fd_sc_hd__clkbuf_8)
                  0.18    0.27    4.82 ^ gpio_control_in_2[9].BUF[2]/X (sky130_fd_sc_hd__clkbuf_8)
    30    0.10                           gpio_control_in_2[8].serial_clock (net)
                  0.18    0.02    4.84 ^ gpio_control_in_2[8].BUF[2]/A (sky130_fd_sc_hd__clkbuf_8)
                  0.18    0.28    5.12 ^ gpio_control_in_2[8].BUF[2]/X (sky130_fd_sc_hd__clkbuf_8)
    30    0.10                           gpio_control_in_2[7].serial_clock (net)
                  0.18    0.02    5.13 ^ gpio_control_in_2[7].BUF[2]/A (sky130_fd_sc_hd__buf_6)
                  0.22    0.26    5.40 ^ gpio_control_in_2[7].BUF[2]/X (sky130_fd_sc_hd__buf_6)
    30    0.11                           gpio_control_in_2[6].serial_clock (net)
                  0.22    0.02    5.42 ^ gpio_control_in_2[6].BUF[2]/A (sky130_fd_sc_hd__clkbuf_1)
                  0.13    0.18    5.61 ^ gpio_control_in_2[6].BUF[2]/X (sky130_fd_sc_hd__clkbuf_1)
     1    0.01                           gpio_control_in_2[5].serial_clock (net)
                  0.13    0.00    5.61 ^ wire1064/A (sky130_fd_sc_hd__buf_12)
                  0.18    0.19    5.80 ^ wire1064/X (sky130_fd_sc_hd__buf_12)
    30    0.16                           net3216 (net)
                  0.23    0.08    5.88 ^ gpio_control_in_2[5].BUF[2]/A (sky130_fd_sc_hd__buf_6)
                  0.25    0.29    6.17 ^ gpio_control_in_2[5].BUF[2]/X (sky130_fd_sc_hd__buf_6)
    30    0.13                           gpio_control_in_2[4].serial_clock (net)
                  0.26    0.03    6.20 ^ gpio_control_in_2[4].BUF[2]/A (sky130_fd_sc_hd__buf_6)
                  0.23    0.28    6.49 ^ gpio_control_in_2[4].BUF[2]/X (sky130_fd_sc_hd__buf_6)
    30    0.11                           gpio_control_in_2[3].serial_clock (net)
                  0.23    0.02    6.51 ^ gpio_control_in_2[3].BUF[2]/A (sky130_fd_sc_hd__buf_6)
                  0.23    0.28    6.79 ^ gpio_control_in_2[3].BUF[2]/X (sky130_fd_sc_hd__buf_6)
    30    0.12                           gpio_control_in_2[2].serial_clock (net)
                  0.24    0.03    6.82 ^ gpio_control_in_2[2].BUF[2]/A (sky130_fd_sc_hd__clkbuf_8)
                  0.19    0.30    7.12 ^ gpio_control_in_2[2].BUF[2]/X (sky130_fd_sc_hd__clkbuf_8)
    30    0.11                           gpio_control_in_2[1].serial_clock (net)
                  0.19    0.02    7.14 ^ _39112_/CLK (sky130_fd_sc_hd__dfrtp_2)
                  0.07    0.49    7.63 v _39112_/Q (sky130_fd_sc_hd__dfrtp_2)
     2    0.01                           gpio_control_in_2[1].shift_register[12] (net)
                  0.07    0.00    7.63 v _39113_/D (sky130_fd_sc_hd__dfrtp_2)
                                  7.63   data arrival time

                         25.00   25.00   clock hk_serial_clk' (rise edge)
                          0.00   25.00   clock source latency
                  0.12    0.00   25.00 v housekeeping/serial_clock (housekeeping)
     4    0.23                           gpio_control_bidir_1[0].serial_clock (net)
                  0.12    0.00   25.00 v fanout1976/A (sky130_fd_sc_hd__buf_6)
                  0.04    0.16   25.16 v fanout1976/X (sky130_fd_sc_hd__buf_6)
     6    0.03                           net1976 (net)
                  0.04    0.00   25.17 v wire1980/A (sky130_fd_sc_hd__buf_6)
                  0.04    0.13   25.30 v wire1980/X (sky130_fd_sc_hd__buf_6)
     4    0.03                           net1980 (net)
                  0.04    0.00   25.30 v wire1979/A (sky130_fd_sc_hd__buf_8)
                  0.09    0.16   25.46 v wire1979/X (sky130_fd_sc_hd__buf_8)
     2    0.12                           net1979 (net)
                  0.10    0.02   25.48 v wire1305/A (sky130_fd_sc_hd__buf_12)
                  0.07    0.17   25.65 v wire1305/X (sky130_fd_sc_hd__buf_12)
     2    0.16                           net3347 (net)
                  0.16    0.07   25.72 v wire1304/A (sky130_fd_sc_hd__buf_12)
                  0.08    0.20   25.92 v wire1304/X (sky130_fd_sc_hd__buf_12)
     2    0.15                           net3346 (net)
                  0.14    0.05   25.97 v wire1303/A (sky130_fd_sc_hd__buf_8)
                  0.10    0.19   26.15 v wire1303/X (sky130_fd_sc_hd__buf_8)
     2    0.16                           net3345 (net)
                  0.21    0.09   26.24 v wire1978/A (sky130_fd_sc_hd__buf_6)
                  0.03    0.18   26.42 v wire1978/X (sky130_fd_sc_hd__buf_6)
     1    0.01                           net1978 (net)
                  0.03    0.00   26.42 v wire1977/A (sky130_fd_sc_hd__buf_12)
                  0.08    0.14   26.57 v wire1977/X (sky130_fd_sc_hd__buf_12)
    30    0.12                           net1977 (net)
                  0.09    0.02   26.59 v gpio_control_bidir_2[2].BUF[2]/A (sky130_fd_sc_hd__clkbuf_8)
                  0.12    0.22   26.81 v gpio_control_bidir_2[2].BUF[2]/X (sky130_fd_sc_hd__clkbuf_8)
    30    0.10                           gpio_control_bidir_2[1].serial_clock (net)
                  0.13    0.02   26.83 v gpio_control_bidir_2[1].BUF[2]/A (sky130_fd_sc_hd__clkbuf_8)
                  0.11    0.23   27.06 v gpio_control_bidir_2[1].BUF[2]/X (sky130_fd_sc_hd__clkbuf_8)
    30    0.10                           gpio_control_bidir_2[0].serial_clock (net)
                  0.12    0.02   27.07 v gpio_control_bidir_2[0].BUF[2]/A (sky130_fd_sc_hd__clkbuf_8)
                  0.11    0.23   27.30 v gpio_control_bidir_2[0].BUF[2]/X (sky130_fd_sc_hd__clkbuf_8)
    30    0.10                           gpio_control_bidir_2[0].serial_clock_out (net)
                  0.11    0.01   27.31 v gpio_control_in_2[15].BUF[2]/A (sky130_fd_sc_hd__clkbuf_8)
                  0.11    0.22   27.54 v gpio_control_in_2[15].BUF[2]/X (sky130_fd_sc_hd__clkbuf_8)
    30    0.10                           gpio_control_in_2[14].serial_clock (net)
                  0.11    0.02   27.55 v gpio_control_in_2[14].BUF[2]/A (sky130_fd_sc_hd__buf_6)
                  0.10    0.20   27.75 v gpio_control_in_2[14].BUF[2]/X (sky130_fd_sc_hd__buf_6)
    30    0.11                           gpio_control_in_2[13].serial_clock (net)
                  0.11    0.02   27.77 v gpio_control_in_2[13].BUF[2]/A (sky130_fd_sc_hd__buf_6)
                  0.11    0.19   27.97 v gpio_control_in_2[13].BUF[2]/X (sky130_fd_sc_hd__buf_6)
    30    0.12                           gpio_control_in_2[12].serial_clock (net)
                  0.13    0.03   28.00 v gpio_control_in_2[12].BUF[2]/A (sky130_fd_sc_hd__clkbuf_8)
                  0.11    0.23   28.23 v gpio_control_in_2[12].BUF[2]/X (sky130_fd_sc_hd__clkbuf_8)
    30    0.09                           gpio_control_in_2[11].serial_clock (net)
                  0.11    0.02   28.24 v gpio_control_in_2[11].BUF[2]/A (sky130_fd_sc_hd__clkbuf_8)
                  0.11    0.22   28.47 v gpio_control_in_2[11].BUF[2]/X (sky130_fd_sc_hd__clkbuf_8)
    30    0.10                           gpio_control_in_2[10].serial_clock (net)
                  0.11    0.01   28.48 v gpio_control_in_2[10].BUF[2]/A (sky130_fd_sc_hd__clkbuf_8)
                  0.11    0.22   28.70 v gpio_control_in_2[10].BUF[2]/X (sky130_fd_sc_hd__clkbuf_8)
    30    0.09                           gpio_control_in_2[10].serial_clock_out (net)
                  0.11    0.01   28.72 v gpio_control_in_2[9].BUF[2]/A (sky130_fd_sc_hd__clkbuf_8)
                  0.11    0.22   28.94 v gpio_control_in_2[9].BUF[2]/X (sky130_fd_sc_hd__clkbuf_8)
    30    0.09                           gpio_control_in_2[8].serial_clock (net)
                  0.11    0.02   28.95 v gpio_control_in_2[8].BUF[2]/A (sky130_fd_sc_hd__clkbuf_8)
                  0.11    0.22   29.18 v gpio_control_in_2[8].BUF[2]/X (sky130_fd_sc_hd__clkbuf_8)
    30    0.10                           gpio_control_in_2[7].serial_clock (net)
                  0.11    0.01   29.19 v gpio_control_in_2[7].BUF[2]/A (sky130_fd_sc_hd__buf_6)
                  0.10    0.20   29.39 v gpio_control_in_2[7].BUF[2]/X (sky130_fd_sc_hd__buf_6)
    30    0.11                           gpio_control_in_2[6].serial_clock (net)
                  0.10    0.02   29.41 v gpio_control_in_2[6].BUF[2]/A (sky130_fd_sc_hd__clkbuf_1)
                  0.06    0.14   29.55 v gpio_control_in_2[6].BUF[2]/X (sky130_fd_sc_hd__clkbuf_1)
     1    0.01                           gpio_control_in_2[5].serial_clock (net)
                  0.06    0.00   29.55 v wire1064/A (sky130_fd_sc_hd__buf_12)
                  0.08    0.15   29.70 v wire1064/X (sky130_fd_sc_hd__buf_12)
    30    0.15                           net3216 (net)
                  0.16    0.07   29.77 v gpio_control_in_2[5].BUF[2]/A (sky130_fd_sc_hd__buf_6)
                  0.11    0.22   29.99 v gpio_control_in_2[5].BUF[2]/X (sky130_fd_sc_hd__buf_6)
    30    0.12                           gpio_control_in_2[4].serial_clock (net)
                  0.12    0.03   30.01 v gpio_control_in_2[4].BUF[2]/A (sky130_fd_sc_hd__buf_6)
                  0.10    0.20   30.22 v gpio_control_in_2[4].BUF[2]/X (sky130_fd_sc_hd__buf_6)
    30    0.11                           gpio_control_in_2[3].serial_clock (net)
                  0.11    0.02   30.24 v gpio_control_in_2[3].BUF[2]/A (sky130_fd_sc_hd__buf_6)
                  0.10    0.20   30.43 v gpio_control_in_2[3].BUF[2]/X (sky130_fd_sc_hd__buf_6)
    30    0.11                           gpio_control_in_2[2].serial_clock (net)
                  0.12    0.02   30.46 v gpio_control_in_2[2].BUF[2]/A (sky130_fd_sc_hd__clkbuf_8)
                  0.12    0.23   30.68 v gpio_control_in_2[2].BUF[2]/X (sky130_fd_sc_hd__clkbuf_8)
    30    0.10                           gpio_control_in_2[1].serial_clock (net)
                  0.12    0.02   30.70 v _21451_/A (sky130_fd_sc_hd__clkinv_4)
                  0.03    0.06   30.76 ^ _21451_/Y (sky130_fd_sc_hd__clkinv_4)
     1    0.00                           _06539_ (net)
                  0.03    0.00   30.76 ^ _39113_/CLK (sky130_fd_sc_hd__dfrtp_2)
                         -0.10   30.66   clock uncertainty
                          0.44   31.11   clock reconvergence pessimism
                         -0.13   30.98   library setup time
                                 30.98   data required time
-----------------------------------------------------------------------------
                                 30.98   data required time
                                 -7.63   data arrival time
-----------------------------------------------------------------------------
                                 23.35   slack (MET)



===========================================================================
report_checks --slack_max -0.01
============================================================================
No paths found.
