
===========================================================================
 report_check_types -max_slew -max_cap -max_fanout -violators
============================================================================
max slew

Pin                                    Limit    Slew   Slack
------------------------------------------------------------
mprj/analog_io[25]                      0.00    1.55   -1.55 (VIOLATED)
mprj/analog_io[26]                      0.00    1.53   -1.53 (VIOLATED)
mprj/analog_io[27]                      0.00    1.52   -1.52 (VIOLATED)
mprj/analog_io[12]                      0.00    1.52   -1.52 (VIOLATED)
mprj/analog_io[28]                      0.00    1.52   -1.52 (VIOLATED)
mprj/analog_io[13]                      0.00    1.52   -1.52 (VIOLATED)
mprj/analog_io[18]                      0.00    1.52   -1.52 (VIOLATED)
mprj/analog_io[19]                      0.00    1.52   -1.52 (VIOLATED)
mprj/analog_io[21]                      0.00    1.51   -1.51 (VIOLATED)
mprj/analog_io[20]                      0.00    1.51   -1.51 (VIOLATED)
mprj/analog_io[14]                      0.00    1.51   -1.51 (VIOLATED)
mprj/analog_io[22]                      0.00    1.51   -1.51 (VIOLATED)
mprj/analog_io[23]                      0.00    1.50   -1.50 (VIOLATED)
mprj/analog_io[11]                      0.00    1.50   -1.50 (VIOLATED)
mprj/analog_io[15]                      0.00    1.50   -1.50 (VIOLATED)
mprj/analog_io[16]                      0.00    1.50   -1.50 (VIOLATED)
mprj/analog_io[9]                       0.00    1.50   -1.50 (VIOLATED)
mprj/analog_io[7]                       0.00    1.50   -1.50 (VIOLATED)
mprj/analog_io[24]                      0.00    1.50   -1.50 (VIOLATED)
mprj/analog_io[10]                      0.00    1.50   -1.50 (VIOLATED)
mprj/analog_io[5]                       0.00    1.49   -1.49 (VIOLATED)
mprj/analog_io[0]                       0.00    1.49   -1.49 (VIOLATED)
mprj/analog_io[17]                      0.00    1.49   -1.49 (VIOLATED)
mprj/analog_io[8]                       0.00    1.49   -1.49 (VIOLATED)
mprj/analog_io[4]                       0.00    1.49   -1.49 (VIOLATED)
mprj/analog_io[6]                       0.00    1.49   -1.49 (VIOLATED)
mprj/analog_io[1]                       0.00    1.49   -1.49 (VIOLATED)
mprj/analog_io[3]                       0.00    1.49   -1.49 (VIOLATED)
mprj/analog_io[2]                       0.00    1.49   -1.49 (VIOLATED)
mprj/wb_clk_i                           0.10    1.11   -1.01 (VIOLATED)
soc.core.RAM128/WE0[2]                  0.00    0.82   -0.82 (VIOLATED)
soc.core.RAM256.BANK128[0].RAM128/A0[6]    0.00    0.77   -0.77 (VIOLATED)
soc.core.RAM256.BANK128[1].RAM128/A0[6]    0.00    0.77   -0.77 (VIOLATED)
soc.core.RAM128/WE0[3]                  0.00    0.75   -0.75 (VIOLATED)
soc.core.RAM128/WE0[1]                  0.00    0.72   -0.72 (VIOLATED)
soc.core.RAM256.BANK128[0].RAM128/A0[4]    0.00    0.64   -0.64 (VIOLATED)
soc.core.RAM256.BANK128[1].RAM128/A0[4]    0.00    0.63   -0.63 (VIOLATED)
mprj/la_data_in[40]                     0.00    0.58   -0.58 (VIOLATED)
soc.core.RAM256.BANK128[0].RAM128/A0[1]    0.00    0.54   -0.54 (VIOLATED)
mprj/la_oenb[99]                        0.00    0.54   -0.54 (VIOLATED)
soc.core.RAM256.BANK128[1].RAM128/A0[1]    0.00    0.53   -0.53 (VIOLATED)
mprj/la_oenb[90]                        0.00    0.53   -0.53 (VIOLATED)
mprj/la_oenb[92]                        0.00    0.52   -0.52 (VIOLATED)
soc.core.RAM256.BANK128[0].RAM128/CLK    0.00    0.52   -0.52 (VIOLATED)
mprj/la_data_in[90]                     0.00    0.50   -0.50 (VIOLATED)
mprj/la_data_in[37]                     0.00    0.50   -0.50 (VIOLATED)
mprj/la_data_in[92]                     0.00    0.50   -0.50 (VIOLATED)
soc.core.RAM128/WE0[0]                  0.00    0.49   -0.49 (VIOLATED)
mprj/la_data_in[88]                     0.00    0.49   -0.49 (VIOLATED)
mprj/la_oenb[83]                        0.00    0.48   -0.48 (VIOLATED)
mprj/la_oenb[88]                        0.00    0.47   -0.47 (VIOLATED)
mprj/la_data_in[91]                     0.00    0.47   -0.47 (VIOLATED)
mprj/la_oenb[96]                        0.00    0.47   -0.47 (VIOLATED)
mprj/la_oenb[89]                        0.00    0.46   -0.46 (VIOLATED)
mprj/wbs_adr_i[31]                      0.00    0.46   -0.46 (VIOLATED)
mprj/la_data_in[83]                     0.00    0.46   -0.46 (VIOLATED)
mprj/la_oenb[75]                        0.00    0.45   -0.45 (VIOLATED)
mprj/la_oenb[80]                        0.00    0.45   -0.45 (VIOLATED)
mgmt_buffers.user_to_mprj_in_gates[125]/A    1.50    1.94   -0.44 (VIOLATED)
mprj/la_oenb[86]                        0.00    0.44   -0.44 (VIOLATED)
mprj/la_data_in[34]                     0.00    0.44   -0.44 (VIOLATED)
mprj/la_oenb[94]                        0.00    0.44   -0.44 (VIOLATED)
mgmt_buffers.user_to_mprj_in_gates[124]/A    1.50    1.94   -0.44 (VIOLATED)
soc.core.RAM256.BANK128[0].RAM128/A0[5]    0.00    0.44   -0.44 (VIOLATED)
mprj/la_oenb[78]                        0.00    0.44   -0.44 (VIOLATED)
mprj/la_data_in[94]                     0.00    0.43   -0.43 (VIOLATED)
soc.core.RAM256.BANK128[1].RAM128/A0[5]    0.00    0.43   -0.43 (VIOLATED)
mprj/la_data_out[125]                   1.50    1.93   -0.43 (VIOLATED)
mprj/la_data_in[82]                     0.00    0.43   -0.43 (VIOLATED)
mprj/la_data_out[124]                   1.50    1.93   -0.43 (VIOLATED)
mprj/la_data_in[35]                     0.00    0.43   -0.43 (VIOLATED)
mprj/la_data_in[1]                      0.00    0.43   -0.43 (VIOLATED)
mgmt_buffers.user_to_mprj_in_gates[126]/A    1.50    1.92   -0.42 (VIOLATED)
ANTENNA_313/DIODE                       1.50    1.92   -0.42 (VIOLATED)
mprj/la_data_in[84]                     0.00    0.42   -0.42 (VIOLATED)
mprj/wbs_dat_i[1]                       0.00    0.42   -0.42 (VIOLATED)
mprj/la_data_in[87]                     0.00    0.42   -0.42 (VIOLATED)
mprj/wbs_dat_i[29]                      0.00    0.42   -0.42 (VIOLATED)
mgmt_buffers.user_to_mprj_in_gates[118]/A    1.50    1.92   -0.42 (VIOLATED)
mprj/la_data_in[89]                     0.00    0.42   -0.42 (VIOLATED)
mprj/la_data_in[93]                     0.00    0.41   -0.41 (VIOLATED)
mprj/wbs_adr_i[21]                      0.00    0.41   -0.41 (VIOLATED)
mgmt_buffers.user_to_mprj_in_gates[117]/A    1.50    1.91   -0.41 (VIOLATED)
mprj/la_data_out[126]                   1.50    1.91   -0.41 (VIOLATED)
mprj/wbs_adr_i[29]                      0.00    0.41   -0.41 (VIOLATED)
mprj/la_data_out[118]                   1.50    1.91   -0.41 (VIOLATED)
mprj/la_data_in[0]                      0.00    0.41   -0.41 (VIOLATED)
mprj/la_data_in[80]                     0.00    0.41   -0.41 (VIOLATED)
mprj/la_data_in[86]                     0.00    0.41   -0.41 (VIOLATED)
mprj/la_oenb[87]                        0.00    0.40   -0.40 (VIOLATED)
mprj/la_data_in[12]                     0.00    0.40   -0.40 (VIOLATED)
mprj/la_data_out[117]                   1.50    1.90   -0.40 (VIOLATED)
wire1314/A                              1.50    1.90   -0.40 (VIOLATED)
ANTENNA_2555/DIODE                      1.50    1.90   -0.40 (VIOLATED)
ANTENNA_2557/DIODE                      1.50    1.90   -0.40 (VIOLATED)
ANTENNA_2558/DIODE                      1.50    1.90   -0.40 (VIOLATED)
ANTENNA_2560/DIODE                      1.50    1.90   -0.40 (VIOLATED)
ANTENNA_2551/DIODE                      1.50    1.90   -0.40 (VIOLATED)
ANTENNA_2553/DIODE                      1.50    1.90   -0.40 (VIOLATED)
ANTENNA_2552/DIODE                      1.50    1.90   -0.40 (VIOLATED)
ANTENNA_2559/DIODE                      1.50    1.90   -0.40 (VIOLATED)
ANTENNA_2554/DIODE                      1.50    1.90   -0.40 (VIOLATED)
ANTENNA_2556/DIODE                      1.50    1.90   -0.40 (VIOLATED)
ANTENNA_2543/DIODE                      1.50    1.90   -0.40 (VIOLATED)
ANTENNA_2544/DIODE                      1.50    1.90   -0.40 (VIOLATED)
ANTENNA_2545/DIODE                      1.50    1.90   -0.40 (VIOLATED)
ANTENNA_2546/DIODE                      1.50    1.90   -0.40 (VIOLATED)
ANTENNA_2547/DIODE                      1.50    1.90   -0.40 (VIOLATED)
ANTENNA_2548/DIODE                      1.50    1.90   -0.40 (VIOLATED)
ANTENNA_2549/DIODE                      1.50    1.90   -0.40 (VIOLATED)
ANTENNA_2550/DIODE                      1.50    1.90   -0.40 (VIOLATED)
soc.core.RAM128/Do0[0]                  1.50    1.90   -0.40 (VIOLATED)
mprj/la_oenb[84]                        0.00    0.40   -0.40 (VIOLATED)
mprj/wbs_dat_i[2]                       0.00    0.40   -0.40 (VIOLATED)
mprj/wbs_adr_i[28]                      0.00    0.40   -0.40 (VIOLATED)
mprj/la_oenb[71]                        0.00    0.39   -0.39 (VIOLATED)
mprj/la_oenb[93]                        0.00    0.39   -0.39 (VIOLATED)
soc.core.RAM128/A0[0]                   0.00    0.39   -0.39 (VIOLATED)
mprj/la_data_in[77]                     0.00    0.39   -0.39 (VIOLATED)
mprj/la_data_in[85]                     0.00    0.39   -0.39 (VIOLATED)
mprj/wbs_dat_i[0]                       0.00    0.39   -0.39 (VIOLATED)
mprj/la_data_in[8]                      0.00    0.39   -0.39 (VIOLATED)
mprj/la_data_in[78]                     0.00    0.39   -0.39 (VIOLATED)
mprj/wbs_adr_i[30]                      0.00    0.38   -0.38 (VIOLATED)
mprj/la_oenb[85]                        0.00    0.38   -0.38 (VIOLATED)
soc.core.RAM128/A0[3]                   0.00    0.38   -0.38 (VIOLATED)
mprj/la_oenb[81]                        0.00    0.37   -0.37 (VIOLATED)
mprj/la_data_in[81]                     0.00    0.37   -0.37 (VIOLATED)
mprj/wbs_dat_i[6]                       0.00    0.37   -0.37 (VIOLATED)
mprj/la_oenb[79]                        0.00    0.37   -0.37 (VIOLATED)
mprj/la_oenb[77]                        0.00    0.37   -0.37 (VIOLATED)
mprj/wbs_dat_i[3]                       0.00    0.37   -0.37 (VIOLATED)
mprj/la_data_in[38]                     0.00    0.37   -0.37 (VIOLATED)
mprj/wbs_adr_i[27]                      0.00    0.37   -0.37 (VIOLATED)
mprj/la_data_in[3]                      0.00    0.37   -0.37 (VIOLATED)
mprj/la_oenb[76]                        0.00    0.36   -0.36 (VIOLATED)
mprj/la_data_in[70]                     0.00    0.36   -0.36 (VIOLATED)
mprj/la_oenb[74]                        0.00    0.36   -0.36 (VIOLATED)
mprj/la_data_in[4]                      0.00    0.36   -0.36 (VIOLATED)
mprj/la_data_in[32]                     0.00    0.36   -0.36 (VIOLATED)
mprj/la_oenb[68]                        0.00    0.36   -0.36 (VIOLATED)
mprj/wbs_adr_i[24]                      0.00    0.35   -0.35 (VIOLATED)
mprj/la_data_in[2]                      0.00    0.35   -0.35 (VIOLATED)
mprj/wbs_adr_i[25]                      0.00    0.35   -0.35 (VIOLATED)
mprj/la_oenb[69]                        0.00    0.35   -0.35 (VIOLATED)
mprj/la_data_in[30]                     0.00    0.35   -0.35 (VIOLATED)
soc.core.RAM128/A0[4]                   0.00    0.35   -0.35 (VIOLATED)
mprj/la_oenb[2]                         0.00    0.34   -0.34 (VIOLATED)
mprj/wbs_adr_i[26]                      0.00    0.34   -0.34 (VIOLATED)
mprj/la_oenb[5]                         0.00    0.34   -0.34 (VIOLATED)
mprj/la_data_in[68]                     0.00    0.34   -0.34 (VIOLATED)
mprj/la_data_in[76]                     0.00    0.34   -0.34 (VIOLATED)
mgmt_buffers.user_to_mprj_in_gates[115]/A    1.50    1.83   -0.33 (VIOLATED)
mprj/la_data_in[73]                     0.00    0.33   -0.33 (VIOLATED)
mprj/la_data_in[72]                     0.00    0.33   -0.33 (VIOLATED)
mprj/la_oenb[0]                         0.00    0.33   -0.33 (VIOLATED)
mprj/la_data_in[71]                     0.00    0.33   -0.33 (VIOLATED)
mprj/la_data_in[75]                     0.00    0.33   -0.33 (VIOLATED)
mprj/la_data_in[33]                     0.00    0.33   -0.33 (VIOLATED)
mprj/la_data_in[79]                     0.00    0.33   -0.33 (VIOLATED)
mprj/la_data_in[6]                      0.00    0.33   -0.33 (VIOLATED)
mprj/la_data_out[115]                   1.50    1.83   -0.33 (VIOLATED)
soc.core.RAM256.BANK128[0].RAM128/A0[0]    0.00    0.32   -0.32 (VIOLATED)
mprj/la_oenb[60]                        0.00    0.32   -0.32 (VIOLATED)
mprj/la_data_in[67]                     0.00    0.32   -0.32 (VIOLATED)
soc.core.RAM128/A0[1]                   0.00    0.32   -0.32 (VIOLATED)
mprj/wbs_adr_i[6]                       0.00    0.32   -0.32 (VIOLATED)
soc.core.RAM256.BANK128[1].RAM128/A0[0]    0.00    0.32   -0.32 (VIOLATED)
mprj/la_data_in[17]                     0.00    0.32   -0.32 (VIOLATED)
mprj/la_data_in[69]                     0.00    0.32   -0.32 (VIOLATED)
mgmt_buffers.user_to_mprj_in_gates[111]/A    1.50    1.82   -0.32 (VIOLATED)
mprj/la_oenb[73]                        0.00    0.32   -0.32 (VIOLATED)
mprj/la_oenb[61]                        0.00    0.32   -0.32 (VIOLATED)
mprj/la_oenb[72]                        0.00    0.31   -0.31 (VIOLATED)
mprj/wbs_adr_i[7]                       0.00    0.31   -0.31 (VIOLATED)
mprj/la_oenb[1]                         0.00    0.31   -0.31 (VIOLATED)
mprj/la_data_out[111]                   1.50    1.81   -0.31 (VIOLATED)
mprj/la_oenb[4]                         0.00    0.31   -0.31 (VIOLATED)
mgmt_buffers.user_to_mprj_in_gates[127]/A    1.50    1.81   -0.31 (VIOLATED)
ANTENNA_314/DIODE                       1.50    1.81   -0.31 (VIOLATED)
mprj/la_oenb[62]                        0.00    0.31   -0.31 (VIOLATED)
mprj/io_in[5]                           0.00    0.31   -0.31 (VIOLATED)
soc.core.RAM128/A0[5]                   0.00    0.31   -0.31 (VIOLATED)
mprj/la_data_in[41]                     0.00    0.30   -0.30 (VIOLATED)
mprj/la_data_in[74]                     0.00    0.30   -0.30 (VIOLATED)
mprj/la_data_in[29]                     0.00    0.30   -0.30 (VIOLATED)
mprj/la_oenb[67]                        0.00    0.30   -0.30 (VIOLATED)
mprj/la_oenb[70]                        0.00    0.30   -0.30 (VIOLATED)
mprj/la_data_in[22]                     0.00    0.30   -0.30 (VIOLATED)
mprj/la_data_out[127]                   1.50    1.80   -0.30 (VIOLATED)
mprj/la_data_in[9]                      0.00    0.30   -0.30 (VIOLATED)
mprj/la_data_in[10]                     0.00    0.29   -0.29 (VIOLATED)
mprj/la_data_in[65]                     0.00    0.29   -0.29 (VIOLATED)
soc.core.RAM256.BANK128[1].RAM128/Di0[3]    0.00    0.29   -0.29 (VIOLATED)
mprj/la_data_in[11]                     0.00    0.29   -0.29 (VIOLATED)
soc.core.RAM256.BANK128[1].RAM128/Di0[6]    0.00    0.29   -0.29 (VIOLATED)
mprj/io_in[0]                           0.00    0.29   -0.29 (VIOLATED)
mprj/la_oenb[3]                         0.00    0.29   -0.29 (VIOLATED)
mprj/la_data_in[15]                     0.00    0.29   -0.29 (VIOLATED)
mprj/la_data_in[54]                     0.00    0.28   -0.28 (VIOLATED)
mprj/la_data_in[13]                     0.00    0.28   -0.28 (VIOLATED)
mprj/la_data_in[64]                     0.00    0.28   -0.28 (VIOLATED)
mprj/io_in[2]                           0.00    0.28   -0.28 (VIOLATED)
mprj/la_data_in[7]                      0.00    0.28   -0.28 (VIOLATED)
mprj/la_oenb[6]                         0.00    0.28   -0.28 (VIOLATED)
mprj/la_data_in[53]                     0.00    0.28   -0.28 (VIOLATED)
mprj/wbs_adr_i[8]                       0.00    0.28   -0.28 (VIOLATED)
mprj/io_in[1]                           0.00    0.28   -0.28 (VIOLATED)
mprj/la_data_in[16]                     0.00    0.28   -0.28 (VIOLATED)
mprj/io_in[32]                          0.00    0.28   -0.28 (VIOLATED)
soc.core.RAM128/A0[6]                   0.00    0.28   -0.28 (VIOLATED)
mprj/la_data_in[63]                     0.00    0.27   -0.27 (VIOLATED)
mprj/la_data_in[14]                     0.00    0.27   -0.27 (VIOLATED)
mprj/la_data_in[55]                     0.00    0.27   -0.27 (VIOLATED)
mprj/wbs_dat_i[7]                       0.00    0.27   -0.27 (VIOLATED)
mprj/la_data_in[5]                      0.00    0.27   -0.27 (VIOLATED)
mprj/la_oenb[9]                         0.00    0.27   -0.27 (VIOLATED)
mprj/la_oenb[58]                        0.00    0.27   -0.27 (VIOLATED)
soc.core.RAM256.BANK128[1].RAM128/Di0[7]    0.00    0.27   -0.27 (VIOLATED)
soc.core.RAM128/Di0[15]                 0.00    0.27   -0.27 (VIOLATED)
mprj/io_in[6]                           0.00    0.27   -0.27 (VIOLATED)
mprj/la_oenb[8]                         0.00    0.26   -0.26 (VIOLATED)
mprj/la_oenb[66]                        0.00    0.26   -0.26 (VIOLATED)
mprj/la_data_in[59]                     0.00    0.26   -0.26 (VIOLATED)
mprj/la_oenb[63]                        0.00    0.26   -0.26 (VIOLATED)
mprj/la_data_in[25]                     0.00    0.26   -0.26 (VIOLATED)
mprj/la_data_in[23]                     0.00    0.26   -0.26 (VIOLATED)
mprj/la_data_in[19]                     0.00    0.26   -0.26 (VIOLATED)
mprj/la_oenb[65]                        0.00    0.26   -0.26 (VIOLATED)
mprj/la_data_in[57]                     0.00    0.26   -0.26 (VIOLATED)
mprj/la_oenb[56]                        0.00    0.26   -0.26 (VIOLATED)
mprj/la_oenb[57]                        0.00    0.25   -0.25 (VIOLATED)
mprj/la_oenb[53]                        0.00    0.25   -0.25 (VIOLATED)
mprj/la_oenb[64]                        0.00    0.25   -0.25 (VIOLATED)
mprj/la_data_in[58]                     0.00    0.25   -0.25 (VIOLATED)
mprj/la_data_in[62]                     0.00    0.25   -0.25 (VIOLATED)
mprj/la_oenb[59]                        0.00    0.25   -0.25 (VIOLATED)
mprj/la_data_in[66]                     0.00    0.25   -0.25 (VIOLATED)
mprj/la_oenb[13]                        0.00    0.25   -0.25 (VIOLATED)
mprj/la_data_in[18]                     0.00    0.25   -0.25 (VIOLATED)
soc.core.RAM256.BANK128[0].RAM128/WE0[0]    0.00    0.25   -0.25 (VIOLATED)
mprj/la_data_in[60]                     0.00    0.25   -0.25 (VIOLATED)
soc.core.RAM256.BANK128[1].RAM128/WE0[0]    0.00    0.25   -0.25 (VIOLATED)
soc.core.RAM128/EN0                     0.00    0.25   -0.25 (VIOLATED)
soc.core.RAM128/Di0[9]                  0.00    0.24   -0.24 (VIOLATED)
mprj/la_oenb[16]                        0.00    0.24   -0.24 (VIOLATED)
mprj/la_oenb[55]                        0.00    0.24   -0.24 (VIOLATED)
soc.core.RAM128/Di0[5]                  0.00    0.24   -0.24 (VIOLATED)
mprj/io_in[4]                           0.00    0.24   -0.24 (VIOLATED)
mprj/la_oenb[10]                        0.00    0.24   -0.24 (VIOLATED)
mprj/la_data_in[21]                     0.00    0.24   -0.24 (VIOLATED)
mprj/la_oenb[14]                        0.00    0.24   -0.24 (VIOLATED)
soc.core.RAM256.BANK128[1].RAM128/Di0[2]    0.00    0.24   -0.24 (VIOLATED)
soc.core.RAM256.BANK128[0].RAM128/A0[3]    0.00    0.23   -0.23 (VIOLATED)
soc.core.RAM256.BANK128[1].RAM128/Di0[4]    0.00    0.23   -0.23 (VIOLATED)
mprj/la_data_in[61]                     0.00    0.23   -0.23 (VIOLATED)
soc.core.RAM256.BANK128[1].RAM128/A0[3]    0.00    0.23   -0.23 (VIOLATED)
mprj/la_oenb[54]                        0.00    0.23   -0.23 (VIOLATED)
mprj/la_data_in[20]                     0.00    0.23   -0.23 (VIOLATED)
mprj/la_oenb[12]                        0.00    0.22   -0.22 (VIOLATED)
mprj/la_data_in[56]                     0.00    0.22   -0.22 (VIOLATED)
mprj/wbs_adr_i[5]                       0.00    0.22   -0.22 (VIOLATED)
mgmt_buffers.user_to_mprj_in_gates[116]/A    1.50    1.72   -0.22 (VIOLATED)
mprj/la_oenb[52]                        0.00    0.22   -0.22 (VIOLATED)
mprj/la_oenb[17]                        0.00    0.22   -0.22 (VIOLATED)
soc.core.RAM256.BANK128[0].RAM128/A0[2]    0.00    0.22   -0.22 (VIOLATED)
mprj/la_oenb[23]                        0.00    0.22   -0.22 (VIOLATED)
soc.core.RAM256.BANK128[1].RAM128/A0[2]    0.00    0.21   -0.21 (VIOLATED)
mprj/wbs_stb_i                          0.00    0.21   -0.21 (VIOLATED)
mprj/la_data_out[116]                   1.50    1.71   -0.21 (VIOLATED)
mprj/io_in[34]                          0.00    0.21   -0.21 (VIOLATED)
mprj/la_oenb[114]                       0.00    0.21   -0.21 (VIOLATED)
mprj/la_oenb[104]                       0.00    0.21   -0.21 (VIOLATED)
mprj/la_data_in[44]                     0.00    0.21   -0.21 (VIOLATED)
mprj/la_data_in[101]                    0.00    0.21   -0.21 (VIOLATED)
mprj/la_oenb[50]                        0.00    0.21   -0.21 (VIOLATED)
mprj/la_oenb[102]                       0.00    0.20   -0.20 (VIOLATED)
mprj/la_data_in[52]                     0.00    0.20   -0.20 (VIOLATED)
mgmt_buffers.user_to_mprj_in_gates[113]/A    1.50    1.70   -0.20 (VIOLATED)
mprj/la_oenb[19]                        0.00    0.20   -0.20 (VIOLATED)
soc.core.RAM128/Di0[13]                 0.00    0.20   -0.20 (VIOLATED)
mprj/wbs_adr_i[12]                      0.00    0.20   -0.20 (VIOLATED)
mprj/la_data_in[24]                     0.00    0.20   -0.20 (VIOLATED)
mprj/la_oenb[127]                       0.00    0.20   -0.20 (VIOLATED)
mprj/la_oenb[51]                        0.00    0.20   -0.20 (VIOLATED)
mprj/wbs_dat_i[30]                      0.00    0.20   -0.20 (VIOLATED)
mprj/la_data_in[121]                    0.00    0.20   -0.20 (VIOLATED)
mprj/la_oenb[11]                        0.00    0.20   -0.20 (VIOLATED)
mprj/la_data_in[110]                    0.00    0.20   -0.20 (VIOLATED)
soc.core.RAM128/Di0[8]                  0.00    0.20   -0.20 (VIOLATED)
mprj/io_in[26]                          0.00    0.20   -0.20 (VIOLATED)
soc.core.RAM128/Di0[26]                 0.00    0.20   -0.20 (VIOLATED)
soc.core.RAM128/Di0[10]                 0.00    0.20   -0.20 (VIOLATED)
mprj/la_data_out[113]                   1.50    1.70   -0.20 (VIOLATED)
mprj/la_data_in[119]                    0.00    0.20   -0.20 (VIOLATED)
mprj/wbs_adr_i[4]                       0.00    0.20   -0.20 (VIOLATED)
soc.core.RAM256.BANK128[1].RAM128/Di0[1]    0.00    0.20   -0.20 (VIOLATED)
soc.core.RAM256.BANK128[0].RAM128/Di0[3]    0.00    0.19   -0.19 (VIOLATED)
mprj/wbs_dat_i[27]                      0.00    0.19   -0.19 (VIOLATED)
mprj/wbs_adr_i[22]                      0.00    0.19   -0.19 (VIOLATED)
mprj/la_oenb[95]                        0.00    0.19   -0.19 (VIOLATED)
mprj/io_in[33]                          0.00    0.19   -0.19 (VIOLATED)
mprj/wbs_adr_i[3]                       0.00    0.19   -0.19 (VIOLATED)
mprj/la_data_in[95]                     0.00    0.19   -0.19 (VIOLATED)
mprj/la_oenb[105]                       0.00    0.19   -0.19 (VIOLATED)
mprj/la_data_in[100]                    0.00    0.19   -0.19 (VIOLATED)
soc.core.RAM256.BANK128[1].RAM128/Di0[5]    0.00    0.19   -0.19 (VIOLATED)
mprj/wbs_dat_i[17]                      0.00    0.19   -0.19 (VIOLATED)
mprj/la_oenb[20]                        0.00    0.19   -0.19 (VIOLATED)
mprj/wbs_dat_i[25]                      0.00    0.19   -0.19 (VIOLATED)
mprj/la_oenb[109]                       0.00    0.19   -0.19 (VIOLATED)
mprj/la_oenb[100]                       0.00    0.19   -0.19 (VIOLATED)
mprj/la_data_in[47]                     0.00    0.19   -0.19 (VIOLATED)
mprj/wbs_dat_i[19]                      0.00    0.19   -0.19 (VIOLATED)
soc.core.RAM128/Di0[17]                 0.00    0.19   -0.19 (VIOLATED)
mprj/la_oenb[7]                         0.00    0.19   -0.19 (VIOLATED)
mprj/la_data_in[51]                     0.00    0.19   -0.19 (VIOLATED)
mprj/la_oenb[91]                        0.00    0.19   -0.19 (VIOLATED)
mprj/la_oenb[18]                        0.00    0.19   -0.19 (VIOLATED)
mprj/io_in[25]                          0.00    0.19   -0.19 (VIOLATED)
mprj/la_oenb[21]                        0.00    0.19   -0.19 (VIOLATED)
mprj/wbs_adr_i[23]                      0.00    0.19   -0.19 (VIOLATED)
mprj/la_data_in[104]                    0.00    0.19   -0.19 (VIOLATED)
mprj/la_data_in[49]                     0.00    0.19   -0.19 (VIOLATED)
soc.core.RAM128/Di0[16]                 0.00    0.18   -0.18 (VIOLATED)
mprj/wbs_adr_i[16]                      0.00    0.18   -0.18 (VIOLATED)
soc.core.RAM128/Di0[12]                 0.00    0.18   -0.18 (VIOLATED)
mprj/wbs_dat_i[28]                      0.00    0.18   -0.18 (VIOLATED)
mprj/la_data_in[124]                    0.00    0.18   -0.18 (VIOLATED)
mprj/la_oenb[117]                       0.00    0.18   -0.18 (VIOLATED)
soc.core.RAM256.BANK128[1].RAM128/Di0[0]    0.00    0.18   -0.18 (VIOLATED)
soc.core.RAM128/Di0[29]                 0.00    0.18   -0.18 (VIOLATED)
soc.core.RAM128/A0[2]                   0.00    0.18   -0.18 (VIOLATED)
mprj/la_oenb[126]                       0.00    0.18   -0.18 (VIOLATED)
mprj/la_data_in[98]                     0.00    0.18   -0.18 (VIOLATED)
mprj/la_oenb[15]                        0.00    0.18   -0.18 (VIOLATED)
mprj/la_data_in[123]                    0.00    0.18   -0.18 (VIOLATED)
mprj/la_oenb[97]                        0.00    0.18   -0.18 (VIOLATED)
mprj/la_oenb[113]                       0.00    0.18   -0.18 (VIOLATED)
soc.core.RAM256.BANK128[0].RAM128/Di0[7]    0.00    0.18   -0.18 (VIOLATED)
mprj/la_data_in[103]                    0.00    0.18   -0.18 (VIOLATED)
mprj/la_oenb[24]                        0.00    0.18   -0.18 (VIOLATED)
mprj/wbs_dat_i[4]                       0.00    0.18   -0.18 (VIOLATED)
mprj/la_data_in[114]                    0.00    0.18   -0.18 (VIOLATED)
mprj/la_data_in[107]                    0.00    0.18   -0.18 (VIOLATED)
mprj/la_data_in[106]                    0.00    0.18   -0.18 (VIOLATED)
mprj/la_oenb[107]                       0.00    0.18   -0.18 (VIOLATED)
mprj/wbs_dat_i[24]                      0.00    0.18   -0.18 (VIOLATED)
mprj/wbs_we_i                           0.00    0.18   -0.18 (VIOLATED)
soc.core.RAM128/Di0[18]                 0.00    0.18   -0.18 (VIOLATED)
mprj/wbs_adr_i[14]                      0.00    0.18   -0.18 (VIOLATED)
soc.core.RAM128/Di0[20]                 0.00    0.18   -0.18 (VIOLATED)
mprj/io_in[35]                          0.00    0.18   -0.18 (VIOLATED)
mprj/wbs_dat_i[13]                      0.00    0.17   -0.17 (VIOLATED)
mprj/la_data_in[122]                    0.00    0.17   -0.17 (VIOLATED)
mprj/wbs_adr_i[10]                      0.00    0.17   -0.17 (VIOLATED)
mprj/la_oenb[103]                       0.00    0.17   -0.17 (VIOLATED)
mprj/la_oenb[101]                       0.00    0.17   -0.17 (VIOLATED)
mprj/wbs_dat_i[31]                      0.00    0.17   -0.17 (VIOLATED)
mprj/wbs_adr_i[13]                      0.00    0.17   -0.17 (VIOLATED)
mprj/io_in[29]                          0.00    0.17   -0.17 (VIOLATED)
mprj/wbs_adr_i[20]                      0.00    0.17   -0.17 (VIOLATED)
mprj/la_oenb[22]                        0.00    0.17   -0.17 (VIOLATED)
mprj/wbs_dat_i[23]                      0.00    0.17   -0.17 (VIOLATED)
mprj/la_oenb[45]                        0.00    0.17   -0.17 (VIOLATED)
mprj/la_data_in[102]                    0.00    0.17   -0.17 (VIOLATED)
mprj/la_data_in[96]                     0.00    0.17   -0.17 (VIOLATED)
mprj/wbs_sel_i[3]                       0.00    0.17   -0.17 (VIOLATED)
mprj/la_data_in[109]                    0.00    0.17   -0.17 (VIOLATED)
mprj/la_data_in[97]                     0.00    0.17   -0.17 (VIOLATED)
mprj/la_oenb[48]                        0.00    0.17   -0.17 (VIOLATED)
mprj/la_oenb[123]                       0.00    0.17   -0.17 (VIOLATED)
mprj/la_data_in[50]                     0.00    0.17   -0.17 (VIOLATED)
mprj/la_oenb[120]                       0.00    0.16   -0.16 (VIOLATED)
mprj/io_in[27]                          0.00    0.16   -0.16 (VIOLATED)
soc.core.RAM128/Di0[0]                  0.00    0.16   -0.16 (VIOLATED)
mprj/la_oenb[25]                        0.00    0.16   -0.16 (VIOLATED)
soc.core.RAM128/Di0[25]                 0.00    0.16   -0.16 (VIOLATED)
mprj/wbs_dat_i[9]                       0.00    0.16   -0.16 (VIOLATED)
mgmt_buffers.user_to_mprj_in_gates[114]/A    1.50    1.66   -0.16 (VIOLATED)
mprj/wbs_cyc_i                          0.00    0.16   -0.16 (VIOLATED)
mprj/wbs_dat_i[11]                      0.00    0.16   -0.16 (VIOLATED)
mprj/wbs_dat_i[5]                       0.00    0.16   -0.16 (VIOLATED)
mprj/la_oenb[44]                        0.00    0.16   -0.16 (VIOLATED)
mprj/io_in[36]                          0.00    0.16   -0.16 (VIOLATED)
mprj/la_oenb[125]                       0.00    0.16   -0.16 (VIOLATED)
mprj/la_data_in[127]                    0.00    0.16   -0.16 (VIOLATED)
mprj/la_oenb[122]                       0.00    0.16   -0.16 (VIOLATED)
mprj/la_oenb[30]                        0.00    0.16   -0.16 (VIOLATED)
soc.core.RAM256.BANK128[0].RAM128/Di0[4]    0.00    0.16   -0.16 (VIOLATED)
mprj/la_oenb[124]                       0.00    0.16   -0.16 (VIOLATED)
mprj/la_oenb[41]                        0.00    0.16   -0.16 (VIOLATED)
mprj/io_in[7]                           0.00    0.16   -0.16 (VIOLATED)
mprj/wbs_dat_i[18]                      0.00    0.16   -0.16 (VIOLATED)
mprj/wbs_adr_i[9]                       0.00    0.16   -0.16 (VIOLATED)
mprj/la_data_out[114]                   1.50    1.66   -0.16 (VIOLATED)
soc.core.RAM128/Di0[22]                 0.00    0.15   -0.15 (VIOLATED)
mprj/la_data_in[48]                     0.00    0.15   -0.15 (VIOLATED)
mprj/la_data_in[115]                    0.00    0.15   -0.15 (VIOLATED)
mprj/io_in[37]                          0.00    0.15   -0.15 (VIOLATED)
mprj/wbs_sel_i[1]                       0.00    0.15   -0.15 (VIOLATED)
mprj/io_in[3]                           0.00    0.15   -0.15 (VIOLATED)
mprj/la_oenb[115]                       0.00    0.15   -0.15 (VIOLATED)
mprj/la_oenb[112]                       0.00    0.15   -0.15 (VIOLATED)
soc.core.RAM128/Di0[27]                 0.00    0.15   -0.15 (VIOLATED)
mprj/la_oenb[121]                       0.00    0.15   -0.15 (VIOLATED)
mprj/la_data_in[108]                    0.00    0.15   -0.15 (VIOLATED)
mprj/la_oenb[98]                        0.00    0.15   -0.15 (VIOLATED)
mprj/la_oenb[118]                       0.00    0.15   -0.15 (VIOLATED)
soc.core.RAM256.BANK128[0].RAM128/Di0[6]    0.00    0.15   -0.15 (VIOLATED)
soc.core.RAM128/Di0[1]                  0.00    0.15   -0.15 (VIOLATED)
mprj/la_oenb[46]                        0.00    0.15   -0.15 (VIOLATED)
mprj/wbs_dat_i[8]                       0.00    0.15   -0.15 (VIOLATED)
mprj/wbs_dat_i[15]                      0.00    0.15   -0.15 (VIOLATED)
mprj/io_in[28]                          0.00    0.15   -0.15 (VIOLATED)
mprj/la_data_in[120]                    0.00    0.15   -0.15 (VIOLATED)
mprj/wbs_dat_i[14]                      0.00    0.15   -0.15 (VIOLATED)
soc.core.RAM128/Di0[14]                 0.00    0.15   -0.15 (VIOLATED)
mprj/la_oenb[116]                       0.00    0.15   -0.15 (VIOLATED)
mprj/la_oenb[119]                       0.00    0.15   -0.15 (VIOLATED)
mprj/la_oenb[27]                        0.00    0.15   -0.15 (VIOLATED)
mprj/la_data_in[113]                    0.00    0.15   -0.15 (VIOLATED)
mprj/wbs_sel_i[2]                       0.00    0.15   -0.15 (VIOLATED)
mprj/wbs_adr_i[18]                      0.00    0.15   -0.15 (VIOLATED)
mprj/la_oenb[108]                       0.00    0.15   -0.15 (VIOLATED)
mprj/wbs_adr_i[2]                       0.00    0.14   -0.14 (VIOLATED)
mprj/la_oenb[47]                        0.00    0.14   -0.14 (VIOLATED)
mprj/la_data_in[116]                    0.00    0.14   -0.14 (VIOLATED)
mprj/la_data_in[45]                     0.00    0.14   -0.14 (VIOLATED)
mprj/la_data_in[111]                    0.00    0.14   -0.14 (VIOLATED)
mprj/wbs_adr_i[17]                      0.00    0.14   -0.14 (VIOLATED)
mgmt_buffers.user_to_mprj_in_gates[112]/A    1.50    1.64   -0.14 (VIOLATED)
mprj/la_data_in[43]                     0.00    0.14   -0.14 (VIOLATED)
mprj/la_data_in[99]                     0.00    0.14   -0.14 (VIOLATED)
mprj/la_data_in[39]                     0.00    0.14   -0.14 (VIOLATED)
mprj/la_data_in[118]                    0.00    0.14   -0.14 (VIOLATED)
soc.core.RAM256.BANK128[0].RAM128/Di0[5]    0.00    0.14   -0.14 (VIOLATED)
mprj/la_oenb[110]                       0.00    0.14   -0.14 (VIOLATED)
mprj/la_data_in[26]                     0.00    0.14   -0.14 (VIOLATED)
mprj/la_oenb[42]                        0.00    0.14   -0.14 (VIOLATED)
mprj/la_oenb[49]                        0.00    0.14   -0.14 (VIOLATED)
mprj/wbs_dat_i[16]                      0.00    0.14   -0.14 (VIOLATED)
soc.core.RAM128/Di0[24]                 0.00    0.14   -0.14 (VIOLATED)
mprj/la_oenb[106]                       0.00    0.14   -0.14 (VIOLATED)
mprj/la_oenb[82]                        0.00    0.14   -0.14 (VIOLATED)
mprj/wbs_dat_i[22]                      0.00    0.14   -0.14 (VIOLATED)
mprj/la_data_in[46]                     0.00    0.14   -0.14 (VIOLATED)
mprj/wbs_adr_i[15]                      0.00    0.14   -0.14 (VIOLATED)
mprj/la_data_in[117]                    0.00    0.14   -0.14 (VIOLATED)
mprj/io_in[22]                          0.00    0.14   -0.14 (VIOLATED)
mprj/la_data_in[27]                     0.00    0.14   -0.14 (VIOLATED)
mprj/la_data_in[125]                    0.00    0.14   -0.14 (VIOLATED)
mprj/wbs_sel_i[0]                       0.00    0.14   -0.14 (VIOLATED)
mprj/la_data_out[112]                   1.50    1.64   -0.14 (VIOLATED)
mprj/io_in[30]                          0.00    0.14   -0.14 (VIOLATED)
mprj/wbs_dat_i[26]                      0.00    0.14   -0.14 (VIOLATED)
mprj/la_data_in[42]                     0.00    0.14   -0.14 (VIOLATED)
mprj/la_oenb[39]                        0.00    0.14   -0.14 (VIOLATED)
mprj/la_oenb[34]                        0.00    0.14   -0.14 (VIOLATED)
mprj/la_oenb[43]                        0.00    0.13   -0.13 (VIOLATED)
soc.core.RAM256.BANK128[0].RAM128/Di0[2]    0.00    0.13   -0.13 (VIOLATED)
mprj/la_data_in[126]                    0.00    0.13   -0.13 (VIOLATED)
mprj/la_data_in[112]                    0.00    0.13   -0.13 (VIOLATED)
mprj/la_oenb[29]                        0.00    0.13   -0.13 (VIOLATED)
mprj/wbs_adr_i[11]                      0.00    0.13   -0.13 (VIOLATED)
mprj/user_clock2                        0.00    0.13   -0.13 (VIOLATED)
mprj/la_oenb[111]                       0.00    0.13   -0.13 (VIOLATED)
soc.core.RAM128/Di0[23]                 0.00    0.13   -0.13 (VIOLATED)
mprj/la_data_in[36]                     0.00    0.13   -0.13 (VIOLATED)
mprj/la_oenb[28]                        0.00    0.13   -0.13 (VIOLATED)
mprj/wbs_dat_i[21]                      0.00    0.13   -0.13 (VIOLATED)
mprj/la_data_in[28]                     0.00    0.13   -0.13 (VIOLATED)
soc.core.RAM256.BANK128[1].RAM128/CLK    0.00    0.13   -0.13 (VIOLATED)
mprj/la_oenb[38]                        0.00    0.13   -0.13 (VIOLATED)
soc.core.RAM128/CLK                     0.00    0.13   -0.13 (VIOLATED)
mprj/wbs_dat_i[20]                      0.00    0.13   -0.13 (VIOLATED)
mprj/la_data_in[105]                    0.00    0.13   -0.13 (VIOLATED)
mprj/wbs_dat_i[10]                      0.00    0.13   -0.13 (VIOLATED)
mprj/wbs_adr_i[19]                      0.00    0.13   -0.13 (VIOLATED)
mprj/io_in[12]                          0.00    0.13   -0.13 (VIOLATED)
mprj/la_oenb[31]                        0.00    0.13   -0.13 (VIOLATED)
mprj/la_oenb[40]                        0.00    0.13   -0.13 (VIOLATED)
soc.core.RAM256.BANK128[1].RAM128/EN0    0.00    0.12   -0.12 (VIOLATED)
mprj/la_data_in[31]                     0.00    0.12   -0.12 (VIOLATED)
soc.core.RAM128/Di0[2]                  0.00    0.12   -0.12 (VIOLATED)
soc.core.RAM128/Di0[6]                  0.00    0.12   -0.12 (VIOLATED)
mprj/wb_rst_i                           0.00    0.12   -0.12 (VIOLATED)
soc.core.RAM128/Di0[4]                  0.00    0.12   -0.12 (VIOLATED)
mgmt_buffers.user_to_mprj_in_gates[108]/A    1.50    1.62   -0.12 (VIOLATED)
soc.core.RAM128/Di0[7]                  0.00    0.12   -0.12 (VIOLATED)
mprj/io_in[31]                          0.00    0.12   -0.12 (VIOLATED)
mprj/io_in[11]                          0.00    0.12   -0.12 (VIOLATED)
mprj/io_in[24]                          0.00    0.12   -0.12 (VIOLATED)
soc.core.RAM128/Di0[3]                  0.00    0.12   -0.12 (VIOLATED)
mprj/wbs_dat_i[12]                      0.00    0.11   -0.11 (VIOLATED)
mprj/la_data_out[108]                   1.50    1.61   -0.11 (VIOLATED)
mprj/io_in[10]                          0.00    0.11   -0.11 (VIOLATED)
soc.core.RAM128/Di0[31]                 0.00    0.11   -0.11 (VIOLATED)
mprj/io_in[14]                          0.00    0.11   -0.11 (VIOLATED)
soc.core.RAM256.BANK128[0].RAM128/Di0[0]    0.00    0.11   -0.11 (VIOLATED)
soc.core.RAM128/Di0[28]                 0.00    0.11   -0.11 (VIOLATED)
soc.core.RAM128/Di0[21]                 0.00    0.11   -0.11 (VIOLATED)
soc.core.RAM256.BANK128[0].RAM128/Di0[1]    0.00    0.11   -0.11 (VIOLATED)
mprj/la_oenb[37]                        0.00    0.11   -0.11 (VIOLATED)
mprj/la_oenb[33]                        0.00    0.11   -0.11 (VIOLATED)
mgmt_buffers.user_to_mprj_in_gates[109]/A    1.50    1.61   -0.11 (VIOLATED)
mprj/io_in[9]                           0.00    0.11   -0.11 (VIOLATED)
mprj/la_oenb[32]                        0.00    0.11   -0.11 (VIOLATED)
mprj/io_in[8]                           0.00    0.11   -0.11 (VIOLATED)
mprj/la_oenb[36]                        0.00    0.11   -0.11 (VIOLATED)
soc.core.RAM128/Di0[19]                 0.00    0.10   -0.10 (VIOLATED)
mprj/la_oenb[35]                        0.00    0.10   -0.10 (VIOLATED)
mprj/la_oenb[26]                        0.00    0.10   -0.10 (VIOLATED)
mprj/la_data_out[109]                   1.50    1.60   -0.10 (VIOLATED)
mprj/io_in[21]                          0.00    0.10   -0.10 (VIOLATED)
soc.core.RAM256.BANK128[0].RAM128/EN0    0.00    0.10   -0.10 (VIOLATED)
mprj/io_in[19]                          0.00    0.10   -0.10 (VIOLATED)
mprj/io_in[15]                          0.00    0.10   -0.10 (VIOLATED)
soc.core.RAM128/Di0[30]                 0.00    0.10   -0.10 (VIOLATED)
soc.core.RAM128/Di0[11]                 0.00    0.10   -0.10 (VIOLATED)
mprj/io_in[13]                          0.00    0.09   -0.09 (VIOLATED)
mprj/io_in[16]                          0.00    0.09   -0.09 (VIOLATED)
mprj/io_in[20]                          0.00    0.09   -0.09 (VIOLATED)
mgmt_buffers.user_to_mprj_in_gates[121]/A    1.50    1.58   -0.08 (VIOLATED)
mprj/io_in[23]                          0.00    0.08   -0.08 (VIOLATED)
mprj/io_in[18]                          0.00    0.07   -0.07 (VIOLATED)
mprj/la_data_out[121]                   1.50    1.57   -0.07 (VIOLATED)
mgmt_buffers.user_to_mprj_in_gates[104]/A    1.50    1.57   -0.07 (VIOLATED)
mprj/la_data_out[104]                   1.50    1.56   -0.06 (VIOLATED)
mprj/io_in[17]                          0.00    0.06   -0.06 (VIOLATED)
mgmt_buffers.user_to_mprj_in_gates[110]/A    1.50    1.55   -0.05 (VIOLATED)
mprj/la_data_out[110]                   1.50    1.54   -0.04 (VIOLATED)
mgmt_buffers.user_to_mprj_in_gates[122]/A    1.50    1.53   -0.03 (VIOLATED)
mgmt_buffers.user_irq_gates[0]/A        1.50    1.53   -0.03 (VIOLATED)
mprj/la_data_out[122]                   1.50    1.53   -0.03 (VIOLATED)
mprj/user_irq[0]                        1.50    1.52   -0.02 (VIOLATED)
mgmt_buffers.user_wb_ack_gate/A         1.50    1.52   -0.02 (VIOLATED)
mprj/wbs_ack_o                          1.50    1.51   -0.01 (VIOLATED)
mgmt_buffers.user_to_mprj_in_gates[107]/A    1.50    1.51   -0.01 (VIOLATED)
mprj/la_data_out[107]                   1.50    1.50   -0.00 (VIOLATED)

max fanout

Pin                                   Limit Fanout  Slack
---------------------------------------------------------
wire1134/X                               18     34    -16 (VIOLATED)
mgmt_buffers.user_wb_dat_gates[16]/Y     18     32    -14 (VIOLATED)
wire1237/X                               18     32    -14 (VIOLATED)
clkbuf_6_44__f_mgmt_buffers.caravel_clk/X     18     26     -8 (VIOLATED)
clkbuf_6_48__f_mgmt_buffers.caravel_clk/X     18     26     -8 (VIOLATED)
mgmt_buffers.mprj_logic_high_inst/HI[321]     18     25     -7 (VIOLATED)
_22731_/X                                18     24     -6 (VIOLATED)
clkbuf_6_53__f_mgmt_buffers.caravel_clk/X     18     24     -6 (VIOLATED)
clkbuf_6_54__f_mgmt_buffers.caravel_clk/X     18     24     -6 (VIOLATED)
fanout2491/X                             18     24     -6 (VIOLATED)
mgmt_buffers.user_wb_dat_gates[10]/Y     18     24     -6 (VIOLATED)
wire1096/X                               18     24     -6 (VIOLATED)
_22588_/X                                18     23     -5 (VIOLATED)
clkbuf_6_49__f_mgmt_buffers.caravel_clk/X     18     23     -5 (VIOLATED)
clkbuf_6_55__f_mgmt_buffers.caravel_clk/X     18     23     -5 (VIOLATED)
fanout1763/X                             18     23     -5 (VIOLATED)
_22714_/X                                18     22     -4 (VIOLATED)
clkbuf_6_50__f_mgmt_buffers.caravel_clk/X     18     22     -4 (VIOLATED)
clkbuf_6_52__f_mgmt_buffers.caravel_clk/X     18     22     -4 (VIOLATED)
clkbuf_6_58__f_mgmt_buffers.caravel_clk/X     18     22     -4 (VIOLATED)
fanout1575/X                             18     21     -3 (VIOLATED)
fanout1678/X                             18     21     -3 (VIOLATED)
fanout2406/X                             18     21     -3 (VIOLATED)
fanout1015/X                             18     20     -2 (VIOLATED)
fanout1145/X                             18     20     -2 (VIOLATED)
fanout1606/X                             18     20     -2 (VIOLATED)
fanout1742/X                             18     20     -2 (VIOLATED)
fanout1778/X                             18     20     -2 (VIOLATED)
fanout2332/X                             18     20     -2 (VIOLATED)
fanout2558/X                             18     20     -2 (VIOLATED)
fanout642/X                              18     20     -2 (VIOLATED)
wire1094/X                               18     20     -2 (VIOLATED)
wire1203/X                               18     20     -2 (VIOLATED)
_22604_/X                                18     19        (VIOLATED)
_22725_/X                                18     19        (VIOLATED)
_28070_/X                                18     19        (VIOLATED)
fanout1016/X                             18     19        (VIOLATED)
fanout1045/X                             18     19        (VIOLATED)
fanout1048/X                             18     19        (VIOLATED)
fanout1144/X                             18     19        (VIOLATED)
fanout1168/X                             18     19        (VIOLATED)
fanout1170/X                             18     19        (VIOLATED)
fanout1173/X                             18     19        (VIOLATED)
fanout1515/X                             18     19        (VIOLATED)
fanout1572/X                             18     19        (VIOLATED)
fanout1573/X                             18     19        (VIOLATED)
fanout1577/X                             18     19        (VIOLATED)
fanout1591/X                             18     19        (VIOLATED)
fanout1714/X                             18     19        (VIOLATED)
fanout1718/X                             18     19        (VIOLATED)
fanout1749/X                             18     19        (VIOLATED)
fanout1751/X                             18     19        (VIOLATED)
fanout1759/X                             18     19        (VIOLATED)
fanout1774/X                             18     19        (VIOLATED)
fanout2004/X                             18     19        (VIOLATED)
fanout2223/X                             18     19        (VIOLATED)
fanout2328/X                             18     19        (VIOLATED)
fanout2331/X                             18     19        (VIOLATED)
fanout2333/X                             18     19        (VIOLATED)
fanout2335/X                             18     19        (VIOLATED)
fanout2416/X                             18     19        (VIOLATED)
fanout2417/X                             18     19        (VIOLATED)
fanout2421/X                             18     19        (VIOLATED)
fanout2430/X                             18     19        (VIOLATED)
fanout2433/X                             18     19        (VIOLATED)
fanout2521/X                             18     19        (VIOLATED)
fanout2541/X                             18     19        (VIOLATED)
fanout590/X                              18     19        (VIOLATED)
fanout809/X                              18     19        (VIOLATED)
fanout813/X                              18     19        (VIOLATED)
fanout903/X                              18     19        (VIOLATED)
fanout926/X                              18     19        (VIOLATED)
housekeeping/wb_dat_o[23]                18     19        (VIOLATED)
max_cap2348/X                            18     19        (VIOLATED)
mgmt_buffers.mprj_logic_high_inst/HI[329]     18     19        (VIOLATED)
mgmt_buffers.mprj_logic_high_inst/HI[353]     18     19        (VIOLATED)
mgmt_buffers.mprj_logic_high_inst/HI[379]     18     19        (VIOLATED)
mgmt_buffers.user_wb_dat_gates[15]/Y     18     19        (VIOLATED)
mgmt_buffers.user_wb_dat_gates[3]/Y      18     19        (VIOLATED)
soc.core.RAM128/Do0[0]                   18     19        (VIOLATED)
wire1202/X                               18     19        (VIOLATED)
wire2355/X                               18     19        (VIOLATED)

max capacitance

Pin                                    Limit     Cap   Slack
------------------------------------------------------------
mprj/la_data_out[118]                   0.15    0.20   -0.04 (VIOLATED)
mprj/la_data_out[125]                   0.15    0.20   -0.04 (VIOLATED)
mprj/la_data_out[117]                   0.15    0.20   -0.04 (VIOLATED)
soc.core.RAM128/Do0[0]                  0.16    0.20   -0.04 (VIOLATED)
mprj/la_data_out[124]                   0.15    0.20   -0.04 (VIOLATED)
mprj/la_data_out[126]                   0.15    0.20   -0.04 (VIOLATED)
mprj/la_data_out[115]                   0.15    0.19   -0.04 (VIOLATED)
mprj/la_data_out[127]                   0.15    0.19   -0.03 (VIOLATED)
mprj/la_data_out[111]                   0.15    0.19   -0.03 (VIOLATED)
mprj/la_data_out[116]                   0.15    0.18   -0.02 (VIOLATED)
mprj/la_data_out[113]                   0.15    0.18   -0.02 (VIOLATED)
mprj/la_data_out[114]                   0.15    0.17   -0.02 (VIOLATED)
mprj/la_data_out[112]                   0.15    0.17   -0.02 (VIOLATED)
mprj/la_data_out[108]                   0.15    0.17   -0.01 (VIOLATED)
mprj/la_data_out[109]                   0.15    0.17   -0.01 (VIOLATED)
mprj/la_data_out[121]                   0.15    0.16   -0.01 (VIOLATED)
mprj/la_data_out[122]                   0.15    0.16   -0.01 (VIOLATED)
mprj/la_data_out[104]                   0.15    0.16   -0.01 (VIOLATED)
mprj/la_data_out[110]                   0.15    0.16   -0.00 (VIOLATED)
mprj/user_irq[0]                        0.15    0.16   -0.00 (VIOLATED)
mprj/wbs_ack_o                          0.15    0.16   -0.00 (VIOLATED)
mprj/la_data_out[107]                   0.15    0.16   -0.00 (VIOLATED)


===========================================================================
max slew violation count 540
max fanout violation count 82
max cap violation count 22
============================================================================
