
===========================================================================
report_checks -unconstrained
============================================================================
Startpoint: mprj (rising edge-triggered flip-flop clocked by clk)
Endpoint: _35053_ (rising edge-triggered flip-flop clocked by clk)
Path Group: clk
Path Type: max

Fanout     Cap    Slew   Delay    Time   Description
-----------------------------------------------------------------------------
                          0.00    0.00   clock clk (rise edge)
                          0.00    0.00   clock source latency
                  0.28    0.00    0.00 ^ clock_ctrl/core_clk (caravel_clocking)
     1    0.27                           mgmt_buffers.caravel_clk (net)
                  0.28    0.00    0.00 ^ clkbuf_0_mgmt_buffers.caravel_clk/A (sky130_fd_sc_hd__clkbuf_16)
                  0.05    0.22    0.22 ^ clkbuf_0_mgmt_buffers.caravel_clk/X (sky130_fd_sc_hd__clkbuf_16)
     2    0.03                           clknet_0_mgmt_buffers.caravel_clk (net)
                  0.05    0.00    0.22 ^ clkbuf_1_0_0_mgmt_buffers.caravel_clk/A (sky130_fd_sc_hd__clkbuf_8)
                  0.07    0.15    0.38 ^ clkbuf_1_0_0_mgmt_buffers.caravel_clk/X (sky130_fd_sc_hd__clkbuf_8)
     1    0.03                           clknet_1_0_0_mgmt_buffers.caravel_clk (net)
                  0.07    0.00    0.38 ^ clkbuf_1_0_1_mgmt_buffers.caravel_clk/A (sky130_fd_sc_hd__clkbuf_8)
                  0.07    0.16    0.54 ^ clkbuf_1_0_1_mgmt_buffers.caravel_clk/X (sky130_fd_sc_hd__clkbuf_8)
     1    0.03                           clknet_1_0_1_mgmt_buffers.caravel_clk (net)
                  0.07    0.00    0.54 ^ clkbuf_1_0_2_mgmt_buffers.caravel_clk/A (sky130_fd_sc_hd__clkbuf_8)
                  0.06    0.15    0.70 ^ clkbuf_1_0_2_mgmt_buffers.caravel_clk/X (sky130_fd_sc_hd__clkbuf_8)
     1    0.03                           clknet_1_0_2_mgmt_buffers.caravel_clk (net)
                  0.06    0.00    0.70 ^ clkbuf_1_0_3_mgmt_buffers.caravel_clk/A (sky130_fd_sc_hd__clkbuf_8)
                  0.06    0.15    0.85 ^ clkbuf_1_0_3_mgmt_buffers.caravel_clk/X (sky130_fd_sc_hd__clkbuf_8)
     1    0.02                           clknet_1_0_3_mgmt_buffers.caravel_clk (net)
                  0.06    0.00    0.85 ^ clkbuf_1_0_4_mgmt_buffers.caravel_clk/A (sky130_fd_sc_hd__clkbuf_8)
                  0.06    0.15    1.00 ^ clkbuf_1_0_4_mgmt_buffers.caravel_clk/X (sky130_fd_sc_hd__clkbuf_8)
     1    0.03                           clknet_1_0_4_mgmt_buffers.caravel_clk (net)
                  0.06    0.00    1.00 ^ clkbuf_1_0_5_mgmt_buffers.caravel_clk/A (sky130_fd_sc_hd__clkbuf_8)
                  0.06    0.15    1.15 ^ clkbuf_1_0_5_mgmt_buffers.caravel_clk/X (sky130_fd_sc_hd__clkbuf_8)
     2    0.03                           clknet_1_0_5_mgmt_buffers.caravel_clk (net)
                  0.06    0.00    1.15 ^ clkbuf_2_1_0_mgmt_buffers.caravel_clk/A (sky130_fd_sc_hd__clkbuf_8)
                  0.06    0.15    1.31 ^ clkbuf_2_1_0_mgmt_buffers.caravel_clk/X (sky130_fd_sc_hd__clkbuf_8)
     1    0.03                           clknet_2_1_0_mgmt_buffers.caravel_clk (net)
                  0.06    0.00    1.31 ^ clkbuf_2_1_1_mgmt_buffers.caravel_clk/A (sky130_fd_sc_hd__clkbuf_8)
                  0.07    0.16    1.47 ^ clkbuf_2_1_1_mgmt_buffers.caravel_clk/X (sky130_fd_sc_hd__clkbuf_8)
     2    0.03                           clknet_2_1_1_mgmt_buffers.caravel_clk (net)
                  0.07    0.00    1.48 ^ clkbuf_3_2_0_mgmt_buffers.caravel_clk/A (sky130_fd_sc_hd__clkbuf_8)
                  0.05    0.15    1.62 ^ clkbuf_3_2_0_mgmt_buffers.caravel_clk/X (sky130_fd_sc_hd__clkbuf_8)
     1    0.02                           clknet_3_2_0_mgmt_buffers.caravel_clk (net)
                  0.05    0.00    1.63 ^ clkbuf_3_2_1_mgmt_buffers.caravel_clk/A (sky130_fd_sc_hd__clkbuf_8)
                  0.06    0.15    1.77 ^ clkbuf_3_2_1_mgmt_buffers.caravel_clk/X (sky130_fd_sc_hd__clkbuf_8)
     1    0.02                           clknet_3_2_1_mgmt_buffers.caravel_clk (net)
                  0.06    0.00    1.78 ^ clkbuf_3_2_2_mgmt_buffers.caravel_clk/A (sky130_fd_sc_hd__clkbuf_8)
                  0.06    0.15    1.93 ^ clkbuf_3_2_2_mgmt_buffers.caravel_clk/X (sky130_fd_sc_hd__clkbuf_8)
     2    0.03                           clknet_3_2_2_mgmt_buffers.caravel_clk (net)
                  0.06    0.00    1.93 ^ clkbuf_4_5_0_mgmt_buffers.caravel_clk/A (sky130_fd_sc_hd__clkbuf_8)
                  0.06    0.15    2.07 ^ clkbuf_4_5_0_mgmt_buffers.caravel_clk/X (sky130_fd_sc_hd__clkbuf_8)
     1    0.02                           clknet_4_5_0_mgmt_buffers.caravel_clk (net)
                  0.06    0.00    2.08 ^ clkbuf_4_5_1_mgmt_buffers.caravel_clk/A (sky130_fd_sc_hd__clkbuf_8)
                  0.07    0.16    2.23 ^ clkbuf_4_5_1_mgmt_buffers.caravel_clk/X (sky130_fd_sc_hd__clkbuf_8)
     2    0.03                           clknet_4_5_1_mgmt_buffers.caravel_clk (net)
                  0.07    0.00    2.24 ^ clkbuf_5_10_0_mgmt_buffers.caravel_clk/A (sky130_fd_sc_hd__clkbuf_8)
                  0.08    0.17    2.41 ^ clkbuf_5_10_0_mgmt_buffers.caravel_clk/X (sky130_fd_sc_hd__clkbuf_8)
     2    0.04                           clknet_5_10_0_mgmt_buffers.caravel_clk (net)
                  0.08    0.00    2.41 ^ clkbuf_6_21__f_mgmt_buffers.caravel_clk/A (sky130_fd_sc_hd__clkbuf_16)
                  0.21    0.26    2.67 ^ clkbuf_6_21__f_mgmt_buffers.caravel_clk/X (sky130_fd_sc_hd__clkbuf_16)
    10    0.20                           clknet_6_21__leaf_mgmt_buffers.caravel_clk (net)
                  0.23    0.05    2.72 ^ _24130_/B (sky130_fd_sc_hd__and2_2)
                  1.10    0.91    3.63 ^ _24130_/X (sky130_fd_sc_hd__and2_2)
     1    0.22                           mgmt_buffers.user_clock (net)
                  1.11    0.08    3.71 ^ mprj/wb_clk_i (user_project_wrapper)
                  1.51   11.85   15.56 ^ mprj/wbs_ack_o (user_project_wrapper)
     1    0.16                           mgmt_buffers.mprj_ack_i_user (net)
                  1.52    0.07   15.64 ^ mgmt_buffers.user_wb_ack_gate/A (sky130_fd_sc_hd__nand2_8)
                  0.38    0.33   15.97 v mgmt_buffers.user_wb_ack_gate/Y (sky130_fd_sc_hd__nand2_8)
     1    0.10                           mgmt_buffers.mprj_ack_i_core_bar (net)
                  0.38    0.02   15.98 v wire1690/A (sky130_fd_sc_hd__buf_8)
                  0.10    0.31   16.29 v wire1690/X (sky130_fd_sc_hd__buf_8)
     2    0.13                           net1690 (net)
                  0.13    0.04   16.34 v _21859_/D (sky130_fd_sc_hd__and4b_4)
                  0.09    0.31   16.65 v _21859_/X (sky130_fd_sc_hd__and4b_4)
     1    0.05                           _11220_ (net)
                  0.09    0.01   16.66 v wire1658/A (sky130_fd_sc_hd__buf_12)
                  0.10    0.18   16.84 v wire1658/X (sky130_fd_sc_hd__buf_12)
    10    0.19                           net1658 (net)
                  0.19    0.09   16.93 v _21860_/A (sky130_fd_sc_hd__nand2_4)
                  0.11    0.17   17.10 ^ _21860_/Y (sky130_fd_sc_hd__nand2_4)
     3    0.03                           _11221_ (net)
                  0.11    0.00   17.10 ^ wire1084/A (sky130_fd_sc_hd__buf_12)
                  0.30    0.27   17.37 ^ wire1084/X (sky130_fd_sc_hd__buf_12)
     8    0.26                           net3608 (net)
                  0.34    0.09   17.46 ^ _21863_/A1 (sky130_fd_sc_hd__a21o_2)
                  0.11    0.25   17.72 ^ _21863_/X (sky130_fd_sc_hd__a21o_2)
     1    0.02                           _11224_ (net)
                  0.11    0.00   17.72 ^ wire1273/A (sky130_fd_sc_hd__buf_12)
                  0.22    0.23   17.95 ^ wire1273/X (sky130_fd_sc_hd__buf_12)
    12    0.19                           net1273 (net)
                  0.24    0.05   18.00 ^ max_cap1272/A (sky130_fd_sc_hd__buf_6)
                  0.16    0.24   18.24 ^ max_cap1272/X (sky130_fd_sc_hd__buf_6)
     5    0.08                           net1272 (net)
                  0.16    0.01   18.24 ^ _21864_/A (sky130_fd_sc_hd__clkinv_8)
                  0.11    0.13   18.38 v _21864_/Y (sky130_fd_sc_hd__clkinv_8)
     5    0.09                           soc.core.VexRiscv.memory_arbitration_haltItself (net)
                  0.11    0.01   18.39 v fanout1164/A (sky130_fd_sc_hd__buf_12)
                  0.11    0.22   18.61 v fanout1164/X (sky130_fd_sc_hd__buf_12)
    18    0.19                           net1164 (net)
                  0.12    0.02   18.63 v _21908_/C1 (sky130_fd_sc_hd__a211oi_2)
                  0.22    0.23   18.86 ^ _21908_/Y (sky130_fd_sc_hd__a211oi_2)
     1    0.01                           _11253_ (net)
                  0.22    0.00   18.86 ^ wire762/A (sky130_fd_sc_hd__clkbuf_4)
                  0.10    0.24   19.10 ^ wire762/X (sky130_fd_sc_hd__clkbuf_4)
     2    0.03                           net762 (net)
                  0.10    0.00   19.10 ^ fanout753/A (sky130_fd_sc_hd__buf_12)
                  0.17    0.20   19.30 ^ fanout753/X (sky130_fd_sc_hd__buf_12)
     9    0.14                           net753 (net)
                  0.18    0.03   19.33 ^ fanout750/A (sky130_fd_sc_hd__buf_12)
                  0.20    0.26   19.58 ^ fanout750/X (sky130_fd_sc_hd__buf_12)
    17    0.17                           net750 (net)
                  0.20    0.00   19.59 ^ _22006_/A (sky130_fd_sc_hd__and3_4)
                  0.18    0.35   19.94 ^ _22006_/X (sky130_fd_sc_hd__and3_4)
     4    0.06                           _11335_ (net)
                  0.18    0.00   19.94 ^ _22007_/A (sky130_fd_sc_hd__clkinv_16)
                  0.18    0.19   20.12 v _22007_/Y (sky130_fd_sc_hd__clkinv_16)
    17    0.25                           _05066_ (net)
                  0.19    0.04   20.17 v _17684_/S (sky130_fd_sc_hd__mux2_8)
                  0.10    0.37   20.54 ^ _17684_/X (sky130_fd_sc_hd__mux2_8)
     1    0.05                           _01388_ (net)
                  0.10    0.01   20.55 ^ wire641/A (sky130_fd_sc_hd__buf_12)
                  0.13    0.19   20.73 ^ wire641/X (sky130_fd_sc_hd__buf_12)
     4    0.11                           net641 (net)
                  0.13    0.01   20.74 ^ fanout640/A (sky130_fd_sc_hd__buf_12)
                  0.24    0.24   20.98 ^ fanout640/X (sky130_fd_sc_hd__buf_12)
    13    0.21                           net640 (net)
                  0.27    0.06   21.04 ^ fanout630/A (sky130_fd_sc_hd__buf_12)
                  0.17    0.25   21.30 ^ fanout630/X (sky130_fd_sc_hd__buf_12)
    13    0.14                           net630 (net)
                  0.17    0.01   21.30 ^ fanout627/A (sky130_fd_sc_hd__buf_12)
                  0.15    0.22   21.53 ^ fanout627/X (sky130_fd_sc_hd__buf_12)
    18    0.13                           net627 (net)
                  0.15    0.01   21.53 ^ fanout626/A (sky130_fd_sc_hd__buf_12)
                  0.18    0.24   21.77 ^ fanout626/X (sky130_fd_sc_hd__buf_12)
    18    0.15                           net626 (net)
                  0.18    0.01   21.78 ^ _17691_/S (sky130_fd_sc_hd__mux2_1)
                  0.10    0.41   22.19 v _17691_/X (sky130_fd_sc_hd__mux2_1)
     1    0.01                           _01399_ (net)
                  0.10    0.00   22.19 v _17692_/A0 (sky130_fd_sc_hd__mux2_2)
                  0.08    0.33   22.52 v _17692_/X (sky130_fd_sc_hd__mux2_2)
     1    0.01                           _01400_ (net)
                  0.08    0.00   22.52 v _17693_/A0 (sky130_fd_sc_hd__mux2_1)
                  0.12    0.38   22.90 v _17693_/X (sky130_fd_sc_hd__mux2_1)
     1    0.02                           _01401_ (net)
                  0.12    0.00   22.90 v _17702_/A1 (sky130_fd_sc_hd__mux2_1)
                  0.10    0.39   23.29 v _17702_/X (sky130_fd_sc_hd__mux2_1)
     1    0.01                           _01412_ (net)
                  0.10    0.00   23.29 v _17719_/A1 (sky130_fd_sc_hd__mux2_4)
                  0.08    0.33   23.62 v _17719_/X (sky130_fd_sc_hd__mux2_4)
     1    0.03                           _00059_ (net)
                  0.08    0.00   23.62 v _35053_/D (sky130_fd_sc_hd__dfxtp_2)
                                 23.62   data arrival time

                         25.00   25.00   clock clk (rise edge)
                          0.00   25.00   clock source latency
                  0.27    0.00   25.00 ^ clock_ctrl/core_clk (caravel_clocking)
     1    0.27                           mgmt_buffers.caravel_clk (net)
                  0.27    0.00   25.00 ^ clkbuf_0_mgmt_buffers.caravel_clk/A (sky130_fd_sc_hd__clkbuf_16)
                  0.05    0.20   25.20 ^ clkbuf_0_mgmt_buffers.caravel_clk/X (sky130_fd_sc_hd__clkbuf_16)
     2    0.03                           clknet_0_mgmt_buffers.caravel_clk (net)
                  0.05    0.00   25.20 ^ clkbuf_1_0_0_mgmt_buffers.caravel_clk/A (sky130_fd_sc_hd__clkbuf_8)
                  0.07    0.14   25.35 ^ clkbuf_1_0_0_mgmt_buffers.caravel_clk/X (sky130_fd_sc_hd__clkbuf_8)
     1    0.03                           clknet_1_0_0_mgmt_buffers.caravel_clk (net)
                  0.07    0.00   25.35 ^ clkbuf_1_0_1_mgmt_buffers.caravel_clk/A (sky130_fd_sc_hd__clkbuf_8)
                  0.07    0.15   25.50 ^ clkbuf_1_0_1_mgmt_buffers.caravel_clk/X (sky130_fd_sc_hd__clkbuf_8)
     1    0.03                           clknet_1_0_1_mgmt_buffers.caravel_clk (net)
                  0.07    0.00   25.50 ^ clkbuf_1_0_2_mgmt_buffers.caravel_clk/A (sky130_fd_sc_hd__clkbuf_8)
                  0.06    0.14   25.64 ^ clkbuf_1_0_2_mgmt_buffers.caravel_clk/X (sky130_fd_sc_hd__clkbuf_8)
     1    0.03                           clknet_1_0_2_mgmt_buffers.caravel_clk (net)
                  0.06    0.00   25.65 ^ clkbuf_1_0_3_mgmt_buffers.caravel_clk/A (sky130_fd_sc_hd__clkbuf_8)
                  0.06    0.14   25.78 ^ clkbuf_1_0_3_mgmt_buffers.caravel_clk/X (sky130_fd_sc_hd__clkbuf_8)
     1    0.02                           clknet_1_0_3_mgmt_buffers.caravel_clk (net)
                  0.06    0.00   25.78 ^ clkbuf_1_0_4_mgmt_buffers.caravel_clk/A (sky130_fd_sc_hd__clkbuf_8)
                  0.06    0.14   25.92 ^ clkbuf_1_0_4_mgmt_buffers.caravel_clk/X (sky130_fd_sc_hd__clkbuf_8)
     1    0.03                           clknet_1_0_4_mgmt_buffers.caravel_clk (net)
                  0.06    0.00   25.92 ^ clkbuf_1_0_5_mgmt_buffers.caravel_clk/A (sky130_fd_sc_hd__clkbuf_8)
                  0.06    0.14   26.07 ^ clkbuf_1_0_5_mgmt_buffers.caravel_clk/X (sky130_fd_sc_hd__clkbuf_8)
     2    0.03                           clknet_1_0_5_mgmt_buffers.caravel_clk (net)
                  0.06    0.00   26.07 ^ clkbuf_2_1_0_mgmt_buffers.caravel_clk/A (sky130_fd_sc_hd__clkbuf_8)
                  0.06    0.14   26.21 ^ clkbuf_2_1_0_mgmt_buffers.caravel_clk/X (sky130_fd_sc_hd__clkbuf_8)
     1    0.03                           clknet_2_1_0_mgmt_buffers.caravel_clk (net)
                  0.06    0.00   26.21 ^ clkbuf_2_1_1_mgmt_buffers.caravel_clk/A (sky130_fd_sc_hd__clkbuf_8)
                  0.07    0.15   26.36 ^ clkbuf_2_1_1_mgmt_buffers.caravel_clk/X (sky130_fd_sc_hd__clkbuf_8)
     2    0.03                           clknet_2_1_1_mgmt_buffers.caravel_clk (net)
                  0.07    0.00   26.37 ^ clkbuf_3_3_0_mgmt_buffers.caravel_clk/A (sky130_fd_sc_hd__clkbuf_8)
                  0.06    0.14   26.51 ^ clkbuf_3_3_0_mgmt_buffers.caravel_clk/X (sky130_fd_sc_hd__clkbuf_8)
     1    0.02                           clknet_3_3_0_mgmt_buffers.caravel_clk (net)
                  0.06    0.00   26.51 ^ clkbuf_3_3_1_mgmt_buffers.caravel_clk/A (sky130_fd_sc_hd__clkbuf_8)
                  0.06    0.14   26.65 ^ clkbuf_3_3_1_mgmt_buffers.caravel_clk/X (sky130_fd_sc_hd__clkbuf_8)
     1    0.02                           clknet_3_3_1_mgmt_buffers.caravel_clk (net)
                  0.06    0.00   26.65 ^ clkbuf_3_3_2_mgmt_buffers.caravel_clk/A (sky130_fd_sc_hd__clkbuf_8)
                  0.06    0.14   26.79 ^ clkbuf_3_3_2_mgmt_buffers.caravel_clk/X (sky130_fd_sc_hd__clkbuf_8)
     2    0.03                           clknet_3_3_2_mgmt_buffers.caravel_clk (net)
                  0.06    0.00   26.79 ^ clkbuf_4_6_0_mgmt_buffers.caravel_clk/A (sky130_fd_sc_hd__clkbuf_8)
                  0.05    0.13   26.92 ^ clkbuf_4_6_0_mgmt_buffers.caravel_clk/X (sky130_fd_sc_hd__clkbuf_8)
     1    0.02                           clknet_4_6_0_mgmt_buffers.caravel_clk (net)
                  0.05    0.00   26.92 ^ clkbuf_4_6_1_mgmt_buffers.caravel_clk/A (sky130_fd_sc_hd__clkbuf_8)
                  0.08    0.15   27.07 ^ clkbuf_4_6_1_mgmt_buffers.caravel_clk/X (sky130_fd_sc_hd__clkbuf_8)
     2    0.04                           clknet_4_6_1_mgmt_buffers.caravel_clk (net)
                  0.08    0.00   27.07 ^ clkbuf_5_13_0_mgmt_buffers.caravel_clk/A (sky130_fd_sc_hd__clkbuf_8)
                  0.09    0.17   27.24 ^ clkbuf_5_13_0_mgmt_buffers.caravel_clk/X (sky130_fd_sc_hd__clkbuf_8)
     2    0.05                           clknet_5_13_0_mgmt_buffers.caravel_clk (net)
                  0.09    0.00   27.25 ^ clkbuf_6_27__f_mgmt_buffers.caravel_clk/A (sky130_fd_sc_hd__clkbuf_16)
                  0.18    0.24   27.48 ^ clkbuf_6_27__f_mgmt_buffers.caravel_clk/X (sky130_fd_sc_hd__clkbuf_16)
    13    0.17                           clknet_6_27__leaf_mgmt_buffers.caravel_clk (net)
                  0.18    0.01   27.49 ^ _35053_/CLK (sky130_fd_sc_hd__dfxtp_2)
                         -0.10   27.39   clock uncertainty
                          0.11   27.50   clock reconvergence pessimism
                         -0.10   27.40   library setup time
                                 27.40   data required time
-----------------------------------------------------------------------------
                                 27.40   data required time
                                -23.62   data arrival time
-----------------------------------------------------------------------------
                                  3.78   slack (MET)


Startpoint: _38807_ (rising edge-triggered flip-flop clocked by hk_serial_clk)
Endpoint: _38808_ (rising edge-triggered flip-flop clocked by hk_serial_clk')
Path Group: hk_serial_clk
Path Type: max

Fanout     Cap    Slew   Delay    Time   Description
-----------------------------------------------------------------------------
                          0.00    0.00   clock hk_serial_clk (rise edge)
                          0.00    0.00   clock source latency
                  0.27    0.00    0.00 ^ housekeeping/serial_clock (housekeeping)
     2    0.24                           gpio_control_bidir_1[0].serial_clock (net)
                  0.27    0.00    0.00 ^ fanout2253/A (sky130_fd_sc_hd__buf_6)
                  0.08    0.19    0.19 ^ fanout2253/X (sky130_fd_sc_hd__buf_6)
     3    0.04                           net2253 (net)
                  0.08    0.01    0.20 ^ max_length1206/A (sky130_fd_sc_hd__buf_12)
                  0.20    0.19    0.39 ^ max_length1206/X (sky130_fd_sc_hd__buf_12)
     2    0.19                           net3712 (net)
                  0.20    0.01    0.40 ^ gpio_control_bidir_1[0].BUF[2]/A (sky130_fd_sc_hd__clkbuf_8)
                  0.17    0.28    0.68 ^ gpio_control_bidir_1[0].BUF[2]/X (sky130_fd_sc_hd__clkbuf_8)
    15    0.10                           gpio_control_bidir_1[0].serial_clock_out (net)
                  0.18    0.02    0.70 ^ gpio_control_bidir_1[1].BUF[2]/A (sky130_fd_sc_hd__clkbuf_8)
                  0.15    0.26    0.95 ^ gpio_control_bidir_1[1].BUF[2]/X (sky130_fd_sc_hd__clkbuf_8)
    15    0.08                           gpio_control_bidir_1[1].serial_clock_out (net)
                  0.15    0.02    0.97 ^ gpio_control_in_1a[0].BUF[2]/A (sky130_fd_sc_hd__clkbuf_8)
                  0.16    0.25    1.22 ^ gpio_control_in_1a[0].BUF[2]/X (sky130_fd_sc_hd__clkbuf_8)
    15    0.09                           gpio_control_in_1a[0].serial_clock_out (net)
                  0.16    0.02    1.24 ^ gpio_control_in_1a[1].BUF[2]/A (sky130_fd_sc_hd__clkbuf_8)
                  0.13    0.24    1.48 ^ gpio_control_in_1a[1].BUF[2]/X (sky130_fd_sc_hd__clkbuf_8)
    15    0.07                           gpio_control_in_1a[1].serial_clock_out (net)
                  0.14    0.01    1.49 ^ gpio_control_in_1a[2].BUF[2]/A (sky130_fd_sc_hd__clkbuf_8)
                  0.13    0.23    1.72 ^ gpio_control_in_1a[2].BUF[2]/X (sky130_fd_sc_hd__clkbuf_8)
    15    0.07                           gpio_control_in_1a[2].serial_clock_out (net)
                  0.14    0.01    1.73 ^ gpio_control_in_1a[3].BUF[2]/A (sky130_fd_sc_hd__clkbuf_8)
                  0.22    0.28    2.02 ^ gpio_control_in_1a[3].BUF[2]/X (sky130_fd_sc_hd__clkbuf_8)
    15    0.12                           gpio_control_in_1a[3].serial_clock_out (net)
                  0.23    0.04    2.05 ^ gpio_control_in_1a[4].BUF[2]/A (sky130_fd_sc_hd__clkbuf_8)
                  0.24    0.31    2.37 ^ gpio_control_in_1a[4].BUF[2]/X (sky130_fd_sc_hd__clkbuf_8)
    15    0.13                           gpio_control_in_1a[4].serial_clock_out (net)
                  0.25    0.05    2.41 ^ gpio_control_in_1a[5].BUF[2]/A (sky130_fd_sc_hd__buf_12)
                  0.12    0.20    2.62 ^ gpio_control_in_1a[5].BUF[2]/X (sky130_fd_sc_hd__buf_12)
    15    0.09                           gpio_control_in_1[0].serial_clock (net)
                  0.12    0.02    2.64 ^ gpio_control_in_1[0].BUF[2]/A (sky130_fd_sc_hd__clkbuf_8)
                  0.14    0.24    2.88 ^ gpio_control_in_1[0].BUF[2]/X (sky130_fd_sc_hd__clkbuf_8)
    15    0.08                           gpio_control_in_1[0].serial_clock_out (net)
                  0.15    0.01    2.89 ^ gpio_control_in_1[1].BUF[2]/A (sky130_fd_sc_hd__clkbuf_8)
                  0.14    0.24    3.13 ^ gpio_control_in_1[1].BUF[2]/X (sky130_fd_sc_hd__clkbuf_8)
    15    0.08                           gpio_control_in_1[1].serial_clock_out (net)
                  0.15    0.01    3.14 ^ gpio_control_in_1[2].BUF[2]/A (sky130_fd_sc_hd__clkbuf_8)
                  0.16    0.25    3.40 ^ gpio_control_in_1[2].BUF[2]/X (sky130_fd_sc_hd__clkbuf_8)
    15    0.09                           gpio_control_in_1[2].serial_clock_out (net)
                  0.16    0.02    3.41 ^ gpio_control_in_1[3].BUF[2]/A (sky130_fd_sc_hd__clkbuf_8)
                  0.18    0.27    3.68 ^ gpio_control_in_1[3].BUF[2]/X (sky130_fd_sc_hd__clkbuf_8)
    15    0.10                           gpio_control_in_1[3].serial_clock_out (net)
                  0.18    0.02    3.70 ^ gpio_control_in_1[4].BUF[2]/A (sky130_fd_sc_hd__clkbuf_8)
                  0.17    0.27    3.97 ^ gpio_control_in_1[4].BUF[2]/X (sky130_fd_sc_hd__clkbuf_8)
    15    0.10                           gpio_control_in_1[4].serial_clock_out (net)
                  0.18    0.03    4.00 ^ gpio_control_in_1[5].BUF[2]/A (sky130_fd_sc_hd__clkbuf_8)
                  0.15    0.26    4.25 ^ gpio_control_in_1[5].BUF[2]/X (sky130_fd_sc_hd__clkbuf_8)
    15    0.08                           gpio_control_in_1[5].serial_clock_out (net)
                  0.16    0.02    4.27 ^ gpio_control_in_1[6].BUF[2]/A (sky130_fd_sc_hd__clkbuf_8)
                  0.22    0.29    4.56 ^ gpio_control_in_1[6].BUF[2]/X (sky130_fd_sc_hd__clkbuf_8)
    15    0.12                           gpio_control_in_1[6].serial_clock_out (net)
                  0.22    0.03    4.59 ^ gpio_control_in_1[7].BUF[2]/A (sky130_fd_sc_hd__clkbuf_8)
                  0.19    0.29    4.88 ^ gpio_control_in_1[7].BUF[2]/X (sky130_fd_sc_hd__clkbuf_8)
    15    0.10                           gpio_control_in_1[7].serial_clock_out (net)
                  0.19    0.02    4.90 ^ _38807_/CLK (sky130_fd_sc_hd__dfrtp_4)
                  0.07    0.56    5.46 v _38807_/Q (sky130_fd_sc_hd__dfrtp_4)
     2    0.02                           gpio_control_in_1[8].shift_register[12] (net)
                  0.07    0.00    5.46 v _38808_/D (sky130_fd_sc_hd__dfrtp_2)
                                  5.46   data arrival time

                         25.00   25.00   clock hk_serial_clk' (rise edge)
                          0.00   25.00   clock source latency
                  0.12    0.00   25.00 v housekeeping/serial_clock (housekeeping)
     2    0.24                           gpio_control_bidir_1[0].serial_clock (net)
                  0.12    0.00   25.00 v fanout2253/A (sky130_fd_sc_hd__buf_6)
                  0.05    0.16   25.16 v fanout2253/X (sky130_fd_sc_hd__buf_6)
     3    0.04                           net2253 (net)
                  0.05    0.01   25.17 v max_length1206/A (sky130_fd_sc_hd__buf_12)
                  0.08    0.15   25.32 v max_length1206/X (sky130_fd_sc_hd__buf_12)
     2    0.19                           net3712 (net)
                  0.08    0.01   25.32 v gpio_control_bidir_1[0].BUF[2]/A (sky130_fd_sc_hd__clkbuf_8)
                  0.11    0.21   25.53 v gpio_control_bidir_1[0].BUF[2]/X (sky130_fd_sc_hd__clkbuf_8)
    15    0.09                           gpio_control_bidir_1[0].serial_clock_out (net)
                  0.11    0.02   25.55 v gpio_control_bidir_1[1].BUF[2]/A (sky130_fd_sc_hd__clkbuf_8)
                  0.09    0.21   25.76 v gpio_control_bidir_1[1].BUF[2]/X (sky130_fd_sc_hd__clkbuf_8)
    15    0.08                           gpio_control_bidir_1[1].serial_clock_out (net)
                  0.10    0.01   25.77 v gpio_control_in_1a[0].BUF[2]/A (sky130_fd_sc_hd__clkbuf_8)
                  0.10    0.21   25.98 v gpio_control_in_1a[0].BUF[2]/X (sky130_fd_sc_hd__clkbuf_8)
    15    0.08                           gpio_control_in_1a[0].serial_clock_out (net)
                  0.10    0.02   26.00 v gpio_control_in_1a[1].BUF[2]/A (sky130_fd_sc_hd__clkbuf_8)
                  0.09    0.20   26.20 v gpio_control_in_1a[1].BUF[2]/X (sky130_fd_sc_hd__clkbuf_8)
    15    0.07                           gpio_control_in_1a[1].serial_clock_out (net)
                  0.09    0.01   26.21 v gpio_control_in_1a[2].BUF[2]/A (sky130_fd_sc_hd__clkbuf_8)
                  0.09    0.20   26.40 v gpio_control_in_1a[2].BUF[2]/X (sky130_fd_sc_hd__clkbuf_8)
    15    0.07                           gpio_control_in_1a[2].serial_clock_out (net)
                  0.09    0.01   26.41 v gpio_control_in_1a[3].BUF[2]/A (sky130_fd_sc_hd__clkbuf_8)
                  0.13    0.22   26.63 v gpio_control_in_1a[3].BUF[2]/X (sky130_fd_sc_hd__clkbuf_8)
    15    0.12                           gpio_control_in_1a[3].serial_clock_out (net)
                  0.15    0.03   26.67 v gpio_control_in_1a[4].BUF[2]/A (sky130_fd_sc_hd__clkbuf_8)
                  0.14    0.25   26.91 v gpio_control_in_1a[4].BUF[2]/X (sky130_fd_sc_hd__clkbuf_8)
    15    0.13                           gpio_control_in_1a[4].serial_clock_out (net)
                  0.17    0.04   26.95 v gpio_control_in_1a[5].BUF[2]/A (sky130_fd_sc_hd__buf_12)
                  0.06    0.20   27.15 v gpio_control_in_1a[5].BUF[2]/X (sky130_fd_sc_hd__buf_12)
    15    0.09                           gpio_control_in_1[0].serial_clock (net)
                  0.07    0.02   27.17 v gpio_control_in_1[0].BUF[2]/A (sky130_fd_sc_hd__clkbuf_8)
                  0.09    0.19   27.36 v gpio_control_in_1[0].BUF[2]/X (sky130_fd_sc_hd__clkbuf_8)
    15    0.08                           gpio_control_in_1[0].serial_clock_out (net)
                  0.09    0.01   27.37 v gpio_control_in_1[1].BUF[2]/A (sky130_fd_sc_hd__clkbuf_8)
                  0.09    0.20   27.57 v gpio_control_in_1[1].BUF[2]/X (sky130_fd_sc_hd__clkbuf_8)
    15    0.08                           gpio_control_in_1[1].serial_clock_out (net)
                  0.09    0.01   27.58 v gpio_control_in_1[2].BUF[2]/A (sky130_fd_sc_hd__clkbuf_8)
                  0.10    0.21   27.79 v gpio_control_in_1[2].BUF[2]/X (sky130_fd_sc_hd__clkbuf_8)
    15    0.09                           gpio_control_in_1[2].serial_clock_out (net)
                  0.10    0.02   27.81 v gpio_control_in_1[3].BUF[2]/A (sky130_fd_sc_hd__clkbuf_8)
                  0.11    0.22   28.02 v gpio_control_in_1[3].BUF[2]/X (sky130_fd_sc_hd__clkbuf_8)
    15    0.10                           gpio_control_in_1[3].serial_clock_out (net)
                  0.11    0.02   28.04 v gpio_control_in_1[4].BUF[2]/A (sky130_fd_sc_hd__clkbuf_8)
                  0.11    0.22   28.26 v gpio_control_in_1[4].BUF[2]/X (sky130_fd_sc_hd__clkbuf_8)
    15    0.09                           gpio_control_in_1[4].serial_clock_out (net)
                  0.11    0.02   28.28 v gpio_control_in_1[5].BUF[2]/A (sky130_fd_sc_hd__clkbuf_8)
                  0.09    0.21   28.50 v gpio_control_in_1[5].BUF[2]/X (sky130_fd_sc_hd__clkbuf_8)
    15    0.08                           gpio_control_in_1[5].serial_clock_out (net)
                  0.10    0.02   28.51 v gpio_control_in_1[6].BUF[2]/A (sky130_fd_sc_hd__clkbuf_8)
                  0.13    0.23   28.74 v gpio_control_in_1[6].BUF[2]/X (sky130_fd_sc_hd__clkbuf_8)
    15    0.12                           gpio_control_in_1[6].serial_clock_out (net)
                  0.14    0.03   28.77 v gpio_control_in_1[7].BUF[2]/A (sky130_fd_sc_hd__clkbuf_8)
                  0.11    0.24   29.00 v gpio_control_in_1[7].BUF[2]/X (sky130_fd_sc_hd__clkbuf_8)
    15    0.10                           gpio_control_in_1[7].serial_clock_out (net)
                  0.12    0.02   29.02 v _21429_/A (sky130_fd_sc_hd__clkinv_4)
                  0.04    0.06   29.09 ^ _21429_/Y (sky130_fd_sc_hd__clkinv_4)
     1    0.01                           _06358_ (net)
                  0.04    0.00   29.09 ^ _38808_/CLK (sky130_fd_sc_hd__dfrtp_2)
                         -0.10   28.99   clock uncertainty
                          0.31   29.30   clock reconvergence pessimism
                         -0.13   29.17   library setup time
                                 29.17   data required time
-----------------------------------------------------------------------------
                                 29.17   data required time
                                 -5.46   data arrival time
-----------------------------------------------------------------------------
                                 23.70   slack (MET)



===========================================================================
report_checks --slack_max -0.01
============================================================================
No paths found.
