
===========================================================================
report_parasitic_annotation -report_unannotated
============================================================================
Found 720 unannotated nets.
 _16003_
 _16004_
 _16005_
 _16006_
 _16007_
 _16008_
 _16009_
 _16010_
 _16011_
 _16012_
 _16013_
 _16014_
 _16015_
 _16016_
 _16017_
 _16018_
 _16019_
 _16020_
 _16021_
 _16022_
 _16023_
 _16024_
 _16025_
 _16026_
 _16027_
 _16028_
 _16029_
 _16030_
 _16031_
 _16032_
 _16033_
 _16034_
 _16035_
 _16036_
 _16037_
 _16038_
 _16039_
 _16040_
 _16041_
 _16042_
 _16043_
 _16044_
 _16045_
 _16046_
 _16047_
 _16048_
 _16049_
 _16050_
 _16051_
 _16052_
 _16053_
 _16054_
 _16055_
 _16056_
 _16057_
 _16058_
 _16059_
 _16060_
 _16061_
 _16062_
 _16063_
 _16064_
 _16065_
 _16066_
 _16067_
 _16068_
 _16069_
 _16070_
 _16071_
 _16072_
 _16073_
 _16074_
 _16075_
 _16076_
 _16077_
 _16078_
 _16079_
 _16080_
 _16081_
 _16082_
 _16083_
 _16084_
 _16085_
 _16086_
 _16087_
 _16088_
 _16089_
 _16090_
 _16091_
 _16092_
 _16093_
 _16094_
 _16095_
 _16096_
 _16097_
 _16098_
 _16099_
 _16100_
 _16101_
 _16102_
 _16103_
 _16104_
 _16105_
 _16106_
 _16107_
 _16108_
 _16109_
 _16110_
 _16111_
 _16112_
 _16113_
 _16114_
 _16115_
 _16116_
 _16117_
 _16118_
 _16119_
 _16120_
 _16121_
 _16122_
 _16123_
 _16124_
 _16125_
 _16126_
 _16127_
 _16128_
 _16129_
 _16130_
 _16131_
 _16132_
 _16133_
 _16134_
 _16135_
 _16136_
 _16137_
 _16138_
 _16139_
 _16140_
 _16141_
 _16142_
 _16143_
 _16144_
 _16145_
 _16146_
 _16147_
 _16148_
 _16149_
 _16150_
 _16151_
 _16152_
 _16153_
 _16154_
 _16155_
 _16156_
 _16157_
 _16158_
 _16159_
 _16160_
 _16161_
 _16162_
 _16163_
 _16164_
 _16165_
 _16166_
 _16167_
 _16168_
 _16169_
 _16170_
 _16171_
 _16172_
 _16173_
 _16174_
 _16175_
 _16176_
 _16177_
 _16178_
 _16179_
 _16180_
 _16181_
 _16182_
 _16183_
 _16184_
 _16185_
 _16186_
 _16187_
 _16188_
 _16189_
 _16190_
 _16191_
 _16192_
 _16193_
 _16194_
 _16195_
 _16196_
 _16197_
 _16198_
 _16199_
 _16200_
 _16201_
 _16202_
 _16203_
 _16204_
 _16205_
 _16206_
 _16207_
 _16208_
 _16209_
 _16210_
 _16211_
 _16212_
 _16213_
 _16214_
 _16215_
 _16216_
 _16217_
 _16218_
 _16219_
 _16220_
 _16221_
 _16222_
 _16223_
 _16224_
 _16225_
 _16226_
 _16227_
 _16228_
 _16229_
 _16230_
 _16231_
 _16232_
 _16233_
 _16234_
 _16235_
 _16236_
 _16237_
 _16238_
 _16239_
 _16240_
 _16241_
 _16242_
 _16243_
 _16244_
 _16245_
 _16246_
 _16247_
 _16248_
 _16249_
 _16250_
 _16251_
 _16252_
 _16253_
 _16254_
 _16255_
 _16256_
 _16257_
 _16258_
 _16259_
 _16260_
 _16261_
 _16262_
 _16263_
 _16264_
 _16265_
 _16266_
 _16267_
 _16268_
 _16269_
 _16270_
 _16271_
 _16272_
 _16273_
 _16274_
 _16275_
 _16276_
 _16277_
 _16278_
 _16279_
 _16280_
 _16281_
 _16282_
 _16283_
 _16284_
 _16285_
 _16286_
 _16287_
 _16288_
 _16289_
 _16290_
 _16291_
 _16292_
 _16293_
 _16294_
 _16295_
 _16296_
 _16297_
 _16298_
 _16299_
 _16300_
 _16301_
 _16302_
 _16303_
 _16304_
 _16305_
 _16306_
 _16307_
 _16308_
 _16309_
 _16310_
 _16311_
 _16312_
 _16313_
 _16314_
 _16315_
 _16316_
 _16317_
 _16318_
 _16319_
 _16320_
 _16321_
 _16322_
 _16323_
 _16324_
 _16325_
 _16326_
 _16327_
 _16328_
 _16329_
 _16330_
 _16331_
 _16332_
 _16333_
 _16334_
 _16335_
 _16336_
 _16337_
 _16338_
 _16339_
 _16340_
 _16341_
 _16342_
 _16343_
 _16344_
 _16345_
 _16346_
 _16347_
 _16348_
 _16349_
 _16350_
 _16351_
 _16352_
 _16353_
 _16354_
 _16355_
 _16356_
 _16357_
 _16358_
 _16359_
 _16360_
 _16361_
 _16362_
 _16363_
 _16364_
 _16365_
 _16366_
 _16367_
 _16368_
 _16369_
 _16370_
 _16371_
 _16372_
 _16373_
 _16374_
 _16375_
 _16376_
 _16377_
 _16378_
 _16379_
 _16380_
 _16381_
 _16382_
 _16383_
 _16384_
 _16385_
 _16386_
 _16387_
 _16388_
 _16389_
 _16390_
 _16391_
 _16392_
 _16393_
 _16394_
 _16395_
 _16396_
 _16397_
 _16398_
 _16399_
 _16400_
 _16401_
 _16402_
 _16403_
 _16404_
 _16405_
 _16406_
 _16407_
 _16408_
 _16409_
 _16410_
 _16411_
 _16412_
 _16413_
 _16414_
 _16415_
 _16416_
 _16417_
 _16418_
 _16419_
 _16420_
 _16421_
 _16422_
 _16423_
 _16424_
 _16425_
 _16426_
 _16427_
 _16428_
 _16429_
 _16430_
 _16431_
 _16432_
 _16433_
 _16434_
 _16435_
 _16436_
 _16437_
 _16438_
 _16439_
 _16440_
 _16441_
 _16442_
 _16443_
 _16444_
 _16445_
 _16446_
 _16447_
 _16448_
 _16449_
 _16450_
 _16451_
 _16452_
 _16453_
 _16454_
 _16455_
 _16456_
 _16457_
 _16458_
 _16527_
 _16528_
 _16529_
 _16530_
 _16531_
 _16532_
 _16533_
 _16534_
 _16535_
 _16536_
 _16537_
 _16538_
 _16539_
 _16540_
 _16541_
 _16542_
 _16543_
 _16544_
 _16545_
 _16546_
 _16547_
 _16548_
 _16549_
 _16550_
 _16551_
 _16552_
 _16553_
 _16554_
 _16555_
 _16556_
 _16557_
 _16558_
 _16559_
 _16560_
 _16561_
 _16562_
 _16563_
 _16564_
 _16565_
 _16566_
 _16567_
 _16568_
 _16569_
 _16570_
 _16571_
 _16572_
 _16573_
 _16574_
 gpio_control_in_1\[10\].resetn_out
 gpio_control_in_1\[10\].serial_clock_out
 gpio_control_in_1\[10\].serial_load_out
 gpio_control_in_2\[0\].resetn_out
 gpio_control_in_2\[0\].serial_clock_out
 gpio_control_in_2\[0\].serial_load_out
 mgmt_buffers.mprj_logic1\[10\]
 mgmt_buffers.mprj_logic1\[11\]
 mgmt_io_oeb_hk\[10\]
 mgmt_io_oeb_hk\[11\]
 mgmt_io_oeb_hk\[12\]
 mgmt_io_oeb_hk\[13\]
 mgmt_io_oeb_hk\[14\]
 mgmt_io_oeb_hk\[15\]
 mgmt_io_oeb_hk\[16\]
 mgmt_io_oeb_hk\[17\]
 mgmt_io_oeb_hk\[18\]
 mgmt_io_oeb_hk\[19\]
 mgmt_io_oeb_hk\[20\]
 mgmt_io_oeb_hk\[21\]
 mgmt_io_oeb_hk\[22\]
 mgmt_io_oeb_hk\[23\]
 mgmt_io_oeb_hk\[24\]
 mgmt_io_oeb_hk\[25\]
 mgmt_io_oeb_hk\[26\]
 mgmt_io_oeb_hk\[27\]
 mgmt_io_oeb_hk\[28\]
 mgmt_io_oeb_hk\[29\]
 mgmt_io_oeb_hk\[2\]
 mgmt_io_oeb_hk\[30\]
 mgmt_io_oeb_hk\[31\]
 mgmt_io_oeb_hk\[32\]
 mgmt_io_oeb_hk\[33\]
 mgmt_io_oeb_hk\[34\]
 mgmt_io_oeb_hk\[3\]
 mgmt_io_oeb_hk\[4\]
 mgmt_io_oeb_hk\[5\]
 mgmt_io_oeb_hk\[6\]
 mgmt_io_oeb_hk\[7\]
 mgmt_io_oeb_hk\[8\]
 mgmt_io_oeb_hk\[9\]
 pwr_ctrl_nc\[0\]
 pwr_ctrl_nc\[1\]
 pwr_ctrl_nc\[2\]
 pwr_ctrl_nc\[3\]
 soc.core.flash_io0_di
 soc.core.flash_io2_di
 soc.core.flash_io3_di
 spare_xfq_nc\[0\]
 spare_xfq_nc\[1\]
 spare_xfq_nc\[2\]
 spare_xfq_nc\[3\]
 spare_xfq_nc\[4\]
 spare_xfq_nc\[5\]
 spare_xfq_nc\[6\]
 spare_xfq_nc\[7\]
 spare_xfqn_nc\[0\]
 spare_xfqn_nc\[1\]
 spare_xfqn_nc\[2\]
 spare_xfqn_nc\[3\]
 spare_xfqn_nc\[4\]
 spare_xfqn_nc\[5\]
 spare_xfqn_nc\[6\]
 spare_xfqn_nc\[7\]
 spare_xi_nc\[0\]
 spare_xi_nc\[10\]
 spare_xi_nc\[11\]
 spare_xi_nc\[12\]
 spare_xi_nc\[13\]
 spare_xi_nc\[14\]
 spare_xi_nc\[15\]
 spare_xi_nc\[1\]
 spare_xi_nc\[2\]
 spare_xi_nc\[3\]
 spare_xi_nc\[4\]
 spare_xi_nc\[5\]
 spare_xi_nc\[6\]
 spare_xi_nc\[7\]
 spare_xi_nc\[8\]
 spare_xi_nc\[9\]
 spare_xib_nc\[0\]
 spare_xib_nc\[1\]
 spare_xib_nc\[2\]
 spare_xib_nc\[3\]
 spare_xmx_nc\[0\]
 spare_xmx_nc\[1\]
 spare_xmx_nc\[2\]
 spare_xmx_nc\[3\]
 spare_xmx_nc\[4\]
 spare_xmx_nc\[5\]
 spare_xmx_nc\[6\]
 spare_xmx_nc\[7\]
 spare_xna_nc\[0\]
 spare_xna_nc\[1\]
 spare_xna_nc\[2\]
 spare_xna_nc\[3\]
 spare_xna_nc\[4\]
 spare_xna_nc\[5\]
 spare_xna_nc\[6\]
 spare_xna_nc\[7\]
 spare_xno_nc\[0\]
 spare_xno_nc\[1\]
 spare_xno_nc\[2\]
 spare_xno_nc\[3\]
 spare_xno_nc\[4\]
 spare_xno_nc\[5\]
 spare_xno_nc\[6\]
 spare_xno_nc\[7\]
 spare_xz_nc\[0\]
 spare_xz_nc\[100\]
 spare_xz_nc\[101\]
 spare_xz_nc\[102\]
 spare_xz_nc\[103\]
 spare_xz_nc\[104\]
 spare_xz_nc\[105\]
 spare_xz_nc\[106\]
 spare_xz_nc\[107\]
 spare_xz_nc\[10\]
 spare_xz_nc\[11\]
 spare_xz_nc\[12\]
 spare_xz_nc\[13\]
 spare_xz_nc\[14\]
 spare_xz_nc\[15\]
 spare_xz_nc\[16\]
 spare_xz_nc\[17\]
 spare_xz_nc\[18\]
 spare_xz_nc\[19\]
 spare_xz_nc\[1\]
 spare_xz_nc\[20\]
 spare_xz_nc\[21\]
 spare_xz_nc\[22\]
 spare_xz_nc\[23\]
 spare_xz_nc\[24\]
 spare_xz_nc\[25\]
 spare_xz_nc\[26\]
 spare_xz_nc\[27\]
 spare_xz_nc\[28\]
 spare_xz_nc\[29\]
 spare_xz_nc\[2\]
 spare_xz_nc\[30\]
 spare_xz_nc\[31\]
 spare_xz_nc\[32\]
 spare_xz_nc\[33\]
 spare_xz_nc\[34\]
 spare_xz_nc\[35\]
 spare_xz_nc\[36\]
 spare_xz_nc\[37\]
 spare_xz_nc\[38\]
 spare_xz_nc\[39\]
 spare_xz_nc\[3\]
 spare_xz_nc\[40\]
 spare_xz_nc\[41\]
 spare_xz_nc\[42\]
 spare_xz_nc\[43\]
 spare_xz_nc\[44\]
 spare_xz_nc\[45\]
 spare_xz_nc\[46\]
 spare_xz_nc\[47\]
 spare_xz_nc\[48\]
 spare_xz_nc\[49\]
 spare_xz_nc\[4\]
 spare_xz_nc\[50\]
 spare_xz_nc\[51\]
 spare_xz_nc\[52\]
 spare_xz_nc\[53\]
 spare_xz_nc\[54\]
 spare_xz_nc\[55\]
 spare_xz_nc\[56\]
 spare_xz_nc\[57\]
 spare_xz_nc\[58\]
 spare_xz_nc\[59\]
 spare_xz_nc\[5\]
 spare_xz_nc\[60\]
 spare_xz_nc\[61\]
 spare_xz_nc\[62\]
 spare_xz_nc\[63\]
 spare_xz_nc\[64\]
 spare_xz_nc\[65\]
 spare_xz_nc\[66\]
 spare_xz_nc\[67\]
 spare_xz_nc\[68\]
 spare_xz_nc\[69\]
 spare_xz_nc\[6\]
 spare_xz_nc\[70\]
 spare_xz_nc\[71\]
 spare_xz_nc\[72\]
 spare_xz_nc\[73\]
 spare_xz_nc\[74\]
 spare_xz_nc\[75\]
 spare_xz_nc\[76\]
 spare_xz_nc\[77\]
 spare_xz_nc\[78\]
 spare_xz_nc\[79\]
 spare_xz_nc\[7\]
 spare_xz_nc\[80\]
 spare_xz_nc\[81\]
 spare_xz_nc\[82\]
 spare_xz_nc\[83\]
 spare_xz_nc\[84\]
 spare_xz_nc\[85\]
 spare_xz_nc\[86\]
 spare_xz_nc\[87\]
 spare_xz_nc\[88\]
 spare_xz_nc\[89\]
 spare_xz_nc\[8\]
 spare_xz_nc\[90\]
 spare_xz_nc\[91\]
 spare_xz_nc\[92\]
 spare_xz_nc\[93\]
 spare_xz_nc\[94\]
 spare_xz_nc\[95\]
 spare_xz_nc\[96\]
 spare_xz_nc\[97\]
 spare_xz_nc\[98\]
 spare_xz_nc\[99\]
 spare_xz_nc\[9\]
Found 1 partially unannotated nets.
 mgmt_buffers.caravel_clk
  clock_ctrl/core_clk
  clock_ctrl/core_clk
parastic_annotation_check
check_slew

===========================================================================
 report_check_types -max_slew -max_cap -max_fanout -violators
============================================================================
max slew

Pin                                    Limit    Slew   Slack
------------------------------------------------------------
mprj/analog_io[25]                      0.00    1.55   -1.55 (VIOLATED)
mprj/analog_io[26]                      0.00    1.53   -1.53 (VIOLATED)
mprj/analog_io[27]                      0.00    1.52   -1.52 (VIOLATED)
mprj/analog_io[12]                      0.00    1.52   -1.52 (VIOLATED)
mprj/analog_io[28]                      0.00    1.52   -1.52 (VIOLATED)
mprj/analog_io[13]                      0.00    1.52   -1.52 (VIOLATED)
mprj/analog_io[18]                      0.00    1.52   -1.52 (VIOLATED)
mprj/analog_io[19]                      0.00    1.52   -1.52 (VIOLATED)
mprj/analog_io[21]                      0.00    1.51   -1.51 (VIOLATED)
mprj/analog_io[20]                      0.00    1.51   -1.51 (VIOLATED)
mprj/analog_io[14]                      0.00    1.51   -1.51 (VIOLATED)
mprj/analog_io[22]                      0.00    1.51   -1.51 (VIOLATED)
mprj/analog_io[23]                      0.00    1.50   -1.50 (VIOLATED)
mprj/analog_io[11]                      0.00    1.50   -1.50 (VIOLATED)
mprj/analog_io[15]                      0.00    1.50   -1.50 (VIOLATED)
mprj/analog_io[16]                      0.00    1.50   -1.50 (VIOLATED)
mprj/analog_io[9]                       0.00    1.50   -1.50 (VIOLATED)
mprj/analog_io[7]                       0.00    1.50   -1.50 (VIOLATED)
mprj/analog_io[24]                      0.00    1.50   -1.50 (VIOLATED)
mprj/analog_io[10]                      0.00    1.50   -1.50 (VIOLATED)
mprj/analog_io[5]                       0.00    1.49   -1.49 (VIOLATED)
mprj/analog_io[0]                       0.00    1.49   -1.49 (VIOLATED)
mprj/analog_io[17]                      0.00    1.49   -1.49 (VIOLATED)
mprj/analog_io[8]                       0.00    1.49   -1.49 (VIOLATED)
mprj/analog_io[4]                       0.00    1.49   -1.49 (VIOLATED)
mprj/analog_io[6]                       0.00    1.49   -1.49 (VIOLATED)
mprj/analog_io[1]                       0.00    1.49   -1.49 (VIOLATED)
mprj/analog_io[3]                       0.00    1.49   -1.49 (VIOLATED)
mprj/analog_io[2]                       0.00    1.49   -1.49 (VIOLATED)
mprj/wb_clk_i                           0.10    1.11   -1.01 (VIOLATED)
soc.core.RAM128/WE0[2]                  0.00    0.82   -0.82 (VIOLATED)
soc.core.RAM256.BANK128[0].RAM128/A0[6]    0.00    0.77   -0.77 (VIOLATED)
soc.core.RAM256.BANK128[1].RAM128/A0[6]    0.00    0.77   -0.77 (VIOLATED)
soc.core.RAM128/WE0[3]                  0.00    0.75   -0.75 (VIOLATED)
soc.core.RAM128/WE0[1]                  0.00    0.72   -0.72 (VIOLATED)
soc.core.RAM256.BANK128[0].RAM128/A0[4]    0.00    0.64   -0.64 (VIOLATED)
soc.core.RAM256.BANK128[1].RAM128/A0[4]    0.00    0.63   -0.63 (VIOLATED)
mprj/la_data_in[40]                     0.00    0.58   -0.58 (VIOLATED)
soc.core.RAM256.BANK128[0].RAM128/A0[1]    0.00    0.54   -0.54 (VIOLATED)
mprj/la_oenb[99]                        0.00    0.54   -0.54 (VIOLATED)
soc.core.RAM256.BANK128[1].RAM128/A0[1]    0.00    0.53   -0.53 (VIOLATED)
mprj/la_oenb[90]                        0.00    0.53   -0.53 (VIOLATED)
mprj/la_oenb[92]                        0.00    0.52   -0.52 (VIOLATED)
soc.core.RAM256.BANK128[0].RAM128/CLK    0.00    0.52   -0.52 (VIOLATED)
mprj/la_data_in[90]                     0.00    0.50   -0.50 (VIOLATED)
mprj/la_data_in[37]                     0.00    0.50   -0.50 (VIOLATED)
mprj/la_data_in[92]                     0.00    0.50   -0.50 (VIOLATED)
soc.core.RAM128/WE0[0]                  0.00    0.49   -0.49 (VIOLATED)
mprj/la_data_in[88]                     0.00    0.49   -0.49 (VIOLATED)
mprj/la_oenb[83]                        0.00    0.48   -0.48 (VIOLATED)
mprj/la_oenb[88]                        0.00    0.47   -0.47 (VIOLATED)
mprj/la_data_in[91]                     0.00    0.47   -0.47 (VIOLATED)
mprj/la_oenb[96]                        0.00    0.47   -0.47 (VIOLATED)
mprj/la_oenb[89]                        0.00    0.46   -0.46 (VIOLATED)
mprj/wbs_adr_i[31]                      0.00    0.46   -0.46 (VIOLATED)
mprj/la_data_in[83]                     0.00    0.46   -0.46 (VIOLATED)
mprj/la_oenb[75]                        0.00    0.45   -0.45 (VIOLATED)
mprj/la_oenb[80]                        0.00    0.45   -0.45 (VIOLATED)
mgmt_buffers.user_to_mprj_in_gates[125]/A    1.50    1.94   -0.44 (VIOLATED)
mprj/la_oenb[86]                        0.00    0.44   -0.44 (VIOLATED)
mprj/la_data_in[34]                     0.00    0.44   -0.44 (VIOLATED)
mprj/la_oenb[94]                        0.00    0.44   -0.44 (VIOLATED)
mgmt_buffers.user_to_mprj_in_gates[124]/A    1.50    1.94   -0.44 (VIOLATED)
soc.core.RAM256.BANK128[0].RAM128/A0[5]    0.00    0.44   -0.44 (VIOLATED)
mprj/la_oenb[78]                        0.00    0.44   -0.44 (VIOLATED)
mprj/la_data_in[94]                     0.00    0.43   -0.43 (VIOLATED)
soc.core.RAM256.BANK128[1].RAM128/A0[5]    0.00    0.43   -0.43 (VIOLATED)
mprj/la_data_out[125]                   1.50    1.93   -0.43 (VIOLATED)
mprj/la_data_in[82]                     0.00    0.43   -0.43 (VIOLATED)
mprj/la_data_out[124]                   1.50    1.93   -0.43 (VIOLATED)
mprj/la_data_in[35]                     0.00    0.43   -0.43 (VIOLATED)
mprj/la_data_in[1]                      0.00    0.43   -0.43 (VIOLATED)
mgmt_buffers.user_to_mprj_in_gates[126]/A    1.50    1.92   -0.42 (VIOLATED)
ANTENNA_313/DIODE                       1.50    1.92   -0.42 (VIOLATED)
mprj/la_data_in[84]                     0.00    0.42   -0.42 (VIOLATED)
mprj/wbs_dat_i[1]                       0.00    0.42   -0.42 (VIOLATED)
mprj/la_data_in[87]                     0.00    0.42   -0.42 (VIOLATED)
mprj/wbs_dat_i[29]                      0.00    0.42   -0.42 (VIOLATED)
mgmt_buffers.user_to_mprj_in_gates[118]/A    1.50    1.92   -0.42 (VIOLATED)
mprj/la_data_in[89]                     0.00    0.42   -0.42 (VIOLATED)
mprj/la_data_in[93]                     0.00    0.41   -0.41 (VIOLATED)
mprj/wbs_adr_i[21]                      0.00    0.41   -0.41 (VIOLATED)
mgmt_buffers.user_to_mprj_in_gates[117]/A    1.50    1.91   -0.41 (VIOLATED)
mprj/la_data_out[126]                   1.50    1.91   -0.41 (VIOLATED)
mprj/wbs_adr_i[29]                      0.00    0.41   -0.41 (VIOLATED)
mprj/la_data_out[118]                   1.50    1.91   -0.41 (VIOLATED)
mprj/la_data_in[0]                      0.00    0.41   -0.41 (VIOLATED)
mprj/la_data_in[80]                     0.00    0.41   -0.41 (VIOLATED)
mprj/la_data_in[86]                     0.00    0.41   -0.41 (VIOLATED)
mprj/la_oenb[87]                        0.00    0.40   -0.40 (VIOLATED)
mprj/la_data_in[12]                     0.00    0.40   -0.40 (VIOLATED)
mprj/la_data_out[117]                   1.50    1.90   -0.40 (VIOLATED)
wire1314/A                              1.50    1.90   -0.40 (VIOLATED)
ANTENNA_2555/DIODE                      1.50    1.90   -0.40 (VIOLATED)
ANTENNA_2557/DIODE                      1.50    1.90   -0.40 (VIOLATED)
ANTENNA_2558/DIODE                      1.50    1.90   -0.40 (VIOLATED)
ANTENNA_2560/DIODE                      1.50    1.90   -0.40 (VIOLATED)
ANTENNA_2551/DIODE                      1.50    1.90   -0.40 (VIOLATED)
ANTENNA_2553/DIODE                      1.50    1.90   -0.40 (VIOLATED)
ANTENNA_2552/DIODE                      1.50    1.90   -0.40 (VIOLATED)
ANTENNA_2559/DIODE                      1.50    1.90   -0.40 (VIOLATED)
ANTENNA_2554/DIODE                      1.50    1.90   -0.40 (VIOLATED)
ANTENNA_2556/DIODE                      1.50    1.90   -0.40 (VIOLATED)
ANTENNA_2543/DIODE                      1.50    1.90   -0.40 (VIOLATED)
ANTENNA_2544/DIODE                      1.50    1.90   -0.40 (VIOLATED)
ANTENNA_2545/DIODE                      1.50    1.90   -0.40 (VIOLATED)
ANTENNA_2546/DIODE                      1.50    1.90   -0.40 (VIOLATED)
ANTENNA_2547/DIODE                      1.50    1.90   -0.40 (VIOLATED)
ANTENNA_2548/DIODE                      1.50    1.90   -0.40 (VIOLATED)
ANTENNA_2549/DIODE                      1.50    1.90   -0.40 (VIOLATED)
ANTENNA_2550/DIODE                      1.50    1.90   -0.40 (VIOLATED)
soc.core.RAM128/Do0[0]                  1.50    1.90   -0.40 (VIOLATED)
mprj/la_oenb[84]                        0.00    0.40   -0.40 (VIOLATED)
mprj/wbs_dat_i[2]                       0.00    0.40   -0.40 (VIOLATED)
mprj/wbs_adr_i[28]                      0.00    0.40   -0.40 (VIOLATED)
mprj/la_oenb[71]                        0.00    0.39   -0.39 (VIOLATED)
mprj/la_oenb[93]                        0.00    0.39   -0.39 (VIOLATED)
soc.core.RAM128/A0[0]                   0.00    0.39   -0.39 (VIOLATED)
mprj/la_data_in[77]                     0.00    0.39   -0.39 (VIOLATED)
mprj/la_data_in[85]                     0.00    0.39   -0.39 (VIOLATED)
mprj/wbs_dat_i[0]                       0.00    0.39   -0.39 (VIOLATED)
mprj/la_data_in[8]                      0.00    0.39   -0.39 (VIOLATED)
mprj/la_data_in[78]                     0.00    0.39   -0.39 (VIOLATED)
mprj/wbs_adr_i[30]                      0.00    0.38   -0.38 (VIOLATED)
mprj/la_oenb[85]                        0.00    0.38   -0.38 (VIOLATED)
soc.core.RAM128/A0[3]                   0.00    0.38   -0.38 (VIOLATED)
mprj/la_oenb[81]                        0.00    0.37   -0.37 (VIOLATED)
mprj/la_data_in[81]                     0.00    0.37   -0.37 (VIOLATED)
mprj/wbs_dat_i[6]                       0.00    0.37   -0.37 (VIOLATED)
mprj/la_oenb[79]                        0.00    0.37   -0.37 (VIOLATED)
mprj/la_oenb[77]                        0.00    0.37   -0.37 (VIOLATED)
mprj/wbs_dat_i[3]                       0.00    0.37   -0.37 (VIOLATED)
mprj/la_data_in[38]                     0.00    0.37   -0.37 (VIOLATED)
mprj/wbs_adr_i[27]                      0.00    0.37   -0.37 (VIOLATED)
mprj/la_data_in[3]                      0.00    0.37   -0.37 (VIOLATED)
mprj/la_oenb[76]                        0.00    0.36   -0.36 (VIOLATED)
mprj/la_data_in[70]                     0.00    0.36   -0.36 (VIOLATED)
mprj/la_oenb[74]                        0.00    0.36   -0.36 (VIOLATED)
mprj/la_data_in[4]                      0.00    0.36   -0.36 (VIOLATED)
mprj/la_data_in[32]                     0.00    0.36   -0.36 (VIOLATED)
mprj/la_oenb[68]                        0.00    0.36   -0.36 (VIOLATED)
mprj/wbs_adr_i[24]                      0.00    0.35   -0.35 (VIOLATED)
mprj/la_data_in[2]                      0.00    0.35   -0.35 (VIOLATED)
mprj/wbs_adr_i[25]                      0.00    0.35   -0.35 (VIOLATED)
mprj/la_oenb[69]                        0.00    0.35   -0.35 (VIOLATED)
mprj/la_data_in[30]                     0.00    0.35   -0.35 (VIOLATED)
soc.core.RAM128/A0[4]                   0.00    0.35   -0.35 (VIOLATED)
mprj/la_oenb[2]                         0.00    0.34   -0.34 (VIOLATED)
mprj/wbs_adr_i[26]                      0.00    0.34   -0.34 (VIOLATED)
mprj/la_oenb[5]                         0.00    0.34   -0.34 (VIOLATED)
mprj/la_data_in[68]                     0.00    0.34   -0.34 (VIOLATED)
mprj/la_data_in[76]                     0.00    0.34   -0.34 (VIOLATED)
mgmt_buffers.user_to_mprj_in_gates[115]/A    1.50    1.83   -0.33 (VIOLATED)
mprj/la_data_in[73]                     0.00    0.33   -0.33 (VIOLATED)
mprj/la_data_in[72]                     0.00    0.33   -0.33 (VIOLATED)
mprj/la_oenb[0]                         0.00    0.33   -0.33 (VIOLATED)
mprj/la_data_in[71]                     0.00    0.33   -0.33 (VIOLATED)
mprj/la_data_in[75]                     0.00    0.33   -0.33 (VIOLATED)
mprj/la_data_in[33]                     0.00    0.33   -0.33 (VIOLATED)
mprj/la_data_in[79]                     0.00    0.33   -0.33 (VIOLATED)
mprj/la_data_in[6]                      0.00    0.33   -0.33 (VIOLATED)
mprj/la_data_out[115]                   1.50    1.83   -0.33 (VIOLATED)
soc.core.RAM256.BANK128[0].RAM128/A0[0]    0.00    0.32   -0.32 (VIOLATED)
mprj/la_oenb[60]                        0.00    0.32   -0.32 (VIOLATED)
mprj/la_data_in[67]                     0.00    0.32   -0.32 (VIOLATED)
soc.core.RAM128/A0[1]                   0.00    0.32   -0.32 (VIOLATED)
mprj/wbs_adr_i[6]                       0.00    0.32   -0.32 (VIOLATED)
soc.core.RAM256.BANK128[1].RAM128/A0[0]    0.00    0.32   -0.32 (VIOLATED)
mprj/la_data_in[17]                     0.00    0.32   -0.32 (VIOLATED)
mprj/la_data_in[69]                     0.00    0.32   -0.32 (VIOLATED)
mgmt_buffers.user_to_mprj_in_gates[111]/A    1.50    1.82   -0.32 (VIOLATED)
mprj/la_oenb[73]                        0.00    0.32   -0.32 (VIOLATED)
mprj/la_oenb[61]                        0.00    0.32   -0.32 (VIOLATED)
mprj/la_oenb[72]                        0.00    0.31   -0.31 (VIOLATED)
mprj/wbs_adr_i[7]                       0.00    0.31   -0.31 (VIOLATED)
mprj/la_oenb[1]                         0.00    0.31   -0.31 (VIOLATED)
mprj/la_data_out[111]                   1.50    1.81   -0.31 (VIOLATED)
mprj/la_oenb[4]                         0.00    0.31   -0.31 (VIOLATED)
mgmt_buffers.user_to_mprj_in_gates[127]/A    1.50    1.81   -0.31 (VIOLATED)
ANTENNA_314/DIODE                       1.50    1.81   -0.31 (VIOLATED)
mprj/la_oenb[62]                        0.00    0.31   -0.31 (VIOLATED)
mprj/io_in[5]                           0.00    0.31   -0.31 (VIOLATED)
soc.core.RAM128/A0[5]                   0.00    0.31   -0.31 (VIOLATED)
mprj/la_data_in[41]                     0.00    0.30   -0.30 (VIOLATED)
mprj/la_data_in[74]                     0.00    0.30   -0.30 (VIOLATED)
mprj/la_data_in[29]                     0.00    0.30   -0.30 (VIOLATED)
mprj/la_oenb[67]                        0.00    0.30   -0.30 (VIOLATED)
mprj/la_oenb[70]                        0.00    0.30   -0.30 (VIOLATED)
mprj/la_data_in[22]                     0.00    0.30   -0.30 (VIOLATED)
mprj/la_data_out[127]                   1.50    1.80   -0.30 (VIOLATED)
mprj/la_data_in[9]                      0.00    0.30   -0.30 (VIOLATED)
mprj/la_data_in[10]                     0.00    0.29   -0.29 (VIOLATED)
mprj/la_data_in[65]                     0.00    0.29   -0.29 (VIOLATED)
soc.core.RAM256.BANK128[1].RAM128/Di0[3]    0.00    0.29   -0.29 (VIOLATED)
mprj/la_data_in[11]                     0.00    0.29   -0.29 (VIOLATED)
soc.core.RAM256.BANK128[1].RAM128/Di0[6]    0.00    0.29   -0.29 (VIOLATED)
mprj/io_in[0]                           0.00    0.29   -0.29 (VIOLATED)
mprj/la_oenb[3]                         0.00    0.29   -0.29 (VIOLATED)
mprj/la_data_in[15]                     0.00    0.29   -0.29 (VIOLATED)
mprj/la_data_in[54]                     0.00    0.28   -0.28 (VIOLATED)
mprj/la_data_in[13]                     0.00    0.28   -0.28 (VIOLATED)
mprj/la_data_in[64]                     0.00    0.28   -0.28 (VIOLATED)
mprj/io_in[2]                           0.00    0.28   -0.28 (VIOLATED)
mprj/la_data_in[7]                      0.00    0.28   -0.28 (VIOLATED)
mprj/la_oenb[6]                         0.00    0.28   -0.28 (VIOLATED)
mprj/la_data_in[53]                     0.00    0.28   -0.28 (VIOLATED)
mprj/wbs_adr_i[8]                       0.00    0.28   -0.28 (VIOLATED)
mprj/io_in[1]                           0.00    0.28   -0.28 (VIOLATED)
mprj/la_data_in[16]                     0.00    0.28   -0.28 (VIOLATED)
mprj/io_in[32]                          0.00    0.28   -0.28 (VIOLATED)
soc.core.RAM128/A0[6]                   0.00    0.28   -0.28 (VIOLATED)
mprj/la_data_in[63]                     0.00    0.27   -0.27 (VIOLATED)
mprj/la_data_in[14]                     0.00    0.27   -0.27 (VIOLATED)
mprj/la_data_in[55]                     0.00    0.27   -0.27 (VIOLATED)
mprj/wbs_dat_i[7]                       0.00    0.27   -0.27 (VIOLATED)
mprj/la_data_in[5]                      0.00    0.27   -0.27 (VIOLATED)
mprj/la_oenb[9]                         0.00    0.27   -0.27 (VIOLATED)
mprj/la_oenb[58]                        0.00    0.27   -0.27 (VIOLATED)
soc.core.RAM256.BANK128[1].RAM128/Di0[7]    0.00    0.27   -0.27 (VIOLATED)
soc.core.RAM128/Di0[15]                 0.00    0.27   -0.27 (VIOLATED)
mprj/io_in[6]                           0.00    0.27   -0.27 (VIOLATED)
mprj/la_oenb[8]                         0.00    0.26   -0.26 (VIOLATED)
mprj/la_oenb[66]                        0.00    0.26   -0.26 (VIOLATED)
mprj/la_data_in[59]                     0.00    0.26   -0.26 (VIOLATED)
mprj/la_oenb[63]                        0.00    0.26   -0.26 (VIOLATED)
mprj/la_data_in[25]                     0.00    0.26   -0.26 (VIOLATED)
mprj/la_data_in[23]                     0.00    0.26   -0.26 (VIOLATED)
mprj/la_data_in[19]                     0.00    0.26   -0.26 (VIOLATED)
mprj/la_oenb[65]                        0.00    0.26   -0.26 (VIOLATED)
mprj/la_data_in[57]                     0.00    0.26   -0.26 (VIOLATED)
mprj/la_oenb[56]                        0.00    0.26   -0.26 (VIOLATED)
mprj/la_oenb[57]                        0.00    0.25   -0.25 (VIOLATED)
mprj/la_oenb[53]                        0.00    0.25   -0.25 (VIOLATED)
mprj/la_oenb[64]                        0.00    0.25   -0.25 (VIOLATED)
mprj/la_data_in[58]                     0.00    0.25   -0.25 (VIOLATED)
mprj/la_data_in[62]                     0.00    0.25   -0.25 (VIOLATED)
mprj/la_oenb[59]                        0.00    0.25   -0.25 (VIOLATED)
mprj/la_data_in[66]                     0.00    0.25   -0.25 (VIOLATED)
mprj/la_oenb[13]                        0.00    0.25   -0.25 (VIOLATED)
mprj/la_data_in[18]                     0.00    0.25   -0.25 (VIOLATED)
soc.core.RAM256.BANK128[0].RAM128/WE0[0]    0.00    0.25   -0.25 (VIOLATED)
mprj/la_data_in[60]                     0.00    0.25   -0.25 (VIOLATED)
soc.core.RAM256.BANK128[1].RAM128/WE0[0]    0.00    0.25   -0.25 (VIOLATED)
soc.core.RAM128/EN0                     0.00    0.25   -0.25 (VIOLATED)
soc.core.RAM128/Di0[9]                  0.00    0.24   -0.24 (VIOLATED)
mprj/la_oenb[16]                        0.00    0.24   -0.24 (VIOLATED)
mprj/la_oenb[55]                        0.00    0.24   -0.24 (VIOLATED)
soc.core.RAM128/Di0[5]                  0.00    0.24   -0.24 (VIOLATED)
mprj/io_in[4]                           0.00    0.24   -0.24 (VIOLATED)
mprj/la_oenb[10]                        0.00    0.24   -0.24 (VIOLATED)
mprj/la_data_in[21]                     0.00    0.24   -0.24 (VIOLATED)
mprj/la_oenb[14]                        0.00    0.24   -0.24 (VIOLATED)
soc.core.RAM256.BANK128[1].RAM128/Di0[2]    0.00    0.24   -0.24 (VIOLATED)
soc.core.RAM256.BANK128[0].RAM128/A0[3]    0.00    0.23   -0.23 (VIOLATED)
soc.core.RAM256.BANK128[1].RAM128/Di0[4]    0.00    0.23   -0.23 (VIOLATED)
mprj/la_data_in[61]                     0.00    0.23   -0.23 (VIOLATED)
soc.core.RAM256.BANK128[1].RAM128/A0[3]    0.00    0.23   -0.23 (VIOLATED)
mprj/la_oenb[54]                        0.00    0.23   -0.23 (VIOLATED)
mprj/la_data_in[20]                     0.00    0.23   -0.23 (VIOLATED)
mprj/la_oenb[12]                        0.00    0.22   -0.22 (VIOLATED)
mprj/la_data_in[56]                     0.00    0.22   -0.22 (VIOLATED)
mprj/wbs_adr_i[5]                       0.00    0.22   -0.22 (VIOLATED)
mgmt_buffers.user_to_mprj_in_gates[116]/A    1.50    1.72   -0.22 (VIOLATED)
mprj/la_oenb[52]                        0.00    0.22   -0.22 (VIOLATED)
mprj/la_oenb[17]                        0.00    0.22   -0.22 (VIOLATED)
soc.core.RAM256.BANK128[0].RAM128/A0[2]    0.00    0.22   -0.22 (VIOLATED)
mprj/la_oenb[23]                        0.00    0.22   -0.22 (VIOLATED)
soc.core.RAM256.BANK128[1].RAM128/A0[2]    0.00    0.21   -0.21 (VIOLATED)
mprj/wbs_stb_i                          0.00    0.21   -0.21 (VIOLATED)
mprj/la_data_out[116]                   1.50    1.71   -0.21 (VIOLATED)
mprj/io_in[34]                          0.00    0.21   -0.21 (VIOLATED)
mprj/la_oenb[114]                       0.00    0.21   -0.21 (VIOLATED)
mprj/la_oenb[104]                       0.00    0.21   -0.21 (VIOLATED)
mprj/la_data_in[44]                     0.00    0.21   -0.21 (VIOLATED)
mprj/la_data_in[101]                    0.00    0.21   -0.21 (VIOLATED)
mprj/la_oenb[50]                        0.00    0.21   -0.21 (VIOLATED)
mprj/la_oenb[102]                       0.00    0.20   -0.20 (VIOLATED)
mprj/la_data_in[52]                     0.00    0.20   -0.20 (VIOLATED)
mgmt_buffers.user_to_mprj_in_gates[113]/A    1.50    1.70   -0.20 (VIOLATED)
mprj/la_oenb[19]                        0.00    0.20   -0.20 (VIOLATED)
soc.core.RAM128/Di0[13]                 0.00    0.20   -0.20 (VIOLATED)
mprj/wbs_adr_i[12]                      0.00    0.20   -0.20 (VIOLATED)
mprj/la_data_in[24]                     0.00    0.20   -0.20 (VIOLATED)
mprj/la_oenb[127]                       0.00    0.20   -0.20 (VIOLATED)
mprj/la_oenb[51]                        0.00    0.20   -0.20 (VIOLATED)
mprj/wbs_dat_i[30]                      0.00    0.20   -0.20 (VIOLATED)
mprj/la_data_in[121]                    0.00    0.20   -0.20 (VIOLATED)
mprj/la_oenb[11]                        0.00    0.20   -0.20 (VIOLATED)
mprj/la_data_in[110]                    0.00    0.20   -0.20 (VIOLATED)
soc.core.RAM128/Di0[8]                  0.00    0.20   -0.20 (VIOLATED)
mprj/io_in[26]                          0.00    0.20   -0.20 (VIOLATED)
soc.core.RAM128/Di0[26]                 0.00    0.20   -0.20 (VIOLATED)
soc.core.RAM128/Di0[10]                 0.00    0.20   -0.20 (VIOLATED)
mprj/la_data_out[113]                   1.50    1.70   -0.20 (VIOLATED)
mprj/la_data_in[119]                    0.00    0.20   -0.20 (VIOLATED)
mprj/wbs_adr_i[4]                       0.00    0.20   -0.20 (VIOLATED)
soc.core.RAM256.BANK128[1].RAM128/Di0[1]    0.00    0.20   -0.20 (VIOLATED)
soc.core.RAM256.BANK128[0].RAM128/Di0[3]    0.00    0.19   -0.19 (VIOLATED)
mprj/wbs_dat_i[27]                      0.00    0.19   -0.19 (VIOLATED)
mprj/wbs_adr_i[22]                      0.00    0.19   -0.19 (VIOLATED)
mprj/la_oenb[95]                        0.00    0.19   -0.19 (VIOLATED)
mprj/io_in[33]                          0.00    0.19   -0.19 (VIOLATED)
mprj/wbs_adr_i[3]                       0.00    0.19   -0.19 (VIOLATED)
mprj/la_data_in[95]                     0.00    0.19   -0.19 (VIOLATED)
mprj/la_oenb[105]                       0.00    0.19   -0.19 (VIOLATED)
mprj/la_data_in[100]                    0.00    0.19   -0.19 (VIOLATED)
soc.core.RAM256.BANK128[1].RAM128/Di0[5]    0.00    0.19   -0.19 (VIOLATED)
mprj/wbs_dat_i[17]                      0.00    0.19   -0.19 (VIOLATED)
mprj/la_oenb[20]                        0.00    0.19   -0.19 (VIOLATED)
mprj/wbs_dat_i[25]                      0.00    0.19   -0.19 (VIOLATED)
mprj/la_oenb[109]                       0.00    0.19   -0.19 (VIOLATED)
mprj/la_oenb[100]                       0.00    0.19   -0.19 (VIOLATED)
mprj/la_data_in[47]                     0.00    0.19   -0.19 (VIOLATED)
mprj/wbs_dat_i[19]                      0.00    0.19   -0.19 (VIOLATED)
soc.core.RAM128/Di0[17]                 0.00    0.19   -0.19 (VIOLATED)
mprj/la_oenb[7]                         0.00    0.19   -0.19 (VIOLATED)
mprj/la_data_in[51]                     0.00    0.19   -0.19 (VIOLATED)
mprj/la_oenb[91]                        0.00    0.19   -0.19 (VIOLATED)
mprj/la_oenb[18]                        0.00    0.19   -0.19 (VIOLATED)
mprj/io_in[25]                          0.00    0.19   -0.19 (VIOLATED)
mprj/la_oenb[21]                        0.00    0.19   -0.19 (VIOLATED)
mprj/wbs_adr_i[23]                      0.00    0.19   -0.19 (VIOLATED)
mprj/la_data_in[104]                    0.00    0.19   -0.19 (VIOLATED)
mprj/la_data_in[49]                     0.00    0.19   -0.19 (VIOLATED)
soc.core.RAM128/Di0[16]                 0.00    0.18   -0.18 (VIOLATED)
mprj/wbs_adr_i[16]                      0.00    0.18   -0.18 (VIOLATED)
soc.core.RAM128/Di0[12]                 0.00    0.18   -0.18 (VIOLATED)
mprj/wbs_dat_i[28]                      0.00    0.18   -0.18 (VIOLATED)
mprj/la_data_in[124]                    0.00    0.18   -0.18 (VIOLATED)
mprj/la_oenb[117]                       0.00    0.18   -0.18 (VIOLATED)
soc.core.RAM256.BANK128[1].RAM128/Di0[0]    0.00    0.18   -0.18 (VIOLATED)
soc.core.RAM128/Di0[29]                 0.00    0.18   -0.18 (VIOLATED)
soc.core.RAM128/A0[2]                   0.00    0.18   -0.18 (VIOLATED)
mprj/la_oenb[126]                       0.00    0.18   -0.18 (VIOLATED)
mprj/la_data_in[98]                     0.00    0.18   -0.18 (VIOLATED)
mprj/la_oenb[15]                        0.00    0.18   -0.18 (VIOLATED)
mprj/la_data_in[123]                    0.00    0.18   -0.18 (VIOLATED)
mprj/la_oenb[97]                        0.00    0.18   -0.18 (VIOLATED)
mprj/la_oenb[113]                       0.00    0.18   -0.18 (VIOLATED)
soc.core.RAM256.BANK128[0].RAM128/Di0[7]    0.00    0.18   -0.18 (VIOLATED)
mprj/la_data_in[103]                    0.00    0.18   -0.18 (VIOLATED)
mprj/la_oenb[24]                        0.00    0.18   -0.18 (VIOLATED)
mprj/wbs_dat_i[4]                       0.00    0.18   -0.18 (VIOLATED)
mprj/la_data_in[114]                    0.00    0.18   -0.18 (VIOLATED)
mprj/la_data_in[107]                    0.00    0.18   -0.18 (VIOLATED)
mprj/la_data_in[106]                    0.00    0.18   -0.18 (VIOLATED)
mprj/la_oenb[107]                       0.00    0.18   -0.18 (VIOLATED)
mprj/wbs_dat_i[24]                      0.00    0.18   -0.18 (VIOLATED)
mprj/wbs_we_i                           0.00    0.18   -0.18 (VIOLATED)
soc.core.RAM128/Di0[18]                 0.00    0.18   -0.18 (VIOLATED)
mprj/wbs_adr_i[14]                      0.00    0.18   -0.18 (VIOLATED)
soc.core.RAM128/Di0[20]                 0.00    0.18   -0.18 (VIOLATED)
mprj/io_in[35]                          0.00    0.18   -0.18 (VIOLATED)
mprj/wbs_dat_i[13]                      0.00    0.17   -0.17 (VIOLATED)
mprj/la_data_in[122]                    0.00    0.17   -0.17 (VIOLATED)
mprj/wbs_adr_i[10]                      0.00    0.17   -0.17 (VIOLATED)
mprj/la_oenb[103]                       0.00    0.17   -0.17 (VIOLATED)
mprj/la_oenb[101]                       0.00    0.17   -0.17 (VIOLATED)
mprj/wbs_dat_i[31]                      0.00    0.17   -0.17 (VIOLATED)
mprj/wbs_adr_i[13]                      0.00    0.17   -0.17 (VIOLATED)
mprj/io_in[29]                          0.00    0.17   -0.17 (VIOLATED)
mprj/wbs_adr_i[20]                      0.00    0.17   -0.17 (VIOLATED)
mprj/la_oenb[22]                        0.00    0.17   -0.17 (VIOLATED)
mprj/wbs_dat_i[23]                      0.00    0.17   -0.17 (VIOLATED)
mprj/la_oenb[45]                        0.00    0.17   -0.17 (VIOLATED)
mprj/la_data_in[102]                    0.00    0.17   -0.17 (VIOLATED)
mprj/la_data_in[96]                     0.00    0.17   -0.17 (VIOLATED)
mprj/wbs_sel_i[3]                       0.00    0.17   -0.17 (VIOLATED)
mprj/la_data_in[109]                    0.00    0.17   -0.17 (VIOLATED)
mprj/la_data_in[97]                     0.00    0.17   -0.17 (VIOLATED)
mprj/la_oenb[48]                        0.00    0.17   -0.17 (VIOLATED)
mprj/la_oenb[123]                       0.00    0.17   -0.17 (VIOLATED)
mprj/la_data_in[50]                     0.00    0.17   -0.17 (VIOLATED)
mprj/la_oenb[120]                       0.00    0.16   -0.16 (VIOLATED)
mprj/io_in[27]                          0.00    0.16   -0.16 (VIOLATED)
soc.core.RAM128/Di0[0]                  0.00    0.16   -0.16 (VIOLATED)
mprj/la_oenb[25]                        0.00    0.16   -0.16 (VIOLATED)
soc.core.RAM128/Di0[25]                 0.00    0.16   -0.16 (VIOLATED)
mprj/wbs_dat_i[9]                       0.00    0.16   -0.16 (VIOLATED)
mgmt_buffers.user_to_mprj_in_gates[114]/A    1.50    1.66   -0.16 (VIOLATED)
mprj/wbs_cyc_i                          0.00    0.16   -0.16 (VIOLATED)
mprj/wbs_dat_i[11]                      0.00    0.16   -0.16 (VIOLATED)
mprj/wbs_dat_i[5]                       0.00    0.16   -0.16 (VIOLATED)
mprj/la_oenb[44]                        0.00    0.16   -0.16 (VIOLATED)
mprj/io_in[36]                          0.00    0.16   -0.16 (VIOLATED)
mprj/la_oenb[125]                       0.00    0.16   -0.16 (VIOLATED)
mprj/la_data_in[127]                    0.00    0.16   -0.16 (VIOLATED)
mprj/la_oenb[122]                       0.00    0.16   -0.16 (VIOLATED)
mprj/la_oenb[30]                        0.00    0.16   -0.16 (VIOLATED)
soc.core.RAM256.BANK128[0].RAM128/Di0[4]    0.00    0.16   -0.16 (VIOLATED)
mprj/la_oenb[124]                       0.00    0.16   -0.16 (VIOLATED)
mprj/la_oenb[41]                        0.00    0.16   -0.16 (VIOLATED)
mprj/io_in[7]                           0.00    0.16   -0.16 (VIOLATED)
mprj/wbs_dat_i[18]                      0.00    0.16   -0.16 (VIOLATED)
mprj/wbs_adr_i[9]                       0.00    0.16   -0.16 (VIOLATED)
mprj/la_data_out[114]                   1.50    1.66   -0.16 (VIOLATED)
soc.core.RAM128/Di0[22]                 0.00    0.15   -0.15 (VIOLATED)
mprj/la_data_in[48]                     0.00    0.15   -0.15 (VIOLATED)
mprj/la_data_in[115]                    0.00    0.15   -0.15 (VIOLATED)
mprj/io_in[37]                          0.00    0.15   -0.15 (VIOLATED)
mprj/wbs_sel_i[1]                       0.00    0.15   -0.15 (VIOLATED)
mprj/io_in[3]                           0.00    0.15   -0.15 (VIOLATED)
mprj/la_oenb[115]                       0.00    0.15   -0.15 (VIOLATED)
mprj/la_oenb[112]                       0.00    0.15   -0.15 (VIOLATED)
soc.core.RAM128/Di0[27]                 0.00    0.15   -0.15 (VIOLATED)
mprj/la_oenb[121]                       0.00    0.15   -0.15 (VIOLATED)
mprj/la_data_in[108]                    0.00    0.15   -0.15 (VIOLATED)
mprj/la_oenb[98]                        0.00    0.15   -0.15 (VIOLATED)
mprj/la_oenb[118]                       0.00    0.15   -0.15 (VIOLATED)
soc.core.RAM256.BANK128[0].RAM128/Di0[6]    0.00    0.15   -0.15 (VIOLATED)
soc.core.RAM128/Di0[1]                  0.00    0.15   -0.15 (VIOLATED)
mprj/la_oenb[46]                        0.00    0.15   -0.15 (VIOLATED)
mprj/wbs_dat_i[8]                       0.00    0.15   -0.15 (VIOLATED)
mprj/wbs_dat_i[15]                      0.00    0.15   -0.15 (VIOLATED)
mprj/io_in[28]                          0.00    0.15   -0.15 (VIOLATED)
mprj/la_data_in[120]                    0.00    0.15   -0.15 (VIOLATED)
mprj/wbs_dat_i[14]                      0.00    0.15   -0.15 (VIOLATED)
soc.core.RAM128/Di0[14]                 0.00    0.15   -0.15 (VIOLATED)
mprj/la_oenb[116]                       0.00    0.15   -0.15 (VIOLATED)
mprj/la_oenb[119]                       0.00    0.15   -0.15 (VIOLATED)
mprj/la_oenb[27]                        0.00    0.15   -0.15 (VIOLATED)
mprj/la_data_in[113]                    0.00    0.15   -0.15 (VIOLATED)
mprj/wbs_sel_i[2]                       0.00    0.15   -0.15 (VIOLATED)
mprj/wbs_adr_i[18]                      0.00    0.15   -0.15 (VIOLATED)
mprj/la_oenb[108]                       0.00    0.15   -0.15 (VIOLATED)
mprj/wbs_adr_i[2]                       0.00    0.14   -0.14 (VIOLATED)
mprj/la_oenb[47]                        0.00    0.14   -0.14 (VIOLATED)
mprj/la_data_in[116]                    0.00    0.14   -0.14 (VIOLATED)
mprj/la_data_in[45]                     0.00    0.14   -0.14 (VIOLATED)
mprj/la_data_in[111]                    0.00    0.14   -0.14 (VIOLATED)
mprj/wbs_adr_i[17]                      0.00    0.14   -0.14 (VIOLATED)
mgmt_buffers.user_to_mprj_in_gates[112]/A    1.50    1.64   -0.14 (VIOLATED)
mprj/la_data_in[43]                     0.00    0.14   -0.14 (VIOLATED)
mprj/la_data_in[99]                     0.00    0.14   -0.14 (VIOLATED)
mprj/la_data_in[39]                     0.00    0.14   -0.14 (VIOLATED)
mprj/la_data_in[118]                    0.00    0.14   -0.14 (VIOLATED)
soc.core.RAM256.BANK128[0].RAM128/Di0[5]    0.00    0.14   -0.14 (VIOLATED)
mprj/la_oenb[110]                       0.00    0.14   -0.14 (VIOLATED)
mprj/la_data_in[26]                     0.00    0.14   -0.14 (VIOLATED)
mprj/la_oenb[42]                        0.00    0.14   -0.14 (VIOLATED)
mprj/la_oenb[49]                        0.00    0.14   -0.14 (VIOLATED)
mprj/wbs_dat_i[16]                      0.00    0.14   -0.14 (VIOLATED)
soc.core.RAM128/Di0[24]                 0.00    0.14   -0.14 (VIOLATED)
mprj/la_oenb[106]                       0.00    0.14   -0.14 (VIOLATED)
mprj/la_oenb[82]                        0.00    0.14   -0.14 (VIOLATED)
mprj/wbs_dat_i[22]                      0.00    0.14   -0.14 (VIOLATED)
mprj/la_data_in[46]                     0.00    0.14   -0.14 (VIOLATED)
mprj/wbs_adr_i[15]                      0.00    0.14   -0.14 (VIOLATED)
mprj/la_data_in[117]                    0.00    0.14   -0.14 (VIOLATED)
mprj/io_in[22]                          0.00    0.14   -0.14 (VIOLATED)
mprj/la_data_in[27]                     0.00    0.14   -0.14 (VIOLATED)
mprj/la_data_in[125]                    0.00    0.14   -0.14 (VIOLATED)
mprj/wbs_sel_i[0]                       0.00    0.14   -0.14 (VIOLATED)
mprj/la_data_out[112]                   1.50    1.64   -0.14 (VIOLATED)
mprj/io_in[30]                          0.00    0.14   -0.14 (VIOLATED)
mprj/wbs_dat_i[26]                      0.00    0.14   -0.14 (VIOLATED)
mprj/la_data_in[42]                     0.00    0.14   -0.14 (VIOLATED)
mprj/la_oenb[39]                        0.00    0.14   -0.14 (VIOLATED)
mprj/la_oenb[34]                        0.00    0.14   -0.14 (VIOLATED)
mprj/la_oenb[43]                        0.00    0.13   -0.13 (VIOLATED)
soc.core.RAM256.BANK128[0].RAM128/Di0[2]    0.00    0.13   -0.13 (VIOLATED)
mprj/la_data_in[126]                    0.00    0.13   -0.13 (VIOLATED)
mprj/la_data_in[112]                    0.00    0.13   -0.13 (VIOLATED)
mprj/la_oenb[29]                        0.00    0.13   -0.13 (VIOLATED)
mprj/wbs_adr_i[11]                      0.00    0.13   -0.13 (VIOLATED)
mprj/user_clock2                        0.00    0.13   -0.13 (VIOLATED)
mprj/la_oenb[111]                       0.00    0.13   -0.13 (VIOLATED)
soc.core.RAM128/Di0[23]                 0.00    0.13   -0.13 (VIOLATED)
mprj/la_data_in[36]                     0.00    0.13   -0.13 (VIOLATED)
mprj/la_oenb[28]                        0.00    0.13   -0.13 (VIOLATED)
mprj/wbs_dat_i[21]                      0.00    0.13   -0.13 (VIOLATED)
mprj/la_data_in[28]                     0.00    0.13   -0.13 (VIOLATED)
soc.core.RAM256.BANK128[1].RAM128/CLK    0.00    0.13   -0.13 (VIOLATED)
mprj/la_oenb[38]                        0.00    0.13   -0.13 (VIOLATED)
soc.core.RAM128/CLK                     0.00    0.13   -0.13 (VIOLATED)
mprj/wbs_dat_i[20]                      0.00    0.13   -0.13 (VIOLATED)
mprj/la_data_in[105]                    0.00    0.13   -0.13 (VIOLATED)
mprj/wbs_dat_i[10]                      0.00    0.13   -0.13 (VIOLATED)
mprj/wbs_adr_i[19]                      0.00    0.13   -0.13 (VIOLATED)
mprj/io_in[12]                          0.00    0.13   -0.13 (VIOLATED)
mprj/la_oenb[31]                        0.00    0.13   -0.13 (VIOLATED)
mprj/la_oenb[40]                        0.00    0.13   -0.13 (VIOLATED)
soc.core.RAM256.BANK128[1].RAM128/EN0    0.00    0.12   -0.12 (VIOLATED)
mprj/la_data_in[31]                     0.00    0.12   -0.12 (VIOLATED)
soc.core.RAM128/Di0[2]                  0.00    0.12   -0.12 (VIOLATED)
soc.core.RAM128/Di0[6]                  0.00    0.12   -0.12 (VIOLATED)
mprj/wb_rst_i                           0.00    0.12   -0.12 (VIOLATED)
soc.core.RAM128/Di0[4]                  0.00    0.12   -0.12 (VIOLATED)
mgmt_buffers.user_to_mprj_in_gates[108]/A    1.50    1.62   -0.12 (VIOLATED)
soc.core.RAM128/Di0[7]                  0.00    0.12   -0.12 (VIOLATED)
mprj/io_in[31]                          0.00    0.12   -0.12 (VIOLATED)
mprj/io_in[11]                          0.00    0.12   -0.12 (VIOLATED)
mprj/io_in[24]                          0.00    0.12   -0.12 (VIOLATED)
soc.core.RAM128/Di0[3]                  0.00    0.12   -0.12 (VIOLATED)
mprj/wbs_dat_i[12]                      0.00    0.11   -0.11 (VIOLATED)
mprj/la_data_out[108]                   1.50    1.61   -0.11 (VIOLATED)
mprj/io_in[10]                          0.00    0.11   -0.11 (VIOLATED)
soc.core.RAM128/Di0[31]                 0.00    0.11   -0.11 (VIOLATED)
mprj/io_in[14]                          0.00    0.11   -0.11 (VIOLATED)
soc.core.RAM256.BANK128[0].RAM128/Di0[0]    0.00    0.11   -0.11 (VIOLATED)
soc.core.RAM128/Di0[28]                 0.00    0.11   -0.11 (VIOLATED)
soc.core.RAM128/Di0[21]                 0.00    0.11   -0.11 (VIOLATED)
soc.core.RAM256.BANK128[0].RAM128/Di0[1]    0.00    0.11   -0.11 (VIOLATED)
mprj/la_oenb[37]                        0.00    0.11   -0.11 (VIOLATED)
mprj/la_oenb[33]                        0.00    0.11   -0.11 (VIOLATED)
mgmt_buffers.user_to_mprj_in_gates[109]/A    1.50    1.61   -0.11 (VIOLATED)
mprj/io_in[9]                           0.00    0.11   -0.11 (VIOLATED)
mprj/la_oenb[32]                        0.00    0.11   -0.11 (VIOLATED)
mprj/io_in[8]                           0.00    0.11   -0.11 (VIOLATED)
mprj/la_oenb[36]                        0.00    0.11   -0.11 (VIOLATED)
soc.core.RAM128/Di0[19]                 0.00    0.10   -0.10 (VIOLATED)
mprj/la_oenb[35]                        0.00    0.10   -0.10 (VIOLATED)
mprj/la_oenb[26]                        0.00    0.10   -0.10 (VIOLATED)
mprj/la_data_out[109]                   1.50    1.60   -0.10 (VIOLATED)
mprj/io_in[21]                          0.00    0.10   -0.10 (VIOLATED)
soc.core.RAM256.BANK128[0].RAM128/EN0    0.00    0.10   -0.10 (VIOLATED)
mprj/io_in[19]                          0.00    0.10   -0.10 (VIOLATED)
mprj/io_in[15]                          0.00    0.10   -0.10 (VIOLATED)
soc.core.RAM128/Di0[30]                 0.00    0.10   -0.10 (VIOLATED)
soc.core.RAM128/Di0[11]                 0.00    0.10   -0.10 (VIOLATED)
mprj/io_in[13]                          0.00    0.09   -0.09 (VIOLATED)
mprj/io_in[16]                          0.00    0.09   -0.09 (VIOLATED)
mprj/io_in[20]                          0.00    0.09   -0.09 (VIOLATED)
mgmt_buffers.user_to_mprj_in_gates[121]/A    1.50    1.58   -0.08 (VIOLATED)
mprj/io_in[23]                          0.00    0.08   -0.08 (VIOLATED)
mprj/io_in[18]                          0.00    0.07   -0.07 (VIOLATED)
mprj/la_data_out[121]                   1.50    1.57   -0.07 (VIOLATED)
mgmt_buffers.user_to_mprj_in_gates[104]/A    1.50    1.57   -0.07 (VIOLATED)
mprj/la_data_out[104]                   1.50    1.56   -0.06 (VIOLATED)
mprj/io_in[17]                          0.00    0.06   -0.06 (VIOLATED)
mgmt_buffers.user_to_mprj_in_gates[110]/A    1.50    1.55   -0.05 (VIOLATED)
mprj/la_data_out[110]                   1.50    1.54   -0.04 (VIOLATED)
mgmt_buffers.user_to_mprj_in_gates[122]/A    1.50    1.53   -0.03 (VIOLATED)
mgmt_buffers.user_irq_gates[0]/A        1.50    1.53   -0.03 (VIOLATED)
mprj/la_data_out[122]                   1.50    1.53   -0.03 (VIOLATED)
mprj/user_irq[0]                        1.50    1.52   -0.02 (VIOLATED)
mgmt_buffers.user_wb_ack_gate/A         1.50    1.52   -0.02 (VIOLATED)
mprj/wbs_ack_o                          1.50    1.51   -0.01 (VIOLATED)
mgmt_buffers.user_to_mprj_in_gates[107]/A    1.50    1.51   -0.01 (VIOLATED)
mprj/la_data_out[107]                   1.50    1.50   -0.00 (VIOLATED)

max fanout

Pin                                   Limit Fanout  Slack
---------------------------------------------------------
wire1134/X                               18     34    -16 (VIOLATED)
mgmt_buffers.user_wb_dat_gates[16]/Y     18     32    -14 (VIOLATED)
wire1237/X                               18     32    -14 (VIOLATED)
clkbuf_6_44__f_mgmt_buffers.caravel_clk/X     18     26     -8 (VIOLATED)
clkbuf_6_48__f_mgmt_buffers.caravel_clk/X     18     26     -8 (VIOLATED)
mgmt_buffers.mprj_logic_high_inst/HI[321]     18     25     -7 (VIOLATED)
_22731_/X                                18     24     -6 (VIOLATED)
clkbuf_6_53__f_mgmt_buffers.caravel_clk/X     18     24     -6 (VIOLATED)
clkbuf_6_54__f_mgmt_buffers.caravel_clk/X     18     24     -6 (VIOLATED)
fanout2491/X                             18     24     -6 (VIOLATED)
mgmt_buffers.user_wb_dat_gates[10]/Y     18     24     -6 (VIOLATED)
wire1096/X                               18     24     -6 (VIOLATED)
_22588_/X                                18     23     -5 (VIOLATED)
clkbuf_6_49__f_mgmt_buffers.caravel_clk/X     18     23     -5 (VIOLATED)
clkbuf_6_55__f_mgmt_buffers.caravel_clk/X     18     23     -5 (VIOLATED)
fanout1763/X                             18     23     -5 (VIOLATED)
_22714_/X                                18     22     -4 (VIOLATED)
clkbuf_6_50__f_mgmt_buffers.caravel_clk/X     18     22     -4 (VIOLATED)
clkbuf_6_52__f_mgmt_buffers.caravel_clk/X     18     22     -4 (VIOLATED)
clkbuf_6_58__f_mgmt_buffers.caravel_clk/X     18     22     -4 (VIOLATED)
fanout1575/X                             18     21     -3 (VIOLATED)
fanout1678/X                             18     21     -3 (VIOLATED)
fanout2406/X                             18     21     -3 (VIOLATED)
fanout1015/X                             18     20     -2 (VIOLATED)
fanout1145/X                             18     20     -2 (VIOLATED)
fanout1606/X                             18     20     -2 (VIOLATED)
fanout1742/X                             18     20     -2 (VIOLATED)
fanout1778/X                             18     20     -2 (VIOLATED)
fanout2332/X                             18     20     -2 (VIOLATED)
fanout2558/X                             18     20     -2 (VIOLATED)
fanout642/X                              18     20     -2 (VIOLATED)
wire1094/X                               18     20     -2 (VIOLATED)
wire1203/X                               18     20     -2 (VIOLATED)
_22604_/X                                18     19        (VIOLATED)
_22725_/X                                18     19        (VIOLATED)
_28070_/X                                18     19        (VIOLATED)
fanout1016/X                             18     19        (VIOLATED)
fanout1045/X                             18     19        (VIOLATED)
fanout1048/X                             18     19        (VIOLATED)
fanout1144/X                             18     19        (VIOLATED)
fanout1168/X                             18     19        (VIOLATED)
fanout1170/X                             18     19        (VIOLATED)
fanout1173/X                             18     19        (VIOLATED)
fanout1515/X                             18     19        (VIOLATED)
fanout1572/X                             18     19        (VIOLATED)
fanout1573/X                             18     19        (VIOLATED)
fanout1577/X                             18     19        (VIOLATED)
fanout1591/X                             18     19        (VIOLATED)
fanout1714/X                             18     19        (VIOLATED)
fanout1718/X                             18     19        (VIOLATED)
fanout1749/X                             18     19        (VIOLATED)
fanout1751/X                             18     19        (VIOLATED)
fanout1759/X                             18     19        (VIOLATED)
fanout1774/X                             18     19        (VIOLATED)
fanout2004/X                             18     19        (VIOLATED)
fanout2223/X                             18     19        (VIOLATED)
fanout2328/X                             18     19        (VIOLATED)
fanout2331/X                             18     19        (VIOLATED)
fanout2333/X                             18     19        (VIOLATED)
fanout2335/X                             18     19        (VIOLATED)
fanout2416/X                             18     19        (VIOLATED)
fanout2417/X                             18     19        (VIOLATED)
fanout2421/X                             18     19        (VIOLATED)
fanout2430/X                             18     19        (VIOLATED)
fanout2433/X                             18     19        (VIOLATED)
fanout2521/X                             18     19        (VIOLATED)
fanout2541/X                             18     19        (VIOLATED)
fanout590/X                              18     19        (VIOLATED)
fanout809/X                              18     19        (VIOLATED)
fanout813/X                              18     19        (VIOLATED)
fanout903/X                              18     19        (VIOLATED)
fanout926/X                              18     19        (VIOLATED)
housekeeping/wb_dat_o[23]                18     19        (VIOLATED)
max_cap2348/X                            18     19        (VIOLATED)
mgmt_buffers.mprj_logic_high_inst/HI[329]     18     19        (VIOLATED)
mgmt_buffers.mprj_logic_high_inst/HI[353]     18     19        (VIOLATED)
mgmt_buffers.mprj_logic_high_inst/HI[379]     18     19        (VIOLATED)
mgmt_buffers.user_wb_dat_gates[15]/Y     18     19        (VIOLATED)
mgmt_buffers.user_wb_dat_gates[3]/Y      18     19        (VIOLATED)
soc.core.RAM128/Do0[0]                   18     19        (VIOLATED)
wire1202/X                               18     19        (VIOLATED)
wire2355/X                               18     19        (VIOLATED)

max capacitance

Pin                                    Limit     Cap   Slack
------------------------------------------------------------
mprj/la_data_out[118]                   0.15    0.20   -0.04 (VIOLATED)
mprj/la_data_out[125]                   0.15    0.20   -0.04 (VIOLATED)
mprj/la_data_out[117]                   0.15    0.20   -0.04 (VIOLATED)
soc.core.RAM128/Do0[0]                  0.16    0.20   -0.04 (VIOLATED)
mprj/la_data_out[124]                   0.15    0.20   -0.04 (VIOLATED)
mprj/la_data_out[126]                   0.15    0.20   -0.04 (VIOLATED)
mprj/la_data_out[115]                   0.15    0.19   -0.04 (VIOLATED)
mprj/la_data_out[127]                   0.15    0.19   -0.03 (VIOLATED)
mprj/la_data_out[111]                   0.15    0.19   -0.03 (VIOLATED)
mprj/la_data_out[116]                   0.15    0.18   -0.02 (VIOLATED)
mprj/la_data_out[113]                   0.15    0.18   -0.02 (VIOLATED)
mprj/la_data_out[114]                   0.15    0.17   -0.02 (VIOLATED)
mprj/la_data_out[112]                   0.15    0.17   -0.02 (VIOLATED)
mprj/la_data_out[108]                   0.15    0.17   -0.01 (VIOLATED)
mprj/la_data_out[109]                   0.15    0.17   -0.01 (VIOLATED)
mprj/la_data_out[121]                   0.15    0.16   -0.01 (VIOLATED)
mprj/la_data_out[122]                   0.15    0.16   -0.01 (VIOLATED)
mprj/la_data_out[104]                   0.15    0.16   -0.01 (VIOLATED)
mprj/la_data_out[110]                   0.15    0.16   -0.00 (VIOLATED)
mprj/user_irq[0]                        0.15    0.16   -0.00 (VIOLATED)
mprj/wbs_ack_o                          0.15    0.16   -0.00 (VIOLATED)
mprj/la_data_out[107]                   0.15    0.16   -0.00 (VIOLATED)


===========================================================================
max slew violation count 540
max fanout violation count 82
max cap violation count 22
============================================================================
check_slew_end
tns_report

===========================================================================
 report_tns
============================================================================
tns 0.00
tns_report_end
wns_report

===========================================================================
 report_wns
============================================================================
wns 0.00
wns_report_end
worst_slack

===========================================================================
 report_worst_slack -max (Setup)
============================================================================
worst slack 3.78

===========================================================================
 report_worst_slack -min (Hold)
============================================================================
worst slack 0.48
worst_slack_end
clock_skew

===========================================================================
 report_clock_skew
============================================================================
Clock clk
Latency      CRPR       Skew
mprj/wb_clk_i ^
   3.71
_37884_/CLK ^
   2.46     -0.11       1.14

Clock hk_serial_clk
Latency      CRPR       Skew
_38808_/CLK ^
   4.41
_38822_/CLK ^
   4.83     -0.31      -0.74

Clock hk_serial_load
No launch/capture paths found.

clock_skew_end
power_report

===========================================================================
 report_power
============================================================================
Group                  Internal  Switching    Leakage      Total
                          Power      Power      Power      Power (Watts)
----------------------------------------------------------------
Sequential             9.24e-03   1.97e-03   5.26e-08   1.12e-02  19.0%
Combinational          2.47e-02   2.30e-02   5.58e-07   4.76e-02  80.9%
Macro                  0.00e+00   0.00e+00   0.00e+00   0.00e+00   0.0%
Pad                    0.00e+00   0.00e+00   0.00e+00   0.00e+00   0.0%
----------------------------------------------------------------
Total                  3.39e-02   2.49e-02   6.10e-07   5.88e-02 100.0%
                          57.6%      42.4%       0.0%
power_report_end
area_report

===========================================================================
 report_design_area
============================================================================
Design area 12027245 u^2 81% utilization.
area_report_end
Setting global connections for newly added cells...
[WARNING] Did not save OpenROAD database!
Writing SDF to /home/hosni/caravel_sky130/caravel/openlane/caravel_core/runs/23_02_15_11_18/results/routing/mca/process_corner_nom/caravel_core.sdf...

