
===========================================================================
report_checks -path_delay min (Hold)
============================================================================
Startpoint: _34061_ (rising edge-triggered flip-flop clocked by clk)
Endpoint: _34061_ (rising edge-triggered flip-flop clocked by clk)
Path Group: clk
Path Type: min

Fanout     Cap    Slew   Delay    Time   Description
-----------------------------------------------------------------------------
                          0.00    0.00   clock clk (rise edge)
                          0.00    0.00   clock source latency
                  0.23    0.00    0.00 ^ clock_ctrl/core_clk (caravel_clocking)
     1    0.23                           mgmt_buffers.caravel_clk (net)
                  0.23    0.00    0.00 ^ clkbuf_0_mgmt_buffers.caravel_clk/A (sky130_fd_sc_hd__clkbuf_16)
                  0.10    0.22    0.22 ^ clkbuf_0_mgmt_buffers.caravel_clk/X (sky130_fd_sc_hd__clkbuf_16)
     2    0.08                           clknet_0_mgmt_buffers.caravel_clk (net)
                  0.10    0.01    0.23 ^ clkbuf_1_0_0_mgmt_buffers.caravel_clk/A (sky130_fd_sc_hd__clkbuf_8)
                  0.16    0.21    0.44 ^ clkbuf_1_0_0_mgmt_buffers.caravel_clk/X (sky130_fd_sc_hd__clkbuf_8)
     2    0.09                           clknet_1_0_0_mgmt_buffers.caravel_clk (net)
                  0.16    0.02    0.47 ^ clkbuf_2_1_0_mgmt_buffers.caravel_clk/A (sky130_fd_sc_hd__clkbuf_8)
                  0.21    0.28    0.74 ^ clkbuf_2_1_0_mgmt_buffers.caravel_clk/X (sky130_fd_sc_hd__clkbuf_8)
     4    0.12                           clknet_2_1_0_mgmt_buffers.caravel_clk (net)
                  0.21    0.01    0.75 ^ clkbuf_3_3_0_mgmt_buffers.caravel_clk/A (sky130_fd_sc_hd__clkbuf_8)
                  0.20    0.29    1.04 ^ clkbuf_3_3_0_mgmt_buffers.caravel_clk/X (sky130_fd_sc_hd__clkbuf_8)
     5    0.12                           clknet_3_3_0_mgmt_buffers.caravel_clk (net)
                  0.21    0.01    1.05 ^ clkbuf_5_14_0_mgmt_buffers.caravel_clk/A (sky130_fd_sc_hd__clkbuf_8)
                  0.14    0.24    1.29 ^ clkbuf_5_14_0_mgmt_buffers.caravel_clk/X (sky130_fd_sc_hd__clkbuf_8)
     4    0.08                           clknet_5_14_0_mgmt_buffers.caravel_clk (net)
                  0.15    0.01    1.30 ^ clkbuf_7_56__f_mgmt_buffers.caravel_clk/A (sky130_fd_sc_hd__clkbuf_16)
                  0.09    0.19    1.50 ^ clkbuf_7_56__f_mgmt_buffers.caravel_clk/X (sky130_fd_sc_hd__clkbuf_16)
     6    0.07                           clknet_7_56__leaf_mgmt_buffers.caravel_clk (net)
                  0.09    0.00    1.50 ^ clkbuf_leaf_432_mgmt_buffers.caravel_clk/A (sky130_fd_sc_hd__clkbuf_16)
                  0.05    0.14    1.64 ^ clkbuf_leaf_432_mgmt_buffers.caravel_clk/X (sky130_fd_sc_hd__clkbuf_16)
     5    0.02                           clknet_leaf_432_mgmt_buffers.caravel_clk (net)
                  0.05    0.00    1.64 ^ _34061_/CLK (sky130_fd_sc_hd__dfxtp_2)
                  0.05    0.31    1.95 ^ _34061_/Q (sky130_fd_sc_hd__dfxtp_2)
     2    0.01                           soc.core.VexRiscv.IBusCachedPlugin_cache.ways_0_tags[1][7] (net)
                  0.05    0.00    1.95 ^ _24887_/A0 (sky130_fd_sc_hd__mux2_1)
                  0.04    0.11    2.07 ^ _24887_/X (sky130_fd_sc_hd__mux2_1)
     1    0.00                           _07322_ (net)
                  0.04    0.00    2.07 ^ hold2364/A (sky130_fd_sc_hd__clkdlybuf4s15_2)
                  0.03    0.17    2.24 ^ hold2364/X (sky130_fd_sc_hd__clkdlybuf4s15_2)
     1    0.00                           net5179 (net)
                  0.03    0.00    2.24 ^ _34061_/D (sky130_fd_sc_hd__dfxtp_2)
                                  2.24   data arrival time

                          0.00    0.00   clock clk (rise edge)
                          0.00    0.00   clock source latency
                  0.24    0.00    0.00 ^ clock_ctrl/core_clk (caravel_clocking)
     1    0.23                           mgmt_buffers.caravel_clk (net)
                  0.24    0.00    0.00 ^ clkbuf_0_mgmt_buffers.caravel_clk/A (sky130_fd_sc_hd__clkbuf_16)
                  0.10    0.24    0.24 ^ clkbuf_0_mgmt_buffers.caravel_clk/X (sky130_fd_sc_hd__clkbuf_16)
     2    0.08                           clknet_0_mgmt_buffers.caravel_clk (net)
                  0.10    0.01    0.25 ^ clkbuf_1_0_0_mgmt_buffers.caravel_clk/A (sky130_fd_sc_hd__clkbuf_8)
                  0.16    0.23    0.48 ^ clkbuf_1_0_0_mgmt_buffers.caravel_clk/X (sky130_fd_sc_hd__clkbuf_8)
     2    0.09                           clknet_1_0_0_mgmt_buffers.caravel_clk (net)
                  0.16    0.02    0.51 ^ clkbuf_2_1_0_mgmt_buffers.caravel_clk/A (sky130_fd_sc_hd__clkbuf_8)
                  0.21    0.30    0.80 ^ clkbuf_2_1_0_mgmt_buffers.caravel_clk/X (sky130_fd_sc_hd__clkbuf_8)
     4    0.12                           clknet_2_1_0_mgmt_buffers.caravel_clk (net)
                  0.21    0.01    0.81 ^ clkbuf_3_3_0_mgmt_buffers.caravel_clk/A (sky130_fd_sc_hd__clkbuf_8)
                  0.20    0.31    1.12 ^ clkbuf_3_3_0_mgmt_buffers.caravel_clk/X (sky130_fd_sc_hd__clkbuf_8)
     5    0.12                           clknet_3_3_0_mgmt_buffers.caravel_clk (net)
                  0.21    0.01    1.13 ^ clkbuf_5_14_0_mgmt_buffers.caravel_clk/A (sky130_fd_sc_hd__clkbuf_8)
                  0.14    0.26    1.39 ^ clkbuf_5_14_0_mgmt_buffers.caravel_clk/X (sky130_fd_sc_hd__clkbuf_8)
     4    0.08                           clknet_5_14_0_mgmt_buffers.caravel_clk (net)
                  0.15    0.01    1.41 ^ clkbuf_7_56__f_mgmt_buffers.caravel_clk/A (sky130_fd_sc_hd__clkbuf_16)
                  0.09    0.21    1.62 ^ clkbuf_7_56__f_mgmt_buffers.caravel_clk/X (sky130_fd_sc_hd__clkbuf_16)
     6    0.07                           clknet_7_56__leaf_mgmt_buffers.caravel_clk (net)
                  0.09    0.01    1.62 ^ clkbuf_leaf_432_mgmt_buffers.caravel_clk/A (sky130_fd_sc_hd__clkbuf_16)
                  0.05    0.15    1.77 ^ clkbuf_leaf_432_mgmt_buffers.caravel_clk/X (sky130_fd_sc_hd__clkbuf_16)
     5    0.02                           clknet_leaf_432_mgmt_buffers.caravel_clk (net)
                  0.05    0.00    1.77 ^ _34061_/CLK (sky130_fd_sc_hd__dfxtp_2)
                          0.10    1.87   clock uncertainty
                         -0.13    1.74   clock reconvergence pessimism
                         -0.03    1.72   library hold time
                                  1.72   data required time
-----------------------------------------------------------------------------
                                  1.72   data required time
                                 -2.24   data arrival time
-----------------------------------------------------------------------------
                                  0.52   slack (MET)


Startpoint: _37351_ (rising edge-triggered flip-flop clocked by clk)
Endpoint: _37351_ (rising edge-triggered flip-flop clocked by clk)
Path Group: clk
Path Type: min

Fanout     Cap    Slew   Delay    Time   Description
-----------------------------------------------------------------------------
                          0.00    0.00   clock clk (rise edge)
                          0.00    0.00   clock source latency
                  0.23    0.00    0.00 ^ clock_ctrl/core_clk (caravel_clocking)
     1    0.23                           mgmt_buffers.caravel_clk (net)
                  0.23    0.00    0.00 ^ clkbuf_0_mgmt_buffers.caravel_clk/A (sky130_fd_sc_hd__clkbuf_16)
                  0.10    0.22    0.22 ^ clkbuf_0_mgmt_buffers.caravel_clk/X (sky130_fd_sc_hd__clkbuf_16)
     2    0.08                           clknet_0_mgmt_buffers.caravel_clk (net)
                  0.10    0.01    0.23 ^ clkbuf_1_1_0_mgmt_buffers.caravel_clk/A (sky130_fd_sc_hd__clkbuf_8)
                  0.35    0.32    0.55 ^ clkbuf_1_1_0_mgmt_buffers.caravel_clk/X (sky130_fd_sc_hd__clkbuf_8)
     4    0.20                           clknet_1_1_0_mgmt_buffers.caravel_clk (net)
                  0.36    0.06    0.60 ^ clkbuf_2_3_0_mgmt_buffers.caravel_clk/A (sky130_fd_sc_hd__clkbuf_8)
                  0.12    0.26    0.87 ^ clkbuf_2_3_0_mgmt_buffers.caravel_clk/X (sky130_fd_sc_hd__clkbuf_8)
     2    0.06                           clknet_2_3_0_mgmt_buffers.caravel_clk (net)
                  0.13    0.01    0.88 ^ clkbuf_3_7_0_mgmt_buffers.caravel_clk/A (sky130_fd_sc_hd__clkbuf_8)
                  0.19    0.24    1.12 ^ clkbuf_3_7_0_mgmt_buffers.caravel_clk/X (sky130_fd_sc_hd__clkbuf_8)
     4    0.11                           clknet_3_7_0_mgmt_buffers.caravel_clk (net)
                  0.19    0.03    1.14 ^ clkbuf_5_31_0_mgmt_buffers.caravel_clk/A (sky130_fd_sc_hd__clkbuf_8)
                  0.12    0.22    1.37 ^ clkbuf_5_31_0_mgmt_buffers.caravel_clk/X (sky130_fd_sc_hd__clkbuf_8)
     4    0.06                           clknet_5_31_0_mgmt_buffers.caravel_clk (net)
                  0.12    0.01    1.37 ^ clkbuf_7_124__f_mgmt_buffers.caravel_clk/A (sky130_fd_sc_hd__clkbuf_16)
                  0.15    0.23    1.60 ^ clkbuf_7_124__f_mgmt_buffers.caravel_clk/X (sky130_fd_sc_hd__clkbuf_16)
    10    0.14                           clknet_7_124__leaf_mgmt_buffers.caravel_clk (net)
                  0.15    0.00    1.60 ^ clkbuf_leaf_613_mgmt_buffers.caravel_clk/A (sky130_fd_sc_hd__clkbuf_16)
                  0.05    0.16    1.76 ^ clkbuf_leaf_613_mgmt_buffers.caravel_clk/X (sky130_fd_sc_hd__clkbuf_16)
     5    0.02                           clknet_leaf_613_mgmt_buffers.caravel_clk (net)
                  0.05    0.00    1.76 ^ _37351_/CLK (sky130_fd_sc_hd__dfxtp_2)
                  0.05    0.31    2.07 ^ _37351_/Q (sky130_fd_sc_hd__dfxtp_2)
     2    0.01                           soc.core.storage[1][3] (net)
                  0.05    0.00    2.07 ^ hold3906/A (sky130_fd_sc_hd__clkdlybuf4s15_2)
                  0.03    0.18    2.25 ^ hold3906/X (sky130_fd_sc_hd__clkdlybuf4s15_2)
     1    0.00                           net6721 (net)
                  0.03    0.00    2.25 ^ _30358_/A1 (sky130_fd_sc_hd__mux2_1)
                  0.04    0.11    2.36 ^ _30358_/X (sky130_fd_sc_hd__mux2_1)
     1    0.00                           _10163_ (net)
                  0.04    0.00    2.36 ^ _37351_/D (sky130_fd_sc_hd__dfxtp_2)
                                  2.36   data arrival time

                          0.00    0.00   clock clk (rise edge)
                          0.00    0.00   clock source latency
                  0.24    0.00    0.00 ^ clock_ctrl/core_clk (caravel_clocking)
     1    0.23                           mgmt_buffers.caravel_clk (net)
                  0.24    0.00    0.00 ^ clkbuf_0_mgmt_buffers.caravel_clk/A (sky130_fd_sc_hd__clkbuf_16)
                  0.10    0.24    0.24 ^ clkbuf_0_mgmt_buffers.caravel_clk/X (sky130_fd_sc_hd__clkbuf_16)
     2    0.08                           clknet_0_mgmt_buffers.caravel_clk (net)
                  0.10    0.01    0.25 ^ clkbuf_1_1_0_mgmt_buffers.caravel_clk/A (sky130_fd_sc_hd__clkbuf_8)
                  0.35    0.34    0.59 ^ clkbuf_1_1_0_mgmt_buffers.caravel_clk/X (sky130_fd_sc_hd__clkbuf_8)
     4    0.20                           clknet_1_1_0_mgmt_buffers.caravel_clk (net)
                  0.36    0.06    0.65 ^ clkbuf_2_3_0_mgmt_buffers.caravel_clk/A (sky130_fd_sc_hd__clkbuf_8)
                  0.12    0.29    0.94 ^ clkbuf_2_3_0_mgmt_buffers.caravel_clk/X (sky130_fd_sc_hd__clkbuf_8)
     2    0.06                           clknet_2_3_0_mgmt_buffers.caravel_clk (net)
                  0.13    0.01    0.95 ^ clkbuf_3_7_0_mgmt_buffers.caravel_clk/A (sky130_fd_sc_hd__clkbuf_8)
                  0.19    0.26    1.21 ^ clkbuf_3_7_0_mgmt_buffers.caravel_clk/X (sky130_fd_sc_hd__clkbuf_8)
     4    0.11                           clknet_3_7_0_mgmt_buffers.caravel_clk (net)
                  0.19    0.03    1.24 ^ clkbuf_5_31_0_mgmt_buffers.caravel_clk/A (sky130_fd_sc_hd__clkbuf_8)
                  0.12    0.24    1.48 ^ clkbuf_5_31_0_mgmt_buffers.caravel_clk/X (sky130_fd_sc_hd__clkbuf_8)
     4    0.06                           clknet_5_31_0_mgmt_buffers.caravel_clk (net)
                  0.12    0.01    1.48 ^ clkbuf_7_124__f_mgmt_buffers.caravel_clk/A (sky130_fd_sc_hd__clkbuf_16)
                  0.15    0.25    1.73 ^ clkbuf_7_124__f_mgmt_buffers.caravel_clk/X (sky130_fd_sc_hd__clkbuf_16)
    10    0.14                           clknet_7_124__leaf_mgmt_buffers.caravel_clk (net)
                  0.15    0.00    1.73 ^ clkbuf_leaf_613_mgmt_buffers.caravel_clk/A (sky130_fd_sc_hd__clkbuf_16)
                  0.05    0.17    1.90 ^ clkbuf_leaf_613_mgmt_buffers.caravel_clk/X (sky130_fd_sc_hd__clkbuf_16)
     5    0.02                           clknet_leaf_613_mgmt_buffers.caravel_clk (net)
                  0.05    0.00    1.90 ^ _37351_/CLK (sky130_fd_sc_hd__dfxtp_2)
                          0.10    2.00   clock uncertainty
                         -0.14    1.86   clock reconvergence pessimism
                         -0.03    1.83   library hold time
                                  1.83   data required time
-----------------------------------------------------------------------------
                                  1.83   data required time
                                 -2.36   data arrival time
-----------------------------------------------------------------------------
                                  0.52   slack (MET)


Startpoint: _35381_ (rising edge-triggered flip-flop clocked by clk)
Endpoint: _35381_ (rising edge-triggered flip-flop clocked by clk)
Path Group: clk
Path Type: min

Fanout     Cap    Slew   Delay    Time   Description
-----------------------------------------------------------------------------
                          0.00    0.00   clock clk (rise edge)
                          0.00    0.00   clock source latency
                  0.23    0.00    0.00 ^ clock_ctrl/core_clk (caravel_clocking)
     1    0.23                           mgmt_buffers.caravel_clk (net)
                  0.23    0.00    0.00 ^ clkbuf_0_mgmt_buffers.caravel_clk/A (sky130_fd_sc_hd__clkbuf_16)
                  0.10    0.22    0.22 ^ clkbuf_0_mgmt_buffers.caravel_clk/X (sky130_fd_sc_hd__clkbuf_16)
     2    0.08                           clknet_0_mgmt_buffers.caravel_clk (net)
                  0.10    0.01    0.23 ^ clkbuf_1_1_0_mgmt_buffers.caravel_clk/A (sky130_fd_sc_hd__clkbuf_8)
                  0.35    0.32    0.55 ^ clkbuf_1_1_0_mgmt_buffers.caravel_clk/X (sky130_fd_sc_hd__clkbuf_8)
     4    0.20                           clknet_1_1_0_mgmt_buffers.caravel_clk (net)
                  0.37    0.06    0.61 ^ clkbuf_2_2_0_mgmt_buffers.caravel_clk/A (sky130_fd_sc_hd__clkbuf_8)
                  0.09    0.24    0.85 ^ clkbuf_2_2_0_mgmt_buffers.caravel_clk/X (sky130_fd_sc_hd__clkbuf_8)
     2    0.04                           clknet_2_2_0_mgmt_buffers.caravel_clk (net)
                  0.09    0.01    0.85 ^ clkbuf_3_5_0_mgmt_buffers.caravel_clk/A (sky130_fd_sc_hd__clkbuf_8)
                  0.12    0.19    1.04 ^ clkbuf_3_5_0_mgmt_buffers.caravel_clk/X (sky130_fd_sc_hd__clkbuf_8)
     4    0.06                           clknet_3_5_0_mgmt_buffers.caravel_clk (net)
                  0.12    0.01    1.05 ^ clkbuf_5_23_0_mgmt_buffers.caravel_clk/A (sky130_fd_sc_hd__clkbuf_8)
                  0.11    0.20    1.25 ^ clkbuf_5_23_0_mgmt_buffers.caravel_clk/X (sky130_fd_sc_hd__clkbuf_8)
     4    0.06                           clknet_5_23_0_mgmt_buffers.caravel_clk (net)
                  0.11    0.00    1.25 ^ clkbuf_7_94__f_mgmt_buffers.caravel_clk/A (sky130_fd_sc_hd__clkbuf_16)
                  0.11    0.19    1.45 ^ clkbuf_7_94__f_mgmt_buffers.caravel_clk/X (sky130_fd_sc_hd__clkbuf_16)
     7    0.09                           clknet_7_94__leaf_mgmt_buffers.caravel_clk (net)
                  0.11    0.00    1.45 ^ clkbuf_leaf_673_mgmt_buffers.caravel_clk/A (sky130_fd_sc_hd__clkbuf_16)
                  0.04    0.14    1.59 ^ clkbuf_leaf_673_mgmt_buffers.caravel_clk/X (sky130_fd_sc_hd__clkbuf_16)
     4    0.02                           clknet_leaf_673_mgmt_buffers.caravel_clk (net)
                  0.04    0.00    1.59 ^ _35381_/CLK (sky130_fd_sc_hd__dfxtp_2)
                  0.05    0.31    1.90 ^ _35381_/Q (sky130_fd_sc_hd__dfxtp_2)
     2    0.01                           soc.core.storage_1[7][1] (net)
                  0.05    0.00    1.90 ^ hold3716/A (sky130_fd_sc_hd__clkdlybuf4s15_2)
                  0.03    0.17    2.07 ^ hold3716/X (sky130_fd_sc_hd__clkdlybuf4s15_2)
     1    0.00                           net6531 (net)
                  0.03    0.00    2.07 ^ _26716_/A1 (sky130_fd_sc_hd__mux2_1)
                  0.05    0.11    2.18 ^ _26716_/X (sky130_fd_sc_hd__mux2_1)
     1    0.00                           _08579_ (net)
                  0.05    0.00    2.18 ^ _35381_/D (sky130_fd_sc_hd__dfxtp_2)
                                  2.18   data arrival time

                          0.00    0.00   clock clk (rise edge)
                          0.00    0.00   clock source latency
                  0.24    0.00    0.00 ^ clock_ctrl/core_clk (caravel_clocking)
     1    0.23                           mgmt_buffers.caravel_clk (net)
                  0.24    0.00    0.00 ^ clkbuf_0_mgmt_buffers.caravel_clk/A (sky130_fd_sc_hd__clkbuf_16)
                  0.10    0.24    0.24 ^ clkbuf_0_mgmt_buffers.caravel_clk/X (sky130_fd_sc_hd__clkbuf_16)
     2    0.08                           clknet_0_mgmt_buffers.caravel_clk (net)
                  0.10    0.01    0.25 ^ clkbuf_1_1_0_mgmt_buffers.caravel_clk/A (sky130_fd_sc_hd__clkbuf_8)
                  0.35    0.34    0.59 ^ clkbuf_1_1_0_mgmt_buffers.caravel_clk/X (sky130_fd_sc_hd__clkbuf_8)
     4    0.20                           clknet_1_1_0_mgmt_buffers.caravel_clk (net)
                  0.37    0.06    0.65 ^ clkbuf_2_2_0_mgmt_buffers.caravel_clk/A (sky130_fd_sc_hd__clkbuf_8)
                  0.09    0.26    0.92 ^ clkbuf_2_2_0_mgmt_buffers.caravel_clk/X (sky130_fd_sc_hd__clkbuf_8)
     2    0.04                           clknet_2_2_0_mgmt_buffers.caravel_clk (net)
                  0.09    0.01    0.92 ^ clkbuf_3_5_0_mgmt_buffers.caravel_clk/A (sky130_fd_sc_hd__clkbuf_8)
                  0.12    0.21    1.13 ^ clkbuf_3_5_0_mgmt_buffers.caravel_clk/X (sky130_fd_sc_hd__clkbuf_8)
     4    0.06                           clknet_3_5_0_mgmt_buffers.caravel_clk (net)
                  0.12    0.01    1.14 ^ clkbuf_5_23_0_mgmt_buffers.caravel_clk/A (sky130_fd_sc_hd__clkbuf_8)
                  0.11    0.21    1.35 ^ clkbuf_5_23_0_mgmt_buffers.caravel_clk/X (sky130_fd_sc_hd__clkbuf_8)
     4    0.06                           clknet_5_23_0_mgmt_buffers.caravel_clk (net)
                  0.11    0.00    1.35 ^ clkbuf_7_94__f_mgmt_buffers.caravel_clk/A (sky130_fd_sc_hd__clkbuf_16)
                  0.11    0.21    1.56 ^ clkbuf_7_94__f_mgmt_buffers.caravel_clk/X (sky130_fd_sc_hd__clkbuf_16)
     7    0.09                           clknet_7_94__leaf_mgmt_buffers.caravel_clk (net)
                  0.11    0.00    1.57 ^ clkbuf_leaf_673_mgmt_buffers.caravel_clk/A (sky130_fd_sc_hd__clkbuf_16)
                  0.04    0.15    1.72 ^ clkbuf_leaf_673_mgmt_buffers.caravel_clk/X (sky130_fd_sc_hd__clkbuf_16)
     4    0.02                           clknet_leaf_673_mgmt_buffers.caravel_clk (net)
                  0.04    0.00    1.72 ^ _35381_/CLK (sky130_fd_sc_hd__dfxtp_2)
                          0.10    1.82   clock uncertainty
                         -0.13    1.69   clock reconvergence pessimism
                         -0.03    1.66   library hold time
                                  1.66   data required time
-----------------------------------------------------------------------------
                                  1.66   data required time
                                 -2.18   data arrival time
-----------------------------------------------------------------------------
                                  0.52   slack (MET)


Startpoint: _37342_ (rising edge-triggered flip-flop clocked by clk)
Endpoint: _37342_ (rising edge-triggered flip-flop clocked by clk)
Path Group: clk
Path Type: min

Fanout     Cap    Slew   Delay    Time   Description
-----------------------------------------------------------------------------
                          0.00    0.00   clock clk (rise edge)
                          0.00    0.00   clock source latency
                  0.23    0.00    0.00 ^ clock_ctrl/core_clk (caravel_clocking)
     1    0.23                           mgmt_buffers.caravel_clk (net)
                  0.23    0.00    0.00 ^ clkbuf_0_mgmt_buffers.caravel_clk/A (sky130_fd_sc_hd__clkbuf_16)
                  0.10    0.22    0.22 ^ clkbuf_0_mgmt_buffers.caravel_clk/X (sky130_fd_sc_hd__clkbuf_16)
     2    0.08                           clknet_0_mgmt_buffers.caravel_clk (net)
                  0.10    0.01    0.23 ^ clkbuf_1_1_0_mgmt_buffers.caravel_clk/A (sky130_fd_sc_hd__clkbuf_8)
                  0.35    0.32    0.55 ^ clkbuf_1_1_0_mgmt_buffers.caravel_clk/X (sky130_fd_sc_hd__clkbuf_8)
     4    0.20                           clknet_1_1_0_mgmt_buffers.caravel_clk (net)
                  0.36    0.06    0.60 ^ clkbuf_2_3_0_mgmt_buffers.caravel_clk/A (sky130_fd_sc_hd__clkbuf_8)
                  0.12    0.26    0.87 ^ clkbuf_2_3_0_mgmt_buffers.caravel_clk/X (sky130_fd_sc_hd__clkbuf_8)
     2    0.06                           clknet_2_3_0_mgmt_buffers.caravel_clk (net)
                  0.13    0.01    0.88 ^ clkbuf_3_7_0_mgmt_buffers.caravel_clk/A (sky130_fd_sc_hd__clkbuf_8)
                  0.19    0.24    1.12 ^ clkbuf_3_7_0_mgmt_buffers.caravel_clk/X (sky130_fd_sc_hd__clkbuf_8)
     4    0.11                           clknet_3_7_0_mgmt_buffers.caravel_clk (net)
                  0.19    0.03    1.14 ^ clkbuf_5_31_0_mgmt_buffers.caravel_clk/A (sky130_fd_sc_hd__clkbuf_8)
                  0.12    0.22    1.37 ^ clkbuf_5_31_0_mgmt_buffers.caravel_clk/X (sky130_fd_sc_hd__clkbuf_8)
     4    0.06                           clknet_5_31_0_mgmt_buffers.caravel_clk (net)
                  0.12    0.01    1.37 ^ clkbuf_7_127__f_mgmt_buffers.caravel_clk/A (sky130_fd_sc_hd__clkbuf_16)
                  0.08    0.18    1.55 ^ clkbuf_7_127__f_mgmt_buffers.caravel_clk/X (sky130_fd_sc_hd__clkbuf_16)
     6    0.07                           clknet_7_127__leaf_mgmt_buffers.caravel_clk (net)
                  0.09    0.01    1.56 ^ clkbuf_leaf_622_mgmt_buffers.caravel_clk/A (sky130_fd_sc_hd__clkbuf_16)
                  0.04    0.14    1.70 ^ clkbuf_leaf_622_mgmt_buffers.caravel_clk/X (sky130_fd_sc_hd__clkbuf_16)
     5    0.02                           clknet_leaf_622_mgmt_buffers.caravel_clk (net)
                  0.04    0.00    1.70 ^ _37342_/CLK (sky130_fd_sc_hd__dfxtp_2)
                  0.05    0.31    2.00 ^ _37342_/Q (sky130_fd_sc_hd__dfxtp_2)
     2    0.01                           soc.core.storage[2][2] (net)
                  0.05    0.00    2.00 ^ hold4270/A (sky130_fd_sc_hd__clkdlybuf4s15_2)
                  0.03    0.18    2.19 ^ hold4270/X (sky130_fd_sc_hd__clkdlybuf4s15_2)
     1    0.00                           net7085 (net)
                  0.04    0.00    2.19 ^ _30348_/A0 (sky130_fd_sc_hd__mux2_1)
                  0.04    0.10    2.29 ^ _30348_/X (sky130_fd_sc_hd__mux2_1)
     1    0.00                           _10154_ (net)
                  0.04    0.00    2.29 ^ _37342_/D (sky130_fd_sc_hd__dfxtp_2)
                                  2.29   data arrival time

                          0.00    0.00   clock clk (rise edge)
                          0.00    0.00   clock source latency
                  0.24    0.00    0.00 ^ clock_ctrl/core_clk (caravel_clocking)
     1    0.23                           mgmt_buffers.caravel_clk (net)
                  0.24    0.00    0.00 ^ clkbuf_0_mgmt_buffers.caravel_clk/A (sky130_fd_sc_hd__clkbuf_16)
                  0.10    0.24    0.24 ^ clkbuf_0_mgmt_buffers.caravel_clk/X (sky130_fd_sc_hd__clkbuf_16)
     2    0.08                           clknet_0_mgmt_buffers.caravel_clk (net)
                  0.10    0.01    0.25 ^ clkbuf_1_1_0_mgmt_buffers.caravel_clk/A (sky130_fd_sc_hd__clkbuf_8)
                  0.35    0.34    0.59 ^ clkbuf_1_1_0_mgmt_buffers.caravel_clk/X (sky130_fd_sc_hd__clkbuf_8)
     4    0.20                           clknet_1_1_0_mgmt_buffers.caravel_clk (net)
                  0.36    0.06    0.65 ^ clkbuf_2_3_0_mgmt_buffers.caravel_clk/A (sky130_fd_sc_hd__clkbuf_8)
                  0.12    0.29    0.94 ^ clkbuf_2_3_0_mgmt_buffers.caravel_clk/X (sky130_fd_sc_hd__clkbuf_8)
     2    0.06                           clknet_2_3_0_mgmt_buffers.caravel_clk (net)
                  0.13    0.01    0.95 ^ clkbuf_3_7_0_mgmt_buffers.caravel_clk/A (sky130_fd_sc_hd__clkbuf_8)
                  0.19    0.26    1.21 ^ clkbuf_3_7_0_mgmt_buffers.caravel_clk/X (sky130_fd_sc_hd__clkbuf_8)
     4    0.11                           clknet_3_7_0_mgmt_buffers.caravel_clk (net)
                  0.19    0.03    1.24 ^ clkbuf_5_31_0_mgmt_buffers.caravel_clk/A (sky130_fd_sc_hd__clkbuf_8)
                  0.12    0.24    1.48 ^ clkbuf_5_31_0_mgmt_buffers.caravel_clk/X (sky130_fd_sc_hd__clkbuf_8)
     4    0.06                           clknet_5_31_0_mgmt_buffers.caravel_clk (net)
                  0.12    0.01    1.48 ^ clkbuf_7_127__f_mgmt_buffers.caravel_clk/A (sky130_fd_sc_hd__clkbuf_16)
                  0.08    0.19    1.68 ^ clkbuf_7_127__f_mgmt_buffers.caravel_clk/X (sky130_fd_sc_hd__clkbuf_16)
     6    0.07                           clknet_7_127__leaf_mgmt_buffers.caravel_clk (net)
                  0.09    0.01    1.68 ^ clkbuf_leaf_622_mgmt_buffers.caravel_clk/A (sky130_fd_sc_hd__clkbuf_16)
                  0.04    0.15    1.83 ^ clkbuf_leaf_622_mgmt_buffers.caravel_clk/X (sky130_fd_sc_hd__clkbuf_16)
     5    0.02                           clknet_leaf_622_mgmt_buffers.caravel_clk (net)
                  0.04    0.00    1.83 ^ _37342_/CLK (sky130_fd_sc_hd__dfxtp_2)
                          0.10    1.93   clock uncertainty
                         -0.13    1.80   clock reconvergence pessimism
                         -0.03    1.77   library hold time
                                  1.77   data required time
-----------------------------------------------------------------------------
                                  1.77   data required time
                                 -2.29   data arrival time
-----------------------------------------------------------------------------
                                  0.53   slack (MET)


Startpoint: _33782_ (rising edge-triggered flip-flop clocked by clk)
Endpoint: _33782_ (rising edge-triggered flip-flop clocked by clk)
Path Group: clk
Path Type: min

Fanout     Cap    Slew   Delay    Time   Description
-----------------------------------------------------------------------------
                          0.00    0.00   clock clk (rise edge)
                          0.00    0.00   clock source latency
                  0.23    0.00    0.00 ^ clock_ctrl/core_clk (caravel_clocking)
     1    0.23                           mgmt_buffers.caravel_clk (net)
                  0.23    0.00    0.00 ^ clkbuf_0_mgmt_buffers.caravel_clk/A (sky130_fd_sc_hd__clkbuf_16)
                  0.10    0.22    0.22 ^ clkbuf_0_mgmt_buffers.caravel_clk/X (sky130_fd_sc_hd__clkbuf_16)
     2    0.08                           clknet_0_mgmt_buffers.caravel_clk (net)
                  0.10    0.01    0.23 ^ clkbuf_1_0_0_mgmt_buffers.caravel_clk/A (sky130_fd_sc_hd__clkbuf_8)
                  0.16    0.21    0.44 ^ clkbuf_1_0_0_mgmt_buffers.caravel_clk/X (sky130_fd_sc_hd__clkbuf_8)
     2    0.09                           clknet_1_0_0_mgmt_buffers.caravel_clk (net)
                  0.16    0.02    0.47 ^ clkbuf_2_1_0_mgmt_buffers.caravel_clk/A (sky130_fd_sc_hd__clkbuf_8)
                  0.21    0.28    0.74 ^ clkbuf_2_1_0_mgmt_buffers.caravel_clk/X (sky130_fd_sc_hd__clkbuf_8)
     4    0.12                           clknet_2_1_0_mgmt_buffers.caravel_clk (net)
                  0.21    0.02    0.76 ^ clkbuf_3_2_0_mgmt_buffers.caravel_clk/A (sky130_fd_sc_hd__clkbuf_8)
                  0.25    0.29    1.05 ^ clkbuf_3_2_0_mgmt_buffers.caravel_clk/X (sky130_fd_sc_hd__clkbuf_8)
     5    0.14                           clknet_3_2_0_mgmt_buffers.caravel_clk (net)
                  0.27    0.05    1.10 ^ clkbuf_5_10_0_mgmt_buffers.caravel_clk/A (sky130_fd_sc_hd__clkbuf_8)
                  0.29    0.35    1.45 ^ clkbuf_5_10_0_mgmt_buffers.caravel_clk/X (sky130_fd_sc_hd__clkbuf_8)
     4    0.17                           clknet_5_10_0_mgmt_buffers.caravel_clk (net)
                  0.29    0.03    1.48 ^ clkbuf_7_43__f_mgmt_buffers.caravel_clk/A (sky130_fd_sc_hd__clkbuf_16)
                  0.16    0.27    1.75 ^ clkbuf_7_43__f_mgmt_buffers.caravel_clk/X (sky130_fd_sc_hd__clkbuf_16)
    11    0.15                           clknet_7_43__leaf_mgmt_buffers.caravel_clk (net)
                  0.17    0.03    1.78 ^ clkbuf_leaf_255_mgmt_buffers.caravel_clk/A (sky130_fd_sc_hd__clkbuf_16)
                  0.04    0.16    1.94 ^ clkbuf_leaf_255_mgmt_buffers.caravel_clk/X (sky130_fd_sc_hd__clkbuf_16)
     3    0.01                           clknet_leaf_255_mgmt_buffers.caravel_clk (net)
                  0.04    0.00    1.94 ^ _33782_/CLK (sky130_fd_sc_hd__dfxtp_2)
                  0.06    0.31    2.25 ^ _33782_/Q (sky130_fd_sc_hd__dfxtp_2)
     3    0.01                           soc.core.VexRiscv.RegFilePlugin_regFile[7][31] (net)
                  0.06    0.00    2.25 ^ hold3850/A (sky130_fd_sc_hd__clkdlybuf4s15_2)
                  0.03    0.18    2.43 ^ hold3850/X (sky130_fd_sc_hd__clkdlybuf4s15_2)
     1    0.00                           net6665 (net)
                  0.03    0.00    2.43 ^ _24558_/A1 (sky130_fd_sc_hd__mux2_1)
                  0.03    0.10    2.53 ^ _24558_/X (sky130_fd_sc_hd__mux2_1)
     1    0.00                           _07043_ (net)
                  0.03    0.00    2.53 ^ _33782_/D (sky130_fd_sc_hd__dfxtp_2)
                                  2.53   data arrival time

                          0.00    0.00   clock clk (rise edge)
                          0.00    0.00   clock source latency
                  0.24    0.00    0.00 ^ clock_ctrl/core_clk (caravel_clocking)
     1    0.23                           mgmt_buffers.caravel_clk (net)
                  0.24    0.00    0.00 ^ clkbuf_0_mgmt_buffers.caravel_clk/A (sky130_fd_sc_hd__clkbuf_16)
                  0.10    0.24    0.24 ^ clkbuf_0_mgmt_buffers.caravel_clk/X (sky130_fd_sc_hd__clkbuf_16)
     2    0.08                           clknet_0_mgmt_buffers.caravel_clk (net)
                  0.10    0.01    0.25 ^ clkbuf_1_0_0_mgmt_buffers.caravel_clk/A (sky130_fd_sc_hd__clkbuf_8)
                  0.16    0.23    0.48 ^ clkbuf_1_0_0_mgmt_buffers.caravel_clk/X (sky130_fd_sc_hd__clkbuf_8)
     2    0.09                           clknet_1_0_0_mgmt_buffers.caravel_clk (net)
                  0.16    0.02    0.51 ^ clkbuf_2_1_0_mgmt_buffers.caravel_clk/A (sky130_fd_sc_hd__clkbuf_8)
                  0.21    0.30    0.80 ^ clkbuf_2_1_0_mgmt_buffers.caravel_clk/X (sky130_fd_sc_hd__clkbuf_8)
     4    0.12                           clknet_2_1_0_mgmt_buffers.caravel_clk (net)
                  0.21    0.02    0.82 ^ clkbuf_3_2_0_mgmt_buffers.caravel_clk/A (sky130_fd_sc_hd__clkbuf_8)
                  0.25    0.32    1.14 ^ clkbuf_3_2_0_mgmt_buffers.caravel_clk/X (sky130_fd_sc_hd__clkbuf_8)
     5    0.14                           clknet_3_2_0_mgmt_buffers.caravel_clk (net)
                  0.27    0.05    1.19 ^ clkbuf_5_10_0_mgmt_buffers.caravel_clk/A (sky130_fd_sc_hd__clkbuf_8)
                  0.29    0.37    1.56 ^ clkbuf_5_10_0_mgmt_buffers.caravel_clk/X (sky130_fd_sc_hd__clkbuf_8)
     4    0.17                           clknet_5_10_0_mgmt_buffers.caravel_clk (net)
                  0.29    0.03    1.59 ^ clkbuf_7_43__f_mgmt_buffers.caravel_clk/A (sky130_fd_sc_hd__clkbuf_16)
                  0.16    0.29    1.89 ^ clkbuf_7_43__f_mgmt_buffers.caravel_clk/X (sky130_fd_sc_hd__clkbuf_16)
    11    0.15                           clknet_7_43__leaf_mgmt_buffers.caravel_clk (net)
                  0.17    0.03    1.92 ^ clkbuf_leaf_255_mgmt_buffers.caravel_clk/A (sky130_fd_sc_hd__clkbuf_16)
                  0.04    0.17    2.09 ^ clkbuf_leaf_255_mgmt_buffers.caravel_clk/X (sky130_fd_sc_hd__clkbuf_16)
     3    0.01                           clknet_leaf_255_mgmt_buffers.caravel_clk (net)
                  0.04    0.00    2.09 ^ _33782_/CLK (sky130_fd_sc_hd__dfxtp_2)
                          0.10    2.19   clock uncertainty
                         -0.15    2.04   clock reconvergence pessimism
                         -0.03    2.01   library hold time
                                  2.01   data required time
-----------------------------------------------------------------------------
                                  2.01   data required time
                                 -2.53   data arrival time
-----------------------------------------------------------------------------
                                  0.53   slack (MET)


Startpoint: _38965_ (rising edge-triggered flip-flop clocked by hk_serial_clk)
Endpoint: _38966_ (rising edge-triggered flip-flop clocked by hk_serial_clk)
Path Group: hk_serial_clk
Path Type: min

Fanout     Cap    Slew   Delay    Time   Description
-----------------------------------------------------------------------------
                          0.00    0.00   clock hk_serial_clk (rise edge)
                          0.00    0.00   clock source latency
                  0.27    0.00    0.00 ^ housekeeping/serial_clock (housekeeping)
     2    0.24                           gpio_control_bidir_1[0].serial_clock (net)
                  0.27    0.00    0.00 ^ fanout2307/A (sky130_fd_sc_hd__buf_12)
                  0.17    0.22    0.22 ^ fanout2307/X (sky130_fd_sc_hd__buf_12)
     4    0.15                           net2307 (net)
                  0.21    0.05    0.28 ^ wire2309/A (sky130_fd_sc_hd__buf_6)
                  0.21    0.25    0.53 ^ wire2309/X (sky130_fd_sc_hd__buf_6)
     1    0.10                           net2309 (net)
                  0.21    0.01    0.54 ^ wire593/A (sky130_fd_sc_hd__clkbuf_16)
                  0.15    0.23    0.77 ^ wire593/X (sky130_fd_sc_hd__clkbuf_16)
     3    0.14                           net3482 (net)
                  0.18    0.05    0.82 ^ wire2308/A (sky130_fd_sc_hd__buf_6)
                  0.18    0.23    1.05 ^ wire2308/X (sky130_fd_sc_hd__buf_6)
     1    0.09                           net2308 (net)
                  0.18    0.01    1.05 ^ wire530/A (sky130_fd_sc_hd__buf_8)
                  0.19    0.22    1.27 ^ wire530/X (sky130_fd_sc_hd__buf_8)
     4    0.12                           net3427 (net)
                  0.20    0.03    1.30 ^ wire529/A (sky130_fd_sc_hd__buf_12)
                  0.19    0.21    1.51 ^ wire529/X (sky130_fd_sc_hd__buf_12)
    15    0.16                           net3426 (net)
                  0.22    0.05    1.57 ^ gpio_control_bidir_2[2].BUF[2]/A (sky130_fd_sc_hd__buf_12)
                  0.14    0.20    1.76 ^ gpio_control_bidir_2[2].BUF[2]/X (sky130_fd_sc_hd__buf_12)
    15    0.12                           gpio_control_bidir_2[1].serial_clock (net)
                  0.15    0.03    1.79 ^ gpio_control_bidir_2[1].BUF[2]/A (sky130_fd_sc_hd__buf_12)
                  0.16    0.19    1.99 ^ gpio_control_bidir_2[1].BUF[2]/X (sky130_fd_sc_hd__buf_12)
    15    0.13                           gpio_control_bidir_2[0].serial_clock (net)
                  0.18    0.04    2.02 ^ gpio_control_bidir_2[0].BUF[2]/A (sky130_fd_sc_hd__clkbuf_8)
                  0.19    0.26    2.29 ^ gpio_control_bidir_2[0].BUF[2]/X (sky130_fd_sc_hd__clkbuf_8)
    15    0.11                           gpio_control_bidir_2[0].serial_clock_out (net)
                  0.20    0.02    2.31 ^ gpio_control_in_2[15].BUF[2]/A (sky130_fd_sc_hd__buf_8)
                  0.13    0.20    2.50 ^ gpio_control_in_2[15].BUF[2]/X (sky130_fd_sc_hd__buf_8)
    15    0.08                           gpio_control_in_2[14].serial_clock (net)
                  0.13    0.01    2.51 ^ gpio_control_in_2[14].BUF[2]/A (sky130_fd_sc_hd__buf_12)
                  0.12    0.17    2.68 ^ gpio_control_in_2[14].BUF[2]/X (sky130_fd_sc_hd__buf_12)
    15    0.10                           gpio_control_in_2[13].serial_clock (net)
                  0.13    0.02    2.70 ^ gpio_control_in_2[13].BUF[2]/A (sky130_fd_sc_hd__buf_12)
                  0.14    0.18    2.88 ^ gpio_control_in_2[13].BUF[2]/X (sky130_fd_sc_hd__buf_12)
    15    0.12                           gpio_control_in_2[12].serial_clock (net)
                  0.15    0.03    2.91 ^ gpio_control_in_2[12].BUF[2]/A (sky130_fd_sc_hd__buf_12)
                  0.12    0.17    3.08 ^ gpio_control_in_2[12].BUF[2]/X (sky130_fd_sc_hd__buf_12)
    15    0.10                           gpio_control_in_2[11].serial_clock (net)
                  0.12    0.02    3.10 ^ gpio_control_in_2[11].BUF[2]/A (sky130_fd_sc_hd__buf_8)
                  0.15    0.18    3.28 ^ gpio_control_in_2[11].BUF[2]/X (sky130_fd_sc_hd__buf_8)
    15    0.09                           gpio_control_in_2[10].serial_clock (net)
                  0.15    0.01    3.30 ^ gpio_control_in_2[10].BUF[2]/A (sky130_fd_sc_hd__clkbuf_8)
                  0.15    0.23    3.53 ^ gpio_control_in_2[10].BUF[2]/X (sky130_fd_sc_hd__clkbuf_8)
    15    0.08                           gpio_control_in_2[10].serial_clock_out (net)
                  0.15    0.01    3.54 ^ gpio_control_in_2[9].BUF[2]/A (sky130_fd_sc_hd__buf_12)
                  0.12    0.17    3.71 ^ gpio_control_in_2[9].BUF[2]/X (sky130_fd_sc_hd__buf_12)
    15    0.09                           gpio_control_in_2[8].serial_clock (net)
                  0.12    0.01    3.72 ^ _38965_/CLK (sky130_fd_sc_hd__dfrtp_4)
                  0.06    0.41    4.13 ^ _38965_/Q (sky130_fd_sc_hd__dfrtp_4)
     2    0.01                           gpio_control_in_2[8].shift_register[11] (net)
                  0.06    0.00    4.13 ^ hold7324/A (sky130_fd_sc_hd__clkdlybuf4s15_2)
                  0.03    0.18    4.32 ^ hold7324/X (sky130_fd_sc_hd__clkdlybuf4s15_2)
     1    0.00                           net11901 (net)
                  0.03    0.00    4.32 ^ hold942/A (sky130_fd_sc_hd__clkdlybuf4s15_2)
                  0.03    0.17    4.49 ^ hold942/X (sky130_fd_sc_hd__clkdlybuf4s15_2)
     1    0.00                           net11056 (net)
                  0.03    0.00    4.49 ^ hold131/A (sky130_fd_sc_hd__clkdlybuf4s15_2)
                  0.03    0.17    4.66 ^ hold131/X (sky130_fd_sc_hd__clkdlybuf4s15_2)
     1    0.00                           net2879 (net)
                  0.03    0.00    4.66 ^ hold943/A (sky130_fd_sc_hd__clkdlybuf4s15_2)
                  0.03    0.17    4.83 ^ hold943/X (sky130_fd_sc_hd__clkdlybuf4s15_2)
     1    0.00                           net11057 (net)
                  0.03    0.00    4.83 ^ _38966_/D (sky130_fd_sc_hd__dfrtp_2)
                                  4.83   data arrival time

                          0.00    0.00   clock hk_serial_clk (rise edge)
                          0.00    0.00   clock source latency
                  0.27    0.00    0.00 ^ housekeeping/serial_clock (housekeeping)
     2    0.24                           gpio_control_bidir_1[0].serial_clock (net)
                  0.27    0.00    0.00 ^ fanout2307/A (sky130_fd_sc_hd__buf_12)
                  0.17    0.24    0.24 ^ fanout2307/X (sky130_fd_sc_hd__buf_12)
     4    0.15                           net2307 (net)
                  0.21    0.06    0.30 ^ wire2309/A (sky130_fd_sc_hd__buf_6)
                  0.21    0.27    0.57 ^ wire2309/X (sky130_fd_sc_hd__buf_6)
     1    0.10                           net2309 (net)
                  0.21    0.01    0.58 ^ wire593/A (sky130_fd_sc_hd__clkbuf_16)
                  0.15    0.25    0.83 ^ wire593/X (sky130_fd_sc_hd__clkbuf_16)
     3    0.14                           net3482 (net)
                  0.18    0.05    0.88 ^ wire2308/A (sky130_fd_sc_hd__buf_6)
                  0.18    0.25    1.13 ^ wire2308/X (sky130_fd_sc_hd__buf_6)
     1    0.09                           net2308 (net)
                  0.18    0.01    1.13 ^ wire530/A (sky130_fd_sc_hd__buf_8)
                  0.19    0.24    1.37 ^ wire530/X (sky130_fd_sc_hd__buf_8)
     4    0.12                           net3427 (net)
                  0.20    0.03    1.40 ^ wire529/A (sky130_fd_sc_hd__buf_12)
                  0.19    0.23    1.63 ^ wire529/X (sky130_fd_sc_hd__buf_12)
    15    0.16                           net3426 (net)
                  0.22    0.06    1.69 ^ gpio_control_bidir_2[2].BUF[2]/A (sky130_fd_sc_hd__buf_12)
                  0.14    0.21    1.90 ^ gpio_control_bidir_2[2].BUF[2]/X (sky130_fd_sc_hd__buf_12)
    15    0.12                           gpio_control_bidir_2[1].serial_clock (net)
                  0.15    0.03    1.93 ^ gpio_control_bidir_2[1].BUF[2]/A (sky130_fd_sc_hd__buf_12)
                  0.16    0.21    2.14 ^ gpio_control_bidir_2[1].BUF[2]/X (sky130_fd_sc_hd__buf_12)
    15    0.13                           gpio_control_bidir_2[0].serial_clock (net)
                  0.18    0.04    2.18 ^ gpio_control_bidir_2[0].BUF[2]/A (sky130_fd_sc_hd__clkbuf_8)
                  0.19    0.28    2.46 ^ gpio_control_bidir_2[0].BUF[2]/X (sky130_fd_sc_hd__clkbuf_8)
    15    0.11                           gpio_control_bidir_2[0].serial_clock_out (net)
                  0.20    0.02    2.49 ^ gpio_control_in_2[15].BUF[2]/A (sky130_fd_sc_hd__buf_8)
                  0.13    0.21    2.70 ^ gpio_control_in_2[15].BUF[2]/X (sky130_fd_sc_hd__buf_8)
    15    0.08                           gpio_control_in_2[14].serial_clock (net)
                  0.13    0.01    2.71 ^ gpio_control_in_2[14].BUF[2]/A (sky130_fd_sc_hd__buf_12)
                  0.12    0.19    2.89 ^ gpio_control_in_2[14].BUF[2]/X (sky130_fd_sc_hd__buf_12)
    15    0.10                           gpio_control_in_2[13].serial_clock (net)
                  0.13    0.02    2.91 ^ gpio_control_in_2[13].BUF[2]/A (sky130_fd_sc_hd__buf_12)
                  0.14    0.19    3.10 ^ gpio_control_in_2[13].BUF[2]/X (sky130_fd_sc_hd__buf_12)
    15    0.12                           gpio_control_in_2[12].serial_clock (net)
                  0.15    0.03    3.13 ^ gpio_control_in_2[12].BUF[2]/A (sky130_fd_sc_hd__buf_12)
                  0.12    0.19    3.32 ^ gpio_control_in_2[12].BUF[2]/X (sky130_fd_sc_hd__buf_12)
    15    0.10                           gpio_control_in_2[11].serial_clock (net)
                  0.12    0.02    3.34 ^ gpio_control_in_2[11].BUF[2]/A (sky130_fd_sc_hd__buf_8)
                  0.15    0.20    3.54 ^ gpio_control_in_2[11].BUF[2]/X (sky130_fd_sc_hd__buf_8)
    15    0.09                           gpio_control_in_2[10].serial_clock (net)
                  0.15    0.02    3.55 ^ gpio_control_in_2[10].BUF[2]/A (sky130_fd_sc_hd__clkbuf_8)
                  0.15    0.25    3.80 ^ gpio_control_in_2[10].BUF[2]/X (sky130_fd_sc_hd__clkbuf_8)
    15    0.08                           gpio_control_in_2[10].serial_clock_out (net)
                  0.15    0.01    3.82 ^ gpio_control_in_2[9].BUF[2]/A (sky130_fd_sc_hd__buf_12)
                  0.12    0.19    4.00 ^ gpio_control_in_2[9].BUF[2]/X (sky130_fd_sc_hd__buf_12)
    15    0.09                           gpio_control_in_2[8].serial_clock (net)
                  0.12    0.01    4.02 ^ _38966_/CLK (sky130_fd_sc_hd__dfrtp_2)
                          0.10    4.12   clock uncertainty
                         -0.29    3.83   clock reconvergence pessimism
                         -0.02    3.80   library hold time
                                  3.80   data required time
-----------------------------------------------------------------------------
                                  3.80   data required time
                                 -4.83   data arrival time
-----------------------------------------------------------------------------
                                  1.02   slack (MET)


Startpoint: _38365_ (rising edge-triggered flip-flop clocked by hk_serial_clk)
Endpoint: _38366_ (rising edge-triggered flip-flop clocked by hk_serial_clk)
Path Group: hk_serial_clk
Path Type: min

Fanout     Cap    Slew   Delay    Time   Description
-----------------------------------------------------------------------------
                          0.00    0.00   clock hk_serial_clk (rise edge)
                          0.00    0.00   clock source latency
                  0.27    0.00    0.00 ^ housekeeping/serial_clock (housekeeping)
     2    0.24                           gpio_control_bidir_1[0].serial_clock (net)
                  0.27    0.00    0.00 ^ fanout2307/A (sky130_fd_sc_hd__buf_12)
                  0.17    0.22    0.22 ^ fanout2307/X (sky130_fd_sc_hd__buf_12)
     4    0.15                           net2307 (net)
                  0.17    0.01    0.23 ^ gpio_control_bidir_1[0].BUF[2]/A (sky130_fd_sc_hd__clkbuf_8)
                  0.15    0.24    0.47 ^ gpio_control_bidir_1[0].BUF[2]/X (sky130_fd_sc_hd__clkbuf_8)
    15    0.08                           gpio_control_bidir_1[0].serial_clock_out (net)
                  0.15    0.01    0.48 ^ gpio_control_bidir_1[1].BUF[2]/A (sky130_fd_sc_hd__clkbuf_8)
                  0.15    0.23    0.71 ^ gpio_control_bidir_1[1].BUF[2]/X (sky130_fd_sc_hd__clkbuf_8)
    15    0.08                           gpio_control_bidir_1[1].serial_clock_out (net)
                  0.15    0.01    0.72 ^ gpio_control_in_1a[0].BUF[2]/A (sky130_fd_sc_hd__clkbuf_8)
                  0.14    0.22    0.95 ^ gpio_control_in_1a[0].BUF[2]/X (sky130_fd_sc_hd__clkbuf_8)
    15    0.08                           gpio_control_in_1a[0].serial_clock_out (net)
                  0.15    0.01    0.96 ^ gpio_control_in_1a[1].BUF[2]/A (sky130_fd_sc_hd__clkbuf_8)
                  0.13    0.22    1.18 ^ gpio_control_in_1a[1].BUF[2]/X (sky130_fd_sc_hd__clkbuf_8)
    15    0.07                           gpio_control_in_1a[1].serial_clock_out (net)
                  0.14    0.01    1.19 ^ gpio_control_in_1a[2].BUF[2]/A (sky130_fd_sc_hd__clkbuf_8)
                  0.15    0.22    1.41 ^ gpio_control_in_1a[2].BUF[2]/X (sky130_fd_sc_hd__clkbuf_8)
    15    0.08                           gpio_control_in_1a[2].serial_clock_out (net)
                  0.15    0.01    1.43 ^ gpio_control_in_1a[3].BUF[2]/A (sky130_fd_sc_hd__clkbuf_8)
                  0.20    0.26    1.68 ^ gpio_control_in_1a[3].BUF[2]/X (sky130_fd_sc_hd__clkbuf_8)
    15    0.11                           gpio_control_in_1a[3].serial_clock_out (net)
                  0.21    0.03    1.71 ^ gpio_control_in_1a[4].BUF[2]/A (sky130_fd_sc_hd__clkbuf_8)
                  0.22    0.28    1.99 ^ gpio_control_in_1a[4].BUF[2]/X (sky130_fd_sc_hd__clkbuf_8)
    15    0.13                           gpio_control_in_1a[4].serial_clock_out (net)
                  0.24    0.04    2.03 ^ gpio_control_in_1a[5].BUF[2]/A (sky130_fd_sc_hd__buf_12)
                  0.11    0.19    2.22 ^ gpio_control_in_1a[5].BUF[2]/X (sky130_fd_sc_hd__buf_12)
    15    0.09                           gpio_control_in_1[0].serial_clock (net)
                  0.11    0.01    2.23 ^ _38365_/CLK (sky130_fd_sc_hd__dfrtp_4)
                  0.06    0.41    2.64 ^ _38365_/Q (sky130_fd_sc_hd__dfrtp_4)
     2    0.01                           gpio_control_in_1[0].shift_register[3] (net)
                  0.06    0.00    2.64 ^ hold7357/A (sky130_fd_sc_hd__clkdlybuf4s15_2)
                  0.03    0.18    2.82 ^ hold7357/X (sky130_fd_sc_hd__clkdlybuf4s15_2)
     1    0.00                           net11934 (net)
                  0.03    0.00    2.82 ^ hold974/A (sky130_fd_sc_hd__clkdlybuf4s15_2)
                  0.03    0.17    2.99 ^ hold974/X (sky130_fd_sc_hd__clkdlybuf4s15_2)
     1    0.00                           net11088 (net)
                  0.03    0.00    2.99 ^ hold81/A (sky130_fd_sc_hd__clkdlybuf4s15_2)
                  0.03    0.17    3.16 ^ hold81/X (sky130_fd_sc_hd__clkdlybuf4s15_2)
     1    0.00                           net2829 (net)
                  0.03    0.00    3.16 ^ hold975/A (sky130_fd_sc_hd__clkdlybuf4s15_2)
                  0.04    0.18    3.34 ^ hold975/X (sky130_fd_sc_hd__clkdlybuf4s15_2)
     1    0.00                           net11089 (net)
                  0.04    0.00    3.34 ^ _38366_/D (sky130_fd_sc_hd__dfrtp_4)
                                  3.34   data arrival time

                          0.00    0.00   clock hk_serial_clk (rise edge)
                          0.00    0.00   clock source latency
                  0.27    0.00    0.00 ^ housekeeping/serial_clock (housekeeping)
     2    0.24                           gpio_control_bidir_1[0].serial_clock (net)
                  0.27    0.00    0.00 ^ fanout2307/A (sky130_fd_sc_hd__buf_12)
                  0.17    0.24    0.24 ^ fanout2307/X (sky130_fd_sc_hd__buf_12)
     4    0.15                           net2307 (net)
                  0.17    0.01    0.25 ^ gpio_control_bidir_1[0].BUF[2]/A (sky130_fd_sc_hd__clkbuf_8)
                  0.15    0.26    0.51 ^ gpio_control_bidir_1[0].BUF[2]/X (sky130_fd_sc_hd__clkbuf_8)
    15    0.08                           gpio_control_bidir_1[0].serial_clock_out (net)
                  0.15    0.01    0.52 ^ gpio_control_bidir_1[1].BUF[2]/A (sky130_fd_sc_hd__clkbuf_8)
                  0.15    0.25    0.76 ^ gpio_control_bidir_1[1].BUF[2]/X (sky130_fd_sc_hd__clkbuf_8)
    15    0.08                           gpio_control_bidir_1[1].serial_clock_out (net)
                  0.15    0.02    0.78 ^ gpio_control_in_1a[0].BUF[2]/A (sky130_fd_sc_hd__clkbuf_8)
                  0.14    0.24    1.02 ^ gpio_control_in_1a[0].BUF[2]/X (sky130_fd_sc_hd__clkbuf_8)
    15    0.08                           gpio_control_in_1a[0].serial_clock_out (net)
                  0.15    0.02    1.03 ^ gpio_control_in_1a[1].BUF[2]/A (sky130_fd_sc_hd__clkbuf_8)
                  0.13    0.23    1.27 ^ gpio_control_in_1a[1].BUF[2]/X (sky130_fd_sc_hd__clkbuf_8)
    15    0.07                           gpio_control_in_1a[1].serial_clock_out (net)
                  0.14    0.01    1.28 ^ gpio_control_in_1a[2].BUF[2]/A (sky130_fd_sc_hd__clkbuf_8)
                  0.15    0.24    1.52 ^ gpio_control_in_1a[2].BUF[2]/X (sky130_fd_sc_hd__clkbuf_8)
    15    0.08                           gpio_control_in_1a[2].serial_clock_out (net)
                  0.15    0.02    1.54 ^ gpio_control_in_1a[3].BUF[2]/A (sky130_fd_sc_hd__clkbuf_8)
                  0.20    0.28    1.81 ^ gpio_control_in_1a[3].BUF[2]/X (sky130_fd_sc_hd__clkbuf_8)
    15    0.11                           gpio_control_in_1a[3].serial_clock_out (net)
                  0.21    0.03    1.84 ^ gpio_control_in_1a[4].BUF[2]/A (sky130_fd_sc_hd__clkbuf_8)
                  0.22    0.30    2.14 ^ gpio_control_in_1a[4].BUF[2]/X (sky130_fd_sc_hd__clkbuf_8)
    15    0.13                           gpio_control_in_1a[4].serial_clock_out (net)
                  0.24    0.05    2.19 ^ gpio_control_in_1a[5].BUF[2]/A (sky130_fd_sc_hd__buf_12)
                  0.11    0.20    2.39 ^ gpio_control_in_1a[5].BUF[2]/X (sky130_fd_sc_hd__buf_12)
    15    0.09                           gpio_control_in_1[0].serial_clock (net)
                  0.11    0.02    2.41 ^ _38366_/CLK (sky130_fd_sc_hd__dfrtp_4)
                          0.10    2.51   clock uncertainty
                         -0.17    2.33   clock reconvergence pessimism
                         -0.02    2.31   library hold time
                                  2.31   data required time
-----------------------------------------------------------------------------
                                  2.31   data required time
                                 -3.34   data arrival time
-----------------------------------------------------------------------------
                                  1.03   slack (MET)


Startpoint: _38826_ (rising edge-triggered flip-flop clocked by hk_serial_clk)
Endpoint: _38827_ (rising edge-triggered flip-flop clocked by hk_serial_clk)
Path Group: hk_serial_clk
Path Type: min

Fanout     Cap    Slew   Delay    Time   Description
-----------------------------------------------------------------------------
                          0.00    0.00   clock hk_serial_clk (rise edge)
                          0.00    0.00   clock source latency
                  0.27    0.00    0.00 ^ housekeeping/serial_clock (housekeeping)
     2    0.24                           gpio_control_bidir_1[0].serial_clock (net)
                  0.27    0.00    0.00 ^ fanout2307/A (sky130_fd_sc_hd__buf_12)
                  0.17    0.22    0.22 ^ fanout2307/X (sky130_fd_sc_hd__buf_12)
     4    0.15                           net2307 (net)
                  0.21    0.05    0.28 ^ wire2309/A (sky130_fd_sc_hd__buf_6)
                  0.21    0.25    0.53 ^ wire2309/X (sky130_fd_sc_hd__buf_6)
     1    0.10                           net2309 (net)
                  0.21    0.01    0.54 ^ wire593/A (sky130_fd_sc_hd__clkbuf_16)
                  0.15    0.23    0.77 ^ wire593/X (sky130_fd_sc_hd__clkbuf_16)
     3    0.14                           net3482 (net)
                  0.18    0.05    0.82 ^ wire2308/A (sky130_fd_sc_hd__buf_6)
                  0.18    0.23    1.05 ^ wire2308/X (sky130_fd_sc_hd__buf_6)
     1    0.09                           net2308 (net)
                  0.18    0.01    1.05 ^ wire530/A (sky130_fd_sc_hd__buf_8)
                  0.19    0.22    1.27 ^ wire530/X (sky130_fd_sc_hd__buf_8)
     4    0.12                           net3427 (net)
                  0.20    0.03    1.30 ^ wire529/A (sky130_fd_sc_hd__buf_12)
                  0.19    0.21    1.51 ^ wire529/X (sky130_fd_sc_hd__buf_12)
    15    0.16                           net3426 (net)
                  0.22    0.05    1.57 ^ gpio_control_bidir_2[2].BUF[2]/A (sky130_fd_sc_hd__buf_12)
                  0.14    0.20    1.76 ^ gpio_control_bidir_2[2].BUF[2]/X (sky130_fd_sc_hd__buf_12)
    15    0.12                           gpio_control_bidir_2[1].serial_clock (net)
                  0.15    0.03    1.79 ^ gpio_control_bidir_2[1].BUF[2]/A (sky130_fd_sc_hd__buf_12)
                  0.16    0.19    1.99 ^ gpio_control_bidir_2[1].BUF[2]/X (sky130_fd_sc_hd__buf_12)
    15    0.13                           gpio_control_bidir_2[0].serial_clock (net)
                  0.18    0.04    2.02 ^ gpio_control_bidir_2[0].BUF[2]/A (sky130_fd_sc_hd__clkbuf_8)
                  0.19    0.26    2.29 ^ gpio_control_bidir_2[0].BUF[2]/X (sky130_fd_sc_hd__clkbuf_8)
    15    0.11                           gpio_control_bidir_2[0].serial_clock_out (net)
                  0.20    0.02    2.31 ^ gpio_control_in_2[15].BUF[2]/A (sky130_fd_sc_hd__buf_8)
                  0.13    0.20    2.50 ^ gpio_control_in_2[15].BUF[2]/X (sky130_fd_sc_hd__buf_8)
    15    0.08                           gpio_control_in_2[14].serial_clock (net)
                  0.13    0.01    2.51 ^ gpio_control_in_2[14].BUF[2]/A (sky130_fd_sc_hd__buf_12)
                  0.12    0.17    2.68 ^ gpio_control_in_2[14].BUF[2]/X (sky130_fd_sc_hd__buf_12)
    15    0.10                           gpio_control_in_2[13].serial_clock (net)
                  0.13    0.02    2.70 ^ gpio_control_in_2[13].BUF[2]/A (sky130_fd_sc_hd__buf_12)
                  0.14    0.18    2.88 ^ gpio_control_in_2[13].BUF[2]/X (sky130_fd_sc_hd__buf_12)
    15    0.12                           gpio_control_in_2[12].serial_clock (net)
                  0.15    0.03    2.91 ^ gpio_control_in_2[12].BUF[2]/A (sky130_fd_sc_hd__buf_12)
                  0.12    0.17    3.08 ^ gpio_control_in_2[12].BUF[2]/X (sky130_fd_sc_hd__buf_12)
    15    0.10                           gpio_control_in_2[11].serial_clock (net)
                  0.12    0.02    3.10 ^ gpio_control_in_2[11].BUF[2]/A (sky130_fd_sc_hd__buf_8)
                  0.15    0.18    3.28 ^ gpio_control_in_2[11].BUF[2]/X (sky130_fd_sc_hd__buf_8)
    15    0.09                           gpio_control_in_2[10].serial_clock (net)
                  0.15    0.01    3.30 ^ gpio_control_in_2[10].BUF[2]/A (sky130_fd_sc_hd__clkbuf_8)
                  0.15    0.23    3.53 ^ gpio_control_in_2[10].BUF[2]/X (sky130_fd_sc_hd__clkbuf_8)
    15    0.08                           gpio_control_in_2[10].serial_clock_out (net)
                  0.15    0.01    3.54 ^ gpio_control_in_2[9].BUF[2]/A (sky130_fd_sc_hd__buf_12)
                  0.12    0.17    3.71 ^ gpio_control_in_2[9].BUF[2]/X (sky130_fd_sc_hd__buf_12)
    15    0.09                           gpio_control_in_2[8].serial_clock (net)
                  0.12    0.02    3.73 ^ gpio_control_in_2[8].BUF[2]/A (sky130_fd_sc_hd__buf_12)
                  0.12    0.16    3.89 ^ gpio_control_in_2[8].BUF[2]/X (sky130_fd_sc_hd__buf_12)
    15    0.09                           gpio_control_in_2[7].serial_clock (net)
                  0.12    0.02    3.91 ^ gpio_control_in_2[7].BUF[2]/A (sky130_fd_sc_hd__buf_12)
                  0.14    0.18    4.09 ^ gpio_control_in_2[7].BUF[2]/X (sky130_fd_sc_hd__buf_12)
    15    0.12                           gpio_control_in_2[6].serial_clock (net)
                  0.15    0.03    4.12 ^ gpio_control_in_2[6].BUF[2]/A (sky130_fd_sc_hd__buf_6)
                  0.06    0.14    4.25 ^ gpio_control_in_2[6].BUF[2]/X (sky130_fd_sc_hd__buf_6)
     2    0.02                           gpio_control_in_2[5].serial_clock (net)
                  0.06    0.00    4.26 ^ wire43/A (sky130_fd_sc_hd__buf_12)
                  0.16    0.17    4.42 ^ wire43/X (sky130_fd_sc_hd__buf_12)
    14    0.13                           net2940 (net)
                  0.18    0.04    4.46 ^ gpio_control_in_2[5].BUF[2]/A (sky130_fd_sc_hd__buf_12)
                  0.13    0.19    4.64 ^ gpio_control_in_2[5].BUF[2]/X (sky130_fd_sc_hd__buf_12)
    16    0.11                           gpio_control_in_2[4].serial_clock (net)
                  0.14    0.02    4.67 ^ gpio_control_in_2[4].BUF[2]/A (sky130_fd_sc_hd__buf_12)
                  0.13    0.17    4.84 ^ gpio_control_in_2[4].BUF[2]/X (sky130_fd_sc_hd__buf_12)
    16    0.10                           gpio_control_in_2[3].serial_clock (net)
                  0.13    0.01    4.85 ^ _38826_/CLK (sky130_fd_sc_hd__dfrtp_4)
                  0.06    0.41    5.27 ^ _38826_/Q (sky130_fd_sc_hd__dfrtp_4)
     2    0.01                           gpio_control_in_2[3].shift_register[7] (net)
                  0.06    0.00    5.27 ^ hold7361/A (sky130_fd_sc_hd__clkdlybuf4s15_2)
                  0.03    0.18    5.45 ^ hold7361/X (sky130_fd_sc_hd__clkdlybuf4s15_2)
     1    0.00                           net11938 (net)
                  0.03    0.00    5.45 ^ hold1008/A (sky130_fd_sc_hd__clkdlybuf4s15_2)
                  0.03    0.17    5.61 ^ hold1008/X (sky130_fd_sc_hd__clkdlybuf4s15_2)
     1    0.00                           net11122 (net)
                  0.03    0.00    5.61 ^ hold115/A (sky130_fd_sc_hd__clkdlybuf4s15_2)
                  0.03    0.17    5.79 ^ hold115/X (sky130_fd_sc_hd__clkdlybuf4s15_2)
     1    0.00                           net2863 (net)
                  0.03    0.00    5.79 ^ hold1009/A (sky130_fd_sc_hd__clkdlybuf4s15_2)
                  0.03    0.18    5.96 ^ hold1009/X (sky130_fd_sc_hd__clkdlybuf4s15_2)
     1    0.00                           net11123 (net)
                  0.03    0.00    5.96 ^ _38827_/D (sky130_fd_sc_hd__dfrtp_4)
                                  5.96   data arrival time

                          0.00    0.00   clock hk_serial_clk (rise edge)
                          0.00    0.00   clock source latency
                  0.27    0.00    0.00 ^ housekeeping/serial_clock (housekeeping)
     2    0.24                           gpio_control_bidir_1[0].serial_clock (net)
                  0.27    0.00    0.00 ^ fanout2307/A (sky130_fd_sc_hd__buf_12)
                  0.17    0.24    0.24 ^ fanout2307/X (sky130_fd_sc_hd__buf_12)
     4    0.15                           net2307 (net)
                  0.21    0.06    0.30 ^ wire2309/A (sky130_fd_sc_hd__buf_6)
                  0.21    0.27    0.57 ^ wire2309/X (sky130_fd_sc_hd__buf_6)
     1    0.10                           net2309 (net)
                  0.21    0.01    0.58 ^ wire593/A (sky130_fd_sc_hd__clkbuf_16)
                  0.15    0.25    0.83 ^ wire593/X (sky130_fd_sc_hd__clkbuf_16)
     3    0.14                           net3482 (net)
                  0.18    0.05    0.88 ^ wire2308/A (sky130_fd_sc_hd__buf_6)
                  0.18    0.25    1.13 ^ wire2308/X (sky130_fd_sc_hd__buf_6)
     1    0.09                           net2308 (net)
                  0.18    0.01    1.13 ^ wire530/A (sky130_fd_sc_hd__buf_8)
                  0.19    0.24    1.37 ^ wire530/X (sky130_fd_sc_hd__buf_8)
     4    0.12                           net3427 (net)
                  0.20    0.03    1.40 ^ wire529/A (sky130_fd_sc_hd__buf_12)
                  0.19    0.23    1.63 ^ wire529/X (sky130_fd_sc_hd__buf_12)
    15    0.16                           net3426 (net)
                  0.22    0.06    1.69 ^ gpio_control_bidir_2[2].BUF[2]/A (sky130_fd_sc_hd__buf_12)
                  0.14    0.21    1.90 ^ gpio_control_bidir_2[2].BUF[2]/X (sky130_fd_sc_hd__buf_12)
    15    0.12                           gpio_control_bidir_2[1].serial_clock (net)
                  0.15    0.03    1.93 ^ gpio_control_bidir_2[1].BUF[2]/A (sky130_fd_sc_hd__buf_12)
                  0.16    0.21    2.14 ^ gpio_control_bidir_2[1].BUF[2]/X (sky130_fd_sc_hd__buf_12)
    15    0.13                           gpio_control_bidir_2[0].serial_clock (net)
                  0.18    0.04    2.18 ^ gpio_control_bidir_2[0].BUF[2]/A (sky130_fd_sc_hd__clkbuf_8)
                  0.19    0.28    2.46 ^ gpio_control_bidir_2[0].BUF[2]/X (sky130_fd_sc_hd__clkbuf_8)
    15    0.11                           gpio_control_bidir_2[0].serial_clock_out (net)
                  0.20    0.02    2.49 ^ gpio_control_in_2[15].BUF[2]/A (sky130_fd_sc_hd__buf_8)
                  0.13    0.21    2.70 ^ gpio_control_in_2[15].BUF[2]/X (sky130_fd_sc_hd__buf_8)
    15    0.08                           gpio_control_in_2[14].serial_clock (net)
                  0.13    0.01    2.71 ^ gpio_control_in_2[14].BUF[2]/A (sky130_fd_sc_hd__buf_12)
                  0.12    0.19    2.89 ^ gpio_control_in_2[14].BUF[2]/X (sky130_fd_sc_hd__buf_12)
    15    0.10                           gpio_control_in_2[13].serial_clock (net)
                  0.13    0.02    2.91 ^ gpio_control_in_2[13].BUF[2]/A (sky130_fd_sc_hd__buf_12)
                  0.14    0.19    3.10 ^ gpio_control_in_2[13].BUF[2]/X (sky130_fd_sc_hd__buf_12)
    15    0.12                           gpio_control_in_2[12].serial_clock (net)
                  0.15    0.03    3.13 ^ gpio_control_in_2[12].BUF[2]/A (sky130_fd_sc_hd__buf_12)
                  0.12    0.19    3.32 ^ gpio_control_in_2[12].BUF[2]/X (sky130_fd_sc_hd__buf_12)
    15    0.10                           gpio_control_in_2[11].serial_clock (net)
                  0.12    0.02    3.34 ^ gpio_control_in_2[11].BUF[2]/A (sky130_fd_sc_hd__buf_8)
                  0.15    0.20    3.54 ^ gpio_control_in_2[11].BUF[2]/X (sky130_fd_sc_hd__buf_8)
    15    0.09                           gpio_control_in_2[10].serial_clock (net)
                  0.15    0.02    3.55 ^ gpio_control_in_2[10].BUF[2]/A (sky130_fd_sc_hd__clkbuf_8)
                  0.15    0.25    3.80 ^ gpio_control_in_2[10].BUF[2]/X (sky130_fd_sc_hd__clkbuf_8)
    15    0.08                           gpio_control_in_2[10].serial_clock_out (net)
                  0.15    0.01    3.82 ^ gpio_control_in_2[9].BUF[2]/A (sky130_fd_sc_hd__buf_12)
                  0.12    0.19    4.00 ^ gpio_control_in_2[9].BUF[2]/X (sky130_fd_sc_hd__buf_12)
    15    0.09                           gpio_control_in_2[8].serial_clock (net)
                  0.12    0.02    4.02 ^ gpio_control_in_2[8].BUF[2]/A (sky130_fd_sc_hd__buf_12)
                  0.12    0.18    4.20 ^ gpio_control_in_2[8].BUF[2]/X (sky130_fd_sc_hd__buf_12)
    15    0.09                           gpio_control_in_2[7].serial_clock (net)
                  0.12    0.02    4.22 ^ gpio_control_in_2[7].BUF[2]/A (sky130_fd_sc_hd__buf_12)
                  0.14    0.19    4.41 ^ gpio_control_in_2[7].BUF[2]/X (sky130_fd_sc_hd__buf_12)
    15    0.12                           gpio_control_in_2[6].serial_clock (net)
                  0.15    0.03    4.44 ^ gpio_control_in_2[6].BUF[2]/A (sky130_fd_sc_hd__buf_6)
                  0.06    0.15    4.58 ^ gpio_control_in_2[6].BUF[2]/X (sky130_fd_sc_hd__buf_6)
     2    0.02                           gpio_control_in_2[5].serial_clock (net)
                  0.06    0.00    4.59 ^ wire43/A (sky130_fd_sc_hd__buf_12)
                  0.16    0.18    4.77 ^ wire43/X (sky130_fd_sc_hd__buf_12)
    14    0.13                           net2940 (net)
                  0.18    0.04    4.81 ^ gpio_control_in_2[5].BUF[2]/A (sky130_fd_sc_hd__buf_12)
                  0.13    0.20    5.01 ^ gpio_control_in_2[5].BUF[2]/X (sky130_fd_sc_hd__buf_12)
    16    0.11                           gpio_control_in_2[4].serial_clock (net)
                  0.14    0.02    5.03 ^ gpio_control_in_2[4].BUF[2]/A (sky130_fd_sc_hd__buf_12)
                  0.13    0.19    5.22 ^ gpio_control_in_2[4].BUF[2]/X (sky130_fd_sc_hd__buf_12)
    16    0.10                           gpio_control_in_2[3].serial_clock (net)
                  0.13    0.02    5.23 ^ _38827_/CLK (sky130_fd_sc_hd__dfrtp_4)
                          0.10    5.33   clock uncertainty
                         -0.38    4.96   clock reconvergence pessimism
                         -0.02    4.93   library hold time
                                  4.93   data required time
-----------------------------------------------------------------------------
                                  4.93   data required time
                                 -5.96   data arrival time
-----------------------------------------------------------------------------
                                  1.03   slack (MET)


Startpoint: _38689_ (rising edge-triggered flip-flop clocked by hk_serial_clk)
Endpoint: _38690_ (rising edge-triggered flip-flop clocked by hk_serial_clk)
Path Group: hk_serial_clk
Path Type: min

Fanout     Cap    Slew   Delay    Time   Description
-----------------------------------------------------------------------------
                          0.00    0.00   clock hk_serial_clk (rise edge)
                          0.00    0.00   clock source latency
                  0.27    0.00    0.00 ^ housekeeping/serial_clock (housekeeping)
     2    0.24                           gpio_control_bidir_1[0].serial_clock (net)
                  0.27    0.00    0.00 ^ fanout2307/A (sky130_fd_sc_hd__buf_12)
                  0.17    0.22    0.22 ^ fanout2307/X (sky130_fd_sc_hd__buf_12)
     4    0.15                           net2307 (net)
                  0.21    0.05    0.28 ^ wire2309/A (sky130_fd_sc_hd__buf_6)
                  0.21    0.25    0.53 ^ wire2309/X (sky130_fd_sc_hd__buf_6)
     1    0.10                           net2309 (net)
                  0.21    0.01    0.54 ^ wire593/A (sky130_fd_sc_hd__clkbuf_16)
                  0.15    0.23    0.77 ^ wire593/X (sky130_fd_sc_hd__clkbuf_16)
     3    0.14                           net3482 (net)
                  0.18    0.05    0.82 ^ wire2308/A (sky130_fd_sc_hd__buf_6)
                  0.18    0.23    1.05 ^ wire2308/X (sky130_fd_sc_hd__buf_6)
     1    0.09                           net2308 (net)
                  0.18    0.01    1.05 ^ wire530/A (sky130_fd_sc_hd__buf_8)
                  0.19    0.22    1.27 ^ wire530/X (sky130_fd_sc_hd__buf_8)
     4    0.12                           net3427 (net)
                  0.20    0.03    1.30 ^ wire529/A (sky130_fd_sc_hd__buf_12)
                  0.19    0.21    1.51 ^ wire529/X (sky130_fd_sc_hd__buf_12)
    15    0.16                           net3426 (net)
                  0.22    0.05    1.57 ^ gpio_control_bidir_2[2].BUF[2]/A (sky130_fd_sc_hd__buf_12)
                  0.14    0.20    1.76 ^ gpio_control_bidir_2[2].BUF[2]/X (sky130_fd_sc_hd__buf_12)
    15    0.12                           gpio_control_bidir_2[1].serial_clock (net)
                  0.14    0.01    1.77 ^ _38689_/CLK (sky130_fd_sc_hd__dfrtp_4)
                  0.06    0.42    2.19 ^ _38689_/Q (sky130_fd_sc_hd__dfrtp_4)
     2    0.01                           gpio_control_bidir_2[1].shift_register[4] (net)
                  0.06    0.00    2.19 ^ hold7355/A (sky130_fd_sc_hd__clkdlybuf4s15_2)
                  0.03    0.18    2.38 ^ hold7355/X (sky130_fd_sc_hd__clkdlybuf4s15_2)
     1    0.00                           net11932 (net)
                  0.03    0.00    2.38 ^ hold1004/A (sky130_fd_sc_hd__clkdlybuf4s15_2)
                  0.03    0.17    2.55 ^ hold1004/X (sky130_fd_sc_hd__clkdlybuf4s15_2)
     1    0.00                           net11118 (net)
                  0.03    0.00    2.55 ^ hold179/A (sky130_fd_sc_hd__clkdlybuf4s15_2)
                  0.03    0.17    2.72 ^ hold179/X (sky130_fd_sc_hd__clkdlybuf4s15_2)
     1    0.00                           net10293 (net)
                  0.03    0.00    2.72 ^ hold1005/A (sky130_fd_sc_hd__clkdlybuf4s15_2)
                  0.03    0.17    2.89 ^ hold1005/X (sky130_fd_sc_hd__clkdlybuf4s15_2)
     1    0.00                           net11119 (net)
                  0.03    0.00    2.89 ^ _38690_/D (sky130_fd_sc_hd__dfrtp_4)
                                  2.89   data arrival time

                          0.00    0.00   clock hk_serial_clk (rise edge)
                          0.00    0.00   clock source latency
                  0.27    0.00    0.00 ^ housekeeping/serial_clock (housekeeping)
     2    0.24                           gpio_control_bidir_1[0].serial_clock (net)
                  0.27    0.00    0.00 ^ fanout2307/A (sky130_fd_sc_hd__buf_12)
                  0.17    0.24    0.24 ^ fanout2307/X (sky130_fd_sc_hd__buf_12)
     4    0.15                           net2307 (net)
                  0.21    0.06    0.30 ^ wire2309/A (sky130_fd_sc_hd__buf_6)
                  0.21    0.27    0.57 ^ wire2309/X (sky130_fd_sc_hd__buf_6)
     1    0.10                           net2309 (net)
                  0.21    0.01    0.58 ^ wire593/A (sky130_fd_sc_hd__clkbuf_16)
                  0.15    0.25    0.83 ^ wire593/X (sky130_fd_sc_hd__clkbuf_16)
     3    0.14                           net3482 (net)
                  0.18    0.05    0.88 ^ wire2308/A (sky130_fd_sc_hd__buf_6)
                  0.18    0.25    1.13 ^ wire2308/X (sky130_fd_sc_hd__buf_6)
     1    0.09                           net2308 (net)
                  0.18    0.01    1.13 ^ wire530/A (sky130_fd_sc_hd__buf_8)
                  0.19    0.24    1.37 ^ wire530/X (sky130_fd_sc_hd__buf_8)
     4    0.12                           net3427 (net)
                  0.20    0.03    1.40 ^ wire529/A (sky130_fd_sc_hd__buf_12)
                  0.19    0.23    1.63 ^ wire529/X (sky130_fd_sc_hd__buf_12)
    15    0.16                           net3426 (net)
                  0.22    0.06    1.69 ^ gpio_control_bidir_2[2].BUF[2]/A (sky130_fd_sc_hd__buf_12)
                  0.14    0.21    1.90 ^ gpio_control_bidir_2[2].BUF[2]/X (sky130_fd_sc_hd__buf_12)
    15    0.12                           gpio_control_bidir_2[1].serial_clock (net)
                  0.15    0.02    1.92 ^ _38690_/CLK (sky130_fd_sc_hd__dfrtp_4)
                          0.10    2.02   clock uncertainty
                         -0.14    1.88   clock reconvergence pessimism
                         -0.02    1.86   library hold time
                                  1.86   data required time
-----------------------------------------------------------------------------
                                  1.86   data required time
                                 -2.89   data arrival time
-----------------------------------------------------------------------------
                                  1.03   slack (MET)


Startpoint: _38901_ (rising edge-triggered flip-flop clocked by hk_serial_clk)
Endpoint: _38902_ (rising edge-triggered flip-flop clocked by hk_serial_clk)
Path Group: hk_serial_clk
Path Type: min

Fanout     Cap    Slew   Delay    Time   Description
-----------------------------------------------------------------------------
                          0.00    0.00   clock hk_serial_clk (rise edge)
                          0.00    0.00   clock source latency
                  0.27    0.00    0.00 ^ housekeeping/serial_clock (housekeeping)
     2    0.24                           gpio_control_bidir_1[0].serial_clock (net)
                  0.27    0.00    0.00 ^ fanout2307/A (sky130_fd_sc_hd__buf_12)
                  0.17    0.22    0.22 ^ fanout2307/X (sky130_fd_sc_hd__buf_12)
     4    0.15                           net2307 (net)
                  0.21    0.05    0.28 ^ wire2309/A (sky130_fd_sc_hd__buf_6)
                  0.21    0.25    0.53 ^ wire2309/X (sky130_fd_sc_hd__buf_6)
     1    0.10                           net2309 (net)
                  0.21    0.01    0.54 ^ wire593/A (sky130_fd_sc_hd__clkbuf_16)
                  0.15    0.23    0.77 ^ wire593/X (sky130_fd_sc_hd__clkbuf_16)
     3    0.14                           net3482 (net)
                  0.18    0.05    0.82 ^ wire2308/A (sky130_fd_sc_hd__buf_6)
                  0.18    0.23    1.05 ^ wire2308/X (sky130_fd_sc_hd__buf_6)
     1    0.09                           net2308 (net)
                  0.18    0.01    1.05 ^ wire530/A (sky130_fd_sc_hd__buf_8)
                  0.19    0.22    1.27 ^ wire530/X (sky130_fd_sc_hd__buf_8)
     4    0.12                           net3427 (net)
                  0.20    0.03    1.30 ^ wire529/A (sky130_fd_sc_hd__buf_12)
                  0.19    0.21    1.51 ^ wire529/X (sky130_fd_sc_hd__buf_12)
    15    0.16                           net3426 (net)
                  0.22    0.05    1.57 ^ gpio_control_bidir_2[2].BUF[2]/A (sky130_fd_sc_hd__buf_12)
                  0.14    0.20    1.76 ^ gpio_control_bidir_2[2].BUF[2]/X (sky130_fd_sc_hd__buf_12)
    15    0.12                           gpio_control_bidir_2[1].serial_clock (net)
                  0.15    0.03    1.79 ^ gpio_control_bidir_2[1].BUF[2]/A (sky130_fd_sc_hd__buf_12)
                  0.16    0.19    1.99 ^ gpio_control_bidir_2[1].BUF[2]/X (sky130_fd_sc_hd__buf_12)
    15    0.13                           gpio_control_bidir_2[0].serial_clock (net)
                  0.18    0.04    2.02 ^ gpio_control_bidir_2[0].BUF[2]/A (sky130_fd_sc_hd__clkbuf_8)
                  0.19    0.26    2.29 ^ gpio_control_bidir_2[0].BUF[2]/X (sky130_fd_sc_hd__clkbuf_8)
    15    0.11                           gpio_control_bidir_2[0].serial_clock_out (net)
                  0.20    0.02    2.31 ^ gpio_control_in_2[15].BUF[2]/A (sky130_fd_sc_hd__buf_8)
                  0.13    0.20    2.50 ^ gpio_control_in_2[15].BUF[2]/X (sky130_fd_sc_hd__buf_8)
    15    0.08                           gpio_control_in_2[14].serial_clock (net)
                  0.13    0.01    2.51 ^ gpio_control_in_2[14].BUF[2]/A (sky130_fd_sc_hd__buf_12)
                  0.12    0.17    2.68 ^ gpio_control_in_2[14].BUF[2]/X (sky130_fd_sc_hd__buf_12)
    15    0.10                           gpio_control_in_2[13].serial_clock (net)
                  0.13    0.02    2.70 ^ gpio_control_in_2[13].BUF[2]/A (sky130_fd_sc_hd__buf_12)
                  0.14    0.18    2.88 ^ gpio_control_in_2[13].BUF[2]/X (sky130_fd_sc_hd__buf_12)
    15    0.12                           gpio_control_in_2[12].serial_clock (net)
                  0.15    0.03    2.91 ^ gpio_control_in_2[12].BUF[2]/A (sky130_fd_sc_hd__buf_12)
                  0.12    0.17    3.08 ^ gpio_control_in_2[12].BUF[2]/X (sky130_fd_sc_hd__buf_12)
    15    0.10                           gpio_control_in_2[11].serial_clock (net)
                  0.12    0.02    3.10 ^ gpio_control_in_2[11].BUF[2]/A (sky130_fd_sc_hd__buf_8)
                  0.15    0.18    3.28 ^ gpio_control_in_2[11].BUF[2]/X (sky130_fd_sc_hd__buf_8)
    15    0.09                           gpio_control_in_2[10].serial_clock (net)
                  0.15    0.01    3.30 ^ gpio_control_in_2[10].BUF[2]/A (sky130_fd_sc_hd__clkbuf_8)
                  0.15    0.23    3.53 ^ gpio_control_in_2[10].BUF[2]/X (sky130_fd_sc_hd__clkbuf_8)
    15    0.08                           gpio_control_in_2[10].serial_clock_out (net)
                  0.15    0.01    3.54 ^ gpio_control_in_2[9].BUF[2]/A (sky130_fd_sc_hd__buf_12)
                  0.12    0.17    3.71 ^ gpio_control_in_2[9].BUF[2]/X (sky130_fd_sc_hd__buf_12)
    15    0.09                           gpio_control_in_2[8].serial_clock (net)
                  0.12    0.02    3.73 ^ gpio_control_in_2[8].BUF[2]/A (sky130_fd_sc_hd__buf_12)
                  0.12    0.16    3.89 ^ gpio_control_in_2[8].BUF[2]/X (sky130_fd_sc_hd__buf_12)
    15    0.09                           gpio_control_in_2[7].serial_clock (net)
                  0.12    0.02    3.91 ^ gpio_control_in_2[7].BUF[2]/A (sky130_fd_sc_hd__buf_12)
                  0.14    0.18    4.09 ^ gpio_control_in_2[7].BUF[2]/X (sky130_fd_sc_hd__buf_12)
    15    0.12                           gpio_control_in_2[6].serial_clock (net)
                  0.14    0.02    4.11 ^ _38901_/CLK (sky130_fd_sc_hd__dfrtp_4)
                  0.06    0.42    4.52 ^ _38901_/Q (sky130_fd_sc_hd__dfrtp_4)
     2    0.01                           gpio_control_in_2[6].shift_register[1] (net)
                  0.06    0.00    4.52 ^ hold7450/A (sky130_fd_sc_hd__clkdlybuf4s15_2)
                  0.03    0.18    4.70 ^ hold7450/X (sky130_fd_sc_hd__clkdlybuf4s15_2)
     1    0.00                           net12027 (net)
                  0.03    0.00    4.70 ^ hold1130/A (sky130_fd_sc_hd__clkdlybuf4s15_2)
                  0.03    0.17    4.87 ^ hold1130/X (sky130_fd_sc_hd__clkdlybuf4s15_2)
     1    0.00                           net11244 (net)
                  0.03    0.00    4.87 ^ hold136/A (sky130_fd_sc_hd__clkdlybuf4s15_2)
                  0.03    0.17    5.04 ^ hold136/X (sky130_fd_sc_hd__clkdlybuf4s15_2)
     1    0.00                           net2884 (net)
                  0.03    0.00    5.04 ^ hold1131/A (sky130_fd_sc_hd__clkdlybuf4s15_2)
                  0.04    0.18    5.22 ^ hold1131/X (sky130_fd_sc_hd__clkdlybuf4s15_2)
     1    0.01                           net11245 (net)
                  0.04    0.00    5.22 ^ _38902_/D (sky130_fd_sc_hd__dfrtp_4)
                                  5.22   data arrival time

                          0.00    0.00   clock hk_serial_clk (rise edge)
                          0.00    0.00   clock source latency
                  0.27    0.00    0.00 ^ housekeeping/serial_clock (housekeeping)
     2    0.24                           gpio_control_bidir_1[0].serial_clock (net)
                  0.27    0.00    0.00 ^ fanout2307/A (sky130_fd_sc_hd__buf_12)
                  0.17    0.24    0.24 ^ fanout2307/X (sky130_fd_sc_hd__buf_12)
     4    0.15                           net2307 (net)
                  0.21    0.06    0.30 ^ wire2309/A (sky130_fd_sc_hd__buf_6)
                  0.21    0.27    0.57 ^ wire2309/X (sky130_fd_sc_hd__buf_6)
     1    0.10                           net2309 (net)
                  0.21    0.01    0.58 ^ wire593/A (sky130_fd_sc_hd__clkbuf_16)
                  0.15    0.25    0.83 ^ wire593/X (sky130_fd_sc_hd__clkbuf_16)
     3    0.14                           net3482 (net)
                  0.18    0.05    0.88 ^ wire2308/A (sky130_fd_sc_hd__buf_6)
                  0.18    0.25    1.13 ^ wire2308/X (sky130_fd_sc_hd__buf_6)
     1    0.09                           net2308 (net)
                  0.18    0.01    1.13 ^ wire530/A (sky130_fd_sc_hd__buf_8)
                  0.19    0.24    1.37 ^ wire530/X (sky130_fd_sc_hd__buf_8)
     4    0.12                           net3427 (net)
                  0.20    0.03    1.40 ^ wire529/A (sky130_fd_sc_hd__buf_12)
                  0.19    0.23    1.63 ^ wire529/X (sky130_fd_sc_hd__buf_12)
    15    0.16                           net3426 (net)
                  0.22    0.06    1.69 ^ gpio_control_bidir_2[2].BUF[2]/A (sky130_fd_sc_hd__buf_12)
                  0.14    0.21    1.90 ^ gpio_control_bidir_2[2].BUF[2]/X (sky130_fd_sc_hd__buf_12)
    15    0.12                           gpio_control_bidir_2[1].serial_clock (net)
                  0.15    0.03    1.93 ^ gpio_control_bidir_2[1].BUF[2]/A (sky130_fd_sc_hd__buf_12)
                  0.16    0.21    2.14 ^ gpio_control_bidir_2[1].BUF[2]/X (sky130_fd_sc_hd__buf_12)
    15    0.13                           gpio_control_bidir_2[0].serial_clock (net)
                  0.18    0.04    2.18 ^ gpio_control_bidir_2[0].BUF[2]/A (sky130_fd_sc_hd__clkbuf_8)
                  0.19    0.28    2.46 ^ gpio_control_bidir_2[0].BUF[2]/X (sky130_fd_sc_hd__clkbuf_8)
    15    0.11                           gpio_control_bidir_2[0].serial_clock_out (net)
                  0.20    0.02    2.49 ^ gpio_control_in_2[15].BUF[2]/A (sky130_fd_sc_hd__buf_8)
                  0.13    0.21    2.70 ^ gpio_control_in_2[15].BUF[2]/X (sky130_fd_sc_hd__buf_8)
    15    0.08                           gpio_control_in_2[14].serial_clock (net)
                  0.13    0.01    2.71 ^ gpio_control_in_2[14].BUF[2]/A (sky130_fd_sc_hd__buf_12)
                  0.12    0.19    2.89 ^ gpio_control_in_2[14].BUF[2]/X (sky130_fd_sc_hd__buf_12)
    15    0.10                           gpio_control_in_2[13].serial_clock (net)
                  0.13    0.02    2.91 ^ gpio_control_in_2[13].BUF[2]/A (sky130_fd_sc_hd__buf_12)
                  0.14    0.19    3.10 ^ gpio_control_in_2[13].BUF[2]/X (sky130_fd_sc_hd__buf_12)
    15    0.12                           gpio_control_in_2[12].serial_clock (net)
                  0.15    0.03    3.13 ^ gpio_control_in_2[12].BUF[2]/A (sky130_fd_sc_hd__buf_12)
                  0.12    0.19    3.32 ^ gpio_control_in_2[12].BUF[2]/X (sky130_fd_sc_hd__buf_12)
    15    0.10                           gpio_control_in_2[11].serial_clock (net)
                  0.12    0.02    3.34 ^ gpio_control_in_2[11].BUF[2]/A (sky130_fd_sc_hd__buf_8)
                  0.15    0.20    3.54 ^ gpio_control_in_2[11].BUF[2]/X (sky130_fd_sc_hd__buf_8)
    15    0.09                           gpio_control_in_2[10].serial_clock (net)
                  0.15    0.02    3.55 ^ gpio_control_in_2[10].BUF[2]/A (sky130_fd_sc_hd__clkbuf_8)
                  0.15    0.25    3.80 ^ gpio_control_in_2[10].BUF[2]/X (sky130_fd_sc_hd__clkbuf_8)
    15    0.08                           gpio_control_in_2[10].serial_clock_out (net)
                  0.15    0.01    3.82 ^ gpio_control_in_2[9].BUF[2]/A (sky130_fd_sc_hd__buf_12)
                  0.12    0.19    4.00 ^ gpio_control_in_2[9].BUF[2]/X (sky130_fd_sc_hd__buf_12)
    15    0.09                           gpio_control_in_2[8].serial_clock (net)
                  0.12    0.02    4.02 ^ gpio_control_in_2[8].BUF[2]/A (sky130_fd_sc_hd__buf_12)
                  0.12    0.18    4.20 ^ gpio_control_in_2[8].BUF[2]/X (sky130_fd_sc_hd__buf_12)
    15    0.09                           gpio_control_in_2[7].serial_clock (net)
                  0.12    0.02    4.22 ^ gpio_control_in_2[7].BUF[2]/A (sky130_fd_sc_hd__buf_12)
                  0.14    0.19    4.41 ^ gpio_control_in_2[7].BUF[2]/X (sky130_fd_sc_hd__buf_12)
    15    0.12                           gpio_control_in_2[6].serial_clock (net)
                  0.14    0.02    4.43 ^ _38902_/CLK (sky130_fd_sc_hd__dfrtp_4)
                          0.10    4.53   clock uncertainty
                         -0.32    4.21   clock reconvergence pessimism
                         -0.02    4.19   library hold time
                                  4.19   data required time
-----------------------------------------------------------------------------
                                  4.19   data required time
                                 -5.22   data arrival time
-----------------------------------------------------------------------------
                                  1.03   slack (MET)


