
===========================================================================
report_parasitic_annotation -report_unannotated
============================================================================
Found 672 unannotated nets.
 _15944_
 _15945_
 _15946_
 _15947_
 _15948_
 _15949_
 _15950_
 _15951_
 _15952_
 _15953_
 _15954_
 _15955_
 _15956_
 _15957_
 _15958_
 _15959_
 _15960_
 _15961_
 _15962_
 _15963_
 _15964_
 _15965_
 _15966_
 _15967_
 _15968_
 _15969_
 _15970_
 _15971_
 _15972_
 _15973_
 _15974_
 _15975_
 _15976_
 _15977_
 _15978_
 _15979_
 _15980_
 _15981_
 _15982_
 _15983_
 _15984_
 _15985_
 _15986_
 _15987_
 _15988_
 _15989_
 _15990_
 _15991_
 _15992_
 _15993_
 _15994_
 _15995_
 _15996_
 _15997_
 _15998_
 _15999_
 _16000_
 _16001_
 _16002_
 _16003_
 _16004_
 _16005_
 _16006_
 _16007_
 _16008_
 _16009_
 _16010_
 _16011_
 _16012_
 _16013_
 _16014_
 _16015_
 _16016_
 _16017_
 _16018_
 _16019_
 _16020_
 _16021_
 _16022_
 _16023_
 _16024_
 _16025_
 _16026_
 _16027_
 _16028_
 _16029_
 _16030_
 _16031_
 _16032_
 _16033_
 _16034_
 _16035_
 _16036_
 _16037_
 _16038_
 _16039_
 _16040_
 _16041_
 _16042_
 _16043_
 _16044_
 _16045_
 _16046_
 _16047_
 _16048_
 _16049_
 _16050_
 _16051_
 _16052_
 _16053_
 _16054_
 _16055_
 _16056_
 _16057_
 _16058_
 _16059_
 _16060_
 _16061_
 _16062_
 _16063_
 _16064_
 _16065_
 _16066_
 _16067_
 _16068_
 _16069_
 _16070_
 _16071_
 _16072_
 _16073_
 _16074_
 _16075_
 _16076_
 _16077_
 _16078_
 _16079_
 _16080_
 _16081_
 _16082_
 _16083_
 _16084_
 _16085_
 _16086_
 _16087_
 _16088_
 _16089_
 _16090_
 _16091_
 _16092_
 _16093_
 _16094_
 _16095_
 _16096_
 _16097_
 _16098_
 _16099_
 _16100_
 _16101_
 _16102_
 _16103_
 _16104_
 _16105_
 _16106_
 _16107_
 _16108_
 _16109_
 _16110_
 _16111_
 _16112_
 _16113_
 _16114_
 _16115_
 _16116_
 _16117_
 _16118_
 _16119_
 _16120_
 _16121_
 _16122_
 _16123_
 _16124_
 _16125_
 _16126_
 _16127_
 _16128_
 _16129_
 _16130_
 _16131_
 _16132_
 _16133_
 _16134_
 _16135_
 _16136_
 _16137_
 _16138_
 _16139_
 _16140_
 _16141_
 _16142_
 _16143_
 _16144_
 _16145_
 _16146_
 _16147_
 _16148_
 _16149_
 _16150_
 _16151_
 _16152_
 _16153_
 _16154_
 _16155_
 _16156_
 _16157_
 _16158_
 _16159_
 _16160_
 _16161_
 _16162_
 _16163_
 _16164_
 _16165_
 _16166_
 _16167_
 _16168_
 _16169_
 _16170_
 _16171_
 _16172_
 _16173_
 _16174_
 _16175_
 _16176_
 _16177_
 _16178_
 _16179_
 _16180_
 _16181_
 _16182_
 _16183_
 _16184_
 _16185_
 _16186_
 _16187_
 _16188_
 _16189_
 _16190_
 _16191_
 _16192_
 _16193_
 _16194_
 _16195_
 _16196_
 _16197_
 _16198_
 _16199_
 _16200_
 _16201_
 _16202_
 _16203_
 _16204_
 _16205_
 _16206_
 _16207_
 _16208_
 _16209_
 _16210_
 _16211_
 _16212_
 _16213_
 _16214_
 _16215_
 _16216_
 _16217_
 _16218_
 _16219_
 _16220_
 _16221_
 _16222_
 _16223_
 _16224_
 _16225_
 _16226_
 _16227_
 _16228_
 _16229_
 _16230_
 _16231_
 _16232_
 _16233_
 _16234_
 _16235_
 _16236_
 _16237_
 _16238_
 _16239_
 _16240_
 _16241_
 _16242_
 _16243_
 _16244_
 _16245_
 _16246_
 _16247_
 _16248_
 _16249_
 _16250_
 _16251_
 _16252_
 _16253_
 _16254_
 _16255_
 _16256_
 _16257_
 _16258_
 _16259_
 _16260_
 _16261_
 _16262_
 _16263_
 _16264_
 _16265_
 _16266_
 _16267_
 _16268_
 _16269_
 _16270_
 _16271_
 _16272_
 _16273_
 _16274_
 _16275_
 _16276_
 _16277_
 _16278_
 _16279_
 _16280_
 _16281_
 _16282_
 _16283_
 _16284_
 _16285_
 _16286_
 _16287_
 _16288_
 _16289_
 _16290_
 _16291_
 _16292_
 _16293_
 _16294_
 _16295_
 _16296_
 _16297_
 _16298_
 _16299_
 _16300_
 _16301_
 _16302_
 _16303_
 _16304_
 _16305_
 _16306_
 _16307_
 _16308_
 _16309_
 _16310_
 _16311_
 _16312_
 _16313_
 _16314_
 _16315_
 _16316_
 _16317_
 _16318_
 _16319_
 _16320_
 _16321_
 _16322_
 _16323_
 _16324_
 _16325_
 _16326_
 _16327_
 _16328_
 _16329_
 _16330_
 _16331_
 _16332_
 _16333_
 _16334_
 _16335_
 _16336_
 _16337_
 _16338_
 _16339_
 _16340_
 _16341_
 _16342_
 _16343_
 _16344_
 _16345_
 _16346_
 _16347_
 _16348_
 _16349_
 _16350_
 _16351_
 _16352_
 _16353_
 _16354_
 _16355_
 _16356_
 _16357_
 _16358_
 _16359_
 _16360_
 _16361_
 _16362_
 _16363_
 _16364_
 _16365_
 _16366_
 _16367_
 _16368_
 _16369_
 _16370_
 _16371_
 _16372_
 _16373_
 _16374_
 _16375_
 _16376_
 _16377_
 _16378_
 _16379_
 _16380_
 _16381_
 _16382_
 _16383_
 _16384_
 _16385_
 _16386_
 _16387_
 _16388_
 _16389_
 _16390_
 _16391_
 _16392_
 _16393_
 _16394_
 _16395_
 _16396_
 _16397_
 _16398_
 _16399_
 gpio_control_in_1\[10\].resetn_out
 gpio_control_in_1\[10\].serial_clock_out
 gpio_control_in_1\[10\].serial_load_out
 gpio_control_in_2\[0\].resetn_out
 gpio_control_in_2\[0\].serial_clock_out
 gpio_control_in_2\[0\].serial_load_out
 mgmt_buffers.mprj_logic1\[10\]
 mgmt_buffers.mprj_logic1\[11\]
 mgmt_io_oeb_hk\[10\]
 mgmt_io_oeb_hk\[11\]
 mgmt_io_oeb_hk\[12\]
 mgmt_io_oeb_hk\[13\]
 mgmt_io_oeb_hk\[14\]
 mgmt_io_oeb_hk\[15\]
 mgmt_io_oeb_hk\[16\]
 mgmt_io_oeb_hk\[17\]
 mgmt_io_oeb_hk\[18\]
 mgmt_io_oeb_hk\[19\]
 mgmt_io_oeb_hk\[20\]
 mgmt_io_oeb_hk\[21\]
 mgmt_io_oeb_hk\[22\]
 mgmt_io_oeb_hk\[23\]
 mgmt_io_oeb_hk\[24\]
 mgmt_io_oeb_hk\[25\]
 mgmt_io_oeb_hk\[26\]
 mgmt_io_oeb_hk\[27\]
 mgmt_io_oeb_hk\[28\]
 mgmt_io_oeb_hk\[29\]
 mgmt_io_oeb_hk\[2\]
 mgmt_io_oeb_hk\[30\]
 mgmt_io_oeb_hk\[31\]
 mgmt_io_oeb_hk\[32\]
 mgmt_io_oeb_hk\[33\]
 mgmt_io_oeb_hk\[34\]
 mgmt_io_oeb_hk\[3\]
 mgmt_io_oeb_hk\[4\]
 mgmt_io_oeb_hk\[5\]
 mgmt_io_oeb_hk\[6\]
 mgmt_io_oeb_hk\[7\]
 mgmt_io_oeb_hk\[8\]
 mgmt_io_oeb_hk\[9\]
 pwr_ctrl_nc\[0\]
 pwr_ctrl_nc\[1\]
 pwr_ctrl_nc\[2\]
 pwr_ctrl_nc\[3\]
 soc.core.flash_io0_di
 soc.core.flash_io2_di
 soc.core.flash_io3_di
 spare_xfq_nc\[0\]
 spare_xfq_nc\[1\]
 spare_xfq_nc\[2\]
 spare_xfq_nc\[3\]
 spare_xfq_nc\[4\]
 spare_xfq_nc\[5\]
 spare_xfq_nc\[6\]
 spare_xfq_nc\[7\]
 spare_xfqn_nc\[0\]
 spare_xfqn_nc\[1\]
 spare_xfqn_nc\[2\]
 spare_xfqn_nc\[3\]
 spare_xfqn_nc\[4\]
 spare_xfqn_nc\[5\]
 spare_xfqn_nc\[6\]
 spare_xfqn_nc\[7\]
 spare_xi_nc\[0\]
 spare_xi_nc\[10\]
 spare_xi_nc\[11\]
 spare_xi_nc\[12\]
 spare_xi_nc\[13\]
 spare_xi_nc\[14\]
 spare_xi_nc\[15\]
 spare_xi_nc\[1\]
 spare_xi_nc\[2\]
 spare_xi_nc\[3\]
 spare_xi_nc\[4\]
 spare_xi_nc\[5\]
 spare_xi_nc\[6\]
 spare_xi_nc\[7\]
 spare_xi_nc\[8\]
 spare_xi_nc\[9\]
 spare_xib_nc\[0\]
 spare_xib_nc\[1\]
 spare_xib_nc\[2\]
 spare_xib_nc\[3\]
 spare_xmx_nc\[0\]
 spare_xmx_nc\[1\]
 spare_xmx_nc\[2\]
 spare_xmx_nc\[3\]
 spare_xmx_nc\[4\]
 spare_xmx_nc\[5\]
 spare_xmx_nc\[6\]
 spare_xmx_nc\[7\]
 spare_xna_nc\[0\]
 spare_xna_nc\[1\]
 spare_xna_nc\[2\]
 spare_xna_nc\[3\]
 spare_xna_nc\[4\]
 spare_xna_nc\[5\]
 spare_xna_nc\[6\]
 spare_xna_nc\[7\]
 spare_xno_nc\[0\]
 spare_xno_nc\[1\]
 spare_xno_nc\[2\]
 spare_xno_nc\[3\]
 spare_xno_nc\[4\]
 spare_xno_nc\[5\]
 spare_xno_nc\[6\]
 spare_xno_nc\[7\]
 spare_xz_nc\[0\]
 spare_xz_nc\[100\]
 spare_xz_nc\[101\]
 spare_xz_nc\[102\]
 spare_xz_nc\[103\]
 spare_xz_nc\[104\]
 spare_xz_nc\[105\]
 spare_xz_nc\[106\]
 spare_xz_nc\[107\]
 spare_xz_nc\[10\]
 spare_xz_nc\[11\]
 spare_xz_nc\[12\]
 spare_xz_nc\[13\]
 spare_xz_nc\[14\]
 spare_xz_nc\[15\]
 spare_xz_nc\[16\]
 spare_xz_nc\[17\]
 spare_xz_nc\[18\]
 spare_xz_nc\[19\]
 spare_xz_nc\[1\]
 spare_xz_nc\[20\]
 spare_xz_nc\[21\]
 spare_xz_nc\[22\]
 spare_xz_nc\[23\]
 spare_xz_nc\[24\]
 spare_xz_nc\[25\]
 spare_xz_nc\[26\]
 spare_xz_nc\[27\]
 spare_xz_nc\[28\]
 spare_xz_nc\[29\]
 spare_xz_nc\[2\]
 spare_xz_nc\[30\]
 spare_xz_nc\[31\]
 spare_xz_nc\[32\]
 spare_xz_nc\[33\]
 spare_xz_nc\[34\]
 spare_xz_nc\[35\]
 spare_xz_nc\[36\]
 spare_xz_nc\[37\]
 spare_xz_nc\[38\]
 spare_xz_nc\[39\]
 spare_xz_nc\[3\]
 spare_xz_nc\[40\]
 spare_xz_nc\[41\]
 spare_xz_nc\[42\]
 spare_xz_nc\[43\]
 spare_xz_nc\[44\]
 spare_xz_nc\[45\]
 spare_xz_nc\[46\]
 spare_xz_nc\[47\]
 spare_xz_nc\[48\]
 spare_xz_nc\[49\]
 spare_xz_nc\[4\]
 spare_xz_nc\[50\]
 spare_xz_nc\[51\]
 spare_xz_nc\[52\]
 spare_xz_nc\[53\]
 spare_xz_nc\[54\]
 spare_xz_nc\[55\]
 spare_xz_nc\[56\]
 spare_xz_nc\[57\]
 spare_xz_nc\[58\]
 spare_xz_nc\[59\]
 spare_xz_nc\[5\]
 spare_xz_nc\[60\]
 spare_xz_nc\[61\]
 spare_xz_nc\[62\]
 spare_xz_nc\[63\]
 spare_xz_nc\[64\]
 spare_xz_nc\[65\]
 spare_xz_nc\[66\]
 spare_xz_nc\[67\]
 spare_xz_nc\[68\]
 spare_xz_nc\[69\]
 spare_xz_nc\[6\]
 spare_xz_nc\[70\]
 spare_xz_nc\[71\]
 spare_xz_nc\[72\]
 spare_xz_nc\[73\]
 spare_xz_nc\[74\]
 spare_xz_nc\[75\]
 spare_xz_nc\[76\]
 spare_xz_nc\[77\]
 spare_xz_nc\[78\]
 spare_xz_nc\[79\]
 spare_xz_nc\[7\]
 spare_xz_nc\[80\]
 spare_xz_nc\[81\]
 spare_xz_nc\[82\]
 spare_xz_nc\[83\]
 spare_xz_nc\[84\]
 spare_xz_nc\[85\]
 spare_xz_nc\[86\]
 spare_xz_nc\[87\]
 spare_xz_nc\[88\]
 spare_xz_nc\[89\]
 spare_xz_nc\[8\]
 spare_xz_nc\[90\]
 spare_xz_nc\[91\]
 spare_xz_nc\[92\]
 spare_xz_nc\[93\]
 spare_xz_nc\[94\]
 spare_xz_nc\[95\]
 spare_xz_nc\[96\]
 spare_xz_nc\[97\]
 spare_xz_nc\[98\]
 spare_xz_nc\[99\]
 spare_xz_nc\[9\]
Found 1 partially unannotated nets.
 mgmt_buffers.caravel_clk
  clock_ctrl/core_clk
  clock_ctrl/core_clk
parastic_annotation_check
check_slew

===========================================================================
 report_check_types -max_slew -max_cap -max_fanout -violators
============================================================================
max slew

Pin                                    Limit    Slew   Slack
------------------------------------------------------------
mprj/analog_io[28]                      0.60    1.54   -0.94 (VIOLATED)
mprj/analog_io[25]                      0.60    1.53   -0.93 (VIOLATED)
mprj/analog_io[27]                      0.60    1.53   -0.93 (VIOLATED)
mprj/analog_io[26]                      0.60    1.52   -0.92 (VIOLATED)
mprj/analog_io[19]                      0.60    1.52   -0.92 (VIOLATED)
mprj/analog_io[12]                      0.60    1.52   -0.92 (VIOLATED)
mprj/analog_io[20]                      0.60    1.52   -0.92 (VIOLATED)
mprj/analog_io[18]                      0.60    1.52   -0.92 (VIOLATED)
mprj/analog_io[21]                      0.60    1.51   -0.91 (VIOLATED)
mprj/analog_io[13]                      0.60    1.51   -0.91 (VIOLATED)
mprj/analog_io[22]                      0.60    1.51   -0.91 (VIOLATED)
mprj/analog_io[14]                      0.60    1.51   -0.91 (VIOLATED)
mprj/analog_io[15]                      0.60    1.50   -0.90 (VIOLATED)
mprj/analog_io[16]                      0.60    1.50   -0.90 (VIOLATED)
mprj/analog_io[11]                      0.60    1.50   -0.90 (VIOLATED)
mprj/analog_io[23]                      0.60    1.50   -0.90 (VIOLATED)
mprj/analog_io[7]                       0.60    1.50   -0.90 (VIOLATED)
mprj/analog_io[9]                       0.60    1.50   -0.90 (VIOLATED)
mprj/analog_io[24]                      0.60    1.50   -0.90 (VIOLATED)
mprj/analog_io[10]                      0.60    1.50   -0.90 (VIOLATED)
mprj/analog_io[5]                       0.60    1.49   -0.89 (VIOLATED)
mprj/analog_io[17]                      0.60    1.49   -0.89 (VIOLATED)
mprj/analog_io[0]                       0.60    1.49   -0.89 (VIOLATED)
mprj/analog_io[8]                       0.60    1.49   -0.89 (VIOLATED)
mprj/analog_io[4]                       0.60    1.49   -0.89 (VIOLATED)
mprj/analog_io[1]                       0.60    1.49   -0.89 (VIOLATED)
mprj/analog_io[6]                       0.60    1.49   -0.89 (VIOLATED)
mprj/analog_io[3]                       0.60    1.49   -0.89 (VIOLATED)
mprj/analog_io[2]                       0.60    1.49   -0.89 (VIOLATED)
mprj/wb_clk_i                           0.10    0.57   -0.47 (VIOLATED)
soc.core.RAM128/WE0[0]                  0.30    0.52   -0.22 (VIOLATED)
soc.core.RAM128/WE0[1]                  0.30    0.46   -0.16 (VIOLATED)
soc.core.RAM128/WE0[3]                  0.30    0.42   -0.12 (VIOLATED)
soc.core.RAM128/WE0[2]                  0.30    0.39   -0.09 (VIOLATED)
soc.core.RAM256.BANK128[0].RAM128/A0[5]    0.30    0.31   -0.01 (VIOLATED)
soc.core.RAM256.BANK128[1].RAM128/A0[5]    0.30    0.30   -0.00 (VIOLATED)
soc.core.RAM256.BANK128[0].RAM128/A0[4]    0.30    0.30   -0.00 (VIOLATED)
soc.core.RAM256.BANK128[1].RAM128/A0[4]    0.30    0.30   -0.00 (VIOLATED)

max fanout

Pin                                   Limit Fanout  Slack
---------------------------------------------------------
mgmt_buffers.mprj_logic_high_inst/HI[454]     18     39    -21 (VIOLATED)
fanout1575/X                             18     30    -12 (VIOLATED)
mgmt_buffers.mprj_logic_high_inst/HI[176]     18     26     -8 (VIOLATED)
_22583_/X                                18     25     -7 (VIOLATED)
mgmt_buffers.mprj_logic_high_inst/HI[451]     18     23     -5 (VIOLATED)
wire409/X                                18     23     -5 (VIOLATED)
fanout1068/X                             18     20     -2 (VIOLATED)
fanout1684/X                             18     20     -2 (VIOLATED)
fanout1703/X                             18     20     -2 (VIOLATED)
fanout903/X                              18     20     -2 (VIOLATED)
mgmt_buffers.mprj_logic_high_inst/HI[161]     18     20     -2 (VIOLATED)
_36268_/Q                                18     19        (VIOLATED)
fanout1050/X                             18     19        (VIOLATED)
fanout1057/X                             18     19        (VIOLATED)
fanout1058/X                             18     19        (VIOLATED)
fanout1059/X                             18     19        (VIOLATED)
fanout1070/X                             18     19        (VIOLATED)
fanout1089/X                             18     19        (VIOLATED)
fanout1095/X                             18     19        (VIOLATED)
fanout1102/X                             18     19        (VIOLATED)
fanout1123/X                             18     19        (VIOLATED)
fanout1174/X                             18     19        (VIOLATED)
fanout1326/X                             18     19        (VIOLATED)
fanout1328/X                             18     19        (VIOLATED)
fanout1666/X                             18     19        (VIOLATED)
fanout1670/X                             18     19        (VIOLATED)
fanout1674/X                             18     19        (VIOLATED)
fanout1678/X                             18     19        (VIOLATED)
fanout1682/X                             18     19        (VIOLATED)
fanout1686/X                             18     19        (VIOLATED)
fanout1690/X                             18     19        (VIOLATED)
fanout2209/X                             18     19        (VIOLATED)
fanout2223/X                             18     19        (VIOLATED)
fanout2325/X                             18     19        (VIOLATED)
fanout2376/X                             18     19        (VIOLATED)
fanout2388/X                             18     19        (VIOLATED)
fanout2410/X                             18     19        (VIOLATED)
fanout2413/X                             18     19        (VIOLATED)
fanout2424/X                             18     19        (VIOLATED)
fanout2463/X                             18     19        (VIOLATED)
fanout2479/X                             18     19        (VIOLATED)
fanout573/X                              18     19        (VIOLATED)
fanout604/X                              18     19        (VIOLATED)
fanout627/X                              18     19        (VIOLATED)
fanout660/X                              18     19        (VIOLATED)
fanout672/X                              18     19        (VIOLATED)
fanout719/X                              18     19        (VIOLATED)
fanout848/X                              18     19        (VIOLATED)
fanout913/X                              18     19        (VIOLATED)
fanout952/X                              18     19        (VIOLATED)
fanout998/X                              18     19        (VIOLATED)
mgmt_buffers.mprj_logic_high_inst/HI[169]     18     19        (VIOLATED)
mgmt_buffers.mprj_logic_high_inst/HI[171]     18     19        (VIOLATED)
mgmt_buffers.mprj_logic_high_inst/HI[201]     18     19        (VIOLATED)
mgmt_buffers.mprj_logic_high_inst/HI[293]     18     19        (VIOLATED)
mgmt_buffers.mprj_logic_high_inst/HI[358]     18     19        (VIOLATED)
mgmt_buffers.mprj_logic_high_inst/HI[360]     18     19        (VIOLATED)


===========================================================================
max slew violation count 38
max fanout violation count 57
max cap violation count 0
============================================================================
check_slew_end
tns_report

===========================================================================
 report_tns
============================================================================
tns 0.00
tns_report_end
wns_report

===========================================================================
 report_wns
============================================================================
wns 0.00
wns_report_end
worst_slack

===========================================================================
 report_worst_slack -max (Setup)
============================================================================
worst slack 4.53

===========================================================================
 report_worst_slack -min (Hold)
============================================================================
worst slack 0.51
worst_slack_end
clock_skew

===========================================================================
 report_clock_skew
============================================================================
Clock clk
Latency      CRPR       Skew
mprj/wb_clk_i ^
   2.54
_34767_/CLK ^
   1.39     -0.04       1.11

Clock hk_serial_clk
Latency      CRPR       Skew
_38591_/CLK ^
   4.18
_38605_/CLK ^
   4.58     -0.30      -0.70

Clock hk_serial_load
No launch/capture paths found.

clock_skew_end
power_report

===========================================================================
 report_power
============================================================================
Group                  Internal  Switching    Leakage      Total
                          Power      Power      Power      Power (Watts)
----------------------------------------------------------------
Sequential             9.08e-03   1.90e-03   5.25e-08   1.10e-02  22.3%
Combinational          1.60e-02   2.23e-02   4.73e-07   3.83e-02  77.7%
Macro                  0.00e+00   0.00e+00   0.00e+00   0.00e+00   0.0%
Pad                    0.00e+00   0.00e+00   0.00e+00   0.00e+00   0.0%
----------------------------------------------------------------
Total                  2.51e-02   2.42e-02   5.25e-07   4.93e-02 100.0%
                          50.9%      49.1%       0.0%
power_report_end
area_report

===========================================================================
 report_design_area
============================================================================
Design area 11859529 u^2 80% utilization.
area_report_end
Setting global connections for newly added cells...
[WARNING] Did not save OpenROAD database!
Writing SDF to /home/hosni/caravel_sky130/caravel_redesign-2/caravel/openlane/caravel_core/runs/23_02_28_04_39/results/routing/mca/process_corner_nom/caravel_core.sdf...

