
===========================================================================
 report_check_types -max_slew -max_cap -max_fanout -violators
============================================================================
max slew

Pin                                    Limit    Slew   Slack
------------------------------------------------------------
mprj/analog_io[28]                      0.60    1.54   -0.94 (VIOLATED)
mprj/analog_io[25]                      0.60    1.53   -0.93 (VIOLATED)
mprj/analog_io[27]                      0.60    1.53   -0.93 (VIOLATED)
mprj/analog_io[26]                      0.60    1.52   -0.92 (VIOLATED)
mprj/analog_io[19]                      0.60    1.52   -0.92 (VIOLATED)
mprj/analog_io[12]                      0.60    1.52   -0.92 (VIOLATED)
mprj/analog_io[20]                      0.60    1.52   -0.92 (VIOLATED)
mprj/analog_io[18]                      0.60    1.52   -0.92 (VIOLATED)
mprj/analog_io[21]                      0.60    1.51   -0.91 (VIOLATED)
mprj/analog_io[13]                      0.60    1.51   -0.91 (VIOLATED)
mprj/analog_io[22]                      0.60    1.51   -0.91 (VIOLATED)
mprj/analog_io[14]                      0.60    1.51   -0.91 (VIOLATED)
mprj/analog_io[15]                      0.60    1.50   -0.90 (VIOLATED)
mprj/analog_io[16]                      0.60    1.50   -0.90 (VIOLATED)
mprj/analog_io[11]                      0.60    1.50   -0.90 (VIOLATED)
mprj/analog_io[23]                      0.60    1.50   -0.90 (VIOLATED)
mprj/analog_io[7]                       0.60    1.50   -0.90 (VIOLATED)
mprj/analog_io[9]                       0.60    1.50   -0.90 (VIOLATED)
mprj/analog_io[24]                      0.60    1.50   -0.90 (VIOLATED)
mprj/analog_io[10]                      0.60    1.50   -0.90 (VIOLATED)
mprj/analog_io[5]                       0.60    1.49   -0.89 (VIOLATED)
mprj/analog_io[17]                      0.60    1.49   -0.89 (VIOLATED)
mprj/analog_io[0]                       0.60    1.49   -0.89 (VIOLATED)
mprj/analog_io[8]                       0.60    1.49   -0.89 (VIOLATED)
mprj/analog_io[4]                       0.60    1.49   -0.89 (VIOLATED)
mprj/analog_io[1]                       0.60    1.49   -0.89 (VIOLATED)
mprj/analog_io[6]                       0.60    1.49   -0.89 (VIOLATED)
mprj/analog_io[3]                       0.60    1.49   -0.89 (VIOLATED)
mprj/analog_io[2]                       0.60    1.49   -0.89 (VIOLATED)
mprj/wb_clk_i                           0.10    0.57   -0.47 (VIOLATED)
soc.core.RAM128/WE0[0]                  0.30    0.52   -0.22 (VIOLATED)
soc.core.RAM128/WE0[1]                  0.30    0.46   -0.16 (VIOLATED)
soc.core.RAM128/WE0[3]                  0.30    0.42   -0.12 (VIOLATED)
soc.core.RAM128/WE0[2]                  0.30    0.39   -0.09 (VIOLATED)
soc.core.RAM256.BANK128[0].RAM128/A0[5]    0.30    0.31   -0.01 (VIOLATED)
soc.core.RAM256.BANK128[1].RAM128/A0[5]    0.30    0.30   -0.00 (VIOLATED)
soc.core.RAM256.BANK128[0].RAM128/A0[4]    0.30    0.30   -0.00 (VIOLATED)
soc.core.RAM256.BANK128[1].RAM128/A0[4]    0.30    0.30   -0.00 (VIOLATED)

max fanout

Pin                                   Limit Fanout  Slack
---------------------------------------------------------
mgmt_buffers.mprj_logic_high_inst/HI[454]     18     39    -21 (VIOLATED)
fanout1575/X                             18     30    -12 (VIOLATED)
mgmt_buffers.mprj_logic_high_inst/HI[176]     18     26     -8 (VIOLATED)
_22583_/X                                18     25     -7 (VIOLATED)
mgmt_buffers.mprj_logic_high_inst/HI[451]     18     23     -5 (VIOLATED)
wire409/X                                18     23     -5 (VIOLATED)
fanout1068/X                             18     20     -2 (VIOLATED)
fanout1684/X                             18     20     -2 (VIOLATED)
fanout1703/X                             18     20     -2 (VIOLATED)
fanout903/X                              18     20     -2 (VIOLATED)
mgmt_buffers.mprj_logic_high_inst/HI[161]     18     20     -2 (VIOLATED)
_36268_/Q                                18     19        (VIOLATED)
fanout1050/X                             18     19        (VIOLATED)
fanout1057/X                             18     19        (VIOLATED)
fanout1058/X                             18     19        (VIOLATED)
fanout1059/X                             18     19        (VIOLATED)
fanout1070/X                             18     19        (VIOLATED)
fanout1089/X                             18     19        (VIOLATED)
fanout1095/X                             18     19        (VIOLATED)
fanout1102/X                             18     19        (VIOLATED)
fanout1123/X                             18     19        (VIOLATED)
fanout1174/X                             18     19        (VIOLATED)
fanout1326/X                             18     19        (VIOLATED)
fanout1328/X                             18     19        (VIOLATED)
fanout1666/X                             18     19        (VIOLATED)
fanout1670/X                             18     19        (VIOLATED)
fanout1674/X                             18     19        (VIOLATED)
fanout1678/X                             18     19        (VIOLATED)
fanout1682/X                             18     19        (VIOLATED)
fanout1686/X                             18     19        (VIOLATED)
fanout1690/X                             18     19        (VIOLATED)
fanout2209/X                             18     19        (VIOLATED)
fanout2223/X                             18     19        (VIOLATED)
fanout2325/X                             18     19        (VIOLATED)
fanout2376/X                             18     19        (VIOLATED)
fanout2388/X                             18     19        (VIOLATED)
fanout2410/X                             18     19        (VIOLATED)
fanout2413/X                             18     19        (VIOLATED)
fanout2424/X                             18     19        (VIOLATED)
fanout2463/X                             18     19        (VIOLATED)
fanout2479/X                             18     19        (VIOLATED)
fanout573/X                              18     19        (VIOLATED)
fanout604/X                              18     19        (VIOLATED)
fanout627/X                              18     19        (VIOLATED)
fanout660/X                              18     19        (VIOLATED)
fanout672/X                              18     19        (VIOLATED)
fanout719/X                              18     19        (VIOLATED)
fanout848/X                              18     19        (VIOLATED)
fanout913/X                              18     19        (VIOLATED)
fanout952/X                              18     19        (VIOLATED)
fanout998/X                              18     19        (VIOLATED)
mgmt_buffers.mprj_logic_high_inst/HI[169]     18     19        (VIOLATED)
mgmt_buffers.mprj_logic_high_inst/HI[171]     18     19        (VIOLATED)
mgmt_buffers.mprj_logic_high_inst/HI[201]     18     19        (VIOLATED)
mgmt_buffers.mprj_logic_high_inst/HI[293]     18     19        (VIOLATED)
mgmt_buffers.mprj_logic_high_inst/HI[358]     18     19        (VIOLATED)
mgmt_buffers.mprj_logic_high_inst/HI[360]     18     19        (VIOLATED)


===========================================================================
max slew violation count 38
max fanout violation count 57
max cap violation count 0
============================================================================
