
===========================================================================
report_checks -unconstrained
============================================================================
Startpoint: mprj (rising edge-triggered flip-flop clocked by clk)
Endpoint: _33604_ (rising edge-triggered flip-flop clocked by clk)
Path Group: clk
Path Type: max

Fanout     Cap    Slew   Delay    Time   Description
-----------------------------------------------------------------------------
                          0.00    0.00   clock clk (rise edge)
                          0.00    0.00   clock source latency
                  0.24    0.00    0.00 ^ clock_ctrl/core_clk (caravel_clocking)
     1    0.24                           mgmt_buffers.caravel_clk (net)
                  0.24    0.00    0.00 ^ clkbuf_0_mgmt_buffers.caravel_clk/A (sky130_fd_sc_hd__clkbuf_16)
                  0.14    0.27    0.27 ^ clkbuf_0_mgmt_buffers.caravel_clk/X (sky130_fd_sc_hd__clkbuf_16)
     3    0.12                           clknet_0_mgmt_buffers.caravel_clk (net)
                  0.14    0.02    0.29 ^ clkbuf_1_0_0_mgmt_buffers.caravel_clk/A (sky130_fd_sc_hd__clkbuf_8)
                  0.17    0.26    0.54 ^ clkbuf_1_0_0_mgmt_buffers.caravel_clk/X (sky130_fd_sc_hd__clkbuf_8)
     2    0.10                           clknet_1_0_0_mgmt_buffers.caravel_clk (net)
                  0.18    0.02    0.56 ^ clkbuf_2_1_0_mgmt_buffers.caravel_clk/A (sky130_fd_sc_hd__clkbuf_8)
                  0.17    0.27    0.83 ^ clkbuf_2_1_0_mgmt_buffers.caravel_clk/X (sky130_fd_sc_hd__clkbuf_8)
     3    0.09                           clknet_2_1_0_mgmt_buffers.caravel_clk (net)
                  0.17    0.01    0.85 ^ clkbuf_3_2_0_mgmt_buffers.caravel_clk/A (sky130_fd_sc_hd__clkbuf_8)
                  0.23    0.30    1.14 ^ clkbuf_3_2_0_mgmt_buffers.caravel_clk/X (sky130_fd_sc_hd__clkbuf_8)
     4    0.13                           clknet_3_2_0_mgmt_buffers.caravel_clk (net)
                  0.24    0.04    1.18 ^ clkbuf_5_10_0_mgmt_buffers.caravel_clk/A (sky130_fd_sc_hd__clkbuf_8)
                  0.14    0.27    1.45 ^ clkbuf_5_10_0_mgmt_buffers.caravel_clk/X (sky130_fd_sc_hd__clkbuf_8)
     4    0.08                           clknet_5_10_0_mgmt_buffers.caravel_clk (net)
                  0.14    0.01    1.47 ^ clkbuf_7_42__f_mgmt_buffers.caravel_clk/A (sky130_fd_sc_hd__clkbuf_16)
                  0.07    0.19    1.66 ^ clkbuf_7_42__f_mgmt_buffers.caravel_clk/X (sky130_fd_sc_hd__clkbuf_16)
     4    0.05                           clknet_7_42__leaf_mgmt_buffers.caravel_clk (net)
                  0.07    0.00    1.66 ^ _24081_/B (sky130_fd_sc_hd__and2_4)
                  0.56    0.50    2.15 ^ _24081_/X (sky130_fd_sc_hd__and2_4)
     1    0.20                           mgmt_buffers.user_clock (net)
                  0.57    0.06    2.21 ^ mprj/wb_clk_i (user_project_wrapper)
                  1.29   11.55   13.76 ^ mprj/wbs_ack_o (user_project_wrapper)
     1    0.13                           mgmt_buffers.mprj_ack_i_user (net)
                  1.30    0.06   13.82 ^ mgmt_buffers.user_wb_ack_gate/A (sky130_fd_sc_hd__nand2_2)
                  0.27    0.23   14.06 v mgmt_buffers.user_wb_ack_gate/Y (sky130_fd_sc_hd__nand2_2)
     1    0.02                           mgmt_buffers.mprj_ack_i_core_bar (net)
                  0.27    0.00   14.06 v wire1470/A (sky130_fd_sc_hd__buf_8)
                  0.08    0.26   14.32 v wire1470/X (sky130_fd_sc_hd__buf_8)
     1    0.10                           net11925 (net)
                  0.10    0.03   14.35 v wire395/A (sky130_fd_sc_hd__buf_6)
                  0.03    0.15   14.51 v wire395/X (sky130_fd_sc_hd__buf_6)
     1    0.02                           net3148 (net)
                  0.03    0.00   14.51 v wire1416/A (sky130_fd_sc_hd__buf_6)
                  0.09    0.16   14.67 v wire1416/X (sky130_fd_sc_hd__buf_6)
     1    0.10                           net11876 (net)
                  0.11    0.03   14.70 v _21807_/C (sky130_fd_sc_hd__and4bb_4)
                  0.09    0.29   14.99 v _21807_/X (sky130_fd_sc_hd__and4bb_4)
     1    0.04                           _11190_ (net)
                  0.09    0.01   15.00 v _21808_/C (sky130_fd_sc_hd__nand3_4)
                  0.31    0.28   15.27 ^ _21808_/Y (sky130_fd_sc_hd__nand3_4)
     4    0.10                           _11191_ (net)
                  0.32    0.03   15.30 ^ wire1300/A (sky130_fd_sc_hd__buf_12)
                  0.19    0.25   15.56 ^ wire1300/X (sky130_fd_sc_hd__buf_12)
    12    0.16                           net1300 (net)
                  0.20    0.03   15.59 ^ _21809_/B (sky130_fd_sc_hd__nand4b_4)
                  0.13    0.16   15.75 v _21809_/Y (sky130_fd_sc_hd__nand4b_4)
     1    0.02                           _11192_ (net)
                  0.13    0.00   15.75 v wire1204/A (sky130_fd_sc_hd__buf_8)
                  0.07    0.20   15.95 v wire1204/X (sky130_fd_sc_hd__buf_8)
     4    0.08                           net1204 (net)
                  0.07    0.01   15.96 v max_cap1202/A (sky130_fd_sc_hd__buf_6)
                  0.07    0.18   16.13 v max_cap1202/X (sky130_fd_sc_hd__buf_6)
     7    0.07                           net1202 (net)
                  0.07    0.00   16.14 v _21856_/A1 (sky130_fd_sc_hd__a21oi_4)
                  0.25    0.26   16.39 ^ _21856_/Y (sky130_fd_sc_hd__a21oi_4)
     2    0.03                           _11223_ (net)
                  0.25    0.00   16.40 ^ fanout756/A (sky130_fd_sc_hd__buf_6)
                  0.08    0.18   16.58 ^ fanout756/X (sky130_fd_sc_hd__buf_6)
     2    0.03                           net756 (net)
                  0.08    0.00   16.58 ^ fanout755/A (sky130_fd_sc_hd__buf_12)
                  0.16    0.20   16.78 ^ fanout755/X (sky130_fd_sc_hd__buf_12)
    13    0.13                           net755 (net)
                  0.16    0.01   16.79 ^ fanout754/A (sky130_fd_sc_hd__buf_12)
                  0.15    0.22   17.01 ^ fanout754/X (sky130_fd_sc_hd__buf_12)
    13    0.13                           net754 (net)
                  0.15    0.01   17.02 ^ fanout753/A (sky130_fd_sc_hd__buf_12)
                  0.21    0.25   17.27 ^ fanout753/X (sky130_fd_sc_hd__buf_12)
    18    0.18                           net753 (net)
                  0.21    0.01   17.29 ^ _21954_/A (sky130_fd_sc_hd__and3_4)
                  0.27    0.41   17.70 ^ _21954_/X (sky130_fd_sc_hd__and3_4)
     4    0.09                           _11305_ (net)
                  0.27    0.01   17.71 ^ _21955_/A (sky130_fd_sc_hd__clkinv_16)
                  0.20    0.24   17.94 v _21955_/Y (sky130_fd_sc_hd__clkinv_16)
    17    0.27                           _05066_ (net)
                  0.20    0.01   17.95 v _16628_/S (sky130_fd_sc_hd__mux2_8)
                  0.11    0.38   18.33 ^ _16628_/X (sky130_fd_sc_hd__mux2_8)
     1    0.05                           _00396_ (net)
                  0.11    0.01   18.34 ^ fanout719/A (sky130_fd_sc_hd__buf_6)
                  0.04    0.12   18.46 ^ fanout719/X (sky130_fd_sc_hd__buf_6)
     1    0.01                           net719 (net)
                  0.04    0.00   18.46 ^ wire1068/A (sky130_fd_sc_hd__buf_12)
                  0.16    0.17   18.63 ^ wire1068/X (sky130_fd_sc_hd__buf_12)
     5    0.13                           net9213 (net)
                  0.16    0.03   18.66 ^ wire151/A (sky130_fd_sc_hd__buf_12)
                  0.16    0.19   18.85 ^ wire151/X (sky130_fd_sc_hd__buf_12)
     2    0.13                           net11592 (net)
                  0.19    0.06   18.91 ^ fanout700/A (sky130_fd_sc_hd__clkbuf_16)
                  0.11    0.24   19.15 ^ fanout700/X (sky130_fd_sc_hd__clkbuf_16)
     6    0.09                           net700 (net)
                  0.11    0.00   19.15 ^ wire106/A (sky130_fd_sc_hd__buf_12)
                  0.22    0.20   19.35 ^ wire106/X (sky130_fd_sc_hd__buf_12)
     8    0.19                           net11584 (net)
                  0.28    0.09   19.44 ^ fanout697/A (sky130_fd_sc_hd__buf_12)
                  0.19    0.27   19.71 ^ fanout697/X (sky130_fd_sc_hd__buf_12)
    12    0.17                           net697 (net)
                  0.19    0.01   19.72 ^ fanout696/A (sky130_fd_sc_hd__clkbuf_16)
                  0.10    0.23   19.95 ^ fanout696/X (sky130_fd_sc_hd__clkbuf_16)
     9    0.08                           net696 (net)
                  0.10    0.01   19.95 ^ wire15/A (sky130_fd_sc_hd__buf_12)
                  0.16    0.19   20.14 ^ wire15/X (sky130_fd_sc_hd__buf_12)
    10    0.13                           net11571 (net)
                  0.18    0.04   20.18 ^ _16634_/S (sky130_fd_sc_hd__mux2_1)
                  0.09    0.41   20.59 v _16634_/X (sky130_fd_sc_hd__mux2_1)
     1    0.01                           _00406_ (net)
                  0.09    0.00   20.59 v _16636_/A1 (sky130_fd_sc_hd__mux2_4)
                  0.09    0.34   20.93 v _16636_/X (sky130_fd_sc_hd__mux2_4)
     2    0.03                           _00408_ (net)
                  0.09    0.00   20.93 v _16637_/A0 (sky130_fd_sc_hd__mux2_1)
                  0.10    0.36   21.30 v _16637_/X (sky130_fd_sc_hd__mux2_1)
     1    0.01                           _00409_ (net)
                  0.10    0.00   21.30 v _16646_/A1 (sky130_fd_sc_hd__mux2_1)
                  0.11    0.39   21.69 v _16646_/X (sky130_fd_sc_hd__mux2_1)
     1    0.02                           _00420_ (net)
                  0.11    0.00   21.69 v _16663_/A1 (sky130_fd_sc_hd__mux2_4)
                  0.09    0.35   22.04 v _16663_/X (sky130_fd_sc_hd__mux2_4)
     1    0.03                           _00091_ (net)
                  0.09    0.01   22.05 v _33604_/D (sky130_fd_sc_hd__dfxtp_4)
                                 22.05   data arrival time

                         25.00   25.00   clock clk (rise edge)
                          0.00   25.00   clock source latency
                  0.24    0.00   25.00 ^ clock_ctrl/core_clk (caravel_clocking)
     1    0.24                           mgmt_buffers.caravel_clk (net)
                  0.24    0.00   25.00 ^ clkbuf_0_mgmt_buffers.caravel_clk/A (sky130_fd_sc_hd__clkbuf_16)
                  0.14    0.25   25.25 ^ clkbuf_0_mgmt_buffers.caravel_clk/X (sky130_fd_sc_hd__clkbuf_16)
     3    0.12                           clknet_0_mgmt_buffers.caravel_clk (net)
                  0.14    0.02   25.26 ^ clkbuf_1_0_0_mgmt_buffers.caravel_clk/A (sky130_fd_sc_hd__clkbuf_8)
                  0.17    0.24   25.50 ^ clkbuf_1_0_0_mgmt_buffers.caravel_clk/X (sky130_fd_sc_hd__clkbuf_8)
     2    0.10                           clknet_1_0_0_mgmt_buffers.caravel_clk (net)
                  0.17    0.02   25.52 ^ clkbuf_2_0_0_mgmt_buffers.caravel_clk/A (sky130_fd_sc_hd__clkbuf_8)
                  0.11    0.21   25.73 ^ clkbuf_2_0_0_mgmt_buffers.caravel_clk/X (sky130_fd_sc_hd__clkbuf_8)
     2    0.06                           clknet_2_0_0_mgmt_buffers.caravel_clk (net)
                  0.11    0.01   25.74 ^ clkbuf_3_0_0_mgmt_buffers.caravel_clk/A (sky130_fd_sc_hd__clkbuf_8)
                  0.21    0.25   25.99 ^ clkbuf_3_0_0_mgmt_buffers.caravel_clk/X (sky130_fd_sc_hd__clkbuf_8)
     4    0.12                           clknet_3_0_0_mgmt_buffers.caravel_clk (net)
                  0.22    0.01   26.00 ^ clkbuf_5_3_0_mgmt_buffers.caravel_clk/A (sky130_fd_sc_hd__clkbuf_8)
                  0.20    0.27   26.28 ^ clkbuf_5_3_0_mgmt_buffers.caravel_clk/X (sky130_fd_sc_hd__clkbuf_8)
     4    0.11                           clknet_5_3_0_mgmt_buffers.caravel_clk (net)
                  0.21    0.03   26.31 ^ clkbuf_7_13__f_mgmt_buffers.caravel_clk/A (sky130_fd_sc_hd__clkbuf_16)
                  0.10    0.22   26.52 ^ clkbuf_7_13__f_mgmt_buffers.caravel_clk/X (sky130_fd_sc_hd__clkbuf_16)
     6    0.08                           clknet_7_13__leaf_mgmt_buffers.caravel_clk (net)
                  0.10    0.00   26.53 ^ clkbuf_leaf_848_mgmt_buffers.caravel_clk/A (sky130_fd_sc_hd__clkbuf_16)
                  0.12    0.20   26.73 ^ clkbuf_leaf_848_mgmt_buffers.caravel_clk/X (sky130_fd_sc_hd__clkbuf_16)
     7    0.11                           clknet_leaf_848_mgmt_buffers.caravel_clk (net)
                  0.12    0.00   26.73 ^ _33604_/CLK (sky130_fd_sc_hd__dfxtp_4)
                         -0.10   26.63   clock uncertainty
                          0.04   26.67   clock reconvergence pessimism
                         -0.12   26.56   library setup time
                                 26.56   data required time
-----------------------------------------------------------------------------
                                 26.56   data required time
                                -22.05   data arrival time
-----------------------------------------------------------------------------
                                  4.51   slack (MET)


Startpoint: _38790_ (rising edge-triggered flip-flop clocked by hk_serial_clk)
Endpoint: _38791_ (rising edge-triggered flip-flop clocked by hk_serial_clk')
Path Group: hk_serial_clk
Path Type: max

Fanout     Cap    Slew   Delay    Time   Description
-----------------------------------------------------------------------------
                          0.00    0.00   clock hk_serial_clk (rise edge)
                          0.00    0.00   clock source latency
                  0.27    0.00    0.00 ^ housekeeping/serial_clock (housekeeping)
     2    0.24                           gpio_control_bidir_1[0].serial_clock (net)
                  0.27    0.00    0.00 ^ fanout2061/A (sky130_fd_sc_hd__buf_12)
                  0.19    0.24    0.24 ^ fanout2061/X (sky130_fd_sc_hd__buf_12)
     4    0.17                           net2061 (net)
                  0.19    0.01    0.25 ^ gpio_control_bidir_1[0].BUF[2]/A (sky130_fd_sc_hd__clkbuf_8)
                  0.16    0.27    0.52 ^ gpio_control_bidir_1[0].BUF[2]/X (sky130_fd_sc_hd__clkbuf_8)
    15    0.09                           gpio_control_bidir_1[0].serial_clock_out (net)
                  0.16    0.01    0.53 ^ gpio_control_bidir_1[1].BUF[2]/A (sky130_fd_sc_hd__clkbuf_8)
                  0.15    0.25    0.78 ^ gpio_control_bidir_1[1].BUF[2]/X (sky130_fd_sc_hd__clkbuf_8)
    15    0.08                           gpio_control_bidir_1[1].serial_clock_out (net)
                  0.15    0.02    0.80 ^ gpio_control_in_1a[0].BUF[2]/A (sky130_fd_sc_hd__clkbuf_8)
                  0.15    0.24    1.04 ^ gpio_control_in_1a[0].BUF[2]/X (sky130_fd_sc_hd__clkbuf_8)
    15    0.08                           gpio_control_in_1a[0].serial_clock_out (net)
                  0.15    0.02    1.06 ^ gpio_control_in_1a[1].BUF[2]/A (sky130_fd_sc_hd__clkbuf_8)
                  0.15    0.25    1.31 ^ gpio_control_in_1a[1].BUF[2]/X (sky130_fd_sc_hd__clkbuf_8)
    15    0.08                           gpio_control_in_1a[1].serial_clock_out (net)
                  0.15    0.01    1.32 ^ gpio_control_in_1a[2].BUF[2]/A (sky130_fd_sc_hd__clkbuf_8)
                  0.15    0.25    1.57 ^ gpio_control_in_1a[2].BUF[2]/X (sky130_fd_sc_hd__clkbuf_8)
    15    0.08                           gpio_control_in_1a[2].serial_clock_out (net)
                  0.15    0.01    1.58 ^ gpio_control_in_1a[3].BUF[2]/A (sky130_fd_sc_hd__clkbuf_8)
                  0.20    0.28    1.86 ^ gpio_control_in_1a[3].BUF[2]/X (sky130_fd_sc_hd__clkbuf_8)
    15    0.11                           gpio_control_in_1a[3].serial_clock_out (net)
                  0.21    0.03    1.89 ^ gpio_control_in_1a[4].BUF[2]/A (sky130_fd_sc_hd__clkbuf_8)
                  0.21    0.29    2.18 ^ gpio_control_in_1a[4].BUF[2]/X (sky130_fd_sc_hd__clkbuf_8)
    15    0.12                           gpio_control_in_1a[4].serial_clock_out (net)
                  0.22    0.04    2.22 ^ gpio_control_in_1a[5].BUF[2]/A (sky130_fd_sc_hd__clkbuf_16)
                  0.10    0.24    2.46 ^ gpio_control_in_1a[5].BUF[2]/X (sky130_fd_sc_hd__clkbuf_16)
    15    0.08                           gpio_control_in_1[0].serial_clock (net)
                  0.11    0.02    2.48 ^ gpio_control_in_1[0].BUF[2]/A (sky130_fd_sc_hd__clkbuf_8)
                  0.14    0.23    2.70 ^ gpio_control_in_1[0].BUF[2]/X (sky130_fd_sc_hd__clkbuf_8)
    15    0.08                           gpio_control_in_1[0].serial_clock_out (net)
                  0.15    0.01    2.72 ^ gpio_control_in_1[1].BUF[2]/A (sky130_fd_sc_hd__clkbuf_8)
                  0.16    0.25    2.97 ^ gpio_control_in_1[1].BUF[2]/X (sky130_fd_sc_hd__clkbuf_8)
    15    0.09                           gpio_control_in_1[1].serial_clock_out (net)
                  0.16    0.02    2.99 ^ gpio_control_in_1[2].BUF[2]/A (sky130_fd_sc_hd__clkbuf_8)
                  0.13    0.24    3.22 ^ gpio_control_in_1[2].BUF[2]/X (sky130_fd_sc_hd__clkbuf_8)
    15    0.07                           gpio_control_in_1[2].serial_clock_out (net)
                  0.13    0.01    3.24 ^ gpio_control_in_1[3].BUF[2]/A (sky130_fd_sc_hd__clkbuf_8)
                  0.16    0.25    3.48 ^ gpio_control_in_1[3].BUF[2]/X (sky130_fd_sc_hd__clkbuf_8)
    15    0.09                           gpio_control_in_1[3].serial_clock_out (net)
                  0.16    0.02    3.50 ^ gpio_control_in_1[4].BUF[2]/A (sky130_fd_sc_hd__clkbuf_8)
                  0.17    0.26    3.76 ^ gpio_control_in_1[4].BUF[2]/X (sky130_fd_sc_hd__clkbuf_8)
    15    0.09                           gpio_control_in_1[4].serial_clock_out (net)
                  0.17    0.02    3.78 ^ gpio_control_in_1[5].BUF[2]/A (sky130_fd_sc_hd__clkbuf_8)
                  0.18    0.27    4.06 ^ gpio_control_in_1[5].BUF[2]/X (sky130_fd_sc_hd__clkbuf_8)
    15    0.10                           gpio_control_in_1[5].serial_clock_out (net)
                  0.19    0.03    4.08 ^ gpio_control_in_1[6].BUF[2]/A (sky130_fd_sc_hd__clkbuf_8)
                  0.19    0.29    4.37 ^ gpio_control_in_1[6].BUF[2]/X (sky130_fd_sc_hd__clkbuf_8)
    15    0.10                           gpio_control_in_1[6].serial_clock_out (net)
                  0.19    0.02    4.38 ^ gpio_control_in_1[7].BUF[2]/A (sky130_fd_sc_hd__clkbuf_8)
                  0.19    0.28    4.67 ^ gpio_control_in_1[7].BUF[2]/X (sky130_fd_sc_hd__clkbuf_8)
    15    0.11                           gpio_control_in_1[7].serial_clock_out (net)
                  0.20    0.03    4.69 ^ gpio_control_in_1[8].BUF[2]/A (sky130_fd_sc_hd__clkbuf_8)
                  0.19    0.28    4.97 ^ gpio_control_in_1[8].BUF[2]/X (sky130_fd_sc_hd__clkbuf_8)
    15    0.10                           gpio_control_in_1[8].serial_clock_out (net)
                  0.19    0.03    5.00 ^ _38790_/CLK (sky130_fd_sc_hd__dfrtp_4)
                  0.07    0.56    5.56 v _38790_/Q (sky130_fd_sc_hd__dfrtp_4)
     2    0.02                           gpio_control_in_1[9].shift_register[12] (net)
                  0.07    0.00    5.56 v _38791_/D (sky130_fd_sc_hd__dfrtp_4)
                                  5.56   data arrival time

                         25.00   25.00   clock hk_serial_clk' (rise edge)
                          0.00   25.00   clock source latency
                  0.12    0.00   25.00 v housekeeping/serial_clock (housekeeping)
     2    0.24                           gpio_control_bidir_1[0].serial_clock (net)
                  0.12    0.00   25.00 v fanout2061/A (sky130_fd_sc_hd__buf_12)
                  0.08    0.18   25.19 v fanout2061/X (sky130_fd_sc_hd__buf_12)
     4    0.17                           net2061 (net)
                  0.08    0.01   25.19 v gpio_control_bidir_1[0].BUF[2]/A (sky130_fd_sc_hd__clkbuf_8)
                  0.10    0.21   25.40 v gpio_control_bidir_1[0].BUF[2]/X (sky130_fd_sc_hd__clkbuf_8)
    15    0.09                           gpio_control_bidir_1[0].serial_clock_out (net)
                  0.10    0.01   25.41 v gpio_control_bidir_1[1].BUF[2]/A (sky130_fd_sc_hd__clkbuf_8)
                  0.09    0.21   25.62 v gpio_control_bidir_1[1].BUF[2]/X (sky130_fd_sc_hd__clkbuf_8)
    15    0.08                           gpio_control_bidir_1[1].serial_clock_out (net)
                  0.10    0.01   25.63 v gpio_control_in_1a[0].BUF[2]/A (sky130_fd_sc_hd__clkbuf_8)
                  0.09    0.20   25.83 v gpio_control_in_1a[0].BUF[2]/X (sky130_fd_sc_hd__clkbuf_8)
    15    0.08                           gpio_control_in_1a[0].serial_clock_out (net)
                  0.09    0.01   25.85 v gpio_control_in_1a[1].BUF[2]/A (sky130_fd_sc_hd__clkbuf_8)
                  0.09    0.20   26.05 v gpio_control_in_1a[1].BUF[2]/X (sky130_fd_sc_hd__clkbuf_8)
    15    0.08                           gpio_control_in_1a[1].serial_clock_out (net)
                  0.10    0.01   26.06 v gpio_control_in_1a[2].BUF[2]/A (sky130_fd_sc_hd__clkbuf_8)
                  0.09    0.21   26.27 v gpio_control_in_1a[2].BUF[2]/X (sky130_fd_sc_hd__clkbuf_8)
    15    0.08                           gpio_control_in_1a[2].serial_clock_out (net)
                  0.10    0.01   26.28 v gpio_control_in_1a[3].BUF[2]/A (sky130_fd_sc_hd__clkbuf_8)
                  0.12    0.22   26.50 v gpio_control_in_1a[3].BUF[2]/X (sky130_fd_sc_hd__clkbuf_8)
    15    0.11                           gpio_control_in_1a[3].serial_clock_out (net)
                  0.13    0.03   26.53 v gpio_control_in_1a[4].BUF[2]/A (sky130_fd_sc_hd__clkbuf_8)
                  0.13    0.23   26.76 v gpio_control_in_1a[4].BUF[2]/X (sky130_fd_sc_hd__clkbuf_8)
    15    0.11                           gpio_control_in_1a[4].serial_clock_out (net)
                  0.15    0.04   26.80 v gpio_control_in_1a[5].BUF[2]/A (sky130_fd_sc_hd__clkbuf_16)
                  0.07    0.21   27.01 v gpio_control_in_1a[5].BUF[2]/X (sky130_fd_sc_hd__clkbuf_16)
    15    0.08                           gpio_control_in_1[0].serial_clock (net)
                  0.08    0.01   27.02 v gpio_control_in_1[0].BUF[2]/A (sky130_fd_sc_hd__clkbuf_8)
                  0.09    0.19   27.22 v gpio_control_in_1[0].BUF[2]/X (sky130_fd_sc_hd__clkbuf_8)
    15    0.08                           gpio_control_in_1[0].serial_clock_out (net)
                  0.09    0.01   27.23 v gpio_control_in_1[1].BUF[2]/A (sky130_fd_sc_hd__clkbuf_8)
                  0.10    0.21   27.44 v gpio_control_in_1[1].BUF[2]/X (sky130_fd_sc_hd__clkbuf_8)
    15    0.08                           gpio_control_in_1[1].serial_clock_out (net)
                  0.10    0.01   27.45 v gpio_control_in_1[2].BUF[2]/A (sky130_fd_sc_hd__clkbuf_8)
                  0.09    0.20   27.65 v gpio_control_in_1[2].BUF[2]/X (sky130_fd_sc_hd__clkbuf_8)
    15    0.07                           gpio_control_in_1[2].serial_clock_out (net)
                  0.09    0.01   27.66 v gpio_control_in_1[3].BUF[2]/A (sky130_fd_sc_hd__clkbuf_8)
                  0.10    0.21   27.87 v gpio_control_in_1[3].BUF[2]/X (sky130_fd_sc_hd__clkbuf_8)
    15    0.08                           gpio_control_in_1[3].serial_clock_out (net)
                  0.10    0.02   27.88 v gpio_control_in_1[4].BUF[2]/A (sky130_fd_sc_hd__clkbuf_8)
                  0.10    0.21   28.10 v gpio_control_in_1[4].BUF[2]/X (sky130_fd_sc_hd__clkbuf_8)
    15    0.09                           gpio_control_in_1[4].serial_clock_out (net)
                  0.11    0.02   28.12 v gpio_control_in_1[5].BUF[2]/A (sky130_fd_sc_hd__clkbuf_8)
                  0.11    0.22   28.34 v gpio_control_in_1[5].BUF[2]/X (sky130_fd_sc_hd__clkbuf_8)
    15    0.10                           gpio_control_in_1[5].serial_clock_out (net)
                  0.12    0.02   28.36 v gpio_control_in_1[6].BUF[2]/A (sky130_fd_sc_hd__clkbuf_8)
                  0.11    0.23   28.59 v gpio_control_in_1[6].BUF[2]/X (sky130_fd_sc_hd__clkbuf_8)
    15    0.10                           gpio_control_in_1[6].serial_clock_out (net)
                  0.12    0.02   28.60 v gpio_control_in_1[7].BUF[2]/A (sky130_fd_sc_hd__clkbuf_8)
                  0.12    0.23   28.83 v gpio_control_in_1[7].BUF[2]/X (sky130_fd_sc_hd__clkbuf_8)
    15    0.10                           gpio_control_in_1[7].serial_clock_out (net)
                  0.13    0.02   28.85 v gpio_control_in_1[8].BUF[2]/A (sky130_fd_sc_hd__clkbuf_8)
                  0.11    0.23   29.08 v gpio_control_in_1[8].BUF[2]/X (sky130_fd_sc_hd__clkbuf_8)
    15    0.10                           gpio_control_in_1[8].serial_clock_out (net)
                  0.13    0.03   29.11 v _21400_/A (sky130_fd_sc_hd__clkinv_4)
                  0.04    0.06   29.17 ^ _21400_/Y (sky130_fd_sc_hd__clkinv_4)
     1    0.00                           _06372_ (net)
                  0.04    0.00   29.17 ^ _38791_/CLK (sky130_fd_sc_hd__dfrtp_4)
                         -0.10   29.07   clock uncertainty
                          0.32   29.38   clock reconvergence pessimism
                         -0.13   29.25   library setup time
                                 29.25   data required time
-----------------------------------------------------------------------------
                                 29.25   data required time
                                 -5.56   data arrival time
-----------------------------------------------------------------------------
                                 23.69   slack (MET)



===========================================================================
report_checks --slack_max -0.01
============================================================================
No paths found.
