
===========================================================================
 report_check_types -max_slew -max_cap -max_fanout -violators
============================================================================
max slew

Pin                                    Limit    Slew   Slack
------------------------------------------------------------
mprj/analog_io[26]                      0.60    1.54   -0.94 (VIOLATED)
mprj/analog_io[25]                      0.60    1.53   -0.93 (VIOLATED)
mprj/analog_io[28]                      0.60    1.53   -0.93 (VIOLATED)
mprj/analog_io[27]                      0.60    1.52   -0.92 (VIOLATED)
mprj/analog_io[12]                      0.60    1.52   -0.92 (VIOLATED)
mprj/analog_io[13]                      0.60    1.52   -0.92 (VIOLATED)
mprj/analog_io[18]                      0.60    1.52   -0.92 (VIOLATED)
mprj/analog_io[21]                      0.60    1.51   -0.91 (VIOLATED)
mprj/analog_io[19]                      0.60    1.51   -0.91 (VIOLATED)
mprj/analog_io[14]                      0.60    1.51   -0.91 (VIOLATED)
mprj/analog_io[20]                      0.60    1.51   -0.91 (VIOLATED)
mprj/analog_io[11]                      0.60    1.51   -0.91 (VIOLATED)
mprj/analog_io[22]                      0.60    1.51   -0.91 (VIOLATED)
mprj/analog_io[9]                       0.60    1.51   -0.91 (VIOLATED)
mprj/analog_io[15]                      0.60    1.50   -0.90 (VIOLATED)
mprj/analog_io[16]                      0.60    1.50   -0.90 (VIOLATED)
mprj/analog_io[23]                      0.60    1.50   -0.90 (VIOLATED)
mprj/analog_io[24]                      0.60    1.50   -0.90 (VIOLATED)
mprj/analog_io[7]                       0.60    1.50   -0.90 (VIOLATED)
mprj/analog_io[10]                      0.60    1.50   -0.90 (VIOLATED)
mprj/analog_io[5]                       0.60    1.50   -0.90 (VIOLATED)
mprj/analog_io[0]                       0.60    1.49   -0.89 (VIOLATED)
mprj/analog_io[17]                      0.60    1.49   -0.89 (VIOLATED)
mprj/analog_io[6]                       0.60    1.49   -0.89 (VIOLATED)
mprj/analog_io[8]                       0.60    1.49   -0.89 (VIOLATED)
mprj/analog_io[4]                       0.60    1.49   -0.89 (VIOLATED)
mprj/analog_io[1]                       0.60    1.49   -0.89 (VIOLATED)
mprj/analog_io[3]                       0.60    1.49   -0.89 (VIOLATED)
mprj/analog_io[2]                       0.60    1.49   -0.89 (VIOLATED)
mprj/wb_clk_i                           0.10    0.63   -0.53 (VIOLATED)
soc.core.RAM128/WE0[3]                  0.30    0.49   -0.19 (VIOLATED)
soc.core.RAM128/WE0[2]                  0.30    0.40   -0.10 (VIOLATED)
soc.core.RAM128/WE0[0]                  0.30    0.37   -0.07 (VIOLATED)
soc.core.RAM128/WE0[1]                  0.30    0.36   -0.06 (VIOLATED)
soc.core.RAM256.BANK128[0].RAM128/A0[4]    0.30    0.31   -0.01 (VIOLATED)
soc.core.RAM256.BANK128[1].RAM128/A0[4]    0.30    0.31   -0.01 (VIOLATED)

max fanout

Pin                                   Limit Fanout  Slack
---------------------------------------------------------
clkbuf_leaf_862_mgmt_buffers.caravel_clk/X     18     42    -24 (VIOLATED)
_36268_/Q                                18     37    -19 (VIOLATED)
fanout2262/X                             18     37    -19 (VIOLATED)
fanout2357/X                             18     37    -19 (VIOLATED)
fanout2446/X                             18     37    -19 (VIOLATED)
_21444_/X                                18     36    -18 (VIOLATED)
_21664_/X                                18     36    -18 (VIOLATED)
_27900_/X                                18     36    -18 (VIOLATED)
fanout1000/X                             18     36    -18 (VIOLATED)
fanout1001/X                             18     36    -18 (VIOLATED)
fanout1003/X                             18     36    -18 (VIOLATED)
fanout1014/X                             18     36    -18 (VIOLATED)
fanout1016/X                             18     36    -18 (VIOLATED)
fanout1018/X                             18     36    -18 (VIOLATED)
fanout1021/X                             18     36    -18 (VIOLATED)
fanout1023/X                             18     36    -18 (VIOLATED)
fanout1024/X                             18     36    -18 (VIOLATED)
fanout1028/X                             18     36    -18 (VIOLATED)
fanout1029/X                             18     36    -18 (VIOLATED)
fanout1031/X                             18     36    -18 (VIOLATED)
fanout1035/X                             18     36    -18 (VIOLATED)
fanout1038/X                             18     36    -18 (VIOLATED)
fanout1044/X                             18     36    -18 (VIOLATED)
fanout1051/X                             18     36    -18 (VIOLATED)
fanout1053/X                             18     36    -18 (VIOLATED)
fanout1054/X                             18     36    -18 (VIOLATED)
fanout1062/X                             18     36    -18 (VIOLATED)
fanout1066/X                             18     36    -18 (VIOLATED)
fanout1067/X                             18     36    -18 (VIOLATED)
fanout1069/X                             18     36    -18 (VIOLATED)
fanout1094/X                             18     36    -18 (VIOLATED)
fanout1098/X                             18     36    -18 (VIOLATED)
fanout1100/X                             18     36    -18 (VIOLATED)
fanout1102/X                             18     36    -18 (VIOLATED)
fanout1115/X                             18     36    -18 (VIOLATED)
fanout1117/X                             18     36    -18 (VIOLATED)
fanout1120/X                             18     36    -18 (VIOLATED)
fanout1124/X                             18     36    -18 (VIOLATED)
fanout1130/X                             18     36    -18 (VIOLATED)
fanout1133/X                             18     36    -18 (VIOLATED)
fanout1135/X                             18     36    -18 (VIOLATED)
fanout1138/X                             18     36    -18 (VIOLATED)
fanout1141/X                             18     36    -18 (VIOLATED)
fanout1149/X                             18     36    -18 (VIOLATED)
fanout1151/X                             18     36    -18 (VIOLATED)
fanout1154/X                             18     36    -18 (VIOLATED)
fanout1155/X                             18     36    -18 (VIOLATED)
fanout1159/X                             18     36    -18 (VIOLATED)
fanout1161/X                             18     36    -18 (VIOLATED)
fanout1168/X                             18     36    -18 (VIOLATED)
fanout1173/X                             18     36    -18 (VIOLATED)
fanout1175/X                             18     36    -18 (VIOLATED)
fanout1179/X                             18     36    -18 (VIOLATED)
fanout1184/X                             18     36    -18 (VIOLATED)
fanout1190/X                             18     36    -18 (VIOLATED)
fanout1192/X                             18     36    -18 (VIOLATED)
fanout1193/X                             18     36    -18 (VIOLATED)
fanout1194/X                             18     36    -18 (VIOLATED)
fanout1196/X                             18     36    -18 (VIOLATED)
fanout1202/X                             18     36    -18 (VIOLATED)
fanout1205/X                             18     36    -18 (VIOLATED)
fanout1208/X                             18     36    -18 (VIOLATED)
fanout1210/X                             18     36    -18 (VIOLATED)
fanout1212/X                             18     36    -18 (VIOLATED)
fanout1213/X                             18     36    -18 (VIOLATED)
fanout1215/X                             18     36    -18 (VIOLATED)
fanout1216/X                             18     36    -18 (VIOLATED)
fanout1217/X                             18     36    -18 (VIOLATED)
fanout1220/X                             18     36    -18 (VIOLATED)
fanout1221/X                             18     36    -18 (VIOLATED)
fanout1223/X                             18     36    -18 (VIOLATED)
fanout1224/X                             18     36    -18 (VIOLATED)
fanout1226/X                             18     36    -18 (VIOLATED)
fanout1229/X                             18     36    -18 (VIOLATED)
fanout1230/X                             18     36    -18 (VIOLATED)
fanout1231/X                             18     36    -18 (VIOLATED)
fanout1234/X                             18     36    -18 (VIOLATED)
fanout1236/X                             18     36    -18 (VIOLATED)
fanout1237/X                             18     36    -18 (VIOLATED)
fanout1239/X                             18     36    -18 (VIOLATED)
fanout1315/X                             18     36    -18 (VIOLATED)
fanout1316/X                             18     36    -18 (VIOLATED)
fanout1318/X                             18     36    -18 (VIOLATED)
fanout1325/X                             18     36    -18 (VIOLATED)
fanout1326/X                             18     36    -18 (VIOLATED)
fanout1329/X                             18     36    -18 (VIOLATED)
fanout1331/X                             18     36    -18 (VIOLATED)
fanout1332/X                             18     36    -18 (VIOLATED)
fanout1333/X                             18     36    -18 (VIOLATED)
fanout1335/X                             18     36    -18 (VIOLATED)
fanout1336/X                             18     36    -18 (VIOLATED)
fanout1337/X                             18     36    -18 (VIOLATED)
fanout1338/X                             18     36    -18 (VIOLATED)
fanout1339/X                             18     36    -18 (VIOLATED)
fanout1353/X                             18     36    -18 (VIOLATED)
fanout1355/X                             18     36    -18 (VIOLATED)
fanout1356/X                             18     36    -18 (VIOLATED)
fanout1357/X                             18     36    -18 (VIOLATED)
fanout1361/X                             18     36    -18 (VIOLATED)
fanout1363/X                             18     36    -18 (VIOLATED)
fanout1365/X                             18     36    -18 (VIOLATED)
fanout1366/X                             18     36    -18 (VIOLATED)
fanout1380/X                             18     36    -18 (VIOLATED)
fanout1382/X                             18     36    -18 (VIOLATED)
fanout1397/X                             18     36    -18 (VIOLATED)
fanout1399/X                             18     36    -18 (VIOLATED)
fanout1400/X                             18     36    -18 (VIOLATED)
fanout1401/X                             18     36    -18 (VIOLATED)
fanout1433/X                             18     36    -18 (VIOLATED)
fanout1434/X                             18     36    -18 (VIOLATED)
fanout1436/X                             18     36    -18 (VIOLATED)
fanout1438/X                             18     36    -18 (VIOLATED)
fanout1441/X                             18     36    -18 (VIOLATED)
fanout1444/X                             18     36    -18 (VIOLATED)
fanout1446/X                             18     36    -18 (VIOLATED)
fanout1467/X                             18     36    -18 (VIOLATED)
fanout1468/X                             18     36    -18 (VIOLATED)
fanout1476/X                             18     36    -18 (VIOLATED)
fanout1483/X                             18     36    -18 (VIOLATED)
fanout1491/X                             18     36    -18 (VIOLATED)
fanout1496/X                             18     36    -18 (VIOLATED)
fanout1500/X                             18     36    -18 (VIOLATED)
fanout1546/X                             18     36    -18 (VIOLATED)
fanout1595/X                             18     36    -18 (VIOLATED)
fanout1598/X                             18     36    -18 (VIOLATED)
fanout1623/X                             18     36    -18 (VIOLATED)
fanout1626/X                             18     36    -18 (VIOLATED)
fanout1628/X                             18     36    -18 (VIOLATED)
fanout1639/X                             18     36    -18 (VIOLATED)
fanout1640/X                             18     36    -18 (VIOLATED)
fanout1641/X                             18     36    -18 (VIOLATED)
fanout1671/X                             18     36    -18 (VIOLATED)
fanout1674/X                             18     36    -18 (VIOLATED)
fanout1682/X                             18     36    -18 (VIOLATED)
fanout1693/X                             18     36    -18 (VIOLATED)
fanout1695/X                             18     36    -18 (VIOLATED)
fanout1697/X                             18     36    -18 (VIOLATED)
fanout1699/X                             18     36    -18 (VIOLATED)
fanout1701/X                             18     36    -18 (VIOLATED)
fanout1703/X                             18     36    -18 (VIOLATED)
fanout1705/X                             18     36    -18 (VIOLATED)
fanout1707/X                             18     36    -18 (VIOLATED)
fanout1709/X                             18     36    -18 (VIOLATED)
fanout1711/X                             18     36    -18 (VIOLATED)
fanout1713/X                             18     36    -18 (VIOLATED)
fanout1715/X                             18     36    -18 (VIOLATED)
fanout1717/X                             18     36    -18 (VIOLATED)
fanout1719/X                             18     36    -18 (VIOLATED)
fanout1730/X                             18     36    -18 (VIOLATED)
fanout1732/X                             18     36    -18 (VIOLATED)
fanout1763/X                             18     36    -18 (VIOLATED)
fanout1767/X                             18     36    -18 (VIOLATED)
fanout1772/X                             18     36    -18 (VIOLATED)
fanout1787/X                             18     36    -18 (VIOLATED)
fanout1789/X                             18     36    -18 (VIOLATED)
fanout1793/X                             18     36    -18 (VIOLATED)
fanout1796/X                             18     36    -18 (VIOLATED)
fanout1798/X                             18     36    -18 (VIOLATED)
fanout1808/X                             18     36    -18 (VIOLATED)
fanout1811/X                             18     36    -18 (VIOLATED)
fanout1813/X                             18     36    -18 (VIOLATED)
fanout1814/X                             18     36    -18 (VIOLATED)
fanout2030/X                             18     36    -18 (VIOLATED)
fanout2038/X                             18     36    -18 (VIOLATED)
fanout2039/X                             18     36    -18 (VIOLATED)
fanout2040/X                             18     36    -18 (VIOLATED)
fanout2120/X                             18     36    -18 (VIOLATED)
fanout2127/X                             18     36    -18 (VIOLATED)
fanout2132/X                             18     36    -18 (VIOLATED)
fanout2133/X                             18     36    -18 (VIOLATED)
fanout2161/X                             18     36    -18 (VIOLATED)
fanout2163/X                             18     36    -18 (VIOLATED)
fanout2170/X                             18     36    -18 (VIOLATED)
fanout2178/X                             18     36    -18 (VIOLATED)
fanout2179/X                             18     36    -18 (VIOLATED)
fanout2181/X                             18     36    -18 (VIOLATED)
fanout2200/X                             18     36    -18 (VIOLATED)
fanout2202/X                             18     36    -18 (VIOLATED)
fanout2204/X                             18     36    -18 (VIOLATED)
fanout2215/X                             18     36    -18 (VIOLATED)
fanout2223/X                             18     36    -18 (VIOLATED)
fanout2224/X                             18     36    -18 (VIOLATED)
fanout2225/X                             18     36    -18 (VIOLATED)
fanout2227/X                             18     36    -18 (VIOLATED)
fanout2228/X                             18     36    -18 (VIOLATED)
fanout2230/X                             18     36    -18 (VIOLATED)
fanout2232/X                             18     36    -18 (VIOLATED)
fanout2233/X                             18     36    -18 (VIOLATED)
fanout2234/X                             18     36    -18 (VIOLATED)
fanout2239/X                             18     36    -18 (VIOLATED)
fanout2240/X                             18     36    -18 (VIOLATED)
fanout2241/X                             18     36    -18 (VIOLATED)
fanout2243/X                             18     36    -18 (VIOLATED)
fanout2244/X                             18     36    -18 (VIOLATED)
fanout2245/X                             18     36    -18 (VIOLATED)
fanout2248/X                             18     36    -18 (VIOLATED)
fanout2249/X                             18     36    -18 (VIOLATED)
fanout2250/X                             18     36    -18 (VIOLATED)
fanout2251/X                             18     36    -18 (VIOLATED)
fanout2253/X                             18     36    -18 (VIOLATED)
fanout2254/X                             18     36    -18 (VIOLATED)
fanout2255/X                             18     36    -18 (VIOLATED)
fanout2257/X                             18     36    -18 (VIOLATED)
fanout2263/X                             18     36    -18 (VIOLATED)
fanout2264/X                             18     36    -18 (VIOLATED)
fanout2265/X                             18     36    -18 (VIOLATED)
fanout2266/X                             18     36    -18 (VIOLATED)
fanout2269/X                             18     36    -18 (VIOLATED)
fanout2270/X                             18     36    -18 (VIOLATED)
fanout2271/X                             18     36    -18 (VIOLATED)
fanout2275/X                             18     36    -18 (VIOLATED)
fanout2277/X                             18     36    -18 (VIOLATED)
fanout2284/X                             18     36    -18 (VIOLATED)
fanout2287/X                             18     36    -18 (VIOLATED)
fanout2288/X                             18     36    -18 (VIOLATED)
fanout2344/X                             18     36    -18 (VIOLATED)
fanout2346/X                             18     36    -18 (VIOLATED)
fanout2349/X                             18     36    -18 (VIOLATED)
fanout2355/X                             18     36    -18 (VIOLATED)
fanout2356/X                             18     36    -18 (VIOLATED)
fanout2360/X                             18     36    -18 (VIOLATED)
fanout2383/X                             18     36    -18 (VIOLATED)
fanout2384/X                             18     36    -18 (VIOLATED)
fanout2385/X                             18     36    -18 (VIOLATED)
fanout2388/X                             18     36    -18 (VIOLATED)
fanout2390/X                             18     36    -18 (VIOLATED)
fanout2392/X                             18     36    -18 (VIOLATED)
fanout2393/X                             18     36    -18 (VIOLATED)
fanout2394/X                             18     36    -18 (VIOLATED)
fanout2396/X                             18     36    -18 (VIOLATED)
fanout2400/X                             18     36    -18 (VIOLATED)
fanout2402/X                             18     36    -18 (VIOLATED)
fanout2410/X                             18     36    -18 (VIOLATED)
fanout2411/X                             18     36    -18 (VIOLATED)
fanout2414/X                             18     36    -18 (VIOLATED)
fanout2415/X                             18     36    -18 (VIOLATED)
fanout2416/X                             18     36    -18 (VIOLATED)
fanout2418/X                             18     36    -18 (VIOLATED)
fanout2424/X                             18     36    -18 (VIOLATED)
fanout2425/X                             18     36    -18 (VIOLATED)
fanout2427/X                             18     36    -18 (VIOLATED)
fanout2428/X                             18     36    -18 (VIOLATED)
fanout2430/X                             18     36    -18 (VIOLATED)
fanout2432/X                             18     36    -18 (VIOLATED)
fanout2435/X                             18     36    -18 (VIOLATED)
fanout2437/X                             18     36    -18 (VIOLATED)
fanout2439/X                             18     36    -18 (VIOLATED)
fanout2443/X                             18     36    -18 (VIOLATED)
fanout2447/X                             18     36    -18 (VIOLATED)
fanout2448/X                             18     36    -18 (VIOLATED)
fanout2450/X                             18     36    -18 (VIOLATED)
fanout2451/X                             18     36    -18 (VIOLATED)
fanout2452/X                             18     36    -18 (VIOLATED)
fanout2453/X                             18     36    -18 (VIOLATED)
fanout2456/X                             18     36    -18 (VIOLATED)
fanout2459/X                             18     36    -18 (VIOLATED)
fanout2460/X                             18     36    -18 (VIOLATED)
fanout2465/X                             18     36    -18 (VIOLATED)
fanout2468/X                             18     36    -18 (VIOLATED)
fanout2469/X                             18     36    -18 (VIOLATED)
fanout2470/X                             18     36    -18 (VIOLATED)
fanout2471/X                             18     36    -18 (VIOLATED)
fanout2473/X                             18     36    -18 (VIOLATED)
fanout2474/X                             18     36    -18 (VIOLATED)
fanout2476/X                             18     36    -18 (VIOLATED)
fanout2477/X                             18     36    -18 (VIOLATED)
fanout2478/X                             18     36    -18 (VIOLATED)
fanout2479/X                             18     36    -18 (VIOLATED)
fanout2480/X                             18     36    -18 (VIOLATED)
fanout2482/X                             18     36    -18 (VIOLATED)
fanout2483/X                             18     36    -18 (VIOLATED)
fanout2484/X                             18     36    -18 (VIOLATED)
fanout2486/X                             18     36    -18 (VIOLATED)
fanout2487/X                             18     36    -18 (VIOLATED)
fanout2488/X                             18     36    -18 (VIOLATED)
fanout2490/X                             18     36    -18 (VIOLATED)
fanout2492/X                             18     36    -18 (VIOLATED)
fanout2494/X                             18     36    -18 (VIOLATED)
fanout2496/X                             18     36    -18 (VIOLATED)
fanout2498/X                             18     36    -18 (VIOLATED)
fanout2499/X                             18     36    -18 (VIOLATED)
fanout2500/X                             18     36    -18 (VIOLATED)
fanout2502/X                             18     36    -18 (VIOLATED)
fanout2503/X                             18     36    -18 (VIOLATED)
fanout2504/X                             18     36    -18 (VIOLATED)
fanout2507/X                             18     36    -18 (VIOLATED)
fanout2509/X                             18     36    -18 (VIOLATED)
fanout2512/X                             18     36    -18 (VIOLATED)
fanout2513/X                             18     36    -18 (VIOLATED)
fanout2514/X                             18     36    -18 (VIOLATED)
fanout2516/X                             18     36    -18 (VIOLATED)
fanout2518/X                             18     36    -18 (VIOLATED)
fanout2519/X                             18     36    -18 (VIOLATED)
fanout2520/X                             18     36    -18 (VIOLATED)
fanout2521/X                             18     36    -18 (VIOLATED)
fanout2524/X                             18     36    -18 (VIOLATED)
fanout2530/X                             18     36    -18 (VIOLATED)
fanout566/X                              18     36    -18 (VIOLATED)
fanout567/X                              18     36    -18 (VIOLATED)
fanout568/X                              18     36    -18 (VIOLATED)
fanout571/X                              18     36    -18 (VIOLATED)
fanout573/X                              18     36    -18 (VIOLATED)
fanout575/X                              18     36    -18 (VIOLATED)
fanout581/X                              18     36    -18 (VIOLATED)
fanout582/X                              18     36    -18 (VIOLATED)
fanout583/X                              18     36    -18 (VIOLATED)
fanout585/X                              18     36    -18 (VIOLATED)
fanout595/X                              18     36    -18 (VIOLATED)
fanout598/X                              18     36    -18 (VIOLATED)
fanout601/X                              18     36    -18 (VIOLATED)
fanout603/X                              18     36    -18 (VIOLATED)
fanout605/X                              18     36    -18 (VIOLATED)
fanout606/X                              18     36    -18 (VIOLATED)
fanout608/X                              18     36    -18 (VIOLATED)
fanout610/X                              18     36    -18 (VIOLATED)
fanout611/X                              18     36    -18 (VIOLATED)
fanout612/X                              18     36    -18 (VIOLATED)
fanout613/X                              18     36    -18 (VIOLATED)
fanout615/X                              18     36    -18 (VIOLATED)
fanout620/X                              18     36    -18 (VIOLATED)
fanout621/X                              18     36    -18 (VIOLATED)
fanout624/X                              18     36    -18 (VIOLATED)
fanout625/X                              18     36    -18 (VIOLATED)
fanout626/X                              18     36    -18 (VIOLATED)
fanout628/X                              18     36    -18 (VIOLATED)
fanout630/X                              18     36    -18 (VIOLATED)
fanout632/X                              18     36    -18 (VIOLATED)
fanout634/X                              18     36    -18 (VIOLATED)
fanout636/X                              18     36    -18 (VIOLATED)
fanout638/X                              18     36    -18 (VIOLATED)
fanout640/X                              18     36    -18 (VIOLATED)
fanout641/X                              18     36    -18 (VIOLATED)
fanout643/X                              18     36    -18 (VIOLATED)
fanout644/X                              18     36    -18 (VIOLATED)
fanout646/X                              18     36    -18 (VIOLATED)
fanout648/X                              18     36    -18 (VIOLATED)
fanout650/X                              18     36    -18 (VIOLATED)
fanout652/X                              18     36    -18 (VIOLATED)
fanout663/X                              18     36    -18 (VIOLATED)
fanout666/X                              18     36    -18 (VIOLATED)
fanout669/X                              18     36    -18 (VIOLATED)
fanout671/X                              18     36    -18 (VIOLATED)
fanout673/X                              18     36    -18 (VIOLATED)
fanout676/X                              18     36    -18 (VIOLATED)
fanout678/X                              18     36    -18 (VIOLATED)
fanout680/X                              18     36    -18 (VIOLATED)
fanout681/X                              18     36    -18 (VIOLATED)
fanout683/X                              18     36    -18 (VIOLATED)
fanout688/X                              18     36    -18 (VIOLATED)
fanout689/X                              18     36    -18 (VIOLATED)
fanout692/X                              18     36    -18 (VIOLATED)
fanout693/X                              18     36    -18 (VIOLATED)
fanout694/X                              18     36    -18 (VIOLATED)
fanout696/X                              18     36    -18 (VIOLATED)
fanout698/X                              18     36    -18 (VIOLATED)
fanout700/X                              18     36    -18 (VIOLATED)
fanout702/X                              18     36    -18 (VIOLATED)
fanout704/X                              18     36    -18 (VIOLATED)
fanout706/X                              18     36    -18 (VIOLATED)
fanout708/X                              18     36    -18 (VIOLATED)
fanout711/X                              18     36    -18 (VIOLATED)
fanout712/X                              18     36    -18 (VIOLATED)
fanout714/X                              18     36    -18 (VIOLATED)
fanout716/X                              18     36    -18 (VIOLATED)
fanout718/X                              18     36    -18 (VIOLATED)
fanout720/X                              18     36    -18 (VIOLATED)
fanout726/X                              18     36    -18 (VIOLATED)
fanout729/X                              18     36    -18 (VIOLATED)
fanout731/X                              18     36    -18 (VIOLATED)
fanout732/X                              18     36    -18 (VIOLATED)
fanout733/X                              18     36    -18 (VIOLATED)
fanout737/X                              18     36    -18 (VIOLATED)
fanout738/X                              18     36    -18 (VIOLATED)
fanout740/X                              18     36    -18 (VIOLATED)
fanout750/X                              18     36    -18 (VIOLATED)
fanout753/X                              18     36    -18 (VIOLATED)
fanout754/X                              18     36    -18 (VIOLATED)
fanout755/X                              18     36    -18 (VIOLATED)
fanout756/X                              18     36    -18 (VIOLATED)
fanout758/X                              18     36    -18 (VIOLATED)
fanout759/X                              18     36    -18 (VIOLATED)
fanout762/X                              18     36    -18 (VIOLATED)
fanout763/X                              18     36    -18 (VIOLATED)
fanout764/X                              18     36    -18 (VIOLATED)
fanout768/X                              18     36    -18 (VIOLATED)
fanout771/X                              18     36    -18 (VIOLATED)
fanout774/X                              18     36    -18 (VIOLATED)
fanout776/X                              18     36    -18 (VIOLATED)
fanout777/X                              18     36    -18 (VIOLATED)
fanout778/X                              18     36    -18 (VIOLATED)
fanout787/X                              18     36    -18 (VIOLATED)
fanout788/X                              18     36    -18 (VIOLATED)
fanout789/X                              18     36    -18 (VIOLATED)
fanout795/X                              18     36    -18 (VIOLATED)
fanout797/X                              18     36    -18 (VIOLATED)
fanout800/X                              18     36    -18 (VIOLATED)
fanout806/X                              18     36    -18 (VIOLATED)
fanout807/X                              18     36    -18 (VIOLATED)
fanout809/X                              18     36    -18 (VIOLATED)
fanout811/X                              18     36    -18 (VIOLATED)
fanout813/X                              18     36    -18 (VIOLATED)
fanout814/X                              18     36    -18 (VIOLATED)
fanout815/X                              18     36    -18 (VIOLATED)
fanout816/X                              18     36    -18 (VIOLATED)
fanout818/X                              18     36    -18 (VIOLATED)
fanout819/X                              18     36    -18 (VIOLATED)
fanout820/X                              18     36    -18 (VIOLATED)
fanout821/X                              18     36    -18 (VIOLATED)
fanout823/X                              18     36    -18 (VIOLATED)
fanout826/X                              18     36    -18 (VIOLATED)
fanout829/X                              18     36    -18 (VIOLATED)
fanout833/X                              18     36    -18 (VIOLATED)
fanout835/X                              18     36    -18 (VIOLATED)
fanout836/X                              18     36    -18 (VIOLATED)
fanout838/X                              18     36    -18 (VIOLATED)
fanout840/X                              18     36    -18 (VIOLATED)
fanout841/X                              18     36    -18 (VIOLATED)
fanout842/X                              18     36    -18 (VIOLATED)
fanout844/X                              18     36    -18 (VIOLATED)
fanout846/X                              18     36    -18 (VIOLATED)
fanout847/X                              18     36    -18 (VIOLATED)
fanout848/X                              18     36    -18 (VIOLATED)
fanout850/X                              18     36    -18 (VIOLATED)
fanout852/X                              18     36    -18 (VIOLATED)
fanout854/X                              18     36    -18 (VIOLATED)
fanout856/X                              18     36    -18 (VIOLATED)
fanout858/X                              18     36    -18 (VIOLATED)
fanout871/X                              18     36    -18 (VIOLATED)
fanout873/X                              18     36    -18 (VIOLATED)
fanout875/X                              18     36    -18 (VIOLATED)
fanout879/X                              18     36    -18 (VIOLATED)
fanout880/X                              18     36    -18 (VIOLATED)
fanout881/X                              18     36    -18 (VIOLATED)
fanout883/X                              18     36    -18 (VIOLATED)
fanout884/X                              18     36    -18 (VIOLATED)
fanout887/X                              18     36    -18 (VIOLATED)
fanout891/X                              18     36    -18 (VIOLATED)
fanout893/X                              18     36    -18 (VIOLATED)
fanout894/X                              18     36    -18 (VIOLATED)
fanout896/X                              18     36    -18 (VIOLATED)
fanout897/X                              18     36    -18 (VIOLATED)
fanout898/X                              18     36    -18 (VIOLATED)
fanout900/X                              18     36    -18 (VIOLATED)
fanout903/X                              18     36    -18 (VIOLATED)
fanout904/X                              18     36    -18 (VIOLATED)
fanout905/X                              18     36    -18 (VIOLATED)
fanout906/X                              18     36    -18 (VIOLATED)
fanout907/X                              18     36    -18 (VIOLATED)
fanout908/X                              18     36    -18 (VIOLATED)
fanout909/X                              18     36    -18 (VIOLATED)
fanout910/X                              18     36    -18 (VIOLATED)
fanout911/X                              18     36    -18 (VIOLATED)
fanout913/X                              18     36    -18 (VIOLATED)
fanout916/X                              18     36    -18 (VIOLATED)
fanout917/X                              18     36    -18 (VIOLATED)
fanout919/X                              18     36    -18 (VIOLATED)
fanout924/X                              18     36    -18 (VIOLATED)
fanout925/X                              18     36    -18 (VIOLATED)
fanout926/X                              18     36    -18 (VIOLATED)
fanout929/X                              18     36    -18 (VIOLATED)
fanout932/X                              18     36    -18 (VIOLATED)
fanout935/X                              18     36    -18 (VIOLATED)
fanout936/X                              18     36    -18 (VIOLATED)
fanout938/X                              18     36    -18 (VIOLATED)
fanout941/X                              18     36    -18 (VIOLATED)
fanout943/X                              18     36    -18 (VIOLATED)
fanout946/X                              18     36    -18 (VIOLATED)
fanout947/X                              18     36    -18 (VIOLATED)
fanout950/X                              18     36    -18 (VIOLATED)
fanout955/X                              18     36    -18 (VIOLATED)
fanout958/X                              18     36    -18 (VIOLATED)
fanout960/X                              18     36    -18 (VIOLATED)
fanout962/X                              18     36    -18 (VIOLATED)
fanout965/X                              18     36    -18 (VIOLATED)
fanout967/X                              18     36    -18 (VIOLATED)
fanout968/X                              18     36    -18 (VIOLATED)
fanout970/X                              18     36    -18 (VIOLATED)
fanout972/X                              18     36    -18 (VIOLATED)
fanout974/X                              18     36    -18 (VIOLATED)
fanout975/X                              18     36    -18 (VIOLATED)
fanout977/X                              18     36    -18 (VIOLATED)
fanout980/X                              18     36    -18 (VIOLATED)
fanout983/X                              18     36    -18 (VIOLATED)
fanout985/X                              18     36    -18 (VIOLATED)
fanout987/X                              18     36    -18 (VIOLATED)
fanout989/X                              18     36    -18 (VIOLATED)
fanout994/X                              18     36    -18 (VIOLATED)
fanout995/X                              18     36    -18 (VIOLATED)
fanout997/X                              18     36    -18 (VIOLATED)
fanout998/X                              18     36    -18 (VIOLATED)
fanout999/X                              18     36    -18 (VIOLATED)
wire11/X                                 18     36    -18 (VIOLATED)
wire1512/X                               18     36    -18 (VIOLATED)
wire1572/X                               18     36    -18 (VIOLATED)
wire1622/X                               18     35    -17 (VIOLATED)
_25791_/Y                                18     34    -16 (VIOLATED)
_36137_/Q                                18     34    -16 (VIOLATED)
_37764_/Q                                18     34    -16 (VIOLATED)
fanout1218/X                             18     34    -16 (VIOLATED)
fanout1225/X                             18     34    -16 (VIOLATED)
fanout1227/X                             18     34    -16 (VIOLATED)
fanout1381/X                             18     34    -16 (VIOLATED)
fanout2205/X                             18     34    -16 (VIOLATED)
fanout2267/X                             18     34    -16 (VIOLATED)
fanout2358/X                             18     34    -16 (VIOLATED)
fanout2387/X                             18     34    -16 (VIOLATED)
fanout635/X                              18     34    -16 (VIOLATED)
fanout703/X                              18     34    -16 (VIOLATED)
fanout709/X                              18     34    -16 (VIOLATED)
fanout736/X                              18     34    -16 (VIOLATED)
fanout775/X                              18     34    -16 (VIOLATED)
fanout790/X                              18     34    -16 (VIOLATED)
fanout801/X                              18     34    -16 (VIOLATED)
fanout837/X                              18     34    -16 (VIOLATED)
fanout877/X                              18     34    -16 (VIOLATED)
fanout912/X                              18     34    -16 (VIOLATED)
fanout933/X                              18     34    -16 (VIOLATED)
fanout982/X                              18     34    -16 (VIOLATED)
max_cap2361/X                            18     34    -16 (VIOLATED)
max_cap2363/X                            18     34    -16 (VIOLATED)
max_cap2364/X                            18     34    -16 (VIOLATED)
max_cap2365/X                            18     34    -16 (VIOLATED)
max_cap2366/X                            18     34    -16 (VIOLATED)
max_cap2367/X                            18     34    -16 (VIOLATED)
max_cap2368/X                            18     34    -16 (VIOLATED)
max_cap2464/X                            18     34    -16 (VIOLATED)
max_length1550/X                         18     34    -16 (VIOLATED)
max_length1551/X                         18     34    -16 (VIOLATED)
max_length1555/X                         18     34    -16 (VIOLATED)
wire1553/X                               18     34    -16 (VIOLATED)
wire2372/X                               18     34    -16 (VIOLATED)
wire382/X                                18     34    -16 (VIOLATED)
wire992/X                                18     34    -16 (VIOLATED)
max_cap2371/X                            18     33    -15 (VIOLATED)
_19570_/X                                18     32    -14 (VIOLATED)
_21413_/X                                18     32    -14 (VIOLATED)
_21667_/Y                                18     32    -14 (VIOLATED)
_26626_/X                                18     32    -14 (VIOLATED)
_26645_/X                                18     32    -14 (VIOLATED)
_27402_/X                                18     32    -14 (VIOLATED)
_27489_/X                                18     32    -14 (VIOLATED)
_36122_/Q                                18     32    -14 (VIOLATED)
_36269_/Q                                18     32    -14 (VIOLATED)
clkbuf_7_25__f_mgmt_buffers.caravel_clk/X     18     32    -14 (VIOLATED)
clkbuf_7_27__f_mgmt_buffers.caravel_clk/X     18     32    -14 (VIOLATED)
fanout1030/X                             18     32    -14 (VIOLATED)
fanout1032/X                             18     32    -14 (VIOLATED)
fanout1037/X                             18     32    -14 (VIOLATED)
fanout1052/X                             18     32    -14 (VIOLATED)
fanout1204/X                             18     32    -14 (VIOLATED)
fanout1364/X                             18     32    -14 (VIOLATED)
fanout1403/X                             18     32    -14 (VIOLATED)
fanout1445/X                             18     32    -14 (VIOLATED)
fanout1477/X                             18     32    -14 (VIOLATED)
fanout1624/X                             18     32    -14 (VIOLATED)
fanout1672/X                             18     32    -14 (VIOLATED)
fanout1788/X                             18     32    -14 (VIOLATED)
fanout1812/X                             18     32    -14 (VIOLATED)
fanout2034/X                             18     32    -14 (VIOLATED)
fanout2235/X                             18     32    -14 (VIOLATED)
fanout2272/X                             18     32    -14 (VIOLATED)
fanout2345/X                             18     32    -14 (VIOLATED)
fanout2353/X                             18     32    -14 (VIOLATED)
fanout2354/X                             18     32    -14 (VIOLATED)
fanout2389/X                             18     32    -14 (VIOLATED)
fanout2455/X                             18     32    -14 (VIOLATED)
fanout2458/X                             18     32    -14 (VIOLATED)
fanout2491/X                             18     32    -14 (VIOLATED)
fanout2493/X                             18     32    -14 (VIOLATED)
fanout2510/X                             18     32    -14 (VIOLATED)
fanout2532/X                             18     32    -14 (VIOLATED)
fanout593/X                              18     32    -14 (VIOLATED)
fanout596/X                              18     32    -14 (VIOLATED)
fanout639/X                              18     32    -14 (VIOLATED)
fanout649/X                              18     32    -14 (VIOLATED)
fanout661/X                              18     32    -14 (VIOLATED)
fanout717/X                              18     32    -14 (VIOLATED)
fanout725/X                              18     32    -14 (VIOLATED)
fanout744/X                              18     32    -14 (VIOLATED)
fanout767/X                              18     32    -14 (VIOLATED)
fanout798/X                              18     32    -14 (VIOLATED)
fanout830/X                              18     32    -14 (VIOLATED)
fanout888/X                              18     32    -14 (VIOLATED)
fanout915/X                              18     32    -14 (VIOLATED)
fanout973/X                              18     32    -14 (VIOLATED)
fanout976/X                              18     32    -14 (VIOLATED)
hold2372/X                               18     32    -14 (VIOLATED)
max_cap2378/X                            18     32    -14 (VIOLATED)
max_length286/X                          18     32    -14 (VIOLATED)
wire218/X                                18     32    -14 (VIOLATED)
wire2382/X                               18     32    -14 (VIOLATED)
wire33/X                                 18     32    -14 (VIOLATED)
wire420/X                                18     32    -14 (VIOLATED)
wire886/X                                18     32    -14 (VIOLATED)
_18296_/X                                18     30    -12 (VIOLATED)
_20900_/Y                                18     30    -12 (VIOLATED)
_20908_/Y                                18     30    -12 (VIOLATED)
_26632_/X                                18     30    -12 (VIOLATED)
_28326_/Y                                18     30    -12 (VIOLATED)
_36158_/Q                                18     30    -12 (VIOLATED)
_36443_/Q                                18     30    -12 (VIOLATED)
_36444_/Q                                18     30    -12 (VIOLATED)
clkbuf_7_35__f_mgmt_buffers.caravel_clk/X     18     30    -12 (VIOLATED)
clkbuf_7_44__f_mgmt_buffers.caravel_clk/X     18     30    -12 (VIOLATED)
clkbuf_7_60__f_mgmt_buffers.caravel_clk/X     18     30    -12 (VIOLATED)
fanout1026/X                             18     30    -12 (VIOLATED)
fanout1039/X                             18     30    -12 (VIOLATED)
fanout1140/X                             18     30    -12 (VIOLATED)
fanout1180/X                             18     30    -12 (VIOLATED)
fanout1207/X                             18     30    -12 (VIOLATED)
fanout1232/X                             18     30    -12 (VIOLATED)
fanout1642/X                             18     30    -12 (VIOLATED)
fanout1675/X                             18     30    -12 (VIOLATED)
fanout2031/X                             18     30    -12 (VIOLATED)
fanout2041/X                             18     30    -12 (VIOLATED)
fanout2067/X                             18     30    -12 (VIOLATED)
fanout2134/X                             18     30    -12 (VIOLATED)
fanout2273/X                             18     30    -12 (VIOLATED)
fanout2347/X                             18     30    -12 (VIOLATED)
fanout2481/X                             18     30    -12 (VIOLATED)
fanout2515/X                             18     30    -12 (VIOLATED)
fanout584/X                              18     30    -12 (VIOLATED)
fanout607/X                              18     30    -12 (VIOLATED)
fanout623/X                              18     30    -12 (VIOLATED)
fanout675/X                              18     30    -12 (VIOLATED)
fanout682/X                              18     30    -12 (VIOLATED)
fanout691/X                              18     30    -12 (VIOLATED)
fanout707/X                              18     30    -12 (VIOLATED)
fanout715/X                              18     30    -12 (VIOLATED)
fanout727/X                              18     30    -12 (VIOLATED)
fanout730/X                              18     30    -12 (VIOLATED)
fanout796/X                              18     30    -12 (VIOLATED)
fanout851/X                              18     30    -12 (VIOLATED)
fanout859/X                              18     30    -12 (VIOLATED)
fanout874/X                              18     30    -12 (VIOLATED)
fanout895/X                              18     30    -12 (VIOLATED)
fanout918/X                              18     30    -12 (VIOLATED)
fanout920/X                              18     30    -12 (VIOLATED)
fanout971/X                              18     30    -12 (VIOLATED)
fanout979/X                              18     30    -12 (VIOLATED)
fanout986/X                              18     30    -12 (VIOLATED)
fanout990/X                              18     30    -12 (VIOLATED)
gpio_control_bidir_1[0].BUF[2]/X         18     30    -12 (VIOLATED)
gpio_control_bidir_1[1].BUF[2]/X         18     30    -12 (VIOLATED)
gpio_control_bidir_2[0].BUF[2]/X         18     30    -12 (VIOLATED)
gpio_control_bidir_2[1].BUF[2]/X         18     30    -12 (VIOLATED)
gpio_control_bidir_2[2].BUF[2]/X         18     30    -12 (VIOLATED)
gpio_control_in_1[0].BUF[2]/X            18     30    -12 (VIOLATED)
gpio_control_in_1[1].BUF[2]/X            18     30    -12 (VIOLATED)
gpio_control_in_1[2].BUF[2]/X            18     30    -12 (VIOLATED)
gpio_control_in_1[3].BUF[2]/X            18     30    -12 (VIOLATED)
gpio_control_in_1[4].BUF[2]/X            18     30    -12 (VIOLATED)
gpio_control_in_1[5].BUF[2]/X            18     30    -12 (VIOLATED)
gpio_control_in_1[6].BUF[2]/X            18     30    -12 (VIOLATED)
gpio_control_in_1[7].BUF[2]/X            18     30    -12 (VIOLATED)
gpio_control_in_1[8].BUF[2]/X            18     30    -12 (VIOLATED)
gpio_control_in_1a[0].BUF[2]/X           18     30    -12 (VIOLATED)
gpio_control_in_1a[1].BUF[2]/X           18     30    -12 (VIOLATED)
gpio_control_in_1a[2].BUF[2]/X           18     30    -12 (VIOLATED)
gpio_control_in_1a[3].BUF[2]/X           18     30    -12 (VIOLATED)
gpio_control_in_1a[4].BUF[2]/X           18     30    -12 (VIOLATED)
gpio_control_in_1a[5].BUF[2]/X           18     30    -12 (VIOLATED)
gpio_control_in_2[10].BUF[2]/X           18     30    -12 (VIOLATED)
gpio_control_in_2[11].BUF[2]/X           18     30    -12 (VIOLATED)
gpio_control_in_2[12].BUF[2]/X           18     30    -12 (VIOLATED)
gpio_control_in_2[13].BUF[2]/X           18     30    -12 (VIOLATED)
gpio_control_in_2[14].BUF[2]/X           18     30    -12 (VIOLATED)
gpio_control_in_2[15].BUF[2]/X           18     30    -12 (VIOLATED)
gpio_control_in_2[2].BUF[2]/X            18     30    -12 (VIOLATED)
gpio_control_in_2[3].BUF[2]/X            18     30    -12 (VIOLATED)
gpio_control_in_2[4].BUF[2]/X            18     30    -12 (VIOLATED)
gpio_control_in_2[5].BUF[2]/X            18     30    -12 (VIOLATED)
gpio_control_in_2[7].BUF[2]/X            18     30    -12 (VIOLATED)
gpio_control_in_2[8].BUF[2]/X            18     30    -12 (VIOLATED)
gpio_control_in_2[9].BUF[2]/X            18     30    -12 (VIOLATED)
max_cap921/X                             18     30    -12 (VIOLATED)
wire1349/X                               18     30    -12 (VIOLATED)
wire1387/X                               18     30    -12 (VIOLATED)
wire1491/X                               18     30    -12 (VIOLATED)
wire1510/X                               18     30    -12 (VIOLATED)
wire1523/X                               18     30    -12 (VIOLATED)
wire234/X                                18     30    -12 (VIOLATED)
wire2381/X                               18     30    -12 (VIOLATED)
wire54/X                                 18     30    -12 (VIOLATED)
wire607/X                                18     30    -12 (VIOLATED)
fanout1033/X                             18     29    -11 (VIOLATED)
max_length1208/X                         18     29    -11 (VIOLATED)
_24194_/X                                18     28    -10 (VIOLATED)
_26638_/X                                18     28    -10 (VIOLATED)
_36106_/Q                                18     28    -10 (VIOLATED)
_36123_/Q                                18     28    -10 (VIOLATED)
clkbuf_7_17__f_mgmt_buffers.caravel_clk/X     18     28    -10 (VIOLATED)
clkbuf_7_20__f_mgmt_buffers.caravel_clk/X     18     28    -10 (VIOLATED)
clkbuf_7_29__f_mgmt_buffers.caravel_clk/X     18     28    -10 (VIOLATED)
fanout1101/X                             18     28    -10 (VIOLATED)
fanout1150/X                             18     28    -10 (VIOLATED)
fanout1162/X                             18     28    -10 (VIOLATED)
fanout1176/X                             18     28    -10 (VIOLATED)
fanout1354/X                             18     28    -10 (VIOLATED)
fanout1383/X                             18     28    -10 (VIOLATED)
fanout1442/X                             18     28    -10 (VIOLATED)
fanout1474/X                             18     28    -10 (VIOLATED)
fanout1698/X                             18     28    -10 (VIOLATED)
fanout1700/X                             18     28    -10 (VIOLATED)
fanout1702/X                             18     28    -10 (VIOLATED)
fanout1704/X                             18     28    -10 (VIOLATED)
fanout1706/X                             18     28    -10 (VIOLATED)
fanout1708/X                             18     28    -10 (VIOLATED)
fanout1710/X                             18     28    -10 (VIOLATED)
fanout1712/X                             18     28    -10 (VIOLATED)
fanout1714/X                             18     28    -10 (VIOLATED)
fanout1718/X                             18     28    -10 (VIOLATED)
fanout1731/X                             18     28    -10 (VIOLATED)
fanout1733/X                             18     28    -10 (VIOLATED)
fanout1768/X                             18     28    -10 (VIOLATED)
fanout1794/X                             18     28    -10 (VIOLATED)
fanout2128/X                             18     28    -10 (VIOLATED)
fanout2236/X                             18     28    -10 (VIOLATED)
fanout2242/X                             18     28    -10 (VIOLATED)
fanout2391/X                             18     28    -10 (VIOLATED)
fanout2442/X                             18     28    -10 (VIOLATED)
fanout2444/X                             18     28    -10 (VIOLATED)
fanout2461/X                             18     28    -10 (VIOLATED)
fanout2466/X                             18     28    -10 (VIOLATED)
fanout2489/X                             18     28    -10 (VIOLATED)
fanout2495/X                             18     28    -10 (VIOLATED)
fanout2497/X                             18     28    -10 (VIOLATED)
fanout2531/X                             18     28    -10 (VIOLATED)
fanout614/X                              18     28    -10 (VIOLATED)
fanout627/X                              18     28    -10 (VIOLATED)
fanout629/X                              18     28    -10 (VIOLATED)
fanout631/X                              18     28    -10 (VIOLATED)
fanout647/X                              18     28    -10 (VIOLATED)
fanout664/X                              18     28    -10 (VIOLATED)
fanout668/X                              18     28    -10 (VIOLATED)
fanout679/X                              18     28    -10 (VIOLATED)
fanout695/X                              18     28    -10 (VIOLATED)
fanout697/X                              18     28    -10 (VIOLATED)
fanout699/X                              18     28    -10 (VIOLATED)
fanout741/X                              18     28    -10 (VIOLATED)
fanout746/X                              18     28    -10 (VIOLATED)
fanout769/X                              18     28    -10 (VIOLATED)
fanout849/X                              18     28    -10 (VIOLATED)
fanout853/X                              18     28    -10 (VIOLATED)
fanout855/X                              18     28    -10 (VIOLATED)
fanout876/X                              18     28    -10 (VIOLATED)
fanout885/X                              18     28    -10 (VIOLATED)
fanout953/X                              18     28    -10 (VIOLATED)
fanout969/X                              18     28    -10 (VIOLATED)
fanout978/X                              18     28    -10 (VIOLATED)
fanout984/X                              18     28    -10 (VIOLATED)
gpio_control_bidir_1[0].BUF[0]/X         18     28    -10 (VIOLATED)
gpio_control_bidir_1[1].BUF[0]/X         18     28    -10 (VIOLATED)
gpio_control_bidir_2[0].BUF[0]/X         18     28    -10 (VIOLATED)
gpio_control_bidir_2[1].BUF[0]/X         18     28    -10 (VIOLATED)
gpio_control_bidir_2[2].BUF[0]/X         18     28    -10 (VIOLATED)
gpio_control_in_1[0].BUF[0]/X            18     28    -10 (VIOLATED)
gpio_control_in_1[1].BUF[0]/X            18     28    -10 (VIOLATED)
gpio_control_in_1[2].BUF[0]/X            18     28    -10 (VIOLATED)
gpio_control_in_1[3].BUF[0]/X            18     28    -10 (VIOLATED)
gpio_control_in_1[4].BUF[0]/X            18     28    -10 (VIOLATED)
gpio_control_in_1[5].BUF[0]/X            18     28    -10 (VIOLATED)
gpio_control_in_1[6].BUF[0]/X            18     28    -10 (VIOLATED)
gpio_control_in_1[7].BUF[0]/X            18     28    -10 (VIOLATED)
gpio_control_in_1[8].BUF[0]/X            18     28    -10 (VIOLATED)
gpio_control_in_1[9].BUF[0]/X            18     28    -10 (VIOLATED)
gpio_control_in_1[9].BUF[2]/X            18     28    -10 (VIOLATED)
gpio_control_in_1a[0].BUF[0]/X           18     28    -10 (VIOLATED)
gpio_control_in_1a[1].BUF[0]/X           18     28    -10 (VIOLATED)
gpio_control_in_1a[2].BUF[0]/X           18     28    -10 (VIOLATED)
gpio_control_in_1a[3].BUF[0]/X           18     28    -10 (VIOLATED)
gpio_control_in_1a[4].BUF[0]/X           18     28    -10 (VIOLATED)
gpio_control_in_1a[5].BUF[0]/X           18     28    -10 (VIOLATED)
gpio_control_in_2[10].BUF[0]/X           18     28    -10 (VIOLATED)
gpio_control_in_2[11].BUF[0]/X           18     28    -10 (VIOLATED)
gpio_control_in_2[12].BUF[0]/X           18     28    -10 (VIOLATED)
gpio_control_in_2[13].BUF[0]/X           18     28    -10 (VIOLATED)
gpio_control_in_2[14].BUF[0]/X           18     28    -10 (VIOLATED)
gpio_control_in_2[15].BUF[0]/X           18     28    -10 (VIOLATED)
gpio_control_in_2[1].BUF[0]/X            18     28    -10 (VIOLATED)
gpio_control_in_2[1].BUF[2]/X            18     28    -10 (VIOLATED)
gpio_control_in_2[2].BUF[0]/X            18     28    -10 (VIOLATED)
gpio_control_in_2[3].BUF[0]/X            18     28    -10 (VIOLATED)
gpio_control_in_2[4].BUF[0]/X            18     28    -10 (VIOLATED)
gpio_control_in_2[5].BUF[0]/X            18     28    -10 (VIOLATED)
gpio_control_in_2[7].BUF[0]/X            18     28    -10 (VIOLATED)
gpio_control_in_2[8].BUF[0]/X            18     28    -10 (VIOLATED)
gpio_control_in_2[9].BUF[0]/X            18     28    -10 (VIOLATED)
max_cap2485/X                            18     28    -10 (VIOLATED)
max_length1207/X                         18     28    -10 (VIOLATED)
max_length209/X                          18     28    -10 (VIOLATED)
max_length986/X                          18     28    -10 (VIOLATED)
wire1052/X                               18     28    -10 (VIOLATED)
wire1234/X                               18     28    -10 (VIOLATED)
wire1403/X                               18     28    -10 (VIOLATED)
wire1488/X                               18     28    -10 (VIOLATED)
wire149/X                                18     28    -10 (VIOLATED)
wire1557/X                               18     28    -10 (VIOLATED)
wire41/X                                 18     28    -10 (VIOLATED)
wire45/X                                 18     28    -10 (VIOLATED)
wire498/X                                18     28    -10 (VIOLATED)
wire55/X                                 18     28    -10 (VIOLATED)
wire595/X                                18     28    -10 (VIOLATED)
wire605/X                                18     28    -10 (VIOLATED)
_37450_/Q                                18     27     -9 (VIOLATED)
fanout1328/X                             18     27     -9 (VIOLATED)
wire1191/X                               18     27     -9 (VIOLATED)
_16482_/X                                18     26     -8 (VIOLATED)
_16927_/X                                18     26     -8 (VIOLATED)
_22217_/X                                18     26     -8 (VIOLATED)
_24391_/X                                18     26     -8 (VIOLATED)
_25588_/X                                18     26     -8 (VIOLATED)
_35952_/Q                                18     26     -8 (VIOLATED)
_36938_/Q                                18     26     -8 (VIOLATED)
_36974_/Q                                18     26     -8 (VIOLATED)
clkbuf_7_102__f_mgmt_buffers.caravel_clk/X     18     26     -8 (VIOLATED)
clkbuf_7_19__f_mgmt_buffers.caravel_clk/X     18     26     -8 (VIOLATED)
clkbuf_7_21__f_mgmt_buffers.caravel_clk/X     18     26     -8 (VIOLATED)
clkbuf_7_28__f_mgmt_buffers.caravel_clk/X     18     26     -8 (VIOLATED)
clkbuf_7_30__f_mgmt_buffers.caravel_clk/X     18     26     -8 (VIOLATED)
clkbuf_7_51__f_mgmt_buffers.caravel_clk/X     18     26     -8 (VIOLATED)
fanout1022/X                             18     26     -8 (VIOLATED)
fanout1153/X                             18     26     -8 (VIOLATED)
fanout1160/X                             18     26     -8 (VIOLATED)
fanout1169/X                             18     26     -8 (VIOLATED)
fanout2164/X                             18     26     -8 (VIOLATED)
fanout2359/X                             18     26     -8 (VIOLATED)
fanout2501/X                             18     26     -8 (VIOLATED)
fanout579/X                              18     26     -8 (VIOLATED)
fanout600/X                              18     26     -8 (VIOLATED)
fanout645/X                              18     26     -8 (VIOLATED)
fanout713/X                              18     26     -8 (VIOLATED)
fanout734/X                              18     26     -8 (VIOLATED)
fanout751/X                              18     26     -8 (VIOLATED)
fanout757/X                              18     26     -8 (VIOLATED)
fanout779/X                              18     26     -8 (VIOLATED)
fanout827/X                              18     26     -8 (VIOLATED)
fanout872/X                              18     26     -8 (VIOLATED)
fanout882/X                              18     26     -8 (VIOLATED)
fanout927/X                              18     26     -8 (VIOLATED)
fanout963/X                              18     26     -8 (VIOLATED)
fanout981/X                              18     26     -8 (VIOLATED)
max_cap1448/X                            18     26     -8 (VIOLATED)
max_cap2362/X                            18     26     -8 (VIOLATED)
max_cap2449/X                            18     26     -8 (VIOLATED)
max_length1174/X                         18     26     -8 (VIOLATED)
mgmt_buffers.mprj_logic_high_inst/HI[184]     18     26     -8 (VIOLATED)
mgmt_buffers.mprj_logic_high_inst/HI[299]     18     26     -8 (VIOLATED)
mgmt_buffers.mprj_logic_high_inst/HI[449]     18     26     -8 (VIOLATED)
wire1222/X                               18     26     -8 (VIOLATED)
wire1233/X                               18     26     -8 (VIOLATED)
wire39/X                                 18     26     -8 (VIOLATED)
wire512/X                                18     26     -8 (VIOLATED)
fanout2412/X                             18     25     -7 (VIOLATED)
mgmt_buffers.mprj_logic_high_inst/HI[280]     18     25     -7 (VIOLATED)
_16483_/X                                18     24     -6 (VIOLATED)
_20805_/Y                                18     24     -6 (VIOLATED)
_20806_/Y                                18     24     -6 (VIOLATED)
_20939_/Y                                18     24     -6 (VIOLATED)
_24198_/X                                18     24     -6 (VIOLATED)
_26629_/X                                18     24     -6 (VIOLATED)
_26643_/X                                18     24     -6 (VIOLATED)
_27960_/Y                                18     24     -6 (VIOLATED)
_36437_/Q                                18     24     -6 (VIOLATED)
_36973_/Q                                18     24     -6 (VIOLATED)
_36983_/Q                                18     24     -6 (VIOLATED)
_36984_/Q                                18     24     -6 (VIOLATED)
_37007_/Q                                18     24     -6 (VIOLATED)
_37009_/Q                                18     24     -6 (VIOLATED)
_37761_/Q                                18     24     -6 (VIOLATED)
_37831_/Q                                18     24     -6 (VIOLATED)
clkbuf_7_0__f_mgmt_buffers.caravel_clk/X     18     24     -6 (VIOLATED)
clkbuf_7_105__f_mgmt_buffers.caravel_clk/X     18     24     -6 (VIOLATED)
clkbuf_7_121__f_mgmt_buffers.caravel_clk/X     18     24     -6 (VIOLATED)
clkbuf_7_18__f_mgmt_buffers.caravel_clk/X     18     24     -6 (VIOLATED)
clkbuf_7_1__f_mgmt_buffers.caravel_clk/X     18     24     -6 (VIOLATED)
clkbuf_7_24__f_mgmt_buffers.caravel_clk/X     18     24     -6 (VIOLATED)
clkbuf_7_32__f_mgmt_buffers.caravel_clk/X     18     24     -6 (VIOLATED)
clkbuf_7_4__f_mgmt_buffers.caravel_clk/X     18     24     -6 (VIOLATED)
clkbuf_7_97__f_mgmt_buffers.caravel_clk/X     18     24     -6 (VIOLATED)
clkbuf_leaf_1070_mgmt_buffers.caravel_clk/X     18     24     -6 (VIOLATED)
clkbuf_leaf_985_mgmt_buffers.caravel_clk/X     18     24     -6 (VIOLATED)
fanout1017/X                             18     24     -6 (VIOLATED)
fanout1063/X                             18     24     -6 (VIOLATED)
fanout1119/X                             18     24     -6 (VIOLATED)
fanout1137/X                             18     24     -6 (VIOLATED)
fanout1139/X                             18     24     -6 (VIOLATED)
fanout1152/X                             18     24     -6 (VIOLATED)
fanout1185/X                             18     24     -6 (VIOLATED)
fanout1219/X                             18     24     -6 (VIOLATED)
fanout1362/X                             18     24     -6 (VIOLATED)
fanout1398/X                             18     24     -6 (VIOLATED)
fanout1435/X                             18     24     -6 (VIOLATED)
fanout1627/X                             18     24     -6 (VIOLATED)
fanout2043/X                             18     24     -6 (VIOLATED)
fanout2217/X                             18     24     -6 (VIOLATED)
fanout2229/X                             18     24     -6 (VIOLATED)
fanout2247/X                             18     24     -6 (VIOLATED)
fanout2258/X                             18     24     -6 (VIOLATED)
fanout2286/X                             18     24     -6 (VIOLATED)
fanout2301/X                             18     24     -6 (VIOLATED)
fanout2342/X                             18     24     -6 (VIOLATED)
fanout2457/X                             18     24     -6 (VIOLATED)
fanout602/X                              18     24     -6 (VIOLATED)
fanout651/X                              18     24     -6 (VIOLATED)
fanout672/X                              18     24     -6 (VIOLATED)
fanout677/X                              18     24     -6 (VIOLATED)
fanout701/X                              18     24     -6 (VIOLATED)
fanout719/X                              18     24     -6 (VIOLATED)
fanout808/X                              18     24     -6 (VIOLATED)
fanout828/X                              18     24     -6 (VIOLATED)
fanout892/X                              18     24     -6 (VIOLATED)
fanout930/X                              18     24     -6 (VIOLATED)
fanout937/X                              18     24     -6 (VIOLATED)
fanout944/X                              18     24     -6 (VIOLATED)
fanout956/X                              18     24     -6 (VIOLATED)
max_cap1782/X                            18     24     -6 (VIOLATED)
max_cap2160/X                            18     24     -6 (VIOLATED)
max_cap2404/X                            18     24     -6 (VIOLATED)
max_cap739/X                             18     24     -6 (VIOLATED)
max_cap964/X                             18     24     -6 (VIOLATED)
max_length1215/X                         18     24     -6 (VIOLATED)
max_length1219/X                         18     24     -6 (VIOLATED)
max_length1541/X                         18     24     -6 (VIOLATED)
max_length605/X                          18     24     -6 (VIOLATED)
wire1444/X                               18     24     -6 (VIOLATED)
wire1473/X                               18     24     -6 (VIOLATED)
wire1493/X                               18     24     -6 (VIOLATED)
wire1791/X                               18     24     -6 (VIOLATED)
wire220/X                                18     24     -6 (VIOLATED)
wire431/X                                18     24     -6 (VIOLATED)
wire603/X                                18     24     -6 (VIOLATED)
wire954/X                                18     24     -6 (VIOLATED)
_21419_/X                                18     23     -5 (VIOLATED)
_37451_/Q                                18     23     -5 (VIOLATED)
fanout2431/X                             18     23     -5 (VIOLATED)
mgmt_buffers.mprj_logic_high_inst/HI[183]     18     23     -5 (VIOLATED)
mgmt_buffers.mprj_logic_high_inst/HI[398]     18     23     -5 (VIOLATED)
_21090_/Y                                18     22     -4 (VIOLATED)
_21650_/X                                18     22     -4 (VIOLATED)
_21666_/X                                18     22     -4 (VIOLATED)
_22185_/Y                                18     22     -4 (VIOLATED)
_22624_/X                                18     22     -4 (VIOLATED)
_25867_/X                                18     22     -4 (VIOLATED)
_26635_/X                                18     22     -4 (VIOLATED)
_26640_/X                                18     22     -4 (VIOLATED)
_29298_/X                                18     22     -4 (VIOLATED)
_35769_/Q                                18     22     -4 (VIOLATED)
_35985_/Q                                18     22     -4 (VIOLATED)
_35998_/Q                                18     22     -4 (VIOLATED)
_36049_/Q                                18     22     -4 (VIOLATED)
_36116_/Q                                18     22     -4 (VIOLATED)
_37001_/Q                                18     22     -4 (VIOLATED)
_37158_/Q                                18     22     -4 (VIOLATED)
_37159_/Q                                18     22     -4 (VIOLATED)
clkbuf_7_26__f_mgmt_buffers.caravel_clk/X     18     22     -4 (VIOLATED)
clkbuf_7_2__f_mgmt_buffers.caravel_clk/X     18     22     -4 (VIOLATED)
clkbuf_7_31__f_mgmt_buffers.caravel_clk/X     18     22     -4 (VIOLATED)
clkbuf_7_40__f_mgmt_buffers.caravel_clk/X     18     22     -4 (VIOLATED)
clkbuf_7_41__f_mgmt_buffers.caravel_clk/X     18     22     -4 (VIOLATED)
clkbuf_7_47__f_mgmt_buffers.caravel_clk/X     18     22     -4 (VIOLATED)
clkbuf_7_48__f_mgmt_buffers.caravel_clk/X     18     22     -4 (VIOLATED)
clkbuf_leaf_814_mgmt_buffers.caravel_clk/X     18     22     -4 (VIOLATED)
fanout1025/X                             18     22     -4 (VIOLATED)
fanout1095/X                             18     22     -4 (VIOLATED)
fanout1116/X                             18     22     -4 (VIOLATED)
fanout1121/X                             18     22     -4 (VIOLATED)
fanout1134/X                             18     22     -4 (VIOLATED)
fanout1143/X                             18     22     -4 (VIOLATED)
fanout1214/X                             18     22     -4 (VIOLATED)
fanout1240/X                             18     22     -4 (VIOLATED)
fanout1327/X                             18     22     -4 (VIOLATED)
fanout1330/X                             18     22     -4 (VIOLATED)
fanout1384/X                             18     22     -4 (VIOLATED)
fanout1439/X                             18     22     -4 (VIOLATED)
fanout1475/X                             18     22     -4 (VIOLATED)
fanout1684/X                             18     22     -4 (VIOLATED)
fanout2231/X                             18     22     -4 (VIOLATED)
fanout2278/X                             18     22     -4 (VIOLATED)
fanout2417/X                             18     22     -4 (VIOLATED)
fanout2472/X                             18     22     -4 (VIOLATED)
fanout574/X                              18     22     -4 (VIOLATED)
fanout580/X                              18     22     -4 (VIOLATED)
fanout599/X                              18     22     -4 (VIOLATED)
fanout604/X                              18     22     -4 (VIOLATED)
fanout616/X                              18     22     -4 (VIOLATED)
fanout622/X                              18     22     -4 (VIOLATED)
fanout633/X                              18     22     -4 (VIOLATED)
fanout667/X                              18     22     -4 (VIOLATED)
fanout670/X                              18     22     -4 (VIOLATED)
fanout684/X                              18     22     -4 (VIOLATED)
fanout690/X                              18     22     -4 (VIOLATED)
fanout735/X                              18     22     -4 (VIOLATED)
fanout747/X                              18     22     -4 (VIOLATED)
fanout770/X                              18     22     -4 (VIOLATED)
fanout773/X                              18     22     -4 (VIOLATED)
fanout845/X                              18     22     -4 (VIOLATED)
fanout959/X                              18     22     -4 (VIOLATED)
fanout966/X                              18     22     -4 (VIOLATED)
max_cap1183/X                            18     22     -4 (VIOLATED)
max_cap2055/X                            18     22     -4 (VIOLATED)
max_cap2351/X                            18     22     -4 (VIOLATED)
max_length11/X                           18     22     -4 (VIOLATED)
max_length1177/X                         18     22     -4 (VIOLATED)
max_length508/X                          18     22     -4 (VIOLATED)
max_length600/X                          18     22     -4 (VIOLATED)
max_length607/X                          18     22     -4 (VIOLATED)
mgmt_buffers.user_wb_dat_gates[20]/Y     18     22     -4 (VIOLATED)
wire105/X                                18     22     -4 (VIOLATED)
wire1232/X                               18     22     -4 (VIOLATED)
wire1395/X                               18     22     -4 (VIOLATED)
wire1476/X                               18     22     -4 (VIOLATED)
wire1495/X                               18     22     -4 (VIOLATED)
wire1503/X                               18     22     -4 (VIOLATED)
wire1534/X                               18     22     -4 (VIOLATED)
wire1539/X                               18     22     -4 (VIOLATED)
wire1566/X                               18     22     -4 (VIOLATED)
wire157/X                                18     22     -4 (VIOLATED)
wire16/X                                 18     22     -4 (VIOLATED)
wire17/X                                 18     22     -4 (VIOLATED)
wire1807/X                               18     22     -4 (VIOLATED)
wire22/X                                 18     22     -4 (VIOLATED)
wire34/X                                 18     22     -4 (VIOLATED)
wire470/X                                18     22     -4 (VIOLATED)
wire574/X                                18     22     -4 (VIOLATED)
wire596/X                                18     22     -4 (VIOLATED)
_19573_/X                                18     21     -3 (VIOLATED)
_21086_/Y                                18     21     -3 (VIOLATED)
_36350_/Q                                18     21     -3 (VIOLATED)
fanout1604/X                             18     21     -3 (VIOLATED)
wire238/X                                18     21     -3 (VIOLATED)
wire392/X                                18     21     -3 (VIOLATED)
_19577_/X                                18     20     -2 (VIOLATED)
_19585_/X                                18     20     -2 (VIOLATED)
_21042_/Y                                18     20     -2 (VIOLATED)
_21046_/Y                                18     20     -2 (VIOLATED)
_21050_/Y                                18     20     -2 (VIOLATED)
_21062_/Y                                18     20     -2 (VIOLATED)
_21071_/Y                                18     20     -2 (VIOLATED)
_21074_/Y                                18     20     -2 (VIOLATED)
_21077_/Y                                18     20     -2 (VIOLATED)
_21083_/Y                                18     20     -2 (VIOLATED)
_21092_/Y                                18     20     -2 (VIOLATED)
_21094_/Y                                18     20     -2 (VIOLATED)
_21096_/Y                                18     20     -2 (VIOLATED)
_21098_/Y                                18     20     -2 (VIOLATED)
_21100_/Y                                18     20     -2 (VIOLATED)
_21102_/Y                                18     20     -2 (VIOLATED)
_21661_/X                                18     20     -2 (VIOLATED)
_21896_/Y                                18     20     -2 (VIOLATED)
_21958_/X                                18     20     -2 (VIOLATED)
_22168_/Y                                18     20     -2 (VIOLATED)
_24207_/X                                18     20     -2 (VIOLATED)
_25589_/X                                18     20     -2 (VIOLATED)
_25888_/X                                18     20     -2 (VIOLATED)
_26619_/X                                18     20     -2 (VIOLATED)
_26885_/Y                                18     20     -2 (VIOLATED)
_27021_/X                                18     20     -2 (VIOLATED)
_27717_/Y                                18     20     -2 (VIOLATED)
_28634_/X                                18     20     -2 (VIOLATED)
_35909_/Q                                18     20     -2 (VIOLATED)
_35968_/Q                                18     20     -2 (VIOLATED)
_35972_/Q                                18     20     -2 (VIOLATED)
_35975_/Q                                18     20     -2 (VIOLATED)
_35994_/Q                                18     20     -2 (VIOLATED)
_36048_/Q                                18     20     -2 (VIOLATED)
_36055_/Q                                18     20     -2 (VIOLATED)
_36072_/Q                                18     20     -2 (VIOLATED)
_36129_/Q                                18     20     -2 (VIOLATED)
_36215_/Q                                18     20     -2 (VIOLATED)
_36976_/Q                                18     20     -2 (VIOLATED)
_36993_/Q                                18     20     -2 (VIOLATED)
_37008_/Q                                18     20     -2 (VIOLATED)
_37630_/Q                                18     20     -2 (VIOLATED)
_37816_/Q                                18     20     -2 (VIOLATED)
clkbuf_7_108__f_mgmt_buffers.caravel_clk/X     18     20     -2 (VIOLATED)
clkbuf_7_118__f_mgmt_buffers.caravel_clk/X     18     20     -2 (VIOLATED)
clkbuf_7_123__f_mgmt_buffers.caravel_clk/X     18     20     -2 (VIOLATED)
clkbuf_7_12__f_mgmt_buffers.caravel_clk/X     18     20     -2 (VIOLATED)
clkbuf_7_16__f_mgmt_buffers.caravel_clk/X     18     20     -2 (VIOLATED)
clkbuf_7_22__f_mgmt_buffers.caravel_clk/X     18     20     -2 (VIOLATED)
clkbuf_7_23__f_mgmt_buffers.caravel_clk/X     18     20     -2 (VIOLATED)
clkbuf_7_34__f_mgmt_buffers.caravel_clk/X     18     20     -2 (VIOLATED)
clkbuf_7_37__f_mgmt_buffers.caravel_clk/X     18     20     -2 (VIOLATED)
clkbuf_7_38__f_mgmt_buffers.caravel_clk/X     18     20     -2 (VIOLATED)
clkbuf_7_43__f_mgmt_buffers.caravel_clk/X     18     20     -2 (VIOLATED)
clkbuf_7_45__f_mgmt_buffers.caravel_clk/X     18     20     -2 (VIOLATED)
clkbuf_7_50__f_mgmt_buffers.caravel_clk/X     18     20     -2 (VIOLATED)
clkbuf_7_58__f_mgmt_buffers.caravel_clk/X     18     20     -2 (VIOLATED)
clkbuf_7_5__f_mgmt_buffers.caravel_clk/X     18     20     -2 (VIOLATED)
clkbuf_7_61__f_mgmt_buffers.caravel_clk/X     18     20     -2 (VIOLATED)
clkbuf_7_99__f_mgmt_buffers.caravel_clk/X     18     20     -2 (VIOLATED)
clkbuf_leaf_248_mgmt_buffers.caravel_clk/X     18     20     -2 (VIOLATED)
clkbuf_leaf_378_mgmt_buffers.caravel_clk/X     18     20     -2 (VIOLATED)
clkbuf_leaf_380_mgmt_buffers.caravel_clk/X     18     20     -2 (VIOLATED)
clkbuf_leaf_396_mgmt_buffers.caravel_clk/X     18     20     -2 (VIOLATED)
clkbuf_leaf_420_mgmt_buffers.caravel_clk/X     18     20     -2 (VIOLATED)
clkbuf_leaf_823_mgmt_buffers.caravel_clk/X     18     20     -2 (VIOLATED)
clkbuf_leaf_825_mgmt_buffers.caravel_clk/X     18     20     -2 (VIOLATED)
clkbuf_leaf_999_mgmt_buffers.caravel_clk/X     18     20     -2 (VIOLATED)
fanout1027/X                             18     20     -2 (VIOLATED)
fanout1040/X                             18     20     -2 (VIOLATED)
fanout1195/X                             18     20     -2 (VIOLATED)
fanout1197/X                             18     20     -2 (VIOLATED)
fanout1203/X                             18     20     -2 (VIOLATED)
fanout1206/X                             18     20     -2 (VIOLATED)
fanout1228/X                             18     20     -2 (VIOLATED)
fanout1235/X                             18     20     -2 (VIOLATED)
fanout1402/X                             18     20     -2 (VIOLATED)
fanout1486/X                             18     20     -2 (VIOLATED)
fanout1501/X                             18     20     -2 (VIOLATED)
fanout1549/X                             18     20     -2 (VIOLATED)
fanout1599/X                             18     20     -2 (VIOLATED)
fanout1610/X                             18     20     -2 (VIOLATED)
fanout1676/X                             18     20     -2 (VIOLATED)
fanout1750/X                             18     20     -2 (VIOLATED)
fanout2032/X                             18     20     -2 (VIOLATED)
fanout2216/X                             18     20     -2 (VIOLATED)
fanout2238/X                             18     20     -2 (VIOLATED)
fanout2246/X                             18     20     -2 (VIOLATED)
fanout2252/X                             18     20     -2 (VIOLATED)
fanout2256/X                             18     20     -2 (VIOLATED)
fanout2268/X                             18     20     -2 (VIOLATED)
fanout2276/X                             18     20     -2 (VIOLATED)
fanout2285/X                             18     20     -2 (VIOLATED)
fanout2296/X                             18     20     -2 (VIOLATED)
fanout2386/X                             18     20     -2 (VIOLATED)
fanout2426/X                             18     20     -2 (VIOLATED)
fanout2429/X                             18     20     -2 (VIOLATED)
fanout2433/X                             18     20     -2 (VIOLATED)
fanout2445/X                             18     20     -2 (VIOLATED)
fanout2454/X                             18     20     -2 (VIOLATED)
fanout2508/X                             18     20     -2 (VIOLATED)
fanout576/X                              18     20     -2 (VIOLATED)
fanout609/X                              18     20     -2 (VIOLATED)
fanout653/X                              18     20     -2 (VIOLATED)
fanout721/X                              18     20     -2 (VIOLATED)
fanout728/X                              18     20     -2 (VIOLATED)
fanout772/X                              18     20     -2 (VIOLATED)
fanout780/X                              18     20     -2 (VIOLATED)
fanout824/X                              18     20     -2 (VIOLATED)
fanout839/X                              18     20     -2 (VIOLATED)
fanout901/X                              18     20     -2 (VIOLATED)
fanout934/X                              18     20     -2 (VIOLATED)
fanout951/X                              18     20     -2 (VIOLATED)
fanout991/X                              18     20     -2 (VIOLATED)
max_cap1443/X                            18     20     -2 (VIOLATED)
max_cap2348/X                            18     20     -2 (VIOLATED)
max_cap2352/X                            18     20     -2 (VIOLATED)
max_cap2467/X                            18     20     -2 (VIOLATED)
max_cap940/X                             18     20     -2 (VIOLATED)
max_length1188/X                         18     20     -2 (VIOLATED)
max_length208/X                          18     20     -2 (VIOLATED)
max_length598/X                          18     20     -2 (VIOLATED)
max_length890/X                          18     20     -2 (VIOLATED)
wire1202/X                               18     20     -2 (VIOLATED)
wire1467/X                               18     20     -2 (VIOLATED)
wire1477/X                               18     20     -2 (VIOLATED)
wire1484/X                               18     20     -2 (VIOLATED)
wire1498/X                               18     20     -2 (VIOLATED)
wire1518/X                               18     20     -2 (VIOLATED)
wire1552/X                               18     20     -2 (VIOLATED)
wire2423/X                               18     20     -2 (VIOLATED)
wire35/X                                 18     20     -2 (VIOLATED)
wire391/X                                18     20     -2 (VIOLATED)
wire393/X                                18     20     -2 (VIOLATED)
wire394/X                                18     20     -2 (VIOLATED)
wire492/X                                18     20     -2 (VIOLATED)
wire508/X                                18     20     -2 (VIOLATED)
wire602/X                                18     20     -2 (VIOLATED)
wire79/X                                 18     20     -2 (VIOLATED)
wire93/X                                 18     20     -2 (VIOLATED)
_22578_/X                                18     19        (VIOLATED)
max_length1182/X                         18     19        (VIOLATED)
mgmt_buffers.mprj_logic_high_inst/HI[417]     18     19        (VIOLATED)


===========================================================================
max slew violation count 36
max fanout violation count 1175
max cap violation count 0
============================================================================
