
===========================================================================
report_checks -path_delay min (Hold)
============================================================================
Startpoint: _36420_ (rising edge-triggered flip-flop clocked by clk)
Endpoint: _36423_ (rising edge-triggered flip-flop clocked by clk)
Path Group: clk
Path Type: min

Fanout     Cap    Slew   Delay    Time   Description
-----------------------------------------------------------------------------
                          0.00    0.00   clock clk (rise edge)
                          0.00    0.00   clock source latency
                  0.24    0.00    0.00 ^ clock_ctrl/core_clk (caravel_clocking)
     2    0.23                           mgmt_buffers.caravel_clk (net)
                  0.24    0.00    0.00 ^ clkbuf_0_mgmt_buffers.caravel_clk/A (sky130_fd_sc_hd__clkbuf_16)
                  0.10    0.22    0.22 ^ clkbuf_0_mgmt_buffers.caravel_clk/X (sky130_fd_sc_hd__clkbuf_16)
     4    0.08                           clknet_0_mgmt_buffers.caravel_clk (net)
                  0.10    0.01    0.23 ^ clkbuf_1_1_0_mgmt_buffers.caravel_clk/A (sky130_fd_sc_hd__clkbuf_8)
                  0.20    0.25    0.49 ^ clkbuf_1_1_0_mgmt_buffers.caravel_clk/X (sky130_fd_sc_hd__clkbuf_8)
     4    0.12                           clknet_1_1_0_mgmt_buffers.caravel_clk (net)
                  0.20    0.01    0.50 ^ clkbuf_2_2_0_mgmt_buffers.caravel_clk/A (sky130_fd_sc_hd__clkbuf_8)
                  0.15    0.25    0.75 ^ clkbuf_2_2_0_mgmt_buffers.caravel_clk/X (sky130_fd_sc_hd__clkbuf_8)
     4    0.08                           clknet_2_2_0_mgmt_buffers.caravel_clk (net)
                  0.15    0.00    0.75 ^ clkbuf_3_5_0_mgmt_buffers.caravel_clk/A (sky130_fd_sc_hd__clkbuf_8)
                  0.13    0.22    0.97 ^ clkbuf_3_5_0_mgmt_buffers.caravel_clk/X (sky130_fd_sc_hd__clkbuf_8)
     8    0.07                           clknet_3_5_0_mgmt_buffers.caravel_clk (net)
                  0.13    0.01    0.97 ^ clkbuf_5_22_0_mgmt_buffers.caravel_clk/A (sky130_fd_sc_hd__clkbuf_8)
                  0.10    0.19    1.16 ^ clkbuf_5_22_0_mgmt_buffers.caravel_clk/X (sky130_fd_sc_hd__clkbuf_8)
     4    0.05                           clknet_5_22_0_mgmt_buffers.caravel_clk (net)
                  0.10    0.00    1.17 ^ clkbuf_7_90__f_mgmt_buffers.caravel_clk/A (sky130_fd_sc_hd__clkbuf_16)
                  0.13    0.20    1.37 ^ clkbuf_7_90__f_mgmt_buffers.caravel_clk/X (sky130_fd_sc_hd__clkbuf_16)
    16    0.12                           clknet_7_90__leaf_mgmt_buffers.caravel_clk (net)
                  0.13    0.01    1.38 ^ clkbuf_leaf_646_mgmt_buffers.caravel_clk/A (sky130_fd_sc_hd__clkbuf_16)
                  0.05    0.16    1.54 ^ clkbuf_leaf_646_mgmt_buffers.caravel_clk/X (sky130_fd_sc_hd__clkbuf_16)
     5    0.03                           clknet_leaf_646_mgmt_buffers.caravel_clk (net)
                  0.05    0.00    1.54 ^ _36420_/CLK (sky130_fd_sc_hd__dfxtp_2)
                  0.04    0.30    1.84 ^ _36420_/Q (sky130_fd_sc_hd__dfxtp_2)
     1    0.01                           soc.core.gpioin2_gpioin2_in_pads_n_d (net)
                  0.04    0.00    1.84 ^ hold3622/A (sky130_fd_sc_hd__clkdlybuf4s15_2)
                  0.04    0.18    2.02 ^ hold3622/X (sky130_fd_sc_hd__clkdlybuf4s15_2)
     1    0.01                           net5975 (net)
                  0.04    0.00    2.02 ^ _16479_/A1 (sky130_fd_sc_hd__mux2_4)
                  0.08    0.17    2.20 ^ _16479_/X (sky130_fd_sc_hd__mux2_4)
     1    0.02                           _05121_ (net)
                  0.08    0.00    2.20 ^ _28948_/A (sky130_fd_sc_hd__xor2_4)
                  0.07    0.12    2.31 v _28948_/X (sky130_fd_sc_hd__xor2_4)
     6    0.03                           _14304_ (net)
                  0.07    0.00    2.32 v _28949_/A (sky130_fd_sc_hd__and2_4)
                  0.03    0.13    2.45 v _28949_/X (sky130_fd_sc_hd__and2_4)
     1    0.00                           _09555_ (net)
                  0.03    0.00    2.45 v _36423_/D (sky130_fd_sc_hd__dfxtp_2)
                                  2.45   data arrival time

                          0.00    0.00   clock clk (rise edge)
                          0.00    0.00   clock source latency
                  0.24    0.00    0.00 ^ clock_ctrl/core_clk (caravel_clocking)
     2    0.23                           mgmt_buffers.caravel_clk (net)
                  0.24    0.00    0.00 ^ clkbuf_0_mgmt_buffers.caravel_clk/A (sky130_fd_sc_hd__clkbuf_16)
                  0.10    0.24    0.24 ^ clkbuf_0_mgmt_buffers.caravel_clk/X (sky130_fd_sc_hd__clkbuf_16)
     4    0.08                           clknet_0_mgmt_buffers.caravel_clk (net)
                  0.10    0.01    0.25 ^ clkbuf_1_1_0_mgmt_buffers.caravel_clk/A (sky130_fd_sc_hd__clkbuf_8)
                  0.20    0.27    0.53 ^ clkbuf_1_1_0_mgmt_buffers.caravel_clk/X (sky130_fd_sc_hd__clkbuf_8)
     4    0.12                           clknet_1_1_0_mgmt_buffers.caravel_clk (net)
                  0.20    0.01    0.54 ^ clkbuf_2_2_0_mgmt_buffers.caravel_clk/A (sky130_fd_sc_hd__clkbuf_8)
                  0.15    0.27    0.81 ^ clkbuf_2_2_0_mgmt_buffers.caravel_clk/X (sky130_fd_sc_hd__clkbuf_8)
     4    0.08                           clknet_2_2_0_mgmt_buffers.caravel_clk (net)
                  0.15    0.01    0.81 ^ clkbuf_3_4_0_mgmt_buffers.caravel_clk/A (sky130_fd_sc_hd__clkbuf_8)
                  0.49    0.47    1.28 ^ clkbuf_3_4_0_mgmt_buffers.caravel_clk/X (sky130_fd_sc_hd__clkbuf_8)
     8    0.29                           clknet_3_4_0_mgmt_buffers.caravel_clk (net)
                  0.49    0.01    1.29 ^ clkbuf_5_19_0_mgmt_buffers.caravel_clk/A (sky130_fd_sc_hd__clkbuf_8)
                  0.14    0.33    1.62 ^ clkbuf_5_19_0_mgmt_buffers.caravel_clk/X (sky130_fd_sc_hd__clkbuf_8)
     8    0.08                           clknet_5_19_0_mgmt_buffers.caravel_clk (net)
                  0.14    0.00    1.62 ^ clkbuf_7_79__f_mgmt_buffers.caravel_clk/A (sky130_fd_sc_hd__clkbuf_16)
                  0.08    0.20    1.82 ^ clkbuf_7_79__f_mgmt_buffers.caravel_clk/X (sky130_fd_sc_hd__clkbuf_16)
     8    0.07                           clknet_7_79__leaf_mgmt_buffers.caravel_clk (net)
                  0.08    0.01    1.83 ^ clkbuf_leaf_663_mgmt_buffers.caravel_clk/A (sky130_fd_sc_hd__clkbuf_16)
                  0.04    0.14    1.97 ^ clkbuf_leaf_663_mgmt_buffers.caravel_clk/X (sky130_fd_sc_hd__clkbuf_16)
     4    0.02                           clknet_leaf_663_mgmt_buffers.caravel_clk (net)
                  0.04    0.00    1.97 ^ _36423_/CLK (sky130_fd_sc_hd__dfxtp_2)
                          0.10    2.07   clock uncertainty
                         -0.06    2.01   clock reconvergence pessimism
                         -0.04    1.97   library hold time
                                  1.97   data required time
-----------------------------------------------------------------------------
                                  1.97   data required time
                                 -2.45   data arrival time
-----------------------------------------------------------------------------
                                  0.48   slack (MET)


Startpoint: _34580_ (rising edge-triggered flip-flop clocked by clk)
Endpoint: _34582_ (rising edge-triggered flip-flop clocked by clk)
Path Group: clk
Path Type: min

Fanout     Cap    Slew   Delay    Time   Description
-----------------------------------------------------------------------------
                          0.00    0.00   clock clk (rise edge)
                          0.00    0.00   clock source latency
                  0.24    0.00    0.00 ^ clock_ctrl/core_clk (caravel_clocking)
     2    0.23                           mgmt_buffers.caravel_clk (net)
                  0.24    0.00    0.00 ^ clkbuf_0_mgmt_buffers.caravel_clk/A (sky130_fd_sc_hd__clkbuf_16)
                  0.10    0.22    0.22 ^ clkbuf_0_mgmt_buffers.caravel_clk/X (sky130_fd_sc_hd__clkbuf_16)
     4    0.08                           clknet_0_mgmt_buffers.caravel_clk (net)
                  0.10    0.01    0.23 ^ clkbuf_1_1_0_mgmt_buffers.caravel_clk/A (sky130_fd_sc_hd__clkbuf_8)
                  0.20    0.25    0.49 ^ clkbuf_1_1_0_mgmt_buffers.caravel_clk/X (sky130_fd_sc_hd__clkbuf_8)
     4    0.12                           clknet_1_1_0_mgmt_buffers.caravel_clk (net)
                  0.20    0.01    0.50 ^ clkbuf_2_2_0_mgmt_buffers.caravel_clk/A (sky130_fd_sc_hd__clkbuf_8)
                  0.15    0.25    0.75 ^ clkbuf_2_2_0_mgmt_buffers.caravel_clk/X (sky130_fd_sc_hd__clkbuf_8)
     4    0.08                           clknet_2_2_0_mgmt_buffers.caravel_clk (net)
                  0.15    0.00    0.75 ^ clkbuf_3_5_0_mgmt_buffers.caravel_clk/A (sky130_fd_sc_hd__clkbuf_8)
                  0.13    0.22    0.97 ^ clkbuf_3_5_0_mgmt_buffers.caravel_clk/X (sky130_fd_sc_hd__clkbuf_8)
     8    0.07                           clknet_3_5_0_mgmt_buffers.caravel_clk (net)
                  0.13    0.01    0.97 ^ clkbuf_5_20_0_mgmt_buffers.caravel_clk/A (sky130_fd_sc_hd__clkbuf_8)
                  0.11    0.19    1.17 ^ clkbuf_5_20_0_mgmt_buffers.caravel_clk/X (sky130_fd_sc_hd__clkbuf_8)
     8    0.05                           clknet_5_20_0_mgmt_buffers.caravel_clk (net)
                  0.11    0.00    1.17 ^ clkbuf_7_80__f_mgmt_buffers.caravel_clk/A (sky130_fd_sc_hd__clkbuf_16)
                  0.08    0.17    1.34 ^ clkbuf_7_80__f_mgmt_buffers.caravel_clk/X (sky130_fd_sc_hd__clkbuf_16)
    10    0.06                           clknet_7_80__leaf_mgmt_buffers.caravel_clk (net)
                  0.08    0.00    1.35 ^ clkbuf_leaf_719_mgmt_buffers.caravel_clk/A (sky130_fd_sc_hd__clkbuf_16)
                  0.04    0.13    1.47 ^ clkbuf_leaf_719_mgmt_buffers.caravel_clk/X (sky130_fd_sc_hd__clkbuf_16)
     3    0.02                           clknet_leaf_719_mgmt_buffers.caravel_clk (net)
                  0.04    0.00    1.48 ^ _34580_/CLK (sky130_fd_sc_hd__dfxtp_2)
                  0.09    0.34    1.81 ^ _34580_/Q (sky130_fd_sc_hd__dfxtp_2)
     3    0.02                           soc.core.dbg_uart_rx_phase[17] (net)
                  0.09    0.00    1.81 ^ hold504/A (sky130_fd_sc_hd__clkdlybuf4s18_2)
                  0.10    0.25    2.06 ^ hold504/X (sky130_fd_sc_hd__clkdlybuf4s18_2)
     3    0.02                           net2857 (net)
                  0.10    0.00    2.06 ^ _25845_/A1 (sky130_fd_sc_hd__o21a_4)
                  0.13    0.20    2.26 ^ _25845_/X (sky130_fd_sc_hd__o21a_4)
     7    0.04                           _12904_ (net)
                  0.13    0.00    2.26 ^ _25850_/A2 (sky130_fd_sc_hd__a21oi_2)
                  0.02    0.07    2.33 v _25850_/Y (sky130_fd_sc_hd__a21oi_2)
     1    0.00                           _07843_ (net)
                  0.02    0.00    2.33 v hold1160/A (sky130_fd_sc_hd__clkdlybuf4s15_2)
                  0.03    0.18    2.51 v hold1160/X (sky130_fd_sc_hd__clkdlybuf4s15_2)
     1    0.00                           net3513 (net)
                  0.03    0.00    2.51 v _34582_/D (sky130_fd_sc_hd__dfxtp_4)
                                  2.51   data arrival time

                          0.00    0.00   clock clk (rise edge)
                          0.00    0.00   clock source latency
                  0.24    0.00    0.00 ^ clock_ctrl/core_clk (caravel_clocking)
     2    0.23                           mgmt_buffers.caravel_clk (net)
                  0.24    0.00    0.00 ^ clkbuf_0_mgmt_buffers.caravel_clk/A (sky130_fd_sc_hd__clkbuf_16)
                  0.10    0.24    0.24 ^ clkbuf_0_mgmt_buffers.caravel_clk/X (sky130_fd_sc_hd__clkbuf_16)
     4    0.08                           clknet_0_mgmt_buffers.caravel_clk (net)
                  0.10    0.01    0.25 ^ clkbuf_1_1_0_mgmt_buffers.caravel_clk/A (sky130_fd_sc_hd__clkbuf_8)
                  0.20    0.27    0.53 ^ clkbuf_1_1_0_mgmt_buffers.caravel_clk/X (sky130_fd_sc_hd__clkbuf_8)
     4    0.12                           clknet_1_1_0_mgmt_buffers.caravel_clk (net)
                  0.20    0.01    0.54 ^ clkbuf_2_2_0_mgmt_buffers.caravel_clk/A (sky130_fd_sc_hd__clkbuf_8)
                  0.15    0.27    0.81 ^ clkbuf_2_2_0_mgmt_buffers.caravel_clk/X (sky130_fd_sc_hd__clkbuf_8)
     4    0.08                           clknet_2_2_0_mgmt_buffers.caravel_clk (net)
                  0.15    0.01    0.81 ^ clkbuf_3_4_0_mgmt_buffers.caravel_clk/A (sky130_fd_sc_hd__clkbuf_8)
                  0.49    0.47    1.28 ^ clkbuf_3_4_0_mgmt_buffers.caravel_clk/X (sky130_fd_sc_hd__clkbuf_8)
     8    0.29                           clknet_3_4_0_mgmt_buffers.caravel_clk (net)
                  0.49    0.03    1.31 ^ clkbuf_5_17_0_mgmt_buffers.caravel_clk/A (sky130_fd_sc_hd__clkbuf_8)
                  0.12    0.31    1.62 ^ clkbuf_5_17_0_mgmt_buffers.caravel_clk/X (sky130_fd_sc_hd__clkbuf_8)
     8    0.06                           clknet_5_17_0_mgmt_buffers.caravel_clk (net)
                  0.12    0.01    1.63 ^ clkbuf_7_69__f_mgmt_buffers.caravel_clk/A (sky130_fd_sc_hd__clkbuf_16)
                  0.11    0.22    1.85 ^ clkbuf_7_69__f_mgmt_buffers.caravel_clk/X (sky130_fd_sc_hd__clkbuf_16)
    16    0.10                           clknet_7_69__leaf_mgmt_buffers.caravel_clk (net)
                  0.12    0.01    1.85 ^ clkbuf_leaf_720_mgmt_buffers.caravel_clk/A (sky130_fd_sc_hd__clkbuf_16)
                  0.04    0.16    2.01 ^ clkbuf_leaf_720_mgmt_buffers.caravel_clk/X (sky130_fd_sc_hd__clkbuf_16)
     5    0.02                           clknet_leaf_720_mgmt_buffers.caravel_clk (net)
                  0.04    0.00    2.01 ^ _34582_/CLK (sky130_fd_sc_hd__dfxtp_4)
                          0.10    2.11   clock uncertainty
                         -0.06    2.05   clock reconvergence pessimism
                         -0.04    2.01   library hold time
                                  2.01   data required time
-----------------------------------------------------------------------------
                                  2.01   data required time
                                 -2.51   data arrival time
-----------------------------------------------------------------------------
                                  0.49   slack (MET)


Startpoint: _37606_ (rising edge-triggered flip-flop clocked by clk)
Endpoint: _35601_ (rising edge-triggered flip-flop clocked by clk)
Path Group: clk
Path Type: min

Fanout     Cap    Slew   Delay    Time   Description
-----------------------------------------------------------------------------
                          0.00    0.00   clock clk (rise edge)
                          0.00    0.00   clock source latency
                  0.24    0.00    0.00 ^ clock_ctrl/core_clk (caravel_clocking)
     2    0.23                           mgmt_buffers.caravel_clk (net)
                  0.24    0.00    0.00 ^ clkbuf_0_mgmt_buffers.caravel_clk/A (sky130_fd_sc_hd__clkbuf_16)
                  0.10    0.22    0.22 ^ clkbuf_0_mgmt_buffers.caravel_clk/X (sky130_fd_sc_hd__clkbuf_16)
     4    0.08                           clknet_0_mgmt_buffers.caravel_clk (net)
                  0.10    0.01    0.23 ^ clkbuf_1_0_0_mgmt_buffers.caravel_clk/A (sky130_fd_sc_hd__clkbuf_8)
                  0.15    0.21    0.44 ^ clkbuf_1_0_0_mgmt_buffers.caravel_clk/X (sky130_fd_sc_hd__clkbuf_8)
     4    0.08                           clknet_1_0_0_mgmt_buffers.caravel_clk (net)
                  0.16    0.01    0.46 ^ clkbuf_2_0_0_mgmt_buffers.caravel_clk/A (sky130_fd_sc_hd__clkbuf_8)
                  0.11    0.20    0.66 ^ clkbuf_2_0_0_mgmt_buffers.caravel_clk/X (sky130_fd_sc_hd__clkbuf_8)
     4    0.06                           clknet_2_0_0_mgmt_buffers.caravel_clk (net)
                  0.11    0.00    0.67 ^ clkbuf_3_1_0_mgmt_buffers.caravel_clk/A (sky130_fd_sc_hd__clkbuf_8)
                  0.14    0.21    0.88 ^ clkbuf_3_1_0_mgmt_buffers.caravel_clk/X (sky130_fd_sc_hd__clkbuf_8)
     8    0.08                           clknet_3_1_0_mgmt_buffers.caravel_clk (net)
                  0.14    0.01    0.89 ^ clkbuf_5_7_0_mgmt_buffers.caravel_clk/A (sky130_fd_sc_hd__clkbuf_8)
                  0.12    0.21    1.10 ^ clkbuf_5_7_0_mgmt_buffers.caravel_clk/X (sky130_fd_sc_hd__clkbuf_8)
     8    0.07                           clknet_5_7_0_mgmt_buffers.caravel_clk (net)
                  0.12    0.01    1.11 ^ clkbuf_7_28__f_mgmt_buffers.caravel_clk/A (sky130_fd_sc_hd__clkbuf_16)
                  0.21    0.26    1.37 ^ clkbuf_7_28__f_mgmt_buffers.caravel_clk/X (sky130_fd_sc_hd__clkbuf_16)
    29    0.20                           clknet_7_28__leaf_mgmt_buffers.caravel_clk (net)
                  0.21    0.00    1.37 ^ clkbuf_leaf_806_mgmt_buffers.caravel_clk/A (sky130_fd_sc_hd__clkbuf_16)
                  0.05    0.18    1.55 ^ clkbuf_leaf_806_mgmt_buffers.caravel_clk/X (sky130_fd_sc_hd__clkbuf_16)
     5    0.03                           clknet_leaf_806_mgmt_buffers.caravel_clk (net)
                  0.05    0.00    1.55 ^ _37606_/CLK (sky130_fd_sc_hd__dfxtp_2)
                  0.03    0.29    1.84 ^ _37606_/Q (sky130_fd_sc_hd__dfxtp_2)
     1    0.00                           soc.core.VexRiscv.DebugPlugin_busReadDataReg[12] (net)
                  0.03    0.00    1.84 ^ hold6291/A (sky130_fd_sc_hd__clkdlybuf4s15_2)
                  0.03    0.17    2.01 ^ hold6291/X (sky130_fd_sc_hd__clkdlybuf4s15_2)
     1    0.00                           net9478 (net)
                  0.03    0.00    2.01 ^ hold5413/A (sky130_fd_sc_hd__clkdlybuf4s15_2)
                  0.04    0.18    2.19 ^ hold5413/X (sky130_fd_sc_hd__clkdlybuf4s15_2)
     1    0.00                           net7769 (net)
                  0.04    0.00    2.19 ^ hold5131/A (sky130_fd_sc_hd__clkdlybuf4s15_2)
                  0.05    0.19    2.38 ^ hold5131/X (sky130_fd_sc_hd__clkdlybuf4s15_2)
     1    0.01                           net7484 (net)
                  0.05    0.00    2.38 ^ hold293/A (sky130_fd_sc_hd__clkbuf_4)
                  0.16    0.21    2.59 ^ hold293/X (sky130_fd_sc_hd__clkbuf_4)
     4    0.05                           net2646 (net)
                  0.16    0.00    2.59 ^ _35601_/D (sky130_fd_sc_hd__dfxtp_4)
                                  2.59   data arrival time

                          0.00    0.00   clock clk (rise edge)
                          0.00    0.00   clock source latency
                  0.24    0.00    0.00 ^ clock_ctrl/core_clk (caravel_clocking)
     2    0.23                           mgmt_buffers.caravel_clk (net)
                  0.24    0.00    0.00 ^ clkbuf_0_mgmt_buffers.caravel_clk/A (sky130_fd_sc_hd__clkbuf_16)
                  0.10    0.24    0.24 ^ clkbuf_0_mgmt_buffers.caravel_clk/X (sky130_fd_sc_hd__clkbuf_16)
     4    0.08                           clknet_0_mgmt_buffers.caravel_clk (net)
                  0.10    0.01    0.25 ^ clkbuf_1_1_0_mgmt_buffers.caravel_clk/A (sky130_fd_sc_hd__clkbuf_8)
                  0.20    0.27    0.53 ^ clkbuf_1_1_0_mgmt_buffers.caravel_clk/X (sky130_fd_sc_hd__clkbuf_8)
     4    0.12                           clknet_1_1_0_mgmt_buffers.caravel_clk (net)
                  0.20    0.01    0.54 ^ clkbuf_2_2_0_mgmt_buffers.caravel_clk/A (sky130_fd_sc_hd__clkbuf_8)
                  0.15    0.27    0.81 ^ clkbuf_2_2_0_mgmt_buffers.caravel_clk/X (sky130_fd_sc_hd__clkbuf_8)
     4    0.08                           clknet_2_2_0_mgmt_buffers.caravel_clk (net)
                  0.15    0.01    0.81 ^ clkbuf_3_4_0_mgmt_buffers.caravel_clk/A (sky130_fd_sc_hd__clkbuf_8)
                  0.49    0.47    1.28 ^ clkbuf_3_4_0_mgmt_buffers.caravel_clk/X (sky130_fd_sc_hd__clkbuf_8)
     8    0.29                           clknet_3_4_0_mgmt_buffers.caravel_clk (net)
                  0.50    0.07    1.35 ^ clkbuf_5_18_0_mgmt_buffers.caravel_clk/A (sky130_fd_sc_hd__clkbuf_8)
                  0.12    0.31    1.66 ^ clkbuf_5_18_0_mgmt_buffers.caravel_clk/X (sky130_fd_sc_hd__clkbuf_8)
     8    0.06                           clknet_5_18_0_mgmt_buffers.caravel_clk (net)
                  0.12    0.00    1.67 ^ clkbuf_7_74__f_mgmt_buffers.caravel_clk/A (sky130_fd_sc_hd__clkbuf_16)
                  0.11    0.21    1.87 ^ clkbuf_7_74__f_mgmt_buffers.caravel_clk/X (sky130_fd_sc_hd__clkbuf_16)
    12    0.09                           clknet_7_74__leaf_mgmt_buffers.caravel_clk (net)
                  0.11    0.01    1.88 ^ clkbuf_leaf_791_mgmt_buffers.caravel_clk/A (sky130_fd_sc_hd__clkbuf_16)
                  0.07    0.18    2.06 ^ clkbuf_leaf_791_mgmt_buffers.caravel_clk/X (sky130_fd_sc_hd__clkbuf_16)
    16    0.05                           clknet_leaf_791_mgmt_buffers.caravel_clk (net)
                  0.07    0.00    2.06 ^ _35601_/CLK (sky130_fd_sc_hd__dfxtp_4)
                          0.10    2.16   clock uncertainty
                         -0.02    2.14   clock reconvergence pessimism
                         -0.05    2.09   library hold time
                                  2.09   data required time
-----------------------------------------------------------------------------
                                  2.09   data required time
                                 -2.59   data arrival time
-----------------------------------------------------------------------------
                                  0.50   slack (MET)


Startpoint: _37617_ (rising edge-triggered flip-flop clocked by clk)
Endpoint: _35612_ (rising edge-triggered flip-flop clocked by clk)
Path Group: clk
Path Type: min

Fanout     Cap    Slew   Delay    Time   Description
-----------------------------------------------------------------------------
                          0.00    0.00   clock clk (rise edge)
                          0.00    0.00   clock source latency
                  0.24    0.00    0.00 ^ clock_ctrl/core_clk (caravel_clocking)
     2    0.23                           mgmt_buffers.caravel_clk (net)
                  0.24    0.00    0.00 ^ clkbuf_0_mgmt_buffers.caravel_clk/A (sky130_fd_sc_hd__clkbuf_16)
                  0.10    0.22    0.22 ^ clkbuf_0_mgmt_buffers.caravel_clk/X (sky130_fd_sc_hd__clkbuf_16)
     4    0.08                           clknet_0_mgmt_buffers.caravel_clk (net)
                  0.10    0.01    0.23 ^ clkbuf_1_0_0_mgmt_buffers.caravel_clk/A (sky130_fd_sc_hd__clkbuf_8)
                  0.15    0.21    0.44 ^ clkbuf_1_0_0_mgmt_buffers.caravel_clk/X (sky130_fd_sc_hd__clkbuf_8)
     4    0.08                           clknet_1_0_0_mgmt_buffers.caravel_clk (net)
                  0.16    0.01    0.46 ^ clkbuf_2_0_0_mgmt_buffers.caravel_clk/A (sky130_fd_sc_hd__clkbuf_8)
                  0.11    0.20    0.66 ^ clkbuf_2_0_0_mgmt_buffers.caravel_clk/X (sky130_fd_sc_hd__clkbuf_8)
     4    0.06                           clknet_2_0_0_mgmt_buffers.caravel_clk (net)
                  0.11    0.00    0.67 ^ clkbuf_3_1_0_mgmt_buffers.caravel_clk/A (sky130_fd_sc_hd__clkbuf_8)
                  0.14    0.21    0.88 ^ clkbuf_3_1_0_mgmt_buffers.caravel_clk/X (sky130_fd_sc_hd__clkbuf_8)
     8    0.08                           clknet_3_1_0_mgmt_buffers.caravel_clk (net)
                  0.14    0.01    0.89 ^ clkbuf_5_7_0_mgmt_buffers.caravel_clk/A (sky130_fd_sc_hd__clkbuf_8)
                  0.12    0.21    1.10 ^ clkbuf_5_7_0_mgmt_buffers.caravel_clk/X (sky130_fd_sc_hd__clkbuf_8)
     8    0.07                           clknet_5_7_0_mgmt_buffers.caravel_clk (net)
                  0.12    0.01    1.11 ^ clkbuf_7_30__f_mgmt_buffers.caravel_clk/A (sky130_fd_sc_hd__clkbuf_16)
                  0.19    0.24    1.35 ^ clkbuf_7_30__f_mgmt_buffers.caravel_clk/X (sky130_fd_sc_hd__clkbuf_16)
    26    0.18                           clknet_7_30__leaf_mgmt_buffers.caravel_clk (net)
                  0.20    0.02    1.38 ^ clkbuf_leaf_72_mgmt_buffers.caravel_clk/A (sky130_fd_sc_hd__clkbuf_16)
                  0.05    0.17    1.55 ^ clkbuf_leaf_72_mgmt_buffers.caravel_clk/X (sky130_fd_sc_hd__clkbuf_16)
     4    0.02                           clknet_leaf_72_mgmt_buffers.caravel_clk (net)
                  0.05    0.00    1.55 ^ _37617_/CLK (sky130_fd_sc_hd__dfxtp_2)
                  0.03    0.30    1.84 ^ _37617_/Q (sky130_fd_sc_hd__dfxtp_2)
     1    0.00                           soc.core.VexRiscv.DebugPlugin_busReadDataReg[23] (net)
                  0.03    0.00    1.84 ^ hold6309/A (sky130_fd_sc_hd__clkdlybuf4s15_2)
                  0.03    0.17    2.02 ^ hold6309/X (sky130_fd_sc_hd__clkdlybuf4s15_2)
     1    0.00                           net9496 (net)
                  0.03    0.00    2.02 ^ hold5420/A (sky130_fd_sc_hd__clkdlybuf4s15_2)
                  0.04    0.18    2.20 ^ hold5420/X (sky130_fd_sc_hd__clkdlybuf4s15_2)
     1    0.01                           net7776 (net)
                  0.04    0.00    2.20 ^ hold5163/A (sky130_fd_sc_hd__clkdlybuf4s15_2)
                  0.05    0.19    2.39 ^ hold5163/X (sky130_fd_sc_hd__clkdlybuf4s15_2)
     1    0.01                           net7516 (net)
                  0.05    0.00    2.39 ^ hold368/A (sky130_fd_sc_hd__buf_4)
                  0.17    0.19    2.58 ^ hold368/X (sky130_fd_sc_hd__buf_4)
     4    0.06                           net2721 (net)
                  0.17    0.01    2.59 ^ _35612_/D (sky130_fd_sc_hd__dfxtp_2)
                                  2.59   data arrival time

                          0.00    0.00   clock clk (rise edge)
                          0.00    0.00   clock source latency
                  0.24    0.00    0.00 ^ clock_ctrl/core_clk (caravel_clocking)
     2    0.23                           mgmt_buffers.caravel_clk (net)
                  0.24    0.00    0.00 ^ clkbuf_0_mgmt_buffers.caravel_clk/A (sky130_fd_sc_hd__clkbuf_16)
                  0.10    0.24    0.24 ^ clkbuf_0_mgmt_buffers.caravel_clk/X (sky130_fd_sc_hd__clkbuf_16)
     4    0.08                           clknet_0_mgmt_buffers.caravel_clk (net)
                  0.10    0.01    0.25 ^ clkbuf_1_1_0_mgmt_buffers.caravel_clk/A (sky130_fd_sc_hd__clkbuf_8)
                  0.20    0.27    0.53 ^ clkbuf_1_1_0_mgmt_buffers.caravel_clk/X (sky130_fd_sc_hd__clkbuf_8)
     4    0.12                           clknet_1_1_0_mgmt_buffers.caravel_clk (net)
                  0.20    0.01    0.54 ^ clkbuf_2_2_0_mgmt_buffers.caravel_clk/A (sky130_fd_sc_hd__clkbuf_8)
                  0.15    0.27    0.81 ^ clkbuf_2_2_0_mgmt_buffers.caravel_clk/X (sky130_fd_sc_hd__clkbuf_8)
     4    0.08                           clknet_2_2_0_mgmt_buffers.caravel_clk (net)
                  0.15    0.01    0.81 ^ clkbuf_3_4_0_mgmt_buffers.caravel_clk/A (sky130_fd_sc_hd__clkbuf_8)
                  0.49    0.47    1.28 ^ clkbuf_3_4_0_mgmt_buffers.caravel_clk/X (sky130_fd_sc_hd__clkbuf_8)
     8    0.29                           clknet_3_4_0_mgmt_buffers.caravel_clk (net)
                  0.49    0.01    1.29 ^ clkbuf_5_19_0_mgmt_buffers.caravel_clk/A (sky130_fd_sc_hd__clkbuf_8)
                  0.14    0.33    1.62 ^ clkbuf_5_19_0_mgmt_buffers.caravel_clk/X (sky130_fd_sc_hd__clkbuf_8)
     8    0.08                           clknet_5_19_0_mgmt_buffers.caravel_clk (net)
                  0.14    0.01    1.63 ^ clkbuf_7_77__f_mgmt_buffers.caravel_clk/A (sky130_fd_sc_hd__clkbuf_16)
                  0.11    0.22    1.85 ^ clkbuf_7_77__f_mgmt_buffers.caravel_clk/X (sky130_fd_sc_hd__clkbuf_16)
     6    0.09                           clknet_7_77__leaf_mgmt_buffers.caravel_clk (net)
                  0.11    0.01    1.86 ^ clkbuf_leaf_411_mgmt_buffers.caravel_clk/A (sky130_fd_sc_hd__clkbuf_16)
                  0.09    0.20    2.06 ^ clkbuf_leaf_411_mgmt_buffers.caravel_clk/X (sky130_fd_sc_hd__clkbuf_16)
    16    0.07                           clknet_leaf_411_mgmt_buffers.caravel_clk (net)
                  0.09    0.00    2.06 ^ _35612_/CLK (sky130_fd_sc_hd__dfxtp_2)
                          0.10    2.16   clock uncertainty
                         -0.02    2.14   clock reconvergence pessimism
                         -0.05    2.09   library hold time
                                  2.09   data required time
-----------------------------------------------------------------------------
                                  2.09   data required time
                                 -2.59   data arrival time
-----------------------------------------------------------------------------
                                  0.50   slack (MET)


Startpoint: _34580_ (rising edge-triggered flip-flop clocked by clk)
Endpoint: _34581_ (rising edge-triggered flip-flop clocked by clk)
Path Group: clk
Path Type: min

Fanout     Cap    Slew   Delay    Time   Description
-----------------------------------------------------------------------------
                          0.00    0.00   clock clk (rise edge)
                          0.00    0.00   clock source latency
                  0.24    0.00    0.00 ^ clock_ctrl/core_clk (caravel_clocking)
     2    0.23                           mgmt_buffers.caravel_clk (net)
                  0.24    0.00    0.00 ^ clkbuf_0_mgmt_buffers.caravel_clk/A (sky130_fd_sc_hd__clkbuf_16)
                  0.10    0.22    0.22 ^ clkbuf_0_mgmt_buffers.caravel_clk/X (sky130_fd_sc_hd__clkbuf_16)
     4    0.08                           clknet_0_mgmt_buffers.caravel_clk (net)
                  0.10    0.01    0.23 ^ clkbuf_1_1_0_mgmt_buffers.caravel_clk/A (sky130_fd_sc_hd__clkbuf_8)
                  0.20    0.25    0.49 ^ clkbuf_1_1_0_mgmt_buffers.caravel_clk/X (sky130_fd_sc_hd__clkbuf_8)
     4    0.12                           clknet_1_1_0_mgmt_buffers.caravel_clk (net)
                  0.20    0.01    0.50 ^ clkbuf_2_2_0_mgmt_buffers.caravel_clk/A (sky130_fd_sc_hd__clkbuf_8)
                  0.15    0.25    0.75 ^ clkbuf_2_2_0_mgmt_buffers.caravel_clk/X (sky130_fd_sc_hd__clkbuf_8)
     4    0.08                           clknet_2_2_0_mgmt_buffers.caravel_clk (net)
                  0.15    0.00    0.75 ^ clkbuf_3_5_0_mgmt_buffers.caravel_clk/A (sky130_fd_sc_hd__clkbuf_8)
                  0.13    0.22    0.97 ^ clkbuf_3_5_0_mgmt_buffers.caravel_clk/X (sky130_fd_sc_hd__clkbuf_8)
     8    0.07                           clknet_3_5_0_mgmt_buffers.caravel_clk (net)
                  0.13    0.01    0.97 ^ clkbuf_5_20_0_mgmt_buffers.caravel_clk/A (sky130_fd_sc_hd__clkbuf_8)
                  0.11    0.19    1.17 ^ clkbuf_5_20_0_mgmt_buffers.caravel_clk/X (sky130_fd_sc_hd__clkbuf_8)
     8    0.05                           clknet_5_20_0_mgmt_buffers.caravel_clk (net)
                  0.11    0.00    1.17 ^ clkbuf_7_80__f_mgmt_buffers.caravel_clk/A (sky130_fd_sc_hd__clkbuf_16)
                  0.08    0.17    1.34 ^ clkbuf_7_80__f_mgmt_buffers.caravel_clk/X (sky130_fd_sc_hd__clkbuf_16)
    10    0.06                           clknet_7_80__leaf_mgmt_buffers.caravel_clk (net)
                  0.08    0.00    1.35 ^ clkbuf_leaf_719_mgmt_buffers.caravel_clk/A (sky130_fd_sc_hd__clkbuf_16)
                  0.04    0.13    1.47 ^ clkbuf_leaf_719_mgmt_buffers.caravel_clk/X (sky130_fd_sc_hd__clkbuf_16)
     3    0.02                           clknet_leaf_719_mgmt_buffers.caravel_clk (net)
                  0.04    0.00    1.48 ^ _34580_/CLK (sky130_fd_sc_hd__dfxtp_2)
                  0.09    0.34    1.81 ^ _34580_/Q (sky130_fd_sc_hd__dfxtp_2)
     3    0.02                           soc.core.dbg_uart_rx_phase[17] (net)
                  0.09    0.00    1.81 ^ hold504/A (sky130_fd_sc_hd__clkdlybuf4s18_2)
                  0.10    0.25    2.06 ^ hold504/X (sky130_fd_sc_hd__clkdlybuf4s18_2)
     3    0.02                           net2857 (net)
                  0.10    0.00    2.06 ^ _25847_/A1 (sky130_fd_sc_hd__o31a_2)
                  0.03    0.14    2.20 ^ _25847_/X (sky130_fd_sc_hd__o31a_2)
     1    0.00                           _07842_ (net)
                  0.03    0.00    2.20 ^ hold6359/A (sky130_fd_sc_hd__clkdlybuf4s15_2)
                  0.03    0.17    2.37 ^ hold6359/X (sky130_fd_sc_hd__clkdlybuf4s15_2)
     1    0.00                           net9546 (net)
                  0.03    0.00    2.37 ^ hold505/A (sky130_fd_sc_hd__clkdlybuf4s15_2)
                  0.03    0.17    2.54 ^ hold505/X (sky130_fd_sc_hd__clkdlybuf4s15_2)
     1    0.00                           net2858 (net)
                  0.03    0.00    2.54 ^ _34581_/D (sky130_fd_sc_hd__dfxtp_2)
                                  2.54   data arrival time

                          0.00    0.00   clock clk (rise edge)
                          0.00    0.00   clock source latency
                  0.24    0.00    0.00 ^ clock_ctrl/core_clk (caravel_clocking)
     2    0.23                           mgmt_buffers.caravel_clk (net)
                  0.24    0.00    0.00 ^ clkbuf_0_mgmt_buffers.caravel_clk/A (sky130_fd_sc_hd__clkbuf_16)
                  0.10    0.24    0.24 ^ clkbuf_0_mgmt_buffers.caravel_clk/X (sky130_fd_sc_hd__clkbuf_16)
     4    0.08                           clknet_0_mgmt_buffers.caravel_clk (net)
                  0.10    0.01    0.25 ^ clkbuf_1_1_0_mgmt_buffers.caravel_clk/A (sky130_fd_sc_hd__clkbuf_8)
                  0.20    0.27    0.53 ^ clkbuf_1_1_0_mgmt_buffers.caravel_clk/X (sky130_fd_sc_hd__clkbuf_8)
     4    0.12                           clknet_1_1_0_mgmt_buffers.caravel_clk (net)
                  0.20    0.01    0.54 ^ clkbuf_2_2_0_mgmt_buffers.caravel_clk/A (sky130_fd_sc_hd__clkbuf_8)
                  0.15    0.27    0.81 ^ clkbuf_2_2_0_mgmt_buffers.caravel_clk/X (sky130_fd_sc_hd__clkbuf_8)
     4    0.08                           clknet_2_2_0_mgmt_buffers.caravel_clk (net)
                  0.15    0.01    0.81 ^ clkbuf_3_4_0_mgmt_buffers.caravel_clk/A (sky130_fd_sc_hd__clkbuf_8)
                  0.49    0.47    1.28 ^ clkbuf_3_4_0_mgmt_buffers.caravel_clk/X (sky130_fd_sc_hd__clkbuf_8)
     8    0.29                           clknet_3_4_0_mgmt_buffers.caravel_clk (net)
                  0.49    0.03    1.31 ^ clkbuf_5_17_0_mgmt_buffers.caravel_clk/A (sky130_fd_sc_hd__clkbuf_8)
                  0.12    0.31    1.62 ^ clkbuf_5_17_0_mgmt_buffers.caravel_clk/X (sky130_fd_sc_hd__clkbuf_8)
     8    0.06                           clknet_5_17_0_mgmt_buffers.caravel_clk (net)
                  0.12    0.01    1.63 ^ clkbuf_7_69__f_mgmt_buffers.caravel_clk/A (sky130_fd_sc_hd__clkbuf_16)
                  0.11    0.22    1.85 ^ clkbuf_7_69__f_mgmt_buffers.caravel_clk/X (sky130_fd_sc_hd__clkbuf_16)
    16    0.10                           clknet_7_69__leaf_mgmt_buffers.caravel_clk (net)
                  0.12    0.01    1.85 ^ clkbuf_leaf_720_mgmt_buffers.caravel_clk/A (sky130_fd_sc_hd__clkbuf_16)
                  0.04    0.16    2.01 ^ clkbuf_leaf_720_mgmt_buffers.caravel_clk/X (sky130_fd_sc_hd__clkbuf_16)
     5    0.02                           clknet_leaf_720_mgmt_buffers.caravel_clk (net)
                  0.04    0.00    2.01 ^ _34581_/CLK (sky130_fd_sc_hd__dfxtp_2)
                          0.10    2.11   clock uncertainty
                         -0.06    2.05   clock reconvergence pessimism
                         -0.03    2.02   library hold time
                                  2.02   data required time
-----------------------------------------------------------------------------
                                  2.02   data required time
                                 -2.54   data arrival time
-----------------------------------------------------------------------------
                                  0.52   slack (MET)


Startpoint: _38200_ (rising edge-triggered flip-flop clocked by hk_serial_clk)
Endpoint: _38201_ (rising edge-triggered flip-flop clocked by hk_serial_clk)
Path Group: hk_serial_clk
Path Type: min

Fanout     Cap    Slew   Delay    Time   Description
-----------------------------------------------------------------------------
                          0.00    0.00   clock hk_serial_clk (rise edge)
                          0.00    0.00   clock source latency
                  0.25    0.00    0.00 ^ housekeeping/serial_clock (housekeeping)
     1    0.22                           gpio_control_bidir_1[0].serial_clock (net)
                  0.25    0.00    0.00 ^ clkbuf_0_gpio_control_bidir_1[0].serial_clock/A (sky130_fd_sc_hd__clkbuf_16)
                  0.04    0.18    0.19 ^ clkbuf_0_gpio_control_bidir_1[0].serial_clock/X (sky130_fd_sc_hd__clkbuf_16)
     2    0.02                           clknet_0_gpio_control_bidir_1[0].serial_clock (net)
                  0.04    0.00    0.19 ^ clkbuf_1_0__f_gpio_control_bidir_1[0].serial_clock/A (sky130_fd_sc_hd__clkbuf_16)
                  0.04    0.11    0.30 ^ clkbuf_1_0__f_gpio_control_bidir_1[0].serial_clock/X (sky130_fd_sc_hd__clkbuf_16)
     1    0.01                           clknet_1_0__leaf_gpio_control_bidir_1[0].serial_clock (net)
                  0.04    0.00    0.30 ^ fanout1804/A (sky130_fd_sc_hd__buf_8)
                  0.20    0.19    0.49 ^ fanout1804/X (sky130_fd_sc_hd__buf_8)
     8    0.12                           net1804 (net)
                  0.20    0.01    0.50 ^ gpio_control_bidir_1[0].BUF[2]/A (sky130_fd_sc_hd__clkbuf_8)
                  0.21    0.28    0.78 ^ gpio_control_bidir_1[0].BUF[2]/X (sky130_fd_sc_hd__clkbuf_8)
    30    0.12                           gpio_control_bidir_1[0].serial_clock_out (net)
                  0.22    0.02    0.80 ^ gpio_control_bidir_1[1].BUF[2]/A (sky130_fd_sc_hd__clkbuf_8)
                  0.18    0.27    1.07 ^ gpio_control_bidir_1[1].BUF[2]/X (sky130_fd_sc_hd__clkbuf_8)
    30    0.10                           gpio_control_bidir_1[1].serial_clock_out (net)
                  0.18    0.01    1.07 ^ _38200_/CLK (sky130_fd_sc_hd__dfrtp_2)
                  0.12    0.44    1.51 ^ _38200_/Q (sky130_fd_sc_hd__dfrtp_2)
     4    0.02                           gpio_control_in_1a[0].shift_register[0] (net)
                  0.12    0.00    1.52 ^ hold9430/A (sky130_fd_sc_hd__clkdlybuf4s15_2)
                  0.03    0.21    1.72 ^ hold9430/X (sky130_fd_sc_hd__clkdlybuf4s15_2)
     1    0.00                           net12617 (net)
                  0.03    0.00    1.72 ^ hold8563/A (sky130_fd_sc_hd__clkdlybuf4s15_2)
                  0.04    0.18    1.90 ^ hold8563/X (sky130_fd_sc_hd__clkdlybuf4s15_2)
     1    0.00                           net11750 (net)
                  0.04    0.00    1.90 ^ hold5862/A (sky130_fd_sc_hd__clkdlybuf4s15_2)
                  0.03    0.17    2.07 ^ hold5862/X (sky130_fd_sc_hd__clkdlybuf4s15_2)
     1    0.00                           net2261 (net)
                  0.03    0.00    2.07 ^ hold8564/A (sky130_fd_sc_hd__clkdlybuf4s15_2)
                  0.03    0.17    2.24 ^ hold8564/X (sky130_fd_sc_hd__clkdlybuf4s15_2)
     1    0.00                           net11751 (net)
                  0.03    0.00    2.24 ^ _38201_/D (sky130_fd_sc_hd__dfrtp_4)
                                  2.24   data arrival time

                          0.00    0.00   clock hk_serial_clk (rise edge)
                          0.00    0.00   clock source latency
                  0.25    0.00    0.00 ^ housekeeping/serial_clock (housekeeping)
     1    0.22                           gpio_control_bidir_1[0].serial_clock (net)
                  0.25    0.00    0.00 ^ clkbuf_0_gpio_control_bidir_1[0].serial_clock/A (sky130_fd_sc_hd__clkbuf_16)
                  0.04    0.20    0.20 ^ clkbuf_0_gpio_control_bidir_1[0].serial_clock/X (sky130_fd_sc_hd__clkbuf_16)
     2    0.02                           clknet_0_gpio_control_bidir_1[0].serial_clock (net)
                  0.04    0.00    0.20 ^ clkbuf_1_0__f_gpio_control_bidir_1[0].serial_clock/A (sky130_fd_sc_hd__clkbuf_16)
                  0.04    0.12    0.32 ^ clkbuf_1_0__f_gpio_control_bidir_1[0].serial_clock/X (sky130_fd_sc_hd__clkbuf_16)
     1    0.01                           clknet_1_0__leaf_gpio_control_bidir_1[0].serial_clock (net)
                  0.04    0.00    0.32 ^ fanout1804/A (sky130_fd_sc_hd__buf_8)
                  0.20    0.20    0.53 ^ fanout1804/X (sky130_fd_sc_hd__buf_8)
     8    0.12                           net1804 (net)
                  0.20    0.01    0.54 ^ gpio_control_bidir_1[0].BUF[2]/A (sky130_fd_sc_hd__clkbuf_8)
                  0.21    0.30    0.84 ^ gpio_control_bidir_1[0].BUF[2]/X (sky130_fd_sc_hd__clkbuf_8)
    30    0.12                           gpio_control_bidir_1[0].serial_clock_out (net)
                  0.22    0.03    0.86 ^ gpio_control_bidir_1[1].BUF[2]/A (sky130_fd_sc_hd__clkbuf_8)
                  0.18    0.29    1.15 ^ gpio_control_bidir_1[1].BUF[2]/X (sky130_fd_sc_hd__clkbuf_8)
    30    0.10                           gpio_control_bidir_1[1].serial_clock_out (net)
                  0.18    0.02    1.17 ^ _38201_/CLK (sky130_fd_sc_hd__dfrtp_4)
                          0.10    1.27   clock uncertainty
                         -0.08    1.19   clock reconvergence pessimism
                         -0.01    1.17   library hold time
                                  1.17   data required time
-----------------------------------------------------------------------------
                                  1.17   data required time
                                 -2.24   data arrival time
-----------------------------------------------------------------------------
                                  1.06   slack (MET)


Startpoint: _38713_ (rising edge-triggered flip-flop clocked by hk_serial_clk)
Endpoint: _38714_ (rising edge-triggered flip-flop clocked by hk_serial_clk)
Path Group: hk_serial_clk
Path Type: min

Fanout     Cap    Slew   Delay    Time   Description
-----------------------------------------------------------------------------
                          0.00    0.00   clock hk_serial_clk (rise edge)
                          0.00    0.00   clock source latency
                  0.25    0.00    0.00 ^ housekeeping/serial_clock (housekeeping)
     1    0.22                           gpio_control_bidir_1[0].serial_clock (net)
                  0.25    0.00    0.00 ^ clkbuf_0_gpio_control_bidir_1[0].serial_clock/A (sky130_fd_sc_hd__clkbuf_16)
                  0.04    0.18    0.19 ^ clkbuf_0_gpio_control_bidir_1[0].serial_clock/X (sky130_fd_sc_hd__clkbuf_16)
     2    0.02                           clknet_0_gpio_control_bidir_1[0].serial_clock (net)
                  0.04    0.00    0.19 ^ clkbuf_1_0__f_gpio_control_bidir_1[0].serial_clock/A (sky130_fd_sc_hd__clkbuf_16)
                  0.04    0.11    0.30 ^ clkbuf_1_0__f_gpio_control_bidir_1[0].serial_clock/X (sky130_fd_sc_hd__clkbuf_16)
     1    0.01                           clknet_1_0__leaf_gpio_control_bidir_1[0].serial_clock (net)
                  0.04    0.00    0.30 ^ fanout1804/A (sky130_fd_sc_hd__buf_8)
                  0.20    0.19    0.49 ^ fanout1804/X (sky130_fd_sc_hd__buf_8)
     8    0.12                           net1804 (net)
                  0.21    0.03    0.52 ^ wire1806/A (sky130_fd_sc_hd__buf_6)
                  0.14    0.20    0.72 ^ wire1806/X (sky130_fd_sc_hd__buf_6)
     2    0.07                           net1806 (net)
                  0.15    0.02    0.74 ^ wire1188/A (sky130_fd_sc_hd__buf_12)
                  0.21    0.22    0.95 ^ wire1188/X (sky130_fd_sc_hd__buf_12)
     2    0.18                           net8804 (net)
                  0.22    0.04    0.99 ^ clkbuf_0_net8804/A (sky130_fd_sc_hd__clkbuf_16)
                  0.05    0.18    1.18 ^ clkbuf_0_net8804/X (sky130_fd_sc_hd__clkbuf_16)
     2    0.02                           clknet_0_net8804 (net)
                  0.05    0.00    1.18 ^ clkbuf_1_0__f_net8804/A (sky130_fd_sc_hd__clkbuf_16)
                  0.07    0.14    1.32 ^ clkbuf_1_0__f_net8804/X (sky130_fd_sc_hd__clkbuf_16)
     2    0.05                           clknet_1_0__leaf_net8804 (net)
                  0.07    0.01    1.32 ^ wire1805/A (sky130_fd_sc_hd__buf_6)
                  0.28    0.26    1.59 ^ wire1805/X (sky130_fd_sc_hd__buf_6)
     2    0.14                           net1805 (net)
                  0.28    0.01    1.60 ^ wire1171/A (sky130_fd_sc_hd__buf_12)
                  0.15    0.21    1.81 ^ wire1171/X (sky130_fd_sc_hd__buf_12)
     2    0.13                           net8791 (net)
                  0.18    0.05    1.86 ^ clkbuf_0_net8791/A (sky130_fd_sc_hd__clkbuf_16)
                  0.05    0.17    2.03 ^ clkbuf_0_net8791/X (sky130_fd_sc_hd__clkbuf_16)
     2    0.03                           clknet_0_net8791 (net)
                  0.05    0.00    2.03 ^ clkbuf_1_1__f_net8791/A (sky130_fd_sc_hd__clkbuf_16)
                  0.07    0.15    2.18 ^ clkbuf_1_1__f_net8791/X (sky130_fd_sc_hd__clkbuf_16)
    16    0.06                           clknet_1_1__leaf_net8791 (net)
                  0.07    0.00    2.18 ^ _38713_/CLK (sky130_fd_sc_hd__dfrtp_2)
                  0.15    0.42    2.60 ^ _38713_/Q (sky130_fd_sc_hd__dfrtp_2)
     4    0.03                           gpio_control_bidir_2[2].shift_register[1] (net)
                  0.15    0.00    2.60 ^ hold9438/A (sky130_fd_sc_hd__clkdlybuf4s15_2)
                  0.03    0.20    2.81 ^ hold9438/X (sky130_fd_sc_hd__clkdlybuf4s15_2)
     1    0.00                           net12625 (net)
                  0.03    0.00    2.81 ^ hold8631/A (sky130_fd_sc_hd__clkdlybuf4s15_2)
                  0.03    0.17    2.98 ^ hold8631/X (sky130_fd_sc_hd__clkdlybuf4s15_2)
     1    0.00                           net11818 (net)
                  0.03    0.00    2.98 ^ hold6261/A (sky130_fd_sc_hd__clkdlybuf4s15_2)
                  0.03    0.17    3.15 ^ hold6261/X (sky130_fd_sc_hd__clkdlybuf4s15_2)
     1    0.00                           net9448 (net)
                  0.03    0.00    3.15 ^ hold8632/A (sky130_fd_sc_hd__clkdlybuf4s15_2)
                  0.03    0.17    3.32 ^ hold8632/X (sky130_fd_sc_hd__clkdlybuf4s15_2)
     1    0.00                           net11819 (net)
                  0.03    0.00    3.32 ^ _38714_/D (sky130_fd_sc_hd__dfrtp_2)
                                  3.32   data arrival time

                          0.00    0.00   clock hk_serial_clk (rise edge)
                          0.00    0.00   clock source latency
                  0.25    0.00    0.00 ^ housekeeping/serial_clock (housekeeping)
     1    0.22                           gpio_control_bidir_1[0].serial_clock (net)
                  0.25    0.00    0.00 ^ clkbuf_0_gpio_control_bidir_1[0].serial_clock/A (sky130_fd_sc_hd__clkbuf_16)
                  0.04    0.20    0.20 ^ clkbuf_0_gpio_control_bidir_1[0].serial_clock/X (sky130_fd_sc_hd__clkbuf_16)
     2    0.02                           clknet_0_gpio_control_bidir_1[0].serial_clock (net)
                  0.04    0.00    0.20 ^ clkbuf_1_0__f_gpio_control_bidir_1[0].serial_clock/A (sky130_fd_sc_hd__clkbuf_16)
                  0.04    0.12    0.32 ^ clkbuf_1_0__f_gpio_control_bidir_1[0].serial_clock/X (sky130_fd_sc_hd__clkbuf_16)
     1    0.01                           clknet_1_0__leaf_gpio_control_bidir_1[0].serial_clock (net)
                  0.04    0.00    0.32 ^ fanout1804/A (sky130_fd_sc_hd__buf_8)
                  0.20    0.20    0.53 ^ fanout1804/X (sky130_fd_sc_hd__buf_8)
     8    0.12                           net1804 (net)
                  0.21    0.03    0.56 ^ wire1806/A (sky130_fd_sc_hd__buf_6)
                  0.14    0.22    0.78 ^ wire1806/X (sky130_fd_sc_hd__buf_6)
     2    0.07                           net1806 (net)
                  0.15    0.02    0.80 ^ wire1188/A (sky130_fd_sc_hd__buf_12)
                  0.21    0.23    1.03 ^ wire1188/X (sky130_fd_sc_hd__buf_12)
     2    0.18                           net8804 (net)
                  0.22    0.04    1.07 ^ clkbuf_0_net8804/A (sky130_fd_sc_hd__clkbuf_16)
                  0.05    0.20    1.27 ^ clkbuf_0_net8804/X (sky130_fd_sc_hd__clkbuf_16)
     2    0.02                           clknet_0_net8804 (net)
                  0.05    0.00    1.27 ^ clkbuf_1_0__f_net8804/A (sky130_fd_sc_hd__clkbuf_16)
                  0.07    0.15    1.42 ^ clkbuf_1_0__f_net8804/X (sky130_fd_sc_hd__clkbuf_16)
     2    0.05                           clknet_1_0__leaf_net8804 (net)
                  0.07    0.01    1.43 ^ wire1805/A (sky130_fd_sc_hd__buf_6)
                  0.28    0.28    1.71 ^ wire1805/X (sky130_fd_sc_hd__buf_6)
     2    0.14                           net1805 (net)
                  0.28    0.01    1.72 ^ wire1171/A (sky130_fd_sc_hd__buf_12)
                  0.15    0.23    1.95 ^ wire1171/X (sky130_fd_sc_hd__buf_12)
     2    0.13                           net8791 (net)
                  0.18    0.05    2.00 ^ clkbuf_0_net8791/A (sky130_fd_sc_hd__clkbuf_16)
                  0.05    0.18    2.18 ^ clkbuf_0_net8791/X (sky130_fd_sc_hd__clkbuf_16)
     2    0.03                           clknet_0_net8791 (net)
                  0.05    0.00    2.19 ^ clkbuf_1_1__f_net8791/A (sky130_fd_sc_hd__clkbuf_16)
                  0.07    0.16    2.35 ^ clkbuf_1_1__f_net8791/X (sky130_fd_sc_hd__clkbuf_16)
    16    0.06                           clknet_1_1__leaf_net8791 (net)
                  0.07    0.00    2.35 ^ _38714_/CLK (sky130_fd_sc_hd__dfrtp_2)
                          0.10    2.45   clock uncertainty
                         -0.17    2.28   clock reconvergence pessimism
                         -0.03    2.25   library hold time
                                  2.25   data required time
-----------------------------------------------------------------------------
                                  2.25   data required time
                                 -3.32   data arrival time
-----------------------------------------------------------------------------
                                  1.07   slack (MET)


Startpoint: _38316_ (rising edge-triggered flip-flop clocked by hk_serial_clk)
Endpoint: _38317_ (rising edge-triggered flip-flop clocked by hk_serial_clk)
Path Group: hk_serial_clk
Path Type: min

Fanout     Cap    Slew   Delay    Time   Description
-----------------------------------------------------------------------------
                          0.00    0.00   clock hk_serial_clk (rise edge)
                          0.00    0.00   clock source latency
                  0.25    0.00    0.00 ^ housekeeping/serial_clock (housekeeping)
     1    0.22                           gpio_control_bidir_1[0].serial_clock (net)
                  0.25    0.00    0.00 ^ clkbuf_0_gpio_control_bidir_1[0].serial_clock/A (sky130_fd_sc_hd__clkbuf_16)
                  0.04    0.18    0.19 ^ clkbuf_0_gpio_control_bidir_1[0].serial_clock/X (sky130_fd_sc_hd__clkbuf_16)
     2    0.02                           clknet_0_gpio_control_bidir_1[0].serial_clock (net)
                  0.04    0.00    0.19 ^ clkbuf_1_0__f_gpio_control_bidir_1[0].serial_clock/A (sky130_fd_sc_hd__clkbuf_16)
                  0.04    0.11    0.30 ^ clkbuf_1_0__f_gpio_control_bidir_1[0].serial_clock/X (sky130_fd_sc_hd__clkbuf_16)
     1    0.01                           clknet_1_0__leaf_gpio_control_bidir_1[0].serial_clock (net)
                  0.04    0.00    0.30 ^ fanout1804/A (sky130_fd_sc_hd__buf_8)
                  0.20    0.19    0.49 ^ fanout1804/X (sky130_fd_sc_hd__buf_8)
     8    0.12                           net1804 (net)
                  0.20    0.01    0.50 ^ gpio_control_bidir_1[0].BUF[2]/A (sky130_fd_sc_hd__clkbuf_8)
                  0.21    0.28    0.78 ^ gpio_control_bidir_1[0].BUF[2]/X (sky130_fd_sc_hd__clkbuf_8)
    30    0.12                           gpio_control_bidir_1[0].serial_clock_out (net)
                  0.22    0.02    0.80 ^ gpio_control_bidir_1[1].BUF[2]/A (sky130_fd_sc_hd__clkbuf_8)
                  0.18    0.27    1.07 ^ gpio_control_bidir_1[1].BUF[2]/X (sky130_fd_sc_hd__clkbuf_8)
    30    0.10                           gpio_control_bidir_1[1].serial_clock_out (net)
                  0.18    0.02    1.09 ^ gpio_control_in_1a[0].BUF[2]/A (sky130_fd_sc_hd__clkbuf_8)
                  0.18    0.26    1.34 ^ gpio_control_in_1a[0].BUF[2]/X (sky130_fd_sc_hd__clkbuf_8)
    30    0.10                           gpio_control_in_1a[0].serial_clock_out (net)
                  0.18    0.02    1.36 ^ gpio_control_in_1a[1].BUF[2]/A (sky130_fd_sc_hd__clkbuf_8)
                  0.20    0.27    1.63 ^ gpio_control_in_1a[1].BUF[2]/X (sky130_fd_sc_hd__clkbuf_8)
    30    0.11                           gpio_control_in_1a[1].serial_clock_out (net)
                  0.20    0.02    1.65 ^ gpio_control_in_1a[2].BUF[2]/A (sky130_fd_sc_hd__clkbuf_8)
                  0.18    0.27    1.92 ^ gpio_control_in_1a[2].BUF[2]/X (sky130_fd_sc_hd__clkbuf_8)
    30    0.10                           gpio_control_in_1a[2].serial_clock_out (net)
                  0.19    0.02    1.93 ^ gpio_control_in_1a[3].BUF[2]/A (sky130_fd_sc_hd__clkbuf_8)
                  0.24    0.29    2.22 ^ gpio_control_in_1a[3].BUF[2]/X (sky130_fd_sc_hd__clkbuf_8)
    30    0.13                           gpio_control_in_1a[3].serial_clock_out (net)
                  0.24    0.02    2.24 ^ _38316_/CLK (sky130_fd_sc_hd__dfrtp_4)
                  0.07    0.46    2.70 ^ _38316_/Q (sky130_fd_sc_hd__dfrtp_4)
     2    0.01                           gpio_control_in_1a[4].shift_register[8] (net)
                  0.07    0.00    2.70 ^ hold9374/A (sky130_fd_sc_hd__clkdlybuf4s15_2)
                  0.03    0.19    2.88 ^ hold9374/X (sky130_fd_sc_hd__clkdlybuf4s15_2)
     1    0.00                           net12561 (net)
                  0.03    0.00    2.88 ^ hold8541/A (sky130_fd_sc_hd__clkdlybuf4s15_2)
                  0.03    0.17    3.06 ^ hold8541/X (sky130_fd_sc_hd__clkdlybuf4s15_2)
     1    0.00                           net11728 (net)
                  0.03    0.00    3.06 ^ hold6244/A (sky130_fd_sc_hd__clkdlybuf4s15_2)
                  0.03    0.17    3.23 ^ hold6244/X (sky130_fd_sc_hd__clkdlybuf4s15_2)
     1    0.00                           net9431 (net)
                  0.03    0.00    3.23 ^ hold8542/A (sky130_fd_sc_hd__clkdlybuf4s15_2)
                  0.03    0.17    3.40 ^ hold8542/X (sky130_fd_sc_hd__clkdlybuf4s15_2)
     1    0.00                           net11729 (net)
                  0.03    0.00    3.40 ^ _38317_/D (sky130_fd_sc_hd__dfrtp_4)
                                  3.40   data arrival time

                          0.00    0.00   clock hk_serial_clk (rise edge)
                          0.00    0.00   clock source latency
                  0.25    0.00    0.00 ^ housekeeping/serial_clock (housekeeping)
     1    0.22                           gpio_control_bidir_1[0].serial_clock (net)
                  0.25    0.00    0.00 ^ clkbuf_0_gpio_control_bidir_1[0].serial_clock/A (sky130_fd_sc_hd__clkbuf_16)
                  0.04    0.20    0.20 ^ clkbuf_0_gpio_control_bidir_1[0].serial_clock/X (sky130_fd_sc_hd__clkbuf_16)
     2    0.02                           clknet_0_gpio_control_bidir_1[0].serial_clock (net)
                  0.04    0.00    0.20 ^ clkbuf_1_0__f_gpio_control_bidir_1[0].serial_clock/A (sky130_fd_sc_hd__clkbuf_16)
                  0.04    0.12    0.32 ^ clkbuf_1_0__f_gpio_control_bidir_1[0].serial_clock/X (sky130_fd_sc_hd__clkbuf_16)
     1    0.01                           clknet_1_0__leaf_gpio_control_bidir_1[0].serial_clock (net)
                  0.04    0.00    0.32 ^ fanout1804/A (sky130_fd_sc_hd__buf_8)
                  0.20    0.20    0.53 ^ fanout1804/X (sky130_fd_sc_hd__buf_8)
     8    0.12                           net1804 (net)
                  0.20    0.01    0.54 ^ gpio_control_bidir_1[0].BUF[2]/A (sky130_fd_sc_hd__clkbuf_8)
                  0.21    0.30    0.84 ^ gpio_control_bidir_1[0].BUF[2]/X (sky130_fd_sc_hd__clkbuf_8)
    30    0.12                           gpio_control_bidir_1[0].serial_clock_out (net)
                  0.22    0.03    0.86 ^ gpio_control_bidir_1[1].BUF[2]/A (sky130_fd_sc_hd__clkbuf_8)
                  0.18    0.29    1.15 ^ gpio_control_bidir_1[1].BUF[2]/X (sky130_fd_sc_hd__clkbuf_8)
    30    0.10                           gpio_control_bidir_1[1].serial_clock_out (net)
                  0.18    0.02    1.17 ^ gpio_control_in_1a[0].BUF[2]/A (sky130_fd_sc_hd__clkbuf_8)
                  0.18    0.28    1.45 ^ gpio_control_in_1a[0].BUF[2]/X (sky130_fd_sc_hd__clkbuf_8)
    30    0.10                           gpio_control_in_1a[0].serial_clock_out (net)
                  0.18    0.02    1.47 ^ gpio_control_in_1a[1].BUF[2]/A (sky130_fd_sc_hd__clkbuf_8)
                  0.20    0.29    1.76 ^ gpio_control_in_1a[1].BUF[2]/X (sky130_fd_sc_hd__clkbuf_8)
    30    0.11                           gpio_control_in_1a[1].serial_clock_out (net)
                  0.20    0.02    1.78 ^ gpio_control_in_1a[2].BUF[2]/A (sky130_fd_sc_hd__clkbuf_8)
                  0.18    0.29    2.07 ^ gpio_control_in_1a[2].BUF[2]/X (sky130_fd_sc_hd__clkbuf_8)
    30    0.10                           gpio_control_in_1a[2].serial_clock_out (net)
                  0.19    0.02    2.08 ^ gpio_control_in_1a[3].BUF[2]/A (sky130_fd_sc_hd__clkbuf_8)
                  0.24    0.31    2.39 ^ gpio_control_in_1a[3].BUF[2]/X (sky130_fd_sc_hd__clkbuf_8)
    30    0.13                           gpio_control_in_1a[3].serial_clock_out (net)
                  0.24    0.02    2.41 ^ _38317_/CLK (sky130_fd_sc_hd__dfrtp_4)
                          0.10    2.51   clock uncertainty
                         -0.17    2.34   clock reconvergence pessimism
                         -0.01    2.33   library hold time
                                  2.33   data required time
-----------------------------------------------------------------------------
                                  2.33   data required time
                                 -3.40   data arrival time
-----------------------------------------------------------------------------
                                  1.07   slack (MET)


Startpoint: _38873_ (rising edge-triggered flip-flop clocked by hk_serial_clk)
Endpoint: _38874_ (rising edge-triggered flip-flop clocked by hk_serial_clk)
Path Group: hk_serial_clk
Path Type: min

Fanout     Cap    Slew   Delay    Time   Description
-----------------------------------------------------------------------------
                          0.00    0.00   clock hk_serial_clk (rise edge)
                          0.00    0.00   clock source latency
                  0.25    0.00    0.00 ^ housekeeping/serial_clock (housekeeping)
     1    0.22                           gpio_control_bidir_1[0].serial_clock (net)
                  0.25    0.00    0.00 ^ clkbuf_0_gpio_control_bidir_1[0].serial_clock/A (sky130_fd_sc_hd__clkbuf_16)
                  0.04    0.18    0.19 ^ clkbuf_0_gpio_control_bidir_1[0].serial_clock/X (sky130_fd_sc_hd__clkbuf_16)
     2    0.02                           clknet_0_gpio_control_bidir_1[0].serial_clock (net)
                  0.04    0.00    0.19 ^ clkbuf_1_0__f_gpio_control_bidir_1[0].serial_clock/A (sky130_fd_sc_hd__clkbuf_16)
                  0.04    0.11    0.30 ^ clkbuf_1_0__f_gpio_control_bidir_1[0].serial_clock/X (sky130_fd_sc_hd__clkbuf_16)
     1    0.01                           clknet_1_0__leaf_gpio_control_bidir_1[0].serial_clock (net)
                  0.04    0.00    0.30 ^ fanout1804/A (sky130_fd_sc_hd__buf_8)
                  0.20    0.19    0.49 ^ fanout1804/X (sky130_fd_sc_hd__buf_8)
     8    0.12                           net1804 (net)
                  0.21    0.03    0.52 ^ wire1806/A (sky130_fd_sc_hd__buf_6)
                  0.14    0.20    0.72 ^ wire1806/X (sky130_fd_sc_hd__buf_6)
     2    0.07                           net1806 (net)
                  0.15    0.02    0.74 ^ wire1188/A (sky130_fd_sc_hd__buf_12)
                  0.21    0.22    0.95 ^ wire1188/X (sky130_fd_sc_hd__buf_12)
     2    0.18                           net8804 (net)
                  0.22    0.04    0.99 ^ clkbuf_0_net8804/A (sky130_fd_sc_hd__clkbuf_16)
                  0.05    0.18    1.18 ^ clkbuf_0_net8804/X (sky130_fd_sc_hd__clkbuf_16)
     2    0.02                           clknet_0_net8804 (net)
                  0.05    0.00    1.18 ^ clkbuf_1_0__f_net8804/A (sky130_fd_sc_hd__clkbuf_16)
                  0.07    0.14    1.32 ^ clkbuf_1_0__f_net8804/X (sky130_fd_sc_hd__clkbuf_16)
     2    0.05                           clknet_1_0__leaf_net8804 (net)
                  0.07    0.01    1.32 ^ wire1805/A (sky130_fd_sc_hd__buf_6)
                  0.28    0.26    1.59 ^ wire1805/X (sky130_fd_sc_hd__buf_6)
     2    0.14                           net1805 (net)
                  0.28    0.01    1.60 ^ wire1171/A (sky130_fd_sc_hd__buf_12)
                  0.15    0.21    1.81 ^ wire1171/X (sky130_fd_sc_hd__buf_12)
     2    0.13                           net8791 (net)
                  0.18    0.05    1.86 ^ clkbuf_0_net8791/A (sky130_fd_sc_hd__clkbuf_16)
                  0.05    0.17    2.03 ^ clkbuf_0_net8791/X (sky130_fd_sc_hd__clkbuf_16)
     2    0.03                           clknet_0_net8791 (net)
                  0.05    0.00    2.03 ^ clkbuf_1_0__f_net8791/A (sky130_fd_sc_hd__clkbuf_16)
                  0.08    0.15    2.18 ^ clkbuf_1_0__f_net8791/X (sky130_fd_sc_hd__clkbuf_16)
    12    0.06                           clknet_1_0__leaf_net8791 (net)
                  0.08    0.00    2.19 ^ gpio_control_bidir_2[2].BUF[2]/A (sky130_fd_sc_hd__buf_12)
                  0.15    0.17    2.36 ^ gpio_control_bidir_2[2].BUF[2]/X (sky130_fd_sc_hd__buf_12)
    30    0.12                           gpio_control_bidir_2[1].serial_clock (net)
                  0.16    0.03    2.38 ^ gpio_control_bidir_2[1].BUF[2]/A (sky130_fd_sc_hd__clkbuf_16)
                  0.12    0.21    2.59 ^ gpio_control_bidir_2[1].BUF[2]/X (sky130_fd_sc_hd__clkbuf_16)
    30    0.10                           gpio_control_bidir_2[0].serial_clock (net)
                  0.12    0.01    2.61 ^ gpio_control_bidir_2[0].BUF[2]/A (sky130_fd_sc_hd__clkbuf_8)
                  0.19    0.24    2.85 ^ gpio_control_bidir_2[0].BUF[2]/X (sky130_fd_sc_hd__clkbuf_8)
    30    0.10                           gpio_control_bidir_2[0].serial_clock_out (net)
                  0.19    0.02    2.87 ^ gpio_control_in_2[15].BUF[2]/A (sky130_fd_sc_hd__buf_12)
                  0.05    0.14    3.01 ^ gpio_control_in_2[15].BUF[2]/X (sky130_fd_sc_hd__buf_12)
     2    0.03                           gpio_control_in_2[14].serial_clock (net)
                  0.05    0.00    3.01 ^ clkbuf_0_gpio_control_in_2[14].serial_clock/A (sky130_fd_sc_hd__clkbuf_16)
                  0.04    0.12    3.13 ^ clkbuf_0_gpio_control_in_2[14].serial_clock/X (sky130_fd_sc_hd__clkbuf_16)
     2    0.02                           clknet_0_gpio_control_in_2[14].serial_clock (net)
                  0.04    0.00    3.13 ^ clkbuf_1_1__f_gpio_control_in_2[14].serial_clock/A (sky130_fd_sc_hd__clkbuf_16)
                  0.07    0.14    3.28 ^ clkbuf_1_1__f_gpio_control_in_2[14].serial_clock/X (sky130_fd_sc_hd__clkbuf_16)
    10    0.05                           clknet_1_1__leaf_gpio_control_in_2[14].serial_clock (net)
                  0.07    0.00    3.28 ^ gpio_control_in_2[14].BUF[2]/A (sky130_fd_sc_hd__buf_12)
                  0.06    0.11    3.40 ^ gpio_control_in_2[14].BUF[2]/X (sky130_fd_sc_hd__buf_12)
     2    0.04                           gpio_control_in_2[13].serial_clock (net)
                  0.06    0.01    3.40 ^ clkbuf_0_gpio_control_in_2[13].serial_clock/A (sky130_fd_sc_hd__clkbuf_16)
                  0.04    0.13    3.53 ^ clkbuf_0_gpio_control_in_2[13].serial_clock/X (sky130_fd_sc_hd__clkbuf_16)
     2    0.02                           clknet_0_gpio_control_in_2[13].serial_clock (net)
                  0.04    0.00    3.53 ^ clkbuf_1_1__f_gpio_control_in_2[13].serial_clock/A (sky130_fd_sc_hd__clkbuf_16)
                  0.08    0.15    3.68 ^ clkbuf_1_1__f_gpio_control_in_2[13].serial_clock/X (sky130_fd_sc_hd__clkbuf_16)
    10    0.07                           clknet_1_1__leaf_gpio_control_in_2[13].serial_clock (net)
                  0.08    0.00    3.69 ^ gpio_control_in_2[13].BUF[2]/A (sky130_fd_sc_hd__buf_12)
                  0.06    0.12    3.81 ^ gpio_control_in_2[13].BUF[2]/X (sky130_fd_sc_hd__buf_12)
     2    0.04                           gpio_control_in_2[12].serial_clock (net)
                  0.06    0.01    3.81 ^ clkbuf_0_gpio_control_in_2[12].serial_clock/A (sky130_fd_sc_hd__clkbuf_16)
                  0.04    0.13    3.94 ^ clkbuf_0_gpio_control_in_2[12].serial_clock/X (sky130_fd_sc_hd__clkbuf_16)
     2    0.02                           clknet_0_gpio_control_in_2[12].serial_clock (net)
                  0.04    0.00    3.94 ^ clkbuf_1_1__f_gpio_control_in_2[12].serial_clock/A (sky130_fd_sc_hd__clkbuf_16)
                  0.09    0.16    4.10 ^ clkbuf_1_1__f_gpio_control_in_2[12].serial_clock/X (sky130_fd_sc_hd__clkbuf_16)
    18    0.07                           clknet_1_1__leaf_gpio_control_in_2[12].serial_clock (net)
                  0.09    0.01    4.10 ^ gpio_control_in_2[12].BUF[2]/A (sky130_fd_sc_hd__buf_12)
                  0.13    0.17    4.27 ^ gpio_control_in_2[12].BUF[2]/X (sky130_fd_sc_hd__buf_12)
    30    0.11                           gpio_control_in_2[11].serial_clock (net)
                  0.14    0.02    4.29 ^ gpio_control_in_2[11].BUF[2]/A (sky130_fd_sc_hd__clkbuf_16)
                  0.12    0.20    4.49 ^ gpio_control_in_2[11].BUF[2]/X (sky130_fd_sc_hd__clkbuf_16)
    30    0.10                           gpio_control_in_2[10].serial_clock (net)
                  0.12    0.02    4.51 ^ gpio_control_in_2[10].BUF[2]/A (sky130_fd_sc_hd__clkbuf_8)
                  0.19    0.24    4.75 ^ gpio_control_in_2[10].BUF[2]/X (sky130_fd_sc_hd__clkbuf_8)
    30    0.11                           gpio_control_in_2[10].serial_clock_out (net)
                  0.19    0.02    4.77 ^ gpio_control_in_2[9].BUF[2]/A (sky130_fd_sc_hd__buf_12)
                  0.04    0.13    4.91 ^ gpio_control_in_2[9].BUF[2]/X (sky130_fd_sc_hd__buf_12)
     2    0.02                           gpio_control_in_2[8].serial_clock (net)
                  0.04    0.00    4.91 ^ clkbuf_0_gpio_control_in_2[8].serial_clock/A (sky130_fd_sc_hd__clkbuf_16)
                  0.04    0.12    5.03 ^ clkbuf_0_gpio_control_in_2[8].serial_clock/X (sky130_fd_sc_hd__clkbuf_16)
     2    0.02                           clknet_0_gpio_control_in_2[8].serial_clock (net)
                  0.04    0.00    5.03 ^ clkbuf_1_1__f_gpio_control_in_2[8].serial_clock/A (sky130_fd_sc_hd__clkbuf_16)
                  0.07    0.14    5.17 ^ clkbuf_1_1__f_gpio_control_in_2[8].serial_clock/X (sky130_fd_sc_hd__clkbuf_16)
    12    0.05                           clknet_1_1__leaf_gpio_control_in_2[8].serial_clock (net)
                  0.07    0.00    5.18 ^ gpio_control_in_2[8].BUF[2]/A (sky130_fd_sc_hd__buf_12)
                  0.05    0.11    5.29 ^ gpio_control_in_2[8].BUF[2]/X (sky130_fd_sc_hd__buf_12)
     2    0.03                           gpio_control_in_2[7].serial_clock (net)
                  0.05    0.00    5.29 ^ clkbuf_0_gpio_control_in_2[7].serial_clock/A (sky130_fd_sc_hd__clkbuf_16)
                  0.04    0.12    5.41 ^ clkbuf_0_gpio_control_in_2[7].serial_clock/X (sky130_fd_sc_hd__clkbuf_16)
     2    0.02                           clknet_0_gpio_control_in_2[7].serial_clock (net)
                  0.04    0.00    5.41 ^ clkbuf_1_1__f_gpio_control_in_2[7].serial_clock/A (sky130_fd_sc_hd__clkbuf_16)
                  0.07    0.14    5.56 ^ clkbuf_1_1__f_gpio_control_in_2[7].serial_clock/X (sky130_fd_sc_hd__clkbuf_16)
    12    0.05                           clknet_1_1__leaf_gpio_control_in_2[7].serial_clock (net)
                  0.07    0.00    5.56 ^ gpio_control_in_2[7].BUF[2]/A (sky130_fd_sc_hd__buf_12)
                  0.06    0.12    5.68 ^ gpio_control_in_2[7].BUF[2]/X (sky130_fd_sc_hd__buf_12)
     2    0.04                           gpio_control_in_2[6].serial_clock (net)
                  0.07    0.01    5.69 ^ clkbuf_0_gpio_control_in_2[6].serial_clock/A (sky130_fd_sc_hd__clkbuf_16)
                  0.04    0.13    5.82 ^ clkbuf_0_gpio_control_in_2[6].serial_clock/X (sky130_fd_sc_hd__clkbuf_16)
     2    0.02                           clknet_0_gpio_control_in_2[6].serial_clock (net)
                  0.04    0.00    5.82 ^ clkbuf_1_1__f_gpio_control_in_2[6].serial_clock/A (sky130_fd_sc_hd__clkbuf_16)
                  0.09    0.16    5.97 ^ clkbuf_1_1__f_gpio_control_in_2[6].serial_clock/X (sky130_fd_sc_hd__clkbuf_16)
    10    0.07                           clknet_1_1__leaf_gpio_control_in_2[6].serial_clock (net)
                  0.09    0.01    5.98 ^ gpio_control_in_2[6].BUF[2]/A (sky130_fd_sc_hd__buf_12)
                  0.07    0.13    6.11 ^ gpio_control_in_2[6].BUF[2]/X (sky130_fd_sc_hd__buf_12)
     2    0.05                           gpio_control_in_2[5].serial_clock (net)
                  0.07    0.01    6.12 ^ clkbuf_0_gpio_control_in_2[5].serial_clock/A (sky130_fd_sc_hd__clkbuf_16)
                  0.05    0.13    6.25 ^ clkbuf_0_gpio_control_in_2[5].serial_clock/X (sky130_fd_sc_hd__clkbuf_16)
     2    0.03                           clknet_0_gpio_control_in_2[5].serial_clock (net)
                  0.05    0.00    6.25 ^ clkbuf_1_0__f_gpio_control_in_2[5].serial_clock/A (sky130_fd_sc_hd__clkbuf_16)
                  0.07    0.14    6.40 ^ clkbuf_1_0__f_gpio_control_in_2[5].serial_clock/X (sky130_fd_sc_hd__clkbuf_16)
    12    0.05                           clknet_1_0__leaf_gpio_control_in_2[5].serial_clock (net)
                  0.07    0.00    6.40 ^ _38873_/CLK (sky130_fd_sc_hd__dfrtp_2)
                  0.14    0.42    6.82 ^ _38873_/Q (sky130_fd_sc_hd__dfrtp_2)
     4    0.03                           gpio_control_in_2[5].shift_register[0] (net)
                  0.14    0.00    6.82 ^ hold9437/A (sky130_fd_sc_hd__clkdlybuf4s15_2)
                  0.04    0.21    7.03 ^ hold9437/X (sky130_fd_sc_hd__clkdlybuf4s15_2)
     1    0.00                           net12624 (net)
                  0.04    0.00    7.03 ^ hold8627/A (sky130_fd_sc_hd__clkdlybuf4s15_2)
                  0.03    0.18    7.21 ^ hold8627/X (sky130_fd_sc_hd__clkdlybuf4s15_2)
     1    0.00                           net11814 (net)
                  0.03    0.00    7.21 ^ hold5942/A (sky130_fd_sc_hd__clkdlybuf4s15_2)
                  0.04    0.18    7.38 ^ hold5942/X (sky130_fd_sc_hd__clkdlybuf4s15_2)
     1    0.00                           net2341 (net)
                  0.04    0.00    7.38 ^ hold8628/A (sky130_fd_sc_hd__clkdlybuf4s15_2)
                  0.03    0.17    7.56 ^ hold8628/X (sky130_fd_sc_hd__clkdlybuf4s15_2)
     1    0.00                           net11815 (net)
                  0.03    0.00    7.56 ^ _38874_/D (sky130_fd_sc_hd__dfrtp_4)
                                  7.56   data arrival time

                          0.00    0.00   clock hk_serial_clk (rise edge)
                          0.00    0.00   clock source latency
                  0.25    0.00    0.00 ^ housekeeping/serial_clock (housekeeping)
     1    0.22                           gpio_control_bidir_1[0].serial_clock (net)
                  0.25    0.00    0.00 ^ clkbuf_0_gpio_control_bidir_1[0].serial_clock/A (sky130_fd_sc_hd__clkbuf_16)
                  0.04    0.20    0.20 ^ clkbuf_0_gpio_control_bidir_1[0].serial_clock/X (sky130_fd_sc_hd__clkbuf_16)
     2    0.02                           clknet_0_gpio_control_bidir_1[0].serial_clock (net)
                  0.04    0.00    0.20 ^ clkbuf_1_0__f_gpio_control_bidir_1[0].serial_clock/A (sky130_fd_sc_hd__clkbuf_16)
                  0.04    0.12    0.32 ^ clkbuf_1_0__f_gpio_control_bidir_1[0].serial_clock/X (sky130_fd_sc_hd__clkbuf_16)
     1    0.01                           clknet_1_0__leaf_gpio_control_bidir_1[0].serial_clock (net)
                  0.04    0.00    0.32 ^ fanout1804/A (sky130_fd_sc_hd__buf_8)
                  0.20    0.20    0.53 ^ fanout1804/X (sky130_fd_sc_hd__buf_8)
     8    0.12                           net1804 (net)
                  0.21    0.03    0.56 ^ wire1806/A (sky130_fd_sc_hd__buf_6)
                  0.14    0.22    0.78 ^ wire1806/X (sky130_fd_sc_hd__buf_6)
     2    0.07                           net1806 (net)
                  0.15    0.02    0.80 ^ wire1188/A (sky130_fd_sc_hd__buf_12)
                  0.21    0.23    1.03 ^ wire1188/X (sky130_fd_sc_hd__buf_12)
     2    0.18                           net8804 (net)
                  0.22    0.04    1.07 ^ clkbuf_0_net8804/A (sky130_fd_sc_hd__clkbuf_16)
                  0.05    0.20    1.27 ^ clkbuf_0_net8804/X (sky130_fd_sc_hd__clkbuf_16)
     2    0.02                           clknet_0_net8804 (net)
                  0.05    0.00    1.27 ^ clkbuf_1_0__f_net8804/A (sky130_fd_sc_hd__clkbuf_16)
                  0.07    0.15    1.42 ^ clkbuf_1_0__f_net8804/X (sky130_fd_sc_hd__clkbuf_16)
     2    0.05                           clknet_1_0__leaf_net8804 (net)
                  0.07    0.01    1.43 ^ wire1805/A (sky130_fd_sc_hd__buf_6)
                  0.28    0.28    1.71 ^ wire1805/X (sky130_fd_sc_hd__buf_6)
     2    0.14                           net1805 (net)
                  0.28    0.01    1.72 ^ wire1171/A (sky130_fd_sc_hd__buf_12)
                  0.15    0.23    1.95 ^ wire1171/X (sky130_fd_sc_hd__buf_12)
     2    0.13                           net8791 (net)
                  0.18    0.05    2.00 ^ clkbuf_0_net8791/A (sky130_fd_sc_hd__clkbuf_16)
                  0.05    0.18    2.18 ^ clkbuf_0_net8791/X (sky130_fd_sc_hd__clkbuf_16)
     2    0.03                           clknet_0_net8791 (net)
                  0.05    0.00    2.19 ^ clkbuf_1_0__f_net8791/A (sky130_fd_sc_hd__clkbuf_16)
                  0.08    0.17    2.35 ^ clkbuf_1_0__f_net8791/X (sky130_fd_sc_hd__clkbuf_16)
    12    0.06                           clknet_1_0__leaf_net8791 (net)
                  0.08    0.01    2.36 ^ gpio_control_bidir_2[2].BUF[2]/A (sky130_fd_sc_hd__buf_12)
                  0.15    0.18    2.54 ^ gpio_control_bidir_2[2].BUF[2]/X (sky130_fd_sc_hd__buf_12)
    30    0.12                           gpio_control_bidir_2[1].serial_clock (net)
                  0.16    0.03    2.57 ^ gpio_control_bidir_2[1].BUF[2]/A (sky130_fd_sc_hd__clkbuf_16)
                  0.12    0.23    2.80 ^ gpio_control_bidir_2[1].BUF[2]/X (sky130_fd_sc_hd__clkbuf_16)
    30    0.10                           gpio_control_bidir_2[0].serial_clock (net)
                  0.12    0.02    2.81 ^ gpio_control_bidir_2[0].BUF[2]/A (sky130_fd_sc_hd__clkbuf_8)
                  0.19    0.26    3.07 ^ gpio_control_bidir_2[0].BUF[2]/X (sky130_fd_sc_hd__clkbuf_8)
    30    0.10                           gpio_control_bidir_2[0].serial_clock_out (net)
                  0.19    0.02    3.09 ^ gpio_control_in_2[15].BUF[2]/A (sky130_fd_sc_hd__buf_12)
                  0.05    0.15    3.24 ^ gpio_control_in_2[15].BUF[2]/X (sky130_fd_sc_hd__buf_12)
     2    0.03                           gpio_control_in_2[14].serial_clock (net)
                  0.05    0.00    3.24 ^ clkbuf_0_gpio_control_in_2[14].serial_clock/A (sky130_fd_sc_hd__clkbuf_16)
                  0.04    0.13    3.38 ^ clkbuf_0_gpio_control_in_2[14].serial_clock/X (sky130_fd_sc_hd__clkbuf_16)
     2    0.02                           clknet_0_gpio_control_in_2[14].serial_clock (net)
                  0.04    0.00    3.38 ^ clkbuf_1_1__f_gpio_control_in_2[14].serial_clock/A (sky130_fd_sc_hd__clkbuf_16)
                  0.07    0.15    3.53 ^ clkbuf_1_1__f_gpio_control_in_2[14].serial_clock/X (sky130_fd_sc_hd__clkbuf_16)
    10    0.05                           clknet_1_1__leaf_gpio_control_in_2[14].serial_clock (net)
                  0.07    0.01    3.54 ^ gpio_control_in_2[14].BUF[2]/A (sky130_fd_sc_hd__buf_12)
                  0.06    0.12    3.66 ^ gpio_control_in_2[14].BUF[2]/X (sky130_fd_sc_hd__buf_12)
     2    0.04                           gpio_control_in_2[13].serial_clock (net)
                  0.06    0.01    3.67 ^ clkbuf_0_gpio_control_in_2[13].serial_clock/A (sky130_fd_sc_hd__clkbuf_16)
                  0.04    0.14    3.80 ^ clkbuf_0_gpio_control_in_2[13].serial_clock/X (sky130_fd_sc_hd__clkbuf_16)
     2    0.02                           clknet_0_gpio_control_in_2[13].serial_clock (net)
                  0.04    0.00    3.80 ^ clkbuf_1_1__f_gpio_control_in_2[13].serial_clock/A (sky130_fd_sc_hd__clkbuf_16)
                  0.08    0.16    3.97 ^ clkbuf_1_1__f_gpio_control_in_2[13].serial_clock/X (sky130_fd_sc_hd__clkbuf_16)
    10    0.07                           clknet_1_1__leaf_gpio_control_in_2[13].serial_clock (net)
                  0.08    0.01    3.97 ^ gpio_control_in_2[13].BUF[2]/A (sky130_fd_sc_hd__buf_12)
                  0.06    0.13    4.10 ^ gpio_control_in_2[13].BUF[2]/X (sky130_fd_sc_hd__buf_12)
     2    0.04                           gpio_control_in_2[12].serial_clock (net)
                  0.06    0.01    4.11 ^ clkbuf_0_gpio_control_in_2[12].serial_clock/A (sky130_fd_sc_hd__clkbuf_16)
                  0.04    0.14    4.25 ^ clkbuf_0_gpio_control_in_2[12].serial_clock/X (sky130_fd_sc_hd__clkbuf_16)
     2    0.02                           clknet_0_gpio_control_in_2[12].serial_clock (net)
                  0.04    0.00    4.25 ^ clkbuf_1_1__f_gpio_control_in_2[12].serial_clock/A (sky130_fd_sc_hd__clkbuf_16)
                  0.09    0.17    4.41 ^ clkbuf_1_1__f_gpio_control_in_2[12].serial_clock/X (sky130_fd_sc_hd__clkbuf_16)
    18    0.07                           clknet_1_1__leaf_gpio_control_in_2[12].serial_clock (net)
                  0.09    0.01    4.42 ^ gpio_control_in_2[12].BUF[2]/A (sky130_fd_sc_hd__buf_12)
                  0.13    0.18    4.60 ^ gpio_control_in_2[12].BUF[2]/X (sky130_fd_sc_hd__buf_12)
    30    0.11                           gpio_control_in_2[11].serial_clock (net)
                  0.14    0.02    4.62 ^ gpio_control_in_2[11].BUF[2]/A (sky130_fd_sc_hd__clkbuf_16)
                  0.12    0.22    4.84 ^ gpio_control_in_2[11].BUF[2]/X (sky130_fd_sc_hd__clkbuf_16)
    30    0.10                           gpio_control_in_2[10].serial_clock (net)
                  0.12    0.02    4.86 ^ gpio_control_in_2[10].BUF[2]/A (sky130_fd_sc_hd__clkbuf_8)
                  0.19    0.26    5.12 ^ gpio_control_in_2[10].BUF[2]/X (sky130_fd_sc_hd__clkbuf_8)
    30    0.11                           gpio_control_in_2[10].serial_clock_out (net)
                  0.19    0.02    5.14 ^ gpio_control_in_2[9].BUF[2]/A (sky130_fd_sc_hd__buf_12)
                  0.04    0.15    5.29 ^ gpio_control_in_2[9].BUF[2]/X (sky130_fd_sc_hd__buf_12)
     2    0.02                           gpio_control_in_2[8].serial_clock (net)
                  0.04    0.00    5.29 ^ clkbuf_0_gpio_control_in_2[8].serial_clock/A (sky130_fd_sc_hd__clkbuf_16)
                  0.04    0.13    5.42 ^ clkbuf_0_gpio_control_in_2[8].serial_clock/X (sky130_fd_sc_hd__clkbuf_16)
     2    0.02                           clknet_0_gpio_control_in_2[8].serial_clock (net)
                  0.04    0.00    5.42 ^ clkbuf_1_1__f_gpio_control_in_2[8].serial_clock/A (sky130_fd_sc_hd__clkbuf_16)
                  0.07    0.16    5.58 ^ clkbuf_1_1__f_gpio_control_in_2[8].serial_clock/X (sky130_fd_sc_hd__clkbuf_16)
    12    0.05                           clknet_1_1__leaf_gpio_control_in_2[8].serial_clock (net)
                  0.07    0.00    5.58 ^ gpio_control_in_2[8].BUF[2]/A (sky130_fd_sc_hd__buf_12)
                  0.05    0.12    5.70 ^ gpio_control_in_2[8].BUF[2]/X (sky130_fd_sc_hd__buf_12)
     2    0.03                           gpio_control_in_2[7].serial_clock (net)
                  0.05    0.00    5.70 ^ clkbuf_0_gpio_control_in_2[7].serial_clock/A (sky130_fd_sc_hd__clkbuf_16)
                  0.04    0.13    5.84 ^ clkbuf_0_gpio_control_in_2[7].serial_clock/X (sky130_fd_sc_hd__clkbuf_16)
     2    0.02                           clknet_0_gpio_control_in_2[7].serial_clock (net)
                  0.04    0.00    5.84 ^ clkbuf_1_1__f_gpio_control_in_2[7].serial_clock/A (sky130_fd_sc_hd__clkbuf_16)
                  0.07    0.15    5.99 ^ clkbuf_1_1__f_gpio_control_in_2[7].serial_clock/X (sky130_fd_sc_hd__clkbuf_16)
    12    0.05                           clknet_1_1__leaf_gpio_control_in_2[7].serial_clock (net)
                  0.07    0.00    5.99 ^ gpio_control_in_2[7].BUF[2]/A (sky130_fd_sc_hd__buf_12)
                  0.06    0.13    6.12 ^ gpio_control_in_2[7].BUF[2]/X (sky130_fd_sc_hd__buf_12)
     2    0.04                           gpio_control_in_2[6].serial_clock (net)
                  0.07    0.01    6.13 ^ clkbuf_0_gpio_control_in_2[6].serial_clock/A (sky130_fd_sc_hd__clkbuf_16)
                  0.04    0.14    6.27 ^ clkbuf_0_gpio_control_in_2[6].serial_clock/X (sky130_fd_sc_hd__clkbuf_16)
     2    0.02                           clknet_0_gpio_control_in_2[6].serial_clock (net)
                  0.04    0.00    6.27 ^ clkbuf_1_1__f_gpio_control_in_2[6].serial_clock/A (sky130_fd_sc_hd__clkbuf_16)
                  0.09    0.17    6.44 ^ clkbuf_1_1__f_gpio_control_in_2[6].serial_clock/X (sky130_fd_sc_hd__clkbuf_16)
    10    0.07                           clknet_1_1__leaf_gpio_control_in_2[6].serial_clock (net)
                  0.09    0.01    6.45 ^ gpio_control_in_2[6].BUF[2]/A (sky130_fd_sc_hd__buf_12)
                  0.07    0.14    6.58 ^ gpio_control_in_2[6].BUF[2]/X (sky130_fd_sc_hd__buf_12)
     2    0.05                           gpio_control_in_2[5].serial_clock (net)
                  0.07    0.01    6.59 ^ clkbuf_0_gpio_control_in_2[5].serial_clock/A (sky130_fd_sc_hd__clkbuf_16)
                  0.05    0.15    6.74 ^ clkbuf_0_gpio_control_in_2[5].serial_clock/X (sky130_fd_sc_hd__clkbuf_16)
     2    0.03                           clknet_0_gpio_control_in_2[5].serial_clock (net)
                  0.05    0.00    6.74 ^ clkbuf_1_0__f_gpio_control_in_2[5].serial_clock/A (sky130_fd_sc_hd__clkbuf_16)
                  0.07    0.16    6.90 ^ clkbuf_1_0__f_gpio_control_in_2[5].serial_clock/X (sky130_fd_sc_hd__clkbuf_16)
    12    0.05                           clknet_1_0__leaf_gpio_control_in_2[5].serial_clock (net)
                  0.07    0.00    6.90 ^ _38874_/CLK (sky130_fd_sc_hd__dfrtp_4)
                          0.10    7.00   clock uncertainty
                         -0.50    6.50   clock reconvergence pessimism
                         -0.03    6.47   library hold time
                                  6.47   data required time
-----------------------------------------------------------------------------
                                  6.47   data required time
                                 -7.56   data arrival time
-----------------------------------------------------------------------------
                                  1.09   slack (MET)


Startpoint: _38335_ (rising edge-triggered flip-flop clocked by hk_serial_clk)
Endpoint: _38336_ (rising edge-triggered flip-flop clocked by hk_serial_clk)
Path Group: hk_serial_clk
Path Type: min

Fanout     Cap    Slew   Delay    Time   Description
-----------------------------------------------------------------------------
                          0.00    0.00   clock hk_serial_clk (rise edge)
                          0.00    0.00   clock source latency
                  0.25    0.00    0.00 ^ housekeeping/serial_clock (housekeeping)
     1    0.22                           gpio_control_bidir_1[0].serial_clock (net)
                  0.25    0.00    0.00 ^ clkbuf_0_gpio_control_bidir_1[0].serial_clock/A (sky130_fd_sc_hd__clkbuf_16)
                  0.04    0.18    0.19 ^ clkbuf_0_gpio_control_bidir_1[0].serial_clock/X (sky130_fd_sc_hd__clkbuf_16)
     2    0.02                           clknet_0_gpio_control_bidir_1[0].serial_clock (net)
                  0.04    0.00    0.19 ^ clkbuf_1_0__f_gpio_control_bidir_1[0].serial_clock/A (sky130_fd_sc_hd__clkbuf_16)
                  0.04    0.11    0.30 ^ clkbuf_1_0__f_gpio_control_bidir_1[0].serial_clock/X (sky130_fd_sc_hd__clkbuf_16)
     1    0.01                           clknet_1_0__leaf_gpio_control_bidir_1[0].serial_clock (net)
                  0.04    0.00    0.30 ^ fanout1804/A (sky130_fd_sc_hd__buf_8)
                  0.20    0.19    0.49 ^ fanout1804/X (sky130_fd_sc_hd__buf_8)
     8    0.12                           net1804 (net)
                  0.20    0.01    0.50 ^ gpio_control_bidir_1[0].BUF[2]/A (sky130_fd_sc_hd__clkbuf_8)
                  0.21    0.28    0.78 ^ gpio_control_bidir_1[0].BUF[2]/X (sky130_fd_sc_hd__clkbuf_8)
    30    0.12                           gpio_control_bidir_1[0].serial_clock_out (net)
                  0.22    0.02    0.80 ^ gpio_control_bidir_1[1].BUF[2]/A (sky130_fd_sc_hd__clkbuf_8)
                  0.18    0.27    1.07 ^ gpio_control_bidir_1[1].BUF[2]/X (sky130_fd_sc_hd__clkbuf_8)
    30    0.10                           gpio_control_bidir_1[1].serial_clock_out (net)
                  0.18    0.02    1.09 ^ gpio_control_in_1a[0].BUF[2]/A (sky130_fd_sc_hd__clkbuf_8)
                  0.18    0.26    1.34 ^ gpio_control_in_1a[0].BUF[2]/X (sky130_fd_sc_hd__clkbuf_8)
    30    0.10                           gpio_control_in_1a[0].serial_clock_out (net)
                  0.18    0.02    1.36 ^ gpio_control_in_1a[1].BUF[2]/A (sky130_fd_sc_hd__clkbuf_8)
                  0.20    0.27    1.63 ^ gpio_control_in_1a[1].BUF[2]/X (sky130_fd_sc_hd__clkbuf_8)
    30    0.11                           gpio_control_in_1a[1].serial_clock_out (net)
                  0.20    0.02    1.65 ^ gpio_control_in_1a[2].BUF[2]/A (sky130_fd_sc_hd__clkbuf_8)
                  0.18    0.27    1.92 ^ gpio_control_in_1a[2].BUF[2]/X (sky130_fd_sc_hd__clkbuf_8)
    30    0.10                           gpio_control_in_1a[2].serial_clock_out (net)
                  0.19    0.02    1.93 ^ gpio_control_in_1a[3].BUF[2]/A (sky130_fd_sc_hd__clkbuf_8)
                  0.24    0.29    2.22 ^ gpio_control_in_1a[3].BUF[2]/X (sky130_fd_sc_hd__clkbuf_8)
    30    0.13                           gpio_control_in_1a[3].serial_clock_out (net)
                  0.25    0.04    2.26 ^ gpio_control_in_1a[4].BUF[2]/A (sky130_fd_sc_hd__clkbuf_8)
                  0.27    0.31    2.57 ^ gpio_control_in_1a[4].BUF[2]/X (sky130_fd_sc_hd__clkbuf_8)
    30    0.15                           gpio_control_in_1a[4].serial_clock_out (net)
                  0.27    0.02    2.59 ^ _38335_/CLK (sky130_fd_sc_hd__dfrtp_2)
                  0.18    0.50    3.10 ^ _38335_/Q (sky130_fd_sc_hd__dfrtp_2)
     4    0.03                           gpio_control_in_1a[5].shift_register[0] (net)
                  0.18    0.00    3.10 ^ hold9439/A (sky130_fd_sc_hd__clkdlybuf4s15_2)
                  0.04    0.22    3.32 ^ hold9439/X (sky130_fd_sc_hd__clkdlybuf4s15_2)
     1    0.00                           net12626 (net)
                  0.04    0.00    3.32 ^ hold8633/A (sky130_fd_sc_hd__clkdlybuf4s15_2)
                  0.03    0.18    3.50 ^ hold8633/X (sky130_fd_sc_hd__clkdlybuf4s15_2)
     1    0.00                           net11820 (net)
                  0.03    0.00    3.50 ^ hold6264/A (sky130_fd_sc_hd__clkdlybuf4s15_2)
                  0.03    0.18    3.67 ^ hold6264/X (sky130_fd_sc_hd__clkdlybuf4s15_2)
     1    0.00                           net9451 (net)
                  0.03    0.00    3.67 ^ hold8634/A (sky130_fd_sc_hd__clkdlybuf4s15_2)
                  0.03    0.18    3.85 ^ hold8634/X (sky130_fd_sc_hd__clkdlybuf4s15_2)
     1    0.00                           net11821 (net)
                  0.03    0.00    3.85 ^ _38336_/D (sky130_fd_sc_hd__dfrtp_2)
                                  3.85   data arrival time

                          0.00    0.00   clock hk_serial_clk (rise edge)
                          0.00    0.00   clock source latency
                  0.25    0.00    0.00 ^ housekeeping/serial_clock (housekeeping)
     1    0.22                           gpio_control_bidir_1[0].serial_clock (net)
                  0.25    0.00    0.00 ^ clkbuf_0_gpio_control_bidir_1[0].serial_clock/A (sky130_fd_sc_hd__clkbuf_16)
                  0.04    0.20    0.20 ^ clkbuf_0_gpio_control_bidir_1[0].serial_clock/X (sky130_fd_sc_hd__clkbuf_16)
     2    0.02                           clknet_0_gpio_control_bidir_1[0].serial_clock (net)
                  0.04    0.00    0.20 ^ clkbuf_1_0__f_gpio_control_bidir_1[0].serial_clock/A (sky130_fd_sc_hd__clkbuf_16)
                  0.04    0.12    0.32 ^ clkbuf_1_0__f_gpio_control_bidir_1[0].serial_clock/X (sky130_fd_sc_hd__clkbuf_16)
     1    0.01                           clknet_1_0__leaf_gpio_control_bidir_1[0].serial_clock (net)
                  0.04    0.00    0.32 ^ fanout1804/A (sky130_fd_sc_hd__buf_8)
                  0.20    0.20    0.53 ^ fanout1804/X (sky130_fd_sc_hd__buf_8)
     8    0.12                           net1804 (net)
                  0.20    0.01    0.54 ^ gpio_control_bidir_1[0].BUF[2]/A (sky130_fd_sc_hd__clkbuf_8)
                  0.21    0.30    0.84 ^ gpio_control_bidir_1[0].BUF[2]/X (sky130_fd_sc_hd__clkbuf_8)
    30    0.12                           gpio_control_bidir_1[0].serial_clock_out (net)
                  0.22    0.03    0.86 ^ gpio_control_bidir_1[1].BUF[2]/A (sky130_fd_sc_hd__clkbuf_8)
                  0.18    0.29    1.15 ^ gpio_control_bidir_1[1].BUF[2]/X (sky130_fd_sc_hd__clkbuf_8)
    30    0.10                           gpio_control_bidir_1[1].serial_clock_out (net)
                  0.18    0.02    1.17 ^ gpio_control_in_1a[0].BUF[2]/A (sky130_fd_sc_hd__clkbuf_8)
                  0.18    0.28    1.45 ^ gpio_control_in_1a[0].BUF[2]/X (sky130_fd_sc_hd__clkbuf_8)
    30    0.10                           gpio_control_in_1a[0].serial_clock_out (net)
                  0.18    0.02    1.47 ^ gpio_control_in_1a[1].BUF[2]/A (sky130_fd_sc_hd__clkbuf_8)
                  0.20    0.29    1.76 ^ gpio_control_in_1a[1].BUF[2]/X (sky130_fd_sc_hd__clkbuf_8)
    30    0.11                           gpio_control_in_1a[1].serial_clock_out (net)
                  0.20    0.02    1.78 ^ gpio_control_in_1a[2].BUF[2]/A (sky130_fd_sc_hd__clkbuf_8)
                  0.18    0.29    2.07 ^ gpio_control_in_1a[2].BUF[2]/X (sky130_fd_sc_hd__clkbuf_8)
    30    0.10                           gpio_control_in_1a[2].serial_clock_out (net)
                  0.19    0.02    2.08 ^ gpio_control_in_1a[3].BUF[2]/A (sky130_fd_sc_hd__clkbuf_8)
                  0.24    0.31    2.39 ^ gpio_control_in_1a[3].BUF[2]/X (sky130_fd_sc_hd__clkbuf_8)
    30    0.13                           gpio_control_in_1a[3].serial_clock_out (net)
                  0.25    0.04    2.43 ^ gpio_control_in_1a[4].BUF[2]/A (sky130_fd_sc_hd__clkbuf_8)
                  0.27    0.34    2.77 ^ gpio_control_in_1a[4].BUF[2]/X (sky130_fd_sc_hd__clkbuf_8)
    30    0.15                           gpio_control_in_1a[4].serial_clock_out (net)
                  0.28    0.05    2.82 ^ _38336_/CLK (sky130_fd_sc_hd__dfrtp_2)
                          0.10    2.92   clock uncertainty
                         -0.20    2.72   clock reconvergence pessimism
                          0.00    2.72   library hold time
                                  2.72   data required time
-----------------------------------------------------------------------------
                                  2.72   data required time
                                 -3.85   data arrival time
-----------------------------------------------------------------------------
                                  1.13   slack (MET)


