
===========================================================================
 report_check_types -max_slew -max_cap -max_fanout -violators
============================================================================
max slew

Pin                                    Limit    Slew   Slack
------------------------------------------------------------
mprj/analog_io[0]                       0.60    1.49   -0.89 (VIOLATED)
mprj/analog_io[10]                      0.60    1.49   -0.89 (VIOLATED)
mprj/analog_io[11]                      0.60    1.49   -0.89 (VIOLATED)
mprj/analog_io[12]                      0.60    1.49   -0.89 (VIOLATED)
mprj/analog_io[13]                      0.60    1.49   -0.89 (VIOLATED)
mprj/analog_io[14]                      0.60    1.49   -0.89 (VIOLATED)
mprj/analog_io[15]                      0.60    1.49   -0.89 (VIOLATED)
mprj/analog_io[16]                      0.60    1.49   -0.89 (VIOLATED)
mprj/analog_io[17]                      0.60    1.49   -0.89 (VIOLATED)
mprj/analog_io[18]                      0.60    1.49   -0.89 (VIOLATED)
mprj/analog_io[19]                      0.60    1.49   -0.89 (VIOLATED)
mprj/analog_io[1]                       0.60    1.49   -0.89 (VIOLATED)
mprj/analog_io[20]                      0.60    1.49   -0.89 (VIOLATED)
mprj/analog_io[21]                      0.60    1.49   -0.89 (VIOLATED)
mprj/analog_io[22]                      0.60    1.49   -0.89 (VIOLATED)
mprj/analog_io[23]                      0.60    1.49   -0.89 (VIOLATED)
mprj/analog_io[24]                      0.60    1.49   -0.89 (VIOLATED)
mprj/analog_io[25]                      0.60    1.49   -0.89 (VIOLATED)
mprj/analog_io[26]                      0.60    1.49   -0.89 (VIOLATED)
mprj/analog_io[27]                      0.60    1.49   -0.89 (VIOLATED)
mprj/analog_io[28]                      0.60    1.49   -0.89 (VIOLATED)
mprj/analog_io[2]                       0.60    1.49   -0.89 (VIOLATED)
mprj/analog_io[3]                       0.60    1.49   -0.89 (VIOLATED)
mprj/analog_io[4]                       0.60    1.49   -0.89 (VIOLATED)
mprj/analog_io[5]                       0.60    1.49   -0.89 (VIOLATED)
mprj/analog_io[6]                       0.60    1.49   -0.89 (VIOLATED)
mprj/analog_io[7]                       0.60    1.49   -0.89 (VIOLATED)
mprj/analog_io[8]                       0.60    1.49   -0.89 (VIOLATED)
mprj/analog_io[9]                       0.60    1.49   -0.89 (VIOLATED)
mprj/wb_clk_i                           0.10    0.61   -0.51 (VIOLATED)
mgmt_buffers.user_to_mprj_in_gates[122]/A    1.50    1.81   -0.31 (VIOLATED)
ANTENNA_mgmt_buffers.user_to_mprj_in_gates[122]_A/DIODE    1.50    1.81   -0.31 (VIOLATED)
mprj/la_data_out[122]                   1.50    1.80   -0.30 (VIOLATED)
mgmt_buffers.user_to_mprj_in_gates[113]/A    1.50    1.62   -0.12 (VIOLATED)
ANTENNA_mgmt_buffers.user_to_mprj_in_gates[113]_A/DIODE    1.50    1.62   -0.12 (VIOLATED)
mprj/la_data_out[113]                   1.50    1.62   -0.12 (VIOLATED)
soc.core.RAM128/EN0                     0.30    0.39   -0.09 (VIOLATED)
mgmt_buffers.user_to_mprj_in_gates[112]/A    1.50    1.57   -0.07 (VIOLATED)
ANTENNA_mgmt_buffers.user_to_mprj_in_gates[112]_A/DIODE    1.50    1.57   -0.07 (VIOLATED)
mprj/la_data_out[112]                   1.50    1.56   -0.06 (VIOLATED)
mgmt_buffers.user_to_mprj_in_gates[111]/A    1.50    1.55   -0.05 (VIOLATED)
ANTENNA_mgmt_buffers.user_to_mprj_in_gates[111]_A/DIODE    1.50    1.55   -0.05 (VIOLATED)
mprj/la_data_out[111]                   1.50    1.54   -0.04 (VIOLATED)
mgmt_buffers.user_to_mprj_in_gates[120]/A    1.50    1.53   -0.03 (VIOLATED)
ANTENNA_mgmt_buffers.user_to_mprj_in_gates[120]_A/DIODE    1.50    1.53   -0.03 (VIOLATED)
mprj/la_data_out[120]                   1.50    1.53   -0.03 (VIOLATED)
mgmt_buffers.user_to_mprj_in_gates[124]/A    1.50    1.53   -0.03 (VIOLATED)
ANTENNA_mgmt_buffers.user_to_mprj_in_gates[124]_A/DIODE    1.50    1.53   -0.03 (VIOLATED)
mgmt_buffers.user_to_mprj_in_gates[127]/A    1.50    1.53   -0.03 (VIOLATED)
ANTENNA_mgmt_buffers.user_to_mprj_in_gates[127]_A/DIODE    1.50    1.53   -0.03 (VIOLATED)
mprj/la_data_out[124]                   1.50    1.52   -0.02 (VIOLATED)
mprj/la_data_out[127]                   1.50    1.52   -0.02 (VIOLATED)
input43/A                               1.50    1.50   -0.00 (VIOLATED)
ANTENNA_input43_A/DIODE                 1.50    1.50   -0.00 (VIOLATED)

max fanout

Pin                                   Limit Fanout  Slack
---------------------------------------------------------
_23620_/X                                18     53    -35 (VIOLATED)
mgmt_buffers.mprj_logic_high_inst/HI[312]     18     53    -35 (VIOLATED)
mgmt_buffers.mprj_logic_high_inst/HI[329]     18     47    -29 (VIOLATED)
_23627_/X                                18     41    -23 (VIOLATED)
_23880_/X                                18     41    -23 (VIOLATED)
fanout1889/X                             18     39    -21 (VIOLATED)
fanout1288/X                             18     37    -19 (VIOLATED)
fanout1302/X                             18     37    -19 (VIOLATED)
fanout1304/X                             18     37    -19 (VIOLATED)
fanout1900/X                             18     37    -19 (VIOLATED)
fanout931/X                              18     37    -19 (VIOLATED)
_21444_/X                                18     36    -18 (VIOLATED)
_21664_/X                                18     36    -18 (VIOLATED)
_21893_/Y                                18     36    -18 (VIOLATED)
_25657_/Y                                18     36    -18 (VIOLATED)
_27900_/X                                18     36    -18 (VIOLATED)
_35477_/Q                                18     36    -18 (VIOLATED)
_36137_/Q                                18     36    -18 (VIOLATED)
_36268_/Q                                18     36    -18 (VIOLATED)
_37772_/Q                                18     36    -18 (VIOLATED)
_37777_/Q                                18     36    -18 (VIOLATED)
_37778_/Q                                18     36    -18 (VIOLATED)
_37783_/Q                                18     36    -18 (VIOLATED)
clkbuf_7_25__f_mgmt_buffers.caravel_clk/X     18     36    -18 (VIOLATED)
fanout1000/X                             18     36    -18 (VIOLATED)
fanout1001/X                             18     36    -18 (VIOLATED)
fanout1003/X                             18     36    -18 (VIOLATED)
fanout1008/X                             18     36    -18 (VIOLATED)
fanout1012/X                             18     36    -18 (VIOLATED)
fanout1014/X                             18     36    -18 (VIOLATED)
fanout1016/X                             18     36    -18 (VIOLATED)
fanout1020/X                             18     36    -18 (VIOLATED)
fanout1021/X                             18     36    -18 (VIOLATED)
fanout1022/X                             18     36    -18 (VIOLATED)
fanout1024/X                             18     36    -18 (VIOLATED)
fanout1028/X                             18     36    -18 (VIOLATED)
fanout1032/X                             18     36    -18 (VIOLATED)
fanout1035/X                             18     36    -18 (VIOLATED)
fanout1036/X                             18     36    -18 (VIOLATED)
fanout1037/X                             18     36    -18 (VIOLATED)
fanout1040/X                             18     36    -18 (VIOLATED)
fanout1041/X                             18     36    -18 (VIOLATED)
fanout1043/X                             18     36    -18 (VIOLATED)
fanout1044/X                             18     36    -18 (VIOLATED)
fanout1047/X                             18     36    -18 (VIOLATED)
fanout1049/X                             18     36    -18 (VIOLATED)
fanout1050/X                             18     36    -18 (VIOLATED)
fanout1051/X                             18     36    -18 (VIOLATED)
fanout1052/X                             18     36    -18 (VIOLATED)
fanout1053/X                             18     36    -18 (VIOLATED)
fanout1055/X                             18     36    -18 (VIOLATED)
fanout1057/X                             18     36    -18 (VIOLATED)
fanout1059/X                             18     36    -18 (VIOLATED)
fanout1061/X                             18     36    -18 (VIOLATED)
fanout1063/X                             18     36    -18 (VIOLATED)
fanout1065/X                             18     36    -18 (VIOLATED)
fanout1068/X                             18     36    -18 (VIOLATED)
fanout1069/X                             18     36    -18 (VIOLATED)
fanout1070/X                             18     36    -18 (VIOLATED)
fanout1072/X                             18     36    -18 (VIOLATED)
fanout1074/X                             18     36    -18 (VIOLATED)
fanout1080/X                             18     36    -18 (VIOLATED)
fanout1083/X                             18     36    -18 (VIOLATED)
fanout1086/X                             18     36    -18 (VIOLATED)
fanout1089/X                             18     36    -18 (VIOLATED)
fanout1091/X                             18     36    -18 (VIOLATED)
fanout1092/X                             18     36    -18 (VIOLATED)
fanout1094/X                             18     36    -18 (VIOLATED)
fanout1096/X                             18     36    -18 (VIOLATED)
fanout1098/X                             18     36    -18 (VIOLATED)
fanout1099/X                             18     36    -18 (VIOLATED)
fanout1100/X                             18     36    -18 (VIOLATED)
fanout1102/X                             18     36    -18 (VIOLATED)
fanout1103/X                             18     36    -18 (VIOLATED)
fanout1104/X                             18     36    -18 (VIOLATED)
fanout1105/X                             18     36    -18 (VIOLATED)
fanout1108/X                             18     36    -18 (VIOLATED)
fanout1109/X                             18     36    -18 (VIOLATED)
fanout1110/X                             18     36    -18 (VIOLATED)
fanout1112/X                             18     36    -18 (VIOLATED)
fanout1116/X                             18     36    -18 (VIOLATED)
fanout1118/X                             18     36    -18 (VIOLATED)
fanout1145/X                             18     36    -18 (VIOLATED)
fanout1148/X                             18     36    -18 (VIOLATED)
fanout1149/X                             18     36    -18 (VIOLATED)
fanout1150/X                             18     36    -18 (VIOLATED)
fanout1151/X                             18     36    -18 (VIOLATED)
fanout1154/X                             18     36    -18 (VIOLATED)
fanout1156/X                             18     36    -18 (VIOLATED)
fanout1157/X                             18     36    -18 (VIOLATED)
fanout1158/X                             18     36    -18 (VIOLATED)
fanout1159/X                             18     36    -18 (VIOLATED)
fanout1160/X                             18     36    -18 (VIOLATED)
fanout1161/X                             18     36    -18 (VIOLATED)
fanout1162/X                             18     36    -18 (VIOLATED)
fanout1163/X                             18     36    -18 (VIOLATED)
fanout1167/X                             18     36    -18 (VIOLATED)
fanout1168/X                             18     36    -18 (VIOLATED)
fanout1169/X                             18     36    -18 (VIOLATED)
fanout1173/X                             18     36    -18 (VIOLATED)
fanout1175/X                             18     36    -18 (VIOLATED)
fanout1177/X                             18     36    -18 (VIOLATED)
fanout1178/X                             18     36    -18 (VIOLATED)
fanout1190/X                             18     36    -18 (VIOLATED)
fanout1191/X                             18     36    -18 (VIOLATED)
fanout1199/X                             18     36    -18 (VIOLATED)
fanout1201/X                             18     36    -18 (VIOLATED)
fanout1203/X                             18     36    -18 (VIOLATED)
fanout1209/X                             18     36    -18 (VIOLATED)
fanout1210/X                             18     36    -18 (VIOLATED)
fanout1212/X                             18     36    -18 (VIOLATED)
fanout1214/X                             18     36    -18 (VIOLATED)
fanout1216/X                             18     36    -18 (VIOLATED)
fanout1218/X                             18     36    -18 (VIOLATED)
fanout1220/X                             18     36    -18 (VIOLATED)
fanout1237/X                             18     36    -18 (VIOLATED)
fanout1245/X                             18     36    -18 (VIOLATED)
fanout1247/X                             18     36    -18 (VIOLATED)
fanout1249/X                             18     36    -18 (VIOLATED)
fanout1251/X                             18     36    -18 (VIOLATED)
fanout1253/X                             18     36    -18 (VIOLATED)
fanout1255/X                             18     36    -18 (VIOLATED)
fanout1258/X                             18     36    -18 (VIOLATED)
fanout1260/X                             18     36    -18 (VIOLATED)
fanout1261/X                             18     36    -18 (VIOLATED)
fanout1280/X                             18     36    -18 (VIOLATED)
fanout1282/X                             18     36    -18 (VIOLATED)
fanout1285/X                             18     36    -18 (VIOLATED)
fanout1286/X                             18     36    -18 (VIOLATED)
fanout1290/X                             18     36    -18 (VIOLATED)
fanout1292/X                             18     36    -18 (VIOLATED)
fanout1294/X                             18     36    -18 (VIOLATED)
fanout1296/X                             18     36    -18 (VIOLATED)
fanout1306/X                             18     36    -18 (VIOLATED)
fanout1308/X                             18     36    -18 (VIOLATED)
fanout1310/X                             18     36    -18 (VIOLATED)
fanout1312/X                             18     36    -18 (VIOLATED)
fanout1313/X                             18     36    -18 (VIOLATED)
fanout1314/X                             18     36    -18 (VIOLATED)
fanout1315/X                             18     36    -18 (VIOLATED)
fanout1318/X                             18     36    -18 (VIOLATED)
fanout1320/X                             18     36    -18 (VIOLATED)
fanout1322/X                             18     36    -18 (VIOLATED)
fanout1324/X                             18     36    -18 (VIOLATED)
fanout1326/X                             18     36    -18 (VIOLATED)
fanout1328/X                             18     36    -18 (VIOLATED)
fanout1330/X                             18     36    -18 (VIOLATED)
fanout1332/X                             18     36    -18 (VIOLATED)
fanout1339/X                             18     36    -18 (VIOLATED)
fanout1341/X                             18     36    -18 (VIOLATED)
fanout1343/X                             18     36    -18 (VIOLATED)
fanout1344/X                             18     36    -18 (VIOLATED)
fanout1346/X                             18     36    -18 (VIOLATED)
fanout1347/X                             18     36    -18 (VIOLATED)
fanout1348/X                             18     36    -18 (VIOLATED)
fanout1359/X                             18     36    -18 (VIOLATED)
fanout1362/X                             18     36    -18 (VIOLATED)
fanout1365/X                             18     36    -18 (VIOLATED)
fanout1367/X                             18     36    -18 (VIOLATED)
fanout1369/X                             18     36    -18 (VIOLATED)
fanout1370/X                             18     36    -18 (VIOLATED)
fanout1372/X                             18     36    -18 (VIOLATED)
fanout1374/X                             18     36    -18 (VIOLATED)
fanout1376/X                             18     36    -18 (VIOLATED)
fanout1378/X                             18     36    -18 (VIOLATED)
fanout1380/X                             18     36    -18 (VIOLATED)
fanout1382/X                             18     36    -18 (VIOLATED)
fanout1384/X                             18     36    -18 (VIOLATED)
fanout1386/X                             18     36    -18 (VIOLATED)
fanout1388/X                             18     36    -18 (VIOLATED)
fanout1390/X                             18     36    -18 (VIOLATED)
fanout1392/X                             18     36    -18 (VIOLATED)
fanout1394/X                             18     36    -18 (VIOLATED)
fanout1396/X                             18     36    -18 (VIOLATED)
fanout1398/X                             18     36    -18 (VIOLATED)
fanout1400/X                             18     36    -18 (VIOLATED)
fanout1402/X                             18     36    -18 (VIOLATED)
fanout1404/X                             18     36    -18 (VIOLATED)
fanout1407/X                             18     36    -18 (VIOLATED)
fanout1409/X                             18     36    -18 (VIOLATED)
fanout1411/X                             18     36    -18 (VIOLATED)
fanout1413/X                             18     36    -18 (VIOLATED)
fanout1415/X                             18     36    -18 (VIOLATED)
fanout1417/X                             18     36    -18 (VIOLATED)
fanout1419/X                             18     36    -18 (VIOLATED)
fanout1421/X                             18     36    -18 (VIOLATED)
fanout1423/X                             18     36    -18 (VIOLATED)
fanout1425/X                             18     36    -18 (VIOLATED)
fanout1427/X                             18     36    -18 (VIOLATED)
fanout1429/X                             18     36    -18 (VIOLATED)
fanout1431/X                             18     36    -18 (VIOLATED)
fanout1433/X                             18     36    -18 (VIOLATED)
fanout1434/X                             18     36    -18 (VIOLATED)
fanout1437/X                             18     36    -18 (VIOLATED)
fanout1441/X                             18     36    -18 (VIOLATED)
fanout1443/X                             18     36    -18 (VIOLATED)
fanout1444/X                             18     36    -18 (VIOLATED)
fanout1445/X                             18     36    -18 (VIOLATED)
fanout1446/X                             18     36    -18 (VIOLATED)
fanout1448/X                             18     36    -18 (VIOLATED)
fanout1450/X                             18     36    -18 (VIOLATED)
fanout1454/X                             18     36    -18 (VIOLATED)
fanout1456/X                             18     36    -18 (VIOLATED)
fanout1458/X                             18     36    -18 (VIOLATED)
fanout1459/X                             18     36    -18 (VIOLATED)
fanout1663/X                             18     36    -18 (VIOLATED)
fanout1666/X                             18     36    -18 (VIOLATED)
fanout1669/X                             18     36    -18 (VIOLATED)
fanout1670/X                             18     36    -18 (VIOLATED)
fanout1671/X                             18     36    -18 (VIOLATED)
fanout1673/X                             18     36    -18 (VIOLATED)
fanout1677/X                             18     36    -18 (VIOLATED)
fanout1695/X                             18     36    -18 (VIOLATED)
fanout1698/X                             18     36    -18 (VIOLATED)
fanout1700/X                             18     36    -18 (VIOLATED)
fanout1703/X                             18     36    -18 (VIOLATED)
fanout1704/X                             18     36    -18 (VIOLATED)
fanout1706/X                             18     36    -18 (VIOLATED)
fanout1707/X                             18     36    -18 (VIOLATED)
fanout1709/X                             18     36    -18 (VIOLATED)
fanout1711/X                             18     36    -18 (VIOLATED)
fanout1712/X                             18     36    -18 (VIOLATED)
fanout1713/X                             18     36    -18 (VIOLATED)
fanout1719/X                             18     36    -18 (VIOLATED)
fanout1720/X                             18     36    -18 (VIOLATED)
fanout1721/X                             18     36    -18 (VIOLATED)
fanout1723/X                             18     36    -18 (VIOLATED)
fanout1727/X                             18     36    -18 (VIOLATED)
fanout1728/X                             18     36    -18 (VIOLATED)
fanout1730/X                             18     36    -18 (VIOLATED)
fanout1733/X                             18     36    -18 (VIOLATED)
fanout1735/X                             18     36    -18 (VIOLATED)
fanout1736/X                             18     36    -18 (VIOLATED)
fanout1738/X                             18     36    -18 (VIOLATED)
fanout1740/X                             18     36    -18 (VIOLATED)
fanout1741/X                             18     36    -18 (VIOLATED)
fanout1742/X                             18     36    -18 (VIOLATED)
fanout1743/X                             18     36    -18 (VIOLATED)
fanout1746/X                             18     36    -18 (VIOLATED)
fanout1747/X                             18     36    -18 (VIOLATED)
fanout1748/X                             18     36    -18 (VIOLATED)
fanout1750/X                             18     36    -18 (VIOLATED)
fanout1751/X                             18     36    -18 (VIOLATED)
fanout1752/X                             18     36    -18 (VIOLATED)
fanout1755/X                             18     36    -18 (VIOLATED)
fanout1756/X                             18     36    -18 (VIOLATED)
fanout1757/X                             18     36    -18 (VIOLATED)
fanout1759/X                             18     36    -18 (VIOLATED)
fanout1761/X                             18     36    -18 (VIOLATED)
fanout1764/X                             18     36    -18 (VIOLATED)
fanout1765/X                             18     36    -18 (VIOLATED)
fanout1766/X                             18     36    -18 (VIOLATED)
fanout1768/X                             18     36    -18 (VIOLATED)
fanout1770/X                             18     36    -18 (VIOLATED)
fanout1773/X                             18     36    -18 (VIOLATED)
fanout1775/X                             18     36    -18 (VIOLATED)
fanout1776/X                             18     36    -18 (VIOLATED)
fanout1777/X                             18     36    -18 (VIOLATED)
fanout1778/X                             18     36    -18 (VIOLATED)
fanout1780/X                             18     36    -18 (VIOLATED)
fanout1782/X                             18     36    -18 (VIOLATED)
fanout1783/X                             18     36    -18 (VIOLATED)
fanout1791/X                             18     36    -18 (VIOLATED)
fanout1792/X                             18     36    -18 (VIOLATED)
fanout1794/X                             18     36    -18 (VIOLATED)
fanout1847/X                             18     36    -18 (VIOLATED)
fanout1849/X                             18     36    -18 (VIOLATED)
fanout1850/X                             18     36    -18 (VIOLATED)
fanout1852/X                             18     36    -18 (VIOLATED)
fanout1854/X                             18     36    -18 (VIOLATED)
fanout1856/X                             18     36    -18 (VIOLATED)
fanout1857/X                             18     36    -18 (VIOLATED)
fanout1858/X                             18     36    -18 (VIOLATED)
fanout1859/X                             18     36    -18 (VIOLATED)
fanout1860/X                             18     36    -18 (VIOLATED)
fanout1861/X                             18     36    -18 (VIOLATED)
fanout1862/X                             18     36    -18 (VIOLATED)
fanout1863/X                             18     36    -18 (VIOLATED)
fanout1864/X                             18     36    -18 (VIOLATED)
fanout1865/X                             18     36    -18 (VIOLATED)
fanout1866/X                             18     36    -18 (VIOLATED)
fanout1869/X                             18     36    -18 (VIOLATED)
fanout1871/X                             18     36    -18 (VIOLATED)
fanout1873/X                             18     36    -18 (VIOLATED)
fanout1874/X                             18     36    -18 (VIOLATED)
fanout1875/X                             18     36    -18 (VIOLATED)
fanout1877/X                             18     36    -18 (VIOLATED)
fanout1879/X                             18     36    -18 (VIOLATED)
fanout1880/X                             18     36    -18 (VIOLATED)
fanout1881/X                             18     36    -18 (VIOLATED)
fanout1883/X                             18     36    -18 (VIOLATED)
fanout1885/X                             18     36    -18 (VIOLATED)
fanout1888/X                             18     36    -18 (VIOLATED)
fanout1892/X                             18     36    -18 (VIOLATED)
fanout1894/X                             18     36    -18 (VIOLATED)
fanout1896/X                             18     36    -18 (VIOLATED)
fanout1897/X                             18     36    -18 (VIOLATED)
fanout1898/X                             18     36    -18 (VIOLATED)
fanout1899/X                             18     36    -18 (VIOLATED)
fanout1901/X                             18     36    -18 (VIOLATED)
fanout1903/X                             18     36    -18 (VIOLATED)
fanout1904/X                             18     36    -18 (VIOLATED)
fanout1905/X                             18     36    -18 (VIOLATED)
fanout1908/X                             18     36    -18 (VIOLATED)
fanout1910/X                             18     36    -18 (VIOLATED)
fanout1912/X                             18     36    -18 (VIOLATED)
fanout1914/X                             18     36    -18 (VIOLATED)
fanout1916/X                             18     36    -18 (VIOLATED)
fanout1918/X                             18     36    -18 (VIOLATED)
fanout1921/X                             18     36    -18 (VIOLATED)
fanout1924/X                             18     36    -18 (VIOLATED)
fanout1925/X                             18     36    -18 (VIOLATED)
fanout1927/X                             18     36    -18 (VIOLATED)
fanout1928/X                             18     36    -18 (VIOLATED)
fanout1929/X                             18     36    -18 (VIOLATED)
fanout1930/X                             18     36    -18 (VIOLATED)
fanout1932/X                             18     36    -18 (VIOLATED)
fanout1933/X                             18     36    -18 (VIOLATED)
fanout1934/X                             18     36    -18 (VIOLATED)
fanout1935/X                             18     36    -18 (VIOLATED)
fanout1938/X                             18     36    -18 (VIOLATED)
fanout1940/X                             18     36    -18 (VIOLATED)
fanout1941/X                             18     36    -18 (VIOLATED)
fanout1942/X                             18     36    -18 (VIOLATED)
fanout1943/X                             18     36    -18 (VIOLATED)
fanout1945/X                             18     36    -18 (VIOLATED)
fanout1946/X                             18     36    -18 (VIOLATED)
fanout1947/X                             18     36    -18 (VIOLATED)
fanout1948/X                             18     36    -18 (VIOLATED)
fanout1949/X                             18     36    -18 (VIOLATED)
fanout1950/X                             18     36    -18 (VIOLATED)
fanout1951/X                             18     36    -18 (VIOLATED)
fanout1953/X                             18     36    -18 (VIOLATED)
fanout1954/X                             18     36    -18 (VIOLATED)
fanout1955/X                             18     36    -18 (VIOLATED)
fanout1956/X                             18     36    -18 (VIOLATED)
fanout1957/X                             18     36    -18 (VIOLATED)
fanout1958/X                             18     36    -18 (VIOLATED)
fanout1960/X                             18     36    -18 (VIOLATED)
fanout1962/X                             18     36    -18 (VIOLATED)
fanout1964/X                             18     36    -18 (VIOLATED)
fanout1965/X                             18     36    -18 (VIOLATED)
fanout1967/X                             18     36    -18 (VIOLATED)
fanout1968/X                             18     36    -18 (VIOLATED)
fanout1969/X                             18     36    -18 (VIOLATED)
fanout1971/X                             18     36    -18 (VIOLATED)
fanout1972/X                             18     36    -18 (VIOLATED)
fanout1974/X                             18     36    -18 (VIOLATED)
fanout1975/X                             18     36    -18 (VIOLATED)
fanout1979/X                             18     36    -18 (VIOLATED)
fanout1982/X                             18     36    -18 (VIOLATED)
fanout1984/X                             18     36    -18 (VIOLATED)
fanout1988/X                             18     36    -18 (VIOLATED)
fanout1989/X                             18     36    -18 (VIOLATED)
fanout1990/X                             18     36    -18 (VIOLATED)
fanout1993/X                             18     36    -18 (VIOLATED)
fanout1996/X                             18     36    -18 (VIOLATED)
fanout2002/X                             18     36    -18 (VIOLATED)
fanout561/X                              18     36    -18 (VIOLATED)
fanout562/X                              18     36    -18 (VIOLATED)
fanout563/X                              18     36    -18 (VIOLATED)
fanout564/X                              18     36    -18 (VIOLATED)
fanout566/X                              18     36    -18 (VIOLATED)
fanout568/X                              18     36    -18 (VIOLATED)
fanout573/X                              18     36    -18 (VIOLATED)
fanout574/X                              18     36    -18 (VIOLATED)
fanout575/X                              18     36    -18 (VIOLATED)
fanout577/X                              18     36    -18 (VIOLATED)
fanout579/X                              18     36    -18 (VIOLATED)
fanout581/X                              18     36    -18 (VIOLATED)
fanout582/X                              18     36    -18 (VIOLATED)
fanout583/X                              18     36    -18 (VIOLATED)
fanout585/X                              18     36    -18 (VIOLATED)
fanout586/X                              18     36    -18 (VIOLATED)
fanout587/X                              18     36    -18 (VIOLATED)
fanout590/X                              18     36    -18 (VIOLATED)
fanout592/X                              18     36    -18 (VIOLATED)
fanout593/X                              18     36    -18 (VIOLATED)
fanout595/X                              18     36    -18 (VIOLATED)
fanout597/X                              18     36    -18 (VIOLATED)
fanout599/X                              18     36    -18 (VIOLATED)
fanout601/X                              18     36    -18 (VIOLATED)
fanout602/X                              18     36    -18 (VIOLATED)
fanout605/X                              18     36    -18 (VIOLATED)
fanout607/X                              18     36    -18 (VIOLATED)
fanout609/X                              18     36    -18 (VIOLATED)
fanout612/X                              18     36    -18 (VIOLATED)
fanout613/X                              18     36    -18 (VIOLATED)
fanout614/X                              18     36    -18 (VIOLATED)
fanout615/X                              18     36    -18 (VIOLATED)
fanout617/X                              18     36    -18 (VIOLATED)
fanout619/X                              18     36    -18 (VIOLATED)
fanout620/X                              18     36    -18 (VIOLATED)
fanout623/X                              18     36    -18 (VIOLATED)
fanout625/X                              18     36    -18 (VIOLATED)
fanout627/X                              18     36    -18 (VIOLATED)
fanout629/X                              18     36    -18 (VIOLATED)
fanout631/X                              18     36    -18 (VIOLATED)
fanout633/X                              18     36    -18 (VIOLATED)
fanout635/X                              18     36    -18 (VIOLATED)
fanout637/X                              18     36    -18 (VIOLATED)
fanout638/X                              18     36    -18 (VIOLATED)
fanout639/X                              18     36    -18 (VIOLATED)
fanout641/X                              18     36    -18 (VIOLATED)
fanout648/X                              18     36    -18 (VIOLATED)
fanout650/X                              18     36    -18 (VIOLATED)
fanout651/X                              18     36    -18 (VIOLATED)
fanout652/X                              18     36    -18 (VIOLATED)
fanout654/X                              18     36    -18 (VIOLATED)
fanout655/X                              18     36    -18 (VIOLATED)
fanout656/X                              18     36    -18 (VIOLATED)
fanout659/X                              18     36    -18 (VIOLATED)
fanout661/X                              18     36    -18 (VIOLATED)
fanout662/X                              18     36    -18 (VIOLATED)
fanout664/X                              18     36    -18 (VIOLATED)
fanout666/X                              18     36    -18 (VIOLATED)
fanout668/X                              18     36    -18 (VIOLATED)
fanout670/X                              18     36    -18 (VIOLATED)
fanout671/X                              18     36    -18 (VIOLATED)
fanout674/X                              18     36    -18 (VIOLATED)
fanout676/X                              18     36    -18 (VIOLATED)
fanout678/X                              18     36    -18 (VIOLATED)
fanout681/X                              18     36    -18 (VIOLATED)
fanout682/X                              18     36    -18 (VIOLATED)
fanout683/X                              18     36    -18 (VIOLATED)
fanout684/X                              18     36    -18 (VIOLATED)
fanout686/X                              18     36    -18 (VIOLATED)
fanout688/X                              18     36    -18 (VIOLATED)
fanout689/X                              18     36    -18 (VIOLATED)
fanout692/X                              18     36    -18 (VIOLATED)
fanout694/X                              18     36    -18 (VIOLATED)
fanout696/X                              18     36    -18 (VIOLATED)
fanout698/X                              18     36    -18 (VIOLATED)
fanout700/X                              18     36    -18 (VIOLATED)
fanout702/X                              18     36    -18 (VIOLATED)
fanout704/X                              18     36    -18 (VIOLATED)
fanout706/X                              18     36    -18 (VIOLATED)
fanout708/X                              18     36    -18 (VIOLATED)
fanout710/X                              18     36    -18 (VIOLATED)
fanout720/X                              18     36    -18 (VIOLATED)
fanout723/X                              18     36    -18 (VIOLATED)
fanout725/X                              18     36    -18 (VIOLATED)
fanout727/X                              18     36    -18 (VIOLATED)
fanout731/X                              18     36    -18 (VIOLATED)
fanout732/X                              18     36    -18 (VIOLATED)
fanout733/X                              18     36    -18 (VIOLATED)
fanout735/X                              18     36    -18 (VIOLATED)
fanout738/X                              18     36    -18 (VIOLATED)
fanout741/X                              18     36    -18 (VIOLATED)
fanout743/X                              18     36    -18 (VIOLATED)
fanout748/X                              18     36    -18 (VIOLATED)
fanout749/X                              18     36    -18 (VIOLATED)
fanout751/X                              18     36    -18 (VIOLATED)
fanout752/X                              18     36    -18 (VIOLATED)
fanout755/X                              18     36    -18 (VIOLATED)
fanout756/X                              18     36    -18 (VIOLATED)
fanout759/X                              18     36    -18 (VIOLATED)
fanout762/X                              18     36    -18 (VIOLATED)
fanout765/X                              18     36    -18 (VIOLATED)
fanout766/X                              18     36    -18 (VIOLATED)
fanout767/X                              18     36    -18 (VIOLATED)
fanout769/X                              18     36    -18 (VIOLATED)
fanout770/X                              18     36    -18 (VIOLATED)
fanout771/X                              18     36    -18 (VIOLATED)
fanout776/X                              18     36    -18 (VIOLATED)
fanout779/X                              18     36    -18 (VIOLATED)
fanout781/X                              18     36    -18 (VIOLATED)
fanout784/X                              18     36    -18 (VIOLATED)
fanout787/X                              18     36    -18 (VIOLATED)
fanout790/X                              18     36    -18 (VIOLATED)
fanout791/X                              18     36    -18 (VIOLATED)
fanout793/X                              18     36    -18 (VIOLATED)
fanout794/X                              18     36    -18 (VIOLATED)
fanout795/X                              18     36    -18 (VIOLATED)
fanout796/X                              18     36    -18 (VIOLATED)
fanout797/X                              18     36    -18 (VIOLATED)
fanout798/X                              18     36    -18 (VIOLATED)
fanout799/X                              18     36    -18 (VIOLATED)
fanout800/X                              18     36    -18 (VIOLATED)
fanout801/X                              18     36    -18 (VIOLATED)
fanout803/X                              18     36    -18 (VIOLATED)
fanout808/X                              18     36    -18 (VIOLATED)
fanout810/X                              18     36    -18 (VIOLATED)
fanout811/X                              18     36    -18 (VIOLATED)
fanout813/X                              18     36    -18 (VIOLATED)
fanout815/X                              18     36    -18 (VIOLATED)
fanout816/X                              18     36    -18 (VIOLATED)
fanout817/X                              18     36    -18 (VIOLATED)
fanout819/X                              18     36    -18 (VIOLATED)
fanout821/X                              18     36    -18 (VIOLATED)
fanout823/X                              18     36    -18 (VIOLATED)
fanout824/X                              18     36    -18 (VIOLATED)
fanout825/X                              18     36    -18 (VIOLATED)
fanout827/X                              18     36    -18 (VIOLATED)
fanout829/X                              18     36    -18 (VIOLATED)
fanout831/X                              18     36    -18 (VIOLATED)
fanout833/X                              18     36    -18 (VIOLATED)
fanout835/X                              18     36    -18 (VIOLATED)
fanout841/X                              18     36    -18 (VIOLATED)
fanout843/X                              18     36    -18 (VIOLATED)
fanout844/X                              18     36    -18 (VIOLATED)
fanout845/X                              18     36    -18 (VIOLATED)
fanout847/X                              18     36    -18 (VIOLATED)
fanout848/X                              18     36    -18 (VIOLATED)
fanout849/X                              18     36    -18 (VIOLATED)
fanout850/X                              18     36    -18 (VIOLATED)
fanout852/X                              18     36    -18 (VIOLATED)
fanout853/X                              18     36    -18 (VIOLATED)
fanout855/X                              18     36    -18 (VIOLATED)
fanout858/X                              18     36    -18 (VIOLATED)
fanout859/X                              18     36    -18 (VIOLATED)
fanout861/X                              18     36    -18 (VIOLATED)
fanout863/X                              18     36    -18 (VIOLATED)
fanout864/X                              18     36    -18 (VIOLATED)
fanout866/X                              18     36    -18 (VIOLATED)
fanout867/X                              18     36    -18 (VIOLATED)
fanout871/X                              18     36    -18 (VIOLATED)
fanout872/X                              18     36    -18 (VIOLATED)
fanout873/X                              18     36    -18 (VIOLATED)
fanout874/X                              18     36    -18 (VIOLATED)
fanout875/X                              18     36    -18 (VIOLATED)
fanout876/X                              18     36    -18 (VIOLATED)
fanout877/X                              18     36    -18 (VIOLATED)
fanout878/X                              18     36    -18 (VIOLATED)
fanout879/X                              18     36    -18 (VIOLATED)
fanout882/X                              18     36    -18 (VIOLATED)
fanout885/X                              18     36    -18 (VIOLATED)
fanout886/X                              18     36    -18 (VIOLATED)
fanout888/X                              18     36    -18 (VIOLATED)
fanout890/X                              18     36    -18 (VIOLATED)
fanout891/X                              18     36    -18 (VIOLATED)
fanout892/X                              18     36    -18 (VIOLATED)
fanout893/X                              18     36    -18 (VIOLATED)
fanout895/X                              18     36    -18 (VIOLATED)
fanout897/X                              18     36    -18 (VIOLATED)
fanout898/X                              18     36    -18 (VIOLATED)
fanout899/X                              18     36    -18 (VIOLATED)
fanout901/X                              18     36    -18 (VIOLATED)
fanout903/X                              18     36    -18 (VIOLATED)
fanout904/X                              18     36    -18 (VIOLATED)
fanout906/X                              18     36    -18 (VIOLATED)
fanout907/X                              18     36    -18 (VIOLATED)
fanout909/X                              18     36    -18 (VIOLATED)
fanout912/X                              18     36    -18 (VIOLATED)
fanout914/X                              18     36    -18 (VIOLATED)
fanout915/X                              18     36    -18 (VIOLATED)
fanout918/X                              18     36    -18 (VIOLATED)
fanout919/X                              18     36    -18 (VIOLATED)
fanout921/X                              18     36    -18 (VIOLATED)
fanout922/X                              18     36    -18 (VIOLATED)
fanout923/X                              18     36    -18 (VIOLATED)
fanout925/X                              18     36    -18 (VIOLATED)
fanout927/X                              18     36    -18 (VIOLATED)
fanout928/X                              18     36    -18 (VIOLATED)
fanout929/X                              18     36    -18 (VIOLATED)
fanout932/X                              18     36    -18 (VIOLATED)
fanout934/X                              18     36    -18 (VIOLATED)
fanout935/X                              18     36    -18 (VIOLATED)
fanout937/X                              18     36    -18 (VIOLATED)
fanout940/X                              18     36    -18 (VIOLATED)
fanout942/X                              18     36    -18 (VIOLATED)
fanout944/X                              18     36    -18 (VIOLATED)
fanout947/X                              18     36    -18 (VIOLATED)
fanout948/X                              18     36    -18 (VIOLATED)
fanout949/X                              18     36    -18 (VIOLATED)
fanout952/X                              18     36    -18 (VIOLATED)
fanout953/X                              18     36    -18 (VIOLATED)
fanout954/X                              18     36    -18 (VIOLATED)
fanout955/X                              18     36    -18 (VIOLATED)
fanout956/X                              18     36    -18 (VIOLATED)
fanout957/X                              18     36    -18 (VIOLATED)
fanout958/X                              18     36    -18 (VIOLATED)
fanout959/X                              18     36    -18 (VIOLATED)
fanout960/X                              18     36    -18 (VIOLATED)
fanout967/X                              18     36    -18 (VIOLATED)
fanout968/X                              18     36    -18 (VIOLATED)
fanout969/X                              18     36    -18 (VIOLATED)
fanout972/X                              18     36    -18 (VIOLATED)
fanout974/X                              18     36    -18 (VIOLATED)
fanout975/X                              18     36    -18 (VIOLATED)
fanout978/X                              18     36    -18 (VIOLATED)
fanout979/X                              18     36    -18 (VIOLATED)
fanout981/X                              18     36    -18 (VIOLATED)
fanout983/X                              18     36    -18 (VIOLATED)
fanout986/X                              18     36    -18 (VIOLATED)
fanout987/X                              18     36    -18 (VIOLATED)
fanout988/X                              18     36    -18 (VIOLATED)
fanout989/X                              18     36    -18 (VIOLATED)
fanout990/X                              18     36    -18 (VIOLATED)
fanout993/X                              18     36    -18 (VIOLATED)
fanout995/X                              18     36    -18 (VIOLATED)
fanout996/X                              18     36    -18 (VIOLATED)
fanout998/X                              18     36    -18 (VIOLATED)
wire2198/X                               18     36    -18 (VIOLATED)
_23629_/X                                18     35    -17 (VIOLATED)
_23630_/X                                18     35    -17 (VIOLATED)
_23868_/X                                18     35    -17 (VIOLATED)
mgmt_buffers.mprj_logic_high_inst/HI[200]     18     35    -17 (VIOLATED)
_22190_/Y                                18     34    -16 (VIOLATED)
_23921_/X                                18     34    -16 (VIOLATED)
_24698_/X                                18     34    -16 (VIOLATED)
_25318_/X                                18     34    -16 (VIOLATED)
_25791_/Y                                18     34    -16 (VIOLATED)
_26885_/Y                                18     34    -16 (VIOLATED)
_36442_/Q                                18     34    -16 (VIOLATED)
_37765_/Q                                18     34    -16 (VIOLATED)
_37767_/Q                                18     34    -16 (VIOLATED)
_37768_/Q                                18     34    -16 (VIOLATED)
_37770_/Q                                18     34    -16 (VIOLATED)
_37779_/Q                                18     34    -16 (VIOLATED)
_37781_/Q                                18     34    -16 (VIOLATED)
fanout1202/X                             18     34    -16 (VIOLATED)
fanout1246/X                             18     34    -16 (VIOLATED)
fanout1316/X                             18     34    -16 (VIOLATED)
fanout1366/X                             18     34    -16 (VIOLATED)
fanout1371/X                             18     34    -16 (VIOLATED)
fanout1375/X                             18     34    -16 (VIOLATED)
fanout1408/X                             18     34    -16 (VIOLATED)
fanout1418/X                             18     34    -16 (VIOLATED)
fanout1420/X                             18     34    -16 (VIOLATED)
fanout1422/X                             18     34    -16 (VIOLATED)
fanout1430/X                             18     34    -16 (VIOLATED)
fanout1455/X                             18     34    -16 (VIOLATED)
fanout1667/X                             18     34    -16 (VIOLATED)
fanout1715/X                             18     34    -16 (VIOLATED)
fanout1724/X                             18     34    -16 (VIOLATED)
fanout1851/X                             18     34    -16 (VIOLATED)
fanout1853/X                             18     34    -16 (VIOLATED)
fanout1926/X                             18     34    -16 (VIOLATED)
fanout1944/X                             18     34    -16 (VIOLATED)
fanout1959/X                             18     34    -16 (VIOLATED)
fanout1963/X                             18     34    -16 (VIOLATED)
fanout603/X                              18     34    -16 (VIOLATED)
fanout726/X                              18     34    -16 (VIOLATED)
fanout745/X                              18     34    -16 (VIOLATED)
fanout768/X                              18     34    -16 (VIOLATED)
fanout775/X                              18     34    -16 (VIOLATED)
fanout809/X                              18     34    -16 (VIOLATED)
fanout857/X                              18     34    -16 (VIOLATED)
fanout977/X                              18     34    -16 (VIOLATED)
_16426_/X                                18     33    -15 (VIOLATED)
mgmt_buffers.mprj_logic_high_inst/HI[189]     18     33    -15 (VIOLATED)
_19570_/X                                18     32    -14 (VIOLATED)
_21413_/X                                18     32    -14 (VIOLATED)
_21433_/X                                18     32    -14 (VIOLATED)
_21445_/X                                18     32    -14 (VIOLATED)
_21669_/X                                18     32    -14 (VIOLATED)
_25453_/X                                18     32    -14 (VIOLATED)
_25589_/X                                18     32    -14 (VIOLATED)
_26626_/X                                18     32    -14 (VIOLATED)
_26645_/X                                18     32    -14 (VIOLATED)
_27402_/X                                18     32    -14 (VIOLATED)
_27489_/X                                18     32    -14 (VIOLATED)
_28840_/X                                18     32    -14 (VIOLATED)
_36054_/Q                                18     32    -14 (VIOLATED)
_36269_/Q                                18     32    -14 (VIOLATED)
_36444_/Q                                18     32    -14 (VIOLATED)
_36450_/Q                                18     32    -14 (VIOLATED)
_37771_/Q                                18     32    -14 (VIOLATED)
_37785_/Q                                18     32    -14 (VIOLATED)
clkbuf_7_27__f_mgmt_buffers.caravel_clk/X     18     32    -14 (VIOLATED)
fanout1015/X                             18     32    -14 (VIOLATED)
fanout1023/X                             18     32    -14 (VIOLATED)
fanout1097/X                             18     32    -14 (VIOLATED)
fanout1113/X                             18     32    -14 (VIOLATED)
fanout1146/X                             18     32    -14 (VIOLATED)
fanout1205/X                             18     32    -14 (VIOLATED)
fanout1219/X                             18     32    -14 (VIOLATED)
fanout1256/X                             18     32    -14 (VIOLATED)
fanout1340/X                             18     32    -14 (VIOLATED)
fanout1360/X                             18     32    -14 (VIOLATED)
fanout1368/X                             18     32    -14 (VIOLATED)
fanout1447/X                             18     32    -14 (VIOLATED)
fanout1779/X                             18     32    -14 (VIOLATED)
fanout1870/X                             18     32    -14 (VIOLATED)
fanout1876/X                             18     32    -14 (VIOLATED)
fanout1893/X                             18     32    -14 (VIOLATED)
fanout1895/X                             18     32    -14 (VIOLATED)
fanout2003/X                             18     32    -14 (VIOLATED)
fanout606/X                              18     32    -14 (VIOLATED)
fanout675/X                              18     32    -14 (VIOLATED)
fanout719/X                              18     32    -14 (VIOLATED)
fanout721/X                              18     32    -14 (VIOLATED)
fanout729/X                              18     32    -14 (VIOLATED)
fanout737/X                              18     32    -14 (VIOLATED)
fanout761/X                              18     32    -14 (VIOLATED)
fanout828/X                              18     32    -14 (VIOLATED)
fanout834/X                              18     32    -14 (VIOLATED)
fanout856/X                              18     32    -14 (VIOLATED)
fanout884/X                              18     32    -14 (VIOLATED)
fanout971/X                              18     32    -14 (VIOLATED)
hold1211/X                               18     32    -14 (VIOLATED)
hold1383/X                               18     32    -14 (VIOLATED)
hold1428/X                               18     32    -14 (VIOLATED)
hold1476/X                               18     32    -14 (VIOLATED)
max_length1354/X                         18     32    -14 (VIOLATED)
wire1155/X                               18     32    -14 (VIOLATED)
_16419_/X                                18     31    -13 (VIOLATED)
fanout1323/X                             18     31    -13 (VIOLATED)
wire1264/X                               18     31    -13 (VIOLATED)
_25385_/X                                18     30    -12 (VIOLATED)
_26632_/X                                18     30    -12 (VIOLATED)
_26882_/Y                                18     30    -12 (VIOLATED)
_28326_/Y                                18     30    -12 (VIOLATED)
_36106_/Q                                18     30    -12 (VIOLATED)
_36122_/Q                                18     30    -12 (VIOLATED)
_36158_/Q                                18     30    -12 (VIOLATED)
_36443_/Q                                18     30    -12 (VIOLATED)
_37554_/Q                                18     30    -12 (VIOLATED)
_37896_/Q                                18     30    -12 (VIOLATED)
fanout1062/X                             18     30    -12 (VIOLATED)
fanout1064/X                             18     30    -12 (VIOLATED)
fanout1117/X                             18     30    -12 (VIOLATED)
fanout1171/X                             18     30    -12 (VIOLATED)
fanout1213/X                             18     30    -12 (VIOLATED)
fanout1217/X                             18     30    -12 (VIOLATED)
fanout1221/X                             18     30    -12 (VIOLATED)
fanout1248/X                             18     30    -12 (VIOLATED)
fanout1287/X                             18     30    -12 (VIOLATED)
fanout1289/X                             18     30    -12 (VIOLATED)
fanout1295/X                             18     30    -12 (VIOLATED)
fanout1297/X                             18     30    -12 (VIOLATED)
fanout1321/X                             18     30    -12 (VIOLATED)
fanout1325/X                             18     30    -12 (VIOLATED)
fanout1327/X                             18     30    -12 (VIOLATED)
fanout1329/X                             18     30    -12 (VIOLATED)
fanout1331/X                             18     30    -12 (VIOLATED)
fanout1333/X                             18     30    -12 (VIOLATED)
fanout1349/X                             18     30    -12 (VIOLATED)
fanout1363/X                             18     30    -12 (VIOLATED)
fanout1377/X                             18     30    -12 (VIOLATED)
fanout1387/X                             18     30    -12 (VIOLATED)
fanout1389/X                             18     30    -12 (VIOLATED)
fanout1395/X                             18     30    -12 (VIOLATED)
fanout1399/X                             18     30    -12 (VIOLATED)
fanout1403/X                             18     30    -12 (VIOLATED)
fanout1405/X                             18     30    -12 (VIOLATED)
fanout1410/X                             18     30    -12 (VIOLATED)
fanout1412/X                             18     30    -12 (VIOLATED)
fanout1416/X                             18     30    -12 (VIOLATED)
fanout1424/X                             18     30    -12 (VIOLATED)
fanout1432/X                             18     30    -12 (VIOLATED)
fanout1442/X                             18     30    -12 (VIOLATED)
fanout1672/X                             18     30    -12 (VIOLATED)
fanout1678/X                             18     30    -12 (VIOLATED)
fanout1696/X                             18     30    -12 (VIOLATED)
fanout1699/X                             18     30    -12 (VIOLATED)
fanout1705/X                             18     30    -12 (VIOLATED)
fanout1722/X                             18     30    -12 (VIOLATED)
fanout1734/X                             18     30    -12 (VIOLATED)
fanout1763/X                             18     30    -12 (VIOLATED)
fanout1767/X                             18     30    -12 (VIOLATED)
fanout1769/X                             18     30    -12 (VIOLATED)
fanout1781/X                             18     30    -12 (VIOLATED)
fanout1855/X                             18     30    -12 (VIOLATED)
fanout1867/X                             18     30    -12 (VIOLATED)
fanout1872/X                             18     30    -12 (VIOLATED)
fanout1886/X                             18     30    -12 (VIOLATED)
fanout1911/X                             18     30    -12 (VIOLATED)
fanout1913/X                             18     30    -12 (VIOLATED)
fanout1915/X                             18     30    -12 (VIOLATED)
fanout1981/X                             18     30    -12 (VIOLATED)
fanout1994/X                             18     30    -12 (VIOLATED)
fanout580/X                              18     30    -12 (VIOLATED)
fanout658/X                              18     30    -12 (VIOLATED)
fanout672/X                              18     30    -12 (VIOLATED)
fanout713/X                              18     30    -12 (VIOLATED)
fanout724/X                              18     30    -12 (VIOLATED)
fanout780/X                              18     30    -12 (VIOLATED)
fanout782/X                              18     30    -12 (VIOLATED)
fanout836/X                              18     30    -12 (VIOLATED)
fanout862/X                              18     30    -12 (VIOLATED)
fanout887/X                              18     30    -12 (VIOLATED)
gpio_control_bidir_1[0].BUF[2]/X         18     30    -12 (VIOLATED)
gpio_control_bidir_1[1].BUF[2]/X         18     30    -12 (VIOLATED)
gpio_control_bidir_2[0].BUF[2]/X         18     30    -12 (VIOLATED)
gpio_control_bidir_2[1].BUF[2]/X         18     30    -12 (VIOLATED)
gpio_control_bidir_2[2].BUF[2]/X         18     30    -12 (VIOLATED)
gpio_control_in_1[0].BUF[2]/X            18     30    -12 (VIOLATED)
gpio_control_in_1[1].BUF[2]/X            18     30    -12 (VIOLATED)
gpio_control_in_1[2].BUF[2]/X            18     30    -12 (VIOLATED)
gpio_control_in_1[3].BUF[2]/X            18     30    -12 (VIOLATED)
gpio_control_in_1[4].BUF[2]/X            18     30    -12 (VIOLATED)
gpio_control_in_1[5].BUF[2]/X            18     30    -12 (VIOLATED)
gpio_control_in_1[6].BUF[2]/X            18     30    -12 (VIOLATED)
gpio_control_in_1[7].BUF[2]/X            18     30    -12 (VIOLATED)
gpio_control_in_1[8].BUF[2]/X            18     30    -12 (VIOLATED)
gpio_control_in_1a[0].BUF[2]/X           18     30    -12 (VIOLATED)
gpio_control_in_1a[1].BUF[2]/X           18     30    -12 (VIOLATED)
gpio_control_in_1a[2].BUF[2]/X           18     30    -12 (VIOLATED)
gpio_control_in_1a[3].BUF[2]/X           18     30    -12 (VIOLATED)
gpio_control_in_1a[4].BUF[2]/X           18     30    -12 (VIOLATED)
gpio_control_in_1a[5].BUF[2]/X           18     30    -12 (VIOLATED)
gpio_control_in_2[10].BUF[2]/X           18     30    -12 (VIOLATED)
gpio_control_in_2[11].BUF[2]/X           18     30    -12 (VIOLATED)
gpio_control_in_2[12].BUF[2]/X           18     30    -12 (VIOLATED)
max_length1212/X                         18     30    -12 (VIOLATED)
max_length1270/X                         18     30    -12 (VIOLATED)
max_length1278/X                         18     30    -12 (VIOLATED)
max_length1356/X                         18     30    -12 (VIOLATED)
wire1156/X                               18     30    -12 (VIOLATED)
_20900_/Y                                18     29    -11 (VIOLATED)
_20908_/Y                                18     29    -11 (VIOLATED)
_23743_/X                                18     29    -11 (VIOLATED)
_23752_/X                                18     29    -11 (VIOLATED)
_23875_/X                                18     29    -11 (VIOLATED)
_23877_/X                                18     29    -11 (VIOLATED)
_23911_/X                                18     29    -11 (VIOLATED)
_23926_/X                                18     29    -11 (VIOLATED)
clkbuf_7_28__f_mgmt_buffers.caravel_clk/X     18     29    -11 (VIOLATED)
max_length1153/X                         18     29    -11 (VIOLATED)
_21103_/Y                                18     28    -10 (VIOLATED)
_21656_/Y                                18     28    -10 (VIOLATED)
_24194_/X                                18     28    -10 (VIOLATED)
_26638_/X                                18     28    -10 (VIOLATED)
_36123_/Q                                18     28    -10 (VIOLATED)
_36938_/Q                                18     28    -10 (VIOLATED)
_37769_/Q                                18     28    -10 (VIOLATED)
_37825_/Q                                18     28    -10 (VIOLATED)
fanout1010/X                             18     28    -10 (VIOLATED)
fanout1048/X                             18     28    -10 (VIOLATED)
fanout1056/X                             18     28    -10 (VIOLATED)
fanout1058/X                             18     28    -10 (VIOLATED)
fanout1071/X                             18     28    -10 (VIOLATED)
fanout1084/X                             18     28    -10 (VIOLATED)
fanout1101/X                             18     28    -10 (VIOLATED)
fanout1115/X                             18     28    -10 (VIOLATED)
fanout1193/X                             18     28    -10 (VIOLATED)
fanout1243/X                             18     28    -10 (VIOLATED)
fanout1379/X                             18     28    -10 (VIOLATED)
fanout1381/X                             18     28    -10 (VIOLATED)
fanout1383/X                             18     28    -10 (VIOLATED)
fanout1385/X                             18     28    -10 (VIOLATED)
fanout1391/X                             18     28    -10 (VIOLATED)
fanout1393/X                             18     28    -10 (VIOLATED)
fanout1397/X                             18     28    -10 (VIOLATED)
fanout1401/X                             18     28    -10 (VIOLATED)
fanout1414/X                             18     28    -10 (VIOLATED)
fanout1435/X                             18     28    -10 (VIOLATED)
fanout1665/X                             18     28    -10 (VIOLATED)
fanout1701/X                             18     28    -10 (VIOLATED)
fanout1760/X                             18     28    -10 (VIOLATED)
fanout1774/X                             18     28    -10 (VIOLATED)
fanout1917/X                             18     28    -10 (VIOLATED)
fanout1920/X                             18     28    -10 (VIOLATED)
fanout1939/X                             18     28    -10 (VIOLATED)
fanout1952/X                             18     28    -10 (VIOLATED)
fanout1966/X                             18     28    -10 (VIOLATED)
fanout1973/X                             18     28    -10 (VIOLATED)
fanout1980/X                             18     28    -10 (VIOLATED)
fanout2004/X                             18     28    -10 (VIOLATED)
fanout571/X                              18     28    -10 (VIOLATED)
fanout576/X                              18     28    -10 (VIOLATED)
fanout588/X                              18     28    -10 (VIOLATED)
fanout589/X                              18     28    -10 (VIOLATED)
fanout616/X                              18     28    -10 (VIOLATED)
fanout632/X                              18     28    -10 (VIOLATED)
fanout642/X                              18     28    -10 (VIOLATED)
fanout644/X                              18     28    -10 (VIOLATED)
fanout685/X                              18     28    -10 (VIOLATED)
fanout703/X                              18     28    -10 (VIOLATED)
fanout705/X                              18     28    -10 (VIOLATED)
fanout711/X                              18     28    -10 (VIOLATED)
fanout789/X                              18     28    -10 (VIOLATED)
fanout792/X                              18     28    -10 (VIOLATED)
fanout804/X                              18     28    -10 (VIOLATED)
fanout806/X                              18     28    -10 (VIOLATED)
fanout820/X                              18     28    -10 (VIOLATED)
fanout826/X                              18     28    -10 (VIOLATED)
fanout832/X                              18     28    -10 (VIOLATED)
fanout880/X                              18     28    -10 (VIOLATED)
fanout889/X                              18     28    -10 (VIOLATED)
fanout902/X                              18     28    -10 (VIOLATED)
fanout913/X                              18     28    -10 (VIOLATED)
fanout920/X                              18     28    -10 (VIOLATED)
fanout943/X                              18     28    -10 (VIOLATED)
fanout970/X                              18     28    -10 (VIOLATED)
fanout976/X                              18     28    -10 (VIOLATED)
gpio_control_bidir_1[0].BUF[0]/X         18     28    -10 (VIOLATED)
gpio_control_bidir_1[1].BUF[0]/X         18     28    -10 (VIOLATED)
gpio_control_bidir_2[0].BUF[0]/X         18     28    -10 (VIOLATED)
gpio_control_bidir_2[1].BUF[0]/X         18     28    -10 (VIOLATED)
gpio_control_in_1[0].BUF[0]/X            18     28    -10 (VIOLATED)
gpio_control_in_1[1].BUF[0]/X            18     28    -10 (VIOLATED)
gpio_control_in_1[2].BUF[0]/X            18     28    -10 (VIOLATED)
gpio_control_in_1[3].BUF[0]/X            18     28    -10 (VIOLATED)
gpio_control_in_1[4].BUF[0]/X            18     28    -10 (VIOLATED)
gpio_control_in_1[5].BUF[0]/X            18     28    -10 (VIOLATED)
gpio_control_in_1[6].BUF[0]/X            18     28    -10 (VIOLATED)
gpio_control_in_1[7].BUF[0]/X            18     28    -10 (VIOLATED)
gpio_control_in_1[8].BUF[0]/X            18     28    -10 (VIOLATED)
gpio_control_in_1[9].BUF[0]/X            18     28    -10 (VIOLATED)
gpio_control_in_1[9].BUF[2]/X            18     28    -10 (VIOLATED)
gpio_control_in_1a[0].BUF[0]/X           18     28    -10 (VIOLATED)
gpio_control_in_1a[1].BUF[0]/X           18     28    -10 (VIOLATED)
gpio_control_in_1a[2].BUF[0]/X           18     28    -10 (VIOLATED)
gpio_control_in_1a[3].BUF[0]/X           18     28    -10 (VIOLATED)
gpio_control_in_1a[4].BUF[0]/X           18     28    -10 (VIOLATED)
gpio_control_in_1a[5].BUF[0]/X           18     28    -10 (VIOLATED)
gpio_control_in_2[10].BUF[0]/X           18     28    -10 (VIOLATED)
gpio_control_in_2[11].BUF[0]/X           18     28    -10 (VIOLATED)
gpio_control_in_2[1].BUF[0]/X            18     28    -10 (VIOLATED)
gpio_control_in_2[1].BUF[2]/X            18     28    -10 (VIOLATED)
hold6637/X                               18     28    -10 (VIOLATED)
max_length1279/X                         18     28    -10 (VIOLATED)
wire1263/X                               18     28    -10 (VIOLATED)
wire1266/X                               18     28    -10 (VIOLATED)
wire1267/X                               18     28    -10 (VIOLATED)
wire1268/X                               18     28    -10 (VIOLATED)
wire1273/X                               18     28    -10 (VIOLATED)
wire1275/X                               18     28    -10 (VIOLATED)
wire1281/X                               18     28    -10 (VIOLATED)
mgmt_buffers.mprj_logic_high_inst/HI[191]     18     27     -9 (VIOLATED)
wire1265/X                               18     27     -9 (VIOLATED)
_16482_/X                                18     26     -8 (VIOLATED)
_21661_/X                                18     26     -8 (VIOLATED)
_22217_/X                                18     26     -8 (VIOLATED)
_22362_/Y                                18     26     -8 (VIOLATED)
_23621_/X                                18     26     -8 (VIOLATED)
_23622_/X                                18     26     -8 (VIOLATED)
_23623_/X                                18     26     -8 (VIOLATED)
_23626_/X                                18     26     -8 (VIOLATED)
_23737_/X                                18     26     -8 (VIOLATED)
_23739_/X                                18     26     -8 (VIOLATED)
_23742_/X                                18     26     -8 (VIOLATED)
_23745_/X                                18     26     -8 (VIOLATED)
_23751_/X                                18     26     -8 (VIOLATED)
_23770_/X                                18     26     -8 (VIOLATED)
_23865_/X                                18     26     -8 (VIOLATED)
_23867_/X                                18     26     -8 (VIOLATED)
_23870_/X                                18     26     -8 (VIOLATED)
_23871_/X                                18     26     -8 (VIOLATED)
_23874_/X                                18     26     -8 (VIOLATED)
_23913_/X                                18     26     -8 (VIOLATED)
_23915_/X                                18     26     -8 (VIOLATED)
_24391_/X                                18     26     -8 (VIOLATED)
_25521_/X                                18     26     -8 (VIOLATED)
_25588_/X                                18     26     -8 (VIOLATED)
_36984_/Q                                18     26     -8 (VIOLATED)
_37766_/Q                                18     26     -8 (VIOLATED)
_37773_/Q                                18     26     -8 (VIOLATED)
clkbuf_7_102__f_mgmt_buffers.caravel_clk/X     18     26     -8 (VIOLATED)
clkbuf_7_121__f_mgmt_buffers.caravel_clk/X     18     26     -8 (VIOLATED)
clkbuf_7_21__f_mgmt_buffers.caravel_clk/X     18     26     -8 (VIOLATED)
clkbuf_7_24__f_mgmt_buffers.caravel_clk/X     18     26     -8 (VIOLATED)
clkbuf_7_30__f_mgmt_buffers.caravel_clk/X     18     26     -8 (VIOLATED)
fanout1025/X                             18     26     -8 (VIOLATED)
fanout1045/X                             18     26     -8 (VIOLATED)
fanout1054/X                             18     26     -8 (VIOLATED)
fanout1081/X                             18     26     -8 (VIOLATED)
fanout1082/X                             18     26     -8 (VIOLATED)
fanout1107/X                             18     26     -8 (VIOLATED)
fanout1211/X                             18     26     -8 (VIOLATED)
fanout1215/X                             18     26     -8 (VIOLATED)
fanout1317/X                             18     26     -8 (VIOLATED)
fanout1708/X                             18     26     -8 (VIOLATED)
fanout1714/X                             18     26     -8 (VIOLATED)
fanout1745/X                             18     26     -8 (VIOLATED)
fanout1749/X                             18     26     -8 (VIOLATED)
fanout1772/X                             18     26     -8 (VIOLATED)
fanout1923/X                             18     26     -8 (VIOLATED)
fanout1986/X                             18     26     -8 (VIOLATED)
fanout1987/X                             18     26     -8 (VIOLATED)
fanout569/X                              18     26     -8 (VIOLATED)
fanout608/X                              18     26     -8 (VIOLATED)
fanout634/X                              18     26     -8 (VIOLATED)
fanout636/X                              18     26     -8 (VIOLATED)
fanout640/X                              18     26     -8 (VIOLATED)
fanout657/X                              18     26     -8 (VIOLATED)
fanout677/X                              18     26     -8 (VIOLATED)
fanout701/X                              18     26     -8 (VIOLATED)
fanout728/X                              18     26     -8 (VIOLATED)
fanout730/X                              18     26     -8 (VIOLATED)
fanout734/X                              18     26     -8 (VIOLATED)
fanout758/X                              18     26     -8 (VIOLATED)
fanout764/X                              18     26     -8 (VIOLATED)
fanout788/X                              18     26     -8 (VIOLATED)
fanout802/X                              18     26     -8 (VIOLATED)
fanout812/X                              18     26     -8 (VIOLATED)
fanout851/X                              18     26     -8 (VIOLATED)
fanout865/X                              18     26     -8 (VIOLATED)
fanout910/X                              18     26     -8 (VIOLATED)
fanout930/X                              18     26     -8 (VIOLATED)
fanout973/X                              18     26     -8 (VIOLATED)
fanout994/X                              18     26     -8 (VIOLATED)
fanout999/X                              18     26     -8 (VIOLATED)
hold5522/X                               18     26     -8 (VIOLATED)
max_cap1259/X                            18     26     -8 (VIOLATED)
max_length1309/X                         18     26     -8 (VIOLATED)
mgmt_buffers.mprj_logic_high_inst/HI[161]     18     26     -8 (VIOLATED)
wire1271/X                               18     26     -8 (VIOLATED)
wire1274/X                               18     26     -8 (VIOLATED)
wire1283/X                               18     26     -8 (VIOLATED)
wire1790/X                               18     26     -8 (VIOLATED)
_37197_/Q                                18     25     -7 (VIOLATED)
fanout985/X                              18     25     -7 (VIOLATED)
_16483_/X                                18     24     -6 (VIOLATED)
_20805_/Y                                18     24     -6 (VIOLATED)
_20806_/Y                                18     24     -6 (VIOLATED)
_20939_/Y                                18     24     -6 (VIOLATED)
_21663_/Y                                18     24     -6 (VIOLATED)
_22229_/Y                                18     24     -6 (VIOLATED)
_23634_/X                                18     24     -6 (VIOLATED)
_24198_/X                                18     24     -6 (VIOLATED)
_25200_/Y                                18     24     -6 (VIOLATED)
_26629_/X                                18     24     -6 (VIOLATED)
_26643_/X                                18     24     -6 (VIOLATED)
_27400_/Y                                18     24     -6 (VIOLATED)
_27559_/Y                                18     24     -6 (VIOLATED)
_27960_/Y                                18     24     -6 (VIOLATED)
_29302_/X                                18     24     -6 (VIOLATED)
_35476_/Q                                18     24     -6 (VIOLATED)
_36440_/Q                                18     24     -6 (VIOLATED)
_36973_/Q                                18     24     -6 (VIOLATED)
_36983_/Q                                18     24     -6 (VIOLATED)
_37007_/Q                                18     24     -6 (VIOLATED)
_37009_/Q                                18     24     -6 (VIOLATED)
_37761_/Q                                18     24     -6 (VIOLATED)
_37900_/Q                                18     24     -6 (VIOLATED)
clkbuf_7_26__f_mgmt_buffers.caravel_clk/X     18     24     -6 (VIOLATED)
clkbuf_7_29__f_mgmt_buffers.caravel_clk/X     18     24     -6 (VIOLATED)
clkbuf_7_31__f_mgmt_buffers.caravel_clk/X     18     24     -6 (VIOLATED)
clkbuf_7_39__f_mgmt_buffers.caravel_clk/X     18     24     -6 (VIOLATED)
clkbuf_leaf_740_mgmt_buffers.caravel_clk/X     18     24     -6 (VIOLATED)
fanout1011/X                             18     24     -6 (VIOLATED)
fanout1013/X                             18     24     -6 (VIOLATED)
fanout1060/X                             18     24     -6 (VIOLATED)
fanout1095/X                             18     24     -6 (VIOLATED)
fanout1152/X                             18     24     -6 (VIOLATED)
fanout1170/X                             18     24     -6 (VIOLATED)
fanout1174/X                             18     24     -6 (VIOLATED)
fanout1176/X                             18     24     -6 (VIOLATED)
fanout1200/X                             18     24     -6 (VIOLATED)
fanout1238/X                             18     24     -6 (VIOLATED)
fanout1342/X                             18     24     -6 (VIOLATED)
fanout1674/X                             18     24     -6 (VIOLATED)
fanout1754/X                             18     24     -6 (VIOLATED)
fanout1762/X                             18     24     -6 (VIOLATED)
fanout1868/X                             18     24     -6 (VIOLATED)
fanout1907/X                             18     24     -6 (VIOLATED)
fanout1983/X                             18     24     -6 (VIOLATED)
fanout567/X                              18     24     -6 (VIOLATED)
fanout578/X                              18     24     -6 (VIOLATED)
fanout621/X                              18     24     -6 (VIOLATED)
fanout690/X                              18     24     -6 (VIOLATED)
fanout709/X                              18     24     -6 (VIOLATED)
fanout742/X                              18     24     -6 (VIOLATED)
fanout822/X                              18     24     -6 (VIOLATED)
fanout846/X                              18     24     -6 (VIOLATED)
fanout854/X                              18     24     -6 (VIOLATED)
fanout894/X                              18     24     -6 (VIOLATED)
fanout926/X                              18     24     -6 (VIOLATED)
fanout941/X                              18     24     -6 (VIOLATED)
fanout982/X                              18     24     -6 (VIOLATED)
max_cap560/X                             18     24     -6 (VIOLATED)
max_length1301/X                         18     24     -6 (VIOLATED)
max_length1303/X                         18     24     -6 (VIOLATED)
max_length1305/X                         18     24     -6 (VIOLATED)
mgmt_buffers.mprj_logic_high_inst/HI[310]     18     24     -6 (VIOLATED)
mgmt_buffers.mprj_logic_high_inst/HI[327]     18     24     -6 (VIOLATED)
wire1150/X                               18     24     -6 (VIOLATED)
_23624_/X                                18     23     -5 (VIOLATED)
_23625_/X                                18     23     -5 (VIOLATED)
_23859_/X                                18     23     -5 (VIOLATED)
_23863_/X                                18     23     -5 (VIOLATED)
_23872_/X                                18     23     -5 (VIOLATED)
_23873_/X                                18     23     -5 (VIOLATED)
_23916_/X                                18     23     -5 (VIOLATED)
_23917_/X                                18     23     -5 (VIOLATED)
_23919_/X                                18     23     -5 (VIOLATED)
_19887_/X                                18     22     -4 (VIOLATED)
_19889_/X                                18     22     -4 (VIOLATED)
_20073_/X                                18     22     -4 (VIOLATED)
_20075_/X                                18     22     -4 (VIOLATED)
_20077_/X                                18     22     -4 (VIOLATED)
_20079_/X                                18     22     -4 (VIOLATED)
_20081_/X                                18     22     -4 (VIOLATED)
_20083_/X                                18     22     -4 (VIOLATED)
_20085_/X                                18     22     -4 (VIOLATED)
_20087_/X                                18     22     -4 (VIOLATED)
_21419_/X                                18     22     -4 (VIOLATED)
_21588_/Y                                18     22     -4 (VIOLATED)
_21650_/X                                18     22     -4 (VIOLATED)
_22185_/Y                                18     22     -4 (VIOLATED)
_22624_/X                                18     22     -4 (VIOLATED)
_23923_/X                                18     22     -4 (VIOLATED)
_24220_/Y                                18     22     -4 (VIOLATED)
_25658_/X                                18     22     -4 (VIOLATED)
_25867_/X                                18     22     -4 (VIOLATED)
_26635_/X                                18     22     -4 (VIOLATED)
_26640_/X                                18     22     -4 (VIOLATED)
_26895_/X                                18     22     -4 (VIOLATED)
_29298_/X                                18     22     -4 (VIOLATED)
_35769_/Q                                18     22     -4 (VIOLATED)
_35952_/Q                                18     22     -4 (VIOLATED)
_35998_/Q                                18     22     -4 (VIOLATED)
_36049_/Q                                18     22     -4 (VIOLATED)
_36116_/Q                                18     22     -4 (VIOLATED)
_36437_/Q                                18     22     -4 (VIOLATED)
_36974_/Q                                18     22     -4 (VIOLATED)
_36992_/Q                                18     22     -4 (VIOLATED)
_37001_/Q                                18     22     -4 (VIOLATED)
_37158_/Q                                18     22     -4 (VIOLATED)
_37159_/Q                                18     22     -4 (VIOLATED)
_37450_/Q                                18     22     -4 (VIOLATED)
_37451_/Q                                18     22     -4 (VIOLATED)
_37831_/Q                                18     22     -4 (VIOLATED)
clkbuf_7_100__f_mgmt_buffers.caravel_clk/X     18     22     -4 (VIOLATED)
clkbuf_7_101__f_mgmt_buffers.caravel_clk/X     18     22     -4 (VIOLATED)
clkbuf_7_18__f_mgmt_buffers.caravel_clk/X     18     22     -4 (VIOLATED)
clkbuf_7_1__f_mgmt_buffers.caravel_clk/X     18     22     -4 (VIOLATED)
clkbuf_7_20__f_mgmt_buffers.caravel_clk/X     18     22     -4 (VIOLATED)
clkbuf_7_37__f_mgmt_buffers.caravel_clk/X     18     22     -4 (VIOLATED)
clkbuf_7_51__f_mgmt_buffers.caravel_clk/X     18     22     -4 (VIOLATED)
clkbuf_leaf_282_mgmt_buffers.caravel_clk/X     18     22     -4 (VIOLATED)
clkbuf_leaf_402_mgmt_buffers.caravel_clk/X     18     22     -4 (VIOLATED)
clkbuf_leaf_48_mgmt_buffers.caravel_clk/X     18     22     -4 (VIOLATED)
clkbuf_leaf_62_mgmt_buffers.caravel_clk/X     18     22     -4 (VIOLATED)
clkbuf_leaf_644_mgmt_buffers.caravel_clk/X     18     22     -4 (VIOLATED)
fanout1042/X                             18     22     -4 (VIOLATED)
fanout1073/X                             18     22     -4 (VIOLATED)
fanout1085/X                             18     22     -4 (VIOLATED)
fanout1088/X                             18     22     -4 (VIOLATED)
fanout1090/X                             18     22     -4 (VIOLATED)
fanout1093/X                             18     22     -4 (VIOLATED)
fanout1111/X                             18     22     -4 (VIOLATED)
fanout1119/X                             18     22     -4 (VIOLATED)
fanout1155/X                             18     22     -4 (VIOLATED)
fanout1172/X                             18     22     -4 (VIOLATED)
fanout1194/X                             18     22     -4 (VIOLATED)
fanout1204/X                             18     22     -4 (VIOLATED)
fanout1244/X                             18     22     -4 (VIOLATED)
fanout1739/X                             18     22     -4 (VIOLATED)
fanout1753/X                             18     22     -4 (VIOLATED)
fanout1758/X                             18     22     -4 (VIOLATED)
fanout1848/X                             18     22     -4 (VIOLATED)
fanout1891/X                             18     22     -4 (VIOLATED)
fanout1936/X                             18     22     -4 (VIOLATED)
fanout1992/X                             18     22     -4 (VIOLATED)
fanout594/X                              18     22     -4 (VIOLATED)
fanout624/X                              18     22     -4 (VIOLATED)
fanout628/X                              18     22     -4 (VIOLATED)
fanout663/X                              18     22     -4 (VIOLATED)
fanout673/X                              18     22     -4 (VIOLATED)
fanout693/X                              18     22     -4 (VIOLATED)
fanout697/X                              18     22     -4 (VIOLATED)
fanout740/X                              18     22     -4 (VIOLATED)
fanout773/X                              18     22     -4 (VIOLATED)
fanout807/X                              18     22     -4 (VIOLATED)
fanout830/X                              18     22     -4 (VIOLATED)
fanout860/X                              18     22     -4 (VIOLATED)
fanout881/X                              18     22     -4 (VIOLATED)
fanout896/X                              18     22     -4 (VIOLATED)
fanout911/X                              18     22     -4 (VIOLATED)
fanout916/X                              18     22     -4 (VIOLATED)
fanout924/X                              18     22     -4 (VIOLATED)
fanout939/X                              18     22     -4 (VIOLATED)
fanout980/X                              18     22     -4 (VIOLATED)
fanout991/X                              18     22     -4 (VIOLATED)
fanout997/X                              18     22     -4 (VIOLATED)
max_length1109/X                         18     22     -4 (VIOLATED)
max_length1283/X                         18     22     -4 (VIOLATED)
max_length1307/X                         18     22     -4 (VIOLATED)
max_length1785/X                         18     22     -4 (VIOLATED)
_21065_/Y                                18     21     -3 (VIOLATED)
fanout868/X                              18     21     -3 (VIOLATED)
_21042_/Y                                18     20     -2 (VIOLATED)
_21046_/Y                                18     20     -2 (VIOLATED)
_21050_/Y                                18     20     -2 (VIOLATED)
_21054_/Y                                18     20     -2 (VIOLATED)
_21058_/Y                                18     20     -2 (VIOLATED)
_21062_/Y                                18     20     -2 (VIOLATED)
_21068_/Y                                18     20     -2 (VIOLATED)
_21071_/Y                                18     20     -2 (VIOLATED)
_21074_/Y                                18     20     -2 (VIOLATED)
_21077_/Y                                18     20     -2 (VIOLATED)
_21080_/Y                                18     20     -2 (VIOLATED)
_21083_/Y                                18     20     -2 (VIOLATED)
_21086_/Y                                18     20     -2 (VIOLATED)
_21088_/Y                                18     20     -2 (VIOLATED)
_21090_/Y                                18     20     -2 (VIOLATED)
_21092_/Y                                18     20     -2 (VIOLATED)
_21094_/Y                                18     20     -2 (VIOLATED)
_21096_/Y                                18     20     -2 (VIOLATED)
_21098_/Y                                18     20     -2 (VIOLATED)
_21100_/Y                                18     20     -2 (VIOLATED)
_21102_/Y                                18     20     -2 (VIOLATED)
_21896_/Y                                18     20     -2 (VIOLATED)
_21958_/X                                18     20     -2 (VIOLATED)
_23631_/X                                18     20     -2 (VIOLATED)
_23736_/X                                18     20     -2 (VIOLATED)
_23864_/X                                18     20     -2 (VIOLATED)
_23914_/X                                18     20     -2 (VIOLATED)
_24207_/X                                18     20     -2 (VIOLATED)
_25888_/X                                18     20     -2 (VIOLATED)
_26619_/X                                18     20     -2 (VIOLATED)
_27717_/Y                                18     20     -2 (VIOLATED)
_28634_/X                                18     20     -2 (VIOLATED)
_35909_/Q                                18     20     -2 (VIOLATED)
_35968_/Q                                18     20     -2 (VIOLATED)
_35972_/Q                                18     20     -2 (VIOLATED)
_35985_/Q                                18     20     -2 (VIOLATED)
_36048_/Q                                18     20     -2 (VIOLATED)
_36055_/Q                                18     20     -2 (VIOLATED)
_36129_/Q                                18     20     -2 (VIOLATED)
_36215_/Q                                18     20     -2 (VIOLATED)
_36436_/Q                                18     20     -2 (VIOLATED)
_36993_/Q                                18     20     -2 (VIOLATED)
_37008_/Q                                18     20     -2 (VIOLATED)
_37199_/Q                                18     20     -2 (VIOLATED)
_37216_/Q                                18     20     -2 (VIOLATED)
_37630_/Q                                18     20     -2 (VIOLATED)
_37780_/Q                                18     20     -2 (VIOLATED)
_37816_/Q                                18     20     -2 (VIOLATED)
clkbuf_1_0__f_gpio_control_in_2[13].serial_clock/X     18     20     -2 (VIOLATED)
clkbuf_1_0__f_gpio_control_in_2[14].serial_clock/X     18     20     -2 (VIOLATED)
clkbuf_1_0__f_gpio_control_in_2[2].serial_clock/X     18     20     -2 (VIOLATED)
clkbuf_1_0__f_gpio_control_in_2[3].serial_clock/X     18     20     -2 (VIOLATED)
clkbuf_1_0__f_gpio_control_in_2[4].serial_clock/X     18     20     -2 (VIOLATED)
clkbuf_1_0__f_gpio_control_in_2[6].serial_clock/X     18     20     -2 (VIOLATED)
clkbuf_7_127__f_mgmt_buffers.caravel_clk/X     18     20     -2 (VIOLATED)
clkbuf_7_14__f_mgmt_buffers.caravel_clk/X     18     20     -2 (VIOLATED)
clkbuf_7_17__f_mgmt_buffers.caravel_clk/X     18     20     -2 (VIOLATED)
clkbuf_7_22__f_mgmt_buffers.caravel_clk/X     18     20     -2 (VIOLATED)
clkbuf_7_44__f_mgmt_buffers.caravel_clk/X     18     20     -2 (VIOLATED)
clkbuf_7_48__f_mgmt_buffers.caravel_clk/X     18     20     -2 (VIOLATED)
clkbuf_7_4__f_mgmt_buffers.caravel_clk/X     18     20     -2 (VIOLATED)
clkbuf_7_54__f_mgmt_buffers.caravel_clk/X     18     20     -2 (VIOLATED)
clkbuf_7_64__f_mgmt_buffers.caravel_clk/X     18     20     -2 (VIOLATED)
clkbuf_7_97__f_mgmt_buffers.caravel_clk/X     18     20     -2 (VIOLATED)
clkbuf_7_98__f_mgmt_buffers.caravel_clk/X     18     20     -2 (VIOLATED)
clkbuf_leaf_130_mgmt_buffers.caravel_clk/X     18     20     -2 (VIOLATED)
clkbuf_leaf_144_mgmt_buffers.caravel_clk/X     18     20     -2 (VIOLATED)
clkbuf_leaf_149_mgmt_buffers.caravel_clk/X     18     20     -2 (VIOLATED)
clkbuf_leaf_226_mgmt_buffers.caravel_clk/X     18     20     -2 (VIOLATED)
clkbuf_leaf_270_mgmt_buffers.caravel_clk/X     18     20     -2 (VIOLATED)
clkbuf_leaf_328_mgmt_buffers.caravel_clk/X     18     20     -2 (VIOLATED)
clkbuf_leaf_335_mgmt_buffers.caravel_clk/X     18     20     -2 (VIOLATED)
clkbuf_leaf_457_mgmt_buffers.caravel_clk/X     18     20     -2 (VIOLATED)
clkbuf_leaf_513_mgmt_buffers.caravel_clk/X     18     20     -2 (VIOLATED)
clkbuf_leaf_559_mgmt_buffers.caravel_clk/X     18     20     -2 (VIOLATED)
clkbuf_leaf_675_mgmt_buffers.caravel_clk/X     18     20     -2 (VIOLATED)
clkbuf_leaf_824_mgmt_buffers.caravel_clk/X     18     20     -2 (VIOLATED)
clkbuf_leaf_880_mgmt_buffers.caravel_clk/X     18     20     -2 (VIOLATED)
clkbuf_leaf_903_mgmt_buffers.caravel_clk/X     18     20     -2 (VIOLATED)
fanout1002/X                             18     20     -2 (VIOLATED)
fanout1009/X                             18     20     -2 (VIOLATED)
fanout1087/X                             18     20     -2 (VIOLATED)
fanout1106/X                             18     20     -2 (VIOLATED)
fanout1114/X                             18     20     -2 (VIOLATED)
fanout1153/X                             18     20     -2 (VIOLATED)
fanout1252/X                             18     20     -2 (VIOLATED)
fanout1291/X                             18     20     -2 (VIOLATED)
fanout1319/X                             18     20     -2 (VIOLATED)
fanout1364/X                             18     20     -2 (VIOLATED)
fanout1428/X                             18     20     -2 (VIOLATED)
fanout1449/X                             18     20     -2 (VIOLATED)
fanout1732/X                             18     20     -2 (VIOLATED)
fanout1771/X                             18     20     -2 (VIOLATED)
fanout1882/X                             18     20     -2 (VIOLATED)
fanout1902/X                             18     20     -2 (VIOLATED)
fanout1919/X                             18     20     -2 (VIOLATED)
fanout1931/X                             18     20     -2 (VIOLATED)
fanout1961/X                             18     20     -2 (VIOLATED)
fanout1976/X                             18     20     -2 (VIOLATED)
fanout1978/X                             18     20     -2 (VIOLATED)
fanout1991/X                             18     20     -2 (VIOLATED)
fanout572/X                              18     20     -2 (VIOLATED)
fanout584/X                              18     20     -2 (VIOLATED)
fanout591/X                              18     20     -2 (VIOLATED)
fanout596/X                              18     20     -2 (VIOLATED)
fanout604/X                              18     20     -2 (VIOLATED)
fanout610/X                              18     20     -2 (VIOLATED)
fanout626/X                              18     20     -2 (VIOLATED)
fanout653/X                              18     20     -2 (VIOLATED)
fanout660/X                              18     20     -2 (VIOLATED)
fanout665/X                              18     20     -2 (VIOLATED)
fanout669/X                              18     20     -2 (VIOLATED)
fanout679/X                              18     20     -2 (VIOLATED)
fanout695/X                              18     20     -2 (VIOLATED)
fanout707/X                              18     20     -2 (VIOLATED)
fanout712/X                              18     20     -2 (VIOLATED)
fanout744/X                              18     20     -2 (VIOLATED)
fanout750/X                              18     20     -2 (VIOLATED)
fanout757/X                              18     20     -2 (VIOLATED)
fanout783/X                              18     20     -2 (VIOLATED)
fanout814/X                              18     20     -2 (VIOLATED)
fanout842/X                              18     20     -2 (VIOLATED)
fanout900/X                              18     20     -2 (VIOLATED)
fanout905/X                              18     20     -2 (VIOLATED)
fanout933/X                              18     20     -2 (VIOLATED)
fanout951/X                              18     20     -2 (VIOLATED)
fanout984/X                              18     20     -2 (VIOLATED)
housekeeping/wb_dat_o[17]                18     20     -2 (VIOLATED)
max_cap1031/X                            18     20     -2 (VIOLATED)
max_length1269/X                         18     20     -2 (VIOLATED)
max_length1284/X                         18     20     -2 (VIOLATED)
max_length1311/X                         18     20     -2 (VIOLATED)
mgmt_buffers.mprj_logic_high_inst/HI[187]     18     20     -2 (VIOLATED)
mgmt_buffers.mprj_logic_high_inst/HI[366]     18     20     -2 (VIOLATED)
wire1214/X                               18     20     -2 (VIOLATED)
wire1236/X                               18     20     -2 (VIOLATED)

max capacitance

Pin                                    Limit     Cap   Slack
------------------------------------------------------------
mprj/la_data_out[122]                   0.15    0.19   -0.04 (VIOLATED)
mprj/la_data_out[113]                   0.15    0.17   -0.01 (VIOLATED)
mprj/la_data_out[112]                   0.15    0.16   -0.01 (VIOLATED)
mprj/la_data_out[127]                   0.15    0.16   -0.00 (VIOLATED)
mprj/la_data_out[120]                   0.15    0.16   -0.00 (VIOLATED)
mprj/la_data_out[111]                   0.15    0.16   -0.00 (VIOLATED)
mprj/la_data_out[124]                   0.15    0.16   -0.00 (VIOLATED)


===========================================================================
max slew violation count 54
max fanout violation count 1302
max cap violation count 7
============================================================================
