caravel_core
----------------------------------------
MV diffusion to LV nwell spacing < 0.825um (hvi.5 + nsd/psd.5)
----------------------------------------
 691.165um 32.580um 691.450um 32.935um
 691.165um 32.580um 691.450um 32.935um
 691.165um 31.160um 691.450um 32.935um
 691.165um 31.160um 691.450um 31.985um
 691.165um 30.110um 691.450um 32.510um
 691.165um 30.110um 691.450um 30.935um
 691.165um 29.285um 691.450um 30.050um
 691.165um 32.735um 691.450um 32.935um
 691.165um 31.685um 691.450um 32.510um
 691.165um 29.285um 691.450um 30.050um
 691.990um 28.475um 692.255um 29.225um
 691.990um 33.405um 692.255um 33.760um
 691.990um 33.405um 692.255um 33.760um
 691.990um 31.985um 692.255um 32.735um
 691.990um 30.935um 692.255um 31.685um
 691.990um 31.985um 692.255um 32.160um
 691.990um 30.935um 692.255um 31.685um
 691.990um 28.475um 692.255um 29.225um
 1841.690um 942.950um 1841.975um 943.680um
 1841.690um 940.490um 1841.975um 941.315um
 1841.690um 940.065um 1841.975um 940.265um
 1841.690um 942.950um 1841.975um 943.680um
 1841.690um 942.065um 1841.975um 942.890um
 1841.690um 940.490um 1841.975um 942.890um
 1841.690um 941.015um 1841.975um 941.840um
 1841.690um 940.065um 1841.975um 941.840um
 1841.690um 940.065um 1841.975um 940.420um
 1841.690um 940.065um 1841.975um 940.420um
 1840.885um 941.315um 1841.150um 942.065um
 1840.885um 940.265um 1841.150um 941.015um
 1840.885um 939.240um 1841.150um 939.595um
 1840.885um 941.600um 1841.150um 942.065um
 1840.885um 939.240um 1841.150um 939.595um
 1841.690um 943.680um 1841.975um 943.715um
 1841.690um 943.680um 1841.975um 943.715um
 1840.885um 943.775um 1841.150um 944.525um
 1840.885um 943.775um 1841.150um 944.525um
 1938.170um 942.950um 1938.455um 943.680um
 1938.170um 940.490um 1938.455um 941.315um
 1938.170um 940.065um 1938.455um 940.265um
 1938.170um 942.950um 1938.455um 943.680um
 1938.170um 942.065um 1938.455um 942.890um
 1938.170um 940.490um 1938.455um 942.890um
 1938.170um 941.015um 1938.455um 941.840um
 1938.170um 940.065um 1938.455um 941.840um
 1938.170um 940.065um 1938.455um 940.420um
 1938.170um 940.065um 1938.455um 940.420um
 1937.365um 941.315um 1937.630um 942.065um
 1937.365um 940.265um 1937.630um 941.015um
 1937.365um 939.240um 1937.630um 939.595um
 1937.365um 939.240um 1937.630um 939.595um
 1938.170um 943.680um 1938.455um 943.715um
 1938.170um 943.680um 1938.455um 943.715um
 1937.365um 943.775um 1937.630um 944.525um
 1937.365um 943.775um 1937.630um 944.525um
----------------------------------------
[INFO] COUNT: 55
[INFO] Should be divided by 3 or 4

