****************************************
Report : constraint
	-all_violators
	-path slack_only
Design : caravel_clocking
Version: T-2022.03-SP3
Date   : Tue Oct 18 15:37:12 2022
****************************************



   min_delay/hold ('clock_gating_default' group)

   Endpoint                                                  Slack
   -----------------------------------------------------------------
   _308_/A1                                                -5.5907  (VIOLATED)
   _304_/A1                                                -5.5875  (VIOLATED)
   _304_/A3                                                -5.5808  (VIOLATED)
   _308_/A3                                                -5.5690  (VIOLATED)
   _301_/A_N                                               -5.2242  (VIOLATED)
   _305_/A_N                                               -5.2053  (VIOLATED)



   clock_gating_hold

   Endpoint                                                  Slack
   -----------------------------------------------------------------
   _308_/A1                                                -5.5907  (VIOLATED)
   _304_/A1                                                -5.5875  (VIOLATED)
   _304_/A3                                                -5.5808  (VIOLATED)
   _308_/A3                                                -5.5690  (VIOLATED)
   _301_/A_N                                               -5.2242  (VIOLATED)
   _305_/A_N                                               -5.2053  (VIOLATED)


1
