****************************************
Report : global_timing
	-format { narrow }
	-separate_all_groups
Design : caravel_clocking
Version: T-2022.03-SP3
Date   : Sun Oct 16 19:39:17 2022
****************************************

Setup violations for paths in pll_clk90
---------------------------------------------------------
         Total  reg->reg   in->reg  reg->out   in->out
---------------------------------------------------------
WNS    -5.0317   -5.0317    0.0000    0.0000    0.0000
TNS   -27.7112  -27.7112    0.0000    0.0000    0.0000
NUM         10        10         0         0         0
---------------------------------------------------------

Setup violations for paths in pll_clk
---------------------------------------------------------
         Total  reg->reg   in->reg  reg->out   in->out
---------------------------------------------------------
WNS    -4.8507   -4.8507    0.0000    0.0000    0.0000
TNS   -25.2139  -25.2139    0.0000    0.0000    0.0000
NUM          7         7         0         0         0
---------------------------------------------------------


Hold violations for paths in **clock_gating_default**
---------------------------------------------------------
         Total  reg->reg   in->reg  reg->out   in->out
---------------------------------------------------------
WNS    -2.7407   -2.7407    0.0000    0.0000    0.0000
TNS   -12.0445  -12.0445    0.0000    0.0000    0.0000
NUM          6         6         0         0         0
---------------------------------------------------------

1
