****************************************
Report : constraint
	-all_violators
	-path slack_only
Design : caravel_clocking
Version: T-2022.03-SP3
Date   : Sun Oct 16 19:39:57 2022
****************************************



   min_delay/hold ('clock_gating_default' group)

   Endpoint                                                  Slack
   -----------------------------------------------------------------
   _316_/A3                                                -3.2603  (VIOLATED)
   _312_/A3                                                -3.2476  (VIOLATED)
   _316_/A1                                                -3.1611  (VIOLATED)
   _312_/A1                                                -3.1514  (VIOLATED)
   _309_/A_N                                               -2.8269  (VIOLATED)
   _313_/A_N                                               -2.7653  (VIOLATED)



   clock_gating_hold

   Endpoint                                                  Slack
   -----------------------------------------------------------------
   _316_/A3                                                -3.2603  (VIOLATED)
   _312_/A3                                                -3.2476  (VIOLATED)
   _316_/A1                                                -3.1611  (VIOLATED)
   _312_/A1                                                -3.1514  (VIOLATED)
   _309_/A_N                                               -2.8269  (VIOLATED)
   _313_/A_N                                               -2.7653  (VIOLATED)


1
