****************************************
Report : constraint
	-all_violators
	-path slack_only
Design : caravan
Version: T-2022.03-SP3
Date   : Sun Oct 30 14:28:03 2022
****************************************








   max_capacitance

                             Required        Actual
   Pin                      Capacitance    Capacitance       Slack
   -----------------------------------------------------------------
   soc/_32090_/Q              0.1621         0.1803        -0.0182  (VIOLATED)


   max_transition

                             Required        Actual
   Pin                      Transition     Transition        Slack
   -----------------------------------------------------------------
   soc/_25762_/A3             1.5000         1.7211        -0.2211  (VIOLATED)
   soc/ANTENNA__25762__A3/DIODE   1.5000     1.7211        -0.2211  (VIOLATED)
   soc/_25763_/A3             1.5000         1.7211        -0.2211  (VIOLATED)
   soc/ANTENNA__25763__A3/DIODE   1.5000     1.7211        -0.2211  (VIOLATED)
   soc/_27196_/B              1.5000         1.7211        -0.2211  (VIOLATED)
   soc/ANTENNA__27196__B/DIODE   1.5000      1.7211        -0.2211  (VIOLATED)
   soc/_32090_/Q              1.4980         1.7177        -0.2198  (VIOLATED)
   soc/ANTENNA__27193__A/DIODE   1.5000      1.7177        -0.2177  (VIOLATED)
   soc/ANTENNA__27194__D_N/DIODE   1.5000    1.7177        -0.2177  (VIOLATED)
   soc/_27193_/A              1.5000         1.7177        -0.2177  (VIOLATED)
   soc/_27194_/D_N            1.5000         1.7177        -0.2177  (VIOLATED)


1
