
===========================================================================
 report_check_types -max_slew -max_cap -max_fanout -violators
============================================================================
max slew

Pin                                    Limit    Slew   Slack
------------------------------------------------------------
ANTENNA_254/DIODE                       0.75    1.38   -0.63 (VIOLATED)
_3361_/A1                               0.75    1.38   -0.63 (VIOLATED)
ANTENNA_253/DIODE                       0.75    1.38   -0.63 (VIOLATED)
_5313_/A_N                              0.75    1.38   -0.63 (VIOLATED)
_5323_/A1                               0.75    1.38   -0.63 (VIOLATED)
ANTENNA_252/DIODE                       0.75    1.38   -0.63 (VIOLATED)
hold211/X                               0.75    1.38   -0.63 (VIOLATED)
_5856_/A2                               0.75    1.09   -0.34 (VIOLATED)
_5804_/B1                               0.75    1.09   -0.34 (VIOLATED)
_5941_/B1                               0.75    1.09   -0.34 (VIOLATED)
_5994_/B1                               0.75    1.09   -0.34 (VIOLATED)
_6058_/A2                               0.75    1.09   -0.34 (VIOLATED)
_6087_/A2                               0.75    1.09   -0.34 (VIOLATED)
ANTENNA_297/DIODE                       0.75    1.09   -0.34 (VIOLATED)
_5876_/B1                               0.75    1.09   -0.34 (VIOLATED)
ANTENNA_295/DIODE                       0.75    1.09   -0.34 (VIOLATED)
_6011_/A2                               0.75    1.09   -0.34 (VIOLATED)
ANTENNA_296/DIODE                       0.75    1.09   -0.34 (VIOLATED)
_5966_/A2                               0.75    1.09   -0.34 (VIOLATED)
_5827_/A2                               0.75    1.09   -0.34 (VIOLATED)
_5783_/X                                0.75    1.09   -0.34 (VIOLATED)
_3757_/D                                0.75    1.06   -0.31 (VIOLATED)
ANTENNA_18/DIODE                        0.75    1.06   -0.31 (VIOLATED)
_3573_/C                                0.75    1.06   -0.31 (VIOLATED)
max_cap451/A                            0.75    1.06   -0.31 (VIOLATED)
_3426_/Y                                0.75    1.06   -0.31 (VIOLATED)
_5341_/B                                0.75    1.03   -0.28 (VIOLATED)
fanout468/A                             0.75    1.03   -0.28 (VIOLATED)
_4066_/C                                0.75    1.03   -0.28 (VIOLATED)
hold56/X                                0.75    1.03   -0.28 (VIOLATED)
_5545_/S                                0.75    1.01   -0.26 (VIOLATED)
_5544_/S                                0.75    1.01   -0.26 (VIOLATED)
_5542_/S                                0.75    1.01   -0.26 (VIOLATED)
_5541_/S                                0.75    1.01   -0.26 (VIOLATED)
_5540_/S                                0.75    1.01   -0.26 (VIOLATED)
_5543_/S                                0.75    1.01   -0.26 (VIOLATED)
_5547_/S                                0.75    1.01   -0.26 (VIOLATED)
_5546_/S                                0.75    1.01   -0.26 (VIOLATED)
hold77/X                                0.75    1.01   -0.26 (VIOLATED)
_6162_/B1                               0.75    0.96   -0.21 (VIOLATED)
_6206_/B1                               0.75    0.96   -0.21 (VIOLATED)
_6452_/A2                               0.75    0.96   -0.21 (VIOLATED)
_6436_/A2                               0.75    0.96   -0.21 (VIOLATED)
_6400_/A2                               0.75    0.96   -0.21 (VIOLATED)
_6345_/B1                               0.75    0.96   -0.21 (VIOLATED)
ANTENNA_310/DIODE                       0.75    0.96   -0.21 (VIOLATED)
_6379_/A2                               0.75    0.96   -0.21 (VIOLATED)
_6278_/B1                               0.75    0.95   -0.20 (VIOLATED)
_6175_/B1                               0.75    0.95   -0.20 (VIOLATED)
_6253_/B1                               0.75    0.95   -0.20 (VIOLATED)
_6295_/B1                               0.75    0.95   -0.20 (VIOLATED)
_6233_/B1                               0.75    0.95   -0.20 (VIOLATED)
_6320_/A2                               0.75    0.95   -0.20 (VIOLATED)
ANTENNA_311/DIODE                       0.75    0.95   -0.20 (VIOLATED)
_6123_/D1                               0.75    0.95   -0.20 (VIOLATED)
_6122_/X                                0.75    0.95   -0.20 (VIOLATED)
wire406/A                               0.75    0.94   -0.19 (VIOLATED)
_4170_/C                                0.75    0.94   -0.19 (VIOLATED)
_4168_/Y                                0.75    0.94   -0.19 (VIOLATED)
fanout475/A                             0.75    0.89   -0.14 (VIOLATED)
fanout477/A                             0.75    0.89   -0.14 (VIOLATED)
fanout478/A                             0.75    0.89   -0.14 (VIOLATED)
hold76/X                                0.75    0.89   -0.14 (VIOLATED)
_6512_/A2                               0.75    0.89   -0.14 (VIOLATED)
_4170_/A_N                              0.75    0.89   -0.14 (VIOLATED)
_7253_/D                                0.75    0.89   -0.14 (VIOLATED)
hold1508/X                              0.75    0.89   -0.14 (VIOLATED)
_5648_/D                                0.75    0.88   -0.13 (VIOLATED)
_3428_/C                                0.75    0.88   -0.13 (VIOLATED)
fanout453/A                             0.75    0.88   -0.13 (VIOLATED)
hold27/X                                0.75    0.88   -0.13 (VIOLATED)
_5699_/C1                               0.75    0.86   -0.11 (VIOLATED)
_5705_/B1                               0.75    0.86   -0.11 (VIOLATED)
_5697_/Y                                0.75    0.86   -0.11 (VIOLATED)
ANTENNA_58/DIODE                        0.75    0.84   -0.09 (VIOLATED)
_3870_/C1                               0.75    0.84   -0.09 (VIOLATED)
_3869_/X                                0.75    0.83   -0.08 (VIOLATED)
_5810_/A2                               0.75    0.83   -0.08 (VIOLATED)
_6080_/A2                               0.75    0.83   -0.08 (VIOLATED)
_5995_/A3                               0.75    0.83   -0.08 (VIOLATED)
ANTENNA_388/DIODE                       0.75    0.83   -0.08 (VIOLATED)
_5851_/A2                               0.75    0.83   -0.08 (VIOLATED)
ANTENNA_282/DIODE                       0.75    0.83   -0.08 (VIOLATED)
_6036_/A3                               0.75    0.83   -0.08 (VIOLATED)
_6052_/A2                               0.75    0.83   -0.08 (VIOLATED)
ANTENNA_423/DIODE                       0.75    0.83   -0.08 (VIOLATED)
_5921_/A3                               0.75    0.83   -0.08 (VIOLATED)
ANTENNA_389/DIODE                       0.75    0.83   -0.08 (VIOLATED)
_5898_/A3                               0.75    0.83   -0.08 (VIOLATED)
_5871_/A2                               0.75    0.83   -0.08 (VIOLATED)
ANTENNA_283/DIODE                       0.75    0.83   -0.08 (VIOLATED)
_5723_/X                                0.75    0.83   -0.08 (VIOLATED)
_4442_/A                                0.75    0.83   -0.08 (VIOLATED)
_4441_/Y                                0.75    0.83   -0.08 (VIOLATED)
_6310_/A2                               0.75    0.83   -0.08 (VIOLATED)
_6099_/B1                               0.75    0.83   -0.08 (VIOLATED)
_4071_/A1                               0.75    0.83   -0.08 (VIOLATED)
_4068_/A1                               0.75    0.83   -0.08 (VIOLATED)
_4069_/A1                               0.75    0.83   -0.08 (VIOLATED)
_4074_/A1                               0.75    0.83   -0.08 (VIOLATED)
_5629_/A                                0.75    0.83   -0.08 (VIOLATED)
_5530_/A                                0.75    0.83   -0.08 (VIOLATED)
_6207_/B1                               0.75    0.83   -0.08 (VIOLATED)
_5639_/A                                0.75    0.83   -0.08 (VIOLATED)
_3920_/A1                               0.75    0.83   -0.08 (VIOLATED)
_5660_/A1                               0.75    0.83   -0.08 (VIOLATED)
_5679_/A1                               0.75    0.83   -0.08 (VIOLATED)
hold8/X                                 0.75    0.83   -0.08 (VIOLATED)
_6385_/A2                               0.75    0.83   -0.08 (VIOLATED)
ANTENNA_398/DIODE                       0.75    0.83   -0.08 (VIOLATED)
_6358_/B1                               0.75    0.83   -0.08 (VIOLATED)
ANTENNA_300/DIODE                       0.75    0.83   -0.08 (VIOLATED)
_6410_/B1                               0.75    0.83   -0.08 (VIOLATED)
ANTENNA_397/DIODE                       0.75    0.83   -0.08 (VIOLATED)
_6464_/A2                               0.75    0.83   -0.08 (VIOLATED)
ANTENNA_396/DIODE                       0.75    0.83   -0.08 (VIOLATED)
_6430_/A2                               0.75    0.83   -0.08 (VIOLATED)
ANTENNA_395/DIODE                       0.75    0.83   -0.08 (VIOLATED)
_6323_/A2                               0.75    0.83   -0.08 (VIOLATED)
_6271_/B1                               0.75    0.83   -0.08 (VIOLATED)
_6254_/A2                               0.75    0.83   -0.08 (VIOLATED)
_6170_/A2                               0.75    0.83   -0.08 (VIOLATED)
_6232_/A2                               0.75    0.83   -0.08 (VIOLATED)
_6098_/X                                0.75    0.83   -0.08 (VIOLATED)
_6159_/B1                               0.75    0.82   -0.07 (VIOLATED)
_6302_/A2                               0.75    0.81   -0.06 (VIOLATED)
_6172_/A2                               0.75    0.81   -0.06 (VIOLATED)
_6331_/B1                               0.75    0.81   -0.06 (VIOLATED)
_6281_/B1                               0.75    0.81   -0.06 (VIOLATED)
_6228_/B1                               0.75    0.81   -0.06 (VIOLATED)
_6244_/B1                               0.75    0.81   -0.06 (VIOLATED)
_6455_/A2                               0.75    0.81   -0.06 (VIOLATED)
_6195_/A2                               0.75    0.81   -0.06 (VIOLATED)
_6361_/B1                               0.75    0.81   -0.06 (VIOLATED)
ANTENNA_305/DIODE                       0.75    0.81   -0.06 (VIOLATED)
_6430_/B1                               0.75    0.81   -0.06 (VIOLATED)
_6382_/B1                               0.75    0.81   -0.06 (VIOLATED)
_6399_/B1                               0.75    0.81   -0.06 (VIOLATED)
_6361_/A3                               0.75    0.81   -0.06 (VIOLATED)
ANTENNA_306/DIODE                       0.75    0.81   -0.06 (VIOLATED)
_6397_/A3                               0.75    0.81   -0.06 (VIOLATED)
ANTENNA_307/DIODE                       0.75    0.81   -0.06 (VIOLATED)
_6127_/B1                               0.75    0.81   -0.06 (VIOLATED)
_6113_/X                                0.75    0.81   -0.06 (VIOLATED)
_6335_/A3                               0.75    0.81   -0.06 (VIOLATED)
_6201_/A3                               0.75    0.81   -0.06 (VIOLATED)
_6236_/A3                               0.75    0.81   -0.06 (VIOLATED)
_6256_/A3                               0.75    0.81   -0.06 (VIOLATED)
_6282_/A3                               0.75    0.81   -0.06 (VIOLATED)
_6151_/A3                               0.75    0.81   -0.06 (VIOLATED)
_6208_/A3                               0.75    0.81   -0.06 (VIOLATED)
_6131_/A2                               0.75    0.81   -0.06 (VIOLATED)
_6383_/A3                               0.75    0.81   -0.06 (VIOLATED)
_6114_/X                                0.75    0.81   -0.06 (VIOLATED)
_6397_/B1                               0.75    0.81   -0.06 (VIOLATED)
_6350_/B1                               0.75    0.81   -0.06 (VIOLATED)
_6420_/B1                               0.75    0.81   -0.06 (VIOLATED)
_6450_/A2                               0.75    0.81   -0.06 (VIOLATED)
_6152_/B1                               0.75    0.80   -0.05 (VIOLATED)
_6304_/A2                               0.75    0.80   -0.05 (VIOLATED)
_6252_/B1                               0.75    0.80   -0.05 (VIOLATED)
ANTENNA_105/DIODE                       0.75    0.80   -0.05 (VIOLATED)
_6185_/B1                               0.75    0.80   -0.05 (VIOLATED)
_6234_/A2                               0.75    0.80   -0.05 (VIOLATED)
mgmt_gpio_out[15]                       0.40    0.45   -0.05 (VIOLATED)
_5835_/A2                               0.75    0.80   -0.05 (VIOLATED)
_5950_/A2                               0.75    0.80   -0.05 (VIOLATED)
ANTENNA_393/DIODE                       0.75    0.80   -0.05 (VIOLATED)
_5904_/A2                               0.75    0.80   -0.05 (VIOLATED)
_3828_/B1                               0.75    0.80   -0.05 (VIOLATED)
_6018_/A2                               0.75    0.80   -0.05 (VIOLATED)
_3894_/B1                               0.75    0.80   -0.05 (VIOLATED)
ANTENNA_81/DIODE                        0.75    0.80   -0.05 (VIOLATED)
_6038_/A2                               0.75    0.80   -0.05 (VIOLATED)
_5998_/A2                               0.75    0.80   -0.05 (VIOLATED)
_6049_/A2                               0.75    0.80   -0.05 (VIOLATED)
_6077_/B1                               0.75    0.80   -0.05 (VIOLATED)
ANTENNA_82/DIODE                        0.75    0.80   -0.05 (VIOLATED)
_5359_/B                                0.75    0.79   -0.04 (VIOLATED)
_3685_/A2                               0.75    0.79   -0.04 (VIOLATED)
_3727_/B1                               0.75    0.79   -0.04 (VIOLATED)
_3594_/B1                               0.75    0.79   -0.04 (VIOLATED)
_5366_/A1                               0.75    0.79   -0.04 (VIOLATED)
_5361_/A1                               0.75    0.79   -0.04 (VIOLATED)
_5362_/A1                               0.75    0.79   -0.04 (VIOLATED)
_3850_/B1                               0.75    0.79   -0.04 (VIOLATED)
_5364_/A1                               0.75    0.79   -0.04 (VIOLATED)
_3761_/A2                               0.75    0.79   -0.04 (VIOLATED)
_3534_/B1                               0.75    0.79   -0.04 (VIOLATED)
_3532_/X                                0.75    0.79   -0.04 (VIOLATED)
_3415_/C1                               0.75    0.79   -0.04 (VIOLATED)
ANTENNA_16/DIODE                        0.75    0.79   -0.04 (VIOLATED)
_5845_/A2                               0.75    0.79   -0.04 (VIOLATED)
_5968_/A2                               0.75    0.79   -0.04 (VIOLATED)
_5927_/A2                               0.75    0.79   -0.04 (VIOLATED)
ANTENNA_294/DIODE                       0.75    0.79   -0.04 (VIOLATED)
_5804_/A2                               0.75    0.79   -0.04 (VIOLATED)
_5864_/B1                               0.75    0.79   -0.04 (VIOLATED)
_5779_/X                                0.75    0.79   -0.04 (VIOLATED)
_6319_/B1                               0.75    0.79   -0.04 (VIOLATED)
_3414_/X                                0.75    0.79   -0.04 (VIOLATED)
_6160_/B1                               0.75    0.79   -0.04 (VIOLATED)
ANTENNA_308/DIODE                       0.75    0.79   -0.04 (VIOLATED)
_6303_/B1                               0.75    0.79   -0.04 (VIOLATED)
_6172_/B1                               0.75    0.79   -0.04 (VIOLATED)
ANTENNA_104/DIODE                       0.75    0.79   -0.04 (VIOLATED)
_6254_/B1                               0.75    0.79   -0.04 (VIOLATED)
_5503_/A                                0.75    0.79   -0.04 (VIOLATED)
hold66/X                                0.75    0.79   -0.04 (VIOLATED)
_6276_/A2                               0.75    0.79   -0.04 (VIOLATED)
_6147_/A2                               0.75    0.79   -0.04 (VIOLATED)
_6428_/B1                               0.75    0.79   -0.04 (VIOLATED)
_6204_/A2                               0.75    0.79   -0.04 (VIOLATED)
_6463_/A2                               0.75    0.79   -0.04 (VIOLATED)
_6388_/A2                               0.75    0.79   -0.04 (VIOLATED)
ANTENNA_103/DIODE                       0.75    0.79   -0.04 (VIOLATED)
_6454_/A2                               0.75    0.79   -0.04 (VIOLATED)
_6407_/A2                               0.75    0.79   -0.04 (VIOLATED)
_6360_/A2                               0.75    0.79   -0.04 (VIOLATED)
_6289_/A2                               0.75    0.79   -0.04 (VIOLATED)
_6424_/B1                               0.75    0.79   -0.04 (VIOLATED)
ANTENNA_402/DIODE                       0.75    0.79   -0.04 (VIOLATED)
_6310_/B1                               0.75    0.79   -0.04 (VIOLATED)
_6220_/A2                               0.75    0.79   -0.04 (VIOLATED)
ANTENNA_301/DIODE                       0.75    0.79   -0.04 (VIOLATED)
_6186_/A2                               0.75    0.79   -0.04 (VIOLATED)
_6115_/X                                0.75    0.79   -0.04 (VIOLATED)
_6371_/A2                               0.75    0.79   -0.04 (VIOLATED)
_6208_/B1                               0.75    0.79   -0.04 (VIOLATED)
ANTENNA_314/DIODE                       0.75    0.78   -0.03 (VIOLATED)
_6377_/B1                               0.75    0.78   -0.03 (VIOLATED)
_6131_/C1                               0.75    0.78   -0.03 (VIOLATED)
_6130_/X                                0.75    0.78   -0.03 (VIOLATED)
_6280_/A2                               0.75    0.78   -0.03 (VIOLATED)
ANTENNA_97/DIODE                        0.75    0.78   -0.03 (VIOLATED)
_6332_/B1                               0.75    0.78   -0.03 (VIOLATED)
ANTENNA_96/DIODE                        0.75    0.78   -0.03 (VIOLATED)
_6262_/A2                               0.75    0.78   -0.03 (VIOLATED)
_6129_/B                                0.75    0.78   -0.03 (VIOLATED)
_6100_/X                                0.75    0.78   -0.03 (VIOLATED)
_6358_/A2                               0.75    0.78   -0.03 (VIOLATED)
_6409_/A2                               0.75    0.78   -0.03 (VIOLATED)
_6206_/A2                               0.75    0.78   -0.03 (VIOLATED)
_6146_/B1                               0.75    0.78   -0.03 (VIOLATED)
_6184_/A2                               0.75    0.78   -0.03 (VIOLATED)
_6439_/A2                               0.75    0.78   -0.03 (VIOLATED)
_6449_/B1                               0.75    0.78   -0.03 (VIOLATED)
_6409_/B1                               0.75    0.78   -0.03 (VIOLATED)
_6357_/B1                               0.75    0.78   -0.03 (VIOLATED)
_6375_/A2                               0.75    0.78   -0.03 (VIOLATED)
_6373_/B1                               0.75    0.78   -0.03 (VIOLATED)
_6204_/B1                               0.75    0.78   -0.03 (VIOLATED)
_6422_/B1                               0.75    0.78   -0.03 (VIOLATED)
_6158_/A2                               0.75    0.78   -0.03 (VIOLATED)
_6309_/A2                               0.75    0.78   -0.03 (VIOLATED)
_6248_/A2                               0.75    0.78   -0.03 (VIOLATED)
_6221_/A2                               0.75    0.78   -0.03 (VIOLATED)
_6456_/B1                               0.75    0.78   -0.03 (VIOLATED)
ANTENNA_312/DIODE                       0.75    0.78   -0.03 (VIOLATED)
_6252_/A2                               0.75    0.78   -0.03 (VIOLATED)
_6332_/A2                               0.75    0.78   -0.03 (VIOLATED)
_6174_/B1                               0.75    0.78   -0.03 (VIOLATED)
_6275_/B1                               0.75    0.78   -0.03 (VIOLATED)
_6224_/B1                               0.75    0.78   -0.03 (VIOLATED)
_6129_/A                                0.75    0.78   -0.03 (VIOLATED)
_6094_/X                                0.75    0.78   -0.03 (VIOLATED)
_6301_/B1                               0.75    0.78   -0.03 (VIOLATED)
ANTENNA_313/DIODE                       0.75    0.78   -0.03 (VIOLATED)
_6320_/B1                               0.75    0.78   -0.03 (VIOLATED)
_5805_/B1                               0.75    0.78   -0.03 (VIOLATED)
_6283_/B1                               0.75    0.78   -0.03 (VIOLATED)
_6129_/D                                0.75    0.78   -0.03 (VIOLATED)
_6128_/X                                0.75    0.78   -0.03 (VIOLATED)
_5939_/A2                               0.75    0.78   -0.03 (VIOLATED)
_5822_/A2                               0.75    0.78   -0.03 (VIOLATED)
_5892_/A2                               0.75    0.78   -0.03 (VIOLATED)
_6005_/A2                               0.75    0.78   -0.03 (VIOLATED)
ANTENNA_289/DIODE                       0.75    0.77   -0.02 (VIOLATED)
_5849_/A2                               0.75    0.77   -0.02 (VIOLATED)
_6030_/A2                               0.75    0.77   -0.02 (VIOLATED)
_5978_/B1                               0.75    0.77   -0.02 (VIOLATED)
_6279_/A2                               0.75    0.77   -0.02 (VIOLATED)
_6453_/A2                               0.75    0.77   -0.02 (VIOLATED)
_6313_/A2                               0.75    0.77   -0.02 (VIOLATED)
_6184_/B1                               0.75    0.77   -0.02 (VIOLATED)
_6207_/A2                               0.75    0.77   -0.02 (VIOLATED)
_6099_/A2                               0.75    0.77   -0.02 (VIOLATED)
_6245_/A2                               0.75    0.77   -0.02 (VIOLATED)
_6327_/A2                               0.75    0.77   -0.02 (VIOLATED)
ANTENNA_95/DIODE                        0.75    0.77   -0.02 (VIOLATED)
_6398_/A2                               0.75    0.77   -0.02 (VIOLATED)
_6353_/A2                               0.75    0.77   -0.02 (VIOLATED)
_6235_/B1                               0.75    0.77   -0.02 (VIOLATED)
_6427_/B1                               0.75    0.77   -0.02 (VIOLATED)
_6369_/B1                               0.75    0.77   -0.02 (VIOLATED)
_6070_/A2                               0.75    0.77   -0.02 (VIOLATED)
_6097_/X                                0.75    0.77   -0.02 (VIOLATED)
_6064_/A2                               0.75    0.77   -0.02 (VIOLATED)
_5915_/A2                               0.75    0.77   -0.02 (VIOLATED)
_5963_/A2                               0.75    0.77   -0.02 (VIOLATED)
_5876_/A2                               0.75    0.77   -0.02 (VIOLATED)
_5768_/X                                0.75    0.77   -0.02 (VIOLATED)
_5801_/B1                               0.75    0.77   -0.02 (VIOLATED)
_6038_/B1                               0.75    0.77   -0.02 (VIOLATED)
_5835_/B1                               0.75    0.77   -0.02 (VIOLATED)
_5950_/B1                               0.75    0.77   -0.02 (VIOLATED)
_6066_/A2                               0.75    0.76   -0.01 (VIOLATED)
_6160_/A2                               0.75    0.76   -0.01 (VIOLATED)
_6355_/A2                               0.75    0.76   -0.01 (VIOLATED)
ANTENNA_86/DIODE                        0.75    0.76   -0.01 (VIOLATED)
_6083_/A2                               0.75    0.76   -0.01 (VIOLATED)
_6198_/A2                               0.75    0.76   -0.01 (VIOLATED)
ANTENNA_73/DIODE                        0.75    0.76   -0.01 (VIOLATED)
ANTENNA_74/DIODE                        0.75    0.76   -0.01 (VIOLATED)
_6402_/A2                               0.75    0.76   -0.01 (VIOLATED)
_5854_/A2                               0.75    0.76   -0.01 (VIOLATED)
ANTENNA_84/DIODE                        0.75    0.76   -0.01 (VIOLATED)
_6018_/B1                               0.75    0.76   -0.01 (VIOLATED)
ANTENNA_85/DIODE                        0.75    0.76   -0.01 (VIOLATED)
_5799_/B1                               0.75    0.76   -0.01 (VIOLATED)
pad_flash_clk                           0.40    0.41   -0.01 (VIOLATED)
_5836_/A2                               0.75    0.76   -0.01 (VIOLATED)
_5951_/A2                               0.75    0.76   -0.01 (VIOLATED)
_5904_/B1                               0.75    0.76   -0.01 (VIOLATED)
ANTENNA_83/DIODE                        0.75    0.76   -0.01 (VIOLATED)
_5905_/A2                               0.75    0.76   -0.01 (VIOLATED)
_6274_/A2                               0.75    0.76   -0.01 (VIOLATED)
_6257_/A2                               0.75    0.76   -0.01 (VIOLATED)
_6229_/A2                               0.75    0.76   -0.01 (VIOLATED)
_6174_/A2                               0.75    0.76   -0.01 (VIOLATED)
_5855_/A2                               0.75    0.76   -0.01 (VIOLATED)
_5751_/C1                               0.75    0.76   -0.01 (VIOLATED)
_5750_/X                                0.75    0.76   -0.01 (VIOLATED)
_6019_/A2                               0.75    0.76   -0.01 (VIOLATED)
_5997_/B1                               0.75    0.76   -0.01 (VIOLATED)
_6039_/A2                               0.75    0.76   -0.01 (VIOLATED)
_6085_/A2                               0.75    0.76   -0.01 (VIOLATED)
_5968_/B1                               0.75    0.76   -0.01 (VIOLATED)
_5881_/A2                               0.75    0.76   -0.01 (VIOLATED)
_5927_/B1                               0.75    0.76   -0.01 (VIOLATED)
_5782_/X                                0.75    0.76   -0.01 (VIOLATED)
_6063_/A2                               0.75    0.76   -0.01 (VIOLATED)
_5969_/A2                               0.75    0.76   -0.01 (VIOLATED)
_5875_/A2                               0.75    0.76   -0.01 (VIOLATED)
_5928_/A2                               0.75    0.76   -0.01 (VIOLATED)
_5771_/X                                0.75    0.76   -0.01 (VIOLATED)
_6173_/A1                               0.75    0.76   -0.01 (VIOLATED)
_3583_/A3                               0.75    0.76   -0.01 (VIOLATED)
_3859_/A3                               0.75    0.76   -0.01 (VIOLATED)
_3555_/B1                               0.75    0.76   -0.01 (VIOLATED)
_3802_/A3                               0.75    0.76   -0.01 (VIOLATED)
_3448_/A3                               0.75    0.76   -0.01 (VIOLATED)
_3839_/A2                               0.75    0.76   -0.01 (VIOLATED)
_3749_/A3                               0.75    0.76   -0.01 (VIOLATED)
_3500_/A3                               0.75    0.76   -0.01 (VIOLATED)
_4139_/C                                0.75    0.76   -0.01 (VIOLATED)
_3659_/A3                               0.75    0.76   -0.01 (VIOLATED)
ANTENNA_422/DIODE                       0.75    0.76   -0.01 (VIOLATED)
_3599_/A3                               0.75    0.76   -0.01 (VIOLATED)
_3708_/A3                               0.75    0.76   -0.01 (VIOLATED)
_3621_/A3                               0.75    0.76   -0.01 (VIOLATED)
_3597_/B2                               0.75    0.75   -0.00 (VIOLATED)
_5835_/A1                               0.75    0.75   -0.00 (VIOLATED)
hold1467/A                              0.75    0.75   -0.00 (VIOLATED)
_6944_/Q                                0.75    0.75   -0.00 (VIOLATED)
_5852_/A3                               0.75    0.75   -0.00 (VIOLATED)
_5785_/A3                               0.75    0.75   -0.00 (VIOLATED)
_5808_/A2                               0.75    0.75   -0.00 (VIOLATED)
_5794_/A                                0.75    0.75   -0.00 (VIOLATED)
_5942_/A3                               0.75    0.75   -0.00 (VIOLATED)
_5874_/A3                               0.75    0.75   -0.00 (VIOLATED)
_5873_/A4                               0.75    0.75   -0.00 (VIOLATED)

max fanout

Pin                                   Limit Fanout  Slack
---------------------------------------------------------
fanout428/X                              20     24     -4 (VIOLATED)
fanout526/X                              20     24     -4 (VIOLATED)
fanout471/X                              20     23     -3 (VIOLATED)
fanout421/X                              20     22     -2 (VIOLATED)
fanout516/X                              20     22     -2 (VIOLATED)
fanout525/X                              20     22     -2 (VIOLATED)
fanout530/X                              20     22     -2 (VIOLATED)
fanout407/X                              20     21        (VIOLATED)
fanout413/X                              20     21        (VIOLATED)
fanout422/X                              20     21        (VIOLATED)
fanout452/X                              20     21        (VIOLATED)
fanout477/X                              20     21        (VIOLATED)
fanout479/X                              20     21        (VIOLATED)
fanout493/X                              20     21        (VIOLATED)
fanout501/X                              20     21        (VIOLATED)
fanout515/X                              20     21        (VIOLATED)
fanout517/X                              20     21        (VIOLATED)
fanout528/X                              20     21        (VIOLATED)
fanout529/X                              20     21        (VIOLATED)
hold83/X                                 20     21        (VIOLATED)


===========================================================================
max slew violation count 372
max fanout violation count 20
max cap violation count 0
============================================================================
