
===========================================================================
report_checks -path_delay min (Hold)
============================================================================
Startpoint: _6778_ (falling edge-triggered flip-flop clocked by sck)
Endpoint: _6778_ (falling edge-triggered flip-flop clocked by sck)
Path Group: sck
Path Type: min

Fanout     Cap    Slew   Delay    Time   Description
-----------------------------------------------------------------------------
                         50.00   50.00   clock sck (fall edge)
                          0.00   50.00   clock source latency
                  0.00    0.00   50.00 v mgmt_gpio_in[4] (in)
     1    0.07                           mgmt_gpio_in[4] (net)
                  0.00    0.00   50.00 v clkbuf_0_mgmt_gpio_in[4]/A (sky130_fd_sc_hd__clkbuf_16)
                  0.04    0.13   50.13 v clkbuf_0_mgmt_gpio_in[4]/X (sky130_fd_sc_hd__clkbuf_16)
     4    0.03                           clknet_0_mgmt_gpio_in[4] (net)
                  0.04    0.00   50.13 v clkbuf_2_1__f_mgmt_gpio_in[4]/A (sky130_fd_sc_hd__clkbuf_16)
                  0.04    0.14   50.27 v clkbuf_2_1__f_mgmt_gpio_in[4]/X (sky130_fd_sc_hd__clkbuf_16)
    14    0.02                           clknet_2_1__leaf_mgmt_gpio_in[4] (net)
                  0.04    0.00   50.27 v _6778_/CLK_N (sky130_fd_sc_hd__dfrtn_1)
                  0.08    0.39   50.66 ^ _6778_/Q (sky130_fd_sc_hd__dfrtn_1)
     2    0.01                           hkspi.ldata[4] (net)
                  0.08    0.00   50.66 ^ _3560_/A1 (sky130_fd_sc_hd__mux2_1)
                  0.04    0.12   50.78 ^ _3560_/X (sky130_fd_sc_hd__mux2_1)
     1    0.00                           _0388_ (net)
                  0.04    0.00   50.78 ^ _6778_/D (sky130_fd_sc_hd__dfrtn_1)
                                 50.78   data arrival time

                         50.00   50.00   clock sck (fall edge)
                          0.00   50.00   clock source latency
                  0.00    0.00   50.00 v mgmt_gpio_in[4] (in)
     1    0.07                           mgmt_gpio_in[4] (net)
                  0.00    0.00   50.00 v clkbuf_0_mgmt_gpio_in[4]/A (sky130_fd_sc_hd__clkbuf_16)
                  0.04    0.14   50.14 v clkbuf_0_mgmt_gpio_in[4]/X (sky130_fd_sc_hd__clkbuf_16)
     4    0.03                           clknet_0_mgmt_gpio_in[4] (net)
                  0.04    0.00   50.14 v clkbuf_2_1__f_mgmt_gpio_in[4]/A (sky130_fd_sc_hd__clkbuf_16)
                  0.04    0.16   50.30 v clkbuf_2_1__f_mgmt_gpio_in[4]/X (sky130_fd_sc_hd__clkbuf_16)
    14    0.02                           clknet_2_1__leaf_mgmt_gpio_in[4] (net)
                  0.04    0.00   50.30 v _6778_/CLK_N (sky130_fd_sc_hd__dfrtn_1)
                          0.10   50.40   clock uncertainty
                         -0.03   50.37   clock reconvergence pessimism
                          0.08   50.45   library hold time
                                 50.45   data required time
-----------------------------------------------------------------------------
                                 50.45   data required time
                                -50.78   data arrival time
-----------------------------------------------------------------------------
                                  0.33   slack (MET)


Startpoint: _6462_ (rising edge-triggered flip-flop clocked by sck)
Endpoint: _6463_ (rising edge-triggered flip-flop clocked by sck)
Path Group: sck
Path Type: min

Fanout     Cap    Slew   Delay    Time   Description
-----------------------------------------------------------------------------
                          0.00    0.00   clock sck (rise edge)
                          0.00    0.00   clock source latency
                  0.00    0.00    0.00 ^ mgmt_gpio_in[4] (in)
     1    0.07                           mgmt_gpio_in[4] (net)
                  0.00    0.00    0.00 ^ clkbuf_0_mgmt_gpio_in[4]/A (sky130_fd_sc_hd__clkbuf_16)
                  0.05    0.11    0.11 ^ clkbuf_0_mgmt_gpio_in[4]/X (sky130_fd_sc_hd__clkbuf_16)
     4    0.03                           clknet_0_mgmt_gpio_in[4] (net)
                  0.05    0.00    0.11 ^ clkbuf_2_2__f_mgmt_gpio_in[4]/A (sky130_fd_sc_hd__clkbuf_16)
                  0.05    0.13    0.25 ^ clkbuf_2_2__f_mgmt_gpio_in[4]/X (sky130_fd_sc_hd__clkbuf_16)
    15    0.03                           clknet_2_2__leaf_mgmt_gpio_in[4] (net)
                  0.05    0.00    0.25 ^ _6462_/CLK (sky130_fd_sc_hd__dfrtp_4)
                  0.10    0.42    0.67 ^ _6462_/Q (sky130_fd_sc_hd__dfrtp_4)
     6    0.02                           hkspi.addr[2] (net)
                  0.10    0.00    0.67 ^ _3837_/A1 (sky130_fd_sc_hd__a221o_1)
                  0.05    0.14    0.81 ^ _3837_/X (sky130_fd_sc_hd__a221o_1)
     1    0.00                           _1419_ (net)
                  0.05    0.00    0.81 ^ _3838_/B1 (sky130_fd_sc_hd__o21a_1)
                  0.04    0.10    0.91 ^ _3838_/X (sky130_fd_sc_hd__o21a_1)
     1    0.00                           _0093_ (net)
                  0.04    0.00    0.91 ^ _6463_/D (sky130_fd_sc_hd__dfrtp_4)
                                  0.91   data arrival time

                          0.00    0.00   clock sck (rise edge)
                          0.00    0.00   clock source latency
                  0.00    0.00    0.00 ^ mgmt_gpio_in[4] (in)
     1    0.07                           mgmt_gpio_in[4] (net)
                  0.00    0.00    0.00 ^ clkbuf_0_mgmt_gpio_in[4]/A (sky130_fd_sc_hd__clkbuf_16)
                  0.05    0.13    0.13 ^ clkbuf_0_mgmt_gpio_in[4]/X (sky130_fd_sc_hd__clkbuf_16)
     4    0.03                           clknet_0_mgmt_gpio_in[4] (net)
                  0.05    0.00    0.13 ^ clkbuf_2_2__f_mgmt_gpio_in[4]/A (sky130_fd_sc_hd__clkbuf_16)
                  0.05    0.15    0.27 ^ clkbuf_2_2__f_mgmt_gpio_in[4]/X (sky130_fd_sc_hd__clkbuf_16)
    15    0.03                           clknet_2_2__leaf_mgmt_gpio_in[4] (net)
                  0.05    0.00    0.27 ^ _6463_/CLK (sky130_fd_sc_hd__dfrtp_4)
                          0.10    0.37   clock uncertainty
                         -0.03    0.35   clock reconvergence pessimism
                         -0.03    0.31   library hold time
                                  0.31   data required time
-----------------------------------------------------------------------------
                                  0.31   data required time
                                 -0.91   data arrival time
-----------------------------------------------------------------------------
                                  0.60   slack (MET)


Startpoint: _6461_ (rising edge-triggered flip-flop clocked by sck)
Endpoint: _6462_ (rising edge-triggered flip-flop clocked by sck)
Path Group: sck
Path Type: min

Fanout     Cap    Slew   Delay    Time   Description
-----------------------------------------------------------------------------
                          0.00    0.00   clock sck (rise edge)
                          0.00    0.00   clock source latency
                  0.00    0.00    0.00 ^ mgmt_gpio_in[4] (in)
     1    0.07                           mgmt_gpio_in[4] (net)
                  0.00    0.00    0.00 ^ clkbuf_0_mgmt_gpio_in[4]/A (sky130_fd_sc_hd__clkbuf_16)
                  0.05    0.11    0.11 ^ clkbuf_0_mgmt_gpio_in[4]/X (sky130_fd_sc_hd__clkbuf_16)
     4    0.03                           clknet_0_mgmt_gpio_in[4] (net)
                  0.05    0.00    0.11 ^ clkbuf_2_2__f_mgmt_gpio_in[4]/A (sky130_fd_sc_hd__clkbuf_16)
                  0.05    0.13    0.25 ^ clkbuf_2_2__f_mgmt_gpio_in[4]/X (sky130_fd_sc_hd__clkbuf_16)
    15    0.03                           clknet_2_2__leaf_mgmt_gpio_in[4] (net)
                  0.05    0.00    0.25 ^ _6461_/CLK (sky130_fd_sc_hd__dfrtp_4)
                  0.10    0.43    0.67 ^ _6461_/Q (sky130_fd_sc_hd__dfrtp_4)
     7    0.03                           hkspi.addr[1] (net)
                  0.10    0.00    0.68 ^ _3839_/C1 (sky130_fd_sc_hd__o211a_1)
                  0.07    0.17    0.84 ^ _3839_/X (sky130_fd_sc_hd__o211a_1)
     1    0.01                           _1420_ (net)
                  0.07    0.00    0.84 ^ _3841_/A (sky130_fd_sc_hd__xnor2_1)
                  0.03    0.07    0.91 v _3841_/Y (sky130_fd_sc_hd__xnor2_1)
     1    0.00                           _0092_ (net)
                  0.03    0.00    0.91 v _6462_/D (sky130_fd_sc_hd__dfrtp_4)
                                  0.91   data arrival time

                          0.00    0.00   clock sck (rise edge)
                          0.00    0.00   clock source latency
                  0.00    0.00    0.00 ^ mgmt_gpio_in[4] (in)
     1    0.07                           mgmt_gpio_in[4] (net)
                  0.00    0.00    0.00 ^ clkbuf_0_mgmt_gpio_in[4]/A (sky130_fd_sc_hd__clkbuf_16)
                  0.05    0.13    0.13 ^ clkbuf_0_mgmt_gpio_in[4]/X (sky130_fd_sc_hd__clkbuf_16)
     4    0.03                           clknet_0_mgmt_gpio_in[4] (net)
                  0.05    0.00    0.13 ^ clkbuf_2_2__f_mgmt_gpio_in[4]/A (sky130_fd_sc_hd__clkbuf_16)
                  0.05    0.15    0.27 ^ clkbuf_2_2__f_mgmt_gpio_in[4]/X (sky130_fd_sc_hd__clkbuf_16)
    15    0.03                           clknet_2_2__leaf_mgmt_gpio_in[4] (net)
                  0.05    0.00    0.27 ^ _6462_/CLK (sky130_fd_sc_hd__dfrtp_4)
                          0.10    0.37   clock uncertainty
                         -0.03    0.35   clock reconvergence pessimism
                         -0.03    0.31   library hold time
                                  0.31   data required time
-----------------------------------------------------------------------------
                                  0.31   data required time
                                 -0.91   data arrival time
-----------------------------------------------------------------------------
                                  0.60   slack (MET)


Startpoint: _6656_ (rising edge-triggered flip-flop clocked by sck)
Endpoint: _6654_ (rising edge-triggered flip-flop clocked by sck)
Path Group: sck
Path Type: min

Fanout     Cap    Slew   Delay    Time   Description
-----------------------------------------------------------------------------
                          0.00    0.00   clock sck (rise edge)
                          0.00    0.00   clock source latency
                  0.00    0.00    0.00 ^ mgmt_gpio_in[4] (in)
     1    0.07                           mgmt_gpio_in[4] (net)
                  0.00    0.00    0.00 ^ clkbuf_0_mgmt_gpio_in[4]/A (sky130_fd_sc_hd__clkbuf_16)
                  0.05    0.11    0.11 ^ clkbuf_0_mgmt_gpio_in[4]/X (sky130_fd_sc_hd__clkbuf_16)
     4    0.03                           clknet_0_mgmt_gpio_in[4] (net)
                  0.05    0.00    0.11 ^ clkbuf_2_2__f_mgmt_gpio_in[4]/A (sky130_fd_sc_hd__clkbuf_16)
                  0.05    0.13    0.25 ^ clkbuf_2_2__f_mgmt_gpio_in[4]/X (sky130_fd_sc_hd__clkbuf_16)
    15    0.03                           clknet_2_2__leaf_mgmt_gpio_in[4] (net)
                  0.05    0.00    0.25 ^ _6656_/CLK (sky130_fd_sc_hd__dfrtp_4)
                  0.22    0.52    0.77 ^ _6656_/Q (sky130_fd_sc_hd__dfrtp_4)
    10    0.07                           hkspi.state[2] (net)
                  0.22    0.00    0.77 ^ _3905_/A1 (sky130_fd_sc_hd__a31o_1)
                  0.04    0.16    0.93 ^ _3905_/X (sky130_fd_sc_hd__a31o_1)
     1    0.00                           _0004_ (net)
                  0.04    0.00    0.93 ^ _6654_/D (sky130_fd_sc_hd__dfstp_4)
                                  0.93   data arrival time

                          0.00    0.00   clock sck (rise edge)
                          0.00    0.00   clock source latency
                  0.00    0.00    0.00 ^ mgmt_gpio_in[4] (in)
     1    0.07                           mgmt_gpio_in[4] (net)
                  0.00    0.00    0.00 ^ clkbuf_0_mgmt_gpio_in[4]/A (sky130_fd_sc_hd__clkbuf_16)
                  0.05    0.13    0.13 ^ clkbuf_0_mgmt_gpio_in[4]/X (sky130_fd_sc_hd__clkbuf_16)
     4    0.03                           clknet_0_mgmt_gpio_in[4] (net)
                  0.05    0.00    0.13 ^ clkbuf_2_1__f_mgmt_gpio_in[4]/A (sky130_fd_sc_hd__clkbuf_16)
                  0.05    0.14    0.27 ^ clkbuf_2_1__f_mgmt_gpio_in[4]/X (sky130_fd_sc_hd__clkbuf_16)
    14    0.03                           clknet_2_1__leaf_mgmt_gpio_in[4] (net)
                  0.05    0.00    0.27 ^ _6654_/CLK (sky130_fd_sc_hd__dfstp_4)
                          0.10    0.37   clock uncertainty
                         -0.01    0.36   clock reconvergence pessimism
                         -0.03    0.32   library hold time
                                  0.32   data required time
-----------------------------------------------------------------------------
                                  0.32   data required time
                                 -0.93   data arrival time
-----------------------------------------------------------------------------
                                  0.61   slack (MET)


Startpoint: _6654_ (rising edge-triggered flip-flop clocked by sck)
Endpoint: _6449_ (rising edge-triggered flip-flop clocked by sck)
Path Group: sck
Path Type: min

Fanout     Cap    Slew   Delay    Time   Description
-----------------------------------------------------------------------------
                          0.00    0.00   clock sck (rise edge)
                          0.00    0.00   clock source latency
                  0.00    0.00    0.00 ^ mgmt_gpio_in[4] (in)
     1    0.07                           mgmt_gpio_in[4] (net)
                  0.00    0.00    0.00 ^ clkbuf_0_mgmt_gpio_in[4]/A (sky130_fd_sc_hd__clkbuf_16)
                  0.05    0.11    0.11 ^ clkbuf_0_mgmt_gpio_in[4]/X (sky130_fd_sc_hd__clkbuf_16)
     4    0.03                           clknet_0_mgmt_gpio_in[4] (net)
                  0.05    0.00    0.11 ^ clkbuf_2_1__f_mgmt_gpio_in[4]/A (sky130_fd_sc_hd__clkbuf_16)
                  0.05    0.13    0.24 ^ clkbuf_2_1__f_mgmt_gpio_in[4]/X (sky130_fd_sc_hd__clkbuf_16)
    14    0.03                           clknet_2_1__leaf_mgmt_gpio_in[4] (net)
                  0.05    0.00    0.24 ^ _6654_/CLK (sky130_fd_sc_hd__dfstp_4)
                  0.09    0.49    0.73 v _6654_/Q (sky130_fd_sc_hd__dfstp_4)
     9    0.05                           hkspi.state[0] (net)
                  0.09    0.00    0.73 v _3857_/A (sky130_fd_sc_hd__nand2_1)
                  0.06    0.08    0.82 ^ _3857_/Y (sky130_fd_sc_hd__nand2_1)
     1    0.01                           _1430_ (net)
                  0.06    0.00    0.82 ^ _3858_/S (sky130_fd_sc_hd__mux2_1)
                  0.05    0.13    0.95 ^ _3858_/X (sky130_fd_sc_hd__mux2_1)
     1    0.00                           _0079_ (net)
                  0.05    0.00    0.95 ^ _6449_/D (sky130_fd_sc_hd__dfrtp_1)
                                  0.95   data arrival time

                          0.00    0.00   clock sck (rise edge)
                          0.00    0.00   clock source latency
                  0.00    0.00    0.00 ^ mgmt_gpio_in[4] (in)
     1    0.07                           mgmt_gpio_in[4] (net)
                  0.00    0.00    0.00 ^ clkbuf_0_mgmt_gpio_in[4]/A (sky130_fd_sc_hd__clkbuf_16)
                  0.05    0.13    0.13 ^ clkbuf_0_mgmt_gpio_in[4]/X (sky130_fd_sc_hd__clkbuf_16)
     4    0.03                           clknet_0_mgmt_gpio_in[4] (net)
                  0.05    0.00    0.13 ^ clkbuf_2_2__f_mgmt_gpio_in[4]/A (sky130_fd_sc_hd__clkbuf_16)
                  0.05    0.15    0.27 ^ clkbuf_2_2__f_mgmt_gpio_in[4]/X (sky130_fd_sc_hd__clkbuf_16)
    15    0.03                           clknet_2_2__leaf_mgmt_gpio_in[4] (net)
                  0.05    0.00    0.27 ^ _6449_/CLK (sky130_fd_sc_hd__dfrtp_1)
                          0.10    0.37   clock uncertainty
                         -0.01    0.36   clock reconvergence pessimism
                         -0.03    0.33   library hold time
                                  0.33   data required time
-----------------------------------------------------------------------------
                                  0.33   data required time
                                 -0.95   data arrival time
-----------------------------------------------------------------------------
                                  0.62   slack (MET)


Startpoint: _7144_ (rising edge-triggered flip-flop clocked by wb_clk_i)
Endpoint: _7145_ (rising edge-triggered flip-flop clocked by wb_clk_i)
Path Group: wb_clk_i
Path Type: min

Fanout     Cap    Slew   Delay    Time   Description
-----------------------------------------------------------------------------
                          0.00    0.00   clock wb_clk_i (rise edge)
                          0.00    0.00   clock source latency
                  0.00    0.00    0.00 ^ wb_clk_i (in)
     2    0.09                           wb_clk_i (net)
                  0.01    0.01    0.01 ^ clkbuf_0_wb_clk_i/A (sky130_fd_sc_hd__clkbuf_16)
                  0.14    0.18    0.18 ^ clkbuf_0_wb_clk_i/X (sky130_fd_sc_hd__clkbuf_16)
     8    0.13                           clknet_0_wb_clk_i (net)
                  0.14    0.01    0.19 ^ clkbuf_3_3__f_wb_clk_i/A (sky130_fd_sc_hd__clkbuf_16)
                  0.07    0.17    0.36 ^ clkbuf_3_3__f_wb_clk_i/X (sky130_fd_sc_hd__clkbuf_16)
    13    0.05                           clknet_3_3__leaf_wb_clk_i (net)
                  0.07    0.00    0.37 ^ _7144_/CLK (sky130_fd_sc_hd__dfrtp_4)
                  0.08    0.49    0.85 v _7144_/Q (sky130_fd_sc_hd__dfrtp_4)
     4    0.02                           xfer_count[2] (net)
                  0.08    0.00    0.85 v _5599_/C (sky130_fd_sc_hd__nand4_2)
                  0.08    0.12    0.98 ^ _5599_/Y (sky130_fd_sc_hd__nand4_2)
     3    0.01                           _2448_ (net)
                  0.08    0.00    0.98 ^ _5603_/A2 (sky130_fd_sc_hd__a21oi_1)
                  0.04    0.08    1.06 v _5603_/Y (sky130_fd_sc_hd__a21oi_1)
     1    0.01                           _0755_ (net)
                  0.04    0.00    1.06 v _7145_/D (sky130_fd_sc_hd__dfrtp_2)
                                  1.06   data arrival time

                          0.00    0.00   clock wb_clk_i (rise edge)
                          0.00    0.00   clock source latency
                  0.00    0.00    0.00 ^ wb_clk_i (in)
     2    0.09                           wb_clk_i (net)
                  0.01    0.01    0.01 ^ clkbuf_0_wb_clk_i/A (sky130_fd_sc_hd__clkbuf_16)
                  0.14    0.20    0.20 ^ clkbuf_0_wb_clk_i/X (sky130_fd_sc_hd__clkbuf_16)
     8    0.13                           clknet_0_wb_clk_i (net)
                  0.14    0.01    0.21 ^ clkbuf_3_4__f_wb_clk_i/A (sky130_fd_sc_hd__clkbuf_16)
                  0.07    0.19    0.40 ^ clkbuf_3_4__f_wb_clk_i/X (sky130_fd_sc_hd__clkbuf_16)
    10    0.05                           clknet_3_4__leaf_wb_clk_i (net)
                  0.07    0.00    0.40 ^ _7145_/CLK (sky130_fd_sc_hd__dfrtp_2)
                          0.10    0.50   clock uncertainty
                         -0.02    0.48   clock reconvergence pessimism
                         -0.04    0.45   library hold time
                                  0.45   data required time
-----------------------------------------------------------------------------
                                  0.45   data required time
                                 -1.06   data arrival time
-----------------------------------------------------------------------------
                                  0.61   slack (MET)


Startpoint: _6686_ (rising edge-triggered flip-flop clocked by wb_clk_i)
Endpoint: _6686_ (rising edge-triggered flip-flop clocked by wb_clk_i)
Path Group: wb_clk_i
Path Type: min

Fanout     Cap    Slew   Delay    Time   Description
-----------------------------------------------------------------------------
                          0.00    0.00   clock wb_clk_i (rise edge)
                          0.00    0.00   clock source latency
                  0.00    0.00    0.00 ^ wb_clk_i (in)
     2    0.09                           wb_clk_i (net)
                  0.01    0.01    0.01 ^ clkbuf_0_wb_clk_i/A (sky130_fd_sc_hd__clkbuf_16)
                  0.14    0.18    0.18 ^ clkbuf_0_wb_clk_i/X (sky130_fd_sc_hd__clkbuf_16)
     8    0.13                           clknet_0_wb_clk_i (net)
                  0.14    0.01    0.19 ^ clkbuf_3_5__f_wb_clk_i/A (sky130_fd_sc_hd__clkbuf_16)
                  0.07    0.18    0.37 ^ clkbuf_3_5__f_wb_clk_i/X (sky130_fd_sc_hd__clkbuf_16)
    14    0.05                           clknet_3_5__leaf_wb_clk_i (net)
                  0.07    0.00    0.37 ^ _6686_/CLK (sky130_fd_sc_hd__dfrtp_4)
                  0.23    0.53    0.91 ^ _6686_/Q (sky130_fd_sc_hd__dfrtp_4)
    14    0.08                           wbbd_state[10] (net)
                  0.23    0.00    0.91 ^ _3919_/A1 (sky130_fd_sc_hd__a21o_1)
                  0.05    0.15    1.06 ^ _3919_/X (sky130_fd_sc_hd__a21o_1)
     1    0.00                           _0010_ (net)
                  0.05    0.00    1.06 ^ _6686_/D (sky130_fd_sc_hd__dfrtp_4)
                                  1.06   data arrival time

                          0.00    0.00   clock wb_clk_i (rise edge)
                          0.00    0.00   clock source latency
                  0.00    0.00    0.00 ^ wb_clk_i (in)
     2    0.09                           wb_clk_i (net)
                  0.01    0.01    0.01 ^ clkbuf_0_wb_clk_i/A (sky130_fd_sc_hd__clkbuf_16)
                  0.14    0.20    0.20 ^ clkbuf_0_wb_clk_i/X (sky130_fd_sc_hd__clkbuf_16)
     8    0.13                           clknet_0_wb_clk_i (net)
                  0.14    0.01    0.21 ^ clkbuf_3_5__f_wb_clk_i/A (sky130_fd_sc_hd__clkbuf_16)
                  0.07    0.19    0.41 ^ clkbuf_3_5__f_wb_clk_i/X (sky130_fd_sc_hd__clkbuf_16)
    14    0.05                           clknet_3_5__leaf_wb_clk_i (net)
                  0.07    0.00    0.41 ^ _6686_/CLK (sky130_fd_sc_hd__dfrtp_4)
                          0.10    0.51   clock uncertainty
                         -0.04    0.47   clock reconvergence pessimism
                         -0.03    0.44   library hold time
                                  0.44   data required time
-----------------------------------------------------------------------------
                                  0.44   data required time
                                 -1.06   data arrival time
-----------------------------------------------------------------------------
                                  0.62   slack (MET)


Startpoint: _7153_ (rising edge-triggered flip-flop clocked by wb_clk_i)
Endpoint: _7153_ (rising edge-triggered flip-flop clocked by wb_clk_i)
Path Group: wb_clk_i
Path Type: min

Fanout     Cap    Slew   Delay    Time   Description
-----------------------------------------------------------------------------
                          0.00    0.00   clock wb_clk_i (rise edge)
                          0.00    0.00   clock source latency
                  0.00    0.00    0.00 ^ wb_clk_i (in)
     2    0.09                           wb_clk_i (net)
                  0.01    0.01    0.01 ^ clkbuf_0_wb_clk_i/A (sky130_fd_sc_hd__clkbuf_16)
                  0.14    0.18    0.18 ^ clkbuf_0_wb_clk_i/X (sky130_fd_sc_hd__clkbuf_16)
     8    0.13                           clknet_0_wb_clk_i (net)
                  0.14    0.01    0.19 ^ clkbuf_3_7__f_wb_clk_i/A (sky130_fd_sc_hd__clkbuf_16)
                  0.08    0.18    0.38 ^ clkbuf_3_7__f_wb_clk_i/X (sky130_fd_sc_hd__clkbuf_16)
    20    0.07                           clknet_3_7__leaf_wb_clk_i (net)
                  0.08    0.00    0.38 ^ _7153_/CLK (sky130_fd_sc_hd__dfrtp_4)
                  0.13    0.46    0.85 ^ _7153_/Q (sky130_fd_sc_hd__dfrtp_4)
     6    0.04                           pad_count_2[2] (net)
                  0.13    0.00    0.85 ^ _5628_/A1 (sky130_fd_sc_hd__a21oi_1)
                  0.05    0.08    0.93 v _5628_/Y (sky130_fd_sc_hd__a21oi_1)
     1    0.00                           _2468_ (net)
                  0.05    0.00    0.93 v _5629_/B1 (sky130_fd_sc_hd__a21oi_1)
                  0.11    0.13    1.05 ^ _5629_/Y (sky130_fd_sc_hd__a21oi_1)
     1    0.00                           _0763_ (net)
                  0.11    0.00    1.05 ^ _7153_/D (sky130_fd_sc_hd__dfrtp_4)
                                  1.05   data arrival time

                          0.00    0.00   clock wb_clk_i (rise edge)
                          0.00    0.00   clock source latency
                  0.00    0.00    0.00 ^ wb_clk_i (in)
     2    0.09                           wb_clk_i (net)
                  0.01    0.01    0.01 ^ clkbuf_0_wb_clk_i/A (sky130_fd_sc_hd__clkbuf_16)
                  0.14    0.20    0.20 ^ clkbuf_0_wb_clk_i/X (sky130_fd_sc_hd__clkbuf_16)
     8    0.13                           clknet_0_wb_clk_i (net)
                  0.14    0.01    0.22 ^ clkbuf_3_7__f_wb_clk_i/A (sky130_fd_sc_hd__clkbuf_16)
                  0.08    0.20    0.42 ^ clkbuf_3_7__f_wb_clk_i/X (sky130_fd_sc_hd__clkbuf_16)
    20    0.07                           clknet_3_7__leaf_wb_clk_i (net)
                  0.08    0.00    0.42 ^ _7153_/CLK (sky130_fd_sc_hd__dfrtp_4)
                          0.10    0.52   clock uncertainty
                         -0.04    0.48   clock reconvergence pessimism
                         -0.04    0.44   library hold time
                                  0.44   data required time
-----------------------------------------------------------------------------
                                  0.44   data required time
                                 -1.05   data arrival time
-----------------------------------------------------------------------------
                                  0.62   slack (MET)


Startpoint: _6766_ (rising edge-triggered flip-flop clocked by wb_clk_i)
Endpoint: _6766_ (rising edge-triggered flip-flop clocked by wb_clk_i)
Path Group: wb_clk_i
Path Type: min

Fanout     Cap    Slew   Delay    Time   Description
-----------------------------------------------------------------------------
                          0.00    0.00   clock wb_clk_i (rise edge)
                          0.00    0.00   clock source latency
                  0.00    0.00    0.00 ^ wb_clk_i (in)
     2    0.09                           wb_clk_i (net)
                  0.01    0.01    0.01 ^ clkbuf_0_wb_clk_i/A (sky130_fd_sc_hd__clkbuf_16)
                  0.14    0.18    0.18 ^ clkbuf_0_wb_clk_i/X (sky130_fd_sc_hd__clkbuf_16)
     8    0.13                           clknet_0_wb_clk_i (net)
                  0.14    0.01    0.19 ^ clkbuf_3_3__f_wb_clk_i/A (sky130_fd_sc_hd__clkbuf_16)
                  0.07    0.17    0.36 ^ clkbuf_3_3__f_wb_clk_i/X (sky130_fd_sc_hd__clkbuf_16)
    13    0.05                           clknet_3_3__leaf_wb_clk_i (net)
                  0.07    0.00    0.37 ^ _6766_/CLK (sky130_fd_sc_hd__dfrtp_1)
                  0.07    0.38    0.75 v _6766_/Q (sky130_fd_sc_hd__dfrtp_1)
     2    0.01                           wbbd_addr[4] (net)
                  0.07    0.00    0.75 v _3187_/A (sky130_fd_sc_hd__inv_2)
                  0.04    0.06    0.81 ^ _3187_/Y (sky130_fd_sc_hd__inv_2)
     1    0.01                           _0820_ (net)
                  0.04    0.00    0.81 ^ _5094_/A1 (sky130_fd_sc_hd__o211a_1)
                  0.07    0.16    0.97 ^ _5094_/X (sky130_fd_sc_hd__o211a_1)
     1    0.01                           _2313_ (net)
                  0.07    0.00    0.97 ^ _5119_/A (sky130_fd_sc_hd__nand3_1)
                  0.06    0.07    1.04 v _5119_/Y (sky130_fd_sc_hd__nand3_1)
     1    0.00                           _0376_ (net)
                  0.06    0.00    1.04 v _6766_/D (sky130_fd_sc_hd__dfrtp_1)
                                  1.04   data arrival time

                          0.00    0.00   clock wb_clk_i (rise edge)
                          0.00    0.00   clock source latency
                  0.00    0.00    0.00 ^ wb_clk_i (in)
     2    0.09                           wb_clk_i (net)
                  0.01    0.01    0.01 ^ clkbuf_0_wb_clk_i/A (sky130_fd_sc_hd__clkbuf_16)
                  0.14    0.20    0.20 ^ clkbuf_0_wb_clk_i/X (sky130_fd_sc_hd__clkbuf_16)
     8    0.13                           clknet_0_wb_clk_i (net)
                  0.14    0.01    0.21 ^ clkbuf_3_3__f_wb_clk_i/A (sky130_fd_sc_hd__clkbuf_16)
                  0.07    0.19    0.40 ^ clkbuf_3_3__f_wb_clk_i/X (sky130_fd_sc_hd__clkbuf_16)
    13    0.05                           clknet_3_3__leaf_wb_clk_i (net)
                  0.07    0.00    0.41 ^ _6766_/CLK (sky130_fd_sc_hd__dfrtp_1)
                          0.10    0.51   clock uncertainty
                         -0.04    0.47   clock reconvergence pessimism
                         -0.05    0.42   library hold time
                                  0.42   data required time
-----------------------------------------------------------------------------
                                  0.42   data required time
                                 -1.04   data arrival time
-----------------------------------------------------------------------------
                                  0.62   slack (MET)


Startpoint: _7144_ (rising edge-triggered flip-flop clocked by wb_clk_i)
Endpoint: _7144_ (rising edge-triggered flip-flop clocked by wb_clk_i)
Path Group: wb_clk_i
Path Type: min

Fanout     Cap    Slew   Delay    Time   Description
-----------------------------------------------------------------------------
                          0.00    0.00   clock wb_clk_i (rise edge)
                          0.00    0.00   clock source latency
                  0.00    0.00    0.00 ^ wb_clk_i (in)
     2    0.09                           wb_clk_i (net)
                  0.01    0.01    0.01 ^ clkbuf_0_wb_clk_i/A (sky130_fd_sc_hd__clkbuf_16)
                  0.14    0.18    0.18 ^ clkbuf_0_wb_clk_i/X (sky130_fd_sc_hd__clkbuf_16)
     8    0.13                           clknet_0_wb_clk_i (net)
                  0.14    0.01    0.19 ^ clkbuf_3_3__f_wb_clk_i/A (sky130_fd_sc_hd__clkbuf_16)
                  0.07    0.17    0.36 ^ clkbuf_3_3__f_wb_clk_i/X (sky130_fd_sc_hd__clkbuf_16)
    13    0.05                           clknet_3_3__leaf_wb_clk_i (net)
                  0.07    0.00    0.37 ^ _7144_/CLK (sky130_fd_sc_hd__dfrtp_4)
                  0.10    0.43    0.79 ^ _7144_/Q (sky130_fd_sc_hd__dfrtp_4)
     4    0.02                           xfer_count[2] (net)
                  0.10    0.00    0.80 ^ _5600_/B1 (sky130_fd_sc_hd__a31o_1)
                  0.04    0.10    0.89 ^ _5600_/X (sky130_fd_sc_hd__a31o_1)
     1    0.00                           _2449_ (net)
                  0.04    0.00    0.89 ^ _5601_/C (sky130_fd_sc_hd__and3_1)
                  0.08    0.16    1.06 ^ _5601_/X (sky130_fd_sc_hd__and3_1)
     1    0.01                           _0754_ (net)
                  0.08    0.00    1.06 ^ _7144_/D (sky130_fd_sc_hd__dfrtp_4)
                                  1.06   data arrival time

                          0.00    0.00   clock wb_clk_i (rise edge)
                          0.00    0.00   clock source latency
                  0.00    0.00    0.00 ^ wb_clk_i (in)
     2    0.09                           wb_clk_i (net)
                  0.01    0.01    0.01 ^ clkbuf_0_wb_clk_i/A (sky130_fd_sc_hd__clkbuf_16)
                  0.14    0.20    0.20 ^ clkbuf_0_wb_clk_i/X (sky130_fd_sc_hd__clkbuf_16)
     8    0.13                           clknet_0_wb_clk_i (net)
                  0.14    0.01    0.21 ^ clkbuf_3_3__f_wb_clk_i/A (sky130_fd_sc_hd__clkbuf_16)
                  0.07    0.19    0.40 ^ clkbuf_3_3__f_wb_clk_i/X (sky130_fd_sc_hd__clkbuf_16)
    13    0.05                           clknet_3_3__leaf_wb_clk_i (net)
                  0.07    0.00    0.41 ^ _7144_/CLK (sky130_fd_sc_hd__dfrtp_4)
                          0.10    0.51   clock uncertainty
                         -0.04    0.47   clock reconvergence pessimism
                         -0.04    0.43   library hold time
                                  0.43   data required time
-----------------------------------------------------------------------------
                                  0.43   data required time
                                 -1.06   data arrival time
-----------------------------------------------------------------------------
                                  0.63   slack (MET)


Startpoint: _6799_ (rising edge-triggered flip-flop clocked by sck)
Endpoint: _6799_ (rising edge-triggered flip-flop clocked by wbbd_sck)
Path Group: wbbd_sck
Path Type: min

Fanout     Cap    Slew   Delay    Time   Description
-----------------------------------------------------------------------------
                          0.00    0.00   clock sck (rise edge)
                          0.00    0.00   clock source latency
                  0.00    0.00    0.00 ^ mgmt_gpio_in[4] (in)
     1    0.07                           mgmt_gpio_in[4] (net)
                  0.00    0.00    0.00 ^ clkbuf_0_mgmt_gpio_in[4]/A (sky130_fd_sc_hd__clkbuf_16)
                  0.05    0.11    0.11 ^ clkbuf_0_mgmt_gpio_in[4]/X (sky130_fd_sc_hd__clkbuf_16)
     4    0.03                           clknet_0_mgmt_gpio_in[4] (net)
                  0.05    0.00    0.11 ^ clkbuf_2_3__f_mgmt_gpio_in[4]/A (sky130_fd_sc_hd__clkbuf_16)
                  0.05    0.13    0.24 ^ clkbuf_2_3__f_mgmt_gpio_in[4]/X (sky130_fd_sc_hd__clkbuf_16)
    11    0.02                           clknet_2_3__leaf_mgmt_gpio_in[4] (net)
                  0.05    0.00    0.24 ^ net399_2/A (sky130_fd_sc_hd__inv_2)
                  0.02    0.03    0.27 v net399_2/Y (sky130_fd_sc_hd__inv_2)
     1    0.01                           net488 (net)
                  0.02    0.00    0.27 v _3954_/B (sky130_fd_sc_hd__nor2_2)
                  0.07    0.06    0.33 ^ _3954_/Y (sky130_fd_sc_hd__nor2_2)
     1    0.00                           _1474_ (net)
                  0.07    0.00    0.33 ^ _3955_/B2 (sky130_fd_sc_hd__a22o_2)
                  0.24    0.27    0.60 ^ _3955_/X (sky130_fd_sc_hd__a22o_2)
     1    0.05                           csclk (net)
                  0.24    0.00    0.61 ^ clkbuf_0_csclk/A (sky130_fd_sc_hd__clkbuf_16)
                  0.20    0.29    0.90 ^ clkbuf_0_csclk/X (sky130_fd_sc_hd__clkbuf_16)
     8    0.19                           clknet_0_csclk (net)
                  0.20    0.01    0.91 ^ clkbuf_3_0_0_csclk/A (sky130_fd_sc_hd__clkbuf_8)
                  0.24    0.30    1.21 ^ clkbuf_3_0_0_csclk/X (sky130_fd_sc_hd__clkbuf_8)
    10    0.14                           clknet_3_0_0_csclk (net)
                  0.24    0.01    1.22 ^ clkbuf_leaf_68_csclk/A (sky130_fd_sc_hd__clkbuf_16)
                  0.07    0.20    1.42 ^ clkbuf_leaf_68_csclk/X (sky130_fd_sc_hd__clkbuf_16)
    14    0.05                           clknet_leaf_68_csclk (net)
                  0.07    0.00    1.42 ^ _6799_/CLK (sky130_fd_sc_hd__dfstp_2)
                  0.08    0.40    1.82 v _6799_/Q (sky130_fd_sc_hd__dfstp_2)
     3    0.03                           net283 (net)
                  0.08    0.00    1.82 v hold2143/A (sky130_fd_sc_hd__clkdlybuf4s50_2)
                  0.05    0.46    2.29 v hold2143/X (sky130_fd_sc_hd__clkdlybuf4s50_2)
     1    0.00                           net2632 (net)
                  0.05    0.00    2.29 v hold443/A (sky130_fd_sc_hd__dlymetal6s2s_1)
                  0.04    0.12    2.41 v hold443/X (sky130_fd_sc_hd__dlymetal6s2s_1)
     1    0.00                           net931 (net)
                  0.04    0.00    2.41 v _5196_/A0 (sky130_fd_sc_hd__mux2_1)
                  0.06    0.27    2.68 v _5196_/X (sky130_fd_sc_hd__mux2_1)
     1    0.00                           _0409_ (net)
                  0.06    0.00    2.68 v _6799_/D (sky130_fd_sc_hd__dfstp_2)
                                  2.68   data arrival time

                          0.00    0.00   clock wbbd_sck (rise edge)
                          0.00    0.00   clock source latency
                  0.00    0.00    0.00 ^ wb_clk_i (in)
     2    0.09                           wb_clk_i (net)
                  0.01    0.01    0.01 ^ clkbuf_0_wb_clk_i/A (sky130_fd_sc_hd__clkbuf_16)
                  0.14    0.20    0.20 ^ clkbuf_0_wb_clk_i/X (sky130_fd_sc_hd__clkbuf_16)
     8    0.13                           clknet_0_wb_clk_i (net)
                  0.14    0.01    0.21 ^ clkbuf_3_4__f_wb_clk_i/A (sky130_fd_sc_hd__clkbuf_16)
                  0.07    0.19    0.40 ^ clkbuf_3_4__f_wb_clk_i/X (sky130_fd_sc_hd__clkbuf_16)
    10    0.05                           clknet_3_4__leaf_wb_clk_i (net)
                  0.07    0.00    0.40 ^ _7203_/CLK (sky130_fd_sc_hd__dfrtp_2)
                  0.06    0.38    0.78 ^ _7203_/Q (sky130_fd_sc_hd__dfrtp_2)
     1    0.01                           wbbd_sck (net)
                  0.06    0.00    0.78 ^ clkbuf_0_wbbd_sck/A (sky130_fd_sc_hd__clkbuf_16)
                  0.04    0.14    0.92 ^ clkbuf_0_wbbd_sck/X (sky130_fd_sc_hd__clkbuf_16)
     2    0.02                           clknet_0_wbbd_sck (net)
                  0.04    0.00    0.92 ^ clkbuf_1_0__f_wbbd_sck/A (sky130_fd_sc_hd__clkbuf_16)
                  0.03    0.11    1.04 ^ clkbuf_1_0__f_wbbd_sck/X (sky130_fd_sc_hd__clkbuf_16)
     1    0.00                           clknet_1_0__leaf_wbbd_sck (net)
                  0.03    0.00    1.04 ^ _3955_/A2 (sky130_fd_sc_hd__a22o_2)
                  0.24    0.30    1.33 ^ _3955_/X (sky130_fd_sc_hd__a22o_2)
     1    0.05                           csclk (net)
                  0.24    0.01    1.34 ^ clkbuf_0_csclk/A (sky130_fd_sc_hd__clkbuf_16)
                  0.20    0.32    1.66 ^ clkbuf_0_csclk/X (sky130_fd_sc_hd__clkbuf_16)
     8    0.19                           clknet_0_csclk (net)
                  0.20    0.01    1.67 ^ clkbuf_3_0_0_csclk/A (sky130_fd_sc_hd__clkbuf_8)
                  0.24    0.33    2.01 ^ clkbuf_3_0_0_csclk/X (sky130_fd_sc_hd__clkbuf_8)
    10    0.14                           clknet_3_0_0_csclk (net)
                  0.24    0.01    2.02 ^ clkbuf_leaf_68_csclk/A (sky130_fd_sc_hd__clkbuf_16)
                  0.07    0.22    2.24 ^ clkbuf_leaf_68_csclk/X (sky130_fd_sc_hd__clkbuf_16)
    14    0.05                           clknet_leaf_68_csclk (net)
                  0.07    0.00    2.24 ^ _6799_/CLK (sky130_fd_sc_hd__dfstp_2)
                          0.10    2.34   clock uncertainty
                         -0.15    2.19   clock reconvergence pessimism
                         -0.01    2.18   library hold time
                                  2.18   data required time
-----------------------------------------------------------------------------
                                  2.18   data required time
                                 -2.68   data arrival time
-----------------------------------------------------------------------------
                                  0.50   slack (MET)


Startpoint: _7093_ (rising edge-triggered flip-flop clocked by sck)
Endpoint: _7093_ (rising edge-triggered flip-flop clocked by wbbd_sck)
Path Group: wbbd_sck
Path Type: min

Fanout     Cap    Slew   Delay    Time   Description
-----------------------------------------------------------------------------
                          0.00    0.00   clock sck (rise edge)
                          0.00    0.00   clock source latency
                  0.00    0.00    0.00 ^ mgmt_gpio_in[4] (in)
     1    0.07                           mgmt_gpio_in[4] (net)
                  0.00    0.00    0.00 ^ clkbuf_0_mgmt_gpio_in[4]/A (sky130_fd_sc_hd__clkbuf_16)
                  0.05    0.11    0.11 ^ clkbuf_0_mgmt_gpio_in[4]/X (sky130_fd_sc_hd__clkbuf_16)
     4    0.03                           clknet_0_mgmt_gpio_in[4] (net)
                  0.05    0.00    0.11 ^ clkbuf_2_3__f_mgmt_gpio_in[4]/A (sky130_fd_sc_hd__clkbuf_16)
                  0.05    0.13    0.24 ^ clkbuf_2_3__f_mgmt_gpio_in[4]/X (sky130_fd_sc_hd__clkbuf_16)
    11    0.02                           clknet_2_3__leaf_mgmt_gpio_in[4] (net)
                  0.05    0.00    0.24 ^ net399_2/A (sky130_fd_sc_hd__inv_2)
                  0.02    0.03    0.27 v net399_2/Y (sky130_fd_sc_hd__inv_2)
     1    0.01                           net488 (net)
                  0.02    0.00    0.27 v _3954_/B (sky130_fd_sc_hd__nor2_2)
                  0.07    0.06    0.33 ^ _3954_/Y (sky130_fd_sc_hd__nor2_2)
     1    0.00                           _1474_ (net)
                  0.07    0.00    0.33 ^ _3955_/B2 (sky130_fd_sc_hd__a22o_2)
                  0.24    0.27    0.60 ^ _3955_/X (sky130_fd_sc_hd__a22o_2)
     1    0.05                           csclk (net)
                  0.24    0.00    0.61 ^ clkbuf_0_csclk/A (sky130_fd_sc_hd__clkbuf_16)
                  0.20    0.29    0.90 ^ clkbuf_0_csclk/X (sky130_fd_sc_hd__clkbuf_16)
     8    0.19                           clknet_0_csclk (net)
                  0.20    0.01    0.90 ^ clkbuf_3_3_0_csclk/A (sky130_fd_sc_hd__clkbuf_8)
                  0.21    0.29    1.19 ^ clkbuf_3_3_0_csclk/X (sky130_fd_sc_hd__clkbuf_8)
     8    0.12                           clknet_3_3_0_csclk (net)
                  0.21    0.01    1.20 ^ _7093_/CLK (sky130_fd_sc_hd__dfstp_2)
                  0.08    0.44    1.64 v _7093_/Q (sky130_fd_sc_hd__dfstp_2)
     3    0.03                           gpio_configure[32][0] (net)
                  0.08    0.00    1.64 v hold2377/A (sky130_fd_sc_hd__clkdlybuf4s50_2)
                  0.04    0.46    2.10 v hold2377/X (sky130_fd_sc_hd__clkdlybuf4s50_2)
     1    0.00                           net2866 (net)
                  0.04    0.00    2.10 v hold804/A (sky130_fd_sc_hd__dlymetal6s2s_1)
                  0.04    0.13    2.22 v hold804/X (sky130_fd_sc_hd__dlymetal6s2s_1)
     1    0.00                           net1292 (net)
                  0.04    0.00    2.22 v _5534_/A0 (sky130_fd_sc_hd__mux2_1)
                  0.06    0.28    2.50 v _5534_/X (sky130_fd_sc_hd__mux2_1)
     1    0.00                           _0703_ (net)
                  0.06    0.00    2.50 v _7093_/D (sky130_fd_sc_hd__dfstp_2)
                                  2.50   data arrival time

                          0.00    0.00   clock wbbd_sck (rise edge)
                          0.00    0.00   clock source latency
                  0.00    0.00    0.00 ^ wb_clk_i (in)
     2    0.09                           wb_clk_i (net)
                  0.01    0.01    0.01 ^ clkbuf_0_wb_clk_i/A (sky130_fd_sc_hd__clkbuf_16)
                  0.14    0.20    0.20 ^ clkbuf_0_wb_clk_i/X (sky130_fd_sc_hd__clkbuf_16)
     8    0.13                           clknet_0_wb_clk_i (net)
                  0.14    0.01    0.21 ^ clkbuf_3_4__f_wb_clk_i/A (sky130_fd_sc_hd__clkbuf_16)
                  0.07    0.19    0.40 ^ clkbuf_3_4__f_wb_clk_i/X (sky130_fd_sc_hd__clkbuf_16)
    10    0.05                           clknet_3_4__leaf_wb_clk_i (net)
                  0.07    0.00    0.40 ^ _7203_/CLK (sky130_fd_sc_hd__dfrtp_2)
                  0.06    0.38    0.78 ^ _7203_/Q (sky130_fd_sc_hd__dfrtp_2)
     1    0.01                           wbbd_sck (net)
                  0.06    0.00    0.78 ^ clkbuf_0_wbbd_sck/A (sky130_fd_sc_hd__clkbuf_16)
                  0.04    0.14    0.92 ^ clkbuf_0_wbbd_sck/X (sky130_fd_sc_hd__clkbuf_16)
     2    0.02                           clknet_0_wbbd_sck (net)
                  0.04    0.00    0.92 ^ clkbuf_1_0__f_wbbd_sck/A (sky130_fd_sc_hd__clkbuf_16)
                  0.03    0.11    1.04 ^ clkbuf_1_0__f_wbbd_sck/X (sky130_fd_sc_hd__clkbuf_16)
     1    0.00                           clknet_1_0__leaf_wbbd_sck (net)
                  0.03    0.00    1.04 ^ _3955_/A2 (sky130_fd_sc_hd__a22o_2)
                  0.24    0.30    1.33 ^ _3955_/X (sky130_fd_sc_hd__a22o_2)
     1    0.05                           csclk (net)
                  0.24    0.01    1.34 ^ clkbuf_0_csclk/A (sky130_fd_sc_hd__clkbuf_16)
                  0.20    0.32    1.66 ^ clkbuf_0_csclk/X (sky130_fd_sc_hd__clkbuf_16)
     8    0.19                           clknet_0_csclk (net)
                  0.20    0.01    1.67 ^ clkbuf_3_3_0_csclk/A (sky130_fd_sc_hd__clkbuf_8)
                  0.21    0.32    1.99 ^ clkbuf_3_3_0_csclk/X (sky130_fd_sc_hd__clkbuf_8)
     8    0.12                           clknet_3_3_0_csclk (net)
                  0.21    0.01    1.99 ^ _7093_/CLK (sky130_fd_sc_hd__dfstp_2)
                          0.10    2.09   clock uncertainty
                         -0.13    1.97   clock reconvergence pessimism
                          0.02    1.99   library hold time
                                  1.99   data required time
-----------------------------------------------------------------------------
                                  1.99   data required time
                                 -2.50   data arrival time
-----------------------------------------------------------------------------
                                  0.51   slack (MET)


Startpoint: _7094_ (rising edge-triggered flip-flop clocked by sck)
Endpoint: _7094_ (rising edge-triggered flip-flop clocked by wbbd_sck)
Path Group: wbbd_sck
Path Type: min

Fanout     Cap    Slew   Delay    Time   Description
-----------------------------------------------------------------------------
                          0.00    0.00   clock sck (rise edge)
                          0.00    0.00   clock source latency
                  0.00    0.00    0.00 ^ mgmt_gpio_in[4] (in)
     1    0.07                           mgmt_gpio_in[4] (net)
                  0.00    0.00    0.00 ^ clkbuf_0_mgmt_gpio_in[4]/A (sky130_fd_sc_hd__clkbuf_16)
                  0.05    0.11    0.11 ^ clkbuf_0_mgmt_gpio_in[4]/X (sky130_fd_sc_hd__clkbuf_16)
     4    0.03                           clknet_0_mgmt_gpio_in[4] (net)
                  0.05    0.00    0.11 ^ clkbuf_2_3__f_mgmt_gpio_in[4]/A (sky130_fd_sc_hd__clkbuf_16)
                  0.05    0.13    0.24 ^ clkbuf_2_3__f_mgmt_gpio_in[4]/X (sky130_fd_sc_hd__clkbuf_16)
    11    0.02                           clknet_2_3__leaf_mgmt_gpio_in[4] (net)
                  0.05    0.00    0.24 ^ net399_2/A (sky130_fd_sc_hd__inv_2)
                  0.02    0.03    0.27 v net399_2/Y (sky130_fd_sc_hd__inv_2)
     1    0.01                           net488 (net)
                  0.02    0.00    0.27 v _3954_/B (sky130_fd_sc_hd__nor2_2)
                  0.07    0.06    0.33 ^ _3954_/Y (sky130_fd_sc_hd__nor2_2)
     1    0.00                           _1474_ (net)
                  0.07    0.00    0.33 ^ _3955_/B2 (sky130_fd_sc_hd__a22o_2)
                  0.24    0.27    0.60 ^ _3955_/X (sky130_fd_sc_hd__a22o_2)
     1    0.05                           csclk (net)
                  0.24    0.00    0.61 ^ clkbuf_0_csclk/A (sky130_fd_sc_hd__clkbuf_16)
                  0.20    0.29    0.90 ^ clkbuf_0_csclk/X (sky130_fd_sc_hd__clkbuf_16)
     8    0.19                           clknet_0_csclk (net)
                  0.20    0.01    0.90 ^ clkbuf_3_4_0_csclk/A (sky130_fd_sc_hd__clkbuf_8)
                  0.26    0.31    1.22 ^ clkbuf_3_4_0_csclk/X (sky130_fd_sc_hd__clkbuf_8)
     9    0.15                           clknet_3_4_0_csclk (net)
                  0.26    0.01    1.22 ^ clkbuf_leaf_17_csclk/A (sky130_fd_sc_hd__clkbuf_16)
                  0.05    0.19    1.41 ^ clkbuf_leaf_17_csclk/X (sky130_fd_sc_hd__clkbuf_16)
     5    0.02                           clknet_leaf_17_csclk (net)
                  0.05    0.00    1.41 ^ _7094_/CLK (sky130_fd_sc_hd__dfstp_2)
                  0.10    0.40    1.81 v _7094_/Q (sky130_fd_sc_hd__dfstp_2)
     3    0.04                           gpio_configure[32][1] (net)
                  0.10    0.00    1.81 v hold1206/A (sky130_fd_sc_hd__clkdlybuf4s50_2)
                  0.05    0.47    2.29 v hold1206/X (sky130_fd_sc_hd__clkdlybuf4s50_2)
     1    0.00                           net1695 (net)
                  0.05    0.00    2.29 v hold222/A (sky130_fd_sc_hd__dlymetal6s2s_1)
                  0.04    0.12    2.41 v hold222/X (sky130_fd_sc_hd__dlymetal6s2s_1)
     1    0.00                           net710 (net)
                  0.04    0.00    2.41 v _5535_/A0 (sky130_fd_sc_hd__mux2_1)
                  0.06    0.27    2.68 v _5535_/X (sky130_fd_sc_hd__mux2_1)
     1    0.00                           _0704_ (net)
                  0.06    0.00    2.68 v _7094_/D (sky130_fd_sc_hd__dfstp_2)
                                  2.68   data arrival time

                          0.00    0.00   clock wbbd_sck (rise edge)
                          0.00    0.00   clock source latency
                  0.00    0.00    0.00 ^ wb_clk_i (in)
     2    0.09                           wb_clk_i (net)
                  0.01    0.01    0.01 ^ clkbuf_0_wb_clk_i/A (sky130_fd_sc_hd__clkbuf_16)
                  0.14    0.20    0.20 ^ clkbuf_0_wb_clk_i/X (sky130_fd_sc_hd__clkbuf_16)
     8    0.13                           clknet_0_wb_clk_i (net)
                  0.14    0.01    0.21 ^ clkbuf_3_4__f_wb_clk_i/A (sky130_fd_sc_hd__clkbuf_16)
                  0.07    0.19    0.40 ^ clkbuf_3_4__f_wb_clk_i/X (sky130_fd_sc_hd__clkbuf_16)
    10    0.05                           clknet_3_4__leaf_wb_clk_i (net)
                  0.07    0.00    0.40 ^ _7203_/CLK (sky130_fd_sc_hd__dfrtp_2)
                  0.06    0.38    0.78 ^ _7203_/Q (sky130_fd_sc_hd__dfrtp_2)
     1    0.01                           wbbd_sck (net)
                  0.06    0.00    0.78 ^ clkbuf_0_wbbd_sck/A (sky130_fd_sc_hd__clkbuf_16)
                  0.04    0.14    0.92 ^ clkbuf_0_wbbd_sck/X (sky130_fd_sc_hd__clkbuf_16)
     2    0.02                           clknet_0_wbbd_sck (net)
                  0.04    0.00    0.92 ^ clkbuf_1_0__f_wbbd_sck/A (sky130_fd_sc_hd__clkbuf_16)
                  0.03    0.11    1.04 ^ clkbuf_1_0__f_wbbd_sck/X (sky130_fd_sc_hd__clkbuf_16)
     1    0.00                           clknet_1_0__leaf_wbbd_sck (net)
                  0.03    0.00    1.04 ^ _3955_/A2 (sky130_fd_sc_hd__a22o_2)
                  0.24    0.30    1.33 ^ _3955_/X (sky130_fd_sc_hd__a22o_2)
     1    0.05                           csclk (net)
                  0.24    0.01    1.34 ^ clkbuf_0_csclk/A (sky130_fd_sc_hd__clkbuf_16)
                  0.20    0.32    1.66 ^ clkbuf_0_csclk/X (sky130_fd_sc_hd__clkbuf_16)
     8    0.19                           clknet_0_csclk (net)
                  0.20    0.01    1.67 ^ clkbuf_3_4_0_csclk/A (sky130_fd_sc_hd__clkbuf_8)
                  0.26    0.35    2.01 ^ clkbuf_3_4_0_csclk/X (sky130_fd_sc_hd__clkbuf_8)
     9    0.15                           clknet_3_4_0_csclk (net)
                  0.26    0.01    2.02 ^ clkbuf_leaf_17_csclk/A (sky130_fd_sc_hd__clkbuf_16)
                  0.05    0.21    2.23 ^ clkbuf_leaf_17_csclk/X (sky130_fd_sc_hd__clkbuf_16)
     5    0.02                           clknet_leaf_17_csclk (net)
                  0.05    0.00    2.23 ^ _7094_/CLK (sky130_fd_sc_hd__dfstp_2)
                          0.10    2.33   clock uncertainty
                         -0.15    2.18   clock reconvergence pessimism
                         -0.01    2.17   library hold time
                                  2.17   data required time
-----------------------------------------------------------------------------
                                  2.17   data required time
                                 -2.68   data arrival time
-----------------------------------------------------------------------------
                                  0.52   slack (MET)


Startpoint: _6525_ (rising edge-triggered flip-flop clocked by sck)
Endpoint: _6525_ (rising edge-triggered flip-flop clocked by wbbd_sck)
Path Group: wbbd_sck
Path Type: min

Fanout     Cap    Slew   Delay    Time   Description
-----------------------------------------------------------------------------
                          0.00    0.00   clock sck (rise edge)
                          0.00    0.00   clock source latency
                  0.00    0.00    0.00 ^ mgmt_gpio_in[4] (in)
     1    0.07                           mgmt_gpio_in[4] (net)
                  0.00    0.00    0.00 ^ clkbuf_0_mgmt_gpio_in[4]/A (sky130_fd_sc_hd__clkbuf_16)
                  0.05    0.11    0.11 ^ clkbuf_0_mgmt_gpio_in[4]/X (sky130_fd_sc_hd__clkbuf_16)
     4    0.03                           clknet_0_mgmt_gpio_in[4] (net)
                  0.05    0.00    0.11 ^ clkbuf_2_3__f_mgmt_gpio_in[4]/A (sky130_fd_sc_hd__clkbuf_16)
                  0.05    0.13    0.24 ^ clkbuf_2_3__f_mgmt_gpio_in[4]/X (sky130_fd_sc_hd__clkbuf_16)
    11    0.02                           clknet_2_3__leaf_mgmt_gpio_in[4] (net)
                  0.05    0.00    0.24 ^ net399_2/A (sky130_fd_sc_hd__inv_2)
                  0.02    0.03    0.27 v net399_2/Y (sky130_fd_sc_hd__inv_2)
     1    0.01                           net488 (net)
                  0.02    0.00    0.27 v _3954_/B (sky130_fd_sc_hd__nor2_2)
                  0.07    0.06    0.33 ^ _3954_/Y (sky130_fd_sc_hd__nor2_2)
     1    0.00                           _1474_ (net)
                  0.07    0.00    0.33 ^ _3955_/B2 (sky130_fd_sc_hd__a22o_2)
                  0.24    0.27    0.60 ^ _3955_/X (sky130_fd_sc_hd__a22o_2)
     1    0.05                           csclk (net)
                  0.24    0.00    0.61 ^ clkbuf_0_csclk/A (sky130_fd_sc_hd__clkbuf_16)
                  0.20    0.29    0.90 ^ clkbuf_0_csclk/X (sky130_fd_sc_hd__clkbuf_16)
     8    0.19                           clknet_0_csclk (net)
                  0.20    0.01    0.90 ^ clkbuf_3_4_0_csclk/A (sky130_fd_sc_hd__clkbuf_8)
                  0.26    0.31    1.22 ^ clkbuf_3_4_0_csclk/X (sky130_fd_sc_hd__clkbuf_8)
     9    0.15                           clknet_3_4_0_csclk (net)
                  0.26    0.01    1.23 ^ clkbuf_leaf_10_csclk/A (sky130_fd_sc_hd__clkbuf_16)
                  0.06    0.20    1.43 ^ clkbuf_leaf_10_csclk/X (sky130_fd_sc_hd__clkbuf_16)
    10    0.04                           clknet_leaf_10_csclk (net)
                  0.06    0.00    1.43 ^ _6525_/CLK (sky130_fd_sc_hd__dfrtp_4)
                  0.16    0.47    1.90 ^ _6525_/Q (sky130_fd_sc_hd__dfrtp_4)
     4    0.05                           gpio_configure[0][8] (net)
                  0.16    0.00    1.90 ^ hold1487/A (sky130_fd_sc_hd__clkdlybuf4s50_2)
                  0.04    0.49    2.39 ^ hold1487/X (sky130_fd_sc_hd__clkdlybuf4s50_2)
     1    0.00                           net1976 (net)
                  0.04    0.00    2.39 ^ hold302/A (sky130_fd_sc_hd__dlymetal6s2s_1)
                  0.06    0.09    2.48 ^ hold302/X (sky130_fd_sc_hd__dlymetal6s2s_1)
     1    0.00                           net790 (net)
                  0.06    0.00    2.48 ^ _4066_/A0 (sky130_fd_sc_hd__mux2_1)
                  0.04    0.11    2.60 ^ _4066_/X (sky130_fd_sc_hd__mux2_1)
     1    0.00                           _0151_ (net)
                  0.04    0.00    2.60 ^ hold303/A (sky130_fd_sc_hd__dlymetal6s2s_1)
                  0.06    0.09    2.69 ^ hold303/X (sky130_fd_sc_hd__dlymetal6s2s_1)
     1    0.00                           net791 (net)
                  0.06    0.00    2.69 ^ _6525_/D (sky130_fd_sc_hd__dfrtp_4)
                                  2.69   data arrival time

                          0.00    0.00   clock wbbd_sck (rise edge)
                          0.00    0.00   clock source latency
                  0.00    0.00    0.00 ^ wb_clk_i (in)
     2    0.09                           wb_clk_i (net)
                  0.01    0.01    0.01 ^ clkbuf_0_wb_clk_i/A (sky130_fd_sc_hd__clkbuf_16)
                  0.14    0.20    0.20 ^ clkbuf_0_wb_clk_i/X (sky130_fd_sc_hd__clkbuf_16)
     8    0.13                           clknet_0_wb_clk_i (net)
                  0.14    0.01    0.21 ^ clkbuf_3_4__f_wb_clk_i/A (sky130_fd_sc_hd__clkbuf_16)
                  0.07    0.19    0.40 ^ clkbuf_3_4__f_wb_clk_i/X (sky130_fd_sc_hd__clkbuf_16)
    10    0.05                           clknet_3_4__leaf_wb_clk_i (net)
                  0.07    0.00    0.40 ^ _7203_/CLK (sky130_fd_sc_hd__dfrtp_2)
                  0.06    0.38    0.78 ^ _7203_/Q (sky130_fd_sc_hd__dfrtp_2)
     1    0.01                           wbbd_sck (net)
                  0.06    0.00    0.78 ^ clkbuf_0_wbbd_sck/A (sky130_fd_sc_hd__clkbuf_16)
                  0.04    0.14    0.92 ^ clkbuf_0_wbbd_sck/X (sky130_fd_sc_hd__clkbuf_16)
     2    0.02                           clknet_0_wbbd_sck (net)
                  0.04    0.00    0.92 ^ clkbuf_1_0__f_wbbd_sck/A (sky130_fd_sc_hd__clkbuf_16)
                  0.03    0.11    1.04 ^ clkbuf_1_0__f_wbbd_sck/X (sky130_fd_sc_hd__clkbuf_16)
     1    0.00                           clknet_1_0__leaf_wbbd_sck (net)
                  0.03    0.00    1.04 ^ _3955_/A2 (sky130_fd_sc_hd__a22o_2)
                  0.24    0.30    1.33 ^ _3955_/X (sky130_fd_sc_hd__a22o_2)
     1    0.05                           csclk (net)
                  0.24    0.01    1.34 ^ clkbuf_0_csclk/A (sky130_fd_sc_hd__clkbuf_16)
                  0.20    0.32    1.66 ^ clkbuf_0_csclk/X (sky130_fd_sc_hd__clkbuf_16)
     8    0.19                           clknet_0_csclk (net)
                  0.20    0.01    1.67 ^ clkbuf_3_4_0_csclk/A (sky130_fd_sc_hd__clkbuf_8)
                  0.26    0.35    2.01 ^ clkbuf_3_4_0_csclk/X (sky130_fd_sc_hd__clkbuf_8)
     9    0.15                           clknet_3_4_0_csclk (net)
                  0.26    0.02    2.03 ^ clkbuf_leaf_10_csclk/A (sky130_fd_sc_hd__clkbuf_16)
                  0.06    0.22    2.25 ^ clkbuf_leaf_10_csclk/X (sky130_fd_sc_hd__clkbuf_16)
    10    0.04                           clknet_leaf_10_csclk (net)
                  0.06    0.00    2.25 ^ _6525_/CLK (sky130_fd_sc_hd__dfrtp_4)
                          0.10    2.35   clock uncertainty
                         -0.15    2.20   clock reconvergence pessimism
                         -0.04    2.16   library hold time
                                  2.16   data required time
-----------------------------------------------------------------------------
                                  2.16   data required time
                                 -2.69   data arrival time
-----------------------------------------------------------------------------
                                  0.52   slack (MET)


Startpoint: _6973_ (rising edge-triggered flip-flop clocked by sck)
Endpoint: _6973_ (rising edge-triggered flip-flop clocked by wbbd_sck)
Path Group: wbbd_sck
Path Type: min

Fanout     Cap    Slew   Delay    Time   Description
-----------------------------------------------------------------------------
                          0.00    0.00   clock sck (rise edge)
                          0.00    0.00   clock source latency
                  0.00    0.00    0.00 ^ mgmt_gpio_in[4] (in)
     1    0.07                           mgmt_gpio_in[4] (net)
                  0.00    0.00    0.00 ^ clkbuf_0_mgmt_gpio_in[4]/A (sky130_fd_sc_hd__clkbuf_16)
                  0.05    0.11    0.11 ^ clkbuf_0_mgmt_gpio_in[4]/X (sky130_fd_sc_hd__clkbuf_16)
     4    0.03                           clknet_0_mgmt_gpio_in[4] (net)
                  0.05    0.00    0.11 ^ clkbuf_2_3__f_mgmt_gpio_in[4]/A (sky130_fd_sc_hd__clkbuf_16)
                  0.05    0.13    0.24 ^ clkbuf_2_3__f_mgmt_gpio_in[4]/X (sky130_fd_sc_hd__clkbuf_16)
    11    0.02                           clknet_2_3__leaf_mgmt_gpio_in[4] (net)
                  0.05    0.00    0.24 ^ net399_2/A (sky130_fd_sc_hd__inv_2)
                  0.02    0.03    0.27 v net399_2/Y (sky130_fd_sc_hd__inv_2)
     1    0.01                           net488 (net)
                  0.02    0.00    0.27 v _3954_/B (sky130_fd_sc_hd__nor2_2)
                  0.07    0.06    0.33 ^ _3954_/Y (sky130_fd_sc_hd__nor2_2)
     1    0.00                           _1474_ (net)
                  0.07    0.00    0.33 ^ _3955_/B2 (sky130_fd_sc_hd__a22o_2)
                  0.24    0.27    0.60 ^ _3955_/X (sky130_fd_sc_hd__a22o_2)
     1    0.05                           csclk (net)
                  0.24    0.00    0.61 ^ clkbuf_0_csclk/A (sky130_fd_sc_hd__clkbuf_16)
                  0.20    0.29    0.90 ^ clkbuf_0_csclk/X (sky130_fd_sc_hd__clkbuf_16)
     8    0.19                           clknet_0_csclk (net)
                  0.20    0.01    0.90 ^ clkbuf_3_2_0_csclk/A (sky130_fd_sc_hd__clkbuf_8)
                  0.25    0.31    1.22 ^ clkbuf_3_2_0_csclk/X (sky130_fd_sc_hd__clkbuf_8)
    10    0.15                           clknet_3_2_0_csclk (net)
                  0.25    0.01    1.22 ^ clkbuf_leaf_57_csclk/A (sky130_fd_sc_hd__clkbuf_16)
                  0.06    0.20    1.42 ^ clkbuf_leaf_57_csclk/X (sky130_fd_sc_hd__clkbuf_16)
    10    0.04                           clknet_leaf_57_csclk (net)
                  0.06    0.00    1.43 ^ _6973_/CLK (sky130_fd_sc_hd__dfstp_2)
                  0.07    0.39    1.82 v _6973_/Q (sky130_fd_sc_hd__dfstp_2)
     4    0.03                           gpio_configure[17][0] (net)
                  0.07    0.00    1.82 v hold1369/A (sky130_fd_sc_hd__clkdlybuf4s50_2)
                  0.05    0.46    2.28 v hold1369/X (sky130_fd_sc_hd__clkdlybuf4s50_2)
     1    0.00                           net1858 (net)
                  0.05    0.00    2.28 v hold659/A (sky130_fd_sc_hd__dlymetal6s2s_1)
                  0.04    0.14    2.42 v hold659/X (sky130_fd_sc_hd__dlymetal6s2s_1)
     1    0.00                           net1147 (net)
                  0.04    0.00    2.42 v _5399_/A0 (sky130_fd_sc_hd__mux2_1)
                  0.08    0.29    2.71 v _5399_/X (sky130_fd_sc_hd__mux2_1)
     1    0.01                           _0583_ (net)
                  0.08    0.00    2.71 v _6973_/D (sky130_fd_sc_hd__dfstp_2)
                                  2.71   data arrival time

                          0.00    0.00   clock wbbd_sck (rise edge)
                          0.00    0.00   clock source latency
                  0.00    0.00    0.00 ^ wb_clk_i (in)
     2    0.09                           wb_clk_i (net)
                  0.01    0.01    0.01 ^ clkbuf_0_wb_clk_i/A (sky130_fd_sc_hd__clkbuf_16)
                  0.14    0.20    0.20 ^ clkbuf_0_wb_clk_i/X (sky130_fd_sc_hd__clkbuf_16)
     8    0.13                           clknet_0_wb_clk_i (net)
                  0.14    0.01    0.21 ^ clkbuf_3_4__f_wb_clk_i/A (sky130_fd_sc_hd__clkbuf_16)
                  0.07    0.19    0.40 ^ clkbuf_3_4__f_wb_clk_i/X (sky130_fd_sc_hd__clkbuf_16)
    10    0.05                           clknet_3_4__leaf_wb_clk_i (net)
                  0.07    0.00    0.40 ^ _7203_/CLK (sky130_fd_sc_hd__dfrtp_2)
                  0.06    0.38    0.78 ^ _7203_/Q (sky130_fd_sc_hd__dfrtp_2)
     1    0.01                           wbbd_sck (net)
                  0.06    0.00    0.78 ^ clkbuf_0_wbbd_sck/A (sky130_fd_sc_hd__clkbuf_16)
                  0.04    0.14    0.92 ^ clkbuf_0_wbbd_sck/X (sky130_fd_sc_hd__clkbuf_16)
     2    0.02                           clknet_0_wbbd_sck (net)
                  0.04    0.00    0.92 ^ clkbuf_1_0__f_wbbd_sck/A (sky130_fd_sc_hd__clkbuf_16)
                  0.03    0.11    1.04 ^ clkbuf_1_0__f_wbbd_sck/X (sky130_fd_sc_hd__clkbuf_16)
     1    0.00                           clknet_1_0__leaf_wbbd_sck (net)
                  0.03    0.00    1.04 ^ _3955_/A2 (sky130_fd_sc_hd__a22o_2)
                  0.24    0.30    1.33 ^ _3955_/X (sky130_fd_sc_hd__a22o_2)
     1    0.05                           csclk (net)
                  0.24    0.01    1.34 ^ clkbuf_0_csclk/A (sky130_fd_sc_hd__clkbuf_16)
                  0.20    0.32    1.66 ^ clkbuf_0_csclk/X (sky130_fd_sc_hd__clkbuf_16)
     8    0.19                           clknet_0_csclk (net)
                  0.20    0.01    1.67 ^ clkbuf_3_2_0_csclk/A (sky130_fd_sc_hd__clkbuf_8)
                  0.25    0.35    2.02 ^ clkbuf_3_2_0_csclk/X (sky130_fd_sc_hd__clkbuf_8)
    10    0.15                           clknet_3_2_0_csclk (net)
                  0.25    0.01    2.02 ^ clkbuf_leaf_57_csclk/A (sky130_fd_sc_hd__clkbuf_16)
                  0.06    0.22    2.24 ^ clkbuf_leaf_57_csclk/X (sky130_fd_sc_hd__clkbuf_16)
    10    0.04                           clknet_leaf_57_csclk (net)
                  0.06    0.00    2.25 ^ _6973_/CLK (sky130_fd_sc_hd__dfstp_2)
                          0.10    2.35   clock uncertainty
                         -0.15    2.20   clock reconvergence pessimism
                         -0.01    2.18   library hold time
                                  2.18   data required time
-----------------------------------------------------------------------------
                                  2.18   data required time
                                 -2.71   data arrival time
-----------------------------------------------------------------------------
                                  0.52   slack (MET)


