
===========================================================================
report_checks -unconstrained
============================================================================
Startpoint: _7341_ (rising edge-triggered flip-flop clocked by wbbd_sck)
Endpoint: _6922_ (recovery check against rising-edge clock sck)
Path Group: **async_default**
Path Type: max

Fanout     Cap    Slew   Delay    Time   Description
-----------------------------------------------------------------------------
                         50.00   50.00   clock wbbd_sck (rise edge)
                          0.00   50.00   clock source latency
                  0.00    0.00   50.00 ^ wb_clk_i (in)
     2    0.13                           wb_clk_i (net)
                  0.04    0.02   50.02 ^ clkbuf_0_wb_clk_i/A (sky130_fd_sc_hd__clkbuf_16)
                  0.22    0.26   50.29 ^ clkbuf_0_wb_clk_i/X (sky130_fd_sc_hd__clkbuf_16)
     8    0.21                           clknet_0_wb_clk_i (net)
                  0.23    0.02   50.30 ^ clkbuf_3_0__f_wb_clk_i/A (sky130_fd_sc_hd__clkbuf_16)
                  0.10    0.25   50.55 ^ clkbuf_3_0__f_wb_clk_i/X (sky130_fd_sc_hd__clkbuf_16)
    17    0.09                           clknet_3_0__leaf_wb_clk_i (net)
                  0.10    0.00   50.55 ^ _7680_/CLK (sky130_fd_sc_hd__dfrtp_2)
                  0.07    0.40   50.96 ^ _7680_/Q (sky130_fd_sc_hd__dfrtp_2)
     1    0.01                           wbbd_sck (net)
                  0.07    0.00   50.96 ^ clkbuf_0_wbbd_sck/A (sky130_fd_sc_hd__clkbuf_16)
                  0.04    0.14   51.10 ^ clkbuf_0_wbbd_sck/X (sky130_fd_sc_hd__clkbuf_16)
     2    0.02                           clknet_0_wbbd_sck (net)
                  0.04    0.00   51.10 ^ clkbuf_1_1__f_wbbd_sck/A (sky130_fd_sc_hd__clkbuf_16)
                  0.03    0.12   51.22 ^ clkbuf_1_1__f_wbbd_sck/X (sky130_fd_sc_hd__clkbuf_16)
     1    0.00                           clknet_1_1__leaf_wbbd_sck (net)
                  0.03    0.00   51.22 ^ _4172_/A2 (sky130_fd_sc_hd__a22o_2)
                  0.29    0.33   51.54 ^ _4172_/X (sky130_fd_sc_hd__a22o_2)
     1    0.06                           csclk (net)
                  0.29    0.01   51.55 ^ clkbuf_0_csclk/A (sky130_fd_sc_hd__clkbuf_16)
                  0.18    0.32   51.88 ^ clkbuf_0_csclk/X (sky130_fd_sc_hd__clkbuf_16)
     8    0.17                           clknet_0_csclk (net)
                  0.18    0.01   51.89 ^ clkbuf_3_7_0_csclk/A (sky130_fd_sc_hd__clkbuf_8)
                  0.29    0.36   52.25 ^ clkbuf_3_7_0_csclk/X (sky130_fd_sc_hd__clkbuf_8)
    12    0.17                           clknet_3_7_0_csclk (net)
                  0.29    0.00   52.26 ^ clkbuf_leaf_38_csclk/A (sky130_fd_sc_hd__clkbuf_16)
                  0.08    0.24   52.50 ^ clkbuf_leaf_38_csclk/X (sky130_fd_sc_hd__clkbuf_16)
    16    0.06                           clknet_leaf_38_csclk (net)
                  0.08    0.00   52.50 ^ _7341_/CLK (sky130_fd_sc_hd__dfrtp_4)
                  0.13    0.60   53.10 v _7341_/Q (sky130_fd_sc_hd__dfrtp_4)
     4    0.06                           gpio_configure[3][3] (net)
                  0.13    0.00   53.10 v max_cap436/A (sky130_fd_sc_hd__buf_12)
                  0.12    0.23   53.33 v max_cap436/X (sky130_fd_sc_hd__buf_12)
    13    0.21                           net436 (net)
                  0.14    0.04   53.37 v _3472_/B (sky130_fd_sc_hd__nor3_1)
                  0.19    0.24   53.61 ^ _3472_/Y (sky130_fd_sc_hd__nor3_1)
     1    0.00                           _0832_ (net)
                  0.19    0.00   53.61 ^ fanout435/A (sky130_fd_sc_hd__buf_2)
                  0.27    0.33   53.94 ^ fanout435/X (sky130_fd_sc_hd__buf_2)
    11    0.06                           net435 (net)
                  0.27    0.00   53.94 ^ fanout433/A (sky130_fd_sc_hd__buf_4)
                  0.19    0.30   54.25 ^ fanout433/X (sky130_fd_sc_hd__buf_4)
    20    0.07                           net433 (net)
                  0.19    0.01   54.25 ^ _6877_/B (sky130_fd_sc_hd__and2_1)
                  0.14    0.23   54.49 ^ _6877_/X (sky130_fd_sc_hd__and2_1)
     1    0.01                           _0026_ (net)
                  0.14    0.00   54.49 ^ _6922_/RESET_B (sky130_fd_sc_hd__dfrtp_4)
                                 54.49   data arrival time

                        100.00  100.00   clock sck (rise edge)
                          0.00  100.00   clock source latency
                  0.00    0.00  100.00 ^ mgmt_gpio_in[4] (in)
     1    0.05                           mgmt_gpio_in[4] (net)
                  0.00    0.00  100.00 ^ clkbuf_0_mgmt_gpio_in[4]/A (sky130_fd_sc_hd__clkbuf_16)
                  0.05    0.11  100.11 ^ clkbuf_0_mgmt_gpio_in[4]/X (sky130_fd_sc_hd__clkbuf_16)
     4    0.03                           clknet_0_mgmt_gpio_in[4] (net)
                  0.05    0.00  100.11 ^ clkbuf_2_1__f_mgmt_gpio_in[4]/A (sky130_fd_sc_hd__clkbuf_16)
                  0.05    0.13  100.25 ^ clkbuf_2_1__f_mgmt_gpio_in[4]/X (sky130_fd_sc_hd__clkbuf_16)
    15    0.03                           clknet_2_1__leaf_mgmt_gpio_in[4] (net)
                  0.05    0.00  100.25 ^ _6922_/CLK (sky130_fd_sc_hd__dfrtp_4)
                         -0.10  100.15   clock uncertainty
                          0.00  100.15   clock reconvergence pessimism
                          0.19  100.34   library recovery time
                                100.34   data required time
-----------------------------------------------------------------------------
                                100.34   data required time
                                -54.49   data arrival time
-----------------------------------------------------------------------------
                                 45.85   slack (MET)


Startpoint: _6925_ (rising edge-triggered flip-flop clocked by sck)
Endpoint: _6945_ (falling edge-triggered flip-flop clocked by sck)
Path Group: sck
Path Type: max

Fanout     Cap    Slew   Delay    Time   Description
-----------------------------------------------------------------------------
                          0.00    0.00   clock sck (rise edge)
                          0.00    0.00   clock source latency
                  0.00    0.00    0.00 ^ mgmt_gpio_in[4] (in)
     1    0.05                           mgmt_gpio_in[4] (net)
                  0.00    0.00    0.00 ^ clkbuf_0_mgmt_gpio_in[4]/A (sky130_fd_sc_hd__clkbuf_16)
                  0.05    0.13    0.13 ^ clkbuf_0_mgmt_gpio_in[4]/X (sky130_fd_sc_hd__clkbuf_16)
     4    0.03                           clknet_0_mgmt_gpio_in[4] (net)
                  0.05    0.00    0.13 ^ clkbuf_2_1__f_mgmt_gpio_in[4]/A (sky130_fd_sc_hd__clkbuf_16)
                  0.05    0.15    0.27 ^ clkbuf_2_1__f_mgmt_gpio_in[4]/X (sky130_fd_sc_hd__clkbuf_16)
    15    0.03                           clknet_2_1__leaf_mgmt_gpio_in[4] (net)
                  0.05    0.00    0.27 ^ _6925_/CLK (sky130_fd_sc_hd__dfrtp_1)
                  0.25    0.50    0.77 ^ _6925_/Q (sky130_fd_sc_hd__dfrtp_1)
     7    0.03                           hkspi.addr[1] (net)
                  0.25    0.00    0.77 ^ hold186/A (sky130_fd_sc_hd__dlygate4sd3_1)
                  0.09    0.65    1.43 ^ hold186/X (sky130_fd_sc_hd__dlygate4sd3_1)
     1    0.01                           net835 (net)
                  0.09    0.00    1.43 ^ _3505_/B (sky130_fd_sc_hd__nand2_1)
                  0.09    0.10    1.52 v _3505_/Y (sky130_fd_sc_hd__nand2_1)
     2    0.01                           _0862_ (net)
                  0.09    0.00    1.52 v hold187/A (sky130_fd_sc_hd__dlygate4sd3_1)
                  0.05    0.60    2.12 v hold187/X (sky130_fd_sc_hd__dlygate4sd3_1)
     1    0.00                           net836 (net)
                  0.05    0.00    2.12 v _3506_/B1_N (sky130_fd_sc_hd__a21bo_1)
                  0.07    0.21    2.33 ^ _3506_/X (sky130_fd_sc_hd__a21bo_1)
     2    0.01                           _0863_ (net)
                  0.07    0.00    2.33 ^ hold188/A (sky130_fd_sc_hd__dlygate4sd3_1)
                  0.14    0.65    2.97 ^ hold188/X (sky130_fd_sc_hd__dlygate4sd3_1)
     1    0.01                           net837 (net)
                  0.14    0.00    2.97 ^ _3507_/A0 (sky130_fd_sc_hd__mux2_8)
                  0.10    0.24    3.22 ^ _3507_/X (sky130_fd_sc_hd__mux2_8)
     4    0.05                           _0864_ (net)
                  0.10    0.00    3.22 ^ hold189/A (sky130_fd_sc_hd__dlygate4sd3_1)
                  0.13    0.65    3.87 ^ hold189/X (sky130_fd_sc_hd__dlygate4sd3_1)
     1    0.01                           net838 (net)
                  0.13    0.00    3.87 ^ hold105/A (sky130_fd_sc_hd__buf_6)
                  0.20    0.25    4.12 ^ hold105/X (sky130_fd_sc_hd__buf_6)
    14    0.10                           net754 (net)
                  0.20    0.00    4.12 ^ _3540_/B (sky130_fd_sc_hd__nor2_8)
                  0.13    0.15    4.28 v _3540_/Y (sky130_fd_sc_hd__nor2_8)
    18    0.15                           _0897_ (net)
                  0.13    0.00    4.28 v _3559_/C (sky130_fd_sc_hd__and3_4)
                  0.22    0.39    4.67 v _3559_/X (sky130_fd_sc_hd__and3_4)
    17    0.18                           _0916_ (net)
                  0.22    0.00    4.67 v hold70/A (sky130_fd_sc_hd__dlygate4sd3_1)
                  0.65    1.17    5.85 v hold70/X (sky130_fd_sc_hd__dlygate4sd3_1)
     2    0.14                           net719 (net)
                  0.65    0.00    5.85 v fanout384/A (sky130_fd_sc_hd__buf_12)
                  0.13    0.47    6.32 v fanout384/X (sky130_fd_sc_hd__buf_12)
    22    0.26                           net384 (net)
                  0.13    0.01    6.32 v _3560_/C (sky130_fd_sc_hd__and3_4)
                  0.12    0.33    6.65 v _3560_/X (sky130_fd_sc_hd__and3_4)
     6    0.09                           _0917_ (net)
                  0.12    0.00    6.65 v _3787_/A2 (sky130_fd_sc_hd__a221o_1)
                  0.07    0.41    7.07 v _3787_/X (sky130_fd_sc_hd__a221o_1)
     1    0.01                           _1138_ (net)
                  0.07    0.00    7.07 v _3788_/C1 (sky130_fd_sc_hd__a221o_4)
                  0.22    0.53    7.59 v _3788_/X (sky130_fd_sc_hd__a221o_4)
     2    0.13                           _1139_ (net)
                  0.23    0.04    7.63 v _3796_/C1 (sky130_fd_sc_hd__a2111o_1)
                  0.08    0.45    8.08 v _3796_/X (sky130_fd_sc_hd__a2111o_1)
     1    0.01                           _1147_ (net)
                  0.08    0.00    8.09 v _3838_/A_N (sky130_fd_sc_hd__nand3b_4)
                  0.33    0.38    8.47 v _3838_/Y (sky130_fd_sc_hd__nand3b_4)
     7    0.10                           _1189_ (net)
                  0.33    0.01    8.48 v _3839_/A0 (sky130_fd_sc_hd__mux2_1)
                  0.06    0.43    8.91 v _3839_/X (sky130_fd_sc_hd__mux2_1)
     1    0.00                           _1190_ (net)
                  0.06    0.00    8.91 v _3840_/A1 (sky130_fd_sc_hd__mux2_1)
                  0.06    0.32    9.23 v _3840_/X (sky130_fd_sc_hd__mux2_1)
     1    0.00                           _0093_ (net)
                  0.06    0.00    9.23 v hold1332/A (sky130_fd_sc_hd__dlygate4sd3_1)
                  0.06    0.60    9.83 v hold1332/X (sky130_fd_sc_hd__dlygate4sd3_1)
     1    0.00                           net1981 (net)
                  0.06    0.00    9.83 v _6945_/D (sky130_fd_sc_hd__dfrtn_1)
                                  9.83   data arrival time

                         50.00   50.00   clock sck (fall edge)
                          0.00   50.00   clock source latency
                  0.00    0.00   50.00 v mgmt_gpio_in[4] (in)
     1    0.05                           mgmt_gpio_in[4] (net)
                  0.00    0.00   50.00 v clkbuf_0_mgmt_gpio_in[4]/A (sky130_fd_sc_hd__clkbuf_16)
                  0.04    0.13   50.13 v clkbuf_0_mgmt_gpio_in[4]/X (sky130_fd_sc_hd__clkbuf_16)
     4    0.03                           clknet_0_mgmt_gpio_in[4] (net)
                  0.04    0.00   50.13 v clkbuf_2_3__f_mgmt_gpio_in[4]/A (sky130_fd_sc_hd__clkbuf_16)
                  0.04    0.14   50.27 v clkbuf_2_3__f_mgmt_gpio_in[4]/X (sky130_fd_sc_hd__clkbuf_16)
    17    0.03                           clknet_2_3__leaf_mgmt_gpio_in[4] (net)
                  0.04    0.00   50.27 v _6945_/CLK_N (sky130_fd_sc_hd__dfrtn_1)
                         -0.10   50.17   clock uncertainty
                          0.01   50.18   clock reconvergence pessimism
                         -0.16   50.02   library setup time
                                 50.02   data required time
-----------------------------------------------------------------------------
                                 50.02   data required time
                                 -9.83   data arrival time
-----------------------------------------------------------------------------
                                 40.19   slack (MET)


Startpoint: wb_clk_i (clock source 'wb_clk_i')
Endpoint: mgmt_gpio_out[14] (output port clocked by wb_clk_i)
Path Group: wb_clk_i
Path Type: max

Fanout     Cap    Slew   Delay    Time   Description
-----------------------------------------------------------------------------
                         12.50   12.50   clock wb_clk_i (fall edge)
                          0.00   12.50   clock source latency
                  0.00    0.00   12.50 v wb_clk_i (in)
     2    0.13                           wb_clk_i (net)
                  0.04    0.02   12.52 v clkbuf_0_wb_clk_i/A (sky130_fd_sc_hd__clkbuf_16)
                  0.14    0.24   12.76 v clkbuf_0_wb_clk_i/X (sky130_fd_sc_hd__clkbuf_16)
     8    0.20                           clknet_0_wb_clk_i (net)
                  0.14    0.02   12.78 v clkbuf_3_7__f_wb_clk_i/A (sky130_fd_sc_hd__clkbuf_16)
                  0.08    0.24   13.02 v clkbuf_3_7__f_wb_clk_i/X (sky130_fd_sc_hd__clkbuf_16)
    14    0.09                           clknet_3_7__leaf_wb_clk_i (net)
                  0.08    0.01   13.03 v _4167_/A1 (sky130_fd_sc_hd__mux2_1)
                  0.07    0.34   13.37 v _4167_/X (sky130_fd_sc_hd__mux2_1)
     1    0.01                           mgmt_gpio_out_14_prebuff (net)
                  0.07    0.00   13.37 v mgmt_gpio_14_buff_inst/A (sky130_fd_sc_hd__clkbuf_8)
                  0.22    0.32   13.69 v mgmt_gpio_14_buff_inst/X (sky130_fd_sc_hd__clkbuf_8)
     1    0.21                           mgmt_gpio_out[14] (net)
                  0.22    0.00   13.69 v mgmt_gpio_out[14] (out)
                                 13.69   data arrival time

                         25.00   25.00   clock wb_clk_i (rise edge)
                          0.00   25.00   clock network delay (propagated)
                         -0.10   24.90   clock uncertainty
                          0.00   24.90   clock reconvergence pessimism
                         -5.00   19.90   output external delay
                                 19.90   data required time
-----------------------------------------------------------------------------
                                 19.90   data required time
                                -13.69   data arrival time
-----------------------------------------------------------------------------
                                  6.21   slack (MET)


Startpoint: mgmt_gpio_in[2] (input port clocked by wb_clk_i)
Endpoint: _7004_ (rising edge-triggered flip-flop clocked by wbbd_sck)
Path Group: wbbd_sck
Path Type: max

Fanout     Cap    Slew   Delay    Time   Description
-----------------------------------------------------------------------------
                         25.00   25.00   clock wb_clk_i (rise edge)
                          0.00   25.00   clock network delay (propagated)
                          5.00   30.00 ^ input external delay
                  0.00    0.00   30.00 ^ mgmt_gpio_in[2] (in)
     1    0.01                           mgmt_gpio_in[2] (net)
                  0.00    0.00   30.00 ^ input58/A (sky130_fd_sc_hd__buf_8)
                  0.30    0.26   30.26 ^ input58/X (sky130_fd_sc_hd__buf_8)
    14    0.19                           net58 (net)
                  0.30    0.02   30.29 ^ _3508_/A0 (sky130_fd_sc_hd__mux2_2)
                  0.07    0.25   30.54 ^ _3508_/X (sky130_fd_sc_hd__mux2_2)
     2    0.01                           _0865_ (net)
                  0.07    0.00   30.54 ^ hold22/A (sky130_fd_sc_hd__dlygate4sd3_1)
                  0.30    0.77   31.31 ^ hold22/X (sky130_fd_sc_hd__dlygate4sd3_1)
     3    0.03                           net671 (net)
                  0.30    0.00   31.31 ^ _3511_/A2 (sky130_fd_sc_hd__o21ai_4)
                  0.06    0.08   31.39 v _3511_/Y (sky130_fd_sc_hd__o21ai_4)
     1    0.01                           _0868_ (net)
                  0.06    0.00   31.39 v hold23/A (sky130_fd_sc_hd__dlygate4sd3_1)
                  0.23    0.77   32.16 v hold23/X (sky130_fd_sc_hd__dlygate4sd3_1)
     8    0.04                           net672 (net)
                  0.23    0.00   32.17 v max_cap431/A (sky130_fd_sc_hd__buf_4)
                  0.05    0.26   32.42 v max_cap431/X (sky130_fd_sc_hd__buf_4)
     2    0.03                           net431 (net)
                  0.05    0.00   32.42 v _3540_/A (sky130_fd_sc_hd__nor2_8)
                  0.55    0.48   32.90 ^ _3540_/Y (sky130_fd_sc_hd__nor2_8)
    18    0.16                           _0897_ (net)
                  0.55    0.00   32.91 ^ _3559_/C (sky130_fd_sc_hd__and3_4)
                  0.51    0.64   33.55 ^ _3559_/X (sky130_fd_sc_hd__and3_4)
    17    0.18                           _0916_ (net)
                  0.51    0.00   33.55 ^ hold70/A (sky130_fd_sc_hd__dlygate4sd3_1)
                  1.34    1.59   35.14 ^ hold70/X (sky130_fd_sc_hd__dlygate4sd3_1)
     2    0.14                           net719 (net)
                  1.34    0.00   35.15 ^ fanout384/A (sky130_fd_sc_hd__buf_12)
                  0.30    0.40   35.55 ^ fanout384/X (sky130_fd_sc_hd__buf_12)
    22    0.26                           net384 (net)
                  0.30    0.01   35.56 ^ _4277_/B1 (sky130_fd_sc_hd__o31ai_2)
                  0.12    0.15   35.71 v _4277_/Y (sky130_fd_sc_hd__o31ai_2)
     1    0.01                           _1503_ (net)
                  0.12    0.00   35.71 v _4278_/B1 (sky130_fd_sc_hd__o211ai_4)
                  0.36    0.20   35.92 ^ _4278_/Y (sky130_fd_sc_hd__o211ai_4)
     6    0.04                           _1504_ (net)
                  0.36    0.00   35.92 ^ max_cap364/A (sky130_fd_sc_hd__buf_4)
                  0.22    0.34   36.25 ^ max_cap364/X (sky130_fd_sc_hd__buf_4)
     3    0.08                           net364 (net)
                  0.22    0.01   36.26 ^ _4280_/S (sky130_fd_sc_hd__mux2_1)
                  0.07    0.39   36.65 v _4280_/X (sky130_fd_sc_hd__mux2_1)
     1    0.01                           _0136_ (net)
                  0.07    0.00   36.65 v hold1201/A (sky130_fd_sc_hd__dlygate4sd3_1)
                  0.07    0.62   37.27 v hold1201/X (sky130_fd_sc_hd__dlygate4sd3_1)
     1    0.01                           net1850 (net)
                  0.07    0.00   37.27 v _7004_/D (sky130_fd_sc_hd__dfrtp_1)
                                 37.27   data arrival time

                         50.00   50.00   clock wbbd_sck (rise edge)
                          0.00   50.00   clock source latency
                  0.00    0.00   50.00 ^ wb_clk_i (in)
     2    0.13                           wb_clk_i (net)
                  0.04    0.02   50.02 ^ clkbuf_0_wb_clk_i/A (sky130_fd_sc_hd__clkbuf_16)
                  0.22    0.24   50.26 ^ clkbuf_0_wb_clk_i/X (sky130_fd_sc_hd__clkbuf_16)
     8    0.21                           clknet_0_wb_clk_i (net)
                  0.23    0.02   50.28 ^ clkbuf_3_0__f_wb_clk_i/A (sky130_fd_sc_hd__clkbuf_16)
                  0.10    0.22   50.50 ^ clkbuf_3_0__f_wb_clk_i/X (sky130_fd_sc_hd__clkbuf_16)
    17    0.09                           clknet_3_0__leaf_wb_clk_i (net)
                  0.10    0.00   50.50 ^ _7680_/CLK (sky130_fd_sc_hd__dfrtp_2)
                  0.07    0.36   50.87 ^ _7680_/Q (sky130_fd_sc_hd__dfrtp_2)
     1    0.01                           wbbd_sck (net)
                  0.07    0.00   50.87 ^ clkbuf_0_wbbd_sck/A (sky130_fd_sc_hd__clkbuf_16)
                  0.04    0.13   50.99 ^ clkbuf_0_wbbd_sck/X (sky130_fd_sc_hd__clkbuf_16)
     2    0.02                           clknet_0_wbbd_sck (net)
                  0.04    0.00   51.00 ^ clkbuf_1_1__f_wbbd_sck/A (sky130_fd_sc_hd__clkbuf_16)
                  0.03    0.10   51.10 ^ clkbuf_1_1__f_wbbd_sck/X (sky130_fd_sc_hd__clkbuf_16)
     1    0.00                           clknet_1_1__leaf_wbbd_sck (net)
                  0.03    0.00   51.10 ^ _4172_/A2 (sky130_fd_sc_hd__a22o_2)
                  0.29    0.30   51.40 ^ _4172_/X (sky130_fd_sc_hd__a22o_2)
     1    0.06                           csclk (net)
                  0.29    0.01   51.41 ^ clkbuf_0_csclk/A (sky130_fd_sc_hd__clkbuf_16)
                  0.18    0.29   51.70 ^ clkbuf_0_csclk/X (sky130_fd_sc_hd__clkbuf_16)
     8    0.17                           clknet_0_csclk (net)
                  0.18    0.01   51.71 ^ clkbuf_3_0_0_csclk/A (sky130_fd_sc_hd__clkbuf_8)
                  0.33    0.35   52.06 ^ clkbuf_3_0_0_csclk/X (sky130_fd_sc_hd__clkbuf_8)
    14    0.19                           clknet_3_0_0_csclk (net)
                  0.33    0.01   52.07 ^ clkbuf_leaf_80_csclk/A (sky130_fd_sc_hd__clkbuf_16)
                  0.06    0.21   52.28 ^ clkbuf_leaf_80_csclk/X (sky130_fd_sc_hd__clkbuf_16)
     7    0.03                           clknet_leaf_80_csclk (net)
                  0.06    0.00   52.29 ^ _7004_/CLK (sky130_fd_sc_hd__dfrtp_1)
                         -0.10   52.19   clock uncertainty
                          0.00   52.19   clock reconvergence pessimism
                         -0.12   52.06   library setup time
                                 52.06   data required time
-----------------------------------------------------------------------------
                                 52.06   data required time
                                -37.27   data arrival time
-----------------------------------------------------------------------------
                                 14.80   slack (MET)



===========================================================================
report_checks --slack_max -0.01
============================================================================
No paths found.
