
Magic 8.3 revision 324 - Compiled on Thu Sep 15 11:38:02 UTC 2022.
Starting magic under Tcl interpreter
Using the terminal as the console.
Using NULL graphics device.
Processing system .magicrc file
Sourcing design .magicrc for technology sky130A ...
2 Magic internal units = 1 Lambda
Input style sky130(vendor): scaleFactor=2, multiplier=2
The following types are not handled by extraction and will be treated as non-electrical types:
    ubm 
Scaled tech values by 2 / 1 to match internal grid scaling
Loading sky130A Device Generator Menu ...
Using technology "sky130A", version 1.0.341-2-gde752ec
Reading LEF data from file /home/hosni/OL_LATEST/OpenLane/pdks/sky130A/libs.ref/sky130_fd_sc_hd/techlef/sky130_fd_sc_hd__nom.tlef.
This action cannot be undone.
LEF read, Line 78 (Message): Unknown keyword "ANTENNAMODEL" in LEF file; ignoring.
LEF read, Line 79 (Message): Unknown keyword "ANTENNADIFFSIDEAREARATIO" in LEF file; ignoring.
LEF read, Line 112 (Message): Unknown keyword "MINENCLOSEDAREA" in LEF file; ignoring.
LEF read, Line 114 (Message): Unknown keyword "ANTENNAMODEL" in LEF file; ignoring.
LEF read, Line 115 (Message): Unknown keyword "ANTENNADIFFSIDEAREARATIO" in LEF file; ignoring.
LEF read, Line 121 (Message): Unknown keyword "MAXIMUMDENSITY" in LEF file; ignoring.
LEF read, Line 122 (Message): Unknown keyword "DENSITYCHECKWINDOW" in LEF file; ignoring.
LEF read, Line 123 (Message): Unknown keyword "DENSITYCHECKSTEP" in LEF file; ignoring.
LEF read, Line 156 (Message): Unknown keyword "MINENCLOSEDAREA" in LEF file; ignoring.
LEF read, Line 164 (Message): Unknown keyword "ANTENNAMODEL" in LEF file; ignoring.
LEF read, Line 165 (Message): Unknown keyword "ANTENNADIFFSIDEAREARATIO" in LEF file; ignoring.
LEF read, Line 167 (Message): Unknown keyword "MAXIMUMDENSITY" in LEF file; ignoring.
LEF read, Line 168 (Message): Unknown keyword "DENSITYCHECKWINDOW" in LEF file; ignoring.
LEF read, Line 169 (Message): Unknown keyword "DENSITYCHECKSTEP" in LEF file; ignoring.
LEF read, Line 206 (Message): Unknown keyword "ANTENNAMODEL" in LEF file; ignoring.
LEF read, Line 207 (Message): Unknown keyword "ANTENNADIFFSIDEAREARATIO" in LEF file; ignoring.
LEF read, Line 209 (Message): Unknown keyword "MAXIMUMDENSITY" in LEF file; ignoring.
LEF read, Line 210 (Message): Unknown keyword "DENSITYCHECKWINDOW" in LEF file; ignoring.
LEF read, Line 211 (Message): Unknown keyword "DENSITYCHECKSTEP" in LEF file; ignoring.
LEF read, Line 248 (Message): Unknown keyword "ANTENNAMODEL" in LEF file; ignoring.
LEF read, Line 249 (Message): Unknown keyword "ANTENNADIFFSIDEAREARATIO" in LEF file; ignoring.
LEF read, Line 251 (Message): Unknown keyword "MAXIMUMDENSITY" in LEF file; ignoring.
LEF read, Line 252 (Message): Unknown keyword "DENSITYCHECKWINDOW" in LEF file; ignoring.
LEF read, Line 253 (Message): Unknown keyword "DENSITYCHECKSTEP" in LEF file; ignoring.
LEF read, Line 290 (Message): Unknown keyword "ANTENNAMODEL" in LEF file; ignoring.
LEF read, Line 291 (Message): Unknown keyword "ANTENNADIFFSIDEAREARATIO" in LEF file; ignoring.
LEF read: Processed 797 lines.
Reading DEF data from file /home/hosni/My_forks/FINAL/caravel/openlane/housekeeping/runs/22_10_14_09_08/results/routing/housekeeping.def.
This action cannot be undone.
  Processed 4 vias total.
  Processed 24701 subcell instances total.
  Processed 354 pins total.
  Processed 2 special nets total.
  Processed 6470 nets total.
DEF read: Processed 183750 lines.
Moving label "_0046_" from metal2 to via2 in cell housekeeping.
Moving label "_0052_" from metal2 to via2 in cell housekeeping.
Moving label "_0146_" from metal2 to via2 in cell housekeeping.
Moving label "_0241_" from metal1 to via1 in cell housekeeping.
Moving label "_0260_" from metal1 to via1 in cell housekeeping.
Moving label "_0261_" from metal1 to via1 in cell housekeeping.
Moving label "_0266_" from metal1 to via1 in cell housekeeping.
Moving label "_0398_" from metal2 to via2 in cell housekeeping.
Moving label "_0404_" from metal2 to via2 in cell housekeeping.
Moving label "_0606_" from metal2 to via2 in cell housekeeping.
Moving label "_0616_" from metal2 to via2 in cell housekeeping.
Moving label "_0621_" from metal2 to via2 in cell housekeeping.
Moving label "_0661_" from metal2 to via2 in cell housekeeping.
Moving label "_0750_" from metal2 to via2 in cell housekeeping.
Moving label "_0821_" from metal2 to via2 in cell housekeeping.
Moving label "_0864_" from metal1 to via1 in cell housekeeping.
Moving label "_0892_" from metal1 to via1 in cell housekeeping.
Moving label "_0898_" from metal2 to via2 in cell housekeeping.
Moving label "_0918_" from metal1 to via1 in cell housekeeping.
Moving label "_0926_" from metal3 to via2 in cell housekeeping.
Moving label "_0939_" from metal2 to via2 in cell housekeeping.
Moving label "_1036_" from metal3 to via3 in cell housekeeping.
Moving label "_1042_" from metal1 to viali in cell housekeeping.
Moving label "_1084_" from metal2 to via2 in cell housekeeping.
Moving label "_1088_" from metal2 to via2 in cell housekeeping.
Moving label "_1098_" from metal2 to via2 in cell housekeeping.
Moving label "_1108_" from metal1 to via1 in cell housekeeping.
Moving label "_1208_" from metal3 to via3 in cell housekeeping.
Moving label "_1260_" from metal2 to via1 in cell housekeeping.
Moving label "_1261_" from metal3 to via3 in cell housekeeping.
Moving label "_1283_" from metal1 to viali in cell housekeeping.
Moving label "_1311_" from metal2 to via2 in cell housekeeping.
Moving label "_1317_" from metal2 to via1 in cell housekeeping.
Moving label "_1364_" from metal2 to via1 in cell housekeeping.
Moving label "_1368_" from metal2 to via2 in cell housekeeping.
Moving label "_1427_" from metal3 to via3 in cell housekeeping.
Moving label "_1433_" from metal2 to via1 in cell housekeeping.
Moving label "_1478_" from metal2 to via2 in cell housekeeping.
Moving label "_1554_" from metal2 to via2 in cell housekeeping.
Moving label "_1621_" from metal1 to via1 in cell housekeeping.
Moving label "_1625_" from metal2 to via1 in cell housekeeping.
Moving label "_1657_" from metal3 to via2 in cell housekeeping.
Moving label "_1692_" from metal2 to via2 in cell housekeeping.
Moving label "_1709_" from metal1 to via1 in cell housekeeping.
Moving label "_1734_" from metal1 to viali in cell housekeeping.
Moving label "_1748_" from metal1 to via1 in cell housekeeping.
Moving label "_1936_" from metal1 to via1 in cell housekeeping.
Moving label "_1968_" from metal2 to via1 in cell housekeeping.
Moving label "_2017_" from metal2 to via1 in cell housekeeping.
Moving label "_2069_" from metal2 to via2 in cell housekeeping.
Moving label "_2130_" from metal1 to viali in cell housekeeping.
Moving label "_2143_" from metal1 to via1 in cell housekeeping.
Moving label "_2168_" from metal1 to via1 in cell housekeeping.
Moving label "_2172_" from metal3 to via3 in cell housekeeping.
Moving label "_2236_" from metal2 to via1 in cell housekeeping.
Moving label "_2280_" from metal2 to via2 in cell housekeeping.
Moving label "_2369_" from metal1 to via1 in cell housekeeping.
Moving label "_2373_" from metal3 to via3 in cell housekeeping.
Moving label "_2384_" from metal2 to via2 in cell housekeeping.
Moving label "_2419_" from metal2 to via2 in cell housekeeping.
Moving label "_2439_" from metal2 to via2 in cell housekeeping.
Moving label "_2444_" from metal2 to via2 in cell housekeeping.
Moving label "_2460_" from metal2 to via2 in cell housekeeping.
Moving label "_2512_" from metal3 to via3 in cell housekeeping.
Moving label "_2515_" from metal2 to via2 in cell housekeeping.
Moving label "_2520_" from metal1 to via1 in cell housekeeping.
Moving label "_2539_" from metal3 to via3 in cell housekeeping.
Moving label "_2567_" from metal2 to via1 in cell housekeeping.
Moving label "_2607_" from metal1 to viali in cell housekeeping.
Moving label "_2696_" from metal1 to viali in cell housekeeping.
Moving label "_2713_" from metal1 to viali in cell housekeeping.
Moving label "_2717_" from metal1 to viali in cell housekeeping.
Moving label "_2746_" from metal2 to via1 in cell housekeeping.
Moving label "_2765_" from metal3 to via3 in cell housekeeping.
Moving label "_2798_" from metal2 to via1 in cell housekeeping.
Moving label "_2799_" from metal3 to via3 in cell housekeeping.
Moving label "_2860_" from metal2 to via2 in cell housekeeping.
Moving label "_2887_" from metal3 to via2 in cell housekeeping.
Moving label "_2929_" from metal1 to via1 in cell housekeeping.
Moving label "_2954_" from metal1 to via1 in cell housekeeping.
Moving label "_2971_" from metal1 to via1 in cell housekeeping.
Moving label "_2979_" from metal2 to via2 in cell housekeeping.
Moving label "_2986_" from metal3 to via3 in cell housekeeping.
Moving label "_3006_" from metal1 to via1 in cell housekeeping.
Moving label "_3022_" from metal2 to via2 in cell housekeeping.
Moving label "_3041_" from metal2 to via2 in cell housekeeping.
Moving label "_3055_" from metal2 to via2 in cell housekeeping.
Moving label "_3063_" from metal1 to via1 in cell housekeeping.
Moving label "_3070_" from metal1 to via1 in cell housekeeping.
Moving label "_3109_" from metal2 to via2 in cell housekeeping.
Moving label "_3127_" from metal1 to viali in cell housekeeping.
Moving label "_3140_" from metal2 to via2 in cell housekeeping.
Moving label "_3177_" from metal1 to via1 in cell housekeeping.
Moving label "clknet_2_3_0_csclk" from metal3 to via2 in cell housekeeping.
Moving label "clknet_leaf_2_csclk" from metal2 to via2 in cell housekeeping.
Moving label "csclk" from metal2 to via2 in cell housekeeping.
Moving label "gpio_configure\[0\]\[10\]" from metal2 to via2 in cell housekeeping.
Moving label "gpio_configure\[16\]\[0\]" from metal2 to via2 in cell housekeeping.
Moving label "gpio_configure\[17\]\[12\]" from metal1 to via1 in cell housekeeping.
Moving label "gpio_configure\[21\]\[11\]" from metal1 to viali in cell housekeeping.
Moving label "gpio_configure\[21\]\[5\]" from metal1 to viali in cell housekeeping.
Moving label "gpio_configure\[22\]\[12\]" from metal3 to via3 in cell housekeeping.
Moving label "gpio_configure\[22\]\[6\]" from metal1 to via1 in cell housekeeping.
Moving label "gpio_configure\[23\]\[5\]" from metal1 to via1 in cell housekeeping.
Moving label "gpio_configure\[24\]\[11\]" from metal2 to via2 in cell housekeeping.
Moving label "gpio_configure\[24\]\[8\]" from metal1 to via1 in cell housekeeping.
Moving label "gpio_configure\[26\]\[8\]" from metal2 to via1 in cell housekeeping.
Moving label "gpio_configure\[27\]\[10\]" from metal2 to via2 in cell housekeeping.
Moving label "gpio_configure\[30\]\[6\]" from metal1 to via1 in cell housekeeping.
Moving label "gpio_configure\[32\]\[8\]" from metal1 to viali in cell housekeeping.
Moving label "gpio_configure\[33\]\[10\]" from metal1 to via1 in cell housekeeping.
Moving label "gpio_configure\[33\]\[12\]" from metal1 to viali in cell housekeeping.
Moving label "gpio_configure\[34\]\[12\]" from metal1 to viali in cell housekeeping.
Moving label "gpio_configure\[34\]\[2\]" from metal1 to via1 in cell housekeeping.
Moving label "gpio_configure\[36\]\[4\]" from metal1 to via1 in cell housekeeping.
Moving label "gpio_configure\[37\]\[12\]" from metal1 to viali in cell housekeeping.
Moving label "gpio_configure\[37\]\[6\]" from metal1 to viali in cell housekeeping.
Moving label "gpio_configure\[3\]\[12\]" from metal3 to via3 in cell housekeeping.
Moving label "gpio_configure\[3\]\[2\]" from metal3 to via2 in cell housekeeping.
Moving label "gpio_configure\[4\]\[10\]" from metal1 to via1 in cell housekeeping.
Moving label "gpio_configure\[4\]\[5\]" from metal3 to via3 in cell housekeeping.
Moving label "gpio_configure\[4\]\[8\]" from metal1 to via1 in cell housekeeping.
Moving label "gpio_configure\[5\]\[6\]" from metal1 to via1 in cell housekeeping.
Moving label "gpio_configure\[6\]\[0\]" from metal1 to via1 in cell housekeeping.
Moving label "gpio_configure\[6\]\[7\]" from metal3 to via2 in cell housekeeping.
Moving label "gpio_configure\[7\]\[3\]" from metal3 to via3 in cell housekeeping.
Moving label "gpio_configure\[7\]\[9\]" from metal3 to via3 in cell housekeeping.
Moving label "mgmt_gpio_out[29]" from metal2 to via1 in cell housekeeping.
Moving label "net1012" from metal2 to via2 in cell housekeeping.
Moving label "net103" from metal2 to via1 in cell housekeeping.
Moving label "net1059" from metal2 to via2 in cell housekeeping.
Moving label "net1088" from metal1 to via1 in cell housekeeping.
Moving label "net11" from metal2 to via2 in cell housekeeping.
Moving label "net1159" from metal1 to via1 in cell housekeeping.
Moving label "net1182" from metal2 to via2 in cell housekeeping.
Moving label "net1450" from metal2 to via2 in cell housekeeping.
Moving label "net1525" from metal2 to via2 in cell housekeeping.
Moving label "net153" from metal1 to via1 in cell housekeeping.
Moving label "net1577" from metal2 to via2 in cell housekeeping.
Moving label "net1664" from metal2 to via2 in cell housekeeping.
Moving label "net1697" from metal2 to via2 in cell housekeeping.
Moving label "net175" from metal2 to via2 in cell housekeeping.
Moving label "net1824" from metal2 to via2 in cell housekeeping.
Moving label "net1990" from metal2 to via2 in cell housekeeping.
Moving label "net2081" from metal1 to via1 in cell housekeeping.
Moving label "net2089" from metal2 to via2 in cell housekeeping.
Moving label "net247" from metal2 to via2 in cell housekeeping.
Moving label "net25" from metal1 to viali in cell housekeeping.
Moving label "net266" from metal2 to via2 in cell housekeeping.
Moving label "net284" from metal1 to via1 in cell housekeeping.
Moving label "net286" from metal2 to via2 in cell housekeeping.
Moving label "net292" from metal2 to via2 in cell housekeeping.
Moving label "net305" from metal2 to via2 in cell housekeeping.
Moving label "net357" from metal3 to via3 in cell housekeeping.
Moving label "net362" from metal3 to via3 in cell housekeeping.
Moving label "net372" from metal2 to via2 in cell housekeeping.
Moving label "net394" from metal3 to via3 in cell housekeeping.
Moving label "net408" from metal2 to via2 in cell housekeeping.
Moving label "net423" from metal1 to viali in cell housekeeping.
Moving label "net491" from metal2 to via2 in cell housekeeping.
Moving label "net520" from metal2 to via1 in cell housekeeping.
Moving label "net54" from metal3 to via3 in cell housekeeping.
Moving label "net574" from metal2 to via2 in cell housekeeping.
Moving label "net586" from metal2 to via2 in cell housekeeping.
Moving label "net611" from metal3 to via2 in cell housekeeping.
Moving label "net641" from metal3 to via3 in cell housekeeping.
Moving label "net762" from metal2 to via2 in cell housekeeping.
Moving label "net763" from metal2 to via2 in cell housekeeping.
Moving label "net799" from metal1 to via1 in cell housekeeping.
Moving label "net805" from metal2 to via2 in cell housekeeping.
Moving label "net86" from metal3 to via3 in cell housekeeping.
Moving label "net885" from metal2 to via2 in cell housekeeping.
Moving label "net898" from metal1 to viali in cell housekeeping.
Moving label "net923" from metal2 to via2 in cell housekeeping.
Moving label "net928" from metal2 to via2 in cell housekeeping.
Moving label "net945" from metal2 to via1 in cell housekeeping.
Moving label "net947" from metal2 to via2 in cell housekeeping.
Moving label "net954" from metal2 to via2 in cell housekeeping.
Moving label "net960" from metal2 to via2 in cell housekeeping.
Moving label "serial_data_staging_1\[8\]" from metal2 to via2 in cell housekeeping.
Moving label "wb_dat_i[8]" from metal2 to via2 in cell housekeeping.
Moving label "wb_dat_o[9]" from metal2 to via2 in cell housekeeping.
Moving label "wb_we_i" from metal2 to via1 in cell housekeeping.
Moving label "xfer_count\[0\]" from metal2 to via2 in cell housekeeping.
Root cell box:
           width x height  (   llx,  lly  ), (   urx,  ury  )  area (units^2)

microns:  370.230 x 550.950  ( 0.000,  0.000), ( 370.230,  550.950)  203978.203
lambda:   37023.00 x 55095.00  (  0.00,  0.00 ), ( 37023.00,  55095.00)  2039782144.00
internal:  74046 x 110190  (     0,  0    ), ( 74046,  110190)  8159128740
   Generating output for cell sky130_fd_sc_hd__and2_1
   Generating output for cell sky130_fd_sc_hd__decap_3
   Generating output for cell sky130_fd_sc_hd__fill_2
   Generating output for cell sky130_fd_sc_hd__diode_2
   Generating output for cell sky130_fd_sc_hd__dlygate4sd3_1
   Generating output for cell sky130_fd_sc_hd__decap_4
   Generating output for cell sky130_fd_sc_hd__decap_6
   Generating output for cell sky130_fd_sc_hd__buf_12
   Generating output for cell sky130_fd_sc_hd__fill_1
   Generating output for cell sky130_fd_sc_hd__tapvpwrvgnd_1
   Generating output for cell sky130_fd_sc_hd__nor2_1
   Generating output for cell sky130_fd_sc_hd__inv_2
   Generating output for cell sky130_fd_sc_hd__decap_8
   Generating output for cell sky130_fd_sc_hd__mux2_1
   Generating output for cell sky130_fd_sc_hd__clkbuf_1
   Generating output for cell sky130_fd_sc_hd__dfrtp_2
   Generating output for cell sky130_fd_sc_hd__dfstp_2
   Generating output for cell sky130_fd_sc_hd__dfstp_1
   Generating output for cell sky130_fd_sc_hd__buf_6
   Generating output for cell sky130_fd_sc_hd__buf_4
   Generating output for cell sky130_fd_sc_hd__buf_8
   Generating output for cell sky130_fd_sc_hd__dfrtp_4
   Generating output for cell sky130_fd_sc_hd__a22o_2
   Generating output for cell sky130_fd_sc_hd__or2_1
   Generating output for cell sky130_fd_sc_hd__dlymetal6s2s_1
   Generating output for cell sky130_fd_sc_hd__a22o_1
   Generating output for cell sky130_fd_sc_hd__clkbuf_2
   Generating output for cell sky130_ef_sc_hd__decap_12
   Generating output for cell sky130_fd_sc_hd__and2b_4
   Generating output for cell sky130_fd_sc_hd__mux2_4
   Generating output for cell sky130_fd_sc_hd__dfrtp_1
   Generating output for cell sky130_fd_sc_hd__a21boi_1
   Generating output for cell sky130_fd_sc_hd__nand2_1
   Generating output for cell sky130_fd_sc_hd__nand2_2
   Generating output for cell sky130_fd_sc_hd__a21o_1
   Generating output for cell sky130_fd_sc_hd__inv_6
   Generating output for cell sky130_fd_sc_hd__and3_1
   Generating output for cell sky130_fd_sc_hd__or4b_1
   Generating output for cell sky130_fd_sc_hd__and2_2
   Generating output for cell sky130_fd_sc_hd__o221a_1
   Generating output for cell sky130_fd_sc_hd__a221o_1
   Generating output for cell sky130_fd_sc_hd__o21a_1
   Generating output for cell sky130_fd_sc_hd__dfstp_4
   Generating output for cell sky130_fd_sc_hd__a221o_2
   Generating output for cell sky130_fd_sc_hd__clkbuf_4
   Generating output for cell sky130_fd_sc_hd__nor2_4
   Generating output for cell sky130_fd_sc_hd__or3b_1
   Generating output for cell sky130_fd_sc_hd__a31o_1
   Generating output for cell sky130_fd_sc_hd__nand2b_1
   Generating output for cell sky130_fd_sc_hd__or3_4
   Generating output for cell sky130_fd_sc_hd__clkbuf_16
   Generating output for cell sky130_fd_sc_hd__o22a_1
   Generating output for cell sky130_fd_sc_hd__mux2_2
   Generating output for cell sky130_fd_sc_hd__conb_1
   Generating output for cell sky130_fd_sc_hd__o21ba_1
   Generating output for cell sky130_fd_sc_hd__clkinv_2
   Generating output for cell sky130_fd_sc_hd__and4_1
   Generating output for cell sky130_fd_sc_hd__a22o_4
   Generating output for cell sky130_fd_sc_hd__a2bb2o_1
   Generating output for cell sky130_fd_sc_hd__and4b_1
   Generating output for cell sky130_fd_sc_hd__nor2_8
   Generating output for cell sky130_fd_sc_hd__mux2_8
   Generating output for cell sky130_fd_sc_hd__nand2_8
   Generating output for cell sky130_fd_sc_hd__and2_4
   Generating output for cell sky130_fd_sc_hd__or3_1
   Generating output for cell sky130_fd_sc_hd__o311a_1
   Generating output for cell sky130_fd_sc_hd__o21ai_1
   Generating output for cell sky130_fd_sc_hd__o31a_1
   Generating output for cell sky130_fd_sc_hd__a32o_1
   Generating output for cell sky130_fd_sc_hd__a21oi_1
   Generating output for cell sky130_fd_sc_hd__or4_1
   Generating output for cell sky130_fd_sc_hd__nor2_2
   Generating output for cell sky130_fd_sc_hd__a211o_1
   Generating output for cell sky130_fd_sc_hd__o32a_1
   Generating output for cell sky130_fd_sc_hd__and2b_2
   Generating output for cell sky130_fd_sc_hd__nand2_4
   Generating output for cell sky130_fd_sc_hd__and3_4
   Generating output for cell sky130_fd_sc_hd__clkbuf_8
   Generating output for cell sky130_fd_sc_hd__clkinv_8
   Generating output for cell sky130_fd_sc_hd__nand2b_4
   Generating output for cell sky130_fd_sc_hd__and3_2
   Generating output for cell sky130_fd_sc_hd__or2_4
   Generating output for cell sky130_fd_sc_hd__nor4_1
   Generating output for cell sky130_fd_sc_hd__or4_4
   Generating output for cell sky130_fd_sc_hd__and3b_2
   Generating output for cell sky130_fd_sc_hd__a2111o_1
   Generating output for cell sky130_fd_sc_hd__and3b_4
   Generating output for cell sky130_fd_sc_hd__xor2_1
   Generating output for cell sky130_fd_sc_hd__xnor2_1
   Generating output for cell sky130_fd_sc_hd__o211a_1
   Generating output for cell sky130_fd_sc_hd__or2_2
   Generating output for cell sky130_fd_sc_hd__a41o_1
   Generating output for cell sky130_fd_sc_hd__and2b_1
   Generating output for cell sky130_fd_sc_hd__a211oi_1
   Generating output for cell sky130_fd_sc_hd__or4bb_1
   Generating output for cell sky130_fd_sc_hd__o32ai_1
   Generating output for cell sky130_fd_sc_hd__o221a_4
   Generating output for cell sky130_fd_sc_hd__dfxtp_1
   Generating output for cell sky130_fd_sc_hd__or4_2
   Generating output for cell sky130_fd_sc_hd__nor3_1
   Generating output for cell sky130_fd_sc_hd__a21bo_1
   Generating output for cell sky130_fd_sc_hd__dfrtn_1
   Generating output for cell sky130_fd_sc_hd__or3b_4
   Generating output for cell sky130_fd_sc_hd__o21bai_1
   Generating output for cell sky130_fd_sc_hd__o221a_2
   Generating output for cell sky130_fd_sc_hd__buf_2
   Generating output for cell sky130_fd_sc_hd__nand4_1
   Generating output for cell sky130_fd_sc_hd__o21ai_2
   Generating output for cell sky130_fd_sc_hd__dfxtp_2
   Generating output for cell sky130_fd_sc_hd__nor3_2
   Generating output for cell sky130_fd_sc_hd__or3_2
   Generating output for cell sky130_fd_sc_hd__o211ai_1
   Generating output for cell sky130_fd_sc_hd__o22ai_1
   Generating output for cell sky130_fd_sc_hd__and4bb_1
   Generating output for cell sky130_fd_sc_hd__o221ai_2
   Generating output for cell sky130_fd_sc_hd__a2111o_2
   Generating output for cell sky130_fd_sc_hd__o2111a_1
   Generating output for cell sky130_fd_sc_hd__and3b_1
   Generating output for cell sky130_fd_sc_hd__a21oi_2
   Generating output for cell sky130_fd_sc_hd__o2111ai_4
   Generating output for cell sky130_fd_sc_hd__a2bb2oi_1
   Generating output for cell sky130_fd_sc_hd__o2111ai_1
   Generating output for cell sky130_fd_sc_hd__o32ai_4
   Generating output for cell sky130_fd_sc_hd__nand4b_1
   Generating output for cell sky130_fd_sc_hd__a311o_1
   Generating output for cell sky130_fd_sc_hd__a221o_4
   Generating output for cell sky130_fd_sc_hd__o21bai_2
   Generating output for cell sky130_fd_sc_hd__o41a_1
   Generating output for cell sky130_fd_sc_hd__o211a_2
   Generating output for cell sky130_fd_sc_hd__nand4_2
   Generating output for cell sky130_fd_sc_hd__nand3_4
   Generating output for cell sky130_fd_sc_hd__xnor2_2
   Generating output for cell sky130_fd_sc_hd__nand2b_2
   Generating output for cell sky130_fd_sc_hd__and4_2
   Generating output for cell sky130_fd_sc_hd__nand3_2
   Generating output for cell sky130_fd_sc_hd__a211oi_4
   Generating output for cell sky130_fd_sc_hd__and4_4
   Generating output for cell sky130_fd_sc_hd__a21boi_2
   Generating output for cell sky130_fd_sc_hd__o21ai_4
   Generating output for cell sky130_fd_sc_hd__o21a_4
   Generating output for cell sky130_fd_sc_hd__a41oi_1
   Generating output for cell sky130_fd_sc_hd__nor4_4
   Generating output for cell sky130_fd_sc_hd__a31oi_2
   Generating output for cell sky130_fd_sc_hd__nand3b_4
   Generating output for cell sky130_fd_sc_hd__nand3_1
   Generating output for cell sky130_fd_sc_hd__or4bb_4
   Generating output for cell sky130_fd_sc_hd__o31ai_1
   Generating output for cell sky130_fd_sc_hd__or3b_2
   Generating output for cell sky130_fd_sc_hd__nand3b_1
   Generating output for cell sky130_fd_sc_hd__or4b_4
   Generating output for cell sky130_fd_sc_hd__nor3b_4
   Generating output for cell sky130_fd_sc_hd__inv_4
   Generating output for cell sky130_fd_sc_hd__o2bb2a_1
   Generating output for cell sky130_fd_sc_hd__a21o_4
   Generating output for cell sky130_fd_sc_hd__a211o_2
   Generating output for cell sky130_fd_sc_hd__o2bb2ai_2
   Generating output for cell sky130_fd_sc_hd__a31o_2
   Generating output for cell sky130_fd_sc_hd__o211a_4
   Generating output for cell sky130_fd_sc_hd__nor3b_2
   Generating output for cell housekeeping
[INFO]: GDS Write Complete
