
Magic 8.3 revision 324 - Compiled on Thu Sep 15 11:38:02 UTC 2022.
Starting magic under Tcl interpreter
Using the terminal as the console.
Using NULL graphics device.
Processing system .magicrc file
Sourcing design .magicrc for technology sky130A ...
2 Magic internal units = 1 Lambda
Input style sky130(vendor): scaleFactor=2, multiplier=2
The following types are not handled by extraction and will be treated as non-electrical types:
    ubm 
Scaled tech values by 2 / 1 to match internal grid scaling
Loading sky130A Device Generator Menu ...
Using technology "sky130A", version 1.0.341-2-gde752ec
Reading LEF data from file /home/hosni/OL_LATEST/OpenLane/pdks/sky130A/libs.ref/sky130_fd_sc_hd/techlef/sky130_fd_sc_hd__nom.tlef.
This action cannot be undone.
LEF read, Line 78 (Message): Unknown keyword "ANTENNAMODEL" in LEF file; ignoring.
LEF read, Line 79 (Message): Unknown keyword "ANTENNADIFFSIDEAREARATIO" in LEF file; ignoring.
LEF read, Line 112 (Message): Unknown keyword "MINENCLOSEDAREA" in LEF file; ignoring.
LEF read, Line 114 (Message): Unknown keyword "ANTENNAMODEL" in LEF file; ignoring.
LEF read, Line 115 (Message): Unknown keyword "ANTENNADIFFSIDEAREARATIO" in LEF file; ignoring.
LEF read, Line 121 (Message): Unknown keyword "MAXIMUMDENSITY" in LEF file; ignoring.
LEF read, Line 122 (Message): Unknown keyword "DENSITYCHECKWINDOW" in LEF file; ignoring.
LEF read, Line 123 (Message): Unknown keyword "DENSITYCHECKSTEP" in LEF file; ignoring.
LEF read, Line 156 (Message): Unknown keyword "MINENCLOSEDAREA" in LEF file; ignoring.
LEF read, Line 164 (Message): Unknown keyword "ANTENNAMODEL" in LEF file; ignoring.
LEF read, Line 165 (Message): Unknown keyword "ANTENNADIFFSIDEAREARATIO" in LEF file; ignoring.
LEF read, Line 167 (Message): Unknown keyword "MAXIMUMDENSITY" in LEF file; ignoring.
LEF read, Line 168 (Message): Unknown keyword "DENSITYCHECKWINDOW" in LEF file; ignoring.
LEF read, Line 169 (Message): Unknown keyword "DENSITYCHECKSTEP" in LEF file; ignoring.
LEF read, Line 206 (Message): Unknown keyword "ANTENNAMODEL" in LEF file; ignoring.
LEF read, Line 207 (Message): Unknown keyword "ANTENNADIFFSIDEAREARATIO" in LEF file; ignoring.
LEF read, Line 209 (Message): Unknown keyword "MAXIMUMDENSITY" in LEF file; ignoring.
LEF read, Line 210 (Message): Unknown keyword "DENSITYCHECKWINDOW" in LEF file; ignoring.
LEF read, Line 211 (Message): Unknown keyword "DENSITYCHECKSTEP" in LEF file; ignoring.
LEF read, Line 248 (Message): Unknown keyword "ANTENNAMODEL" in LEF file; ignoring.
LEF read, Line 249 (Message): Unknown keyword "ANTENNADIFFSIDEAREARATIO" in LEF file; ignoring.
LEF read, Line 251 (Message): Unknown keyword "MAXIMUMDENSITY" in LEF file; ignoring.
LEF read, Line 252 (Message): Unknown keyword "DENSITYCHECKWINDOW" in LEF file; ignoring.
LEF read, Line 253 (Message): Unknown keyword "DENSITYCHECKSTEP" in LEF file; ignoring.
LEF read, Line 290 (Message): Unknown keyword "ANTENNAMODEL" in LEF file; ignoring.
LEF read, Line 291 (Message): Unknown keyword "ANTENNADIFFSIDEAREARATIO" in LEF file; ignoring.
LEF read: Processed 797 lines.
housekeeping: 10000 rects
housekeeping: 20000 rects
housekeeping: 30000 rects
housekeeping: 40000 rects
housekeeping: 50000 rects
housekeeping: 60000 rects
housekeeping: 70000 rects
housekeeping: 80000 rects
housekeeping: 90000 rects
housekeeping: 100000 rects
housekeeping: 110000 rects
housekeeping: 120000 rects
housekeeping: 130000 rects
housekeeping: 140000 rects
housekeeping: 150000 rects
housekeeping: 160000 rects
housekeeping: 170000 rects
housekeeping: 180000 rects
housekeeping: 190000 rects
housekeeping: 200000 rects
housekeeping: 210000 rects
housekeeping: 220000 rects
housekeeping: 230000 rects
housekeeping: 240000 rects
housekeeping: 250000 rects
housekeeping: 260000 rects
housekeeping: 270000 rects
housekeeping: 280000 rects
housekeeping: 290000 rects
housekeeping: 300000 rects
housekeeping: 310000 rects
housekeeping: 320000 rects
housekeeping: 330000 rects
housekeeping: 340000 rects
housekeeping: 350000 rects
housekeeping: 360000 rects
housekeeping: 370000 rects
housekeeping: 380000 rects
housekeeping: 390000 rects
housekeeping: 400000 rects
housekeeping: 410000 rects
housekeeping: 420000 rects
housekeeping: 430000 rects
housekeeping: 440000 rects
housekeeping: 450000 rects
housekeeping: 460000 rects
housekeeping: 470000 rects
housekeeping: 480000 rects
housekeeping: 490000 rects
housekeeping: 500000 rects
[INFO]: Writing abstract LEF
Generating LEF output /home/hosni/power/caravel/openlane/housekeeping/runs/22_10_17_11_22/results/signoff/housekeeping.lef for cell housekeeping:
Diagnostic:  Write LEF header for cell housekeeping
Diagnostic:  Writing LEF output for cell housekeeping
Warning:  Parent cell lists instance of "sky130_fd_sc_hd__buf_12" at bad file path /home/hosni/power/caravel/openlane/housekeeping/runs/22_10_17_11_22/results/signoff/sky130_fd_sc_hd__buf_12.mag.
The cell exists in the search paths at /home/hosni/OL_LATEST/OpenLane/pdks/sky130A/libs.ref/sky130_fd_sc_hd/maglef/sky130_fd_sc_hd__buf_12.mag.
The discovered version will be used.
Warning:  Parent cell lists instance of "sky130_fd_sc_hd__buf_8" at bad file path /home/hosni/power/caravel/openlane/housekeeping/runs/22_10_17_11_22/results/signoff/sky130_fd_sc_hd__buf_8.mag.
The cell exists in the search paths at /home/hosni/OL_LATEST/OpenLane/pdks/sky130A/libs.ref/sky130_fd_sc_hd/maglef/sky130_fd_sc_hd__buf_8.mag.
The discovered version will be used.
Warning:  Parent cell lists instance of "sky130_fd_sc_hd__clkbuf_1" at bad file path /home/hosni/power/caravel/openlane/housekeeping/runs/22_10_17_11_22/results/signoff/sky130_fd_sc_hd__clkbuf_1.mag.
The cell exists in the search paths at /home/hosni/OL_LATEST/OpenLane/pdks/sky130A/libs.ref/sky130_fd_sc_hd/maglef/sky130_fd_sc_hd__clkbuf_1.mag.
The discovered version will be used.
Warning:  Parent cell lists instance of "sky130_fd_sc_hd__clkbuf_2" at bad file path /home/hosni/power/caravel/openlane/housekeeping/runs/22_10_17_11_22/results/signoff/sky130_fd_sc_hd__clkbuf_2.mag.
The cell exists in the search paths at /home/hosni/OL_LATEST/OpenLane/pdks/sky130A/libs.ref/sky130_fd_sc_hd/maglef/sky130_fd_sc_hd__clkbuf_2.mag.
The discovered version will be used.
Warning:  Parent cell lists instance of "sky130_fd_sc_hd__clkbuf_8" at bad file path /home/hosni/power/caravel/openlane/housekeeping/runs/22_10_17_11_22/results/signoff/sky130_fd_sc_hd__clkbuf_8.mag.
The cell exists in the search paths at /home/hosni/OL_LATEST/OpenLane/pdks/sky130A/libs.ref/sky130_fd_sc_hd/maglef/sky130_fd_sc_hd__clkbuf_8.mag.
The discovered version will be used.
Warning:  Parent cell lists instance of "sky130_fd_sc_hd__inv_2" at bad file path /home/hosni/power/caravel/openlane/housekeeping/runs/22_10_17_11_22/results/signoff/sky130_fd_sc_hd__inv_2.mag.
The cell exists in the search paths at /home/hosni/OL_LATEST/OpenLane/pdks/sky130A/libs.ref/sky130_fd_sc_hd/maglef/sky130_fd_sc_hd__inv_2.mag.
The discovered version will be used.
Warning:  Parent cell lists instance of "sky130_fd_sc_hd__buf_2" at bad file path /home/hosni/power/caravel/openlane/housekeeping/runs/22_10_17_11_22/results/signoff/sky130_fd_sc_hd__buf_2.mag.
The cell exists in the search paths at /home/hosni/OL_LATEST/OpenLane/pdks/sky130A/libs.ref/sky130_fd_sc_hd/maglef/sky130_fd_sc_hd__buf_2.mag.
The discovered version will be used.
Warning:  Parent cell lists instance of "sky130_fd_sc_hd__buf_6" at bad file path /home/hosni/power/caravel/openlane/housekeeping/runs/22_10_17_11_22/results/signoff/sky130_fd_sc_hd__buf_6.mag.
The cell exists in the search paths at /home/hosni/OL_LATEST/OpenLane/pdks/sky130A/libs.ref/sky130_fd_sc_hd/maglef/sky130_fd_sc_hd__buf_6.mag.
The discovered version will be used.
Warning:  Parent cell lists instance of "sky130_fd_sc_hd__clkbuf_4" at bad file path /home/hosni/power/caravel/openlane/housekeeping/runs/22_10_17_11_22/results/signoff/sky130_fd_sc_hd__clkbuf_4.mag.
The cell exists in the search paths at /home/hosni/OL_LATEST/OpenLane/pdks/sky130A/libs.ref/sky130_fd_sc_hd/maglef/sky130_fd_sc_hd__clkbuf_4.mag.
The discovered version will be used.
Warning:  Parent cell lists instance of "sky130_fd_sc_hd__buf_4" at bad file path /home/hosni/power/caravel/openlane/housekeeping/runs/22_10_17_11_22/results/signoff/sky130_fd_sc_hd__buf_4.mag.
The cell exists in the search paths at /home/hosni/OL_LATEST/OpenLane/pdks/sky130A/libs.ref/sky130_fd_sc_hd/maglef/sky130_fd_sc_hd__buf_4.mag.
The discovered version will be used.
Warning:  Parent cell lists instance of "sky130_fd_sc_hd__dlymetal6s2s_1" at bad file path /home/hosni/power/caravel/openlane/housekeeping/runs/22_10_17_11_22/results/signoff/sky130_fd_sc_hd__dlymetal6s2s_1.mag.
The cell exists in the search paths at /home/hosni/OL_LATEST/OpenLane/pdks/sky130A/libs.ref/sky130_fd_sc_hd/maglef/sky130_fd_sc_hd__dlymetal6s2s_1.mag.
The discovered version will be used.
Warning:  Parent cell lists instance of "sky130_fd_sc_hd__dlygate4sd3_1" at bad file path /home/hosni/power/caravel/openlane/housekeeping/runs/22_10_17_11_22/results/signoff/sky130_fd_sc_hd__dlygate4sd3_1.mag.
The cell exists in the search paths at /home/hosni/OL_LATEST/OpenLane/pdks/sky130A/libs.ref/sky130_fd_sc_hd/maglef/sky130_fd_sc_hd__dlygate4sd3_1.mag.
The discovered version will be used.
Warning:  Parent cell lists instance of "sky130_fd_sc_hd__clkbuf_16" at bad file path /home/hosni/power/caravel/openlane/housekeeping/runs/22_10_17_11_22/results/signoff/sky130_fd_sc_hd__clkbuf_16.mag.
The cell exists in the search paths at /home/hosni/OL_LATEST/OpenLane/pdks/sky130A/libs.ref/sky130_fd_sc_hd/maglef/sky130_fd_sc_hd__clkbuf_16.mag.
The discovered version will be used.
Warning:  Parent cell lists instance of "sky130_fd_sc_hd__dfrtp_1" at bad file path /home/hosni/power/caravel/openlane/housekeeping/runs/22_10_17_11_22/results/signoff/sky130_fd_sc_hd__dfrtp_1.mag.
The cell exists in the search paths at /home/hosni/OL_LATEST/OpenLane/pdks/sky130A/libs.ref/sky130_fd_sc_hd/maglef/sky130_fd_sc_hd__dfrtp_1.mag.
The discovered version will be used.
Warning:  Parent cell lists instance of "sky130_fd_sc_hd__dfstp_2" at bad file path /home/hosni/power/caravel/openlane/housekeeping/runs/22_10_17_11_22/results/signoff/sky130_fd_sc_hd__dfstp_2.mag.
The cell exists in the search paths at /home/hosni/OL_LATEST/OpenLane/pdks/sky130A/libs.ref/sky130_fd_sc_hd/maglef/sky130_fd_sc_hd__dfstp_2.mag.
The discovered version will be used.
Warning:  Parent cell lists instance of "sky130_fd_sc_hd__dfrtn_1" at bad file path /home/hosni/power/caravel/openlane/housekeeping/runs/22_10_17_11_22/results/signoff/sky130_fd_sc_hd__dfrtn_1.mag.
The cell exists in the search paths at /home/hosni/OL_LATEST/OpenLane/pdks/sky130A/libs.ref/sky130_fd_sc_hd/maglef/sky130_fd_sc_hd__dfrtn_1.mag.
The discovered version will be used.
Warning:  Parent cell lists instance of "sky130_fd_sc_hd__dfrtp_2" at bad file path /home/hosni/power/caravel/openlane/housekeeping/runs/22_10_17_11_22/results/signoff/sky130_fd_sc_hd__dfrtp_2.mag.
The cell exists in the search paths at /home/hosni/OL_LATEST/OpenLane/pdks/sky130A/libs.ref/sky130_fd_sc_hd/maglef/sky130_fd_sc_hd__dfrtp_2.mag.
The discovered version will be used.
Warning:  Parent cell lists instance of "sky130_fd_sc_hd__dfxtp_1" at bad file path /home/hosni/power/caravel/openlane/housekeeping/runs/22_10_17_11_22/results/signoff/sky130_fd_sc_hd__dfxtp_1.mag.
The cell exists in the search paths at /home/hosni/OL_LATEST/OpenLane/pdks/sky130A/libs.ref/sky130_fd_sc_hd/maglef/sky130_fd_sc_hd__dfxtp_1.mag.
The discovered version will be used.
Warning:  Parent cell lists instance of "sky130_fd_sc_hd__dfrtp_4" at bad file path /home/hosni/power/caravel/openlane/housekeeping/runs/22_10_17_11_22/results/signoff/sky130_fd_sc_hd__dfrtp_4.mag.
The cell exists in the search paths at /home/hosni/OL_LATEST/OpenLane/pdks/sky130A/libs.ref/sky130_fd_sc_hd/maglef/sky130_fd_sc_hd__dfrtp_4.mag.
The discovered version will be used.
Warning:  Parent cell lists instance of "sky130_fd_sc_hd__conb_1" at bad file path /home/hosni/power/caravel/openlane/housekeeping/runs/22_10_17_11_22/results/signoff/sky130_fd_sc_hd__conb_1.mag.
The cell exists in the search paths at /home/hosni/OL_LATEST/OpenLane/pdks/sky130A/libs.ref/sky130_fd_sc_hd/maglef/sky130_fd_sc_hd__conb_1.mag.
The discovered version will be used.
Warning:  Parent cell lists instance of "sky130_fd_sc_hd__dfstp_1" at bad file path /home/hosni/power/caravel/openlane/housekeeping/runs/22_10_17_11_22/results/signoff/sky130_fd_sc_hd__dfstp_1.mag.
The cell exists in the search paths at /home/hosni/OL_LATEST/OpenLane/pdks/sky130A/libs.ref/sky130_fd_sc_hd/maglef/sky130_fd_sc_hd__dfstp_1.mag.
The discovered version will be used.
Warning:  Parent cell lists instance of "sky130_fd_sc_hd__dfstp_4" at bad file path /home/hosni/power/caravel/openlane/housekeeping/runs/22_10_17_11_22/results/signoff/sky130_fd_sc_hd__dfstp_4.mag.
The cell exists in the search paths at /home/hosni/OL_LATEST/OpenLane/pdks/sky130A/libs.ref/sky130_fd_sc_hd/maglef/sky130_fd_sc_hd__dfstp_4.mag.
The discovered version will be used.
Warning:  Parent cell lists instance of "sky130_fd_sc_hd__and2_1" at bad file path /home/hosni/power/caravel/openlane/housekeeping/runs/22_10_17_11_22/results/signoff/sky130_fd_sc_hd__and2_1.mag.
The cell exists in the search paths at /home/hosni/OL_LATEST/OpenLane/pdks/sky130A/libs.ref/sky130_fd_sc_hd/maglef/sky130_fd_sc_hd__and2_1.mag.
The discovered version will be used.
Warning:  Parent cell lists instance of "sky130_fd_sc_hd__mux2_1" at bad file path /home/hosni/power/caravel/openlane/housekeeping/runs/22_10_17_11_22/results/signoff/sky130_fd_sc_hd__mux2_1.mag.
The cell exists in the search paths at /home/hosni/OL_LATEST/OpenLane/pdks/sky130A/libs.ref/sky130_fd_sc_hd/maglef/sky130_fd_sc_hd__mux2_1.mag.
The discovered version will be used.
Warning:  Parent cell lists instance of "sky130_fd_sc_hd__and2_2" at bad file path /home/hosni/power/caravel/openlane/housekeeping/runs/22_10_17_11_22/results/signoff/sky130_fd_sc_hd__and2_2.mag.
The cell exists in the search paths at /home/hosni/OL_LATEST/OpenLane/pdks/sky130A/libs.ref/sky130_fd_sc_hd/maglef/sky130_fd_sc_hd__and2_2.mag.
The discovered version will be used.
Warning:  Parent cell lists instance of "sky130_fd_sc_hd__o31a_1" at bad file path /home/hosni/power/caravel/openlane/housekeeping/runs/22_10_17_11_22/results/signoff/sky130_fd_sc_hd__o31a_1.mag.
The cell exists in the search paths at /home/hosni/OL_LATEST/OpenLane/pdks/sky130A/libs.ref/sky130_fd_sc_hd/maglef/sky130_fd_sc_hd__o31a_1.mag.
The discovered version will be used.
Warning:  Parent cell lists instance of "sky130_fd_sc_hd__a32o_1" at bad file path /home/hosni/power/caravel/openlane/housekeeping/runs/22_10_17_11_22/results/signoff/sky130_fd_sc_hd__a32o_1.mag.
The cell exists in the search paths at /home/hosni/OL_LATEST/OpenLane/pdks/sky130A/libs.ref/sky130_fd_sc_hd/maglef/sky130_fd_sc_hd__a32o_1.mag.
The discovered version will be used.
Warning:  Parent cell lists instance of "sky130_fd_sc_hd__a21o_1" at bad file path /home/hosni/power/caravel/openlane/housekeeping/runs/22_10_17_11_22/results/signoff/sky130_fd_sc_hd__a21o_1.mag.
The cell exists in the search paths at /home/hosni/OL_LATEST/OpenLane/pdks/sky130A/libs.ref/sky130_fd_sc_hd/maglef/sky130_fd_sc_hd__a21o_1.mag.
The discovered version will be used.
Warning:  Parent cell lists instance of "sky130_fd_sc_hd__a22o_1" at bad file path /home/hosni/power/caravel/openlane/housekeeping/runs/22_10_17_11_22/results/signoff/sky130_fd_sc_hd__a22o_1.mag.
The cell exists in the search paths at /home/hosni/OL_LATEST/OpenLane/pdks/sky130A/libs.ref/sky130_fd_sc_hd/maglef/sky130_fd_sc_hd__a22o_1.mag.
The discovered version will be used.
Warning:  Parent cell lists instance of "sky130_fd_sc_hd__o211a_2" at bad file path /home/hosni/power/caravel/openlane/housekeeping/runs/22_10_17_11_22/results/signoff/sky130_fd_sc_hd__o211a_2.mag.
The cell exists in the search paths at /home/hosni/OL_LATEST/OpenLane/pdks/sky130A/libs.ref/sky130_fd_sc_hd/maglef/sky130_fd_sc_hd__o211a_2.mag.
The discovered version will be used.
Warning:  Parent cell lists instance of "sky130_fd_sc_hd__a221o_1" at bad file path /home/hosni/power/caravel/openlane/housekeeping/runs/22_10_17_11_22/results/signoff/sky130_fd_sc_hd__a221o_1.mag.
The cell exists in the search paths at /home/hosni/OL_LATEST/OpenLane/pdks/sky130A/libs.ref/sky130_fd_sc_hd/maglef/sky130_fd_sc_hd__a221o_1.mag.
The discovered version will be used.
Warning:  Parent cell lists instance of "sky130_fd_sc_hd__or3b_4" at bad file path /home/hosni/power/caravel/openlane/housekeeping/runs/22_10_17_11_22/results/signoff/sky130_fd_sc_hd__or3b_4.mag.
The cell exists in the search paths at /home/hosni/OL_LATEST/OpenLane/pdks/sky130A/libs.ref/sky130_fd_sc_hd/maglef/sky130_fd_sc_hd__or3b_4.mag.
The discovered version will be used.
Warning:  Parent cell lists instance of "sky130_fd_sc_hd__nand2_1" at bad file path /home/hosni/power/caravel/openlane/housekeeping/runs/22_10_17_11_22/results/signoff/sky130_fd_sc_hd__nand2_1.mag.
The cell exists in the search paths at /home/hosni/OL_LATEST/OpenLane/pdks/sky130A/libs.ref/sky130_fd_sc_hd/maglef/sky130_fd_sc_hd__nand2_1.mag.
The discovered version will be used.
Warning:  Parent cell lists instance of "sky130_fd_sc_hd__a21boi_1" at bad file path /home/hosni/power/caravel/openlane/housekeeping/runs/22_10_17_11_22/results/signoff/sky130_fd_sc_hd__a21boi_1.mag.
The cell exists in the search paths at /home/hosni/OL_LATEST/OpenLane/pdks/sky130A/libs.ref/sky130_fd_sc_hd/maglef/sky130_fd_sc_hd__a21boi_1.mag.
The discovered version will be used.
Warning:  Parent cell lists instance of "sky130_fd_sc_hd__a21bo_1" at bad file path /home/hosni/power/caravel/openlane/housekeeping/runs/22_10_17_11_22/results/signoff/sky130_fd_sc_hd__a21bo_1.mag.
The cell exists in the search paths at /home/hosni/OL_LATEST/OpenLane/pdks/sky130A/libs.ref/sky130_fd_sc_hd/maglef/sky130_fd_sc_hd__a21bo_1.mag.
The discovered version will be used.
Warning:  Parent cell lists instance of "sky130_fd_sc_hd__nand2_8" at bad file path /home/hosni/power/caravel/openlane/housekeeping/runs/22_10_17_11_22/results/signoff/sky130_fd_sc_hd__nand2_8.mag.
The cell exists in the search paths at /home/hosni/OL_LATEST/OpenLane/pdks/sky130A/libs.ref/sky130_fd_sc_hd/maglef/sky130_fd_sc_hd__nand2_8.mag.
The discovered version will be used.
Warning:  Parent cell lists instance of "sky130_fd_sc_hd__o22a_1" at bad file path /home/hosni/power/caravel/openlane/housekeeping/runs/22_10_17_11_22/results/signoff/sky130_fd_sc_hd__o22a_1.mag.
The cell exists in the search paths at /home/hosni/OL_LATEST/OpenLane/pdks/sky130A/libs.ref/sky130_fd_sc_hd/maglef/sky130_fd_sc_hd__o22a_1.mag.
The discovered version will be used.
Warning:  Parent cell lists instance of "sky130_fd_sc_hd__o221a_4" at bad file path /home/hosni/power/caravel/openlane/housekeeping/runs/22_10_17_11_22/results/signoff/sky130_fd_sc_hd__o221a_4.mag.
The cell exists in the search paths at /home/hosni/OL_LATEST/OpenLane/pdks/sky130A/libs.ref/sky130_fd_sc_hd/maglef/sky130_fd_sc_hd__o221a_4.mag.
The discovered version will be used.
Warning:  Parent cell lists instance of "sky130_fd_sc_hd__or4b_1" at bad file path /home/hosni/power/caravel/openlane/housekeeping/runs/22_10_17_11_22/results/signoff/sky130_fd_sc_hd__or4b_1.mag.
The cell exists in the search paths at /home/hosni/OL_LATEST/OpenLane/pdks/sky130A/libs.ref/sky130_fd_sc_hd/maglef/sky130_fd_sc_hd__or4b_1.mag.
The discovered version will be used.
Warning:  Parent cell lists instance of "sky130_fd_sc_hd__a211o_1" at bad file path /home/hosni/power/caravel/openlane/housekeeping/runs/22_10_17_11_22/results/signoff/sky130_fd_sc_hd__a211o_1.mag.
The cell exists in the search paths at /home/hosni/OL_LATEST/OpenLane/pdks/sky130A/libs.ref/sky130_fd_sc_hd/maglef/sky130_fd_sc_hd__a211o_1.mag.
The discovered version will be used.
Warning:  Parent cell lists instance of "sky130_fd_sc_hd__nor2_1" at bad file path /home/hosni/power/caravel/openlane/housekeeping/runs/22_10_17_11_22/results/signoff/sky130_fd_sc_hd__nor2_1.mag.
The cell exists in the search paths at /home/hosni/OL_LATEST/OpenLane/pdks/sky130A/libs.ref/sky130_fd_sc_hd/maglef/sky130_fd_sc_hd__nor2_1.mag.
The discovered version will be used.
Warning:  Parent cell lists instance of "sky130_fd_sc_hd__o21a_1" at bad file path /home/hosni/power/caravel/openlane/housekeeping/runs/22_10_17_11_22/results/signoff/sky130_fd_sc_hd__o21a_1.mag.
The cell exists in the search paths at /home/hosni/OL_LATEST/OpenLane/pdks/sky130A/libs.ref/sky130_fd_sc_hd/maglef/sky130_fd_sc_hd__o21a_1.mag.
The discovered version will be used.
Warning:  Parent cell lists instance of "sky130_fd_sc_hd__o221a_1" at bad file path /home/hosni/power/caravel/openlane/housekeeping/runs/22_10_17_11_22/results/signoff/sky130_fd_sc_hd__o221a_1.mag.
The cell exists in the search paths at /home/hosni/OL_LATEST/OpenLane/pdks/sky130A/libs.ref/sky130_fd_sc_hd/maglef/sky130_fd_sc_hd__o221a_1.mag.
The discovered version will be used.
Warning:  Parent cell lists instance of "sky130_fd_sc_hd__or4b_2" at bad file path /home/hosni/power/caravel/openlane/housekeeping/runs/22_10_17_11_22/results/signoff/sky130_fd_sc_hd__or4b_2.mag.
The cell exists in the search paths at /home/hosni/OL_LATEST/OpenLane/pdks/sky130A/libs.ref/sky130_fd_sc_hd/maglef/sky130_fd_sc_hd__or4b_2.mag.
The discovered version will be used.
Warning:  Parent cell lists instance of "sky130_fd_sc_hd__o211a_1" at bad file path /home/hosni/power/caravel/openlane/housekeeping/runs/22_10_17_11_22/results/signoff/sky130_fd_sc_hd__o211a_1.mag.
The cell exists in the search paths at /home/hosni/OL_LATEST/OpenLane/pdks/sky130A/libs.ref/sky130_fd_sc_hd/maglef/sky130_fd_sc_hd__o211a_1.mag.
The discovered version will be used.
Warning:  Parent cell lists instance of "sky130_fd_sc_hd__or4b_4" at bad file path /home/hosni/power/caravel/openlane/housekeeping/runs/22_10_17_11_22/results/signoff/sky130_fd_sc_hd__or4b_4.mag.
The cell exists in the search paths at /home/hosni/OL_LATEST/OpenLane/pdks/sky130A/libs.ref/sky130_fd_sc_hd/maglef/sky130_fd_sc_hd__or4b_4.mag.
The discovered version will be used.
Warning:  Parent cell lists instance of "sky130_fd_sc_hd__a2111o_1" at bad file path /home/hosni/power/caravel/openlane/housekeeping/runs/22_10_17_11_22/results/signoff/sky130_fd_sc_hd__a2111o_1.mag.
The cell exists in the search paths at /home/hosni/OL_LATEST/OpenLane/pdks/sky130A/libs.ref/sky130_fd_sc_hd/maglef/sky130_fd_sc_hd__a2111o_1.mag.
The discovered version will be used.
Warning:  Parent cell lists instance of "sky130_fd_sc_hd__o221a_2" at bad file path /home/hosni/power/caravel/openlane/housekeeping/runs/22_10_17_11_22/results/signoff/sky130_fd_sc_hd__o221a_2.mag.
The cell exists in the search paths at /home/hosni/OL_LATEST/OpenLane/pdks/sky130A/libs.ref/sky130_fd_sc_hd/maglef/sky130_fd_sc_hd__o221a_2.mag.
The discovered version will be used.
Warning:  Parent cell lists instance of "sky130_fd_sc_hd__a22o_2" at bad file path /home/hosni/power/caravel/openlane/housekeeping/runs/22_10_17_11_22/results/signoff/sky130_fd_sc_hd__a22o_2.mag.
The cell exists in the search paths at /home/hosni/OL_LATEST/OpenLane/pdks/sky130A/libs.ref/sky130_fd_sc_hd/maglef/sky130_fd_sc_hd__a22o_2.mag.
The discovered version will be used.
Warning:  Parent cell lists instance of "sky130_fd_sc_hd__or2_1" at bad file path /home/hosni/power/caravel/openlane/housekeeping/runs/22_10_17_11_22/results/signoff/sky130_fd_sc_hd__or2_1.mag.
The cell exists in the search paths at /home/hosni/OL_LATEST/OpenLane/pdks/sky130A/libs.ref/sky130_fd_sc_hd/maglef/sky130_fd_sc_hd__or2_1.mag.
The discovered version will be used.
Warning:  Parent cell lists instance of "sky130_fd_sc_hd__a221oi_1" at bad file path /home/hosni/power/caravel/openlane/housekeeping/runs/22_10_17_11_22/results/signoff/sky130_fd_sc_hd__a221oi_1.mag.
The cell exists in the search paths at /home/hosni/OL_LATEST/OpenLane/pdks/sky130A/libs.ref/sky130_fd_sc_hd/maglef/sky130_fd_sc_hd__a221oi_1.mag.
The discovered version will be used.
Warning:  Parent cell lists instance of "sky130_fd_sc_hd__and3_4" at bad file path /home/hosni/power/caravel/openlane/housekeeping/runs/22_10_17_11_22/results/signoff/sky130_fd_sc_hd__and3_4.mag.
The cell exists in the search paths at /home/hosni/OL_LATEST/OpenLane/pdks/sky130A/libs.ref/sky130_fd_sc_hd/maglef/sky130_fd_sc_hd__and3_4.mag.
The discovered version will be used.
Warning:  Parent cell lists instance of "sky130_fd_sc_hd__nor2_8" at bad file path /home/hosni/power/caravel/openlane/housekeeping/runs/22_10_17_11_22/results/signoff/sky130_fd_sc_hd__nor2_8.mag.
The cell exists in the search paths at /home/hosni/OL_LATEST/OpenLane/pdks/sky130A/libs.ref/sky130_fd_sc_hd/maglef/sky130_fd_sc_hd__nor2_8.mag.
The discovered version will be used.
Warning:  Parent cell lists instance of "sky130_fd_sc_hd__nor4_1" at bad file path /home/hosni/power/caravel/openlane/housekeeping/runs/22_10_17_11_22/results/signoff/sky130_fd_sc_hd__nor4_1.mag.
The cell exists in the search paths at /home/hosni/OL_LATEST/OpenLane/pdks/sky130A/libs.ref/sky130_fd_sc_hd/maglef/sky130_fd_sc_hd__nor4_1.mag.
The discovered version will be used.
Warning:  Parent cell lists instance of "sky130_fd_sc_hd__a311o_1" at bad file path /home/hosni/power/caravel/openlane/housekeeping/runs/22_10_17_11_22/results/signoff/sky130_fd_sc_hd__a311o_1.mag.
The cell exists in the search paths at /home/hosni/OL_LATEST/OpenLane/pdks/sky130A/libs.ref/sky130_fd_sc_hd/maglef/sky130_fd_sc_hd__a311o_1.mag.
The discovered version will be used.
Warning:  Parent cell lists instance of "sky130_fd_sc_hd__nor3_1" at bad file path /home/hosni/power/caravel/openlane/housekeeping/runs/22_10_17_11_22/results/signoff/sky130_fd_sc_hd__nor3_1.mag.
The cell exists in the search paths at /home/hosni/OL_LATEST/OpenLane/pdks/sky130A/libs.ref/sky130_fd_sc_hd/maglef/sky130_fd_sc_hd__nor3_1.mag.
The discovered version will be used.
Warning:  Parent cell lists instance of "sky130_fd_sc_hd__nor2_4" at bad file path /home/hosni/power/caravel/openlane/housekeeping/runs/22_10_17_11_22/results/signoff/sky130_fd_sc_hd__nor2_4.mag.
The cell exists in the search paths at /home/hosni/OL_LATEST/OpenLane/pdks/sky130A/libs.ref/sky130_fd_sc_hd/maglef/sky130_fd_sc_hd__nor2_4.mag.
The discovered version will be used.
Warning:  Parent cell lists instance of "sky130_fd_sc_hd__and3_1" at bad file path /home/hosni/power/caravel/openlane/housekeeping/runs/22_10_17_11_22/results/signoff/sky130_fd_sc_hd__and3_1.mag.
The cell exists in the search paths at /home/hosni/OL_LATEST/OpenLane/pdks/sky130A/libs.ref/sky130_fd_sc_hd/maglef/sky130_fd_sc_hd__and3_1.mag.
The discovered version will be used.
Warning:  Parent cell lists instance of "sky130_fd_sc_hd__a2bb2o_1" at bad file path /home/hosni/power/caravel/openlane/housekeeping/runs/22_10_17_11_22/results/signoff/sky130_fd_sc_hd__a2bb2o_1.mag.
The cell exists in the search paths at /home/hosni/OL_LATEST/OpenLane/pdks/sky130A/libs.ref/sky130_fd_sc_hd/maglef/sky130_fd_sc_hd__a2bb2o_1.mag.
The discovered version will be used.
Warning:  Parent cell lists instance of "sky130_fd_sc_hd__and2b_1" at bad file path /home/hosni/power/caravel/openlane/housekeeping/runs/22_10_17_11_22/results/signoff/sky130_fd_sc_hd__and2b_1.mag.
The cell exists in the search paths at /home/hosni/OL_LATEST/OpenLane/pdks/sky130A/libs.ref/sky130_fd_sc_hd/maglef/sky130_fd_sc_hd__and2b_1.mag.
The discovered version will be used.
Warning:  Parent cell lists instance of "sky130_fd_sc_hd__a21oi_1" at bad file path /home/hosni/power/caravel/openlane/housekeeping/runs/22_10_17_11_22/results/signoff/sky130_fd_sc_hd__a21oi_1.mag.
The cell exists in the search paths at /home/hosni/OL_LATEST/OpenLane/pdks/sky130A/libs.ref/sky130_fd_sc_hd/maglef/sky130_fd_sc_hd__a21oi_1.mag.
The discovered version will be used.
Warning:  Parent cell lists instance of "sky130_fd_sc_hd__a2111o_2" at bad file path /home/hosni/power/caravel/openlane/housekeeping/runs/22_10_17_11_22/results/signoff/sky130_fd_sc_hd__a2111o_2.mag.
The cell exists in the search paths at /home/hosni/OL_LATEST/OpenLane/pdks/sky130A/libs.ref/sky130_fd_sc_hd/maglef/sky130_fd_sc_hd__a2111o_2.mag.
The discovered version will be used.
Warning:  Parent cell lists instance of "sky130_fd_sc_hd__a21oi_2" at bad file path /home/hosni/power/caravel/openlane/housekeeping/runs/22_10_17_11_22/results/signoff/sky130_fd_sc_hd__a21oi_2.mag.
The cell exists in the search paths at /home/hosni/OL_LATEST/OpenLane/pdks/sky130A/libs.ref/sky130_fd_sc_hd/maglef/sky130_fd_sc_hd__a21oi_2.mag.
The discovered version will be used.
Warning:  Parent cell lists instance of "sky130_fd_sc_hd__a2111o_4" at bad file path /home/hosni/power/caravel/openlane/housekeeping/runs/22_10_17_11_22/results/signoff/sky130_fd_sc_hd__a2111o_4.mag.
The cell exists in the search paths at /home/hosni/OL_LATEST/OpenLane/pdks/sky130A/libs.ref/sky130_fd_sc_hd/maglef/sky130_fd_sc_hd__a2111o_4.mag.
The discovered version will be used.
Warning:  Parent cell lists instance of "sky130_fd_sc_hd__a221o_2" at bad file path /home/hosni/power/caravel/openlane/housekeeping/runs/22_10_17_11_22/results/signoff/sky130_fd_sc_hd__a221o_2.mag.
The cell exists in the search paths at /home/hosni/OL_LATEST/OpenLane/pdks/sky130A/libs.ref/sky130_fd_sc_hd/maglef/sky130_fd_sc_hd__a221o_2.mag.
The discovered version will be used.
Warning:  Parent cell lists instance of "sky130_fd_sc_hd__a21oi_4" at bad file path /home/hosni/power/caravel/openlane/housekeeping/runs/22_10_17_11_22/results/signoff/sky130_fd_sc_hd__a21oi_4.mag.
The cell exists in the search paths at /home/hosni/OL_LATEST/OpenLane/pdks/sky130A/libs.ref/sky130_fd_sc_hd/maglef/sky130_fd_sc_hd__a21oi_4.mag.
The discovered version will be used.
Warning:  Parent cell lists instance of "sky130_fd_sc_hd__or2_4" at bad file path /home/hosni/power/caravel/openlane/housekeeping/runs/22_10_17_11_22/results/signoff/sky130_fd_sc_hd__or2_4.mag.
The cell exists in the search paths at /home/hosni/OL_LATEST/OpenLane/pdks/sky130A/libs.ref/sky130_fd_sc_hd/maglef/sky130_fd_sc_hd__or2_4.mag.
The discovered version will be used.
Warning:  Parent cell lists instance of "sky130_fd_sc_hd__and3b_4" at bad file path /home/hosni/power/caravel/openlane/housekeeping/runs/22_10_17_11_22/results/signoff/sky130_fd_sc_hd__and3b_4.mag.
The cell exists in the search paths at /home/hosni/OL_LATEST/OpenLane/pdks/sky130A/libs.ref/sky130_fd_sc_hd/maglef/sky130_fd_sc_hd__and3b_4.mag.
The discovered version will be used.
Warning:  Parent cell lists instance of "sky130_fd_sc_hd__and2b_2" at bad file path /home/hosni/power/caravel/openlane/housekeeping/runs/22_10_17_11_22/results/signoff/sky130_fd_sc_hd__and2b_2.mag.
The cell exists in the search paths at /home/hosni/OL_LATEST/OpenLane/pdks/sky130A/libs.ref/sky130_fd_sc_hd/maglef/sky130_fd_sc_hd__and2b_2.mag.
The discovered version will be used.
Warning:  Parent cell lists instance of "sky130_fd_sc_hd__nand2_2" at bad file path /home/hosni/power/caravel/openlane/housekeeping/runs/22_10_17_11_22/results/signoff/sky130_fd_sc_hd__nand2_2.mag.
The cell exists in the search paths at /home/hosni/OL_LATEST/OpenLane/pdks/sky130A/libs.ref/sky130_fd_sc_hd/maglef/sky130_fd_sc_hd__nand2_2.mag.
The discovered version will be used.
Warning:  Parent cell lists instance of "sky130_fd_sc_hd__and4b_1" at bad file path /home/hosni/power/caravel/openlane/housekeeping/runs/22_10_17_11_22/results/signoff/sky130_fd_sc_hd__and4b_1.mag.
The cell exists in the search paths at /home/hosni/OL_LATEST/OpenLane/pdks/sky130A/libs.ref/sky130_fd_sc_hd/maglef/sky130_fd_sc_hd__and4b_1.mag.
The discovered version will be used.
Warning:  Parent cell lists instance of "sky130_fd_sc_hd__a31o_1" at bad file path /home/hosni/power/caravel/openlane/housekeeping/runs/22_10_17_11_22/results/signoff/sky130_fd_sc_hd__a31o_1.mag.
The cell exists in the search paths at /home/hosni/OL_LATEST/OpenLane/pdks/sky130A/libs.ref/sky130_fd_sc_hd/maglef/sky130_fd_sc_hd__a31o_1.mag.
The discovered version will be used.
Warning:  Parent cell lists instance of "sky130_fd_sc_hd__or3b_1" at bad file path /home/hosni/power/caravel/openlane/housekeeping/runs/22_10_17_11_22/results/signoff/sky130_fd_sc_hd__or3b_1.mag.
The cell exists in the search paths at /home/hosni/OL_LATEST/OpenLane/pdks/sky130A/libs.ref/sky130_fd_sc_hd/maglef/sky130_fd_sc_hd__or3b_1.mag.
The discovered version will be used.
Warning:  Parent cell lists instance of "sky130_fd_sc_hd__o32a_1" at bad file path /home/hosni/power/caravel/openlane/housekeeping/runs/22_10_17_11_22/results/signoff/sky130_fd_sc_hd__o32a_1.mag.
The cell exists in the search paths at /home/hosni/OL_LATEST/OpenLane/pdks/sky130A/libs.ref/sky130_fd_sc_hd/maglef/sky130_fd_sc_hd__o32a_1.mag.
The discovered version will be used.
Warning:  Parent cell lists instance of "sky130_fd_sc_hd__nand2b_4" at bad file path /home/hosni/power/caravel/openlane/housekeeping/runs/22_10_17_11_22/results/signoff/sky130_fd_sc_hd__nand2b_4.mag.
The cell exists in the search paths at /home/hosni/OL_LATEST/OpenLane/pdks/sky130A/libs.ref/sky130_fd_sc_hd/maglef/sky130_fd_sc_hd__nand2b_4.mag.
The discovered version will be used.
Warning:  Parent cell lists instance of "sky130_fd_sc_hd__nor2_2" at bad file path /home/hosni/power/caravel/openlane/housekeeping/runs/22_10_17_11_22/results/signoff/sky130_fd_sc_hd__nor2_2.mag.
The cell exists in the search paths at /home/hosni/OL_LATEST/OpenLane/pdks/sky130A/libs.ref/sky130_fd_sc_hd/maglef/sky130_fd_sc_hd__nor2_2.mag.
The discovered version will be used.
Warning:  Parent cell lists instance of "sky130_fd_sc_hd__clkinv_2" at bad file path /home/hosni/power/caravel/openlane/housekeeping/runs/22_10_17_11_22/results/signoff/sky130_fd_sc_hd__clkinv_2.mag.
The cell exists in the search paths at /home/hosni/OL_LATEST/OpenLane/pdks/sky130A/libs.ref/sky130_fd_sc_hd/maglef/sky130_fd_sc_hd__clkinv_2.mag.
The discovered version will be used.
Warning:  Parent cell lists instance of "sky130_fd_sc_hd__and4_1" at bad file path /home/hosni/power/caravel/openlane/housekeeping/runs/22_10_17_11_22/results/signoff/sky130_fd_sc_hd__and4_1.mag.
The cell exists in the search paths at /home/hosni/OL_LATEST/OpenLane/pdks/sky130A/libs.ref/sky130_fd_sc_hd/maglef/sky130_fd_sc_hd__and4_1.mag.
The discovered version will be used.
Warning:  Parent cell lists instance of "sky130_fd_sc_hd__o311a_1" at bad file path /home/hosni/power/caravel/openlane/housekeeping/runs/22_10_17_11_22/results/signoff/sky130_fd_sc_hd__o311a_1.mag.
The cell exists in the search paths at /home/hosni/OL_LATEST/OpenLane/pdks/sky130A/libs.ref/sky130_fd_sc_hd/maglef/sky130_fd_sc_hd__o311a_1.mag.
The discovered version will be used.
Warning:  Parent cell lists instance of "sky130_fd_sc_hd__and2_4" at bad file path /home/hosni/power/caravel/openlane/housekeeping/runs/22_10_17_11_22/results/signoff/sky130_fd_sc_hd__and2_4.mag.
The cell exists in the search paths at /home/hosni/OL_LATEST/OpenLane/pdks/sky130A/libs.ref/sky130_fd_sc_hd/maglef/sky130_fd_sc_hd__and2_4.mag.
The discovered version will be used.
Warning:  Parent cell lists instance of "sky130_fd_sc_hd__nor3b_4" at bad file path /home/hosni/power/caravel/openlane/housekeeping/runs/22_10_17_11_22/results/signoff/sky130_fd_sc_hd__nor3b_4.mag.
The cell exists in the search paths at /home/hosni/OL_LATEST/OpenLane/pdks/sky130A/libs.ref/sky130_fd_sc_hd/maglef/sky130_fd_sc_hd__nor3b_4.mag.
The discovered version will be used.
Warning:  Parent cell lists instance of "sky130_fd_sc_hd__or3b_2" at bad file path /home/hosni/power/caravel/openlane/housekeeping/runs/22_10_17_11_22/results/signoff/sky130_fd_sc_hd__or3b_2.mag.
The cell exists in the search paths at /home/hosni/OL_LATEST/OpenLane/pdks/sky130A/libs.ref/sky130_fd_sc_hd/maglef/sky130_fd_sc_hd__or3b_2.mag.
The discovered version will be used.
Warning:  Parent cell lists instance of "sky130_fd_sc_hd__and3b_1" at bad file path /home/hosni/power/caravel/openlane/housekeeping/runs/22_10_17_11_22/results/signoff/sky130_fd_sc_hd__and3b_1.mag.
The cell exists in the search paths at /home/hosni/OL_LATEST/OpenLane/pdks/sky130A/libs.ref/sky130_fd_sc_hd/maglef/sky130_fd_sc_hd__and3b_1.mag.
The discovered version will be used.
Warning:  Parent cell lists instance of "sky130_fd_sc_hd__o2111a_1" at bad file path /home/hosni/power/caravel/openlane/housekeeping/runs/22_10_17_11_22/results/signoff/sky130_fd_sc_hd__o2111a_1.mag.
The cell exists in the search paths at /home/hosni/OL_LATEST/OpenLane/pdks/sky130A/libs.ref/sky130_fd_sc_hd/maglef/sky130_fd_sc_hd__o2111a_1.mag.
The discovered version will be used.
Warning:  Parent cell lists instance of "sky130_fd_sc_hd__nand4b_1" at bad file path /home/hosni/power/caravel/openlane/housekeeping/runs/22_10_17_11_22/results/signoff/sky130_fd_sc_hd__nand4b_1.mag.
The cell exists in the search paths at /home/hosni/OL_LATEST/OpenLane/pdks/sky130A/libs.ref/sky130_fd_sc_hd/maglef/sky130_fd_sc_hd__nand4b_1.mag.
The discovered version will be used.
Warning:  Parent cell lists instance of "sky130_fd_sc_hd__o221ai_4" at bad file path /home/hosni/power/caravel/openlane/housekeeping/runs/22_10_17_11_22/results/signoff/sky130_fd_sc_hd__o221ai_4.mag.
The cell exists in the search paths at /home/hosni/OL_LATEST/OpenLane/pdks/sky130A/libs.ref/sky130_fd_sc_hd/maglef/sky130_fd_sc_hd__o221ai_4.mag.
The discovered version will be used.
Warning:  Parent cell lists instance of "sky130_fd_sc_hd__o41a_1" at bad file path /home/hosni/power/caravel/openlane/housekeeping/runs/22_10_17_11_22/results/signoff/sky130_fd_sc_hd__o41a_1.mag.
The cell exists in the search paths at /home/hosni/OL_LATEST/OpenLane/pdks/sky130A/libs.ref/sky130_fd_sc_hd/maglef/sky130_fd_sc_hd__o41a_1.mag.
The discovered version will be used.
Warning:  Parent cell lists instance of "sky130_fd_sc_hd__o211ai_4" at bad file path /home/hosni/power/caravel/openlane/housekeeping/runs/22_10_17_11_22/results/signoff/sky130_fd_sc_hd__o211ai_4.mag.
The cell exists in the search paths at /home/hosni/OL_LATEST/OpenLane/pdks/sky130A/libs.ref/sky130_fd_sc_hd/maglef/sky130_fd_sc_hd__o211ai_4.mag.
The discovered version will be used.
Warning:  Parent cell lists instance of "sky130_fd_sc_hd__nand3_1" at bad file path /home/hosni/power/caravel/openlane/housekeeping/runs/22_10_17_11_22/results/signoff/sky130_fd_sc_hd__nand3_1.mag.
The cell exists in the search paths at /home/hosni/OL_LATEST/OpenLane/pdks/sky130A/libs.ref/sky130_fd_sc_hd/maglef/sky130_fd_sc_hd__nand3_1.mag.
The discovered version will be used.
Warning:  Parent cell lists instance of "sky130_fd_sc_hd__nand4_1" at bad file path /home/hosni/power/caravel/openlane/housekeeping/runs/22_10_17_11_22/results/signoff/sky130_fd_sc_hd__nand4_1.mag.
The cell exists in the search paths at /home/hosni/OL_LATEST/OpenLane/pdks/sky130A/libs.ref/sky130_fd_sc_hd/maglef/sky130_fd_sc_hd__nand4_1.mag.
The discovered version will be used.
Warning:  Parent cell lists instance of "sky130_fd_sc_hd__o211ai_1" at bad file path /home/hosni/power/caravel/openlane/housekeeping/runs/22_10_17_11_22/results/signoff/sky130_fd_sc_hd__o211ai_1.mag.
The cell exists in the search paths at /home/hosni/OL_LATEST/OpenLane/pdks/sky130A/libs.ref/sky130_fd_sc_hd/maglef/sky130_fd_sc_hd__o211ai_1.mag.
The discovered version will be used.
Warning:  Parent cell lists instance of "sky130_fd_sc_hd__or4bb_1" at bad file path /home/hosni/power/caravel/openlane/housekeeping/runs/22_10_17_11_22/results/signoff/sky130_fd_sc_hd__or4bb_1.mag.
The cell exists in the search paths at /home/hosni/OL_LATEST/OpenLane/pdks/sky130A/libs.ref/sky130_fd_sc_hd/maglef/sky130_fd_sc_hd__or4bb_1.mag.
The discovered version will be used.
Warning:  Parent cell lists instance of "sky130_fd_sc_hd__o31ai_1" at bad file path /home/hosni/power/caravel/openlane/housekeeping/runs/22_10_17_11_22/results/signoff/sky130_fd_sc_hd__o31ai_1.mag.
The cell exists in the search paths at /home/hosni/OL_LATEST/OpenLane/pdks/sky130A/libs.ref/sky130_fd_sc_hd/maglef/sky130_fd_sc_hd__o31ai_1.mag.
The discovered version will be used.
Warning:  Parent cell lists instance of "sky130_fd_sc_hd__and4bb_1" at bad file path /home/hosni/power/caravel/openlane/housekeeping/runs/22_10_17_11_22/results/signoff/sky130_fd_sc_hd__and4bb_1.mag.
The cell exists in the search paths at /home/hosni/OL_LATEST/OpenLane/pdks/sky130A/libs.ref/sky130_fd_sc_hd/maglef/sky130_fd_sc_hd__and4bb_1.mag.
The discovered version will be used.
Warning:  Parent cell lists instance of "sky130_fd_sc_hd__o221ai_1" at bad file path /home/hosni/power/caravel/openlane/housekeeping/runs/22_10_17_11_22/results/signoff/sky130_fd_sc_hd__o221ai_1.mag.
The cell exists in the search paths at /home/hosni/OL_LATEST/OpenLane/pdks/sky130A/libs.ref/sky130_fd_sc_hd/maglef/sky130_fd_sc_hd__o221ai_1.mag.
The discovered version will be used.
Warning:  Parent cell lists instance of "sky130_fd_sc_hd__a211oi_1" at bad file path /home/hosni/power/caravel/openlane/housekeeping/runs/22_10_17_11_22/results/signoff/sky130_fd_sc_hd__a211oi_1.mag.
The cell exists in the search paths at /home/hosni/OL_LATEST/OpenLane/pdks/sky130A/libs.ref/sky130_fd_sc_hd/maglef/sky130_fd_sc_hd__a211oi_1.mag.
The discovered version will be used.
Warning:  Parent cell lists instance of "sky130_fd_sc_hd__o21ba_1" at bad file path /home/hosni/power/caravel/openlane/housekeeping/runs/22_10_17_11_22/results/signoff/sky130_fd_sc_hd__o21ba_1.mag.
The cell exists in the search paths at /home/hosni/OL_LATEST/OpenLane/pdks/sky130A/libs.ref/sky130_fd_sc_hd/maglef/sky130_fd_sc_hd__o21ba_1.mag.
The discovered version will be used.
Warning:  Parent cell lists instance of "sky130_fd_sc_hd__o21ai_1" at bad file path /home/hosni/power/caravel/openlane/housekeeping/runs/22_10_17_11_22/results/signoff/sky130_fd_sc_hd__o21ai_1.mag.
The cell exists in the search paths at /home/hosni/OL_LATEST/OpenLane/pdks/sky130A/libs.ref/sky130_fd_sc_hd/maglef/sky130_fd_sc_hd__o21ai_1.mag.
The discovered version will be used.
Warning:  Parent cell lists instance of "sky130_fd_sc_hd__nand3_2" at bad file path /home/hosni/power/caravel/openlane/housekeeping/runs/22_10_17_11_22/results/signoff/sky130_fd_sc_hd__nand3_2.mag.
The cell exists in the search paths at /home/hosni/OL_LATEST/OpenLane/pdks/sky130A/libs.ref/sky130_fd_sc_hd/maglef/sky130_fd_sc_hd__nand3_2.mag.
The discovered version will be used.
Warning:  Parent cell lists instance of "sky130_fd_sc_hd__and3_2" at bad file path /home/hosni/power/caravel/openlane/housekeeping/runs/22_10_17_11_22/results/signoff/sky130_fd_sc_hd__and3_2.mag.
The cell exists in the search paths at /home/hosni/OL_LATEST/OpenLane/pdks/sky130A/libs.ref/sky130_fd_sc_hd/maglef/sky130_fd_sc_hd__and3_2.mag.
The discovered version will be used.
Warning:  Parent cell lists instance of "sky130_fd_sc_hd__nand3b_1" at bad file path /home/hosni/power/caravel/openlane/housekeeping/runs/22_10_17_11_22/results/signoff/sky130_fd_sc_hd__nand3b_1.mag.
The cell exists in the search paths at /home/hosni/OL_LATEST/OpenLane/pdks/sky130A/libs.ref/sky130_fd_sc_hd/maglef/sky130_fd_sc_hd__nand3b_1.mag.
The discovered version will be used.
Warning:  Parent cell lists instance of "sky130_fd_sc_hd__nor3_2" at bad file path /home/hosni/power/caravel/openlane/housekeeping/runs/22_10_17_11_22/results/signoff/sky130_fd_sc_hd__nor3_2.mag.
The cell exists in the search paths at /home/hosni/OL_LATEST/OpenLane/pdks/sky130A/libs.ref/sky130_fd_sc_hd/maglef/sky130_fd_sc_hd__nor3_2.mag.
The discovered version will be used.
Warning:  Parent cell lists instance of "sky130_fd_sc_hd__o2bb2a_1" at bad file path /home/hosni/power/caravel/openlane/housekeeping/runs/22_10_17_11_22/results/signoff/sky130_fd_sc_hd__o2bb2a_1.mag.
The cell exists in the search paths at /home/hosni/OL_LATEST/OpenLane/pdks/sky130A/libs.ref/sky130_fd_sc_hd/maglef/sky130_fd_sc_hd__o2bb2a_1.mag.
The discovered version will be used.
Warning:  Parent cell lists instance of "sky130_fd_sc_hd__a41o_1" at bad file path /home/hosni/power/caravel/openlane/housekeeping/runs/22_10_17_11_22/results/signoff/sky130_fd_sc_hd__a41o_1.mag.
The cell exists in the search paths at /home/hosni/OL_LATEST/OpenLane/pdks/sky130A/libs.ref/sky130_fd_sc_hd/maglef/sky130_fd_sc_hd__a41o_1.mag.
The discovered version will be used.
Warning:  Parent cell lists instance of "sky130_fd_sc_hd__a22oi_1" at bad file path /home/hosni/power/caravel/openlane/housekeeping/runs/22_10_17_11_22/results/signoff/sky130_fd_sc_hd__a22oi_1.mag.
The cell exists in the search paths at /home/hosni/OL_LATEST/OpenLane/pdks/sky130A/libs.ref/sky130_fd_sc_hd/maglef/sky130_fd_sc_hd__a22oi_1.mag.
The discovered version will be used.
Warning:  Parent cell lists instance of "sky130_fd_sc_hd__nor4b_1" at bad file path /home/hosni/power/caravel/openlane/housekeeping/runs/22_10_17_11_22/results/signoff/sky130_fd_sc_hd__nor4b_1.mag.
The cell exists in the search paths at /home/hosni/OL_LATEST/OpenLane/pdks/sky130A/libs.ref/sky130_fd_sc_hd/maglef/sky130_fd_sc_hd__nor4b_1.mag.
The discovered version will be used.
Warning:  Parent cell lists instance of "sky130_fd_sc_hd__or2_2" at bad file path /home/hosni/power/caravel/openlane/housekeeping/runs/22_10_17_11_22/results/signoff/sky130_fd_sc_hd__or2_2.mag.
The cell exists in the search paths at /home/hosni/OL_LATEST/OpenLane/pdks/sky130A/libs.ref/sky130_fd_sc_hd/maglef/sky130_fd_sc_hd__or2_2.mag.
The discovered version will be used.
Warning:  Parent cell lists instance of "sky130_fd_sc_hd__xnor2_1" at bad file path /home/hosni/power/caravel/openlane/housekeeping/runs/22_10_17_11_22/results/signoff/sky130_fd_sc_hd__xnor2_1.mag.
The cell exists in the search paths at /home/hosni/OL_LATEST/OpenLane/pdks/sky130A/libs.ref/sky130_fd_sc_hd/maglef/sky130_fd_sc_hd__xnor2_1.mag.
The discovered version will be used.
Warning:  Parent cell lists instance of "sky130_fd_sc_hd__nand3b_4" at bad file path /home/hosni/power/caravel/openlane/housekeeping/runs/22_10_17_11_22/results/signoff/sky130_fd_sc_hd__nand3b_4.mag.
The cell exists in the search paths at /home/hosni/OL_LATEST/OpenLane/pdks/sky130A/libs.ref/sky130_fd_sc_hd/maglef/sky130_fd_sc_hd__nand3b_4.mag.
The discovered version will be used.
Warning:  Parent cell lists instance of "sky130_fd_sc_hd__nand2_4" at bad file path /home/hosni/power/caravel/openlane/housekeeping/runs/22_10_17_11_22/results/signoff/sky130_fd_sc_hd__nand2_4.mag.
The cell exists in the search paths at /home/hosni/OL_LATEST/OpenLane/pdks/sky130A/libs.ref/sky130_fd_sc_hd/maglef/sky130_fd_sc_hd__nand2_4.mag.
The discovered version will be used.
Warning:  Parent cell lists instance of "sky130_fd_sc_hd__xnor2_4" at bad file path /home/hosni/power/caravel/openlane/housekeeping/runs/22_10_17_11_22/results/signoff/sky130_fd_sc_hd__xnor2_4.mag.
The cell exists in the search paths at /home/hosni/OL_LATEST/OpenLane/pdks/sky130A/libs.ref/sky130_fd_sc_hd/maglef/sky130_fd_sc_hd__xnor2_4.mag.
The discovered version will be used.
Warning:  Parent cell lists instance of "sky130_fd_sc_hd__nor3_4" at bad file path /home/hosni/power/caravel/openlane/housekeeping/runs/22_10_17_11_22/results/signoff/sky130_fd_sc_hd__nor3_4.mag.
The cell exists in the search paths at /home/hosni/OL_LATEST/OpenLane/pdks/sky130A/libs.ref/sky130_fd_sc_hd/maglef/sky130_fd_sc_hd__nor3_4.mag.
The discovered version will be used.
Warning:  Parent cell lists instance of "sky130_fd_sc_hd__and3b_2" at bad file path /home/hosni/power/caravel/openlane/housekeeping/runs/22_10_17_11_22/results/signoff/sky130_fd_sc_hd__and3b_2.mag.
The cell exists in the search paths at /home/hosni/OL_LATEST/OpenLane/pdks/sky130A/libs.ref/sky130_fd_sc_hd/maglef/sky130_fd_sc_hd__and3b_2.mag.
The discovered version will be used.
Warning:  Parent cell lists instance of "sky130_fd_sc_hd__a211o_2" at bad file path /home/hosni/power/caravel/openlane/housekeeping/runs/22_10_17_11_22/results/signoff/sky130_fd_sc_hd__a211o_2.mag.
The cell exists in the search paths at /home/hosni/OL_LATEST/OpenLane/pdks/sky130A/libs.ref/sky130_fd_sc_hd/maglef/sky130_fd_sc_hd__a211o_2.mag.
The discovered version will be used.
Warning:  Parent cell lists instance of "sky130_fd_sc_hd__nand3_4" at bad file path /home/hosni/power/caravel/openlane/housekeeping/runs/22_10_17_11_22/results/signoff/sky130_fd_sc_hd__nand3_4.mag.
The cell exists in the search paths at /home/hosni/OL_LATEST/OpenLane/pdks/sky130A/libs.ref/sky130_fd_sc_hd/maglef/sky130_fd_sc_hd__nand3_4.mag.
The discovered version will be used.
Warning:  Parent cell lists instance of "sky130_fd_sc_hd__nand2b_1" at bad file path /home/hosni/power/caravel/openlane/housekeeping/runs/22_10_17_11_22/results/signoff/sky130_fd_sc_hd__nand2b_1.mag.
The cell exists in the search paths at /home/hosni/OL_LATEST/OpenLane/pdks/sky130A/libs.ref/sky130_fd_sc_hd/maglef/sky130_fd_sc_hd__nand2b_1.mag.
The discovered version will be used.
Warning:  Parent cell lists instance of "sky130_fd_sc_hd__and4_2" at bad file path /home/hosni/power/caravel/openlane/housekeeping/runs/22_10_17_11_22/results/signoff/sky130_fd_sc_hd__and4_2.mag.
The cell exists in the search paths at /home/hosni/OL_LATEST/OpenLane/pdks/sky130A/libs.ref/sky130_fd_sc_hd/maglef/sky130_fd_sc_hd__and4_2.mag.
The discovered version will be used.
Warning:  Parent cell lists instance of "sky130_fd_sc_hd__and4b_4" at bad file path /home/hosni/power/caravel/openlane/housekeeping/runs/22_10_17_11_22/results/signoff/sky130_fd_sc_hd__and4b_4.mag.
The cell exists in the search paths at /home/hosni/OL_LATEST/OpenLane/pdks/sky130A/libs.ref/sky130_fd_sc_hd/maglef/sky130_fd_sc_hd__and4b_4.mag.
The discovered version will be used.
Warning:  Parent cell lists instance of "sky130_fd_sc_hd__o21ai_4" at bad file path /home/hosni/power/caravel/openlane/housekeeping/runs/22_10_17_11_22/results/signoff/sky130_fd_sc_hd__o21ai_4.mag.
The cell exists in the search paths at /home/hosni/OL_LATEST/OpenLane/pdks/sky130A/libs.ref/sky130_fd_sc_hd/maglef/sky130_fd_sc_hd__o21ai_4.mag.
The discovered version will be used.
Warning:  Parent cell lists instance of "sky130_fd_sc_hd__a41o_4" at bad file path /home/hosni/power/caravel/openlane/housekeeping/runs/22_10_17_11_22/results/signoff/sky130_fd_sc_hd__a41o_4.mag.
The cell exists in the search paths at /home/hosni/OL_LATEST/OpenLane/pdks/sky130A/libs.ref/sky130_fd_sc_hd/maglef/sky130_fd_sc_hd__a41o_4.mag.
The discovered version will be used.
Warning:  Parent cell lists instance of "sky130_fd_sc_hd__and2b_4" at bad file path /home/hosni/power/caravel/openlane/housekeeping/runs/22_10_17_11_22/results/signoff/sky130_fd_sc_hd__and2b_4.mag.
The cell exists in the search paths at /home/hosni/OL_LATEST/OpenLane/pdks/sky130A/libs.ref/sky130_fd_sc_hd/maglef/sky130_fd_sc_hd__and2b_4.mag.
The discovered version will be used.
Warning:  Parent cell lists instance of "sky130_fd_sc_hd__mux2_2" at bad file path /home/hosni/power/caravel/openlane/housekeeping/runs/22_10_17_11_22/results/signoff/sky130_fd_sc_hd__mux2_2.mag.
The cell exists in the search paths at /home/hosni/OL_LATEST/OpenLane/pdks/sky130A/libs.ref/sky130_fd_sc_hd/maglef/sky130_fd_sc_hd__mux2_2.mag.
The discovered version will be used.
Warning:  Parent cell lists instance of "sky130_fd_sc_hd__mux2_8" at bad file path /home/hosni/power/caravel/openlane/housekeeping/runs/22_10_17_11_22/results/signoff/sky130_fd_sc_hd__mux2_8.mag.
The cell exists in the search paths at /home/hosni/OL_LATEST/OpenLane/pdks/sky130A/libs.ref/sky130_fd_sc_hd/maglef/sky130_fd_sc_hd__mux2_8.mag.
The discovered version will be used.
Warning:  Parent cell lists instance of "sky130_fd_sc_hd__mux2_4" at bad file path /home/hosni/power/caravel/openlane/housekeeping/runs/22_10_17_11_22/results/signoff/sky130_fd_sc_hd__mux2_4.mag.
The cell exists in the search paths at /home/hosni/OL_LATEST/OpenLane/pdks/sky130A/libs.ref/sky130_fd_sc_hd/maglef/sky130_fd_sc_hd__mux2_4.mag.
The discovered version will be used.
Warning:  Parent cell lists instance of "sky130_fd_sc_hd__o21a_2" at bad file path /home/hosni/power/caravel/openlane/housekeeping/runs/22_10_17_11_22/results/signoff/sky130_fd_sc_hd__o21a_2.mag.
The cell exists in the search paths at /home/hosni/OL_LATEST/OpenLane/pdks/sky130A/libs.ref/sky130_fd_sc_hd/maglef/sky130_fd_sc_hd__o21a_2.mag.
The discovered version will be used.
Warning:  Parent cell lists instance of "sky130_fd_sc_hd__xor2_1" at bad file path /home/hosni/power/caravel/openlane/housekeeping/runs/22_10_17_11_22/results/signoff/sky130_fd_sc_hd__xor2_1.mag.
The cell exists in the search paths at /home/hosni/OL_LATEST/OpenLane/pdks/sky130A/libs.ref/sky130_fd_sc_hd/maglef/sky130_fd_sc_hd__xor2_1.mag.
The discovered version will be used.
Warning:  Parent cell lists instance of "sky130_fd_sc_hd__nor4_2" at bad file path /home/hosni/power/caravel/openlane/housekeeping/runs/22_10_17_11_22/results/signoff/sky130_fd_sc_hd__nor4_2.mag.
The cell exists in the search paths at /home/hosni/OL_LATEST/OpenLane/pdks/sky130A/libs.ref/sky130_fd_sc_hd/maglef/sky130_fd_sc_hd__nor4_2.mag.
The discovered version will be used.
Warning:  Parent cell lists instance of "sky130_fd_sc_hd__a221o_4" at bad file path /home/hosni/power/caravel/openlane/housekeeping/runs/22_10_17_11_22/results/signoff/sky130_fd_sc_hd__a221o_4.mag.
The cell exists in the search paths at /home/hosni/OL_LATEST/OpenLane/pdks/sky130A/libs.ref/sky130_fd_sc_hd/maglef/sky130_fd_sc_hd__a221o_4.mag.
The discovered version will be used.
Warning:  Parent cell lists instance of "sky130_fd_sc_hd__a221oi_4" at bad file path /home/hosni/power/caravel/openlane/housekeeping/runs/22_10_17_11_22/results/signoff/sky130_fd_sc_hd__a221oi_4.mag.
The cell exists in the search paths at /home/hosni/OL_LATEST/OpenLane/pdks/sky130A/libs.ref/sky130_fd_sc_hd/maglef/sky130_fd_sc_hd__a221oi_4.mag.
The discovered version will be used.
Warning:  Parent cell lists instance of "sky130_fd_sc_hd__or4bb_4" at bad file path /home/hosni/power/caravel/openlane/housekeeping/runs/22_10_17_11_22/results/signoff/sky130_fd_sc_hd__or4bb_4.mag.
The cell exists in the search paths at /home/hosni/OL_LATEST/OpenLane/pdks/sky130A/libs.ref/sky130_fd_sc_hd/maglef/sky130_fd_sc_hd__or4bb_4.mag.
The discovered version will be used.
Warning:  Parent cell lists instance of "sky130_fd_sc_hd__inv_6" at bad file path /home/hosni/power/caravel/openlane/housekeeping/runs/22_10_17_11_22/results/signoff/sky130_fd_sc_hd__inv_6.mag.
The cell exists in the search paths at /home/hosni/OL_LATEST/OpenLane/pdks/sky130A/libs.ref/sky130_fd_sc_hd/maglef/sky130_fd_sc_hd__inv_6.mag.
The discovered version will be used.
Warning:  Parent cell lists instance of "sky130_fd_sc_hd__tapvpwrvgnd_1" at bad file path /home/hosni/power/caravel/openlane/housekeeping/runs/22_10_17_11_22/results/signoff/sky130_fd_sc_hd__tapvpwrvgnd_1.mag.
The cell exists in the search paths at /home/hosni/OL_LATEST/OpenLane/pdks/sky130A/libs.ref/sky130_fd_sc_hd/maglef/sky130_fd_sc_hd__tapvpwrvgnd_1.mag.
The discovered version will be used.
Warning:  Parent cell lists instance of "sky130_fd_sc_hd__decap_3" at bad file path /home/hosni/power/caravel/openlane/housekeeping/runs/22_10_17_11_22/results/signoff/sky130_fd_sc_hd__decap_3.mag.
The cell exists in the search paths at /home/hosni/OL_LATEST/OpenLane/pdks/sky130A/libs.ref/sky130_fd_sc_hd/maglef/sky130_fd_sc_hd__decap_3.mag.
The discovered version will be used.
Warning:  Parent cell lists instance of "sky130_fd_sc_hd__fill_2" at bad file path /home/hosni/power/caravel/openlane/housekeeping/runs/22_10_17_11_22/results/signoff/sky130_fd_sc_hd__fill_2.mag.
The cell exists in the search paths at /home/hosni/OL_LATEST/OpenLane/pdks/sky130A/libs.ref/sky130_fd_sc_hd/maglef/sky130_fd_sc_hd__fill_2.mag.
The discovered version will be used.
Warning:  Parent cell lists instance of "sky130_fd_sc_hd__fill_1" at bad file path /home/hosni/power/caravel/openlane/housekeeping/runs/22_10_17_11_22/results/signoff/sky130_fd_sc_hd__fill_1.mag.
The cell exists in the search paths at /home/hosni/OL_LATEST/OpenLane/pdks/sky130A/libs.ref/sky130_fd_sc_hd/maglef/sky130_fd_sc_hd__fill_1.mag.
The discovered version will be used.
Warning:  Parent cell lists instance of "sky130_fd_sc_hd__decap_8" at bad file path /home/hosni/power/caravel/openlane/housekeeping/runs/22_10_17_11_22/results/signoff/sky130_fd_sc_hd__decap_8.mag.
The cell exists in the search paths at /home/hosni/OL_LATEST/OpenLane/pdks/sky130A/libs.ref/sky130_fd_sc_hd/maglef/sky130_fd_sc_hd__decap_8.mag.
The discovered version will be used.
Warning:  Parent cell lists instance of "sky130_fd_sc_hd__decap_4" at bad file path /home/hosni/power/caravel/openlane/housekeeping/runs/22_10_17_11_22/results/signoff/sky130_fd_sc_hd__decap_4.mag.
The cell exists in the search paths at /home/hosni/OL_LATEST/OpenLane/pdks/sky130A/libs.ref/sky130_fd_sc_hd/maglef/sky130_fd_sc_hd__decap_4.mag.
The discovered version will be used.
Warning:  Parent cell lists instance of "sky130_fd_sc_hd__decap_6" at bad file path /home/hosni/power/caravel/openlane/housekeeping/runs/22_10_17_11_22/results/signoff/sky130_fd_sc_hd__decap_6.mag.
The cell exists in the search paths at /home/hosni/OL_LATEST/OpenLane/pdks/sky130A/libs.ref/sky130_fd_sc_hd/maglef/sky130_fd_sc_hd__decap_6.mag.
The discovered version will be used.
Warning:  Parent cell lists instance of "sky130_ef_sc_hd__decap_12" at bad file path /home/hosni/power/caravel/openlane/housekeeping/runs/22_10_17_11_22/results/signoff/sky130_ef_sc_hd__decap_12.mag.
The cell exists in the search paths at /home/hosni/OL_LATEST/OpenLane/pdks/sky130A/libs.ref/sky130_fd_sc_hd/maglef/sky130_ef_sc_hd__decap_12.mag.
The discovered version will be used.
Warning:  Parent cell lists instance of "sky130_fd_sc_hd__diode_2" at bad file path /home/hosni/power/caravel/openlane/housekeeping/runs/22_10_17_11_22/results/signoff/sky130_fd_sc_hd__diode_2.mag.
The cell exists in the search paths at /home/hosni/OL_LATEST/OpenLane/pdks/sky130A/libs.ref/sky130_fd_sc_hd/maglef/sky130_fd_sc_hd__diode_2.mag.
The discovered version will be used.
Diagnostic:  Scale value is 0.005000
[INFO]: LEF Write Complete
