
===========================================================================
report_checks -path_delay min (Hold)
============================================================================
Startpoint: _6784_ (falling edge-triggered flip-flop clocked by sck)
Endpoint: _6784_ (falling edge-triggered flip-flop clocked by sck)
Path Group: sck
Path Type: min

Fanout     Cap    Slew   Delay    Time   Description
-----------------------------------------------------------------------------
                         50.00   50.00   clock sck (fall edge)
                          0.00   50.00   clock source latency
                  0.00    0.00   50.00 v mgmt_gpio_in[4] (in)
     1    0.02                           mgmt_gpio_in[4] (net)
                  0.00    0.00   50.00 v clkbuf_0_mgmt_gpio_in[4]/A (sky130_fd_sc_hd__clkbuf_16)
                  0.03    0.11   50.11 v clkbuf_0_mgmt_gpio_in[4]/X (sky130_fd_sc_hd__clkbuf_16)
     2    0.01                           clknet_0_mgmt_gpio_in[4] (net)
                  0.03    0.00   50.11 v clkbuf_1_0_0_mgmt_gpio_in[4]/A (sky130_fd_sc_hd__clkbuf_8)
                  0.03    0.12   50.23 v clkbuf_1_0_0_mgmt_gpio_in[4]/X (sky130_fd_sc_hd__clkbuf_8)
     2    0.01                           clknet_1_0_0_mgmt_gpio_in[4] (net)
                  0.03    0.00   50.23 v clkbuf_2_1_0_mgmt_gpio_in[4]/A (sky130_fd_sc_hd__clkbuf_8)
                  0.05    0.14   50.37 v clkbuf_2_1_0_mgmt_gpio_in[4]/X (sky130_fd_sc_hd__clkbuf_8)
    18    0.03                           clknet_2_1_0_mgmt_gpio_in[4] (net)
                  0.05    0.00   50.37 v _6784_/CLK_N (sky130_fd_sc_hd__dfrtn_1)
                  0.06    0.38   50.75 ^ _6784_/Q (sky130_fd_sc_hd__dfrtn_1)
     2    0.00                           hkspi.ldata[1] (net)
                  0.06    0.00   50.75 ^ _3725_/A1 (sky130_fd_sc_hd__mux2_1)
                  0.04    0.11   50.86 ^ _3725_/X (sky130_fd_sc_hd__mux2_1)
     1    0.00                           _0387_ (net)
                  0.04    0.00   50.86 ^ _6784_/D (sky130_fd_sc_hd__dfrtn_1)
                                 50.86   data arrival time

                         50.00   50.00   clock sck (fall edge)
                          0.00   50.00   clock source latency
                  0.00    0.00   50.00 v mgmt_gpio_in[4] (in)
     1    0.02                           mgmt_gpio_in[4] (net)
                  0.00    0.00   50.00 v clkbuf_0_mgmt_gpio_in[4]/A (sky130_fd_sc_hd__clkbuf_16)
                  0.03    0.12   50.12 v clkbuf_0_mgmt_gpio_in[4]/X (sky130_fd_sc_hd__clkbuf_16)
     2    0.01                           clknet_0_mgmt_gpio_in[4] (net)
                  0.03    0.00   50.12 v clkbuf_1_0_0_mgmt_gpio_in[4]/A (sky130_fd_sc_hd__clkbuf_8)
                  0.03    0.13   50.25 v clkbuf_1_0_0_mgmt_gpio_in[4]/X (sky130_fd_sc_hd__clkbuf_8)
     2    0.01                           clknet_1_0_0_mgmt_gpio_in[4] (net)
                  0.03    0.00   50.25 v clkbuf_2_1_0_mgmt_gpio_in[4]/A (sky130_fd_sc_hd__clkbuf_8)
                  0.05    0.16   50.41 v clkbuf_2_1_0_mgmt_gpio_in[4]/X (sky130_fd_sc_hd__clkbuf_8)
    18    0.03                           clknet_2_1_0_mgmt_gpio_in[4] (net)
                  0.05    0.00   50.41 v _6784_/CLK_N (sky130_fd_sc_hd__dfrtn_1)
                          0.30   50.71   clock uncertainty
                         -0.04   50.67   clock reconvergence pessimism
                          0.09   50.76   library hold time
                                 50.76   data required time
-----------------------------------------------------------------------------
                                 50.76   data required time
                                -50.86   data arrival time
-----------------------------------------------------------------------------
                                  0.10   slack (MET)


Startpoint: _6789_ (falling edge-triggered flip-flop clocked by sck)
Endpoint: _6789_ (falling edge-triggered flip-flop clocked by sck)
Path Group: sck
Path Type: min

Fanout     Cap    Slew   Delay    Time   Description
-----------------------------------------------------------------------------
                         50.00   50.00   clock sck (fall edge)
                          0.00   50.00   clock source latency
                  0.00    0.00   50.00 v mgmt_gpio_in[4] (in)
     1    0.02                           mgmt_gpio_in[4] (net)
                  0.00    0.00   50.00 v clkbuf_0_mgmt_gpio_in[4]/A (sky130_fd_sc_hd__clkbuf_16)
                  0.03    0.11   50.11 v clkbuf_0_mgmt_gpio_in[4]/X (sky130_fd_sc_hd__clkbuf_16)
     2    0.01                           clknet_0_mgmt_gpio_in[4] (net)
                  0.03    0.00   50.11 v clkbuf_1_1_0_mgmt_gpio_in[4]/A (sky130_fd_sc_hd__clkbuf_8)
                  0.03    0.12   50.23 v clkbuf_1_1_0_mgmt_gpio_in[4]/X (sky130_fd_sc_hd__clkbuf_8)
     2    0.01                           clknet_1_1_0_mgmt_gpio_in[4] (net)
                  0.03    0.00   50.23 v clkbuf_2_2_0_mgmt_gpio_in[4]/A (sky130_fd_sc_hd__clkbuf_8)
                  0.04    0.13   50.36 v clkbuf_2_2_0_mgmt_gpio_in[4]/X (sky130_fd_sc_hd__clkbuf_8)
    12    0.02                           clknet_2_2_0_mgmt_gpio_in[4] (net)
                  0.04    0.00   50.36 v _6789_/CLK_N (sky130_fd_sc_hd__dfrtn_1)
                  0.06    0.37   50.74 ^ _6789_/Q (sky130_fd_sc_hd__dfrtn_1)
     2    0.00                           hkspi.ldata[6] (net)
                  0.06    0.00   50.74 ^ _3412_/A1 (sky130_fd_sc_hd__mux2_1)
                  0.04    0.11   50.85 ^ _3412_/X (sky130_fd_sc_hd__mux2_1)
     1    0.00                           _0392_ (net)
                  0.04    0.00   50.85 ^ _6789_/D (sky130_fd_sc_hd__dfrtn_1)
                                 50.85   data arrival time

                         50.00   50.00   clock sck (fall edge)
                          0.00   50.00   clock source latency
                  0.00    0.00   50.00 v mgmt_gpio_in[4] (in)
     1    0.02                           mgmt_gpio_in[4] (net)
                  0.00    0.00   50.00 v clkbuf_0_mgmt_gpio_in[4]/A (sky130_fd_sc_hd__clkbuf_16)
                  0.03    0.12   50.12 v clkbuf_0_mgmt_gpio_in[4]/X (sky130_fd_sc_hd__clkbuf_16)
     2    0.01                           clknet_0_mgmt_gpio_in[4] (net)
                  0.03    0.00   50.12 v clkbuf_1_1_0_mgmt_gpio_in[4]/A (sky130_fd_sc_hd__clkbuf_8)
                  0.03    0.13   50.25 v clkbuf_1_1_0_mgmt_gpio_in[4]/X (sky130_fd_sc_hd__clkbuf_8)
     2    0.01                           clknet_1_1_0_mgmt_gpio_in[4] (net)
                  0.03    0.00   50.25 v clkbuf_2_2_0_mgmt_gpio_in[4]/A (sky130_fd_sc_hd__clkbuf_8)
                  0.04    0.15   50.40 v clkbuf_2_2_0_mgmt_gpio_in[4]/X (sky130_fd_sc_hd__clkbuf_8)
    12    0.02                           clknet_2_2_0_mgmt_gpio_in[4] (net)
                  0.04    0.00   50.40 v _6789_/CLK_N (sky130_fd_sc_hd__dfrtn_1)
                          0.30   50.70   clock uncertainty
                         -0.04   50.66   clock reconvergence pessimism
                          0.08   50.75   library hold time
                                 50.75   data required time
-----------------------------------------------------------------------------
                                 50.75   data required time
                                -50.85   data arrival time
-----------------------------------------------------------------------------
                                  0.10   slack (MET)


Startpoint: _6788_ (falling edge-triggered flip-flop clocked by sck)
Endpoint: _6788_ (falling edge-triggered flip-flop clocked by sck)
Path Group: sck
Path Type: min

Fanout     Cap    Slew   Delay    Time   Description
-----------------------------------------------------------------------------
                         50.00   50.00   clock sck (fall edge)
                          0.00   50.00   clock source latency
                  0.00    0.00   50.00 v mgmt_gpio_in[4] (in)
     1    0.02                           mgmt_gpio_in[4] (net)
                  0.00    0.00   50.00 v clkbuf_0_mgmt_gpio_in[4]/A (sky130_fd_sc_hd__clkbuf_16)
                  0.03    0.11   50.11 v clkbuf_0_mgmt_gpio_in[4]/X (sky130_fd_sc_hd__clkbuf_16)
     2    0.01                           clknet_0_mgmt_gpio_in[4] (net)
                  0.03    0.00   50.11 v clkbuf_1_1_0_mgmt_gpio_in[4]/A (sky130_fd_sc_hd__clkbuf_8)
                  0.03    0.12   50.23 v clkbuf_1_1_0_mgmt_gpio_in[4]/X (sky130_fd_sc_hd__clkbuf_8)
     2    0.01                           clknet_1_1_0_mgmt_gpio_in[4] (net)
                  0.03    0.00   50.23 v clkbuf_2_2_0_mgmt_gpio_in[4]/A (sky130_fd_sc_hd__clkbuf_8)
                  0.04    0.13   50.36 v clkbuf_2_2_0_mgmt_gpio_in[4]/X (sky130_fd_sc_hd__clkbuf_8)
    12    0.02                           clknet_2_2_0_mgmt_gpio_in[4] (net)
                  0.04    0.00   50.36 v _6788_/CLK_N (sky130_fd_sc_hd__dfrtn_1)
                  0.06    0.38   50.74 ^ _6788_/Q (sky130_fd_sc_hd__dfrtn_1)
     2    0.00                           hkspi.ldata[5] (net)
                  0.06    0.00   50.74 ^ _3449_/A1 (sky130_fd_sc_hd__mux2_1)
                  0.04    0.11   50.85 ^ _3449_/X (sky130_fd_sc_hd__mux2_1)
     1    0.00                           _0391_ (net)
                  0.04    0.00   50.85 ^ _6788_/D (sky130_fd_sc_hd__dfrtn_1)
                                 50.85   data arrival time

                         50.00   50.00   clock sck (fall edge)
                          0.00   50.00   clock source latency
                  0.00    0.00   50.00 v mgmt_gpio_in[4] (in)
     1    0.02                           mgmt_gpio_in[4] (net)
                  0.00    0.00   50.00 v clkbuf_0_mgmt_gpio_in[4]/A (sky130_fd_sc_hd__clkbuf_16)
                  0.03    0.12   50.12 v clkbuf_0_mgmt_gpio_in[4]/X (sky130_fd_sc_hd__clkbuf_16)
     2    0.01                           clknet_0_mgmt_gpio_in[4] (net)
                  0.03    0.00   50.12 v clkbuf_1_1_0_mgmt_gpio_in[4]/A (sky130_fd_sc_hd__clkbuf_8)
                  0.03    0.13   50.25 v clkbuf_1_1_0_mgmt_gpio_in[4]/X (sky130_fd_sc_hd__clkbuf_8)
     2    0.01                           clknet_1_1_0_mgmt_gpio_in[4] (net)
                  0.03    0.00   50.25 v clkbuf_2_2_0_mgmt_gpio_in[4]/A (sky130_fd_sc_hd__clkbuf_8)
                  0.04    0.15   50.40 v clkbuf_2_2_0_mgmt_gpio_in[4]/X (sky130_fd_sc_hd__clkbuf_8)
    12    0.02                           clknet_2_2_0_mgmt_gpio_in[4] (net)
                  0.04    0.00   50.40 v _6788_/CLK_N (sky130_fd_sc_hd__dfrtn_1)
                          0.30   50.70   clock uncertainty
                         -0.04   50.66   clock reconvergence pessimism
                          0.08   50.75   library hold time
                                 50.75   data required time
-----------------------------------------------------------------------------
                                 50.75   data required time
                                -50.85   data arrival time
-----------------------------------------------------------------------------
                                  0.10   slack (MET)


Startpoint: _6785_ (falling edge-triggered flip-flop clocked by sck)
Endpoint: _6785_ (falling edge-triggered flip-flop clocked by sck)
Path Group: sck
Path Type: min

Fanout     Cap    Slew   Delay    Time   Description
-----------------------------------------------------------------------------
                         50.00   50.00   clock sck (fall edge)
                          0.00   50.00   clock source latency
                  0.00    0.00   50.00 v mgmt_gpio_in[4] (in)
     1    0.02                           mgmt_gpio_in[4] (net)
                  0.00    0.00   50.00 v clkbuf_0_mgmt_gpio_in[4]/A (sky130_fd_sc_hd__clkbuf_16)
                  0.03    0.11   50.11 v clkbuf_0_mgmt_gpio_in[4]/X (sky130_fd_sc_hd__clkbuf_16)
     2    0.01                           clknet_0_mgmt_gpio_in[4] (net)
                  0.03    0.00   50.11 v clkbuf_1_0_0_mgmt_gpio_in[4]/A (sky130_fd_sc_hd__clkbuf_8)
                  0.03    0.12   50.23 v clkbuf_1_0_0_mgmt_gpio_in[4]/X (sky130_fd_sc_hd__clkbuf_8)
     2    0.01                           clknet_1_0_0_mgmt_gpio_in[4] (net)
                  0.03    0.00   50.23 v clkbuf_2_0_0_mgmt_gpio_in[4]/A (sky130_fd_sc_hd__clkbuf_8)
                  0.04    0.13   50.36 v clkbuf_2_0_0_mgmt_gpio_in[4]/X (sky130_fd_sc_hd__clkbuf_8)
    12    0.02                           clknet_2_0_0_mgmt_gpio_in[4] (net)
                  0.04    0.00   50.36 v _6785_/CLK_N (sky130_fd_sc_hd__dfrtn_1)
                  0.06    0.37   50.74 ^ _6785_/Q (sky130_fd_sc_hd__dfrtn_1)
     2    0.00                           hkspi.ldata[2] (net)
                  0.06    0.00   50.74 ^ _3662_/A1 (sky130_fd_sc_hd__mux2_1)
                  0.04    0.12   50.85 ^ _3662_/X (sky130_fd_sc_hd__mux2_1)
     1    0.00                           _0388_ (net)
                  0.04    0.00   50.85 ^ _6785_/D (sky130_fd_sc_hd__dfrtn_1)
                                 50.85   data arrival time

                         50.00   50.00   clock sck (fall edge)
                          0.00   50.00   clock source latency
                  0.00    0.00   50.00 v mgmt_gpio_in[4] (in)
     1    0.02                           mgmt_gpio_in[4] (net)
                  0.00    0.00   50.00 v clkbuf_0_mgmt_gpio_in[4]/A (sky130_fd_sc_hd__clkbuf_16)
                  0.03    0.12   50.12 v clkbuf_0_mgmt_gpio_in[4]/X (sky130_fd_sc_hd__clkbuf_16)
     2    0.01                           clknet_0_mgmt_gpio_in[4] (net)
                  0.03    0.00   50.12 v clkbuf_1_0_0_mgmt_gpio_in[4]/A (sky130_fd_sc_hd__clkbuf_8)
                  0.03    0.13   50.25 v clkbuf_1_0_0_mgmt_gpio_in[4]/X (sky130_fd_sc_hd__clkbuf_8)
     2    0.01                           clknet_1_0_0_mgmt_gpio_in[4] (net)
                  0.03    0.00   50.25 v clkbuf_2_0_0_mgmt_gpio_in[4]/A (sky130_fd_sc_hd__clkbuf_8)
                  0.04    0.15   50.40 v clkbuf_2_0_0_mgmt_gpio_in[4]/X (sky130_fd_sc_hd__clkbuf_8)
    12    0.02                           clknet_2_0_0_mgmt_gpio_in[4] (net)
                  0.04    0.00   50.40 v _6785_/CLK_N (sky130_fd_sc_hd__dfrtn_1)
                          0.30   50.70   clock uncertainty
                         -0.04   50.66   clock reconvergence pessimism
                          0.08   50.74   library hold time
                                 50.74   data required time
-----------------------------------------------------------------------------
                                 50.74   data required time
                                -50.85   data arrival time
-----------------------------------------------------------------------------
                                  0.11   slack (MET)


Startpoint: _6442_ (falling edge-triggered flip-flop clocked by sck)
Endpoint: _6442_ (falling edge-triggered flip-flop clocked by sck)
Path Group: sck
Path Type: min

Fanout     Cap    Slew   Delay    Time   Description
-----------------------------------------------------------------------------
                         50.00   50.00   clock sck (fall edge)
                          0.00   50.00   clock source latency
                  0.00    0.00   50.00 v mgmt_gpio_in[4] (in)
     1    0.02                           mgmt_gpio_in[4] (net)
                  0.00    0.00   50.00 v clkbuf_0_mgmt_gpio_in[4]/A (sky130_fd_sc_hd__clkbuf_16)
                  0.03    0.11   50.11 v clkbuf_0_mgmt_gpio_in[4]/X (sky130_fd_sc_hd__clkbuf_16)
     2    0.01                           clknet_0_mgmt_gpio_in[4] (net)
                  0.03    0.00   50.11 v clkbuf_1_0_0_mgmt_gpio_in[4]/A (sky130_fd_sc_hd__clkbuf_8)
                  0.03    0.12   50.23 v clkbuf_1_0_0_mgmt_gpio_in[4]/X (sky130_fd_sc_hd__clkbuf_8)
     2    0.01                           clknet_1_0_0_mgmt_gpio_in[4] (net)
                  0.03    0.00   50.23 v clkbuf_2_1_0_mgmt_gpio_in[4]/A (sky130_fd_sc_hd__clkbuf_8)
                  0.05    0.14   50.37 v clkbuf_2_1_0_mgmt_gpio_in[4]/X (sky130_fd_sc_hd__clkbuf_8)
    18    0.03                           clknet_2_1_0_mgmt_gpio_in[4] (net)
                  0.05    0.00   50.37 v _6442_/CLK_N (sky130_fd_sc_hd__dfrtn_1)
                  0.07    0.38   50.75 ^ _6442_/Q (sky130_fd_sc_hd__dfrtn_1)
     2    0.01                           hkspi.wrstb (net)
                  0.07    0.00   50.75 ^ _3874_/A2 (sky130_fd_sc_hd__o211a_1)
                  0.04    0.12   50.88 ^ _3874_/X (sky130_fd_sc_hd__o211a_1)
     1    0.00                           _0065_ (net)
                  0.04    0.00   50.88 ^ _6442_/D (sky130_fd_sc_hd__dfrtn_1)
                                 50.88   data arrival time

                         50.00   50.00   clock sck (fall edge)
                          0.00   50.00   clock source latency
                  0.00    0.00   50.00 v mgmt_gpio_in[4] (in)
     1    0.02                           mgmt_gpio_in[4] (net)
                  0.00    0.00   50.00 v clkbuf_0_mgmt_gpio_in[4]/A (sky130_fd_sc_hd__clkbuf_16)
                  0.03    0.12   50.12 v clkbuf_0_mgmt_gpio_in[4]/X (sky130_fd_sc_hd__clkbuf_16)
     2    0.01                           clknet_0_mgmt_gpio_in[4] (net)
                  0.03    0.00   50.12 v clkbuf_1_0_0_mgmt_gpio_in[4]/A (sky130_fd_sc_hd__clkbuf_8)
                  0.03    0.13   50.25 v clkbuf_1_0_0_mgmt_gpio_in[4]/X (sky130_fd_sc_hd__clkbuf_8)
     2    0.01                           clknet_1_0_0_mgmt_gpio_in[4] (net)
                  0.03    0.00   50.25 v clkbuf_2_1_0_mgmt_gpio_in[4]/A (sky130_fd_sc_hd__clkbuf_8)
                  0.05    0.16   50.41 v clkbuf_2_1_0_mgmt_gpio_in[4]/X (sky130_fd_sc_hd__clkbuf_8)
    18    0.03                           clknet_2_1_0_mgmt_gpio_in[4] (net)
                  0.05    0.00   50.41 v _6442_/CLK_N (sky130_fd_sc_hd__dfrtn_1)
                          0.30   50.71   clock uncertainty
                         -0.04   50.67   clock reconvergence pessimism
                          0.09   50.76   library hold time
                                 50.76   data required time
-----------------------------------------------------------------------------
                                 50.76   data required time
                                -50.88   data arrival time
-----------------------------------------------------------------------------
                                  0.12   slack (MET)


Startpoint: _6695_ (rising edge-triggered flip-flop clocked by wb_clk_i)
Endpoint: _6700_ (rising edge-triggered flip-flop clocked by wb_clk_i)
Path Group: wb_clk_i
Path Type: min

Fanout     Cap    Slew   Delay    Time   Description
-----------------------------------------------------------------------------
                          0.00    0.00   clock wb_clk_i (rise edge)
                          0.00    0.00   clock source latency
                  0.00    0.00    0.00 ^ wb_clk_i (in)
     2    0.03                           wb_clk_i (net)
                  0.01    0.00    0.00 ^ clkbuf_0_wb_clk_i/A (sky130_fd_sc_hd__clkbuf_16)
                  0.04    0.11    0.11 ^ clkbuf_0_wb_clk_i/X (sky130_fd_sc_hd__clkbuf_16)
     2    0.02                           clknet_0_wb_clk_i (net)
                  0.04    0.00    0.11 ^ clkbuf_1_1_0_wb_clk_i/A (sky130_fd_sc_hd__clkbuf_8)
                  0.03    0.11    0.22 ^ clkbuf_1_1_0_wb_clk_i/X (sky130_fd_sc_hd__clkbuf_8)
     1    0.01                           clknet_1_1_0_wb_clk_i (net)
                  0.03    0.00    0.22 ^ clkbuf_1_1_1_wb_clk_i/A (sky130_fd_sc_hd__clkbuf_8)
                  0.05    0.12    0.34 ^ clkbuf_1_1_1_wb_clk_i/X (sky130_fd_sc_hd__clkbuf_8)
     2    0.02                           clknet_1_1_1_wb_clk_i (net)
                  0.05    0.00    0.34 ^ clkbuf_2_3_0_wb_clk_i/A (sky130_fd_sc_hd__clkbuf_8)
                  0.05    0.12    0.47 ^ clkbuf_2_3_0_wb_clk_i/X (sky130_fd_sc_hd__clkbuf_8)
     2    0.02                           clknet_2_3_0_wb_clk_i (net)
                  0.05    0.00    0.47 ^ clkbuf_3_6_0_wb_clk_i/A (sky130_fd_sc_hd__clkbuf_8)
                  0.08    0.15    0.62 ^ clkbuf_3_6_0_wb_clk_i/X (sky130_fd_sc_hd__clkbuf_8)
    13    0.04                           clknet_3_6_0_wb_clk_i (net)
                  0.08    0.00    0.62 ^ _6695_/CLK (sky130_fd_sc_hd__dfrtp_1)
                  0.09    0.35    0.97 ^ _6695_/Q (sky130_fd_sc_hd__dfrtp_1)
     3    0.01                           wbbd_state[4] (net)
                  0.09    0.00    0.97 ^ _3894_/B1 (sky130_fd_sc_hd__a21o_1)
                  0.03    0.08    1.06 ^ _3894_/X (sky130_fd_sc_hd__a21o_1)
     1    0.00                           _0013_ (net)
                  0.03    0.00    1.06 ^ _6700_/D (sky130_fd_sc_hd__dfrtp_1)
                                  1.06   data arrival time

                          0.00    0.00   clock wb_clk_i (rise edge)
                          0.00    0.00   clock source latency
                  0.00    0.00    0.00 ^ wb_clk_i (in)
     2    0.03                           wb_clk_i (net)
                  0.01    0.00    0.00 ^ clkbuf_0_wb_clk_i/A (sky130_fd_sc_hd__clkbuf_16)
                  0.04    0.12    0.12 ^ clkbuf_0_wb_clk_i/X (sky130_fd_sc_hd__clkbuf_16)
     2    0.02                           clknet_0_wb_clk_i (net)
                  0.04    0.00    0.13 ^ clkbuf_1_1_0_wb_clk_i/A (sky130_fd_sc_hd__clkbuf_8)
                  0.03    0.12    0.24 ^ clkbuf_1_1_0_wb_clk_i/X (sky130_fd_sc_hd__clkbuf_8)
     1    0.01                           clknet_1_1_0_wb_clk_i (net)
                  0.03    0.00    0.24 ^ clkbuf_1_1_1_wb_clk_i/A (sky130_fd_sc_hd__clkbuf_8)
                  0.05    0.13    0.38 ^ clkbuf_1_1_1_wb_clk_i/X (sky130_fd_sc_hd__clkbuf_8)
     2    0.02                           clknet_1_1_1_wb_clk_i (net)
                  0.05    0.00    0.38 ^ clkbuf_2_2_0_wb_clk_i/A (sky130_fd_sc_hd__clkbuf_8)
                  0.05    0.14    0.51 ^ clkbuf_2_2_0_wb_clk_i/X (sky130_fd_sc_hd__clkbuf_8)
     2    0.02                           clknet_2_2_0_wb_clk_i (net)
                  0.05    0.00    0.52 ^ clkbuf_3_5_0_wb_clk_i/A (sky130_fd_sc_hd__clkbuf_8)
                  0.08    0.16    0.68 ^ clkbuf_3_5_0_wb_clk_i/X (sky130_fd_sc_hd__clkbuf_8)
    15    0.04                           clknet_3_5_0_wb_clk_i (net)
                  0.08    0.00    0.68 ^ _6700_/CLK (sky130_fd_sc_hd__dfrtp_1)
                          0.30    0.98   clock uncertainty
                         -0.04    0.94   clock reconvergence pessimism
                         -0.03    0.92   library hold time
                                  0.92   data required time
-----------------------------------------------------------------------------
                                  0.92   data required time
                                 -1.06   data arrival time
-----------------------------------------------------------------------------
                                  0.14   slack (MET)


Startpoint: _7193_ (rising edge-triggered flip-flop clocked by wb_clk_i)
Endpoint: _7193_ (rising edge-triggered flip-flop clocked by wb_clk_i)
Path Group: wb_clk_i
Path Type: min

Fanout     Cap    Slew   Delay    Time   Description
-----------------------------------------------------------------------------
                          0.00    0.00   clock wb_clk_i (rise edge)
                          0.00    0.00   clock source latency
                  0.00    0.00    0.00 ^ wb_clk_i (in)
     2    0.03                           wb_clk_i (net)
                  0.01    0.00    0.00 ^ clkbuf_0_wb_clk_i/A (sky130_fd_sc_hd__clkbuf_16)
                  0.04    0.11    0.11 ^ clkbuf_0_wb_clk_i/X (sky130_fd_sc_hd__clkbuf_16)
     2    0.02                           clknet_0_wb_clk_i (net)
                  0.04    0.00    0.11 ^ clkbuf_1_1_0_wb_clk_i/A (sky130_fd_sc_hd__clkbuf_8)
                  0.03    0.11    0.22 ^ clkbuf_1_1_0_wb_clk_i/X (sky130_fd_sc_hd__clkbuf_8)
     1    0.01                           clknet_1_1_0_wb_clk_i (net)
                  0.03    0.00    0.22 ^ clkbuf_1_1_1_wb_clk_i/A (sky130_fd_sc_hd__clkbuf_8)
                  0.05    0.12    0.34 ^ clkbuf_1_1_1_wb_clk_i/X (sky130_fd_sc_hd__clkbuf_8)
     2    0.02                           clknet_1_1_1_wb_clk_i (net)
                  0.05    0.00    0.34 ^ clkbuf_2_2_0_wb_clk_i/A (sky130_fd_sc_hd__clkbuf_8)
                  0.05    0.12    0.47 ^ clkbuf_2_2_0_wb_clk_i/X (sky130_fd_sc_hd__clkbuf_8)
     2    0.02                           clknet_2_2_0_wb_clk_i (net)
                  0.05    0.00    0.47 ^ clkbuf_3_5_0_wb_clk_i/A (sky130_fd_sc_hd__clkbuf_8)
                  0.08    0.15    0.61 ^ clkbuf_3_5_0_wb_clk_i/X (sky130_fd_sc_hd__clkbuf_8)
    15    0.04                           clknet_3_5_0_wb_clk_i (net)
                  0.08    0.00    0.61 ^ _7193_/CLK (sky130_fd_sc_hd__dfxtp_1)
                  0.06    0.31    0.92 ^ _7193_/Q (sky130_fd_sc_hd__dfxtp_1)
     2    0.00                           net338 (net)
                  0.06    0.00    0.92 ^ _6353_/A0 (sky130_fd_sc_hd__mux2_1)
                  0.04    0.11    1.03 ^ _6353_/X (sky130_fd_sc_hd__mux2_1)
     1    0.00                           _0795_ (net)
                  0.04    0.00    1.03 ^ _7193_/D (sky130_fd_sc_hd__dfxtp_1)
                                  1.03   data arrival time

                          0.00    0.00   clock wb_clk_i (rise edge)
                          0.00    0.00   clock source latency
                  0.00    0.00    0.00 ^ wb_clk_i (in)
     2    0.03                           wb_clk_i (net)
                  0.01    0.00    0.00 ^ clkbuf_0_wb_clk_i/A (sky130_fd_sc_hd__clkbuf_16)
                  0.04    0.12    0.12 ^ clkbuf_0_wb_clk_i/X (sky130_fd_sc_hd__clkbuf_16)
     2    0.02                           clknet_0_wb_clk_i (net)
                  0.04    0.00    0.13 ^ clkbuf_1_1_0_wb_clk_i/A (sky130_fd_sc_hd__clkbuf_8)
                  0.03    0.12    0.24 ^ clkbuf_1_1_0_wb_clk_i/X (sky130_fd_sc_hd__clkbuf_8)
     1    0.01                           clknet_1_1_0_wb_clk_i (net)
                  0.03    0.00    0.24 ^ clkbuf_1_1_1_wb_clk_i/A (sky130_fd_sc_hd__clkbuf_8)
                  0.05    0.13    0.38 ^ clkbuf_1_1_1_wb_clk_i/X (sky130_fd_sc_hd__clkbuf_8)
     2    0.02                           clknet_1_1_1_wb_clk_i (net)
                  0.05    0.00    0.38 ^ clkbuf_2_2_0_wb_clk_i/A (sky130_fd_sc_hd__clkbuf_8)
                  0.05    0.14    0.51 ^ clkbuf_2_2_0_wb_clk_i/X (sky130_fd_sc_hd__clkbuf_8)
     2    0.02                           clknet_2_2_0_wb_clk_i (net)
                  0.05    0.00    0.52 ^ clkbuf_3_5_0_wb_clk_i/A (sky130_fd_sc_hd__clkbuf_8)
                  0.08    0.16    0.68 ^ clkbuf_3_5_0_wb_clk_i/X (sky130_fd_sc_hd__clkbuf_8)
    15    0.04                           clknet_3_5_0_wb_clk_i (net)
                  0.08    0.00    0.68 ^ _7193_/CLK (sky130_fd_sc_hd__dfxtp_1)
                          0.30    0.98   clock uncertainty
                         -0.06    0.91   clock reconvergence pessimism
                         -0.03    0.89   library hold time
                                  0.89   data required time
-----------------------------------------------------------------------------
                                  0.89   data required time
                                 -1.03   data arrival time
-----------------------------------------------------------------------------
                                  0.15   slack (MET)


Startpoint: _7196_ (rising edge-triggered flip-flop clocked by wb_clk_i)
Endpoint: _7196_ (rising edge-triggered flip-flop clocked by wb_clk_i)
Path Group: wb_clk_i
Path Type: min

Fanout     Cap    Slew   Delay    Time   Description
-----------------------------------------------------------------------------
                          0.00    0.00   clock wb_clk_i (rise edge)
                          0.00    0.00   clock source latency
                  0.00    0.00    0.00 ^ wb_clk_i (in)
     2    0.03                           wb_clk_i (net)
                  0.01    0.00    0.00 ^ clkbuf_0_wb_clk_i/A (sky130_fd_sc_hd__clkbuf_16)
                  0.04    0.11    0.11 ^ clkbuf_0_wb_clk_i/X (sky130_fd_sc_hd__clkbuf_16)
     2    0.02                           clknet_0_wb_clk_i (net)
                  0.04    0.00    0.11 ^ clkbuf_1_1_0_wb_clk_i/A (sky130_fd_sc_hd__clkbuf_8)
                  0.03    0.11    0.22 ^ clkbuf_1_1_0_wb_clk_i/X (sky130_fd_sc_hd__clkbuf_8)
     1    0.01                           clknet_1_1_0_wb_clk_i (net)
                  0.03    0.00    0.22 ^ clkbuf_1_1_1_wb_clk_i/A (sky130_fd_sc_hd__clkbuf_8)
                  0.05    0.12    0.34 ^ clkbuf_1_1_1_wb_clk_i/X (sky130_fd_sc_hd__clkbuf_8)
     2    0.02                           clknet_1_1_1_wb_clk_i (net)
                  0.05    0.00    0.34 ^ clkbuf_2_3_0_wb_clk_i/A (sky130_fd_sc_hd__clkbuf_8)
                  0.05    0.12    0.47 ^ clkbuf_2_3_0_wb_clk_i/X (sky130_fd_sc_hd__clkbuf_8)
     2    0.02                           clknet_2_3_0_wb_clk_i (net)
                  0.05    0.00    0.47 ^ clkbuf_3_6_0_wb_clk_i/A (sky130_fd_sc_hd__clkbuf_8)
                  0.08    0.15    0.62 ^ clkbuf_3_6_0_wb_clk_i/X (sky130_fd_sc_hd__clkbuf_8)
    13    0.04                           clknet_3_6_0_wb_clk_i (net)
                  0.08    0.00    0.62 ^ _7196_/CLK (sky130_fd_sc_hd__dfxtp_1)
                  0.07    0.32    0.94 ^ _7196_/Q (sky130_fd_sc_hd__dfxtp_1)
     2    0.01                           net342 (net)
                  0.07    0.00    0.94 ^ _6356_/A0 (sky130_fd_sc_hd__mux2_1)
                  0.04    0.11    1.05 ^ _6356_/X (sky130_fd_sc_hd__mux2_1)
     1    0.00                           _0798_ (net)
                  0.04    0.00    1.05 ^ _7196_/D (sky130_fd_sc_hd__dfxtp_1)
                                  1.05   data arrival time

                          0.00    0.00   clock wb_clk_i (rise edge)
                          0.00    0.00   clock source latency
                  0.00    0.00    0.00 ^ wb_clk_i (in)
     2    0.03                           wb_clk_i (net)
                  0.01    0.00    0.00 ^ clkbuf_0_wb_clk_i/A (sky130_fd_sc_hd__clkbuf_16)
                  0.04    0.12    0.12 ^ clkbuf_0_wb_clk_i/X (sky130_fd_sc_hd__clkbuf_16)
     2    0.02                           clknet_0_wb_clk_i (net)
                  0.04    0.00    0.13 ^ clkbuf_1_1_0_wb_clk_i/A (sky130_fd_sc_hd__clkbuf_8)
                  0.03    0.12    0.24 ^ clkbuf_1_1_0_wb_clk_i/X (sky130_fd_sc_hd__clkbuf_8)
     1    0.01                           clknet_1_1_0_wb_clk_i (net)
                  0.03    0.00    0.24 ^ clkbuf_1_1_1_wb_clk_i/A (sky130_fd_sc_hd__clkbuf_8)
                  0.05    0.13    0.38 ^ clkbuf_1_1_1_wb_clk_i/X (sky130_fd_sc_hd__clkbuf_8)
     2    0.02                           clknet_1_1_1_wb_clk_i (net)
                  0.05    0.00    0.38 ^ clkbuf_2_3_0_wb_clk_i/A (sky130_fd_sc_hd__clkbuf_8)
                  0.05    0.14    0.51 ^ clkbuf_2_3_0_wb_clk_i/X (sky130_fd_sc_hd__clkbuf_8)
     2    0.02                           clknet_2_3_0_wb_clk_i (net)
                  0.05    0.00    0.52 ^ clkbuf_3_6_0_wb_clk_i/A (sky130_fd_sc_hd__clkbuf_8)
                  0.08    0.16    0.68 ^ clkbuf_3_6_0_wb_clk_i/X (sky130_fd_sc_hd__clkbuf_8)
    13    0.04                           clknet_3_6_0_wb_clk_i (net)
                  0.08    0.00    0.68 ^ _7196_/CLK (sky130_fd_sc_hd__dfxtp_1)
                          0.30    0.98   clock uncertainty
                         -0.06    0.92   clock reconvergence pessimism
                         -0.02    0.89   library hold time
                                  0.89   data required time
-----------------------------------------------------------------------------
                                  0.89   data required time
                                 -1.05   data arrival time
-----------------------------------------------------------------------------
                                  0.15   slack (MET)


Startpoint: _6630_ (rising edge-triggered flip-flop clocked by wb_clk_i)
Endpoint: _6630_ (rising edge-triggered flip-flop clocked by wb_clk_i)
Path Group: wb_clk_i
Path Type: min

Fanout     Cap    Slew   Delay    Time   Description
-----------------------------------------------------------------------------
                          0.00    0.00   clock wb_clk_i (rise edge)
                          0.00    0.00   clock source latency
                  0.00    0.00    0.00 ^ wb_clk_i (in)
     2    0.03                           wb_clk_i (net)
                  0.01    0.00    0.00 ^ clkbuf_0_wb_clk_i/A (sky130_fd_sc_hd__clkbuf_16)
                  0.04    0.11    0.11 ^ clkbuf_0_wb_clk_i/X (sky130_fd_sc_hd__clkbuf_16)
     2    0.02                           clknet_0_wb_clk_i (net)
                  0.04    0.00    0.11 ^ clkbuf_1_1_0_wb_clk_i/A (sky130_fd_sc_hd__clkbuf_8)
                  0.03    0.11    0.22 ^ clkbuf_1_1_0_wb_clk_i/X (sky130_fd_sc_hd__clkbuf_8)
     1    0.01                           clknet_1_1_0_wb_clk_i (net)
                  0.03    0.00    0.22 ^ clkbuf_1_1_1_wb_clk_i/A (sky130_fd_sc_hd__clkbuf_8)
                  0.05    0.12    0.34 ^ clkbuf_1_1_1_wb_clk_i/X (sky130_fd_sc_hd__clkbuf_8)
     2    0.02                           clknet_1_1_1_wb_clk_i (net)
                  0.05    0.00    0.34 ^ clkbuf_2_2_0_wb_clk_i/A (sky130_fd_sc_hd__clkbuf_8)
                  0.05    0.12    0.47 ^ clkbuf_2_2_0_wb_clk_i/X (sky130_fd_sc_hd__clkbuf_8)
     2    0.02                           clknet_2_2_0_wb_clk_i (net)
                  0.05    0.00    0.47 ^ clkbuf_3_4_0_wb_clk_i/A (sky130_fd_sc_hd__clkbuf_8)
                  0.11    0.17    0.64 ^ clkbuf_3_4_0_wb_clk_i/X (sky130_fd_sc_hd__clkbuf_8)
    22    0.06                           clknet_3_4_0_wb_clk_i (net)
                  0.11    0.00    0.64 ^ _6630_/CLK (sky130_fd_sc_hd__dfxtp_1)
                  0.06    0.32    0.96 ^ _6630_/Q (sky130_fd_sc_hd__dfxtp_1)
     2    0.01                           net330 (net)
                  0.06    0.00    0.96 ^ _4170_/A0 (sky130_fd_sc_hd__mux2_1)
                  0.04    0.11    1.07 ^ _4170_/X (sky130_fd_sc_hd__mux2_1)
     1    0.00                           _0243_ (net)
                  0.04    0.00    1.07 ^ _6630_/D (sky130_fd_sc_hd__dfxtp_1)
                                  1.07   data arrival time

                          0.00    0.00   clock wb_clk_i (rise edge)
                          0.00    0.00   clock source latency
                  0.00    0.00    0.00 ^ wb_clk_i (in)
     2    0.03                           wb_clk_i (net)
                  0.01    0.00    0.00 ^ clkbuf_0_wb_clk_i/A (sky130_fd_sc_hd__clkbuf_16)
                  0.04    0.12    0.12 ^ clkbuf_0_wb_clk_i/X (sky130_fd_sc_hd__clkbuf_16)
     2    0.02                           clknet_0_wb_clk_i (net)
                  0.04    0.00    0.13 ^ clkbuf_1_1_0_wb_clk_i/A (sky130_fd_sc_hd__clkbuf_8)
                  0.03    0.12    0.24 ^ clkbuf_1_1_0_wb_clk_i/X (sky130_fd_sc_hd__clkbuf_8)
     1    0.01                           clknet_1_1_0_wb_clk_i (net)
                  0.03    0.00    0.24 ^ clkbuf_1_1_1_wb_clk_i/A (sky130_fd_sc_hd__clkbuf_8)
                  0.05    0.13    0.38 ^ clkbuf_1_1_1_wb_clk_i/X (sky130_fd_sc_hd__clkbuf_8)
     2    0.02                           clknet_1_1_1_wb_clk_i (net)
                  0.05    0.00    0.38 ^ clkbuf_2_2_0_wb_clk_i/A (sky130_fd_sc_hd__clkbuf_8)
                  0.05    0.14    0.51 ^ clkbuf_2_2_0_wb_clk_i/X (sky130_fd_sc_hd__clkbuf_8)
     2    0.02                           clknet_2_2_0_wb_clk_i (net)
                  0.05    0.00    0.52 ^ clkbuf_3_4_0_wb_clk_i/A (sky130_fd_sc_hd__clkbuf_8)
                  0.11    0.19    0.70 ^ clkbuf_3_4_0_wb_clk_i/X (sky130_fd_sc_hd__clkbuf_8)
    22    0.06                           clknet_3_4_0_wb_clk_i (net)
                  0.11    0.00    0.71 ^ _6630_/CLK (sky130_fd_sc_hd__dfxtp_1)
                          0.30    1.01   clock uncertainty
                         -0.07    0.94   clock reconvergence pessimism
                         -0.02    0.92   library hold time
                                  0.92   data required time
-----------------------------------------------------------------------------
                                  0.92   data required time
                                 -1.07   data arrival time
-----------------------------------------------------------------------------
                                  0.16   slack (MET)


Startpoint: _6693_ (rising edge-triggered flip-flop clocked by wb_clk_i)
Endpoint: _6698_ (rising edge-triggered flip-flop clocked by wb_clk_i)
Path Group: wb_clk_i
Path Type: min

Fanout     Cap    Slew   Delay    Time   Description
-----------------------------------------------------------------------------
                          0.00    0.00   clock wb_clk_i (rise edge)
                          0.00    0.00   clock source latency
                  0.00    0.00    0.00 ^ wb_clk_i (in)
     2    0.03                           wb_clk_i (net)
                  0.01    0.00    0.00 ^ clkbuf_0_wb_clk_i/A (sky130_fd_sc_hd__clkbuf_16)
                  0.04    0.11    0.11 ^ clkbuf_0_wb_clk_i/X (sky130_fd_sc_hd__clkbuf_16)
     2    0.02                           clknet_0_wb_clk_i (net)
                  0.04    0.00    0.11 ^ clkbuf_1_1_0_wb_clk_i/A (sky130_fd_sc_hd__clkbuf_8)
                  0.03    0.11    0.22 ^ clkbuf_1_1_0_wb_clk_i/X (sky130_fd_sc_hd__clkbuf_8)
     1    0.01                           clknet_1_1_0_wb_clk_i (net)
                  0.03    0.00    0.22 ^ clkbuf_1_1_1_wb_clk_i/A (sky130_fd_sc_hd__clkbuf_8)
                  0.05    0.12    0.34 ^ clkbuf_1_1_1_wb_clk_i/X (sky130_fd_sc_hd__clkbuf_8)
     2    0.02                           clknet_1_1_1_wb_clk_i (net)
                  0.05    0.00    0.34 ^ clkbuf_2_2_0_wb_clk_i/A (sky130_fd_sc_hd__clkbuf_8)
                  0.05    0.12    0.47 ^ clkbuf_2_2_0_wb_clk_i/X (sky130_fd_sc_hd__clkbuf_8)
     2    0.02                           clknet_2_2_0_wb_clk_i (net)
                  0.05    0.00    0.47 ^ clkbuf_3_5_0_wb_clk_i/A (sky130_fd_sc_hd__clkbuf_8)
                  0.08    0.15    0.61 ^ clkbuf_3_5_0_wb_clk_i/X (sky130_fd_sc_hd__clkbuf_8)
    15    0.04                           clknet_3_5_0_wb_clk_i (net)
                  0.08    0.00    0.61 ^ _6693_/CLK (sky130_fd_sc_hd__dfrtp_1)
                  0.09    0.35    0.96 ^ _6693_/Q (sky130_fd_sc_hd__dfrtp_1)
     3    0.01                           wbbd_state[2] (net)
                  0.09    0.00    0.96 ^ _3892_/B1 (sky130_fd_sc_hd__a21o_1)
                  0.03    0.08    1.04 ^ _3892_/X (sky130_fd_sc_hd__a21o_1)
     1    0.00                           _0011_ (net)
                  0.03    0.00    1.04 ^ _6698_/D (sky130_fd_sc_hd__dfrtp_1)
                                  1.04   data arrival time

                          0.00    0.00   clock wb_clk_i (rise edge)
                          0.00    0.00   clock source latency
                  0.00    0.00    0.00 ^ wb_clk_i (in)
     2    0.03                           wb_clk_i (net)
                  0.01    0.00    0.00 ^ clkbuf_0_wb_clk_i/A (sky130_fd_sc_hd__clkbuf_16)
                  0.04    0.12    0.12 ^ clkbuf_0_wb_clk_i/X (sky130_fd_sc_hd__clkbuf_16)
     2    0.02                           clknet_0_wb_clk_i (net)
                  0.04    0.00    0.13 ^ clkbuf_1_1_0_wb_clk_i/A (sky130_fd_sc_hd__clkbuf_8)
                  0.03    0.12    0.24 ^ clkbuf_1_1_0_wb_clk_i/X (sky130_fd_sc_hd__clkbuf_8)
     1    0.01                           clknet_1_1_0_wb_clk_i (net)
                  0.03    0.00    0.24 ^ clkbuf_1_1_1_wb_clk_i/A (sky130_fd_sc_hd__clkbuf_8)
                  0.05    0.13    0.38 ^ clkbuf_1_1_1_wb_clk_i/X (sky130_fd_sc_hd__clkbuf_8)
     2    0.02                           clknet_1_1_1_wb_clk_i (net)
                  0.05    0.00    0.38 ^ clkbuf_2_2_0_wb_clk_i/A (sky130_fd_sc_hd__clkbuf_8)
                  0.05    0.14    0.51 ^ clkbuf_2_2_0_wb_clk_i/X (sky130_fd_sc_hd__clkbuf_8)
     2    0.02                           clknet_2_2_0_wb_clk_i (net)
                  0.05    0.00    0.52 ^ clkbuf_3_5_0_wb_clk_i/A (sky130_fd_sc_hd__clkbuf_8)
                  0.08    0.16    0.68 ^ clkbuf_3_5_0_wb_clk_i/X (sky130_fd_sc_hd__clkbuf_8)
    15    0.04                           clknet_3_5_0_wb_clk_i (net)
                  0.08    0.00    0.68 ^ _6698_/CLK (sky130_fd_sc_hd__dfrtp_1)
                          0.30    0.98   clock uncertainty
                         -0.06    0.91   clock reconvergence pessimism
                         -0.03    0.89   library hold time
                                  0.89   data required time
-----------------------------------------------------------------------------
                                  0.89   data required time
                                 -1.04   data arrival time
-----------------------------------------------------------------------------
                                  0.16   slack (MET)


Startpoint: _6690_ (rising edge-triggered flip-flop clocked by sck)
Endpoint: _6690_ (rising edge-triggered flip-flop clocked by wbbd_sck)
Path Group: wbbd_sck
Path Type: min

Fanout     Cap    Slew   Delay    Time   Description
-----------------------------------------------------------------------------
                          0.00    0.00   clock sck (rise edge)
                          0.00    0.00   clock source latency
                  0.00    0.00    0.00 ^ mgmt_gpio_in[4] (in)
     1    0.02                           mgmt_gpio_in[4] (net)
                  0.00    0.00    0.00 ^ clkbuf_0_mgmt_gpio_in[4]/A (sky130_fd_sc_hd__clkbuf_16)
                  0.03    0.09    0.09 ^ clkbuf_0_mgmt_gpio_in[4]/X (sky130_fd_sc_hd__clkbuf_16)
     2    0.01                           clknet_0_mgmt_gpio_in[4] (net)
                  0.03    0.00    0.09 ^ clkbuf_1_1_0_mgmt_gpio_in[4]/A (sky130_fd_sc_hd__clkbuf_8)
                  0.03    0.10    0.20 ^ clkbuf_1_1_0_mgmt_gpio_in[4]/X (sky130_fd_sc_hd__clkbuf_8)
     2    0.01                           clknet_1_1_0_mgmt_gpio_in[4] (net)
                  0.03    0.00    0.20 ^ clkbuf_2_2_0_mgmt_gpio_in[4]/A (sky130_fd_sc_hd__clkbuf_8)
                  0.06    0.13    0.33 ^ clkbuf_2_2_0_mgmt_gpio_in[4]/X (sky130_fd_sc_hd__clkbuf_8)
    12    0.02                           clknet_2_2_0_mgmt_gpio_in[4] (net)
                  0.06    0.00    0.33 ^ net4299_2/A (sky130_fd_sc_hd__inv_2)
                  0.02    0.03    0.36 v net4299_2/Y (sky130_fd_sc_hd__inv_2)
     1    0.01                           net4311 (net)
                  0.02    0.00    0.36 v _3941_/B (sky130_fd_sc_hd__nor2_2)
                  0.06    0.06    0.42 ^ _3941_/Y (sky130_fd_sc_hd__nor2_2)
     1    0.00                           _1457_ (net)
                  0.06    0.00    0.42 ^ _3942_/B2 (sky130_fd_sc_hd__a22o_2)
                  0.14    0.20    0.62 ^ _3942_/X (sky130_fd_sc_hd__a22o_2)
     1    0.03                           csclk (net)
                  0.14    0.00    0.62 ^ clkbuf_0_csclk/A (sky130_fd_sc_hd__clkbuf_16)
                  0.04    0.15    0.78 ^ clkbuf_0_csclk/X (sky130_fd_sc_hd__clkbuf_16)
     3    0.02                           clknet_0_csclk (net)
                  0.04    0.00    0.78 ^ clkbuf_1_0_0_csclk/A (sky130_fd_sc_hd__clkbuf_8)
                  0.03    0.11    0.88 ^ clkbuf_1_0_0_csclk/X (sky130_fd_sc_hd__clkbuf_8)
     1    0.01                           clknet_1_0_0_csclk (net)
                  0.03    0.00    0.88 ^ clkbuf_1_0_1_csclk/A (sky130_fd_sc_hd__clkbuf_8)
                  0.06    0.12    1.01 ^ clkbuf_1_0_1_csclk/X (sky130_fd_sc_hd__clkbuf_8)
     2    0.02                           clknet_1_0_1_csclk (net)
                  0.06    0.00    1.01 ^ clkbuf_2_0_0_csclk/A (sky130_fd_sc_hd__clkbuf_8)
                  0.05    0.12    1.13 ^ clkbuf_2_0_0_csclk/X (sky130_fd_sc_hd__clkbuf_8)
     2    0.02                           clknet_2_0_0_csclk (net)
                  0.05    0.00    1.13 ^ clkbuf_3_1_0_csclk/A (sky130_fd_sc_hd__clkbuf_8)
                  0.17    0.21    1.34 ^ clkbuf_3_1_0_csclk/X (sky130_fd_sc_hd__clkbuf_8)
     8    0.09                           clknet_3_1_0_csclk (net)
                  0.17    0.00    1.35 ^ clkbuf_leaf_3_csclk/A (sky130_fd_sc_hd__clkbuf_16)
                  0.04    0.16    1.50 ^ clkbuf_leaf_3_csclk/X (sky130_fd_sc_hd__clkbuf_16)
     6    0.02                           clknet_leaf_3_csclk (net)
                  0.04    0.00    1.50 ^ _6690_/CLK (sky130_fd_sc_hd__dfrtp_1)
                  0.06    0.31    1.81 ^ _6690_/Q (sky130_fd_sc_hd__dfrtp_1)
     2    0.00                           gpio_configure[13][12] (net)
                  0.06    0.00    1.81 ^ hold437/A (sky130_fd_sc_hd__dlygate4sd3_1)
                  0.05    0.51    2.32 ^ hold437/X (sky130_fd_sc_hd__dlygate4sd3_1)
     1    0.00                           net4748 (net)
                  0.05    0.00    2.32 ^ _4245_/A0 (sky130_fd_sc_hd__mux2_1)
                  0.04    0.11    2.42 ^ _4245_/X (sky130_fd_sc_hd__mux2_1)
     1    0.00                           _0303_ (net)
                  0.04    0.00    2.42 ^ _6690_/D (sky130_fd_sc_hd__dfrtp_1)
                                  2.42   data arrival time

                          0.00    0.00   clock wbbd_sck (rise edge)
                          0.00    0.00   clock source latency
                  0.00    0.00    0.00 ^ wb_clk_i (in)
     2    0.03                           wb_clk_i (net)
                  0.01    0.00    0.00 ^ clkbuf_0_wb_clk_i/A (sky130_fd_sc_hd__clkbuf_16)
                  0.04    0.12    0.12 ^ clkbuf_0_wb_clk_i/X (sky130_fd_sc_hd__clkbuf_16)
     2    0.02                           clknet_0_wb_clk_i (net)
                  0.04    0.00    0.13 ^ clkbuf_1_1_0_wb_clk_i/A (sky130_fd_sc_hd__clkbuf_8)
                  0.03    0.12    0.24 ^ clkbuf_1_1_0_wb_clk_i/X (sky130_fd_sc_hd__clkbuf_8)
     1    0.01                           clknet_1_1_0_wb_clk_i (net)
                  0.03    0.00    0.24 ^ clkbuf_1_1_1_wb_clk_i/A (sky130_fd_sc_hd__clkbuf_8)
                  0.05    0.13    0.38 ^ clkbuf_1_1_1_wb_clk_i/X (sky130_fd_sc_hd__clkbuf_8)
     2    0.02                           clknet_1_1_1_wb_clk_i (net)
                  0.05    0.00    0.38 ^ clkbuf_2_2_0_wb_clk_i/A (sky130_fd_sc_hd__clkbuf_8)
                  0.05    0.14    0.51 ^ clkbuf_2_2_0_wb_clk_i/X (sky130_fd_sc_hd__clkbuf_8)
     2    0.02                           clknet_2_2_0_wb_clk_i (net)
                  0.05    0.00    0.52 ^ clkbuf_3_4_0_wb_clk_i/A (sky130_fd_sc_hd__clkbuf_8)
                  0.11    0.19    0.70 ^ clkbuf_3_4_0_wb_clk_i/X (sky130_fd_sc_hd__clkbuf_8)
    22    0.06                           clknet_3_4_0_wb_clk_i (net)
                  0.11    0.00    0.70 ^ _7205_/CLK (sky130_fd_sc_hd__dfrtp_2)
                  0.06    0.40    1.10 ^ _7205_/Q (sky130_fd_sc_hd__dfrtp_2)
     1    0.01                           wbbd_sck (net)
                  0.06    0.00    1.11 ^ clkbuf_0_wbbd_sck/A (sky130_fd_sc_hd__clkbuf_16)
                  0.04    0.14    1.24 ^ clkbuf_0_wbbd_sck/X (sky130_fd_sc_hd__clkbuf_16)
     2    0.02                           clknet_0_wbbd_sck (net)
                  0.04    0.00    1.24 ^ clkbuf_1_0__f_wbbd_sck/A (sky130_fd_sc_hd__clkbuf_16)
                  0.03    0.11    1.36 ^ clkbuf_1_0__f_wbbd_sck/X (sky130_fd_sc_hd__clkbuf_16)
     1    0.00                           clknet_1_0__leaf_wbbd_sck (net)
                  0.03    0.00    1.36 ^ _3942_/A2 (sky130_fd_sc_hd__a22o_2)
                  0.14    0.22    1.58 ^ _3942_/X (sky130_fd_sc_hd__a22o_2)
     1    0.03                           csclk (net)
                  0.14    0.00    1.58 ^ clkbuf_0_csclk/A (sky130_fd_sc_hd__clkbuf_16)
                  0.04    0.17    1.75 ^ clkbuf_0_csclk/X (sky130_fd_sc_hd__clkbuf_16)
     3    0.02                           clknet_0_csclk (net)
                  0.04    0.00    1.75 ^ clkbuf_1_0_0_csclk/A (sky130_fd_sc_hd__clkbuf_8)
                  0.03    0.12    1.87 ^ clkbuf_1_0_0_csclk/X (sky130_fd_sc_hd__clkbuf_8)
     1    0.01                           clknet_1_0_0_csclk (net)
                  0.03    0.00    1.87 ^ clkbuf_1_0_1_csclk/A (sky130_fd_sc_hd__clkbuf_8)
                  0.06    0.14    2.01 ^ clkbuf_1_0_1_csclk/X (sky130_fd_sc_hd__clkbuf_8)
     2    0.02                           clknet_1_0_1_csclk (net)
                  0.06    0.00    2.01 ^ clkbuf_2_0_0_csclk/A (sky130_fd_sc_hd__clkbuf_8)
                  0.05    0.14    2.15 ^ clkbuf_2_0_0_csclk/X (sky130_fd_sc_hd__clkbuf_8)
     2    0.02                           clknet_2_0_0_csclk (net)
                  0.05    0.00    2.15 ^ clkbuf_3_1_0_csclk/A (sky130_fd_sc_hd__clkbuf_8)
                  0.17    0.23    2.38 ^ clkbuf_3_1_0_csclk/X (sky130_fd_sc_hd__clkbuf_8)
     8    0.09                           clknet_3_1_0_csclk (net)
                  0.17    0.00    2.38 ^ clkbuf_leaf_3_csclk/A (sky130_fd_sc_hd__clkbuf_16)
                  0.04    0.17    2.56 ^ clkbuf_leaf_3_csclk/X (sky130_fd_sc_hd__clkbuf_16)
     6    0.02                           clknet_leaf_3_csclk (net)
                  0.04    0.00    2.56 ^ _6690_/CLK (sky130_fd_sc_hd__dfrtp_1)
                         -0.16    2.40   clock reconvergence pessimism
                         -0.03    2.36   library hold time
                                  2.36   data required time
-----------------------------------------------------------------------------
                                  2.36   data required time
                                 -2.42   data arrival time
-----------------------------------------------------------------------------
                                  0.06   slack (MET)


Startpoint: _6913_ (rising edge-triggered flip-flop clocked by sck)
Endpoint: _6913_ (rising edge-triggered flip-flop clocked by wbbd_sck)
Path Group: wbbd_sck
Path Type: min

Fanout     Cap    Slew   Delay    Time   Description
-----------------------------------------------------------------------------
                          0.00    0.00   clock sck (rise edge)
                          0.00    0.00   clock source latency
                  0.00    0.00    0.00 ^ mgmt_gpio_in[4] (in)
     1    0.02                           mgmt_gpio_in[4] (net)
                  0.00    0.00    0.00 ^ clkbuf_0_mgmt_gpio_in[4]/A (sky130_fd_sc_hd__clkbuf_16)
                  0.03    0.09    0.09 ^ clkbuf_0_mgmt_gpio_in[4]/X (sky130_fd_sc_hd__clkbuf_16)
     2    0.01                           clknet_0_mgmt_gpio_in[4] (net)
                  0.03    0.00    0.09 ^ clkbuf_1_1_0_mgmt_gpio_in[4]/A (sky130_fd_sc_hd__clkbuf_8)
                  0.03    0.10    0.20 ^ clkbuf_1_1_0_mgmt_gpio_in[4]/X (sky130_fd_sc_hd__clkbuf_8)
     2    0.01                           clknet_1_1_0_mgmt_gpio_in[4] (net)
                  0.03    0.00    0.20 ^ clkbuf_2_2_0_mgmt_gpio_in[4]/A (sky130_fd_sc_hd__clkbuf_8)
                  0.06    0.13    0.33 ^ clkbuf_2_2_0_mgmt_gpio_in[4]/X (sky130_fd_sc_hd__clkbuf_8)
    12    0.02                           clknet_2_2_0_mgmt_gpio_in[4] (net)
                  0.06    0.00    0.33 ^ net4299_2/A (sky130_fd_sc_hd__inv_2)
                  0.02    0.03    0.36 v net4299_2/Y (sky130_fd_sc_hd__inv_2)
     1    0.01                           net4311 (net)
                  0.02    0.00    0.36 v _3941_/B (sky130_fd_sc_hd__nor2_2)
                  0.06    0.06    0.42 ^ _3941_/Y (sky130_fd_sc_hd__nor2_2)
     1    0.00                           _1457_ (net)
                  0.06    0.00    0.42 ^ _3942_/B2 (sky130_fd_sc_hd__a22o_2)
                  0.14    0.20    0.62 ^ _3942_/X (sky130_fd_sc_hd__a22o_2)
     1    0.03                           csclk (net)
                  0.14    0.00    0.62 ^ clkbuf_0_csclk/A (sky130_fd_sc_hd__clkbuf_16)
                  0.04    0.15    0.78 ^ clkbuf_0_csclk/X (sky130_fd_sc_hd__clkbuf_16)
     3    0.02                           clknet_0_csclk (net)
                  0.04    0.00    0.78 ^ clkbuf_1_1_0_csclk/A (sky130_fd_sc_hd__clkbuf_8)
                  0.03    0.11    0.88 ^ clkbuf_1_1_0_csclk/X (sky130_fd_sc_hd__clkbuf_8)
     1    0.01                           clknet_1_1_0_csclk (net)
                  0.03    0.00    0.88 ^ clkbuf_1_1_1_csclk/A (sky130_fd_sc_hd__clkbuf_8)
                  0.06    0.13    1.01 ^ clkbuf_1_1_1_csclk/X (sky130_fd_sc_hd__clkbuf_8)
     2    0.03                           clknet_1_1_1_csclk (net)
                  0.06    0.00    1.01 ^ clkbuf_2_3_0_csclk/A (sky130_fd_sc_hd__clkbuf_8)
                  0.04    0.12    1.14 ^ clkbuf_2_3_0_csclk/X (sky130_fd_sc_hd__clkbuf_8)
     2    0.02                           clknet_2_3_0_csclk (net)
                  0.04    0.00    1.14 ^ clkbuf_3_6_0_csclk/A (sky130_fd_sc_hd__clkbuf_8)
                  0.19    0.22    1.36 ^ clkbuf_3_6_0_csclk/X (sky130_fd_sc_hd__clkbuf_8)
    10    0.11                           clknet_3_6_0_csclk (net)
                  0.19    0.00    1.36 ^ clkbuf_leaf_47_csclk/A (sky130_fd_sc_hd__clkbuf_16)
                  0.04    0.17    1.53 ^ clkbuf_leaf_47_csclk/X (sky130_fd_sc_hd__clkbuf_16)
     7    0.02                           clknet_leaf_47_csclk (net)
                  0.04    0.00    1.53 ^ _6913_/CLK (sky130_fd_sc_hd__dfrtp_1)
                  0.06    0.31    1.84 ^ _6913_/Q (sky130_fd_sc_hd__dfrtp_1)
     2    0.00                           gpio_configure[8][7] (net)
                  0.06    0.00    1.84 ^ hold608/A (sky130_fd_sc_hd__dlygate4sd3_1)
                  0.05    0.50    2.35 ^ hold608/X (sky130_fd_sc_hd__dlygate4sd3_1)
     1    0.00                           net4919 (net)
                  0.05    0.00    2.35 ^ _5330_/A0 (sky130_fd_sc_hd__mux2_1)
                  0.04    0.10    2.45 ^ _5330_/X (sky130_fd_sc_hd__mux2_1)
     1    0.00                           _0516_ (net)
                  0.04    0.00    2.45 ^ _6913_/D (sky130_fd_sc_hd__dfrtp_1)
                                  2.45   data arrival time

                          0.00    0.00   clock wbbd_sck (rise edge)
                          0.00    0.00   clock source latency
                  0.00    0.00    0.00 ^ wb_clk_i (in)
     2    0.03                           wb_clk_i (net)
                  0.01    0.00    0.00 ^ clkbuf_0_wb_clk_i/A (sky130_fd_sc_hd__clkbuf_16)
                  0.04    0.12    0.12 ^ clkbuf_0_wb_clk_i/X (sky130_fd_sc_hd__clkbuf_16)
     2    0.02                           clknet_0_wb_clk_i (net)
                  0.04    0.00    0.13 ^ clkbuf_1_1_0_wb_clk_i/A (sky130_fd_sc_hd__clkbuf_8)
                  0.03    0.12    0.24 ^ clkbuf_1_1_0_wb_clk_i/X (sky130_fd_sc_hd__clkbuf_8)
     1    0.01                           clknet_1_1_0_wb_clk_i (net)
                  0.03    0.00    0.24 ^ clkbuf_1_1_1_wb_clk_i/A (sky130_fd_sc_hd__clkbuf_8)
                  0.05    0.13    0.38 ^ clkbuf_1_1_1_wb_clk_i/X (sky130_fd_sc_hd__clkbuf_8)
     2    0.02                           clknet_1_1_1_wb_clk_i (net)
                  0.05    0.00    0.38 ^ clkbuf_2_2_0_wb_clk_i/A (sky130_fd_sc_hd__clkbuf_8)
                  0.05    0.14    0.51 ^ clkbuf_2_2_0_wb_clk_i/X (sky130_fd_sc_hd__clkbuf_8)
     2    0.02                           clknet_2_2_0_wb_clk_i (net)
                  0.05    0.00    0.52 ^ clkbuf_3_4_0_wb_clk_i/A (sky130_fd_sc_hd__clkbuf_8)
                  0.11    0.19    0.70 ^ clkbuf_3_4_0_wb_clk_i/X (sky130_fd_sc_hd__clkbuf_8)
    22    0.06                           clknet_3_4_0_wb_clk_i (net)
                  0.11    0.00    0.70 ^ _7205_/CLK (sky130_fd_sc_hd__dfrtp_2)
                  0.06    0.40    1.10 ^ _7205_/Q (sky130_fd_sc_hd__dfrtp_2)
     1    0.01                           wbbd_sck (net)
                  0.06    0.00    1.11 ^ clkbuf_0_wbbd_sck/A (sky130_fd_sc_hd__clkbuf_16)
                  0.04    0.14    1.24 ^ clkbuf_0_wbbd_sck/X (sky130_fd_sc_hd__clkbuf_16)
     2    0.02                           clknet_0_wbbd_sck (net)
                  0.04    0.00    1.24 ^ clkbuf_1_0__f_wbbd_sck/A (sky130_fd_sc_hd__clkbuf_16)
                  0.03    0.11    1.36 ^ clkbuf_1_0__f_wbbd_sck/X (sky130_fd_sc_hd__clkbuf_16)
     1    0.00                           clknet_1_0__leaf_wbbd_sck (net)
                  0.03    0.00    1.36 ^ _3942_/A2 (sky130_fd_sc_hd__a22o_2)
                  0.14    0.22    1.58 ^ _3942_/X (sky130_fd_sc_hd__a22o_2)
     1    0.03                           csclk (net)
                  0.14    0.00    1.58 ^ clkbuf_0_csclk/A (sky130_fd_sc_hd__clkbuf_16)
                  0.04    0.17    1.75 ^ clkbuf_0_csclk/X (sky130_fd_sc_hd__clkbuf_16)
     3    0.02                           clknet_0_csclk (net)
                  0.04    0.00    1.75 ^ clkbuf_1_1_0_csclk/A (sky130_fd_sc_hd__clkbuf_8)
                  0.03    0.12    1.87 ^ clkbuf_1_1_0_csclk/X (sky130_fd_sc_hd__clkbuf_8)
     1    0.01                           clknet_1_1_0_csclk (net)
                  0.03    0.00    1.87 ^ clkbuf_1_1_1_csclk/A (sky130_fd_sc_hd__clkbuf_8)
                  0.06    0.14    2.01 ^ clkbuf_1_1_1_csclk/X (sky130_fd_sc_hd__clkbuf_8)
     2    0.03                           clknet_1_1_1_csclk (net)
                  0.06    0.00    2.01 ^ clkbuf_2_3_0_csclk/A (sky130_fd_sc_hd__clkbuf_8)
                  0.04    0.14    2.15 ^ clkbuf_2_3_0_csclk/X (sky130_fd_sc_hd__clkbuf_8)
     2    0.02                           clknet_2_3_0_csclk (net)
                  0.04    0.00    2.15 ^ clkbuf_3_6_0_csclk/A (sky130_fd_sc_hd__clkbuf_8)
                  0.19    0.25    2.40 ^ clkbuf_3_6_0_csclk/X (sky130_fd_sc_hd__clkbuf_8)
    10    0.11                           clknet_3_6_0_csclk (net)
                  0.19    0.00    2.40 ^ clkbuf_leaf_47_csclk/A (sky130_fd_sc_hd__clkbuf_16)
                  0.04    0.18    2.59 ^ clkbuf_leaf_47_csclk/X (sky130_fd_sc_hd__clkbuf_16)
     7    0.02                           clknet_leaf_47_csclk (net)
                  0.04    0.00    2.59 ^ _6913_/CLK (sky130_fd_sc_hd__dfrtp_1)
                         -0.16    2.42   clock reconvergence pessimism
                         -0.03    2.39   library hold time
                                  2.39   data required time
-----------------------------------------------------------------------------
                                  2.39   data required time
                                 -2.45   data arrival time
-----------------------------------------------------------------------------
                                  0.06   slack (MET)


Startpoint: _6506_ (rising edge-triggered flip-flop clocked by sck)
Endpoint: _6506_ (rising edge-triggered flip-flop clocked by wbbd_sck)
Path Group: wbbd_sck
Path Type: min

Fanout     Cap    Slew   Delay    Time   Description
-----------------------------------------------------------------------------
                          0.00    0.00   clock sck (rise edge)
                          0.00    0.00   clock source latency
                  0.00    0.00    0.00 ^ mgmt_gpio_in[4] (in)
     1    0.02                           mgmt_gpio_in[4] (net)
                  0.00    0.00    0.00 ^ clkbuf_0_mgmt_gpio_in[4]/A (sky130_fd_sc_hd__clkbuf_16)
                  0.03    0.09    0.09 ^ clkbuf_0_mgmt_gpio_in[4]/X (sky130_fd_sc_hd__clkbuf_16)
     2    0.01                           clknet_0_mgmt_gpio_in[4] (net)
                  0.03    0.00    0.09 ^ clkbuf_1_1_0_mgmt_gpio_in[4]/A (sky130_fd_sc_hd__clkbuf_8)
                  0.03    0.10    0.20 ^ clkbuf_1_1_0_mgmt_gpio_in[4]/X (sky130_fd_sc_hd__clkbuf_8)
     2    0.01                           clknet_1_1_0_mgmt_gpio_in[4] (net)
                  0.03    0.00    0.20 ^ clkbuf_2_2_0_mgmt_gpio_in[4]/A (sky130_fd_sc_hd__clkbuf_8)
                  0.06    0.13    0.33 ^ clkbuf_2_2_0_mgmt_gpio_in[4]/X (sky130_fd_sc_hd__clkbuf_8)
    12    0.02                           clknet_2_2_0_mgmt_gpio_in[4] (net)
                  0.06    0.00    0.33 ^ net4299_2/A (sky130_fd_sc_hd__inv_2)
                  0.02    0.03    0.36 v net4299_2/Y (sky130_fd_sc_hd__inv_2)
     1    0.01                           net4311 (net)
                  0.02    0.00    0.36 v _3941_/B (sky130_fd_sc_hd__nor2_2)
                  0.06    0.06    0.42 ^ _3941_/Y (sky130_fd_sc_hd__nor2_2)
     1    0.00                           _1457_ (net)
                  0.06    0.00    0.42 ^ _3942_/B2 (sky130_fd_sc_hd__a22o_2)
                  0.14    0.20    0.62 ^ _3942_/X (sky130_fd_sc_hd__a22o_2)
     1    0.03                           csclk (net)
                  0.14    0.00    0.62 ^ clkbuf_0_csclk/A (sky130_fd_sc_hd__clkbuf_16)
                  0.04    0.15    0.78 ^ clkbuf_0_csclk/X (sky130_fd_sc_hd__clkbuf_16)
     3    0.02                           clknet_0_csclk (net)
                  0.04    0.00    0.78 ^ clkbuf_1_0_0_csclk/A (sky130_fd_sc_hd__clkbuf_8)
                  0.03    0.11    0.88 ^ clkbuf_1_0_0_csclk/X (sky130_fd_sc_hd__clkbuf_8)
     1    0.01                           clknet_1_0_0_csclk (net)
                  0.03    0.00    0.88 ^ clkbuf_1_0_1_csclk/A (sky130_fd_sc_hd__clkbuf_8)
                  0.06    0.12    1.01 ^ clkbuf_1_0_1_csclk/X (sky130_fd_sc_hd__clkbuf_8)
     2    0.02                           clknet_1_0_1_csclk (net)
                  0.06    0.00    1.01 ^ clkbuf_2_0_0_csclk/A (sky130_fd_sc_hd__clkbuf_8)
                  0.05    0.12    1.13 ^ clkbuf_2_0_0_csclk/X (sky130_fd_sc_hd__clkbuf_8)
     2    0.02                           clknet_2_0_0_csclk (net)
                  0.05    0.00    1.13 ^ clkbuf_3_0_0_csclk/A (sky130_fd_sc_hd__clkbuf_8)
                  0.23    0.25    1.38 ^ clkbuf_3_0_0_csclk/X (sky130_fd_sc_hd__clkbuf_8)
    12    0.13                           clknet_3_0_0_csclk (net)
                  0.23    0.00    1.39 ^ clkbuf_leaf_0_csclk/A (sky130_fd_sc_hd__clkbuf_16)
                  0.06    0.19    1.58 ^ clkbuf_leaf_0_csclk/X (sky130_fd_sc_hd__clkbuf_16)
    15    0.04                           clknet_leaf_0_csclk (net)
                  0.06    0.00    1.58 ^ _6506_/CLK (sky130_fd_sc_hd__dfrtp_1)
                  0.05    0.31    1.90 ^ _6506_/Q (sky130_fd_sc_hd__dfrtp_1)
     2    0.00                           gpio_configure[23][8] (net)
                  0.05    0.00    1.90 ^ hold551/A (sky130_fd_sc_hd__dlygate4sd3_1)
                  0.05    0.51    2.40 ^ hold551/X (sky130_fd_sc_hd__dlygate4sd3_1)
     1    0.00                           net4862 (net)
                  0.05    0.00    2.40 ^ _4011_/A0 (sky130_fd_sc_hd__mux2_1)
                  0.04    0.11    2.51 ^ _4011_/X (sky130_fd_sc_hd__mux2_1)
     1    0.00                           _0128_ (net)
                  0.04    0.00    2.51 ^ _6506_/D (sky130_fd_sc_hd__dfrtp_1)
                                  2.51   data arrival time

                          0.00    0.00   clock wbbd_sck (rise edge)
                          0.00    0.00   clock source latency
                  0.00    0.00    0.00 ^ wb_clk_i (in)
     2    0.03                           wb_clk_i (net)
                  0.01    0.00    0.00 ^ clkbuf_0_wb_clk_i/A (sky130_fd_sc_hd__clkbuf_16)
                  0.04    0.12    0.12 ^ clkbuf_0_wb_clk_i/X (sky130_fd_sc_hd__clkbuf_16)
     2    0.02                           clknet_0_wb_clk_i (net)
                  0.04    0.00    0.13 ^ clkbuf_1_1_0_wb_clk_i/A (sky130_fd_sc_hd__clkbuf_8)
                  0.03    0.12    0.24 ^ clkbuf_1_1_0_wb_clk_i/X (sky130_fd_sc_hd__clkbuf_8)
     1    0.01                           clknet_1_1_0_wb_clk_i (net)
                  0.03    0.00    0.24 ^ clkbuf_1_1_1_wb_clk_i/A (sky130_fd_sc_hd__clkbuf_8)
                  0.05    0.13    0.38 ^ clkbuf_1_1_1_wb_clk_i/X (sky130_fd_sc_hd__clkbuf_8)
     2    0.02                           clknet_1_1_1_wb_clk_i (net)
                  0.05    0.00    0.38 ^ clkbuf_2_2_0_wb_clk_i/A (sky130_fd_sc_hd__clkbuf_8)
                  0.05    0.14    0.51 ^ clkbuf_2_2_0_wb_clk_i/X (sky130_fd_sc_hd__clkbuf_8)
     2    0.02                           clknet_2_2_0_wb_clk_i (net)
                  0.05    0.00    0.52 ^ clkbuf_3_4_0_wb_clk_i/A (sky130_fd_sc_hd__clkbuf_8)
                  0.11    0.19    0.70 ^ clkbuf_3_4_0_wb_clk_i/X (sky130_fd_sc_hd__clkbuf_8)
    22    0.06                           clknet_3_4_0_wb_clk_i (net)
                  0.11    0.00    0.70 ^ _7205_/CLK (sky130_fd_sc_hd__dfrtp_2)
                  0.06    0.40    1.10 ^ _7205_/Q (sky130_fd_sc_hd__dfrtp_2)
     1    0.01                           wbbd_sck (net)
                  0.06    0.00    1.11 ^ clkbuf_0_wbbd_sck/A (sky130_fd_sc_hd__clkbuf_16)
                  0.04    0.14    1.24 ^ clkbuf_0_wbbd_sck/X (sky130_fd_sc_hd__clkbuf_16)
     2    0.02                           clknet_0_wbbd_sck (net)
                  0.04    0.00    1.24 ^ clkbuf_1_0__f_wbbd_sck/A (sky130_fd_sc_hd__clkbuf_16)
                  0.03    0.11    1.36 ^ clkbuf_1_0__f_wbbd_sck/X (sky130_fd_sc_hd__clkbuf_16)
     1    0.00                           clknet_1_0__leaf_wbbd_sck (net)
                  0.03    0.00    1.36 ^ _3942_/A2 (sky130_fd_sc_hd__a22o_2)
                  0.14    0.22    1.58 ^ _3942_/X (sky130_fd_sc_hd__a22o_2)
     1    0.03                           csclk (net)
                  0.14    0.00    1.58 ^ clkbuf_0_csclk/A (sky130_fd_sc_hd__clkbuf_16)
                  0.04    0.17    1.75 ^ clkbuf_0_csclk/X (sky130_fd_sc_hd__clkbuf_16)
     3    0.02                           clknet_0_csclk (net)
                  0.04    0.00    1.75 ^ clkbuf_1_0_0_csclk/A (sky130_fd_sc_hd__clkbuf_8)
                  0.03    0.12    1.87 ^ clkbuf_1_0_0_csclk/X (sky130_fd_sc_hd__clkbuf_8)
     1    0.01                           clknet_1_0_0_csclk (net)
                  0.03    0.00    1.87 ^ clkbuf_1_0_1_csclk/A (sky130_fd_sc_hd__clkbuf_8)
                  0.06    0.14    2.01 ^ clkbuf_1_0_1_csclk/X (sky130_fd_sc_hd__clkbuf_8)
     2    0.02                           clknet_1_0_1_csclk (net)
                  0.06    0.00    2.01 ^ clkbuf_2_0_0_csclk/A (sky130_fd_sc_hd__clkbuf_8)
                  0.05    0.14    2.15 ^ clkbuf_2_0_0_csclk/X (sky130_fd_sc_hd__clkbuf_8)
     2    0.02                           clknet_2_0_0_csclk (net)
                  0.05    0.00    2.15 ^ clkbuf_3_0_0_csclk/A (sky130_fd_sc_hd__clkbuf_8)
                  0.23    0.28    2.43 ^ clkbuf_3_0_0_csclk/X (sky130_fd_sc_hd__clkbuf_8)
    12    0.13                           clknet_3_0_0_csclk (net)
                  0.23    0.01    2.43 ^ clkbuf_leaf_0_csclk/A (sky130_fd_sc_hd__clkbuf_16)
                  0.06    0.21    2.65 ^ clkbuf_leaf_0_csclk/X (sky130_fd_sc_hd__clkbuf_16)
    15    0.04                           clknet_leaf_0_csclk (net)
                  0.06    0.00    2.65 ^ _6506_/CLK (sky130_fd_sc_hd__dfrtp_1)
                         -0.17    2.48   clock reconvergence pessimism
                         -0.03    2.45   library hold time
                                  2.45   data required time
-----------------------------------------------------------------------------
                                  2.45   data required time
                                 -2.51   data arrival time
-----------------------------------------------------------------------------
                                  0.06   slack (MET)


Startpoint: _6602_ (rising edge-triggered flip-flop clocked by sck)
Endpoint: _6602_ (rising edge-triggered flip-flop clocked by wbbd_sck)
Path Group: wbbd_sck
Path Type: min

Fanout     Cap    Slew   Delay    Time   Description
-----------------------------------------------------------------------------
                          0.00    0.00   clock sck (rise edge)
                          0.00    0.00   clock source latency
                  0.00    0.00    0.00 ^ mgmt_gpio_in[4] (in)
     1    0.02                           mgmt_gpio_in[4] (net)
                  0.00    0.00    0.00 ^ clkbuf_0_mgmt_gpio_in[4]/A (sky130_fd_sc_hd__clkbuf_16)
                  0.03    0.09    0.09 ^ clkbuf_0_mgmt_gpio_in[4]/X (sky130_fd_sc_hd__clkbuf_16)
     2    0.01                           clknet_0_mgmt_gpio_in[4] (net)
                  0.03    0.00    0.09 ^ clkbuf_1_1_0_mgmt_gpio_in[4]/A (sky130_fd_sc_hd__clkbuf_8)
                  0.03    0.10    0.20 ^ clkbuf_1_1_0_mgmt_gpio_in[4]/X (sky130_fd_sc_hd__clkbuf_8)
     2    0.01                           clknet_1_1_0_mgmt_gpio_in[4] (net)
                  0.03    0.00    0.20 ^ clkbuf_2_2_0_mgmt_gpio_in[4]/A (sky130_fd_sc_hd__clkbuf_8)
                  0.06    0.13    0.33 ^ clkbuf_2_2_0_mgmt_gpio_in[4]/X (sky130_fd_sc_hd__clkbuf_8)
    12    0.02                           clknet_2_2_0_mgmt_gpio_in[4] (net)
                  0.06    0.00    0.33 ^ net4299_2/A (sky130_fd_sc_hd__inv_2)
                  0.02    0.03    0.36 v net4299_2/Y (sky130_fd_sc_hd__inv_2)
     1    0.01                           net4311 (net)
                  0.02    0.00    0.36 v _3941_/B (sky130_fd_sc_hd__nor2_2)
                  0.06    0.06    0.42 ^ _3941_/Y (sky130_fd_sc_hd__nor2_2)
     1    0.00                           _1457_ (net)
                  0.06    0.00    0.42 ^ _3942_/B2 (sky130_fd_sc_hd__a22o_2)
                  0.14    0.20    0.62 ^ _3942_/X (sky130_fd_sc_hd__a22o_2)
     1    0.03                           csclk (net)
                  0.14    0.00    0.62 ^ clkbuf_0_csclk/A (sky130_fd_sc_hd__clkbuf_16)
                  0.04    0.15    0.78 ^ clkbuf_0_csclk/X (sky130_fd_sc_hd__clkbuf_16)
     3    0.02                           clknet_0_csclk (net)
                  0.04    0.00    0.78 ^ clkbuf_1_0_0_csclk/A (sky130_fd_sc_hd__clkbuf_8)
                  0.03    0.11    0.88 ^ clkbuf_1_0_0_csclk/X (sky130_fd_sc_hd__clkbuf_8)
     1    0.01                           clknet_1_0_0_csclk (net)
                  0.03    0.00    0.88 ^ clkbuf_1_0_1_csclk/A (sky130_fd_sc_hd__clkbuf_8)
                  0.06    0.12    1.01 ^ clkbuf_1_0_1_csclk/X (sky130_fd_sc_hd__clkbuf_8)
     2    0.02                           clknet_1_0_1_csclk (net)
                  0.06    0.00    1.01 ^ clkbuf_2_0_0_csclk/A (sky130_fd_sc_hd__clkbuf_8)
                  0.05    0.12    1.13 ^ clkbuf_2_0_0_csclk/X (sky130_fd_sc_hd__clkbuf_8)
     2    0.02                           clknet_2_0_0_csclk (net)
                  0.05    0.00    1.13 ^ clkbuf_3_1_0_csclk/A (sky130_fd_sc_hd__clkbuf_8)
                  0.17    0.21    1.34 ^ clkbuf_3_1_0_csclk/X (sky130_fd_sc_hd__clkbuf_8)
     8    0.09                           clknet_3_1_0_csclk (net)
                  0.17    0.01    1.35 ^ clkbuf_leaf_5_csclk/A (sky130_fd_sc_hd__clkbuf_16)
                  0.06    0.18    1.52 ^ clkbuf_leaf_5_csclk/X (sky130_fd_sc_hd__clkbuf_16)
    15    0.04                           clknet_leaf_5_csclk (net)
                  0.06    0.00    1.52 ^ _6602_/CLK (sky130_fd_sc_hd__dfrtp_1)
                  0.06    0.32    1.84 ^ _6602_/Q (sky130_fd_sc_hd__dfrtp_1)
     2    0.00                           gpio_configure[1][9] (net)
                  0.06    0.00    1.84 ^ hold478/A (sky130_fd_sc_hd__dlygate4sd3_1)
                  0.05    0.51    2.35 ^ hold478/X (sky130_fd_sc_hd__dlygate4sd3_1)
     1    0.00                           net4789 (net)
                  0.05    0.00    2.35 ^ _4137_/A0 (sky130_fd_sc_hd__mux2_1)
                  0.04    0.11    2.45 ^ _4137_/X (sky130_fd_sc_hd__mux2_1)
     1    0.00                           _0215_ (net)
                  0.04    0.00    2.45 ^ _6602_/D (sky130_fd_sc_hd__dfrtp_1)
                                  2.45   data arrival time

                          0.00    0.00   clock wbbd_sck (rise edge)
                          0.00    0.00   clock source latency
                  0.00    0.00    0.00 ^ wb_clk_i (in)
     2    0.03                           wb_clk_i (net)
                  0.01    0.00    0.00 ^ clkbuf_0_wb_clk_i/A (sky130_fd_sc_hd__clkbuf_16)
                  0.04    0.12    0.12 ^ clkbuf_0_wb_clk_i/X (sky130_fd_sc_hd__clkbuf_16)
     2    0.02                           clknet_0_wb_clk_i (net)
                  0.04    0.00    0.13 ^ clkbuf_1_1_0_wb_clk_i/A (sky130_fd_sc_hd__clkbuf_8)
                  0.03    0.12    0.24 ^ clkbuf_1_1_0_wb_clk_i/X (sky130_fd_sc_hd__clkbuf_8)
     1    0.01                           clknet_1_1_0_wb_clk_i (net)
                  0.03    0.00    0.24 ^ clkbuf_1_1_1_wb_clk_i/A (sky130_fd_sc_hd__clkbuf_8)
                  0.05    0.13    0.38 ^ clkbuf_1_1_1_wb_clk_i/X (sky130_fd_sc_hd__clkbuf_8)
     2    0.02                           clknet_1_1_1_wb_clk_i (net)
                  0.05    0.00    0.38 ^ clkbuf_2_2_0_wb_clk_i/A (sky130_fd_sc_hd__clkbuf_8)
                  0.05    0.14    0.51 ^ clkbuf_2_2_0_wb_clk_i/X (sky130_fd_sc_hd__clkbuf_8)
     2    0.02                           clknet_2_2_0_wb_clk_i (net)
                  0.05    0.00    0.52 ^ clkbuf_3_4_0_wb_clk_i/A (sky130_fd_sc_hd__clkbuf_8)
                  0.11    0.19    0.70 ^ clkbuf_3_4_0_wb_clk_i/X (sky130_fd_sc_hd__clkbuf_8)
    22    0.06                           clknet_3_4_0_wb_clk_i (net)
                  0.11    0.00    0.70 ^ _7205_/CLK (sky130_fd_sc_hd__dfrtp_2)
                  0.06    0.40    1.10 ^ _7205_/Q (sky130_fd_sc_hd__dfrtp_2)
     1    0.01                           wbbd_sck (net)
                  0.06    0.00    1.11 ^ clkbuf_0_wbbd_sck/A (sky130_fd_sc_hd__clkbuf_16)
                  0.04    0.14    1.24 ^ clkbuf_0_wbbd_sck/X (sky130_fd_sc_hd__clkbuf_16)
     2    0.02                           clknet_0_wbbd_sck (net)
                  0.04    0.00    1.24 ^ clkbuf_1_0__f_wbbd_sck/A (sky130_fd_sc_hd__clkbuf_16)
                  0.03    0.11    1.36 ^ clkbuf_1_0__f_wbbd_sck/X (sky130_fd_sc_hd__clkbuf_16)
     1    0.00                           clknet_1_0__leaf_wbbd_sck (net)
                  0.03    0.00    1.36 ^ _3942_/A2 (sky130_fd_sc_hd__a22o_2)
                  0.14    0.22    1.58 ^ _3942_/X (sky130_fd_sc_hd__a22o_2)
     1    0.03                           csclk (net)
                  0.14    0.00    1.58 ^ clkbuf_0_csclk/A (sky130_fd_sc_hd__clkbuf_16)
                  0.04    0.17    1.75 ^ clkbuf_0_csclk/X (sky130_fd_sc_hd__clkbuf_16)
     3    0.02                           clknet_0_csclk (net)
                  0.04    0.00    1.75 ^ clkbuf_1_0_0_csclk/A (sky130_fd_sc_hd__clkbuf_8)
                  0.03    0.12    1.87 ^ clkbuf_1_0_0_csclk/X (sky130_fd_sc_hd__clkbuf_8)
     1    0.01                           clknet_1_0_0_csclk (net)
                  0.03    0.00    1.87 ^ clkbuf_1_0_1_csclk/A (sky130_fd_sc_hd__clkbuf_8)
                  0.06    0.14    2.01 ^ clkbuf_1_0_1_csclk/X (sky130_fd_sc_hd__clkbuf_8)
     2    0.02                           clknet_1_0_1_csclk (net)
                  0.06    0.00    2.01 ^ clkbuf_2_0_0_csclk/A (sky130_fd_sc_hd__clkbuf_8)
                  0.05    0.14    2.15 ^ clkbuf_2_0_0_csclk/X (sky130_fd_sc_hd__clkbuf_8)
     2    0.02                           clknet_2_0_0_csclk (net)
                  0.05    0.00    2.15 ^ clkbuf_3_1_0_csclk/A (sky130_fd_sc_hd__clkbuf_8)
                  0.17    0.23    2.38 ^ clkbuf_3_1_0_csclk/X (sky130_fd_sc_hd__clkbuf_8)
     8    0.09                           clknet_3_1_0_csclk (net)
                  0.17    0.01    2.38 ^ clkbuf_leaf_5_csclk/A (sky130_fd_sc_hd__clkbuf_16)
                  0.06    0.19    2.58 ^ clkbuf_leaf_5_csclk/X (sky130_fd_sc_hd__clkbuf_16)
    15    0.04                           clknet_leaf_5_csclk (net)
                  0.06    0.00    2.58 ^ _6602_/CLK (sky130_fd_sc_hd__dfrtp_1)
                         -0.16    2.42   clock reconvergence pessimism
                         -0.03    2.39   library hold time
                                  2.39   data required time
-----------------------------------------------------------------------------
                                  2.39   data required time
                                 -2.45   data arrival time
-----------------------------------------------------------------------------
                                  0.07   slack (MET)


Startpoint: _7081_ (rising edge-triggered flip-flop clocked by sck)
Endpoint: _7081_ (rising edge-triggered flip-flop clocked by wbbd_sck)
Path Group: wbbd_sck
Path Type: min

Fanout     Cap    Slew   Delay    Time   Description
-----------------------------------------------------------------------------
                          0.00    0.00   clock sck (rise edge)
                          0.00    0.00   clock source latency
                  0.00    0.00    0.00 ^ mgmt_gpio_in[4] (in)
     1    0.02                           mgmt_gpio_in[4] (net)
                  0.00    0.00    0.00 ^ clkbuf_0_mgmt_gpio_in[4]/A (sky130_fd_sc_hd__clkbuf_16)
                  0.03    0.09    0.09 ^ clkbuf_0_mgmt_gpio_in[4]/X (sky130_fd_sc_hd__clkbuf_16)
     2    0.01                           clknet_0_mgmt_gpio_in[4] (net)
                  0.03    0.00    0.09 ^ clkbuf_1_1_0_mgmt_gpio_in[4]/A (sky130_fd_sc_hd__clkbuf_8)
                  0.03    0.10    0.20 ^ clkbuf_1_1_0_mgmt_gpio_in[4]/X (sky130_fd_sc_hd__clkbuf_8)
     2    0.01                           clknet_1_1_0_mgmt_gpio_in[4] (net)
                  0.03    0.00    0.20 ^ clkbuf_2_2_0_mgmt_gpio_in[4]/A (sky130_fd_sc_hd__clkbuf_8)
                  0.06    0.13    0.33 ^ clkbuf_2_2_0_mgmt_gpio_in[4]/X (sky130_fd_sc_hd__clkbuf_8)
    12    0.02                           clknet_2_2_0_mgmt_gpio_in[4] (net)
                  0.06    0.00    0.33 ^ net4299_2/A (sky130_fd_sc_hd__inv_2)
                  0.02    0.03    0.36 v net4299_2/Y (sky130_fd_sc_hd__inv_2)
     1    0.01                           net4311 (net)
                  0.02    0.00    0.36 v _3941_/B (sky130_fd_sc_hd__nor2_2)
                  0.06    0.06    0.42 ^ _3941_/Y (sky130_fd_sc_hd__nor2_2)
     1    0.00                           _1457_ (net)
                  0.06    0.00    0.42 ^ _3942_/B2 (sky130_fd_sc_hd__a22o_2)
                  0.14    0.20    0.62 ^ _3942_/X (sky130_fd_sc_hd__a22o_2)
     1    0.03                           csclk (net)
                  0.14    0.00    0.62 ^ clkbuf_0_csclk/A (sky130_fd_sc_hd__clkbuf_16)
                  0.04    0.15    0.78 ^ clkbuf_0_csclk/X (sky130_fd_sc_hd__clkbuf_16)
     3    0.02                           clknet_0_csclk (net)
                  0.04    0.00    0.78 ^ clkbuf_1_0_0_csclk/A (sky130_fd_sc_hd__clkbuf_8)
                  0.03    0.11    0.88 ^ clkbuf_1_0_0_csclk/X (sky130_fd_sc_hd__clkbuf_8)
     1    0.01                           clknet_1_0_0_csclk (net)
                  0.03    0.00    0.88 ^ clkbuf_1_0_1_csclk/A (sky130_fd_sc_hd__clkbuf_8)
                  0.06    0.12    1.01 ^ clkbuf_1_0_1_csclk/X (sky130_fd_sc_hd__clkbuf_8)
     2    0.02                           clknet_1_0_1_csclk (net)
                  0.06    0.00    1.01 ^ clkbuf_2_1_0_csclk/A (sky130_fd_sc_hd__clkbuf_8)
                  0.05    0.12    1.13 ^ clkbuf_2_1_0_csclk/X (sky130_fd_sc_hd__clkbuf_8)
     2    0.02                           clknet_2_1_0_csclk (net)
                  0.05    0.00    1.13 ^ clkbuf_3_2_0_csclk/A (sky130_fd_sc_hd__clkbuf_8)
                  0.21    0.24    1.37 ^ clkbuf_3_2_0_csclk/X (sky130_fd_sc_hd__clkbuf_8)
    11    0.12                           clknet_3_2_0_csclk (net)
                  0.21    0.01    1.38 ^ clkbuf_leaf_62_csclk/A (sky130_fd_sc_hd__clkbuf_16)
                  0.04    0.17    1.54 ^ clkbuf_leaf_62_csclk/X (sky130_fd_sc_hd__clkbuf_16)
     5    0.01                           clknet_leaf_62_csclk (net)
                  0.04    0.00    1.54 ^ _7081_/CLK (sky130_fd_sc_hd__dfrtp_1)
                  0.06    0.31    1.85 ^ _7081_/Q (sky130_fd_sc_hd__dfrtp_1)
     2    0.00                           gpio_configure[29][7] (net)
                  0.06    0.00    1.85 ^ hold584/A (sky130_fd_sc_hd__dlygate4sd3_1)
                  0.05    0.51    2.36 ^ hold584/X (sky130_fd_sc_hd__dlygate4sd3_1)
     1    0.00                           net4895 (net)
                  0.05    0.00    2.36 ^ _5519_/A1 (sky130_fd_sc_hd__mux2_1)
                  0.04    0.11    2.47 ^ _5519_/X (sky130_fd_sc_hd__mux2_1)
     1    0.00                           _0684_ (net)
                  0.04    0.00    2.47 ^ _7081_/D (sky130_fd_sc_hd__dfrtp_1)
                                  2.47   data arrival time

                          0.00    0.00   clock wbbd_sck (rise edge)
                          0.00    0.00   clock source latency
                  0.00    0.00    0.00 ^ wb_clk_i (in)
     2    0.03                           wb_clk_i (net)
                  0.01    0.00    0.00 ^ clkbuf_0_wb_clk_i/A (sky130_fd_sc_hd__clkbuf_16)
                  0.04    0.12    0.12 ^ clkbuf_0_wb_clk_i/X (sky130_fd_sc_hd__clkbuf_16)
     2    0.02                           clknet_0_wb_clk_i (net)
                  0.04    0.00    0.13 ^ clkbuf_1_1_0_wb_clk_i/A (sky130_fd_sc_hd__clkbuf_8)
                  0.03    0.12    0.24 ^ clkbuf_1_1_0_wb_clk_i/X (sky130_fd_sc_hd__clkbuf_8)
     1    0.01                           clknet_1_1_0_wb_clk_i (net)
                  0.03    0.00    0.24 ^ clkbuf_1_1_1_wb_clk_i/A (sky130_fd_sc_hd__clkbuf_8)
                  0.05    0.13    0.38 ^ clkbuf_1_1_1_wb_clk_i/X (sky130_fd_sc_hd__clkbuf_8)
     2    0.02                           clknet_1_1_1_wb_clk_i (net)
                  0.05    0.00    0.38 ^ clkbuf_2_2_0_wb_clk_i/A (sky130_fd_sc_hd__clkbuf_8)
                  0.05    0.14    0.51 ^ clkbuf_2_2_0_wb_clk_i/X (sky130_fd_sc_hd__clkbuf_8)
     2    0.02                           clknet_2_2_0_wb_clk_i (net)
                  0.05    0.00    0.52 ^ clkbuf_3_4_0_wb_clk_i/A (sky130_fd_sc_hd__clkbuf_8)
                  0.11    0.19    0.70 ^ clkbuf_3_4_0_wb_clk_i/X (sky130_fd_sc_hd__clkbuf_8)
    22    0.06                           clknet_3_4_0_wb_clk_i (net)
                  0.11    0.00    0.70 ^ _7205_/CLK (sky130_fd_sc_hd__dfrtp_2)
                  0.06    0.40    1.10 ^ _7205_/Q (sky130_fd_sc_hd__dfrtp_2)
     1    0.01                           wbbd_sck (net)
                  0.06    0.00    1.11 ^ clkbuf_0_wbbd_sck/A (sky130_fd_sc_hd__clkbuf_16)
                  0.04    0.14    1.24 ^ clkbuf_0_wbbd_sck/X (sky130_fd_sc_hd__clkbuf_16)
     2    0.02                           clknet_0_wbbd_sck (net)
                  0.04    0.00    1.24 ^ clkbuf_1_0__f_wbbd_sck/A (sky130_fd_sc_hd__clkbuf_16)
                  0.03    0.11    1.36 ^ clkbuf_1_0__f_wbbd_sck/X (sky130_fd_sc_hd__clkbuf_16)
     1    0.00                           clknet_1_0__leaf_wbbd_sck (net)
                  0.03    0.00    1.36 ^ _3942_/A2 (sky130_fd_sc_hd__a22o_2)
                  0.14    0.22    1.58 ^ _3942_/X (sky130_fd_sc_hd__a22o_2)
     1    0.03                           csclk (net)
                  0.14    0.00    1.58 ^ clkbuf_0_csclk/A (sky130_fd_sc_hd__clkbuf_16)
                  0.04    0.17    1.75 ^ clkbuf_0_csclk/X (sky130_fd_sc_hd__clkbuf_16)
     3    0.02                           clknet_0_csclk (net)
                  0.04    0.00    1.75 ^ clkbuf_1_0_0_csclk/A (sky130_fd_sc_hd__clkbuf_8)
                  0.03    0.12    1.87 ^ clkbuf_1_0_0_csclk/X (sky130_fd_sc_hd__clkbuf_8)
     1    0.01                           clknet_1_0_0_csclk (net)
                  0.03    0.00    1.87 ^ clkbuf_1_0_1_csclk/A (sky130_fd_sc_hd__clkbuf_8)
                  0.06    0.14    2.01 ^ clkbuf_1_0_1_csclk/X (sky130_fd_sc_hd__clkbuf_8)
     2    0.02                           clknet_1_0_1_csclk (net)
                  0.06    0.00    2.01 ^ clkbuf_2_1_0_csclk/A (sky130_fd_sc_hd__clkbuf_8)
                  0.05    0.14    2.14 ^ clkbuf_2_1_0_csclk/X (sky130_fd_sc_hd__clkbuf_8)
     2    0.02                           clknet_2_1_0_csclk (net)
                  0.05    0.00    2.15 ^ clkbuf_3_2_0_csclk/A (sky130_fd_sc_hd__clkbuf_8)
                  0.21    0.26    2.41 ^ clkbuf_3_2_0_csclk/X (sky130_fd_sc_hd__clkbuf_8)
    11    0.12                           clknet_3_2_0_csclk (net)
                  0.21    0.01    2.42 ^ clkbuf_leaf_62_csclk/A (sky130_fd_sc_hd__clkbuf_16)
                  0.04    0.18    2.60 ^ clkbuf_leaf_62_csclk/X (sky130_fd_sc_hd__clkbuf_16)
     5    0.01                           clknet_leaf_62_csclk (net)
                  0.04    0.00    2.60 ^ _7081_/CLK (sky130_fd_sc_hd__dfrtp_1)
                         -0.16    2.44   clock reconvergence pessimism
                         -0.03    2.40   library hold time
                                  2.40   data required time
-----------------------------------------------------------------------------
                                  2.40   data required time
                                 -2.47   data arrival time
-----------------------------------------------------------------------------
                                  0.07   slack (MET)


