
Magic 8.3 revision 324 - Compiled on Thu Sep 15 11:38:02 UTC 2022.
Starting magic under Tcl interpreter
Using the terminal as the console.
Using NULL graphics device.
Processing system .magicrc file
Sourcing design .magicrc for technology sky130A ...
2 Magic internal units = 1 Lambda
Input style sky130(vendor): scaleFactor=2, multiplier=2
The following types are not handled by extraction and will be treated as non-electrical types:
    ubm 
Scaled tech values by 2 / 1 to match internal grid scaling
Loading sky130A Device Generator Menu ...
Using technology "sky130A", version 1.0.341-2-gde752ec
Reading LEF data from file /home/hosni/OL_LATEST/OpenLane/pdks/sky130A/libs.ref/sky130_fd_sc_hd/techlef/sky130_fd_sc_hd__nom.tlef.
This action cannot be undone.
LEF read, Line 78 (Message): Unknown keyword "ANTENNAMODEL" in LEF file; ignoring.
LEF read, Line 79 (Message): Unknown keyword "ANTENNADIFFSIDEAREARATIO" in LEF file; ignoring.
LEF read, Line 112 (Message): Unknown keyword "MINENCLOSEDAREA" in LEF file; ignoring.
LEF read, Line 114 (Message): Unknown keyword "ANTENNAMODEL" in LEF file; ignoring.
LEF read, Line 115 (Message): Unknown keyword "ANTENNADIFFSIDEAREARATIO" in LEF file; ignoring.
LEF read, Line 121 (Message): Unknown keyword "MAXIMUMDENSITY" in LEF file; ignoring.
LEF read, Line 122 (Message): Unknown keyword "DENSITYCHECKWINDOW" in LEF file; ignoring.
LEF read, Line 123 (Message): Unknown keyword "DENSITYCHECKSTEP" in LEF file; ignoring.
LEF read, Line 156 (Message): Unknown keyword "MINENCLOSEDAREA" in LEF file; ignoring.
LEF read, Line 164 (Message): Unknown keyword "ANTENNAMODEL" in LEF file; ignoring.
LEF read, Line 165 (Message): Unknown keyword "ANTENNADIFFSIDEAREARATIO" in LEF file; ignoring.
LEF read, Line 167 (Message): Unknown keyword "MAXIMUMDENSITY" in LEF file; ignoring.
LEF read, Line 168 (Message): Unknown keyword "DENSITYCHECKWINDOW" in LEF file; ignoring.
LEF read, Line 169 (Message): Unknown keyword "DENSITYCHECKSTEP" in LEF file; ignoring.
LEF read, Line 206 (Message): Unknown keyword "ANTENNAMODEL" in LEF file; ignoring.
LEF read, Line 207 (Message): Unknown keyword "ANTENNADIFFSIDEAREARATIO" in LEF file; ignoring.
LEF read, Line 209 (Message): Unknown keyword "MAXIMUMDENSITY" in LEF file; ignoring.
LEF read, Line 210 (Message): Unknown keyword "DENSITYCHECKWINDOW" in LEF file; ignoring.
LEF read, Line 211 (Message): Unknown keyword "DENSITYCHECKSTEP" in LEF file; ignoring.
LEF read, Line 248 (Message): Unknown keyword "ANTENNAMODEL" in LEF file; ignoring.
LEF read, Line 249 (Message): Unknown keyword "ANTENNADIFFSIDEAREARATIO" in LEF file; ignoring.
LEF read, Line 251 (Message): Unknown keyword "MAXIMUMDENSITY" in LEF file; ignoring.
LEF read, Line 252 (Message): Unknown keyword "DENSITYCHECKWINDOW" in LEF file; ignoring.
LEF read, Line 253 (Message): Unknown keyword "DENSITYCHECKSTEP" in LEF file; ignoring.
LEF read, Line 290 (Message): Unknown keyword "ANTENNAMODEL" in LEF file; ignoring.
LEF read, Line 291 (Message): Unknown keyword "ANTENNADIFFSIDEAREARATIO" in LEF file; ignoring.
LEF read: Processed 797 lines.
Reading DEF data from file /home/hosni/My_forks/FINAL/caravel/openlane/housekeeping/runs/22_10_14_05_55/results/routing/housekeeping.def.
This action cannot be undone.
  Processed 4 vias total.
  Processed 24652 subcell instances total.
  Processed 354 pins total.
  Processed 2 special nets total.
  Processed 6467 nets total.
DEF read: Processed 183614 lines.
Moving label "_0004_" from metal2 to via2 in cell housekeeping.
Moving label "_0035_" from metal3 to via2 in cell housekeeping.
Moving label "_0086_" from metal2 to via2 in cell housekeeping.
Moving label "_0102_" from metal2 to via2 in cell housekeeping.
Moving label "_0108_" from metal2 to via2 in cell housekeeping.
Moving label "_0146_" from metal2 to via2 in cell housekeeping.
Moving label "_0165_" from metal2 to via2 in cell housekeeping.
Moving label "_0346_" from metal3 to via2 in cell housekeeping.
Moving label "_0347_" from metal2 to via2 in cell housekeeping.
Moving label "_0397_" from metal2 to via2 in cell housekeeping.
Moving label "_0436_" from metal2 to via1 in cell housekeeping.
Moving label "_0450_" from metal2 to via2 in cell housekeeping.
Moving label "_0641_" from metal2 to via2 in cell housekeeping.
Moving label "_0763_" from metal2 to via2 in cell housekeeping.
Moving label "_0786_" from metal1 to via1 in cell housekeeping.
Moving label "_0794_" from metal1 to via1 in cell housekeeping.
Moving label "_0864_" from metal1 to viali in cell housekeeping.
Moving label "_0886_" from metal1 to viali in cell housekeeping.
Moving label "_0890_" from metal1 to via1 in cell housekeeping.
Moving label "_0896_" from metal3 to via3 in cell housekeeping.
Moving label "_0911_" from metal3 to via3 in cell housekeeping.
Moving label "_0916_" from metal2 to via2 in cell housekeeping.
Moving label "_0920_" from metal3 to via3 in cell housekeeping.
Moving label "_0934_" from metal1 to via1 in cell housekeeping.
Moving label "_0939_" from metal3 to via3 in cell housekeeping.
Moving label "_0944_" from metal1 to viali in cell housekeeping.
Moving label "_0954_" from metal3 to via3 in cell housekeeping.
Moving label "_1027_" from metal1 to via1 in cell housekeeping.
Moving label "_1084_" from metal2 to via2 in cell housekeeping.
Moving label "_1127_" from metal2 to via2 in cell housekeeping.
Moving label "_1153_" from metal2 to via2 in cell housekeeping.
Moving label "_1220_" from metal3 to via3 in cell housekeeping.
Moving label "_1227_" from metal2 to via2 in cell housekeeping.
Moving label "_1281_" from metal2 to via2 in cell housekeeping.
Moving label "_1282_" from metal1 to via1 in cell housekeeping.
Moving label "_1305_" from metal2 to via2 in cell housekeeping.
Moving label "_1318_" from metal3 to via3 in cell housekeeping.
Moving label "_1323_" from metal3 to via3 in cell housekeeping.
Moving label "_1361_" from metal2 to via1 in cell housekeeping.
Moving label "_1363_" from metal2 to via2 in cell housekeeping.
Moving label "_1369_" from metal2 to via2 in cell housekeeping.
Moving label "_1386_" from metal3 to via3 in cell housekeeping.
Moving label "_1409_" from metal2 to via2 in cell housekeeping.
Moving label "_1419_" from metal2 to via2 in cell housekeeping.
Moving label "_1422_" from metal3 to via3 in cell housekeeping.
Moving label "_1432_" from metal2 to via2 in cell housekeeping.
Moving label "_1436_" from metal2 to via2 in cell housekeeping.
Moving label "_1438_" from metal1 to viali in cell housekeeping.
Moving label "_1499_" from metal2 to via2 in cell housekeeping.
Moving label "_1513_" from metal2 to via1 in cell housekeeping.
Moving label "_1554_" from metal2 to via2 in cell housekeeping.
Moving label "_1621_" from metal2 to via1 in cell housekeeping.
Moving label "_1645_" from metal2 to via1 in cell housekeeping.
Moving label "_1801_" from metal3 to via3 in cell housekeeping.
Moving label "_1821_" from metal1 to via1 in cell housekeeping.
Moving label "_2004_" from metal1 to viali in cell housekeeping.
Moving label "_2017_" from metal2 to via1 in cell housekeeping.
Moving label "_2064_" from metal1 to via1 in cell housekeeping.
Moving label "_2117_" from metal3 to via2 in cell housekeeping.
Moving label "_2154_" from metal1 to viali in cell housekeeping.
Moving label "_2168_" from metal1 to via1 in cell housekeeping.
Moving label "_2172_" from metal3 to via3 in cell housekeeping.
Moving label "_2348_" from metal2 to via2 in cell housekeeping.
Moving label "_2367_" from metal2 to via2 in cell housekeeping.
Moving label "_2389_" from metal2 to via1 in cell housekeeping.
Moving label "_2436_" from metal3 to via2 in cell housekeeping.
Moving label "_2455_" from metal1 to viali in cell housekeeping.
Moving label "_2511_" from metal1 to via1 in cell housekeeping.
Moving label "_2518_" from metal1 to via1 in cell housekeeping.
Moving label "_2519_" from metal1 to viali in cell housekeeping.
Moving label "_2522_" from metal3 to via3 in cell housekeeping.
Moving label "_2539_" from metal3 to via3 in cell housekeeping.
Moving label "_2540_" from metal2 to via2 in cell housekeeping.
Moving label "_2616_" from metal3 to via3 in cell housekeeping.
Moving label "_2686_" from metal3 to via3 in cell housekeeping.
Moving label "_2688_" from metal1 to viali in cell housekeeping.
Moving label "_2761_" from metal3 to via3 in cell housekeeping.
Moving label "_2791_" from metal3 to via2 in cell housekeeping.
Moving label "_2905_" from metal3 to via3 in cell housekeeping.
Moving label "_2945_" from metal3 to via3 in cell housekeeping.
Moving label "_2952_" from metal3 to via3 in cell housekeeping.
Moving label "_2986_" from metal3 to via3 in cell housekeeping.
Moving label "_3003_" from metal2 to via2 in cell housekeeping.
Moving label "_3045_" from metal2 to via2 in cell housekeeping.
Moving label "_3046_" from metal1 to via1 in cell housekeeping.
Moving label "_3050_" from metal2 to via2 in cell housekeeping.
Moving label "_3063_" from metal1 to viali in cell housekeeping.
Moving label "_3071_" from metal2 to via2 in cell housekeeping.
Moving label "csclk" from metal3 to via3 in cell housekeeping.
Moving label "gpio_configure\[0\]\[4\]" from metal3 to via3 in cell housekeeping.
Moving label "gpio_configure\[10\]\[11\]" from metal2 to via2 in cell housekeeping.
Moving label "gpio_configure\[13\]\[11\]" from metal2 to via2 in cell housekeeping.
Moving label "gpio_configure\[13\]\[2\]" from metal1 to via1 in cell housekeeping.
Moving label "gpio_configure\[14\]\[3\]" from metal3 to via3 in cell housekeeping.
Moving label "gpio_configure\[15\]\[4\]" from metal1 to via1 in cell housekeeping.
Moving label "gpio_configure\[15\]\[7\]" from metal3 to via3 in cell housekeeping.
Moving label "gpio_configure\[17\]\[4\]" from metal3 to via3 in cell housekeeping.
Moving label "gpio_configure\[17\]\[5\]" from metal1 to via1 in cell housekeeping.
Moving label "gpio_configure\[17\]\[6\]" from metal1 to viali in cell housekeeping.
Moving label "gpio_configure\[1\]\[10\]" from metal1 to viali in cell housekeeping.
Moving label "gpio_configure\[20\]\[8\]" from metal2 to via2 in cell housekeeping.
Moving label "gpio_configure\[21\]\[1\]" from metal1 to via1 in cell housekeeping.
Moving label "gpio_configure\[21\]\[7\]" from metal1 to viali in cell housekeeping.
Moving label "gpio_configure\[23\]\[5\]" from metal1 to via1 in cell housekeeping.
Moving label "gpio_configure\[23\]\[9\]" from metal1 to via1 in cell housekeeping.
Moving label "gpio_configure\[24\]\[7\]" from metal1 to via1 in cell housekeeping.
Moving label "gpio_configure\[24\]\[8\]" from metal1 to via1 in cell housekeeping.
Moving label "gpio_configure\[26\]\[7\]" from metal1 to via1 in cell housekeeping.
Moving label "gpio_configure\[29\]\[3\]" from metal3 to via3 in cell housekeeping.
Moving label "gpio_configure\[2\]\[2\]" from metal2 to via1 in cell housekeeping.
Moving label "gpio_configure\[2\]\[9\]" from metal1 to via1 in cell housekeeping.
Moving label "gpio_configure\[32\]\[5\]" from metal3 to via3 in cell housekeeping.
Moving label "gpio_configure\[32\]\[9\]" from metal1 to viali in cell housekeeping.
Moving label "gpio_configure\[33\]\[10\]" from metal1 to viali in cell housekeeping.
Moving label "gpio_configure\[34\]\[0\]" from metal2 to via1 in cell housekeeping.
Moving label "gpio_configure\[34\]\[12\]" from metal1 to viali in cell housekeeping.
Moving label "gpio_configure\[34\]\[2\]" from metal1 to via1 in cell housekeeping.
Moving label "gpio_configure\[34\]\[9\]" from metal1 to via1 in cell housekeeping.
Moving label "gpio_configure\[36\]\[4\]" from metal1 to via1 in cell housekeeping.
Moving label "gpio_configure\[37\]\[11\]" from metal3 to via3 in cell housekeeping.
Moving label "gpio_configure\[37\]\[12\]" from metal1 to viali in cell housekeeping.
Moving label "gpio_configure\[5\]\[1\]" from metal1 to viali in cell housekeeping.
Moving label "gpio_configure\[5\]\[6\]" from metal1 to via1 in cell housekeeping.
Moving label "gpio_configure\[6\]\[0\]" from metal1 to viali in cell housekeeping.
Moving label "gpio_configure\[7\]\[2\]" from metal1 to viali in cell housekeeping.
Moving label "gpio_configure\[7\]\[4\]" from metal3 to via2 in cell housekeeping.
Moving label "gpio_configure\[7\]\[9\]" from metal3 to via3 in cell housekeeping.
Moving label "hkspi.state\[0\]" from metal2 to via2 in cell housekeeping.
Moving label "mgmt_gpio_oeb[29]" from metal2 to via1 in cell housekeeping.
Moving label "mgmt_gpio_out[24]" from metal2 to via1 in cell housekeeping.
Moving label "net1031" from metal1 to viali in cell housekeeping.
Moving label "net1059" from metal2 to via2 in cell housekeeping.
Moving label "net1068" from metal2 to via2 in cell housekeeping.
Moving label "net1210" from metal2 to via1 in cell housekeeping.
Moving label "net140" from metal2 to via2 in cell housekeeping.
Moving label "net146" from metal1 to via1 in cell housekeeping.
Moving label "net1490" from metal2 to via2 in cell housekeeping.
Moving label "net1495" from metal1 to viali in cell housekeeping.
Moving label "net153" from metal1 to via1 in cell housekeeping.
Moving label "net1530" from metal2 to via2 in cell housekeeping.
Moving label "net1555" from metal1 to via1 in cell housekeeping.
Moving label "net1662" from metal2 to via2 in cell housekeeping.
Moving label "net175" from metal2 to via2 in cell housekeeping.
Moving label "net190" from metal1 to viali in cell housekeeping.
Moving label "net1999" from metal3 to via3 in cell housekeeping.
Moving label "net2043" from metal1 to viali in cell housekeeping.
Moving label "net238" from metal2 to via2 in cell housekeeping.
Moving label "net262" from metal2 to via2 in cell housekeeping.
Moving label "net287" from metal1 to via1 in cell housekeeping.
Moving label "net296" from metal2 to via2 in cell housekeeping.
Moving label "net366" from metal2 to via2 in cell housekeeping.
Moving label "net369" from metal2 to via2 in cell housekeeping.
Moving label "net37" from metal2 to via1 in cell housekeeping.
Moving label "net392" from metal2 to via2 in cell housekeeping.
Moving label "net393" from metal1 to viali in cell housekeeping.
Moving label "net398" from metal1 to via1 in cell housekeeping.
Moving label "net42" from metal3 to via3 in cell housekeeping.
Moving label "net428" from metal3 to via3 in cell housekeeping.
Moving label "net430" from metal2 to via1 in cell housekeeping.
Moving label "net456" from metal2 to via2 in cell housekeeping.
Moving label "net463" from metal3 to via3 in cell housekeeping.
Moving label "net474" from metal2 to via2 in cell housekeeping.
Moving label "net482" from metal3 to via3 in cell housekeeping.
Moving label "net50" from metal2 to via2 in cell housekeeping.
Moving label "net514" from metal2 to via2 in cell housekeeping.
Moving label "net529" from metal2 to via1 in cell housekeeping.
Moving label "net54" from metal2 to via2 in cell housekeeping.
Moving label "net548" from metal2 to via1 in cell housekeeping.
Moving label "net574" from metal2 to via2 in cell housekeeping.
Moving label "net617" from metal3 to via3 in cell housekeeping.
Moving label "net639" from metal2 to via2 in cell housekeeping.
Moving label "net641" from metal3 to via2 in cell housekeeping.
Moving label "net733" from metal2 to via2 in cell housekeeping.
Moving label "net734" from metal2 to via2 in cell housekeeping.
Moving label "net76" from metal2 to via2 in cell housekeeping.
Moving label "net825" from metal1 to via1 in cell housekeeping.
Moving label "net853" from metal1 to via1 in cell housekeeping.
Moving label "net86" from metal3 to via3 in cell housekeeping.
Moving label "net926" from metal2 to via2 in cell housekeeping.
Moving label "net928" from metal2 to via2 in cell housekeeping.
Moving label "net933" from metal2 to via2 in cell housekeeping.
Moving label "reset_reg" from metal1 to via1 in cell housekeeping.
Moving label "serial_data_staging_1\[6\]" from metal2 to via2 in cell housekeeping.
Moving label "wb_dat_o[9]" from metal2 to via2 in cell housekeeping.
Moving label "wb_we_i" from metal2 to via1 in cell housekeeping.
Moving label "xfer_count\[1\]" from metal2 to via2 in cell housekeeping.
Moving label "xfer_count\[2\]" from metal2 to via2 in cell housekeeping.
Moving label "xfer_state\[2\]" from metal2 to via2 in cell housekeeping.
Processing housekeeping
Extracting sky130_fd_sc_hd__and2_1 into sky130_fd_sc_hd__and2_1.ext:
Extracting sky130_fd_sc_hd__decap_3 into sky130_fd_sc_hd__decap_3.ext:
Extracting sky130_fd_sc_hd__fill_2 into sky130_fd_sc_hd__fill_2.ext:
Extracting sky130_fd_sc_hd__diode_2 into sky130_fd_sc_hd__diode_2.ext:
Extracting sky130_fd_sc_hd__dlygate4sd3_1 into sky130_fd_sc_hd__dlygate4sd3_1.ext:
Extracting sky130_fd_sc_hd__decap_4 into sky130_fd_sc_hd__decap_4.ext:
Extracting sky130_fd_sc_hd__decap_6 into sky130_fd_sc_hd__decap_6.ext:
Extracting sky130_fd_sc_hd__buf_12 into sky130_fd_sc_hd__buf_12.ext:
Extracting sky130_fd_sc_hd__fill_1 into sky130_fd_sc_hd__fill_1.ext:
Extracting sky130_fd_sc_hd__tapvpwrvgnd_1 into sky130_fd_sc_hd__tapvpwrvgnd_1.ext:
Extracting sky130_fd_sc_hd__nor2_1 into sky130_fd_sc_hd__nor2_1.ext:
Extracting sky130_fd_sc_hd__inv_2 into sky130_fd_sc_hd__inv_2.ext:
Extracting sky130_fd_sc_hd__decap_8 into sky130_fd_sc_hd__decap_8.ext:
Extracting sky130_fd_sc_hd__mux2_1 into sky130_fd_sc_hd__mux2_1.ext:
Extracting sky130_fd_sc_hd__clkbuf_1 into sky130_fd_sc_hd__clkbuf_1.ext:
Extracting sky130_fd_sc_hd__dfrtp_2 into sky130_fd_sc_hd__dfrtp_2.ext:
Extracting sky130_fd_sc_hd__dfstp_2 into sky130_fd_sc_hd__dfstp_2.ext:
Extracting sky130_fd_sc_hd__dfstp_1 into sky130_fd_sc_hd__dfstp_1.ext:
Extracting sky130_fd_sc_hd__buf_6 into sky130_fd_sc_hd__buf_6.ext:
Extracting sky130_fd_sc_hd__buf_4 into sky130_fd_sc_hd__buf_4.ext:
Extracting sky130_fd_sc_hd__buf_8 into sky130_fd_sc_hd__buf_8.ext:
Extracting sky130_fd_sc_hd__dfrtp_4 into sky130_fd_sc_hd__dfrtp_4.ext:
Extracting sky130_fd_sc_hd__a22o_2 into sky130_fd_sc_hd__a22o_2.ext:
Extracting sky130_fd_sc_hd__or2_1 into sky130_fd_sc_hd__or2_1.ext:
Extracting sky130_fd_sc_hd__dlymetal6s2s_1 into sky130_fd_sc_hd__dlymetal6s2s_1.ext:
Extracting sky130_fd_sc_hd__a22o_1 into sky130_fd_sc_hd__a22o_1.ext:
Extracting sky130_fd_sc_hd__clkbuf_2 into sky130_fd_sc_hd__clkbuf_2.ext:
Extracting sky130_ef_sc_hd__decap_12 into sky130_ef_sc_hd__decap_12.ext:
Extracting sky130_fd_sc_hd__and2b_4 into sky130_fd_sc_hd__and2b_4.ext:
Extracting sky130_fd_sc_hd__mux2_4 into sky130_fd_sc_hd__mux2_4.ext:
Extracting sky130_fd_sc_hd__dfrtp_1 into sky130_fd_sc_hd__dfrtp_1.ext:
Extracting sky130_fd_sc_hd__a21boi_1 into sky130_fd_sc_hd__a21boi_1.ext:
Extracting sky130_fd_sc_hd__nand2_1 into sky130_fd_sc_hd__nand2_1.ext:
Extracting sky130_fd_sc_hd__nand2_2 into sky130_fd_sc_hd__nand2_2.ext:
Extracting sky130_fd_sc_hd__a21o_1 into sky130_fd_sc_hd__a21o_1.ext:
Extracting sky130_fd_sc_hd__inv_6 into sky130_fd_sc_hd__inv_6.ext:
Extracting sky130_fd_sc_hd__and3_1 into sky130_fd_sc_hd__and3_1.ext:
Extracting sky130_fd_sc_hd__or4b_1 into sky130_fd_sc_hd__or4b_1.ext:
Extracting sky130_fd_sc_hd__and2_2 into sky130_fd_sc_hd__and2_2.ext:
Extracting sky130_fd_sc_hd__o221a_1 into sky130_fd_sc_hd__o221a_1.ext:
Extracting sky130_fd_sc_hd__a221o_1 into sky130_fd_sc_hd__a221o_1.ext:
Extracting sky130_fd_sc_hd__o21a_1 into sky130_fd_sc_hd__o21a_1.ext:
Extracting sky130_fd_sc_hd__dfstp_4 into sky130_fd_sc_hd__dfstp_4.ext:
Extracting sky130_fd_sc_hd__a221o_2 into sky130_fd_sc_hd__a221o_2.ext:
Extracting sky130_fd_sc_hd__clkbuf_4 into sky130_fd_sc_hd__clkbuf_4.ext:
Extracting sky130_fd_sc_hd__nor2_4 into sky130_fd_sc_hd__nor2_4.ext:
Extracting sky130_fd_sc_hd__or3b_1 into sky130_fd_sc_hd__or3b_1.ext:
Extracting sky130_fd_sc_hd__a31o_1 into sky130_fd_sc_hd__a31o_1.ext:
Extracting sky130_fd_sc_hd__nand2b_1 into sky130_fd_sc_hd__nand2b_1.ext:
Extracting sky130_fd_sc_hd__or3_4 into sky130_fd_sc_hd__or3_4.ext:
Extracting sky130_fd_sc_hd__clkbuf_16 into sky130_fd_sc_hd__clkbuf_16.ext:
Extracting sky130_fd_sc_hd__o22a_1 into sky130_fd_sc_hd__o22a_1.ext:
Extracting sky130_fd_sc_hd__mux2_2 into sky130_fd_sc_hd__mux2_2.ext:
Extracting sky130_fd_sc_hd__conb_1 into sky130_fd_sc_hd__conb_1.ext:
Extracting sky130_fd_sc_hd__o21ba_1 into sky130_fd_sc_hd__o21ba_1.ext:
Extracting sky130_fd_sc_hd__clkinv_2 into sky130_fd_sc_hd__clkinv_2.ext:
Extracting sky130_fd_sc_hd__and4_1 into sky130_fd_sc_hd__and4_1.ext:
Extracting sky130_fd_sc_hd__a22o_4 into sky130_fd_sc_hd__a22o_4.ext:
Extracting sky130_fd_sc_hd__a2bb2o_1 into sky130_fd_sc_hd__a2bb2o_1.ext:
Extracting sky130_fd_sc_hd__and4b_1 into sky130_fd_sc_hd__and4b_1.ext:
Extracting sky130_fd_sc_hd__nor2_8 into sky130_fd_sc_hd__nor2_8.ext:
Extracting sky130_fd_sc_hd__mux2_8 into sky130_fd_sc_hd__mux2_8.ext:
Extracting sky130_fd_sc_hd__nand2_8 into sky130_fd_sc_hd__nand2_8.ext:
Extracting sky130_fd_sc_hd__and2_4 into sky130_fd_sc_hd__and2_4.ext:
Extracting sky130_fd_sc_hd__or3_1 into sky130_fd_sc_hd__or3_1.ext:
Extracting sky130_fd_sc_hd__o311a_1 into sky130_fd_sc_hd__o311a_1.ext:
Extracting sky130_fd_sc_hd__o21ai_1 into sky130_fd_sc_hd__o21ai_1.ext:
Extracting sky130_fd_sc_hd__o31a_1 into sky130_fd_sc_hd__o31a_1.ext:
Extracting sky130_fd_sc_hd__a32o_1 into sky130_fd_sc_hd__a32o_1.ext:
Extracting sky130_fd_sc_hd__a21oi_1 into sky130_fd_sc_hd__a21oi_1.ext:
Extracting sky130_fd_sc_hd__or4_1 into sky130_fd_sc_hd__or4_1.ext:
Extracting sky130_fd_sc_hd__nor2_2 into sky130_fd_sc_hd__nor2_2.ext:
Extracting sky130_fd_sc_hd__a211o_1 into sky130_fd_sc_hd__a211o_1.ext:
Extracting sky130_fd_sc_hd__o32a_1 into sky130_fd_sc_hd__o32a_1.ext:
Extracting sky130_fd_sc_hd__and2b_2 into sky130_fd_sc_hd__and2b_2.ext:
Extracting sky130_fd_sc_hd__nand2_4 into sky130_fd_sc_hd__nand2_4.ext:
Extracting sky130_fd_sc_hd__and3_4 into sky130_fd_sc_hd__and3_4.ext:
Extracting sky130_fd_sc_hd__clkbuf_8 into sky130_fd_sc_hd__clkbuf_8.ext:
Extracting sky130_fd_sc_hd__clkinv_8 into sky130_fd_sc_hd__clkinv_8.ext:
Extracting sky130_fd_sc_hd__nand2b_4 into sky130_fd_sc_hd__nand2b_4.ext:
Extracting sky130_fd_sc_hd__and3_2 into sky130_fd_sc_hd__and3_2.ext:
Extracting sky130_fd_sc_hd__or2_4 into sky130_fd_sc_hd__or2_4.ext:
Extracting sky130_fd_sc_hd__nor4_1 into sky130_fd_sc_hd__nor4_1.ext:
Extracting sky130_fd_sc_hd__or4_4 into sky130_fd_sc_hd__or4_4.ext:
Extracting sky130_fd_sc_hd__and3b_2 into sky130_fd_sc_hd__and3b_2.ext:
Extracting sky130_fd_sc_hd__a2111o_1 into sky130_fd_sc_hd__a2111o_1.ext:
Extracting sky130_fd_sc_hd__and3b_4 into sky130_fd_sc_hd__and3b_4.ext:
Extracting sky130_fd_sc_hd__xor2_1 into sky130_fd_sc_hd__xor2_1.ext:
Extracting sky130_fd_sc_hd__xnor2_1 into sky130_fd_sc_hd__xnor2_1.ext:
Extracting sky130_fd_sc_hd__o211a_1 into sky130_fd_sc_hd__o211a_1.ext:
Extracting sky130_fd_sc_hd__or2_2 into sky130_fd_sc_hd__or2_2.ext:
Extracting sky130_fd_sc_hd__a41o_1 into sky130_fd_sc_hd__a41o_1.ext:
Extracting sky130_fd_sc_hd__and2b_1 into sky130_fd_sc_hd__and2b_1.ext:
Extracting sky130_fd_sc_hd__a211oi_1 into sky130_fd_sc_hd__a211oi_1.ext:
Extracting sky130_fd_sc_hd__or4bb_1 into sky130_fd_sc_hd__or4bb_1.ext:
Extracting sky130_fd_sc_hd__o32ai_1 into sky130_fd_sc_hd__o32ai_1.ext:
Extracting sky130_fd_sc_hd__o221a_4 into sky130_fd_sc_hd__o221a_4.ext:
Extracting sky130_fd_sc_hd__dfxtp_1 into sky130_fd_sc_hd__dfxtp_1.ext:
Extracting sky130_fd_sc_hd__or4_2 into sky130_fd_sc_hd__or4_2.ext:
Extracting sky130_fd_sc_hd__nor3_1 into sky130_fd_sc_hd__nor3_1.ext:
Extracting sky130_fd_sc_hd__a21bo_1 into sky130_fd_sc_hd__a21bo_1.ext:
Extracting sky130_fd_sc_hd__dfrtn_1 into sky130_fd_sc_hd__dfrtn_1.ext:
Extracting sky130_fd_sc_hd__or3b_4 into sky130_fd_sc_hd__or3b_4.ext:
Extracting sky130_fd_sc_hd__o21bai_1 into sky130_fd_sc_hd__o21bai_1.ext:
Extracting sky130_fd_sc_hd__o221a_2 into sky130_fd_sc_hd__o221a_2.ext:
Extracting sky130_fd_sc_hd__buf_2 into sky130_fd_sc_hd__buf_2.ext:
Extracting sky130_fd_sc_hd__nand4_1 into sky130_fd_sc_hd__nand4_1.ext:
Extracting sky130_fd_sc_hd__o21ai_2 into sky130_fd_sc_hd__o21ai_2.ext:
Extracting sky130_fd_sc_hd__dfxtp_2 into sky130_fd_sc_hd__dfxtp_2.ext:
Extracting sky130_fd_sc_hd__nor3_2 into sky130_fd_sc_hd__nor3_2.ext:
Extracting sky130_fd_sc_hd__or3_2 into sky130_fd_sc_hd__or3_2.ext:
Extracting sky130_fd_sc_hd__o211ai_1 into sky130_fd_sc_hd__o211ai_1.ext:
Extracting sky130_fd_sc_hd__o22ai_1 into sky130_fd_sc_hd__o22ai_1.ext:
Extracting sky130_fd_sc_hd__and4bb_1 into sky130_fd_sc_hd__and4bb_1.ext:
Extracting sky130_fd_sc_hd__o221ai_2 into sky130_fd_sc_hd__o221ai_2.ext:
Extracting sky130_fd_sc_hd__a2111o_2 into sky130_fd_sc_hd__a2111o_2.ext:
Extracting sky130_fd_sc_hd__o2111a_1 into sky130_fd_sc_hd__o2111a_1.ext:
Extracting sky130_fd_sc_hd__and3b_1 into sky130_fd_sc_hd__and3b_1.ext:
Extracting sky130_fd_sc_hd__a21oi_2 into sky130_fd_sc_hd__a21oi_2.ext:
Extracting sky130_fd_sc_hd__o2111ai_4 into sky130_fd_sc_hd__o2111ai_4.ext:
Extracting sky130_fd_sc_hd__a2bb2oi_1 into sky130_fd_sc_hd__a2bb2oi_1.ext:
Extracting sky130_fd_sc_hd__o2111ai_1 into sky130_fd_sc_hd__o2111ai_1.ext:
Extracting sky130_fd_sc_hd__o32ai_4 into sky130_fd_sc_hd__o32ai_4.ext:
Extracting sky130_fd_sc_hd__nand4b_1 into sky130_fd_sc_hd__nand4b_1.ext:
Extracting sky130_fd_sc_hd__a311o_1 into sky130_fd_sc_hd__a311o_1.ext:
Extracting sky130_fd_sc_hd__a221o_4 into sky130_fd_sc_hd__a221o_4.ext:
Extracting sky130_fd_sc_hd__o21bai_2 into sky130_fd_sc_hd__o21bai_2.ext:
Extracting sky130_fd_sc_hd__o41a_1 into sky130_fd_sc_hd__o41a_1.ext:
Extracting sky130_fd_sc_hd__o211a_2 into sky130_fd_sc_hd__o211a_2.ext:
Extracting sky130_fd_sc_hd__nand4_2 into sky130_fd_sc_hd__nand4_2.ext:
Extracting sky130_fd_sc_hd__nand3_4 into sky130_fd_sc_hd__nand3_4.ext:
Extracting sky130_fd_sc_hd__xnor2_2 into sky130_fd_sc_hd__xnor2_2.ext:
Extracting sky130_fd_sc_hd__nand2b_2 into sky130_fd_sc_hd__nand2b_2.ext:
Extracting sky130_fd_sc_hd__and4_2 into sky130_fd_sc_hd__and4_2.ext:
Extracting sky130_fd_sc_hd__nand3_2 into sky130_fd_sc_hd__nand3_2.ext:
Extracting sky130_fd_sc_hd__a211oi_4 into sky130_fd_sc_hd__a211oi_4.ext:
Extracting sky130_fd_sc_hd__and4_4 into sky130_fd_sc_hd__and4_4.ext:
Extracting sky130_fd_sc_hd__a21boi_2 into sky130_fd_sc_hd__a21boi_2.ext:
Extracting sky130_fd_sc_hd__o21ai_4 into sky130_fd_sc_hd__o21ai_4.ext:
Extracting sky130_fd_sc_hd__o21a_4 into sky130_fd_sc_hd__o21a_4.ext:
Extracting sky130_fd_sc_hd__a41oi_1 into sky130_fd_sc_hd__a41oi_1.ext:
Extracting sky130_fd_sc_hd__nor4_4 into sky130_fd_sc_hd__nor4_4.ext:
Extracting sky130_fd_sc_hd__a31oi_2 into sky130_fd_sc_hd__a31oi_2.ext:
Extracting sky130_fd_sc_hd__nand3b_4 into sky130_fd_sc_hd__nand3b_4.ext:
Extracting sky130_fd_sc_hd__nand3_1 into sky130_fd_sc_hd__nand3_1.ext:
Extracting sky130_fd_sc_hd__or4bb_4 into sky130_fd_sc_hd__or4bb_4.ext:
Extracting sky130_fd_sc_hd__o31ai_1 into sky130_fd_sc_hd__o31ai_1.ext:
Extracting sky130_fd_sc_hd__or3b_2 into sky130_fd_sc_hd__or3b_2.ext:
Extracting sky130_fd_sc_hd__nand3b_1 into sky130_fd_sc_hd__nand3b_1.ext:
Extracting sky130_fd_sc_hd__or4b_4 into sky130_fd_sc_hd__or4b_4.ext:
Extracting sky130_fd_sc_hd__nor3b_4 into sky130_fd_sc_hd__nor3b_4.ext:
Extracting sky130_fd_sc_hd__inv_4 into sky130_fd_sc_hd__inv_4.ext:
Extracting sky130_fd_sc_hd__o2bb2a_1 into sky130_fd_sc_hd__o2bb2a_1.ext:
Extracting sky130_fd_sc_hd__a21o_4 into sky130_fd_sc_hd__a21o_4.ext:
Extracting sky130_fd_sc_hd__a211o_2 into sky130_fd_sc_hd__a211o_2.ext:
Extracting sky130_fd_sc_hd__o2bb2ai_2 into sky130_fd_sc_hd__o2bb2ai_2.ext:
Extracting sky130_fd_sc_hd__a31o_2 into sky130_fd_sc_hd__a31o_2.ext:
Extracting sky130_fd_sc_hd__o211a_4 into sky130_fd_sc_hd__o211a_4.ext:
Extracting sky130_fd_sc_hd__nor3b_2 into sky130_fd_sc_hd__nor3b_2.ext:
Extracting housekeeping into housekeeping.ext:
housekeeping: 30646 errors
Total of 30646 errors (check feedback entries).
exttospice finished.
