
===========================================================================
 report_check_types -max_slew -max_cap -max_fanout -violators
============================================================================
max fanout

Pin                                   Limit Fanout  Slack
---------------------------------------------------------
fanout351/X                              20     41    -21 (VIOLATED)
_4512_/Y                                 20     40    -20 (VIOLATED)
fanout363/X                              20     40    -20 (VIOLATED)
fanout365/X                              20     40    -20 (VIOLATED)
fanout366/X                              20     40    -20 (VIOLATED)
fanout368/X                              20     40    -20 (VIOLATED)
fanout369/X                              20     40    -20 (VIOLATED)
fanout373/X                              20     40    -20 (VIOLATED)
fanout376/X                              20     40    -20 (VIOLATED)
fanout378/X                              20     40    -20 (VIOLATED)
fanout379/X                              20     40    -20 (VIOLATED)
fanout382/X                              20     40    -20 (VIOLATED)
fanout385/X                              20     40    -20 (VIOLATED)
fanout388/X                              20     40    -20 (VIOLATED)
fanout390/X                              20     40    -20 (VIOLATED)
fanout391/X                              20     40    -20 (VIOLATED)
fanout393/X                              20     40    -20 (VIOLATED)
fanout394/X                              20     40    -20 (VIOLATED)
fanout395/X                              20     40    -20 (VIOLATED)
fanout396/X                              20     40    -20 (VIOLATED)
fanout398/X                              20     40    -20 (VIOLATED)
fanout399/X                              20     40    -20 (VIOLATED)
fanout400/X                              20     40    -20 (VIOLATED)
fanout401/X                              20     40    -20 (VIOLATED)
fanout404/X                              20     40    -20 (VIOLATED)
fanout405/X                              20     40    -20 (VIOLATED)
fanout407/X                              20     40    -20 (VIOLATED)
fanout410/X                              20     40    -20 (VIOLATED)
fanout414/X                              20     40    -20 (VIOLATED)
fanout431/X                              20     40    -20 (VIOLATED)
fanout437/X                              20     40    -20 (VIOLATED)
fanout450/X                              20     40    -20 (VIOLATED)
fanout457/X                              20     40    -20 (VIOLATED)
fanout473/X                              20     40    -20 (VIOLATED)
fanout476/X                              20     40    -20 (VIOLATED)
clkbuf_3_2__f_wb_clk_i/X                 20     38    -18 (VIOLATED)
fanout432/X                              20     38    -18 (VIOLATED)
fanout389/X                              20     37    -17 (VIOLATED)
clkbuf_2_0__f_mgmt_gpio_in[4]/X          20     36    -16 (VIOLATED)
clkbuf_3_7__f_wb_clk_i/X                 20     36    -16 (VIOLATED)
fanout386/X                              20     36    -16 (VIOLATED)
fanout406/X                              20     36    -16 (VIOLATED)
_4576_/Y                                 20     34    -14 (VIOLATED)
_4590_/Y                                 20     34    -14 (VIOLATED)
fanout383/X                              20     34    -14 (VIOLATED)
fanout397/X                              20     32    -12 (VIOLATED)
_4373_/Y                                 20     30    -10 (VIOLATED)
_4463_/Y                                 20     30    -10 (VIOLATED)
_4638_/Y                                 20     30    -10 (VIOLATED)
_4691_/Y                                 20     30    -10 (VIOLATED)
fanout475/X                              20     30    -10 (VIOLATED)
max_cap348/X                             20     30    -10 (VIOLATED)
user_clock                               20     28     -8 (VIOLATED)
_4495_/Y                                 20     28     -8 (VIOLATED)
_4520_/Y                                 20     28     -8 (VIOLATED)
_4650_/Y                                 20     28     -8 (VIOLATED)
_5638_/X                                 20     28     -8 (VIOLATED)
_5664_/X                                 20     28     -8 (VIOLATED)
_5980_/X                                 20     28     -8 (VIOLATED)
_5984_/X                                 20     28     -8 (VIOLATED)
_5985_/X                                 20     28     -8 (VIOLATED)
_5989_/X                                 20     28     -8 (VIOLATED)
_5992_/X                                 20     28     -8 (VIOLATED)
_5995_/X                                 20     28     -8 (VIOLATED)
_5997_/X                                 20     28     -8 (VIOLATED)
_5998_/X                                 20     28     -8 (VIOLATED)
_6005_/X                                 20     28     -8 (VIOLATED)
fanout408/X                              20     28     -8 (VIOLATED)
input125/X                               20     28     -8 (VIOLATED)
input58/X                                20     28     -8 (VIOLATED)
fanout380/X                              20     27     -7 (VIOLATED)
_4416_/Y                                 20     26     -6 (VIOLATED)
_4595_/Y                                 20     26     -6 (VIOLATED)
_4684_/Y                                 20     26     -6 (VIOLATED)
_4685_/Y                                 20     26     -6 (VIOLATED)
_4687_/Y                                 20     26     -6 (VIOLATED)
_5651_/X                                 20     26     -6 (VIOLATED)
_5653_/X                                 20     26     -6 (VIOLATED)
_5655_/X                                 20     26     -6 (VIOLATED)
_5656_/X                                 20     26     -6 (VIOLATED)
_5658_/X                                 20     26     -6 (VIOLATED)
_5659_/X                                 20     26     -6 (VIOLATED)
_5660_/X                                 20     26     -6 (VIOLATED)
_5662_/X                                 20     26     -6 (VIOLATED)
_5663_/X                                 20     26     -6 (VIOLATED)
_5665_/X                                 20     26     -6 (VIOLATED)
_5666_/X                                 20     26     -6 (VIOLATED)
_5667_/X                                 20     26     -6 (VIOLATED)
_5668_/X                                 20     26     -6 (VIOLATED)
_5669_/X                                 20     26     -6 (VIOLATED)
_5670_/X                                 20     26     -6 (VIOLATED)
_5671_/X                                 20     26     -6 (VIOLATED)
_5672_/X                                 20     26     -6 (VIOLATED)
_5673_/X                                 20     26     -6 (VIOLATED)
_5674_/X                                 20     26     -6 (VIOLATED)
_5679_/X                                 20     26     -6 (VIOLATED)
_5680_/X                                 20     26     -6 (VIOLATED)
_5681_/X                                 20     26     -6 (VIOLATED)
_5682_/X                                 20     26     -6 (VIOLATED)
_5684_/X                                 20     26     -6 (VIOLATED)
_5685_/X                                 20     26     -6 (VIOLATED)
_5686_/X                                 20     26     -6 (VIOLATED)
_5687_/X                                 20     26     -6 (VIOLATED)
_5688_/X                                 20     26     -6 (VIOLATED)
_5689_/X                                 20     26     -6 (VIOLATED)
_5971_/X                                 20     26     -6 (VIOLATED)
_5973_/X                                 20     26     -6 (VIOLATED)
_5975_/X                                 20     26     -6 (VIOLATED)
_5977_/X                                 20     26     -6 (VIOLATED)
_5978_/X                                 20     26     -6 (VIOLATED)
_5982_/X                                 20     26     -6 (VIOLATED)
_5983_/X                                 20     26     -6 (VIOLATED)
_5986_/X                                 20     26     -6 (VIOLATED)
_5987_/X                                 20     26     -6 (VIOLATED)
_5988_/X                                 20     26     -6 (VIOLATED)
_5990_/X                                 20     26     -6 (VIOLATED)
_5991_/X                                 20     26     -6 (VIOLATED)
_5993_/X                                 20     26     -6 (VIOLATED)
_5994_/X                                 20     26     -6 (VIOLATED)
_5996_/X                                 20     26     -6 (VIOLATED)
_5999_/X                                 20     26     -6 (VIOLATED)
_6004_/X                                 20     26     -6 (VIOLATED)
_6007_/X                                 20     26     -6 (VIOLATED)
_6008_/X                                 20     26     -6 (VIOLATED)
_6012_/X                                 20     26     -6 (VIOLATED)
_6013_/X                                 20     26     -6 (VIOLATED)
_6014_/X                                 20     26     -6 (VIOLATED)
_6015_/X                                 20     26     -6 (VIOLATED)
_6016_/X                                 20     26     -6 (VIOLATED)
_6017_/X                                 20     26     -6 (VIOLATED)
_6018_/X                                 20     26     -6 (VIOLATED)
_6019_/X                                 20     26     -6 (VIOLATED)
fanout402/X                              20     26     -6 (VIOLATED)
fanout459/X                              20     26     -6 (VIOLATED)
fanout465/X                              20     26     -6 (VIOLATED)
_4454_/Y                                 20     24     -4 (VIOLATED)
_4468_/Y                                 20     24     -4 (VIOLATED)
_5647_/Y                                 20     24     -4 (VIOLATED)
clkbuf_2_1__f_mgmt_gpio_in[4]/X          20     24     -4 (VIOLATED)
clkbuf_3_3__f_wb_clk_i/X                 20     24     -4 (VIOLATED)
fanout377/X                              20     24     -4 (VIOLATED)
fanout448/X                              20     24     -4 (VIOLATED)
fanout454/X                              20     24     -4 (VIOLATED)
max_cap347/X                             20     24     -4 (VIOLATED)
max_cap349/X                             20     24     -4 (VIOLATED)
_4428_/Y                                 20     22     -2 (VIOLATED)
_5678_/Y                                 20     22     -2 (VIOLATED)
fanout384/X                              20     22     -2 (VIOLATED)
fanout392/X                              20     22     -2 (VIOLATED)
fanout413/X                              20     22     -2 (VIOLATED)
hold275/X                                20     22     -2 (VIOLATED)


===========================================================================
max slew violation count 0
max fanout violation count 151
max cap violation count 0
============================================================================
