Netgen 1.5.234 compiled on Sun Oct  9 10:24:01 UTC 2022
Warning: netgen command 'format' use fully-qualified name '::netgen::format'
Warning: netgen command 'global' use fully-qualified name '::netgen::global'
Generating JSON file result
Reading netlist file /openlane/designs/housekeeping/runs/CARAVEL_3/results/signoff/housekeeping.spice
Reading netlist file /openlane/designs/housekeeping/runs/CARAVEL_3/tmp/signoff/29-housekeeping.pnl.v
Warning:  A case-insensitive file has been read and so the	verilog file must be treated case-insensitive to match.
Creating placeholder cell definition for module sky130_fd_sc_hd__inv_2.
Creating placeholder cell definition for module sky130_fd_sc_hd__clkinv_2.
Creating placeholder cell definition for module sky130_fd_sc_hd__clkinv_4.
Creating placeholder cell definition for module sky130_fd_sc_hd__clkbuf_16.
Creating placeholder cell definition for module sky130_fd_sc_hd__or3_1.
Creating placeholder cell definition for module sky130_fd_sc_hd__and2_1.
Creating placeholder cell definition for module sky130_fd_sc_hd__a21oi_1.
Creating placeholder cell definition for module sky130_fd_sc_hd__nand2b_1.
Creating placeholder cell definition for module sky130_fd_sc_hd__o31a_1.
Creating placeholder cell definition for module sky130_fd_sc_hd__o21bai_1.
Creating placeholder cell definition for module sky130_fd_sc_hd__nand2_1.
Creating placeholder cell definition for module sky130_fd_sc_hd__a21bo_1.
Creating placeholder cell definition for module sky130_fd_sc_hd__o21ai_2.
Creating placeholder cell definition for module sky130_fd_sc_hd__mux2_1.
Creating placeholder cell definition for module sky130_fd_sc_hd__or3b_1.
Creating placeholder cell definition for module sky130_fd_sc_hd__and2b_1.
Creating placeholder cell definition for module sky130_fd_sc_hd__nor2_1.
Creating placeholder cell definition for module sky130_fd_sc_hd__o21ai_1.
Creating placeholder cell definition for module sky130_fd_sc_hd__or2_1.
Creating placeholder cell definition for module sky130_fd_sc_hd__nand2_2.
Creating placeholder cell definition for module sky130_fd_sc_hd__nor2_2.
Creating placeholder cell definition for module sky130_fd_sc_hd__a22o_1.
Creating placeholder cell definition for module sky130_fd_sc_hd__a221o_1.
Creating placeholder cell definition for module sky130_fd_sc_hd__or4_1.
Creating placeholder cell definition for module sky130_fd_sc_hd__a211o_1.
Creating placeholder cell definition for module sky130_fd_sc_hd__mux2_2.
Creating placeholder cell definition for module sky130_fd_sc_hd__a221o_2.
Creating placeholder cell definition for module sky130_fd_sc_hd__or4_2.
Creating placeholder cell definition for module sky130_fd_sc_hd__or3_2.
Creating placeholder cell definition for module sky130_fd_sc_hd__a2111o_1.
Creating placeholder cell definition for module sky130_fd_sc_hd__a2bb2o_1.
Creating placeholder cell definition for module sky130_fd_sc_hd__a21o_1.
Creating placeholder cell definition for module sky130_fd_sc_hd__a32o_1.
Creating placeholder cell definition for module sky130_fd_sc_hd__or2_2.
Creating placeholder cell definition for module sky130_fd_sc_hd__and3_1.
Creating placeholder cell definition for module sky130_fd_sc_hd__xor2_1.
Creating placeholder cell definition for module sky130_fd_sc_hd__and3_2.
Creating placeholder cell definition for module sky130_fd_sc_hd__a31o_1.
Creating placeholder cell definition for module sky130_fd_sc_hd__nand4_1.
Creating placeholder cell definition for module sky130_fd_sc_hd__o21a_1.
Creating placeholder cell definition for module sky130_fd_sc_hd__xnor2_1.
Creating placeholder cell definition for module sky130_fd_sc_hd__nor3_1.
Creating placeholder cell definition for module sky130_fd_sc_hd__a211oi_1.
Creating placeholder cell definition for module sky130_fd_sc_hd__or4b_1.
Creating placeholder cell definition for module sky130_fd_sc_hd__or4bb_1.
Creating placeholder cell definition for module sky130_fd_sc_hd__o211a_1.
Creating placeholder cell definition for module sky130_fd_sc_hd__o21ba_1.
Creating placeholder cell definition for module sky130_fd_sc_hd__o22a_1.
Creating placeholder cell definition for module sky130_fd_sc_hd__nor4_1.
Creating placeholder cell definition for module sky130_fd_sc_hd__and4b_1.
Creating placeholder cell definition for module sky130_fd_sc_hd__nand2b_2.
Creating placeholder cell definition for module sky130_fd_sc_hd__a41o_1.
Creating placeholder cell definition for module sky130_fd_sc_hd__o32ai_1.
Creating placeholder cell definition for module sky130_fd_sc_hd__a22o_2.
Creating placeholder cell definition for module sky130_fd_sc_hd__and2_2.
Creating placeholder cell definition for module sky130_fd_sc_hd__o221a_1.
Creating placeholder cell definition for module sky130_fd_sc_hd__nor3_4.
Creating placeholder cell definition for module sky130_fd_sc_hd__and4_1.
Creating placeholder cell definition for module sky130_fd_sc_hd__nand3_1.
Creating placeholder cell definition for module sky130_fd_sc_hd__o2bb2ai_2.
Creating placeholder cell definition for module sky130_fd_sc_hd__o2bb2a_1.
Creating placeholder cell definition for module sky130_fd_sc_hd__or2_4.
Creating placeholder cell definition for module sky130_fd_sc_hd__nor3b_2.
Creating placeholder cell definition for module sky130_fd_sc_hd__nor4_2.
Creating placeholder cell definition for module sky130_fd_sc_hd__a31oi_1.
Creating placeholder cell definition for module sky130_fd_sc_hd__and3_4.
Creating placeholder cell definition for module sky130_fd_sc_hd__nand3_2.
Creating placeholder cell definition for module sky130_fd_sc_hd__xnor2_2.
Creating placeholder cell definition for module sky130_fd_sc_hd__a21boi_1.
Creating placeholder cell definition for module sky130_fd_sc_hd__and3b_1.
Creating placeholder cell definition for module sky130_fd_sc_hd__nor2_4.
Creating placeholder cell definition for module sky130_fd_sc_hd__o311a_1.
Creating placeholder cell definition for module sky130_fd_sc_hd__o31ai_2.
Creating placeholder cell definition for module sky130_fd_sc_hd__o2111a_1.
Creating placeholder cell definition for module sky130_fd_sc_hd__a41oi_1.
Creating placeholder cell definition for module sky130_fd_sc_hd__nand3b_2.
Creating placeholder cell definition for module sky130_fd_sc_hd__or4bb_2.
Creating placeholder cell definition for module sky130_fd_sc_hd__o32a_1.
Creating placeholder cell definition for module sky130_fd_sc_hd__a211oi_4.
Creating placeholder cell definition for module sky130_fd_sc_hd__nand4_4.
Creating placeholder cell definition for module sky130_fd_sc_hd__o41a_1.
Creating placeholder cell definition for module sky130_fd_sc_hd__a21oi_2.
Creating placeholder cell definition for module sky130_fd_sc_hd__o22ai_1.
Creating placeholder cell definition for module sky130_fd_sc_hd__and4bb_1.
Creating placeholder cell definition for module sky130_fd_sc_hd__nand4b_1.
Creating placeholder cell definition for module sky130_fd_sc_hd__a311o_1.
Creating placeholder cell definition for module sky130_fd_sc_hd__nand3b_1.
Creating placeholder cell definition for module sky130_fd_sc_hd__o32ai_2.
Creating placeholder cell definition for module sky130_fd_sc_hd__o2111ai_4.
Creating placeholder cell definition for module sky130_fd_sc_hd__o221ai_2.
Creating placeholder cell definition for module sky130_fd_sc_hd__o211ai_2.
Creating placeholder cell definition for module sky130_fd_sc_hd__or4b_2.
Creating placeholder cell definition for module sky130_fd_sc_hd__o2111ai_1.
Creating placeholder cell definition for module sky130_fd_sc_hd__a2bb2oi_1.
Creating placeholder cell definition for module sky130_fd_sc_hd__and2b_2.
Creating placeholder cell definition for module sky130_fd_sc_hd__or4b_4.
Creating placeholder cell definition for module sky130_fd_sc_hd__o211a_2.
Creating placeholder cell definition for module sky130_fd_sc_hd__dfrtn_1.
Creating placeholder cell definition for module sky130_fd_sc_hd__dfstp_1.
Creating placeholder cell definition for module sky130_fd_sc_hd__dfrtp_1.
Creating placeholder cell definition for module sky130_fd_sc_hd__dfrtp_2.
Creating placeholder cell definition for module sky130_fd_sc_hd__dfrtp_4.
Creating placeholder cell definition for module sky130_fd_sc_hd__dfstp_2.
Creating placeholder cell definition for module sky130_fd_sc_hd__dfstp_4.
Creating placeholder cell definition for module sky130_fd_sc_hd__dfxtp_1.
Creating placeholder cell definition for module sky130_fd_sc_hd__clkbuf_2.
Creating placeholder cell definition for module sky130_fd_sc_hd__clkbuf_1.
Creating placeholder cell definition for module sky130_fd_sc_hd__decap_3.
Creating placeholder cell definition for module sky130_fd_sc_hd__tapvpwrvgnd_1.
Creating placeholder cell definition for module sky130_fd_sc_hd__buf_6.
Creating placeholder cell definition for module sky130_fd_sc_hd__buf_12.
Creating placeholder cell definition for module sky130_fd_sc_hd__dlymetal6s2s_1.
Creating placeholder cell definition for module sky130_fd_sc_hd__buf_2.
Creating placeholder cell definition for module sky130_fd_sc_hd__clkbuf_4.
Creating placeholder cell definition for module sky130_fd_sc_hd__buf_4.
Creating placeholder cell definition for module sky130_fd_sc_hd__buf_8.
Creating placeholder cell definition for module sky130_fd_sc_hd__conb_1.
Creating placeholder cell definition for module sky130_fd_sc_hd__clkbuf_8.
Creating placeholder cell definition for module sky130_fd_sc_hd__dlygate4sd3_1.
Creating placeholder cell definition for module sky130_fd_sc_hd__diode_2.
Creating placeholder cell definition for module sky130_fd_sc_hd__fill_2.
Creating placeholder cell definition for module sky130_fd_sc_hd__decap_6.
Creating placeholder cell definition for module sky130_fd_sc_hd__fill_1.
Creating placeholder cell definition for module sky130_fd_sc_hd__decap_4.
Creating placeholder cell definition for module sky130_fd_sc_hd__decap_8.
Creating placeholder cell definition for module sky130_ef_sc_hd__decap_12.
Reading setup file /home/hosni/OL_Updated_PDK/OpenLane/pdks/sky130A/libs.tech/netgen/sky130A_setup.tcl
Comparison output logged to file /openlane/designs/housekeeping/runs/CARAVEL_3/logs/signoff/32-housekeeping.lef.log
Logging to file "/openlane/designs/housekeeping/runs/CARAVEL_3/logs/signoff/32-housekeeping.lef.log" enabled
Circuit sky130_fd_sc_hd__decap_6 contains no devices.
Circuit sky130_fd_sc_hd__fill_2 contains no devices.
Circuit sky130_ef_sc_hd__decap_12 contains no devices.
Circuit sky130_fd_sc_hd__dfstp_1 contains no devices.
Circuit sky130_fd_sc_hd__fill_1 contains no devices.
Circuit sky130_fd_sc_hd__dfrtp_1 contains no devices.
Circuit sky130_fd_sc_hd__decap_4 contains no devices.
Circuit sky130_fd_sc_hd__mux2_1 contains no devices.
Circuit sky130_fd_sc_hd__buf_2 contains no devices.
Circuit sky130_fd_sc_hd__decap_8 contains no devices.
Circuit sky130_fd_sc_hd__a221o_1 contains no devices.
Circuit sky130_fd_sc_hd__and2_2 contains no devices.
Circuit sky130_fd_sc_hd__nor3_1 contains no devices.
Circuit sky130_fd_sc_hd__a21o_1 contains no devices.
Circuit sky130_fd_sc_hd__clkbuf_1 contains no devices.
Circuit sky130_fd_sc_hd__dlygate4sd3_1 contains no devices.
Circuit sky130_fd_sc_hd__clkbuf_2 contains no devices.
Circuit sky130_fd_sc_hd__dlymetal6s2s_1 contains no devices.
Circuit sky130_fd_sc_hd__tapvpwrvgnd_1 contains no devices.
Circuit sky130_fd_sc_hd__decap_3 contains no devices.
Circuit sky130_fd_sc_hd__or3b_1 contains no devices.
Circuit sky130_fd_sc_hd__o21ai_1 contains no devices.
Circuit sky130_fd_sc_hd__a211o_1 contains no devices.
Circuit sky130_fd_sc_hd__dfxtp_1 contains no devices.
Circuit sky130_fd_sc_hd__a21oi_1 contains no devices.
Circuit sky130_fd_sc_hd__a22o_1 contains no devices.
Circuit sky130_fd_sc_hd__inv_2 contains no devices.
Circuit sky130_fd_sc_hd__buf_6 contains no devices.
Circuit sky130_fd_sc_hd__and3_1 contains no devices.
Circuit sky130_fd_sc_hd__clkbuf_8 contains no devices.
Circuit sky130_fd_sc_hd__buf_12 contains no devices.
Circuit sky130_fd_sc_hd__nor2_1 contains no devices.
Circuit sky130_fd_sc_hd__or4_1 contains no devices.
Circuit sky130_fd_sc_hd__or2_2 contains no devices.
Circuit sky130_fd_sc_hd__nand2_1 contains no devices.
Circuit sky130_fd_sc_hd__and4_1 contains no devices.
Circuit sky130_fd_sc_hd__and2_1 contains no devices.
Circuit sky130_fd_sc_hd__o22ai_1 contains no devices.
Circuit sky130_fd_sc_hd__o311a_1 contains no devices.
Circuit sky130_fd_sc_hd__nand2b_1 contains no devices.
Circuit sky130_fd_sc_hd__o221a_1 contains no devices.
Circuit sky130_fd_sc_hd__nor2_2 contains no devices.
Circuit sky130_fd_sc_hd__o211a_1 contains no devices.
Circuit sky130_fd_sc_hd__diode_2 contains no devices.
Circuit sky130_fd_sc_hd__clkinv_2 contains no devices.
Circuit sky130_fd_sc_hd__clkbuf_16 contains no devices.
Circuit sky130_fd_sc_hd__or2_1 contains no devices.
Circuit sky130_fd_sc_hd__and2b_1 contains no devices.
Circuit sky130_fd_sc_hd__a2bb2o_1 contains no devices.
Circuit sky130_fd_sc_hd__a2111o_1 contains no devices.
Circuit sky130_fd_sc_hd__clkbuf_4 contains no devices.
Circuit sky130_fd_sc_hd__nand2_2 contains no devices.
Circuit sky130_fd_sc_hd__and3b_1 contains no devices.
Circuit sky130_fd_sc_hd__dfrtp_2 contains no devices.
Circuit sky130_fd_sc_hd__conb_1 contains no devices.
Circuit sky130_fd_sc_hd__a31o_1 contains no devices.
Circuit sky130_fd_sc_hd__a211oi_1 contains no devices.
Circuit sky130_fd_sc_hd__o21bai_1 contains no devices.
Circuit sky130_fd_sc_hd__or4b_1 contains no devices.
Circuit sky130_fd_sc_hd__or2_4 contains no devices.
Circuit sky130_fd_sc_hd__and4b_1 contains no devices.
Circuit sky130_fd_sc_hd__or3_1 contains no devices.
Circuit sky130_fd_sc_hd__o211a_2 contains no devices.
Circuit sky130_fd_sc_hd__dfrtn_1 contains no devices.
Circuit sky130_fd_sc_hd__dfstp_4 contains no devices.
Circuit sky130_fd_sc_hd__dfrtp_4 contains no devices.
Circuit sky130_fd_sc_hd__o31a_1 contains no devices.
Circuit sky130_fd_sc_hd__or4_2 contains no devices.
Circuit sky130_fd_sc_hd__a41oi_1 contains no devices.
Circuit sky130_fd_sc_hd__or3_2 contains no devices.
Circuit sky130_fd_sc_hd__and3_4 contains no devices.
Circuit sky130_fd_sc_hd__buf_4 contains no devices.
Circuit sky130_fd_sc_hd__o2111a_1 contains no devices.
Circuit sky130_fd_sc_hd__o21a_1 contains no devices.
Circuit sky130_fd_sc_hd__o22a_1 contains no devices.
Circuit sky130_fd_sc_hd__and4bb_1 contains no devices.
Circuit sky130_fd_sc_hd__a311o_1 contains no devices.
Circuit sky130_fd_sc_hd__o32a_1 contains no devices.
Circuit sky130_fd_sc_hd__nor4_2 contains no devices.
Circuit sky130_fd_sc_hd__and3_2 contains no devices.
Circuit sky130_fd_sc_hd__a21bo_1 contains no devices.
Circuit sky130_fd_sc_hd__mux2_2 contains no devices.
Circuit sky130_fd_sc_hd__xnor2_1 contains no devices.
Circuit sky130_fd_sc_hd__a41o_1 contains no devices.
Circuit sky130_fd_sc_hd__nand2b_2 contains no devices.
Circuit sky130_fd_sc_hd__buf_8 contains no devices.
Circuit sky130_fd_sc_hd__xor2_1 contains no devices.
Circuit sky130_fd_sc_hd__o21ba_1 contains no devices.
Circuit sky130_fd_sc_hd__nor3b_2 contains no devices.
Circuit sky130_fd_sc_hd__a32o_1 contains no devices.
Circuit sky130_fd_sc_hd__nand3_1 contains no devices.
Circuit sky130_fd_sc_hd__nor4_1 contains no devices.
Circuit sky130_fd_sc_hd__or4b_4 contains no devices.
Circuit sky130_fd_sc_hd__a31oi_1 contains no devices.
Circuit sky130_fd_sc_hd__a21boi_1 contains no devices.
Circuit sky130_fd_sc_hd__or4bb_1 contains no devices.
Circuit sky130_fd_sc_hd__a221o_2 contains no devices.
Circuit sky130_fd_sc_hd__or4bb_2 contains no devices.
Circuit sky130_fd_sc_hd__a22o_2 contains no devices.
Circuit sky130_fd_sc_hd__nor2_4 contains no devices.
Circuit sky130_fd_sc_hd__o2bb2ai_2 contains no devices.
Circuit sky130_fd_sc_hd__a211oi_4 contains no devices.
Circuit sky130_fd_sc_hd__xnor2_2 contains no devices.
Circuit sky130_fd_sc_hd__nand4b_1 contains no devices.
Circuit sky130_fd_sc_hd__o32ai_2 contains no devices.
Circuit sky130_fd_sc_hd__nand3_2 contains no devices.
Circuit sky130_fd_sc_hd__clkinv_4 contains no devices.
Circuit sky130_fd_sc_hd__o221ai_2 contains no devices.
Circuit sky130_fd_sc_hd__o21ai_2 contains no devices.
Circuit sky130_fd_sc_hd__o2111ai_1 contains no devices.
Circuit sky130_fd_sc_hd__dfstp_2 contains no devices.
Circuit sky130_fd_sc_hd__nand3b_2 contains no devices.
Circuit sky130_fd_sc_hd__nand3b_1 contains no devices.
Circuit sky130_fd_sc_hd__nor3_4 contains no devices.
Circuit sky130_fd_sc_hd__nand4_1 contains no devices.
Circuit sky130_fd_sc_hd__a21oi_2 contains no devices.
Circuit sky130_fd_sc_hd__or4b_2 contains no devices.
Circuit sky130_fd_sc_hd__o41a_1 contains no devices.
Circuit sky130_fd_sc_hd__nand4_4 contains no devices.
Circuit sky130_fd_sc_hd__and2b_2 contains no devices.
Circuit sky130_fd_sc_hd__o211ai_2 contains no devices.
Circuit sky130_fd_sc_hd__o31ai_2 contains no devices.
Circuit sky130_fd_sc_hd__o32ai_1 contains no devices.
Circuit sky130_fd_sc_hd__o2bb2a_1 contains no devices.
Circuit sky130_fd_sc_hd__o2111ai_4 contains no devices.
Circuit sky130_fd_sc_hd__a2bb2oi_1 contains no devices.

Contents of circuit 1:  Circuit: 'housekeeping'
Circuit housekeeping contains 29218 device instances.
  Class: sky130_fd_sc_hd__o2111ai_1 instances:   1
  Class: sky130_fd_sc_hd__o2111ai_4 instances:   1
  Class: sky130_fd_sc_hd__a41o_1 instances:   6
  Class: sky130_fd_sc_hd__a31o_1 instances:  26
  Class: sky130_fd_sc_hd__a21o_1 instances:  66
  Class: sky130_fd_sc_hd__a2bb2oi_1 instances:   1
  Class: sky130_fd_sc_hd__o32ai_1 instances:   1
  Class: sky130_fd_sc_hd__o32ai_2 instances:   1
  Class: sky130_fd_sc_hd__clkbuf_16 instances:  92
  Class: sky130_fd_sc_hd__dfxtp_1 instances:  32
  Class: sky130_fd_sc_hd__o31ai_2 instances:   1
  Class: sky130_fd_sc_hd__or4_1 instances: 152
  Class: sky130_fd_sc_hd__or4_2 instances:   3
  Class: sky130_fd_sc_hd__a31oi_1 instances:   2
  Class: sky130_fd_sc_hd__nand4_1 instances:   5
  Class: sky130_fd_sc_hd__buf_2 instances:  77
  Class: sky130_fd_sc_hd__nand4_4 instances:   1
  Class: sky130_fd_sc_hd__buf_4 instances:   9
  Class: sky130_fd_sc_hd__buf_6 instances:  72
  Class: sky130_fd_sc_hd__buf_8 instances:   2
  Class: sky130_fd_sc_hd__a2bb2o_1 instances:   5
  Class: sky130_fd_sc_hd__and3b_1 instances:   9
  Class: sky130_fd_sc_hd__xor2_1 instances:   2
  Class: sky130_fd_sc_hd__o221ai_2 instances:   1
  Class: sky130_fd_sc_hd__dfstp_1 instances: 151
  Class: sky130_fd_sc_hd__dfstp_2 instances:   3
  Class: sky130_fd_sc_hd__dfstp_4 instances:   2
  Class: sky130_ef_sc_hd__decap_12 instances: 2053
  Class: sky130_fd_sc_hd__dfrtp_1 instances: 546
  Class: sky130_fd_sc_hd__dfrtp_2 instances:  23
  Class: sky130_fd_sc_hd__dfrtp_4 instances:   4
  Class: sky130_fd_sc_hd__and4_1 instances:  13
  Class: sky130_fd_sc_hd__inv_2 instances:  74
  Class: sky130_fd_sc_hd__clkbuf_1 instances: 2309
  Class: sky130_fd_sc_hd__clkbuf_2 instances: 939
  Class: sky130_fd_sc_hd__clkbuf_4 instances:  16
  Class: sky130_fd_sc_hd__clkbuf_8 instances:  38
  Class: sky130_fd_sc_hd__or3_1 instances:  62
  Class: sky130_fd_sc_hd__or3_2 instances:   7
  Class: sky130_fd_sc_hd__nand3_1 instances:   3
  Class: sky130_fd_sc_hd__nand3_2 instances:   2
  Class: sky130_fd_sc_hd__o21ba_1 instances:   9
  Class: sky130_fd_sc_hd__and2b_1 instances:  22
  Class: sky130_fd_sc_hd__and2b_2 instances:   1
  Class: sky130_fd_sc_hd__conb_1 instances:   1
  Class: sky130_fd_sc_hd__a21boi_1 instances:   3
  Class: sky130_fd_sc_hd__nand4b_1 instances:   1
  Class: sky130_fd_sc_hd__buf_12 instances: 175
  Class: sky130_fd_sc_hd__a21bo_1 instances:   4
  Class: sky130_fd_sc_hd__clkinv_2 instances:  10
  Class: sky130_fd_sc_hd__clkinv_4 instances:   2
  Class: sky130_fd_sc_hd__and3_1 instances:  83
  Class: sky130_fd_sc_hd__and3_2 instances:   2
  Class: sky130_fd_sc_hd__and3_4 instances:   1
  Class: sky130_fd_sc_hd__a2111o_1 instances:  28
  Class: sky130_fd_sc_hd__decap_3 instances: 1147
  Class: sky130_fd_sc_hd__decap_4 instances: 4969
  Class: sky130_fd_sc_hd__decap_6 instances: 1672
  Class: sky130_fd_sc_hd__decap_8 instances: 1818
  Class: sky130_fd_sc_hd__dlygate4sd3_1 instances: 729
  Class: sky130_fd_sc_hd__or2_1 instances: 105
  Class: sky130_fd_sc_hd__or2_2 instances:  11
  Class: sky130_fd_sc_hd__or2_4 instances:   4
  Class: sky130_fd_sc_hd__nand2_1 instances: 149
  Class: sky130_fd_sc_hd__nand2_2 instances:  39
  Class: sky130_fd_sc_hd__nand3b_1 instances:   1
  Class: sky130_fd_sc_hd__nand3b_2 instances:   1
  Class: sky130_fd_sc_hd__mux2_1 instances: 780
  Class: sky130_fd_sc_hd__mux2_2 instances:   3
  Class: sky130_fd_sc_hd__dfrtn_1 instances:   9
  Class: sky130_fd_sc_hd__o2bb2ai_2 instances:   1
  Class: sky130_fd_sc_hd__a211oi_1 instances:   3
  Class: sky130_fd_sc_hd__and2_1 instances:  97
  Class: sky130_fd_sc_hd__and2_2 instances:  18
  Class: sky130_fd_sc_hd__a211oi_4 instances:   1
  Class: sky130_fd_sc_hd__or4b_1 instances:  28
  Class: sky130_fd_sc_hd__or4b_2 instances:   1
  Class: sky130_fd_sc_hd__or4b_4 instances:   1
  Class: sky130_fd_sc_hd__nor4_1 instances:   7
  Class: sky130_fd_sc_hd__nor4_2 instances:   2
  Class: sky130_fd_sc_hd__o32a_1 instances:  13
  Class: sky130_fd_sc_hd__o22a_1 instances:  23
  Class: sky130_fd_sc_hd__xnor2_1 instances:   6
  Class: sky130_fd_sc_hd__xnor2_2 instances:   1
  Class: sky130_fd_sc_hd__nor3b_2 instances:   2
  Class: sky130_fd_sc_hd__o221a_1 instances:  41
  Class: sky130_fd_sc_hd__o21bai_1 instances:   6
  Class: sky130_fd_sc_hd__o211a_1 instances:  21
  Class: sky130_fd_sc_hd__o211a_2 instances:   1
  Class: sky130_fd_sc_hd__nand2b_1 instances:   9
  Class: sky130_fd_sc_hd__nand2b_2 instances:   3
  Class: sky130_fd_sc_hd__diode_2 instances: 134
  Class: sky130_fd_sc_hd__a221o_1 instances: 376
  Class: sky130_fd_sc_hd__a221o_2 instances:   1
  Class: sky130_fd_sc_hd__a211o_1 instances:  31
  Class: sky130_fd_sc_hd__o2111a_1 instances:   9
  Class: sky130_fd_sc_hd__or3b_1 instances:  26
  Class: sky130_fd_sc_hd__dlymetal6s2s_1 instances: 712
  Class: sky130_fd_sc_hd__or4bb_1 instances:   5
  Class: sky130_fd_sc_hd__or4bb_2 instances:   1
  Class: sky130_fd_sc_hd__nor3_1 instances:  16
  Class: sky130_fd_sc_hd__nor3_4 instances:   1
  Class: sky130_fd_sc_hd__a32o_1 instances:   5
  Class: sky130_fd_sc_hd__o41a_1 instances:   4
  Class: sky130_fd_sc_hd__a22o_1 instances: 392
  Class: sky130_fd_sc_hd__a22o_2 instances:   1
  Class: sky130_fd_sc_hd__o31a_1 instances:  12
  Class: sky130_fd_sc_hd__o2bb2a_1 instances:   1
  Class: sky130_fd_sc_hd__o21a_1 instances:  14
  Class: sky130_fd_sc_hd__a41oi_1 instances:   1
  Class: sky130_fd_sc_hd__o311a_1 instances:   8
  Class: sky130_fd_sc_hd__o22ai_1 instances:   4
  Class: sky130_fd_sc_hd__and4b_1 instances:  10
  Class: sky130_fd_sc_hd__o21ai_1 instances:  34
  Class: sky130_fd_sc_hd__o21ai_2 instances:   3
  Class: sky130_fd_sc_hd__tapvpwrvgnd_1 instances: 2646
  Class: sky130_fd_sc_hd__a21oi_1 instances:  26
  Class: sky130_fd_sc_hd__a21oi_2 instances:   1
  Class: sky130_fd_sc_hd__a311o_1 instances:   5
  Class: sky130_fd_sc_hd__fill_1 instances: 2372
  Class: sky130_fd_sc_hd__fill_2 instances: 3207
  Class: sky130_fd_sc_hd__o211ai_2 instances:   1
  Class: sky130_fd_sc_hd__and4bb_1 instances:   4
  Class: sky130_fd_sc_hd__nor2_1 instances: 254
  Class: sky130_fd_sc_hd__nor2_2 instances:  22
  Class: sky130_fd_sc_hd__nor2_4 instances:   2
Circuit contains 9376 nets.
Contents of circuit 2:  Circuit: 'housekeeping'
Circuit housekeeping contains 29218 device instances.
  Class: sky130_fd_sc_hd__o2111ai_1 instances:   1
  Class: sky130_fd_sc_hd__o2111ai_4 instances:   1
  Class: sky130_fd_sc_hd__a41o_1 instances:   6
  Class: sky130_fd_sc_hd__a31o_1 instances:  26
  Class: sky130_fd_sc_hd__a21o_1 instances:  66
  Class: sky130_fd_sc_hd__a2bb2oi_1 instances:   1
  Class: sky130_fd_sc_hd__o32ai_1 instances:   1
  Class: sky130_fd_sc_hd__o32ai_2 instances:   1
  Class: sky130_fd_sc_hd__clkbuf_16 instances:  92
  Class: sky130_fd_sc_hd__dfxtp_1 instances:  32
  Class: sky130_fd_sc_hd__o31ai_2 instances:   1
  Class: sky130_fd_sc_hd__or4_1 instances: 152
  Class: sky130_fd_sc_hd__or4_2 instances:   3
  Class: sky130_fd_sc_hd__a31oi_1 instances:   2
  Class: sky130_fd_sc_hd__nand4_1 instances:   5
  Class: sky130_fd_sc_hd__buf_2 instances:  77
  Class: sky130_fd_sc_hd__buf_4 instances:   9
  Class: sky130_fd_sc_hd__nand4_4 instances:   1
  Class: sky130_fd_sc_hd__buf_6 instances:  72
  Class: sky130_fd_sc_hd__buf_8 instances:   2
  Class: sky130_fd_sc_hd__a2bb2o_1 instances:   5
  Class: sky130_fd_sc_hd__and3b_1 instances:   9
  Class: sky130_fd_sc_hd__xor2_1 instances:   2
  Class: sky130_fd_sc_hd__o221ai_2 instances:   1
  Class: sky130_fd_sc_hd__dfstp_1 instances: 151
  Class: sky130_fd_sc_hd__dfstp_2 instances:   3
  Class: sky130_ef_sc_hd__decap_12 instances: 2053
  Class: sky130_fd_sc_hd__dfstp_4 instances:   2
  Class: sky130_fd_sc_hd__dfrtp_1 instances: 546
  Class: sky130_fd_sc_hd__dfrtp_2 instances:  23
  Class: sky130_fd_sc_hd__dfrtp_4 instances:   4
  Class: sky130_fd_sc_hd__and4_1 instances:  13
  Class: sky130_fd_sc_hd__inv_2 instances:  74
  Class: sky130_fd_sc_hd__clkbuf_1 instances: 2309
  Class: sky130_fd_sc_hd__clkbuf_2 instances: 939
  Class: sky130_fd_sc_hd__clkbuf_4 instances:  16
  Class: sky130_fd_sc_hd__clkbuf_8 instances:  38
  Class: sky130_fd_sc_hd__or3_1 instances:  62
  Class: sky130_fd_sc_hd__or3_2 instances:   7
  Class: sky130_fd_sc_hd__nand3_1 instances:   3
  Class: sky130_fd_sc_hd__nand3_2 instances:   2
  Class: sky130_fd_sc_hd__o21ba_1 instances:   9
  Class: sky130_fd_sc_hd__and2b_1 instances:  22
  Class: sky130_fd_sc_hd__conb_1 instances:   1
  Class: sky130_fd_sc_hd__and2b_2 instances:   1
  Class: sky130_fd_sc_hd__a21boi_1 instances:   3
  Class: sky130_fd_sc_hd__nand4b_1 instances:   1
  Class: sky130_fd_sc_hd__buf_12 instances: 175
  Class: sky130_fd_sc_hd__a21bo_1 instances:   4
  Class: sky130_fd_sc_hd__clkinv_2 instances:  10
  Class: sky130_fd_sc_hd__clkinv_4 instances:   2
  Class: sky130_fd_sc_hd__and3_1 instances:  83
  Class: sky130_fd_sc_hd__and3_2 instances:   2
  Class: sky130_fd_sc_hd__and3_4 instances:   1
  Class: sky130_fd_sc_hd__a2111o_1 instances:  28
  Class: sky130_fd_sc_hd__decap_3 instances: 1147
  Class: sky130_fd_sc_hd__decap_4 instances: 4969
  Class: sky130_fd_sc_hd__decap_6 instances: 1672
  Class: sky130_fd_sc_hd__decap_8 instances: 1818
  Class: sky130_fd_sc_hd__dlygate4sd3_1 instances: 729
  Class: sky130_fd_sc_hd__or2_1 instances: 105
  Class: sky130_fd_sc_hd__or2_2 instances:  11
  Class: sky130_fd_sc_hd__or2_4 instances:   4
  Class: sky130_fd_sc_hd__nand2_1 instances: 149
  Class: sky130_fd_sc_hd__nand2_2 instances:  39
  Class: sky130_fd_sc_hd__nand3b_1 instances:   1
  Class: sky130_fd_sc_hd__nand3b_2 instances:   1
  Class: sky130_fd_sc_hd__mux2_1 instances: 780
  Class: sky130_fd_sc_hd__mux2_2 instances:   3
  Class: sky130_fd_sc_hd__dfrtn_1 instances:   9
  Class: sky130_fd_sc_hd__o2bb2ai_2 instances:   1
  Class: sky130_fd_sc_hd__a211oi_1 instances:   3
  Class: sky130_fd_sc_hd__and2_1 instances:  97
  Class: sky130_fd_sc_hd__and2_2 instances:  18
  Class: sky130_fd_sc_hd__a211oi_4 instances:   1
  Class: sky130_fd_sc_hd__or4b_1 instances:  28
  Class: sky130_fd_sc_hd__or4b_2 instances:   1
  Class: sky130_fd_sc_hd__or4b_4 instances:   1
  Class: sky130_fd_sc_hd__nor4_1 instances:   7
  Class: sky130_fd_sc_hd__nor4_2 instances:   2
  Class: sky130_fd_sc_hd__o32a_1 instances:  13
  Class: sky130_fd_sc_hd__o22a_1 instances:  23
  Class: sky130_fd_sc_hd__xnor2_1 instances:   6
  Class: sky130_fd_sc_hd__xnor2_2 instances:   1
  Class: sky130_fd_sc_hd__nor3b_2 instances:   2
  Class: sky130_fd_sc_hd__o221a_1 instances:  41
  Class: sky130_fd_sc_hd__o21bai_1 instances:   6
  Class: sky130_fd_sc_hd__o211a_1 instances:  21
  Class: sky130_fd_sc_hd__o211a_2 instances:   1
  Class: sky130_fd_sc_hd__nand2b_1 instances:   9
  Class: sky130_fd_sc_hd__nand2b_2 instances:   3
  Class: sky130_fd_sc_hd__diode_2 instances: 134
  Class: sky130_fd_sc_hd__a221o_1 instances: 376
  Class: sky130_fd_sc_hd__a221o_2 instances:   1
  Class: sky130_fd_sc_hd__a211o_1 instances:  31
  Class: sky130_fd_sc_hd__o2111a_1 instances:   9
  Class: sky130_fd_sc_hd__or3b_1 instances:  26
  Class: sky130_fd_sc_hd__dlymetal6s2s_1 instances: 712
  Class: sky130_fd_sc_hd__or4bb_1 instances:   5
  Class: sky130_fd_sc_hd__or4bb_2 instances:   1
  Class: sky130_fd_sc_hd__nor3_1 instances:  16
  Class: sky130_fd_sc_hd__nor3_4 instances:   1
  Class: sky130_fd_sc_hd__a32o_1 instances:   5
  Class: sky130_fd_sc_hd__o41a_1 instances:   4
  Class: sky130_fd_sc_hd__a22o_1 instances: 392
  Class: sky130_fd_sc_hd__a22o_2 instances:   1
  Class: sky130_fd_sc_hd__o31a_1 instances:  12
  Class: sky130_fd_sc_hd__o2bb2a_1 instances:   1
  Class: sky130_fd_sc_hd__o21a_1 instances:  14
  Class: sky130_fd_sc_hd__a41oi_1 instances:   1
  Class: sky130_fd_sc_hd__o311a_1 instances:   8
  Class: sky130_fd_sc_hd__o22ai_1 instances:   4
  Class: sky130_fd_sc_hd__and4b_1 instances:  10
  Class: sky130_fd_sc_hd__o21ai_1 instances:  34
  Class: sky130_fd_sc_hd__tapvpwrvgnd_1 instances: 2646
  Class: sky130_fd_sc_hd__o21ai_2 instances:   3
  Class: sky130_fd_sc_hd__a21oi_1 instances:  26
  Class: sky130_fd_sc_hd__a21oi_2 instances:   1
  Class: sky130_fd_sc_hd__a311o_1 instances:   5
  Class: sky130_fd_sc_hd__fill_1 instances: 2372
  Class: sky130_fd_sc_hd__fill_2 instances: 3207
  Class: sky130_fd_sc_hd__o211ai_2 instances:   1
  Class: sky130_fd_sc_hd__and4bb_1 instances:   4
  Class: sky130_fd_sc_hd__nor2_1 instances: 254
  Class: sky130_fd_sc_hd__nor2_2 instances:  22
  Class: sky130_fd_sc_hd__nor2_4 instances:   2
Circuit contains 9376 nets.

Circuit was modified by parallel/series device merging.
New circuit summary:

Contents of circuit 1:  Circuit: 'housekeeping'
Circuit housekeeping contains 9308 device instances.
  Class: sky130_fd_sc_hd__o2111ai_1 instances:   1
  Class: sky130_fd_sc_hd__o2111ai_4 instances:   1
  Class: sky130_fd_sc_hd__a41o_1 instances:   6
  Class: sky130_fd_sc_hd__a31o_1 instances:  26
  Class: sky130_fd_sc_hd__a21o_1 instances:  66
  Class: sky130_fd_sc_hd__a2bb2oi_1 instances:   1
  Class: sky130_fd_sc_hd__o32ai_1 instances:   1
  Class: sky130_fd_sc_hd__o32ai_2 instances:   1
  Class: sky130_fd_sc_hd__clkbuf_16 instances:  92
  Class: sky130_fd_sc_hd__dfxtp_1 instances:  32
  Class: sky130_fd_sc_hd__o31ai_2 instances:   1
  Class: sky130_fd_sc_hd__or4_1 instances: 152
  Class: sky130_fd_sc_hd__or4_2 instances:   3
  Class: sky130_fd_sc_hd__a31oi_1 instances:   2
  Class: sky130_fd_sc_hd__nand4_1 instances:   5
  Class: sky130_fd_sc_hd__buf_2 instances:  77
  Class: sky130_fd_sc_hd__nand4_4 instances:   1
  Class: sky130_fd_sc_hd__buf_4 instances:   9
  Class: sky130_fd_sc_hd__buf_6 instances:  72
  Class: sky130_fd_sc_hd__buf_8 instances:   2
  Class: sky130_fd_sc_hd__a2bb2o_1 instances:   5
  Class: sky130_fd_sc_hd__and3b_1 instances:   9
  Class: sky130_fd_sc_hd__xor2_1 instances:   2
  Class: sky130_fd_sc_hd__o221ai_2 instances:   1
  Class: sky130_fd_sc_hd__dfstp_1 instances: 151
  Class: sky130_fd_sc_hd__dfstp_2 instances:   3
  Class: sky130_fd_sc_hd__dfstp_4 instances:   2
  Class: sky130_ef_sc_hd__decap_12 instances:   1
  Class: sky130_fd_sc_hd__dfrtp_1 instances: 546
  Class: sky130_fd_sc_hd__dfrtp_2 instances:  23
  Class: sky130_fd_sc_hd__dfrtp_4 instances:   4
  Class: sky130_fd_sc_hd__and4_1 instances:  13
  Class: sky130_fd_sc_hd__inv_2 instances:  74
  Class: sky130_fd_sc_hd__clkbuf_1 instances: 2309
  Class: sky130_fd_sc_hd__clkbuf_2 instances: 939
  Class: sky130_fd_sc_hd__clkbuf_4 instances:  16
  Class: sky130_fd_sc_hd__clkbuf_8 instances:  38
  Class: sky130_fd_sc_hd__or3_1 instances:  62
  Class: sky130_fd_sc_hd__or3_2 instances:   7
  Class: sky130_fd_sc_hd__nand3_1 instances:   3
  Class: sky130_fd_sc_hd__nand3_2 instances:   2
  Class: sky130_fd_sc_hd__o21ba_1 instances:   9
  Class: sky130_fd_sc_hd__and2b_1 instances:  22
  Class: sky130_fd_sc_hd__and2b_2 instances:   1
  Class: sky130_fd_sc_hd__conb_1 instances:   1
  Class: sky130_fd_sc_hd__a21boi_1 instances:   3
  Class: sky130_fd_sc_hd__nand4b_1 instances:   1
  Class: sky130_fd_sc_hd__buf_12 instances: 175
  Class: sky130_fd_sc_hd__a21bo_1 instances:   4
  Class: sky130_fd_sc_hd__clkinv_2 instances:  10
  Class: sky130_fd_sc_hd__clkinv_4 instances:   2
  Class: sky130_fd_sc_hd__and3_1 instances:  83
  Class: sky130_fd_sc_hd__and3_2 instances:   2
  Class: sky130_fd_sc_hd__and3_4 instances:   1
  Class: sky130_fd_sc_hd__a2111o_1 instances:  28
  Class: sky130_fd_sc_hd__decap_3 instances:   1
  Class: sky130_fd_sc_hd__decap_4 instances:   1
  Class: sky130_fd_sc_hd__decap_6 instances:   1
  Class: sky130_fd_sc_hd__decap_8 instances:   1
  Class: sky130_fd_sc_hd__dlygate4sd3_1 instances: 729
  Class: sky130_fd_sc_hd__or2_1 instances: 105
  Class: sky130_fd_sc_hd__or2_2 instances:  11
  Class: sky130_fd_sc_hd__or2_4 instances:   4
  Class: sky130_fd_sc_hd__nand2_1 instances: 149
  Class: sky130_fd_sc_hd__nand2_2 instances:  39
  Class: sky130_fd_sc_hd__nand3b_1 instances:   1
  Class: sky130_fd_sc_hd__nand3b_2 instances:   1
  Class: sky130_fd_sc_hd__mux2_1 instances: 780
  Class: sky130_fd_sc_hd__mux2_2 instances:   3
  Class: sky130_fd_sc_hd__dfrtn_1 instances:   9
  Class: sky130_fd_sc_hd__o2bb2ai_2 instances:   1
  Class: sky130_fd_sc_hd__a211oi_1 instances:   3
  Class: sky130_fd_sc_hd__and2_1 instances:  97
  Class: sky130_fd_sc_hd__and2_2 instances:  18
  Class: sky130_fd_sc_hd__a211oi_4 instances:   1
  Class: sky130_fd_sc_hd__or4b_1 instances:  28
  Class: sky130_fd_sc_hd__or4b_2 instances:   1
  Class: sky130_fd_sc_hd__or4b_4 instances:   1
  Class: sky130_fd_sc_hd__nor4_1 instances:   7
  Class: sky130_fd_sc_hd__nor4_2 instances:   2
  Class: sky130_fd_sc_hd__o32a_1 instances:  13
  Class: sky130_fd_sc_hd__o22a_1 instances:  23
  Class: sky130_fd_sc_hd__xnor2_1 instances:   6
  Class: sky130_fd_sc_hd__xnor2_2 instances:   1
  Class: sky130_fd_sc_hd__nor3b_2 instances:   2
  Class: sky130_fd_sc_hd__o221a_1 instances:  41
  Class: sky130_fd_sc_hd__o21bai_1 instances:   6
  Class: sky130_fd_sc_hd__o211a_1 instances:  21
  Class: sky130_fd_sc_hd__o211a_2 instances:   1
  Class: sky130_fd_sc_hd__nand2b_1 instances:   9
  Class: sky130_fd_sc_hd__nand2b_2 instances:   3
  Class: sky130_fd_sc_hd__diode_2 instances: 100
  Class: sky130_fd_sc_hd__a221o_1 instances: 376
  Class: sky130_fd_sc_hd__a221o_2 instances:   1
  Class: sky130_fd_sc_hd__a211o_1 instances:  31
  Class: sky130_fd_sc_hd__o2111a_1 instances:   9
  Class: sky130_fd_sc_hd__or3b_1 instances:  26
  Class: sky130_fd_sc_hd__dlymetal6s2s_1 instances: 712
  Class: sky130_fd_sc_hd__or4bb_1 instances:   5
  Class: sky130_fd_sc_hd__or4bb_2 instances:   1
  Class: sky130_fd_sc_hd__nor3_1 instances:  16
  Class: sky130_fd_sc_hd__nor3_4 instances:   1
  Class: sky130_fd_sc_hd__a32o_1 instances:   5
  Class: sky130_fd_sc_hd__o41a_1 instances:   4
  Class: sky130_fd_sc_hd__a22o_1 instances: 392
  Class: sky130_fd_sc_hd__a22o_2 instances:   1
  Class: sky130_fd_sc_hd__o31a_1 instances:  12
  Class: sky130_fd_sc_hd__o2bb2a_1 instances:   1
  Class: sky130_fd_sc_hd__o21a_1 instances:  14
  Class: sky130_fd_sc_hd__a41oi_1 instances:   1
  Class: sky130_fd_sc_hd__o311a_1 instances:   8
  Class: sky130_fd_sc_hd__o22ai_1 instances:   4
  Class: sky130_fd_sc_hd__and4b_1 instances:  10
  Class: sky130_fd_sc_hd__o21ai_1 instances:  34
  Class: sky130_fd_sc_hd__o21ai_2 instances:   3
  Class: sky130_fd_sc_hd__tapvpwrvgnd_1 instances:   1
  Class: sky130_fd_sc_hd__a21oi_1 instances:  26
  Class: sky130_fd_sc_hd__a21oi_2 instances:   1
  Class: sky130_fd_sc_hd__a311o_1 instances:   5
  Class: sky130_fd_sc_hd__fill_1 instances:   1
  Class: sky130_fd_sc_hd__fill_2 instances:   1
  Class: sky130_fd_sc_hd__o211ai_2 instances:   1
  Class: sky130_fd_sc_hd__and4bb_1 instances:   4
  Class: sky130_fd_sc_hd__nor2_1 instances: 254
  Class: sky130_fd_sc_hd__nor2_2 instances:  22
  Class: sky130_fd_sc_hd__nor2_4 instances:   2
Circuit contains 9376 nets.
Contents of circuit 2:  Circuit: 'housekeeping'
Circuit housekeeping contains 9308 device instances.
  Class: sky130_fd_sc_hd__o2111ai_1 instances:   1
  Class: sky130_fd_sc_hd__o2111ai_4 instances:   1
  Class: sky130_fd_sc_hd__a41o_1 instances:   6
  Class: sky130_fd_sc_hd__a31o_1 instances:  26
  Class: sky130_fd_sc_hd__a21o_1 instances:  66
  Class: sky130_fd_sc_hd__a2bb2oi_1 instances:   1
  Class: sky130_fd_sc_hd__o32ai_1 instances:   1
  Class: sky130_fd_sc_hd__o32ai_2 instances:   1
  Class: sky130_fd_sc_hd__clkbuf_16 instances:  92
  Class: sky130_fd_sc_hd__dfxtp_1 instances:  32
  Class: sky130_fd_sc_hd__o31ai_2 instances:   1
  Class: sky130_fd_sc_hd__or4_1 instances: 152
  Class: sky130_fd_sc_hd__or4_2 instances:   3
  Class: sky130_fd_sc_hd__a31oi_1 instances:   2
  Class: sky130_fd_sc_hd__nand4_1 instances:   5
  Class: sky130_fd_sc_hd__buf_2 instances:  77
  Class: sky130_fd_sc_hd__buf_4 instances:   9
  Class: sky130_fd_sc_hd__nand4_4 instances:   1
  Class: sky130_fd_sc_hd__buf_6 instances:  72
  Class: sky130_fd_sc_hd__buf_8 instances:   2
  Class: sky130_fd_sc_hd__a2bb2o_1 instances:   5
  Class: sky130_fd_sc_hd__and3b_1 instances:   9
  Class: sky130_fd_sc_hd__xor2_1 instances:   2
  Class: sky130_fd_sc_hd__o221ai_2 instances:   1
  Class: sky130_fd_sc_hd__dfstp_1 instances: 151
  Class: sky130_fd_sc_hd__dfstp_2 instances:   3
  Class: sky130_ef_sc_hd__decap_12 instances:   1
  Class: sky130_fd_sc_hd__dfstp_4 instances:   2
  Class: sky130_fd_sc_hd__dfrtp_1 instances: 546
  Class: sky130_fd_sc_hd__dfrtp_2 instances:  23
  Class: sky130_fd_sc_hd__dfrtp_4 instances:   4
  Class: sky130_fd_sc_hd__and4_1 instances:  13
  Class: sky130_fd_sc_hd__inv_2 instances:  74
  Class: sky130_fd_sc_hd__clkbuf_1 instances: 2309
  Class: sky130_fd_sc_hd__clkbuf_2 instances: 939
  Class: sky130_fd_sc_hd__clkbuf_4 instances:  16
  Class: sky130_fd_sc_hd__clkbuf_8 instances:  38
  Class: sky130_fd_sc_hd__or3_1 instances:  62
  Class: sky130_fd_sc_hd__or3_2 instances:   7
  Class: sky130_fd_sc_hd__nand3_1 instances:   3
  Class: sky130_fd_sc_hd__nand3_2 instances:   2
  Class: sky130_fd_sc_hd__o21ba_1 instances:   9
  Class: sky130_fd_sc_hd__and2b_1 instances:  22
  Class: sky130_fd_sc_hd__conb_1 instances:   1
  Class: sky130_fd_sc_hd__and2b_2 instances:   1
  Class: sky130_fd_sc_hd__a21boi_1 instances:   3
  Class: sky130_fd_sc_hd__nand4b_1 instances:   1
  Class: sky130_fd_sc_hd__buf_12 instances: 175
  Class: sky130_fd_sc_hd__a21bo_1 instances:   4
  Class: sky130_fd_sc_hd__clkinv_2 instances:  10
  Class: sky130_fd_sc_hd__clkinv_4 instances:   2
  Class: sky130_fd_sc_hd__and3_1 instances:  83
  Class: sky130_fd_sc_hd__and3_2 instances:   2
  Class: sky130_fd_sc_hd__and3_4 instances:   1
  Class: sky130_fd_sc_hd__a2111o_1 instances:  28
  Class: sky130_fd_sc_hd__decap_3 instances:   1
  Class: sky130_fd_sc_hd__decap_4 instances:   1
  Class: sky130_fd_sc_hd__decap_6 instances:   1
  Class: sky130_fd_sc_hd__decap_8 instances:   1
  Class: sky130_fd_sc_hd__dlygate4sd3_1 instances: 729
  Class: sky130_fd_sc_hd__or2_1 instances: 105
  Class: sky130_fd_sc_hd__or2_2 instances:  11
  Class: sky130_fd_sc_hd__or2_4 instances:   4
  Class: sky130_fd_sc_hd__nand2_1 instances: 149
  Class: sky130_fd_sc_hd__nand2_2 instances:  39
  Class: sky130_fd_sc_hd__nand3b_1 instances:   1
  Class: sky130_fd_sc_hd__nand3b_2 instances:   1
  Class: sky130_fd_sc_hd__mux2_1 instances: 780
  Class: sky130_fd_sc_hd__mux2_2 instances:   3
  Class: sky130_fd_sc_hd__dfrtn_1 instances:   9
  Class: sky130_fd_sc_hd__o2bb2ai_2 instances:   1
  Class: sky130_fd_sc_hd__a211oi_1 instances:   3
  Class: sky130_fd_sc_hd__and2_1 instances:  97
  Class: sky130_fd_sc_hd__and2_2 instances:  18
  Class: sky130_fd_sc_hd__a211oi_4 instances:   1
  Class: sky130_fd_sc_hd__or4b_1 instances:  28
  Class: sky130_fd_sc_hd__or4b_2 instances:   1
  Class: sky130_fd_sc_hd__or4b_4 instances:   1
  Class: sky130_fd_sc_hd__nor4_1 instances:   7
  Class: sky130_fd_sc_hd__nor4_2 instances:   2
  Class: sky130_fd_sc_hd__o32a_1 instances:  13
  Class: sky130_fd_sc_hd__o22a_1 instances:  23
  Class: sky130_fd_sc_hd__xnor2_1 instances:   6
  Class: sky130_fd_sc_hd__xnor2_2 instances:   1
  Class: sky130_fd_sc_hd__nor3b_2 instances:   2
  Class: sky130_fd_sc_hd__o221a_1 instances:  41
  Class: sky130_fd_sc_hd__o21bai_1 instances:   6
  Class: sky130_fd_sc_hd__o211a_1 instances:  21
  Class: sky130_fd_sc_hd__o211a_2 instances:   1
  Class: sky130_fd_sc_hd__nand2b_1 instances:   9
  Class: sky130_fd_sc_hd__nand2b_2 instances:   3
  Class: sky130_fd_sc_hd__diode_2 instances: 100
  Class: sky130_fd_sc_hd__a221o_1 instances: 376
  Class: sky130_fd_sc_hd__a221o_2 instances:   1
  Class: sky130_fd_sc_hd__a211o_1 instances:  31
  Class: sky130_fd_sc_hd__o2111a_1 instances:   9
  Class: sky130_fd_sc_hd__or3b_1 instances:  26
  Class: sky130_fd_sc_hd__dlymetal6s2s_1 instances: 712
  Class: sky130_fd_sc_hd__or4bb_1 instances:   5
  Class: sky130_fd_sc_hd__or4bb_2 instances:   1
  Class: sky130_fd_sc_hd__nor3_1 instances:  16
  Class: sky130_fd_sc_hd__nor3_4 instances:   1
  Class: sky130_fd_sc_hd__a32o_1 instances:   5
  Class: sky130_fd_sc_hd__o41a_1 instances:   4
  Class: sky130_fd_sc_hd__a22o_1 instances: 392
  Class: sky130_fd_sc_hd__a22o_2 instances:   1
  Class: sky130_fd_sc_hd__o31a_1 instances:  12
  Class: sky130_fd_sc_hd__o2bb2a_1 instances:   1
  Class: sky130_fd_sc_hd__o21a_1 instances:  14
  Class: sky130_fd_sc_hd__a41oi_1 instances:   1
  Class: sky130_fd_sc_hd__o311a_1 instances:   8
  Class: sky130_fd_sc_hd__o22ai_1 instances:   4
  Class: sky130_fd_sc_hd__and4b_1 instances:  10
  Class: sky130_fd_sc_hd__o21ai_1 instances:  34
  Class: sky130_fd_sc_hd__tapvpwrvgnd_1 instances:   1
  Class: sky130_fd_sc_hd__o21ai_2 instances:   3
  Class: sky130_fd_sc_hd__a21oi_1 instances:  26
  Class: sky130_fd_sc_hd__a21oi_2 instances:   1
  Class: sky130_fd_sc_hd__a311o_1 instances:   5
  Class: sky130_fd_sc_hd__fill_1 instances:   1
  Class: sky130_fd_sc_hd__fill_2 instances:   1
  Class: sky130_fd_sc_hd__o211ai_2 instances:   1
  Class: sky130_fd_sc_hd__and4bb_1 instances:   4
  Class: sky130_fd_sc_hd__nor2_1 instances: 254
  Class: sky130_fd_sc_hd__nor2_2 instances:  22
  Class: sky130_fd_sc_hd__nor2_4 instances:   2
Circuit contains 9376 nets.

Circuit 1 contains 9308 devices, Circuit 2 contains 9308 devices.
Circuit 1 contains 9376 nets,    Circuit 2 contains 9376 nets.


Final result: 
Circuits match uniquely.
.
Logging to file "/openlane/designs/housekeeping/runs/CARAVEL_3/logs/signoff/32-housekeeping.lef.log" disabled
LVS Done.
