Instance name,  X location,  Y location,  Voltage 
FILLER_4_3, 4.7, 19.04, 1.8
FILLER_5_8, 4.7, 19.04, 1.8
gpio_default_value\[8\], 4.7, 19.04, 1.8
gpio_default_value\[9\], 4.7, 19.04, 1.8
FILLER_2_3, 4.7, 13.6, 1.8
FILLER_3_16, 4.7, 13.6, 1.8
FILLER_3_3, 4.7, 13.6, 1.8
FILLER_3_9, 4.7, 13.6, 1.8
FILLER_4_14, 4.7, 13.6, 1.8
gpio_default_value\[0\], 4.7, 13.6, 1.8
gpio_default_value\[10\], 4.7, 13.6, 1.8
gpio_default_value\[7\], 4.7, 13.6, 1.8
FILLER_0_8, 4.7, 8.16, 1.8
FILLER_1_17, 4.7, 8.16, 1.8
FILLER_1_3, 4.7, 8.16, 1.8
FILLER_1_9, 4.7, 8.16, 1.8
FILLER_2_9, 4.7, 8.16, 1.8
gpio_default_value\[12\], 4.7, 8.16, 1.8
gpio_default_value\[2\], 4.7, 8.16, 1.8
gpio_default_value\[3\], 4.7, 8.16, 1.8
gpio_default_value\[5\], 4.7, 8.16, 1.8
gpio_default_value\[6\], 4.7, 8.16, 1.8
PHY_10, 2.3, 19.04, 1.8
PHY_8, 2.3, 19.04, 1.8
FILLER_4_23, 16.1, 19.04, 1.8
FILLER_5_18, 16.1, 19.04, 1.8
PHY_11, 16.1, 19.04, 1.8
PHY_9, 16.1, 19.04, 1.8
gpio_default_value\[1\], 16.1, 19.04, 1.8
PHY_4, 2.3, 13.6, 1.8
PHY_6, 2.3, 13.6, 1.8
FILLER_2_18, 16.1, 13.6, 1.8
FILLER_3_24, 16.1, 13.6, 1.8
PHY_5, 16.1, 13.6, 1.8
PHY_7, 16.1, 13.6, 1.8
PHY_0, 2.3, 8.16, 1.8
PHY_2, 2.3, 8.16, 1.8
FILLER_0_23, 16.1, 8.16, 1.8
FILLER_1_24, 16.1, 8.16, 1.8
PHY_1, 16.1, 8.16, 1.8
PHY_3, 16.1, 8.16, 1.8
gpio_default_value\[11\], 16.1, 8.16, 1.8
gpio_default_value\[4\], 16.1, 8.16, 1.8

