****************************************
Report : constraint
	-all_violators
	-path slack_only
Design : digital_pll
Version: T-2022.03-SP3
Date   : Sun Oct 16 19:36:41 2022
****************************************




   max_transition

                             Required        Actual
   Pin                      Transition     Transition        Slack
   -----------------------------------------------------------------
   ANTENNA__352__A_N/DIODE    0.7500         1.5131        -0.7631  (VIOLATED)
   _352_/A_N                  0.7500         1.5131        -0.7631  (VIOLATED)
   ANTENNA__364__A/DIODE      0.7500         1.5131        -0.7631  (VIOLATED)
   ANTENNA__369__A/DIODE      0.7500         1.5131        -0.7631  (VIOLATED)
   ANTENNA__353__A1/DIODE     0.7500         1.5131        -0.7631  (VIOLATED)
   ANTENNA__366__A/DIODE      0.7500         1.5131        -0.7631  (VIOLATED)
   _353_/A1                   0.7500         1.5131        -0.7631  (VIOLATED)
   _369_/A                    0.7500         1.5131        -0.7631  (VIOLATED)
   _364_/A                    0.7500         1.5131        -0.7631  (VIOLATED)
   _366_/A                    0.7500         1.5131        -0.7631  (VIOLATED)
   ANTENNA__358__A/DIODE      0.7500         1.5131        -0.7631  (VIOLATED)
   ANTENNA__372__A/DIODE      0.7500         1.5131        -0.7631  (VIOLATED)
   _358_/A                    0.7500         1.5131        -0.7631  (VIOLATED)
   _372_/A                    0.7500         1.5131        -0.7631  (VIOLATED)
   ANTENNA__373__A/DIODE      0.7500         1.5131        -0.7631  (VIOLATED)
   _373_/A                    0.7500         1.5131        -0.7631  (VIOLATED)
   ANTENNA__367__A/DIODE      0.7500         1.5131        -0.7631  (VIOLATED)
   ANTENNA__368__A/DIODE      0.7500         1.5131        -0.7631  (VIOLATED)
   _368_/A                    0.7500         1.5131        -0.7631  (VIOLATED)
   _367_/A                    0.7500         1.5131        -0.7631  (VIOLATED)
   _371_/A                    0.7500         1.5131        -0.7631  (VIOLATED)
   ANTENNA__371__A/DIODE      0.7500         1.5131        -0.7631  (VIOLATED)
   _356_/A                    0.7500         1.5130        -0.7630  (VIOLATED)
   ANTENNA__351__A1/DIODE     0.7500         1.5130        -0.7630  (VIOLATED)
   ANTENNA__354__A1/DIODE     0.7500         1.5130        -0.7630  (VIOLATED)
   _354_/A1                   0.7500         1.5130        -0.7630  (VIOLATED)
   _351_/A1                   0.7500         1.5130        -0.7630  (VIOLATED)
   ANTENNA__361__A/DIODE      0.7500         1.5130        -0.7630  (VIOLATED)
   _361_/A                    0.7500         1.5130        -0.7630  (VIOLATED)
   ANTENNA__296__B/DIODE      0.7500         1.5130        -0.7630  (VIOLATED)
   ANTENNA__334__B2/DIODE     0.7500         1.5130        -0.7630  (VIOLATED)
   _334_/B2                   0.7500         1.5129        -0.7629  (VIOLATED)
   _357_/A                    0.7500         1.5129        -0.7629  (VIOLATED)
   ANTENNA__357__A/DIODE      0.7500         1.5129        -0.7629  (VIOLATED)
   ANTENNA__374__A/DIODE      0.7500         1.5129        -0.7629  (VIOLATED)
   _296_/B                    0.7500         1.5129        -0.7629  (VIOLATED)
   _348_/A1                   0.7500         1.5129        -0.7629  (VIOLATED)
   ANTENNA__348__A1/DIODE     0.7500         1.5129        -0.7629  (VIOLATED)
   _350_/B2                   0.7500         1.5128        -0.7628  (VIOLATED)
   ANTENNA__342__A1/DIODE     0.7500         1.5128        -0.7628  (VIOLATED)
   _342_/A1                   0.7500         1.5128        -0.7628  (VIOLATED)
   ANTENNA__337__A1/DIODE     0.7500         1.5128        -0.7628  (VIOLATED)
   ANTENNA__356__A/DIODE      0.7500         1.5128        -0.7628  (VIOLATED)
   ANTENNA__360__A/DIODE      0.7500         1.5128        -0.7628  (VIOLATED)
   _360_/A                    0.7500         1.5128        -0.7628  (VIOLATED)
   _337_/A1                   0.7500         1.5128        -0.7628  (VIOLATED)
   ANTENNA__343__A1/DIODE     0.7500         1.5128        -0.7628  (VIOLATED)
   _341_/B2                   0.7500         1.5128        -0.7628  (VIOLATED)
   ANTENNA__341__B2/DIODE     0.7500         1.5128        -0.7628  (VIOLATED)
   ANTENNA__350__B2/DIODE     0.7500         1.5128        -0.7628  (VIOLATED)
   _359_/A                    0.7500         1.5126        -0.7626  (VIOLATED)
   ANTENNA__359__A/DIODE      0.7500         1.5126        -0.7626  (VIOLATED)
   ANTENNA__365__A/DIODE      0.7500         1.5123        -0.7623  (VIOLATED)
   ANTENNA__362__A/DIODE      0.7500         1.5121        -0.7621  (VIOLATED)
   _362_/A                    0.7500         1.5121        -0.7621  (VIOLATED)
   _365_/A                    0.7500         1.5120        -0.7620  (VIOLATED)
   ANTENNA__376__A/DIODE      0.7500         1.5120        -0.7620  (VIOLATED)
   _376_/A                    0.7500         1.5120        -0.7620  (VIOLATED)
   ANTENNA__375__A/DIODE      0.7500         1.5119        -0.7619  (VIOLATED)
   _374_/A                    0.7500         1.5119        -0.7619  (VIOLATED)
   ANTENNA__370__A/DIODE      0.7500         1.5119        -0.7619  (VIOLATED)
   _375_/A                    0.7500         1.5119        -0.7619  (VIOLATED)
   _370_/A                    0.7500         1.5116        -0.7616  (VIOLATED)
   ANTENNA__319__A1/DIODE     0.7500         1.5115        -0.7615  (VIOLATED)
   ANTENNA__363__A/DIODE      0.7500         1.5115        -0.7615  (VIOLATED)
   ANTENNA__288__A/DIODE      0.7500         1.5115        -0.7615  (VIOLATED)
   ANTENNA__326__A1/DIODE     0.7500         1.5115        -0.7615  (VIOLATED)
   _363_/A                    0.7500         1.5115        -0.7615  (VIOLATED)
   _314_/A1                   0.7500         1.5115        -0.7615  (VIOLATED)
   _288_/A                    0.7500         1.5114        -0.7614  (VIOLATED)
   _317_/A1                   0.7500         1.5114        -0.7614  (VIOLATED)
   _319_/A1                   0.7500         1.5114        -0.7614  (VIOLATED)
   _293_/A_N                  0.7500         1.5114        -0.7614  (VIOLATED)
   ANTENNA__346__B2/DIODE     0.7500         1.5114        -0.7614  (VIOLATED)
   _326_/A1                   0.7500         1.5114        -0.7614  (VIOLATED)
   ANTENNA__293__A_N/DIODE    0.7500         1.5114        -0.7614  (VIOLATED)
   ANTENNA__377__A/DIODE      0.7500         1.5113        -0.7613  (VIOLATED)
   ANTENNA__314__A1/DIODE     0.7500         1.5113        -0.7613  (VIOLATED)
   ANTENNA__312__A1/DIODE     0.7500         1.5113        -0.7613  (VIOLATED)
   _312_/A1                   0.7500         1.5113        -0.7613  (VIOLATED)
   _377_/A                    0.7500         1.5113        -0.7613  (VIOLATED)
   _346_/B2                   0.7500         1.5113        -0.7613  (VIOLATED)
   _343_/A1                   0.7500         1.5113        -0.7613  (VIOLATED)
   _310_/A1                   0.7500         1.5112        -0.7612  (VIOLATED)
   _309_/A1                   0.7500         1.5112        -0.7612  (VIOLATED)
   ANTENNA__310__A1/DIODE     0.7500         1.5112        -0.7612  (VIOLATED)
   _295_/A1                   0.7500         1.5109        -0.7609  (VIOLATED)
   ANTENNA__295__A1/DIODE     0.7500         1.5109        -0.7609  (VIOLATED)
   _305_/A1                   0.7500         1.5109        -0.7609  (VIOLATED)
   _299_/A1                   0.7500         1.5109        -0.7609  (VIOLATED)
   ANTENNA__299__A1/DIODE     0.7500         1.5109        -0.7609  (VIOLATED)
   _289_/A2                   0.7500         1.5109        -0.7609  (VIOLATED)
   ANTENNA__300__A1/DIODE     0.7500         1.5109        -0.7609  (VIOLATED)
   _300_/A1                   0.7500         1.5109        -0.7609  (VIOLATED)
   ANTENNA__306__A1/DIODE     0.7500         1.5108        -0.7608  (VIOLATED)
   ANTENNA__305__A1/DIODE     0.7500         1.5108        -0.7608  (VIOLATED)
   ANTENNA__313__B/DIODE      0.7500         1.5108        -0.7608  (VIOLATED)
   _302_/A1                   0.7500         1.5108        -0.7608  (VIOLATED)
   ANTENNA__316__B2/DIODE     0.7500         1.5108        -0.7608  (VIOLATED)
   ANTENNA__317__A1/DIODE     0.7500         1.5108        -0.7608  (VIOLATED)
   _306_/A1                   0.7500         1.5107        -0.7607  (VIOLATED)
   ANTENNA__309__A1/DIODE     0.7500         1.5107        -0.7607  (VIOLATED)
   _316_/B2                   0.7500         1.5107        -0.7607  (VIOLATED)
   _313_/B                    0.7500         1.5107        -0.7607  (VIOLATED)
   ANTENNA__302__A1/DIODE     0.7500         1.5105        -0.7605  (VIOLATED)
   ANTENNA__378__A/DIODE      0.7500         1.5104        -0.7604  (VIOLATED)
   _378_/A                    0.7500         1.5103        -0.7603  (VIOLATED)
   ANTENNA__289__A2/DIODE     0.7500         1.5097        -0.7597  (VIOLATED)
   dco                        0.7500         1.5093        -0.7593  (VIOLATED)


1
