
===========================================================================
report_checks -path_delay max (Setup)
============================================================================
Startpoint: _35093_ (rising edge-triggered flip-flop clocked by clk)
Endpoint: soc.core.RAM256.BANK128[0].RAM128
          (rising edge-triggered flip-flop clocked by clk)
Path Group: clk
Path Type: max

Fanout     Cap    Slew   Delay    Time   Description
-----------------------------------------------------------------------------
                          0.00    0.00   clock clk (rise edge)
                          0.00    0.00   clock source latency
                  0.25    0.00    0.00 ^ clock_ctrl/core_clk (caravel_clocking)
     2    0.24                           mgmt_buffers.caravel_clk (net)
                  0.25    0.00    0.00 ^ clkbuf_0_mgmt_buffers.caravel_clk/A (sky130_fd_sc_hd__clkbuf_16)
                  0.10    0.24    0.25 ^ clkbuf_0_mgmt_buffers.caravel_clk/X (sky130_fd_sc_hd__clkbuf_16)
     4    0.08                           clknet_0_mgmt_buffers.caravel_clk (net)
                  0.11    0.01    0.26 ^ clkbuf_1_0_0_mgmt_buffers.caravel_clk/A (sky130_fd_sc_hd__clkbuf_8)
                  0.15    0.23    0.49 ^ clkbuf_1_0_0_mgmt_buffers.caravel_clk/X (sky130_fd_sc_hd__clkbuf_8)
     4    0.08                           clknet_1_0_0_mgmt_buffers.caravel_clk (net)
                  0.15    0.01    0.50 ^ clkbuf_2_0_0_mgmt_buffers.caravel_clk/A (sky130_fd_sc_hd__clkbuf_8)
                  0.10    0.21    0.71 ^ clkbuf_2_0_0_mgmt_buffers.caravel_clk/X (sky130_fd_sc_hd__clkbuf_8)
     4    0.05                           clknet_2_0_0_mgmt_buffers.caravel_clk (net)
                  0.10    0.01    0.71 ^ clkbuf_3_1_0_mgmt_buffers.caravel_clk/A (sky130_fd_sc_hd__clkbuf_8)
                  0.14    0.22    0.94 ^ clkbuf_3_1_0_mgmt_buffers.caravel_clk/X (sky130_fd_sc_hd__clkbuf_8)
     8    0.08                           clknet_3_1_0_mgmt_buffers.caravel_clk (net)
                  0.14    0.01    0.95 ^ clkbuf_5_7_0_mgmt_buffers.caravel_clk/A (sky130_fd_sc_hd__clkbuf_8)
                  0.11    0.22    1.17 ^ clkbuf_5_7_0_mgmt_buffers.caravel_clk/X (sky130_fd_sc_hd__clkbuf_8)
     8    0.06                           clknet_5_7_0_mgmt_buffers.caravel_clk (net)
                  0.11    0.01    1.17 ^ clkbuf_7_31__f_mgmt_buffers.caravel_clk/A (sky130_fd_sc_hd__clkbuf_16)
                  0.12    0.21    1.38 ^ clkbuf_7_31__f_mgmt_buffers.caravel_clk/X (sky130_fd_sc_hd__clkbuf_16)
    16    0.10                           clknet_7_31__leaf_mgmt_buffers.caravel_clk (net)
                  0.12    0.01    1.40 ^ clkbuf_leaf_80_mgmt_buffers.caravel_clk/A (sky130_fd_sc_hd__clkbuf_16)
                  0.04    0.15    1.55 ^ clkbuf_leaf_80_mgmt_buffers.caravel_clk/X (sky130_fd_sc_hd__clkbuf_16)
     4    0.02                           clknet_leaf_80_mgmt_buffers.caravel_clk (net)
                  0.04    0.00    1.55 ^ _35093_/CLK (sky130_fd_sc_hd__dfxtp_2)
                  0.10    0.37    1.92 ^ _35093_/Q (sky130_fd_sc_hd__dfxtp_2)
     2    0.02                           soc.core.grant[1] (net)
                  0.10    0.00    1.92 ^ hold9625/A (sky130_fd_sc_hd__clkdlybuf4s15_2)
                  0.05    0.23    2.15 ^ hold9625/X (sky130_fd_sc_hd__clkdlybuf4s15_2)
     1    0.01                           net12342 (net)
                  0.05    0.00    2.15 ^ fanout2322/A (sky130_fd_sc_hd__buf_8)
                  0.15    0.19    2.34 ^ fanout2322/X (sky130_fd_sc_hd__buf_8)
    20    0.09                           net2322 (net)
                  0.15    0.01    2.35 ^ fanout2321/A (sky130_fd_sc_hd__buf_6)
                  0.18    0.24    2.59 ^ fanout2321/X (sky130_fd_sc_hd__buf_6)
    24    0.09                           net2321 (net)
                  0.18    0.00    2.59 ^ _20858_/A_N (sky130_fd_sc_hd__and3b_4)
                  0.07    0.28    2.87 v _20858_/X (sky130_fd_sc_hd__and3b_4)
     2    0.03                           _10697_ (net)
                  0.07    0.00    2.87 v _20859_/B1 (sky130_fd_sc_hd__a21oi_4)
                  0.23    0.23    3.10 ^ _20859_/Y (sky130_fd_sc_hd__a21oi_4)
     2    0.03                           _04932_ (net)
                  0.23    0.00    3.10 ^ _15708_/A0 (sky130_fd_sc_hd__mux2_8)
                  0.52    0.54    3.64 ^ _15708_/X (sky130_fd_sc_hd__mux2_8)
    16    0.32                           _04933_ (net)
                  0.54    0.09    3.74 ^ _20671_/B (sky130_fd_sc_hd__and3_4)
                  0.14    0.38    4.12 ^ _20671_/X (sky130_fd_sc_hd__and3_4)
     4    0.04                           _10553_ (net)
                  0.14    0.00    4.12 ^ fanout1386/A (sky130_fd_sc_hd__buf_6)
                  0.16    0.22    4.34 ^ fanout1386/X (sky130_fd_sc_hd__buf_6)
    24    0.08                           net1386 (net)
                  0.16    0.01    4.35 ^ _21232_/C (sky130_fd_sc_hd__and3_2)
                  0.12    0.28    4.63 ^ _21232_/X (sky130_fd_sc_hd__and3_2)
     2    0.02                           _10990_ (net)
                  0.12    0.00    4.63 ^ fanout1315/A (sky130_fd_sc_hd__buf_6)
                  0.17    0.22    4.85 ^ fanout1315/X (sky130_fd_sc_hd__buf_6)
    12    0.09                           net1315 (net)
                  0.18    0.01    4.86 ^ _21233_/C (sky130_fd_sc_hd__and3_2)
                  0.08    0.24    5.10 ^ _21233_/X (sky130_fd_sc_hd__and3_2)
     1    0.01                           _10991_ (net)
                  0.08    0.00    5.10 ^ _21234_/D (sky130_fd_sc_hd__and4_4)
                  0.34    0.48    5.58 ^ _21234_/X (sky130_fd_sc_hd__and4_4)
    10    0.11                           _10992_ (net)
                  0.34    0.01    5.59 ^ _21235_/C (sky130_fd_sc_hd__nand3_4)
                  0.70    0.55    6.14 v _21235_/Y (sky130_fd_sc_hd__nand3_4)
    14    0.21                           _10993_ (net)
                  0.70    0.06    6.20 v _21237_/C (sky130_fd_sc_hd__nor3_4)
                  0.75    0.85    7.05 ^ _21237_/Y (sky130_fd_sc_hd__nor3_4)
     2    0.07                           soc.core.RAM256.SEL0[0] (net)
                  0.75    0.02    7.07 ^ wire773/A (sky130_fd_sc_hd__buf_6)
                  0.17    0.29    7.37 ^ wire773/X (sky130_fd_sc_hd__buf_6)
     2    0.08                           net13623 (net)
                  0.17    0.02    7.39 ^ wire962/A (sky130_fd_sc_hd__buf_8)
                  0.16    0.21    7.60 ^ wire962/X (sky130_fd_sc_hd__buf_8)
     2    0.09                           net962 (net)
                  0.17    0.03    7.63 ^ wire961/A (sky130_fd_sc_hd__buf_6)
                  0.09    0.17    7.80 ^ wire961/X (sky130_fd_sc_hd__buf_6)
     2    0.04                           net961 (net)
                  0.10    0.01    7.81 ^ soc.core.RAM256.BANK128[0].RAM128/EN0 (RAM128)
                                  7.81   data arrival time

                         12.50   12.50   clock clk (fall edge)
                          0.00   12.50   clock source latency
                  0.14    0.00   12.50 v clock_ctrl/core_clk (caravel_clocking)
     2    0.24                           mgmt_buffers.caravel_clk (net)
                  0.14    0.00   12.50 v clkbuf_0_mgmt_buffers.caravel_clk/A (sky130_fd_sc_hd__clkbuf_16)
                  0.07    0.21   12.72 v clkbuf_0_mgmt_buffers.caravel_clk/X (sky130_fd_sc_hd__clkbuf_16)
     4    0.08                           clknet_0_mgmt_buffers.caravel_clk (net)
                  0.08    0.01   12.73 v clkbuf_1_0_0_mgmt_buffers.caravel_clk/A (sky130_fd_sc_hd__clkbuf_8)
                  0.09    0.20   12.92 v clkbuf_1_0_0_mgmt_buffers.caravel_clk/X (sky130_fd_sc_hd__clkbuf_8)
     4    0.08                           clknet_1_0_0_mgmt_buffers.caravel_clk (net)
                  0.10    0.01   12.93 v clkbuf_2_0_0_mgmt_buffers.caravel_clk/A (sky130_fd_sc_hd__clkbuf_8)
                  0.07    0.18   13.12 v clkbuf_2_0_0_mgmt_buffers.caravel_clk/X (sky130_fd_sc_hd__clkbuf_8)
     4    0.05                           clknet_2_0_0_mgmt_buffers.caravel_clk (net)
                  0.07    0.01   13.13 v clkbuf_3_0_0_mgmt_buffers.caravel_clk/A (sky130_fd_sc_hd__clkbuf_8)
                  0.12    0.21   13.33 v clkbuf_3_0_0_mgmt_buffers.caravel_clk/X (sky130_fd_sc_hd__clkbuf_8)
     8    0.10                           clknet_3_0_0_mgmt_buffers.caravel_clk (net)
                  0.12    0.02   13.35 v clkbuf_5_2_0_mgmt_buffers.caravel_clk/A (sky130_fd_sc_hd__clkbuf_8)
                  0.11    0.22   13.57 v clkbuf_5_2_0_mgmt_buffers.caravel_clk/X (sky130_fd_sc_hd__clkbuf_8)
     8    0.09                           clknet_5_2_0_mgmt_buffers.caravel_clk (net)
                  0.12    0.02   13.59 v clkbuf_7_10__f_mgmt_buffers.caravel_clk/A (sky130_fd_sc_hd__clkbuf_16)
                  0.09    0.21   13.80 v clkbuf_7_10__f_mgmt_buffers.caravel_clk/X (sky130_fd_sc_hd__clkbuf_16)
    10    0.10                           clknet_7_10__leaf_mgmt_buffers.caravel_clk (net)
                  0.10    0.02   13.82 v soc.core.RAM256.BANK128[0].RAM128/CLK (RAM128)
                         -0.10   13.72   clock uncertainty
                          0.05   13.77   clock reconvergence pessimism
                         -0.86   12.91   library setup time
                                 12.91   data required time
-----------------------------------------------------------------------------
                                 12.91   data required time
                                 -7.81   data arrival time
-----------------------------------------------------------------------------
                                  5.10   slack (MET)


Startpoint: _35093_ (rising edge-triggered flip-flop clocked by clk)
Endpoint: soc.core.RAM256.BANK128[1].RAM128
          (rising edge-triggered flip-flop clocked by clk)
Path Group: clk
Path Type: max

Fanout     Cap    Slew   Delay    Time   Description
-----------------------------------------------------------------------------
                          0.00    0.00   clock clk (rise edge)
                          0.00    0.00   clock source latency
                  0.25    0.00    0.00 ^ clock_ctrl/core_clk (caravel_clocking)
     2    0.24                           mgmt_buffers.caravel_clk (net)
                  0.25    0.00    0.00 ^ clkbuf_0_mgmt_buffers.caravel_clk/A (sky130_fd_sc_hd__clkbuf_16)
                  0.10    0.24    0.25 ^ clkbuf_0_mgmt_buffers.caravel_clk/X (sky130_fd_sc_hd__clkbuf_16)
     4    0.08                           clknet_0_mgmt_buffers.caravel_clk (net)
                  0.11    0.01    0.26 ^ clkbuf_1_0_0_mgmt_buffers.caravel_clk/A (sky130_fd_sc_hd__clkbuf_8)
                  0.15    0.23    0.49 ^ clkbuf_1_0_0_mgmt_buffers.caravel_clk/X (sky130_fd_sc_hd__clkbuf_8)
     4    0.08                           clknet_1_0_0_mgmt_buffers.caravel_clk (net)
                  0.15    0.01    0.50 ^ clkbuf_2_0_0_mgmt_buffers.caravel_clk/A (sky130_fd_sc_hd__clkbuf_8)
                  0.10    0.21    0.71 ^ clkbuf_2_0_0_mgmt_buffers.caravel_clk/X (sky130_fd_sc_hd__clkbuf_8)
     4    0.05                           clknet_2_0_0_mgmt_buffers.caravel_clk (net)
                  0.10    0.01    0.71 ^ clkbuf_3_1_0_mgmt_buffers.caravel_clk/A (sky130_fd_sc_hd__clkbuf_8)
                  0.14    0.22    0.94 ^ clkbuf_3_1_0_mgmt_buffers.caravel_clk/X (sky130_fd_sc_hd__clkbuf_8)
     8    0.08                           clknet_3_1_0_mgmt_buffers.caravel_clk (net)
                  0.14    0.01    0.95 ^ clkbuf_5_7_0_mgmt_buffers.caravel_clk/A (sky130_fd_sc_hd__clkbuf_8)
                  0.11    0.22    1.17 ^ clkbuf_5_7_0_mgmt_buffers.caravel_clk/X (sky130_fd_sc_hd__clkbuf_8)
     8    0.06                           clknet_5_7_0_mgmt_buffers.caravel_clk (net)
                  0.11    0.01    1.17 ^ clkbuf_7_31__f_mgmt_buffers.caravel_clk/A (sky130_fd_sc_hd__clkbuf_16)
                  0.12    0.21    1.38 ^ clkbuf_7_31__f_mgmt_buffers.caravel_clk/X (sky130_fd_sc_hd__clkbuf_16)
    16    0.10                           clknet_7_31__leaf_mgmt_buffers.caravel_clk (net)
                  0.12    0.01    1.40 ^ clkbuf_leaf_80_mgmt_buffers.caravel_clk/A (sky130_fd_sc_hd__clkbuf_16)
                  0.04    0.15    1.55 ^ clkbuf_leaf_80_mgmt_buffers.caravel_clk/X (sky130_fd_sc_hd__clkbuf_16)
     4    0.02                           clknet_leaf_80_mgmt_buffers.caravel_clk (net)
                  0.04    0.00    1.55 ^ _35093_/CLK (sky130_fd_sc_hd__dfxtp_2)
                  0.10    0.37    1.92 ^ _35093_/Q (sky130_fd_sc_hd__dfxtp_2)
     2    0.02                           soc.core.grant[1] (net)
                  0.10    0.00    1.92 ^ hold9625/A (sky130_fd_sc_hd__clkdlybuf4s15_2)
                  0.05    0.23    2.15 ^ hold9625/X (sky130_fd_sc_hd__clkdlybuf4s15_2)
     1    0.01                           net12342 (net)
                  0.05    0.00    2.15 ^ fanout2322/A (sky130_fd_sc_hd__buf_8)
                  0.15    0.19    2.34 ^ fanout2322/X (sky130_fd_sc_hd__buf_8)
    20    0.09                           net2322 (net)
                  0.15    0.01    2.35 ^ fanout2321/A (sky130_fd_sc_hd__buf_6)
                  0.18    0.24    2.59 ^ fanout2321/X (sky130_fd_sc_hd__buf_6)
    24    0.09                           net2321 (net)
                  0.18    0.00    2.59 ^ _20858_/A_N (sky130_fd_sc_hd__and3b_4)
                  0.07    0.28    2.87 v _20858_/X (sky130_fd_sc_hd__and3b_4)
     2    0.03                           _10697_ (net)
                  0.07    0.00    2.87 v _20859_/B1 (sky130_fd_sc_hd__a21oi_4)
                  0.23    0.23    3.10 ^ _20859_/Y (sky130_fd_sc_hd__a21oi_4)
     2    0.03                           _04932_ (net)
                  0.23    0.00    3.10 ^ _15708_/A0 (sky130_fd_sc_hd__mux2_8)
                  0.52    0.54    3.64 ^ _15708_/X (sky130_fd_sc_hd__mux2_8)
    16    0.32                           _04933_ (net)
                  0.54    0.09    3.74 ^ _20671_/B (sky130_fd_sc_hd__and3_4)
                  0.14    0.38    4.12 ^ _20671_/X (sky130_fd_sc_hd__and3_4)
     4    0.04                           _10553_ (net)
                  0.14    0.00    4.12 ^ fanout1386/A (sky130_fd_sc_hd__buf_6)
                  0.16    0.22    4.34 ^ fanout1386/X (sky130_fd_sc_hd__buf_6)
    24    0.08                           net1386 (net)
                  0.16    0.01    4.35 ^ _21232_/C (sky130_fd_sc_hd__and3_2)
                  0.12    0.28    4.63 ^ _21232_/X (sky130_fd_sc_hd__and3_2)
     2    0.02                           _10990_ (net)
                  0.12    0.00    4.63 ^ fanout1315/A (sky130_fd_sc_hd__buf_6)
                  0.17    0.22    4.85 ^ fanout1315/X (sky130_fd_sc_hd__buf_6)
    12    0.09                           net1315 (net)
                  0.18    0.01    4.86 ^ _21233_/C (sky130_fd_sc_hd__and3_2)
                  0.08    0.24    5.10 ^ _21233_/X (sky130_fd_sc_hd__and3_2)
     1    0.01                           _10991_ (net)
                  0.08    0.00    5.10 ^ _21234_/D (sky130_fd_sc_hd__and4_4)
                  0.34    0.48    5.58 ^ _21234_/X (sky130_fd_sc_hd__and4_4)
    10    0.11                           _10992_ (net)
                  0.34    0.01    5.59 ^ _21235_/C (sky130_fd_sc_hd__nand3_4)
                  0.70    0.55    6.14 v _21235_/Y (sky130_fd_sc_hd__nand3_4)
    14    0.21                           _10993_ (net)
                  0.71    0.08    6.22 v _21236_/C (sky130_fd_sc_hd__nor3_4)
                  0.54    0.68    6.90 ^ _21236_/Y (sky130_fd_sc_hd__nor3_4)
     2    0.05                           soc.core.RAM256.SEL0[1] (net)
                  0.54    0.01    6.91 ^ wire964/A (sky130_fd_sc_hd__buf_6)
                  0.11    0.24    7.15 ^ wire964/X (sky130_fd_sc_hd__buf_6)
     2    0.05                           net964 (net)
                  0.11    0.01    7.16 ^ wire963/A (sky130_fd_sc_hd__clkbuf_16)
                  0.15    0.21    7.37 ^ wire963/X (sky130_fd_sc_hd__clkbuf_16)
     2    0.14                           net963 (net)
                  0.19    0.06    7.43 ^ soc.core.RAM256.BANK128[1].RAM128/EN0 (RAM128)
                                  7.43   data arrival time

                         12.50   12.50   clock clk (fall edge)
                          0.00   12.50   clock source latency
                  0.14    0.00   12.50 v clock_ctrl/core_clk (caravel_clocking)
     2    0.24                           mgmt_buffers.caravel_clk (net)
                  0.14    0.00   12.50 v clkbuf_0_mgmt_buffers.caravel_clk/A (sky130_fd_sc_hd__clkbuf_16)
                  0.07    0.21   12.72 v clkbuf_0_mgmt_buffers.caravel_clk/X (sky130_fd_sc_hd__clkbuf_16)
     4    0.08                           clknet_0_mgmt_buffers.caravel_clk (net)
                  0.08    0.01   12.73 v clkbuf_1_0_0_mgmt_buffers.caravel_clk/A (sky130_fd_sc_hd__clkbuf_8)
                  0.09    0.20   12.92 v clkbuf_1_0_0_mgmt_buffers.caravel_clk/X (sky130_fd_sc_hd__clkbuf_8)
     4    0.08                           clknet_1_0_0_mgmt_buffers.caravel_clk (net)
                  0.10    0.01   12.93 v clkbuf_2_0_0_mgmt_buffers.caravel_clk/A (sky130_fd_sc_hd__clkbuf_8)
                  0.07    0.18   13.12 v clkbuf_2_0_0_mgmt_buffers.caravel_clk/X (sky130_fd_sc_hd__clkbuf_8)
     4    0.05                           clknet_2_0_0_mgmt_buffers.caravel_clk (net)
                  0.07    0.01   13.13 v clkbuf_3_0_0_mgmt_buffers.caravel_clk/A (sky130_fd_sc_hd__clkbuf_8)
                  0.12    0.21   13.33 v clkbuf_3_0_0_mgmt_buffers.caravel_clk/X (sky130_fd_sc_hd__clkbuf_8)
     8    0.10                           clknet_3_0_0_mgmt_buffers.caravel_clk (net)
                  0.12    0.02   13.35 v clkbuf_5_2_0_mgmt_buffers.caravel_clk/A (sky130_fd_sc_hd__clkbuf_8)
                  0.11    0.22   13.57 v clkbuf_5_2_0_mgmt_buffers.caravel_clk/X (sky130_fd_sc_hd__clkbuf_8)
     8    0.09                           clknet_5_2_0_mgmt_buffers.caravel_clk (net)
                  0.12    0.02   13.59 v clkbuf_7_10__f_mgmt_buffers.caravel_clk/A (sky130_fd_sc_hd__clkbuf_16)
                  0.09    0.21   13.80 v clkbuf_7_10__f_mgmt_buffers.caravel_clk/X (sky130_fd_sc_hd__clkbuf_16)
    10    0.10                           clknet_7_10__leaf_mgmt_buffers.caravel_clk (net)
                  0.09    0.02   13.82 v soc.core.RAM256.BANK128[1].RAM128/CLK (RAM128)
                         -0.10   13.72   clock uncertainty
                          0.05   13.77   clock reconvergence pessimism
                         -0.88   12.89   library setup time
                                 12.89   data required time
-----------------------------------------------------------------------------
                                 12.89   data required time
                                 -7.43   data arrival time
-----------------------------------------------------------------------------
                                  5.46   slack (MET)


Startpoint: _35093_ (rising edge-triggered flip-flop clocked by clk)
Endpoint: soc.core.RAM256.BANK128[1].RAM128
          (rising edge-triggered flip-flop clocked by clk)
Path Group: clk
Path Type: max

Fanout     Cap    Slew   Delay    Time   Description
-----------------------------------------------------------------------------
                          0.00    0.00   clock clk (rise edge)
                          0.00    0.00   clock source latency
                  0.25    0.00    0.00 ^ clock_ctrl/core_clk (caravel_clocking)
     2    0.24                           mgmt_buffers.caravel_clk (net)
                  0.25    0.00    0.00 ^ clkbuf_0_mgmt_buffers.caravel_clk/A (sky130_fd_sc_hd__clkbuf_16)
                  0.10    0.24    0.25 ^ clkbuf_0_mgmt_buffers.caravel_clk/X (sky130_fd_sc_hd__clkbuf_16)
     4    0.08                           clknet_0_mgmt_buffers.caravel_clk (net)
                  0.11    0.01    0.26 ^ clkbuf_1_0_0_mgmt_buffers.caravel_clk/A (sky130_fd_sc_hd__clkbuf_8)
                  0.15    0.23    0.49 ^ clkbuf_1_0_0_mgmt_buffers.caravel_clk/X (sky130_fd_sc_hd__clkbuf_8)
     4    0.08                           clknet_1_0_0_mgmt_buffers.caravel_clk (net)
                  0.15    0.01    0.50 ^ clkbuf_2_0_0_mgmt_buffers.caravel_clk/A (sky130_fd_sc_hd__clkbuf_8)
                  0.10    0.21    0.71 ^ clkbuf_2_0_0_mgmt_buffers.caravel_clk/X (sky130_fd_sc_hd__clkbuf_8)
     4    0.05                           clknet_2_0_0_mgmt_buffers.caravel_clk (net)
                  0.10    0.01    0.71 ^ clkbuf_3_1_0_mgmt_buffers.caravel_clk/A (sky130_fd_sc_hd__clkbuf_8)
                  0.14    0.22    0.94 ^ clkbuf_3_1_0_mgmt_buffers.caravel_clk/X (sky130_fd_sc_hd__clkbuf_8)
     8    0.08                           clknet_3_1_0_mgmt_buffers.caravel_clk (net)
                  0.14    0.01    0.95 ^ clkbuf_5_7_0_mgmt_buffers.caravel_clk/A (sky130_fd_sc_hd__clkbuf_8)
                  0.11    0.22    1.17 ^ clkbuf_5_7_0_mgmt_buffers.caravel_clk/X (sky130_fd_sc_hd__clkbuf_8)
     8    0.06                           clknet_5_7_0_mgmt_buffers.caravel_clk (net)
                  0.11    0.01    1.17 ^ clkbuf_7_31__f_mgmt_buffers.caravel_clk/A (sky130_fd_sc_hd__clkbuf_16)
                  0.12    0.21    1.38 ^ clkbuf_7_31__f_mgmt_buffers.caravel_clk/X (sky130_fd_sc_hd__clkbuf_16)
    16    0.10                           clknet_7_31__leaf_mgmt_buffers.caravel_clk (net)
                  0.12    0.01    1.40 ^ clkbuf_leaf_80_mgmt_buffers.caravel_clk/A (sky130_fd_sc_hd__clkbuf_16)
                  0.04    0.15    1.55 ^ clkbuf_leaf_80_mgmt_buffers.caravel_clk/X (sky130_fd_sc_hd__clkbuf_16)
     4    0.02                           clknet_leaf_80_mgmt_buffers.caravel_clk (net)
                  0.04    0.00    1.55 ^ _35093_/CLK (sky130_fd_sc_hd__dfxtp_2)
                  0.10    0.37    1.92 ^ _35093_/Q (sky130_fd_sc_hd__dfxtp_2)
     2    0.02                           soc.core.grant[1] (net)
                  0.10    0.00    1.92 ^ hold9625/A (sky130_fd_sc_hd__clkdlybuf4s15_2)
                  0.05    0.23    2.15 ^ hold9625/X (sky130_fd_sc_hd__clkdlybuf4s15_2)
     1    0.01                           net12342 (net)
                  0.05    0.00    2.15 ^ fanout2322/A (sky130_fd_sc_hd__buf_8)
                  0.15    0.19    2.34 ^ fanout2322/X (sky130_fd_sc_hd__buf_8)
    20    0.09                           net2322 (net)
                  0.15    0.01    2.35 ^ fanout2321/A (sky130_fd_sc_hd__buf_6)
                  0.18    0.24    2.59 ^ fanout2321/X (sky130_fd_sc_hd__buf_6)
    24    0.09                           net2321 (net)
                  0.18    0.00    2.59 ^ _20858_/A_N (sky130_fd_sc_hd__and3b_4)
                  0.07    0.28    2.87 v _20858_/X (sky130_fd_sc_hd__and3b_4)
     2    0.03                           _10697_ (net)
                  0.07    0.00    2.87 v _20859_/B1 (sky130_fd_sc_hd__a21oi_4)
                  0.23    0.23    3.10 ^ _20859_/Y (sky130_fd_sc_hd__a21oi_4)
     2    0.03                           _04932_ (net)
                  0.23    0.00    3.10 ^ _15708_/A0 (sky130_fd_sc_hd__mux2_8)
                  0.52    0.54    3.64 ^ _15708_/X (sky130_fd_sc_hd__mux2_8)
    16    0.32                           _04933_ (net)
                  0.54    0.09    3.74 ^ _20671_/B (sky130_fd_sc_hd__and3_4)
                  0.14    0.38    4.12 ^ _20671_/X (sky130_fd_sc_hd__and3_4)
     4    0.04                           _10553_ (net)
                  0.14    0.00    4.12 ^ fanout1386/A (sky130_fd_sc_hd__buf_6)
                  0.16    0.22    4.34 ^ fanout1386/X (sky130_fd_sc_hd__buf_6)
    24    0.08                           net1386 (net)
                  0.16    0.01    4.35 ^ _21232_/C (sky130_fd_sc_hd__and3_2)
                  0.12    0.28    4.63 ^ _21232_/X (sky130_fd_sc_hd__and3_2)
     2    0.02                           _10990_ (net)
                  0.12    0.00    4.63 ^ fanout1315/A (sky130_fd_sc_hd__buf_6)
                  0.17    0.22    4.85 ^ fanout1315/X (sky130_fd_sc_hd__buf_6)
    12    0.09                           net1315 (net)
                  0.18    0.01    4.86 ^ _21233_/C (sky130_fd_sc_hd__and3_2)
                  0.08    0.24    5.10 ^ _21233_/X (sky130_fd_sc_hd__and3_2)
     1    0.01                           _10991_ (net)
                  0.08    0.00    5.10 ^ _21234_/D (sky130_fd_sc_hd__and4_4)
                  0.34    0.48    5.58 ^ _21234_/X (sky130_fd_sc_hd__and4_4)
    10    0.11                           _10992_ (net)
                  0.34    0.01    5.59 ^ _21235_/C (sky130_fd_sc_hd__nand3_4)
                  0.70    0.55    6.14 v _21235_/Y (sky130_fd_sc_hd__nand3_4)
    14    0.21                           _10993_ (net)
                  0.71    0.06    6.21 v _22825_/B1 (sky130_fd_sc_hd__a311oi_4)
                  0.58    0.80    7.01 ^ _22825_/Y (sky130_fd_sc_hd__a311oi_4)
     2    0.04                           soc.core.RAM256.WE0[2] (net)
                  0.58    0.01    7.01 ^ wire956/A (sky130_fd_sc_hd__buf_6)
                  0.10    0.24    7.25 ^ wire956/X (sky130_fd_sc_hd__buf_6)
     2    0.04                           net956 (net)
                  0.10    0.01    7.25 ^ wire955/A (sky130_fd_sc_hd__buf_4)
                  0.14    0.21    7.46 ^ wire955/X (sky130_fd_sc_hd__buf_4)
     2    0.05                           net955 (net)
                  0.14    0.01    7.47 ^ wire954/A (sky130_fd_sc_hd__clkbuf_16)
                  0.04    0.16    7.63 ^ wire954/X (sky130_fd_sc_hd__clkbuf_16)
     4    0.01                           net954 (net)
                  0.04    0.00    7.63 ^ soc.core.RAM256.BANK128[1].RAM128/WE0[2] (RAM128)
                                  7.63   data arrival time

                         12.50   12.50   clock clk (fall edge)
                          0.00   12.50   clock source latency
                  0.14    0.00   12.50 v clock_ctrl/core_clk (caravel_clocking)
     2    0.24                           mgmt_buffers.caravel_clk (net)
                  0.14    0.00   12.50 v clkbuf_0_mgmt_buffers.caravel_clk/A (sky130_fd_sc_hd__clkbuf_16)
                  0.07    0.21   12.72 v clkbuf_0_mgmt_buffers.caravel_clk/X (sky130_fd_sc_hd__clkbuf_16)
     4    0.08                           clknet_0_mgmt_buffers.caravel_clk (net)
                  0.08    0.01   12.73 v clkbuf_1_0_0_mgmt_buffers.caravel_clk/A (sky130_fd_sc_hd__clkbuf_8)
                  0.09    0.20   12.92 v clkbuf_1_0_0_mgmt_buffers.caravel_clk/X (sky130_fd_sc_hd__clkbuf_8)
     4    0.08                           clknet_1_0_0_mgmt_buffers.caravel_clk (net)
                  0.10    0.01   12.93 v clkbuf_2_0_0_mgmt_buffers.caravel_clk/A (sky130_fd_sc_hd__clkbuf_8)
                  0.07    0.18   13.12 v clkbuf_2_0_0_mgmt_buffers.caravel_clk/X (sky130_fd_sc_hd__clkbuf_8)
     4    0.05                           clknet_2_0_0_mgmt_buffers.caravel_clk (net)
                  0.07    0.01   13.13 v clkbuf_3_0_0_mgmt_buffers.caravel_clk/A (sky130_fd_sc_hd__clkbuf_8)
                  0.12    0.21   13.33 v clkbuf_3_0_0_mgmt_buffers.caravel_clk/X (sky130_fd_sc_hd__clkbuf_8)
     8    0.10                           clknet_3_0_0_mgmt_buffers.caravel_clk (net)
                  0.12    0.02   13.35 v clkbuf_5_2_0_mgmt_buffers.caravel_clk/A (sky130_fd_sc_hd__clkbuf_8)
                  0.11    0.22   13.57 v clkbuf_5_2_0_mgmt_buffers.caravel_clk/X (sky130_fd_sc_hd__clkbuf_8)
     8    0.09                           clknet_5_2_0_mgmt_buffers.caravel_clk (net)
                  0.12    0.02   13.59 v clkbuf_7_10__f_mgmt_buffers.caravel_clk/A (sky130_fd_sc_hd__clkbuf_16)
                  0.09    0.21   13.80 v clkbuf_7_10__f_mgmt_buffers.caravel_clk/X (sky130_fd_sc_hd__clkbuf_16)
    10    0.10                           clknet_7_10__leaf_mgmt_buffers.caravel_clk (net)
                  0.09    0.02   13.82 v soc.core.RAM256.BANK128[1].RAM128/CLK (RAM128)
                         -0.10   13.72   clock uncertainty
                          0.05   13.77   clock reconvergence pessimism
                          0.03   13.80   library setup time
                                 13.80   data required time
-----------------------------------------------------------------------------
                                 13.80   data required time
                                 -7.63   data arrival time
-----------------------------------------------------------------------------
                                  6.17   slack (MET)


Startpoint: _35093_ (rising edge-triggered flip-flop clocked by clk)
Endpoint: soc.core.RAM256.BANK128[0].RAM128
          (rising edge-triggered flip-flop clocked by clk)
Path Group: clk
Path Type: max

Fanout     Cap    Slew   Delay    Time   Description
-----------------------------------------------------------------------------
                          0.00    0.00   clock clk (rise edge)
                          0.00    0.00   clock source latency
                  0.25    0.00    0.00 ^ clock_ctrl/core_clk (caravel_clocking)
     2    0.24                           mgmt_buffers.caravel_clk (net)
                  0.25    0.00    0.00 ^ clkbuf_0_mgmt_buffers.caravel_clk/A (sky130_fd_sc_hd__clkbuf_16)
                  0.10    0.24    0.25 ^ clkbuf_0_mgmt_buffers.caravel_clk/X (sky130_fd_sc_hd__clkbuf_16)
     4    0.08                           clknet_0_mgmt_buffers.caravel_clk (net)
                  0.11    0.01    0.26 ^ clkbuf_1_0_0_mgmt_buffers.caravel_clk/A (sky130_fd_sc_hd__clkbuf_8)
                  0.15    0.23    0.49 ^ clkbuf_1_0_0_mgmt_buffers.caravel_clk/X (sky130_fd_sc_hd__clkbuf_8)
     4    0.08                           clknet_1_0_0_mgmt_buffers.caravel_clk (net)
                  0.15    0.01    0.50 ^ clkbuf_2_0_0_mgmt_buffers.caravel_clk/A (sky130_fd_sc_hd__clkbuf_8)
                  0.10    0.21    0.71 ^ clkbuf_2_0_0_mgmt_buffers.caravel_clk/X (sky130_fd_sc_hd__clkbuf_8)
     4    0.05                           clknet_2_0_0_mgmt_buffers.caravel_clk (net)
                  0.10    0.01    0.71 ^ clkbuf_3_1_0_mgmt_buffers.caravel_clk/A (sky130_fd_sc_hd__clkbuf_8)
                  0.14    0.22    0.94 ^ clkbuf_3_1_0_mgmt_buffers.caravel_clk/X (sky130_fd_sc_hd__clkbuf_8)
     8    0.08                           clknet_3_1_0_mgmt_buffers.caravel_clk (net)
                  0.14    0.01    0.95 ^ clkbuf_5_7_0_mgmt_buffers.caravel_clk/A (sky130_fd_sc_hd__clkbuf_8)
                  0.11    0.22    1.17 ^ clkbuf_5_7_0_mgmt_buffers.caravel_clk/X (sky130_fd_sc_hd__clkbuf_8)
     8    0.06                           clknet_5_7_0_mgmt_buffers.caravel_clk (net)
                  0.11    0.01    1.17 ^ clkbuf_7_31__f_mgmt_buffers.caravel_clk/A (sky130_fd_sc_hd__clkbuf_16)
                  0.12    0.21    1.38 ^ clkbuf_7_31__f_mgmt_buffers.caravel_clk/X (sky130_fd_sc_hd__clkbuf_16)
    16    0.10                           clknet_7_31__leaf_mgmt_buffers.caravel_clk (net)
                  0.12    0.01    1.40 ^ clkbuf_leaf_80_mgmt_buffers.caravel_clk/A (sky130_fd_sc_hd__clkbuf_16)
                  0.04    0.15    1.55 ^ clkbuf_leaf_80_mgmt_buffers.caravel_clk/X (sky130_fd_sc_hd__clkbuf_16)
     4    0.02                           clknet_leaf_80_mgmt_buffers.caravel_clk (net)
                  0.04    0.00    1.55 ^ _35093_/CLK (sky130_fd_sc_hd__dfxtp_2)
                  0.10    0.37    1.92 ^ _35093_/Q (sky130_fd_sc_hd__dfxtp_2)
     2    0.02                           soc.core.grant[1] (net)
                  0.10    0.00    1.92 ^ hold9625/A (sky130_fd_sc_hd__clkdlybuf4s15_2)
                  0.05    0.23    2.15 ^ hold9625/X (sky130_fd_sc_hd__clkdlybuf4s15_2)
     1    0.01                           net12342 (net)
                  0.05    0.00    2.15 ^ fanout2322/A (sky130_fd_sc_hd__buf_8)
                  0.15    0.19    2.34 ^ fanout2322/X (sky130_fd_sc_hd__buf_8)
    20    0.09                           net2322 (net)
                  0.15    0.01    2.35 ^ fanout2321/A (sky130_fd_sc_hd__buf_6)
                  0.18    0.24    2.59 ^ fanout2321/X (sky130_fd_sc_hd__buf_6)
    24    0.09                           net2321 (net)
                  0.18    0.00    2.59 ^ _20858_/A_N (sky130_fd_sc_hd__and3b_4)
                  0.07    0.28    2.87 v _20858_/X (sky130_fd_sc_hd__and3b_4)
     2    0.03                           _10697_ (net)
                  0.07    0.00    2.87 v _20859_/B1 (sky130_fd_sc_hd__a21oi_4)
                  0.23    0.23    3.10 ^ _20859_/Y (sky130_fd_sc_hd__a21oi_4)
     2    0.03                           _04932_ (net)
                  0.23    0.00    3.10 ^ _15708_/A0 (sky130_fd_sc_hd__mux2_8)
                  0.52    0.54    3.64 ^ _15708_/X (sky130_fd_sc_hd__mux2_8)
    16    0.32                           _04933_ (net)
                  0.54    0.09    3.74 ^ _20671_/B (sky130_fd_sc_hd__and3_4)
                  0.14    0.38    4.12 ^ _20671_/X (sky130_fd_sc_hd__and3_4)
     4    0.04                           _10553_ (net)
                  0.14    0.00    4.12 ^ fanout1386/A (sky130_fd_sc_hd__buf_6)
                  0.16    0.22    4.34 ^ fanout1386/X (sky130_fd_sc_hd__buf_6)
    24    0.08                           net1386 (net)
                  0.16    0.01    4.35 ^ _21232_/C (sky130_fd_sc_hd__and3_2)
                  0.12    0.28    4.63 ^ _21232_/X (sky130_fd_sc_hd__and3_2)
     2    0.02                           _10990_ (net)
                  0.12    0.00    4.63 ^ fanout1315/A (sky130_fd_sc_hd__buf_6)
                  0.17    0.22    4.85 ^ fanout1315/X (sky130_fd_sc_hd__buf_6)
    12    0.09                           net1315 (net)
                  0.18    0.01    4.86 ^ _21233_/C (sky130_fd_sc_hd__and3_2)
                  0.08    0.24    5.10 ^ _21233_/X (sky130_fd_sc_hd__and3_2)
     1    0.01                           _10991_ (net)
                  0.08    0.00    5.10 ^ _21234_/D (sky130_fd_sc_hd__and4_4)
                  0.34    0.48    5.58 ^ _21234_/X (sky130_fd_sc_hd__and4_4)
    10    0.11                           _10992_ (net)
                  0.34    0.01    5.59 ^ _21235_/C (sky130_fd_sc_hd__nand3_4)
                  0.70    0.55    6.14 v _21235_/Y (sky130_fd_sc_hd__nand3_4)
    14    0.21                           _10993_ (net)
                  0.71    0.06    6.21 v _22825_/B1 (sky130_fd_sc_hd__a311oi_4)
                  0.58    0.80    7.01 ^ _22825_/Y (sky130_fd_sc_hd__a311oi_4)
     2    0.04                           soc.core.RAM256.WE0[2] (net)
                  0.58    0.01    7.01 ^ wire956/A (sky130_fd_sc_hd__buf_6)
                  0.10    0.24    7.25 ^ wire956/X (sky130_fd_sc_hd__buf_6)
     2    0.04                           net956 (net)
                  0.10    0.01    7.25 ^ wire955/A (sky130_fd_sc_hd__buf_4)
                  0.14    0.21    7.46 ^ wire955/X (sky130_fd_sc_hd__buf_4)
     2    0.05                           net955 (net)
                  0.14    0.01    7.47 ^ wire954/A (sky130_fd_sc_hd__clkbuf_16)
                  0.04    0.16    7.63 ^ wire954/X (sky130_fd_sc_hd__clkbuf_16)
     4    0.01                           net954 (net)
                  0.04    0.00    7.63 ^ soc.core.RAM256.BANK128[0].RAM128/WE0[2] (RAM128)
                                  7.63   data arrival time

                         12.50   12.50   clock clk (fall edge)
                          0.00   12.50   clock source latency
                  0.14    0.00   12.50 v clock_ctrl/core_clk (caravel_clocking)
     2    0.24                           mgmt_buffers.caravel_clk (net)
                  0.14    0.00   12.50 v clkbuf_0_mgmt_buffers.caravel_clk/A (sky130_fd_sc_hd__clkbuf_16)
                  0.07    0.21   12.72 v clkbuf_0_mgmt_buffers.caravel_clk/X (sky130_fd_sc_hd__clkbuf_16)
     4    0.08                           clknet_0_mgmt_buffers.caravel_clk (net)
                  0.08    0.01   12.73 v clkbuf_1_0_0_mgmt_buffers.caravel_clk/A (sky130_fd_sc_hd__clkbuf_8)
                  0.09    0.20   12.92 v clkbuf_1_0_0_mgmt_buffers.caravel_clk/X (sky130_fd_sc_hd__clkbuf_8)
     4    0.08                           clknet_1_0_0_mgmt_buffers.caravel_clk (net)
                  0.10    0.01   12.93 v clkbuf_2_0_0_mgmt_buffers.caravel_clk/A (sky130_fd_sc_hd__clkbuf_8)
                  0.07    0.18   13.12 v clkbuf_2_0_0_mgmt_buffers.caravel_clk/X (sky130_fd_sc_hd__clkbuf_8)
     4    0.05                           clknet_2_0_0_mgmt_buffers.caravel_clk (net)
                  0.07    0.01   13.13 v clkbuf_3_0_0_mgmt_buffers.caravel_clk/A (sky130_fd_sc_hd__clkbuf_8)
                  0.12    0.21   13.33 v clkbuf_3_0_0_mgmt_buffers.caravel_clk/X (sky130_fd_sc_hd__clkbuf_8)
     8    0.10                           clknet_3_0_0_mgmt_buffers.caravel_clk (net)
                  0.12    0.02   13.35 v clkbuf_5_2_0_mgmt_buffers.caravel_clk/A (sky130_fd_sc_hd__clkbuf_8)
                  0.11    0.22   13.57 v clkbuf_5_2_0_mgmt_buffers.caravel_clk/X (sky130_fd_sc_hd__clkbuf_8)
     8    0.09                           clknet_5_2_0_mgmt_buffers.caravel_clk (net)
                  0.12    0.02   13.59 v clkbuf_7_10__f_mgmt_buffers.caravel_clk/A (sky130_fd_sc_hd__clkbuf_16)
                  0.09    0.21   13.80 v clkbuf_7_10__f_mgmt_buffers.caravel_clk/X (sky130_fd_sc_hd__clkbuf_16)
    10    0.10                           clknet_7_10__leaf_mgmt_buffers.caravel_clk (net)
                  0.10    0.02   13.82 v soc.core.RAM256.BANK128[0].RAM128/CLK (RAM128)
                         -0.10   13.72   clock uncertainty
                          0.05   13.77   clock reconvergence pessimism
                          0.03   13.80   library setup time
                                 13.80   data required time
-----------------------------------------------------------------------------
                                 13.80   data required time
                                 -7.63   data arrival time
-----------------------------------------------------------------------------
                                  6.17   slack (MET)


Startpoint: _35093_ (rising edge-triggered flip-flop clocked by clk)
Endpoint: soc.core.RAM256.BANK128[1].RAM128
          (rising edge-triggered flip-flop clocked by clk)
Path Group: clk
Path Type: max

Fanout     Cap    Slew   Delay    Time   Description
-----------------------------------------------------------------------------
                          0.00    0.00   clock clk (rise edge)
                          0.00    0.00   clock source latency
                  0.25    0.00    0.00 ^ clock_ctrl/core_clk (caravel_clocking)
     2    0.24                           mgmt_buffers.caravel_clk (net)
                  0.25    0.00    0.00 ^ clkbuf_0_mgmt_buffers.caravel_clk/A (sky130_fd_sc_hd__clkbuf_16)
                  0.10    0.24    0.25 ^ clkbuf_0_mgmt_buffers.caravel_clk/X (sky130_fd_sc_hd__clkbuf_16)
     4    0.08                           clknet_0_mgmt_buffers.caravel_clk (net)
                  0.11    0.01    0.26 ^ clkbuf_1_0_0_mgmt_buffers.caravel_clk/A (sky130_fd_sc_hd__clkbuf_8)
                  0.15    0.23    0.49 ^ clkbuf_1_0_0_mgmt_buffers.caravel_clk/X (sky130_fd_sc_hd__clkbuf_8)
     4    0.08                           clknet_1_0_0_mgmt_buffers.caravel_clk (net)
                  0.15    0.01    0.50 ^ clkbuf_2_0_0_mgmt_buffers.caravel_clk/A (sky130_fd_sc_hd__clkbuf_8)
                  0.10    0.21    0.71 ^ clkbuf_2_0_0_mgmt_buffers.caravel_clk/X (sky130_fd_sc_hd__clkbuf_8)
     4    0.05                           clknet_2_0_0_mgmt_buffers.caravel_clk (net)
                  0.10    0.01    0.71 ^ clkbuf_3_1_0_mgmt_buffers.caravel_clk/A (sky130_fd_sc_hd__clkbuf_8)
                  0.14    0.22    0.94 ^ clkbuf_3_1_0_mgmt_buffers.caravel_clk/X (sky130_fd_sc_hd__clkbuf_8)
     8    0.08                           clknet_3_1_0_mgmt_buffers.caravel_clk (net)
                  0.14    0.01    0.95 ^ clkbuf_5_7_0_mgmt_buffers.caravel_clk/A (sky130_fd_sc_hd__clkbuf_8)
                  0.11    0.22    1.17 ^ clkbuf_5_7_0_mgmt_buffers.caravel_clk/X (sky130_fd_sc_hd__clkbuf_8)
     8    0.06                           clknet_5_7_0_mgmt_buffers.caravel_clk (net)
                  0.11    0.01    1.17 ^ clkbuf_7_31__f_mgmt_buffers.caravel_clk/A (sky130_fd_sc_hd__clkbuf_16)
                  0.12    0.21    1.38 ^ clkbuf_7_31__f_mgmt_buffers.caravel_clk/X (sky130_fd_sc_hd__clkbuf_16)
    16    0.10                           clknet_7_31__leaf_mgmt_buffers.caravel_clk (net)
                  0.12    0.01    1.40 ^ clkbuf_leaf_80_mgmt_buffers.caravel_clk/A (sky130_fd_sc_hd__clkbuf_16)
                  0.04    0.15    1.55 ^ clkbuf_leaf_80_mgmt_buffers.caravel_clk/X (sky130_fd_sc_hd__clkbuf_16)
     4    0.02                           clknet_leaf_80_mgmt_buffers.caravel_clk (net)
                  0.04    0.00    1.55 ^ _35093_/CLK (sky130_fd_sc_hd__dfxtp_2)
                  0.10    0.37    1.92 ^ _35093_/Q (sky130_fd_sc_hd__dfxtp_2)
     2    0.02                           soc.core.grant[1] (net)
                  0.10    0.00    1.92 ^ hold9625/A (sky130_fd_sc_hd__clkdlybuf4s15_2)
                  0.05    0.23    2.15 ^ hold9625/X (sky130_fd_sc_hd__clkdlybuf4s15_2)
     1    0.01                           net12342 (net)
                  0.05    0.00    2.15 ^ fanout2322/A (sky130_fd_sc_hd__buf_8)
                  0.15    0.19    2.34 ^ fanout2322/X (sky130_fd_sc_hd__buf_8)
    20    0.09                           net2322 (net)
                  0.15    0.01    2.35 ^ fanout2321/A (sky130_fd_sc_hd__buf_6)
                  0.18    0.24    2.59 ^ fanout2321/X (sky130_fd_sc_hd__buf_6)
    24    0.09                           net2321 (net)
                  0.18    0.00    2.59 ^ _20858_/A_N (sky130_fd_sc_hd__and3b_4)
                  0.07    0.28    2.87 v _20858_/X (sky130_fd_sc_hd__and3b_4)
     2    0.03                           _10697_ (net)
                  0.07    0.00    2.87 v _20859_/B1 (sky130_fd_sc_hd__a21oi_4)
                  0.23    0.23    3.10 ^ _20859_/Y (sky130_fd_sc_hd__a21oi_4)
     2    0.03                           _04932_ (net)
                  0.23    0.00    3.10 ^ _15708_/A0 (sky130_fd_sc_hd__mux2_8)
                  0.52    0.54    3.64 ^ _15708_/X (sky130_fd_sc_hd__mux2_8)
    16    0.32                           _04933_ (net)
                  0.54    0.09    3.74 ^ _20671_/B (sky130_fd_sc_hd__and3_4)
                  0.14    0.38    4.12 ^ _20671_/X (sky130_fd_sc_hd__and3_4)
     4    0.04                           _10553_ (net)
                  0.14    0.00    4.12 ^ fanout1386/A (sky130_fd_sc_hd__buf_6)
                  0.16    0.22    4.34 ^ fanout1386/X (sky130_fd_sc_hd__buf_6)
    24    0.08                           net1386 (net)
                  0.16    0.01    4.35 ^ _21232_/C (sky130_fd_sc_hd__and3_2)
                  0.12    0.28    4.63 ^ _21232_/X (sky130_fd_sc_hd__and3_2)
     2    0.02                           _10990_ (net)
                  0.12    0.00    4.63 ^ fanout1315/A (sky130_fd_sc_hd__buf_6)
                  0.17    0.22    4.85 ^ fanout1315/X (sky130_fd_sc_hd__buf_6)
    12    0.09                           net1315 (net)
                  0.18    0.01    4.86 ^ _21233_/C (sky130_fd_sc_hd__and3_2)
                  0.08    0.24    5.10 ^ _21233_/X (sky130_fd_sc_hd__and3_2)
     1    0.01                           _10991_ (net)
                  0.08    0.00    5.10 ^ _21234_/D (sky130_fd_sc_hd__and4_4)
                  0.34    0.48    5.58 ^ _21234_/X (sky130_fd_sc_hd__and4_4)
    10    0.11                           _10992_ (net)
                  0.34    0.01    5.59 ^ _21235_/C (sky130_fd_sc_hd__nand3_4)
                  0.70    0.55    6.14 v _21235_/Y (sky130_fd_sc_hd__nand3_4)
    14    0.21                           _10993_ (net)
                  0.70    0.06    6.20 v _22826_/B1 (sky130_fd_sc_hd__a311oi_4)
                  0.55    0.77    6.97 ^ _22826_/Y (sky130_fd_sc_hd__a311oi_4)
     2    0.04                           soc.core.RAM256.WE0[3] (net)
                  0.55    0.01    6.98 ^ wire953/A (sky130_fd_sc_hd__buf_6)
                  0.10    0.23    7.21 ^ wire953/X (sky130_fd_sc_hd__buf_6)
     2    0.04                           net953 (net)
                  0.10    0.01    7.22 ^ wire952/A (sky130_fd_sc_hd__buf_4)
                  0.13    0.20    7.42 ^ wire952/X (sky130_fd_sc_hd__buf_4)
     2    0.05                           net952 (net)
                  0.13    0.01    7.43 ^ wire951/A (sky130_fd_sc_hd__buf_8)
                  0.03    0.12    7.55 ^ wire951/X (sky130_fd_sc_hd__buf_8)
     4    0.01                           net951 (net)
                  0.03    0.00    7.55 ^ soc.core.RAM256.BANK128[1].RAM128/WE0[3] (RAM128)
                                  7.55   data arrival time

                         12.50   12.50   clock clk (fall edge)
                          0.00   12.50   clock source latency
                  0.14    0.00   12.50 v clock_ctrl/core_clk (caravel_clocking)
     2    0.24                           mgmt_buffers.caravel_clk (net)
                  0.14    0.00   12.50 v clkbuf_0_mgmt_buffers.caravel_clk/A (sky130_fd_sc_hd__clkbuf_16)
                  0.07    0.21   12.72 v clkbuf_0_mgmt_buffers.caravel_clk/X (sky130_fd_sc_hd__clkbuf_16)
     4    0.08                           clknet_0_mgmt_buffers.caravel_clk (net)
                  0.08    0.01   12.73 v clkbuf_1_0_0_mgmt_buffers.caravel_clk/A (sky130_fd_sc_hd__clkbuf_8)
                  0.09    0.20   12.92 v clkbuf_1_0_0_mgmt_buffers.caravel_clk/X (sky130_fd_sc_hd__clkbuf_8)
     4    0.08                           clknet_1_0_0_mgmt_buffers.caravel_clk (net)
                  0.10    0.01   12.93 v clkbuf_2_0_0_mgmt_buffers.caravel_clk/A (sky130_fd_sc_hd__clkbuf_8)
                  0.07    0.18   13.12 v clkbuf_2_0_0_mgmt_buffers.caravel_clk/X (sky130_fd_sc_hd__clkbuf_8)
     4    0.05                           clknet_2_0_0_mgmt_buffers.caravel_clk (net)
                  0.07    0.01   13.13 v clkbuf_3_0_0_mgmt_buffers.caravel_clk/A (sky130_fd_sc_hd__clkbuf_8)
                  0.12    0.21   13.33 v clkbuf_3_0_0_mgmt_buffers.caravel_clk/X (sky130_fd_sc_hd__clkbuf_8)
     8    0.10                           clknet_3_0_0_mgmt_buffers.caravel_clk (net)
                  0.12    0.02   13.35 v clkbuf_5_2_0_mgmt_buffers.caravel_clk/A (sky130_fd_sc_hd__clkbuf_8)
                  0.11    0.22   13.57 v clkbuf_5_2_0_mgmt_buffers.caravel_clk/X (sky130_fd_sc_hd__clkbuf_8)
     8    0.09                           clknet_5_2_0_mgmt_buffers.caravel_clk (net)
                  0.12    0.02   13.59 v clkbuf_7_10__f_mgmt_buffers.caravel_clk/A (sky130_fd_sc_hd__clkbuf_16)
                  0.09    0.21   13.80 v clkbuf_7_10__f_mgmt_buffers.caravel_clk/X (sky130_fd_sc_hd__clkbuf_16)
    10    0.10                           clknet_7_10__leaf_mgmt_buffers.caravel_clk (net)
                  0.09    0.02   13.82 v soc.core.RAM256.BANK128[1].RAM128/CLK (RAM128)
                         -0.10   13.72   clock uncertainty
                          0.05   13.77   clock reconvergence pessimism
                          0.07   13.84   library setup time
                                 13.84   data required time
-----------------------------------------------------------------------------
                                 13.84   data required time
                                 -7.55   data arrival time
-----------------------------------------------------------------------------
                                  6.29   slack (MET)


Startpoint: _37377_ (rising edge-triggered flip-flop clocked by hk_serial_clk)
Endpoint: _37378_ (rising edge-triggered flip-flop clocked by hk_serial_clk')
Path Group: hk_serial_clk
Path Type: max

Fanout     Cap    Slew   Delay    Time   Description
-----------------------------------------------------------------------------
                          0.00    0.00   clock hk_serial_clk (rise edge)
                          0.00    0.00   clock source latency
                  0.04    0.00    0.00 ^ housekeeping_alt/serial_clock (housekeeping_alt)
     3    0.02                           gpio_control_bidir_1[0].serial_clock (net)
                  0.04    0.00    0.00 ^ fanout2143/A (sky130_fd_sc_hd__buf_12)
                  0.24    0.19    0.19 ^ fanout2143/X (sky130_fd_sc_hd__buf_12)
    10    0.22                           net2143 (net)
                  0.36    0.14    0.33 ^ wire2145/A (sky130_fd_sc_hd__buf_6)
                  0.20    0.28    0.61 ^ wire2145/X (sky130_fd_sc_hd__buf_6)
     2    0.10                           net2145 (net)
                  0.21    0.02    0.64 ^ wire820/A (sky130_fd_sc_hd__buf_12)
                  0.20    0.25    0.89 ^ wire820/X (sky130_fd_sc_hd__buf_12)
     4    0.17                           net13670 (net)
                  0.21    0.04    0.93 ^ wire2144/A (sky130_fd_sc_hd__buf_12)
                  0.19    0.23    1.16 ^ wire2144/X (sky130_fd_sc_hd__buf_12)
     6    0.16                           net2144 (net)
                  0.23    0.07    1.23 ^ fanout2141/A (sky130_fd_sc_hd__buf_12)
                  0.19    0.23    1.46 ^ fanout2141/X (sky130_fd_sc_hd__buf_12)
    24    0.16                           net2141 (net)
                  0.22    0.07    1.52 ^ gpio_control_bidir_2[2].BUF[2]/A (sky130_fd_sc_hd__buf_6)
                  0.10    0.19    1.71 ^ gpio_control_bidir_2[2].BUF[2]/X (sky130_fd_sc_hd__buf_6)
     8    0.05                           gpio_control_bidir_2[1].serial_clock (net)
                  0.10    0.01    1.72 ^ gpio_control_bidir_2[1].BUF[2]/A (sky130_fd_sc_hd__buf_4)
                  0.11    0.19    1.91 ^ gpio_control_bidir_2[1].BUF[2]/X (sky130_fd_sc_hd__buf_4)
     8    0.04                           gpio_control_bidir_2[0].serial_clock (net)
                  0.11    0.00    1.91 ^ fanout1574/A (sky130_fd_sc_hd__buf_8)
                  0.14    0.19    2.11 ^ fanout1574/X (sky130_fd_sc_hd__buf_8)
    24    0.08                           net1574 (net)
                  0.14    0.01    2.11 ^ gpio_control_bidir_2[0].BUF[2]/A (sky130_fd_sc_hd__clkbuf_8)
                  0.20    0.28    2.39 ^ gpio_control_bidir_2[0].BUF[2]/X (sky130_fd_sc_hd__clkbuf_8)
    30    0.11                           gpio_control_bidir_2[0].serial_clock_out (net)
                  0.20    0.02    2.41 ^ gpio_control_in_2[9].BUF[2]/A (sky130_fd_sc_hd__buf_4)
                  0.10    0.21    2.62 ^ gpio_control_in_2[9].BUF[2]/X (sky130_fd_sc_hd__buf_4)
     8    0.03                           gpio_control_in_2[8].serial_clock (net)
                  0.10    0.00    2.62 ^ fanout1337/A (sky130_fd_sc_hd__buf_8)
                  0.16    0.20    2.82 ^ fanout1337/X (sky130_fd_sc_hd__buf_8)
    24    0.09                           net1337 (net)
                  0.16    0.01    2.83 ^ gpio_control_in_2[8].BUF[2]/A (sky130_fd_sc_hd__buf_4)
                  0.10    0.20    3.03 ^ gpio_control_in_2[8].BUF[2]/X (sky130_fd_sc_hd__buf_4)
     8    0.03                           gpio_control_in_2[7].serial_clock (net)
                  0.10    0.00    3.03 ^ fanout1269/A (sky130_fd_sc_hd__buf_8)
                  0.16    0.20    3.23 ^ fanout1269/X (sky130_fd_sc_hd__buf_8)
    24    0.09                           net1269 (net)
                  0.16    0.01    3.24 ^ gpio_control_in_2[7].BUF[2]/A (sky130_fd_sc_hd__buf_6)
                  0.18    0.22    3.46 ^ gpio_control_in_2[7].BUF[2]/X (sky130_fd_sc_hd__buf_6)
     8    0.09                           gpio_control_in_2[6].serial_clock (net)
                  0.19    0.03    3.49 ^ fanout1175/A (sky130_fd_sc_hd__buf_12)
                  0.11    0.19    3.68 ^ fanout1175/X (sky130_fd_sc_hd__buf_12)
    24    0.08                           net1175 (net)
                  0.11    0.01    3.69 ^ gpio_control_in_2[6].BUF[2]/A (sky130_fd_sc_hd__buf_4)
                  0.13    0.20    3.89 ^ gpio_control_in_2[6].BUF[2]/X (sky130_fd_sc_hd__buf_4)
     8    0.04                           gpio_control_in_2[5].serial_clock (net)
                  0.13    0.00    3.90 ^ fanout1120/A (sky130_fd_sc_hd__buf_8)
                  0.14    0.20    4.10 ^ fanout1120/X (sky130_fd_sc_hd__buf_8)
    24    0.09                           net1120 (net)
                  0.14    0.00    4.10 ^ gpio_control_in_2[5].BUF[2]/A (sky130_fd_sc_hd__buf_4)
                  0.11    0.20    4.31 ^ gpio_control_in_2[5].BUF[2]/X (sky130_fd_sc_hd__buf_4)
     8    0.04                           gpio_control_in_2[4].serial_clock (net)
                  0.11    0.00    4.31 ^ fanout972/A (sky130_fd_sc_hd__buf_6)
                  0.17    0.22    4.53 ^ fanout972/X (sky130_fd_sc_hd__buf_6)
    24    0.08                           net972 (net)
                  0.17    0.00    4.53 ^ _37377_/CLK (sky130_fd_sc_hd__dfrtp_2)
                  0.09    0.50    5.03 v _37377_/Q (sky130_fd_sc_hd__dfrtp_2)
     4    0.02                           gpio_control_in_2[4].shift_register[12] (net)
                  0.09    0.00    5.03 v _37378_/D (sky130_fd_sc_hd__dfrtp_4)
                                  5.03   data arrival time

                         25.00   25.00   clock hk_serial_clk' (rise edge)
                          0.00   25.00   clock source latency
                  0.03    0.00   25.00 v housekeeping_alt/serial_clock (housekeeping_alt)
     3    0.02                           gpio_control_bidir_1[0].serial_clock (net)
                  0.03    0.00   25.00 v fanout2143/A (sky130_fd_sc_hd__buf_12)
                  0.09    0.14   25.15 v fanout2143/X (sky130_fd_sc_hd__buf_12)
    10    0.22                           net2143 (net)
                  0.27    0.12   25.27 v wire2145/A (sky130_fd_sc_hd__buf_6)
                  0.09    0.26   25.53 v wire2145/X (sky130_fd_sc_hd__buf_6)
     2    0.10                           net2145 (net)
                  0.10    0.02   25.55 v wire820/A (sky130_fd_sc_hd__buf_12)
                  0.10    0.19   25.74 v wire820/X (sky130_fd_sc_hd__buf_12)
     4    0.17                           net13670 (net)
                  0.12    0.04   25.78 v wire2144/A (sky130_fd_sc_hd__buf_12)
                  0.09    0.18   25.96 v wire2144/X (sky130_fd_sc_hd__buf_12)
     6    0.16                           net2144 (net)
                  0.16    0.06   26.02 v fanout2141/A (sky130_fd_sc_hd__buf_12)
                  0.09    0.20   26.21 v fanout2141/X (sky130_fd_sc_hd__buf_12)
    24    0.16                           net2141 (net)
                  0.15    0.06   26.27 v gpio_control_bidir_2[2].BUF[2]/A (sky130_fd_sc_hd__buf_6)
                  0.05    0.18   26.45 v gpio_control_bidir_2[2].BUF[2]/X (sky130_fd_sc_hd__buf_6)
     8    0.04                           gpio_control_bidir_2[1].serial_clock (net)
                  0.05    0.01   26.46 v gpio_control_bidir_2[1].BUF[2]/A (sky130_fd_sc_hd__buf_4)
                  0.06    0.17   26.62 v gpio_control_bidir_2[1].BUF[2]/X (sky130_fd_sc_hd__buf_4)
     8    0.04                           gpio_control_bidir_2[0].serial_clock (net)
                  0.06    0.00   26.63 v fanout1574/A (sky130_fd_sc_hd__buf_8)
                  0.07    0.16   26.78 v fanout1574/X (sky130_fd_sc_hd__buf_8)
    24    0.08                           net1574 (net)
                  0.07    0.01   26.79 v gpio_control_bidir_2[0].BUF[2]/A (sky130_fd_sc_hd__clkbuf_8)
                  0.12    0.21   27.00 v gpio_control_bidir_2[0].BUF[2]/X (sky130_fd_sc_hd__clkbuf_8)
    30    0.11                           gpio_control_bidir_2[0].serial_clock_out (net)
                  0.13    0.02   27.02 v gpio_control_in_2[9].BUF[2]/A (sky130_fd_sc_hd__buf_4)
                  0.05    0.19   27.21 v gpio_control_in_2[9].BUF[2]/X (sky130_fd_sc_hd__buf_4)
     8    0.03                           gpio_control_in_2[8].serial_clock (net)
                  0.05    0.00   27.21 v fanout1337/A (sky130_fd_sc_hd__buf_8)
                  0.07    0.16   27.37 v fanout1337/X (sky130_fd_sc_hd__buf_8)
    24    0.09                           net1337 (net)
                  0.07    0.01   27.38 v gpio_control_in_2[8].BUF[2]/A (sky130_fd_sc_hd__buf_4)
                  0.06    0.17   27.55 v gpio_control_in_2[8].BUF[2]/X (sky130_fd_sc_hd__buf_4)
     8    0.03                           gpio_control_in_2[7].serial_clock (net)
                  0.06    0.00   27.55 v fanout1269/A (sky130_fd_sc_hd__buf_8)
                  0.07    0.16   27.72 v fanout1269/X (sky130_fd_sc_hd__buf_8)
    24    0.09                           net1269 (net)
                  0.07    0.00   27.72 v gpio_control_in_2[7].BUF[2]/A (sky130_fd_sc_hd__buf_6)
                  0.08    0.16   27.89 v gpio_control_in_2[7].BUF[2]/X (sky130_fd_sc_hd__buf_6)
     8    0.09                           gpio_control_in_2[6].serial_clock (net)
                  0.10    0.02   27.91 v fanout1175/A (sky130_fd_sc_hd__buf_12)
                  0.06    0.17   28.08 v fanout1175/X (sky130_fd_sc_hd__buf_12)
    24    0.08                           net1175 (net)
                  0.06    0.01   28.09 v gpio_control_in_2[6].BUF[2]/A (sky130_fd_sc_hd__buf_4)
                  0.07    0.17   28.26 v gpio_control_in_2[6].BUF[2]/X (sky130_fd_sc_hd__buf_4)
     8    0.04                           gpio_control_in_2[5].serial_clock (net)
                  0.07    0.00   28.26 v fanout1120/A (sky130_fd_sc_hd__buf_8)
                  0.07    0.16   28.43 v fanout1120/X (sky130_fd_sc_hd__buf_8)
    24    0.08                           net1120 (net)
                  0.07    0.00   28.43 v gpio_control_in_2[5].BUF[2]/A (sky130_fd_sc_hd__buf_4)
                  0.06    0.17   28.60 v gpio_control_in_2[5].BUF[2]/X (sky130_fd_sc_hd__buf_4)
     8    0.04                           gpio_control_in_2[4].serial_clock (net)
                  0.06    0.00   28.61 v _20518_/A (sky130_fd_sc_hd__clkinv_4)
                  0.02    0.04   28.65 ^ _20518_/Y (sky130_fd_sc_hd__clkinv_4)
     1    0.00                           _06108_ (net)
                  0.02    0.00   28.65 ^ _37378_/CLK (sky130_fd_sc_hd__dfrtp_4)
                         -0.10   28.55   clock uncertainty
                          0.28   28.83   clock reconvergence pessimism
                         -0.14   28.69   library setup time
                                 28.69   data required time
-----------------------------------------------------------------------------
                                 28.69   data required time
                                 -5.03   data arrival time
-----------------------------------------------------------------------------
                                 23.66   slack (MET)


Startpoint: _37404_ (rising edge-triggered flip-flop clocked by hk_serial_clk)
Endpoint: _37405_ (rising edge-triggered flip-flop clocked by hk_serial_clk')
Path Group: hk_serial_clk
Path Type: max

Fanout     Cap    Slew   Delay    Time   Description
-----------------------------------------------------------------------------
                          0.00    0.00   clock hk_serial_clk (rise edge)
                          0.00    0.00   clock source latency
                  0.04    0.00    0.00 ^ housekeeping_alt/serial_clock (housekeeping_alt)
     3    0.02                           gpio_control_bidir_1[0].serial_clock (net)
                  0.04    0.00    0.00 ^ fanout2143/A (sky130_fd_sc_hd__buf_12)
                  0.24    0.19    0.19 ^ fanout2143/X (sky130_fd_sc_hd__buf_12)
    10    0.22                           net2143 (net)
                  0.36    0.14    0.33 ^ wire2145/A (sky130_fd_sc_hd__buf_6)
                  0.20    0.28    0.61 ^ wire2145/X (sky130_fd_sc_hd__buf_6)
     2    0.10                           net2145 (net)
                  0.21    0.02    0.64 ^ wire820/A (sky130_fd_sc_hd__buf_12)
                  0.20    0.25    0.89 ^ wire820/X (sky130_fd_sc_hd__buf_12)
     4    0.17                           net13670 (net)
                  0.21    0.04    0.93 ^ wire2144/A (sky130_fd_sc_hd__buf_12)
                  0.19    0.23    1.16 ^ wire2144/X (sky130_fd_sc_hd__buf_12)
     6    0.16                           net2144 (net)
                  0.23    0.07    1.23 ^ fanout2141/A (sky130_fd_sc_hd__buf_12)
                  0.19    0.23    1.46 ^ fanout2141/X (sky130_fd_sc_hd__buf_12)
    24    0.16                           net2141 (net)
                  0.22    0.07    1.52 ^ gpio_control_bidir_2[2].BUF[2]/A (sky130_fd_sc_hd__buf_6)
                  0.10    0.19    1.71 ^ gpio_control_bidir_2[2].BUF[2]/X (sky130_fd_sc_hd__buf_6)
     8    0.05                           gpio_control_bidir_2[1].serial_clock (net)
                  0.10    0.01    1.72 ^ gpio_control_bidir_2[1].BUF[2]/A (sky130_fd_sc_hd__buf_4)
                  0.11    0.19    1.91 ^ gpio_control_bidir_2[1].BUF[2]/X (sky130_fd_sc_hd__buf_4)
     8    0.04                           gpio_control_bidir_2[0].serial_clock (net)
                  0.11    0.00    1.91 ^ fanout1574/A (sky130_fd_sc_hd__buf_8)
                  0.14    0.19    2.11 ^ fanout1574/X (sky130_fd_sc_hd__buf_8)
    24    0.08                           net1574 (net)
                  0.14    0.01    2.11 ^ gpio_control_bidir_2[0].BUF[2]/A (sky130_fd_sc_hd__clkbuf_8)
                  0.20    0.28    2.39 ^ gpio_control_bidir_2[0].BUF[2]/X (sky130_fd_sc_hd__clkbuf_8)
    30    0.11                           gpio_control_bidir_2[0].serial_clock_out (net)
                  0.20    0.02    2.41 ^ gpio_control_in_2[9].BUF[2]/A (sky130_fd_sc_hd__buf_4)
                  0.10    0.21    2.62 ^ gpio_control_in_2[9].BUF[2]/X (sky130_fd_sc_hd__buf_4)
     8    0.03                           gpio_control_in_2[8].serial_clock (net)
                  0.10    0.00    2.62 ^ fanout1337/A (sky130_fd_sc_hd__buf_8)
                  0.16    0.20    2.82 ^ fanout1337/X (sky130_fd_sc_hd__buf_8)
    24    0.09                           net1337 (net)
                  0.16    0.01    2.83 ^ gpio_control_in_2[8].BUF[2]/A (sky130_fd_sc_hd__buf_4)
                  0.10    0.20    3.03 ^ gpio_control_in_2[8].BUF[2]/X (sky130_fd_sc_hd__buf_4)
     8    0.03                           gpio_control_in_2[7].serial_clock (net)
                  0.10    0.00    3.03 ^ fanout1269/A (sky130_fd_sc_hd__buf_8)
                  0.16    0.20    3.23 ^ fanout1269/X (sky130_fd_sc_hd__buf_8)
    24    0.09                           net1269 (net)
                  0.16    0.01    3.24 ^ gpio_control_in_2[7].BUF[2]/A (sky130_fd_sc_hd__buf_6)
                  0.18    0.22    3.46 ^ gpio_control_in_2[7].BUF[2]/X (sky130_fd_sc_hd__buf_6)
     8    0.09                           gpio_control_in_2[6].serial_clock (net)
                  0.19    0.03    3.49 ^ fanout1175/A (sky130_fd_sc_hd__buf_12)
                  0.11    0.19    3.68 ^ fanout1175/X (sky130_fd_sc_hd__buf_12)
    24    0.08                           net1175 (net)
                  0.11    0.01    3.69 ^ gpio_control_in_2[6].BUF[2]/A (sky130_fd_sc_hd__buf_4)
                  0.13    0.20    3.89 ^ gpio_control_in_2[6].BUF[2]/X (sky130_fd_sc_hd__buf_4)
     8    0.04                           gpio_control_in_2[5].serial_clock (net)
                  0.13    0.00    3.90 ^ fanout1120/A (sky130_fd_sc_hd__buf_8)
                  0.14    0.20    4.10 ^ fanout1120/X (sky130_fd_sc_hd__buf_8)
    24    0.09                           net1120 (net)
                  0.14    0.00    4.10 ^ _37404_/CLK (sky130_fd_sc_hd__dfrtp_4)
                  0.08    0.55    4.66 v _37404_/Q (sky130_fd_sc_hd__dfrtp_4)
     4    0.02                           gpio_control_in_2[5].shift_register[12] (net)
                  0.08    0.00    4.66 v _37405_/D (sky130_fd_sc_hd__dfrtp_4)
                                  4.66   data arrival time

                         25.00   25.00   clock hk_serial_clk' (rise edge)
                          0.00   25.00   clock source latency
                  0.03    0.00   25.00 v housekeeping_alt/serial_clock (housekeeping_alt)
     3    0.02                           gpio_control_bidir_1[0].serial_clock (net)
                  0.03    0.00   25.00 v fanout2143/A (sky130_fd_sc_hd__buf_12)
                  0.09    0.14   25.15 v fanout2143/X (sky130_fd_sc_hd__buf_12)
    10    0.22                           net2143 (net)
                  0.27    0.12   25.27 v wire2145/A (sky130_fd_sc_hd__buf_6)
                  0.09    0.26   25.53 v wire2145/X (sky130_fd_sc_hd__buf_6)
     2    0.10                           net2145 (net)
                  0.10    0.02   25.55 v wire820/A (sky130_fd_sc_hd__buf_12)
                  0.10    0.19   25.74 v wire820/X (sky130_fd_sc_hd__buf_12)
     4    0.17                           net13670 (net)
                  0.12    0.04   25.78 v wire2144/A (sky130_fd_sc_hd__buf_12)
                  0.09    0.18   25.96 v wire2144/X (sky130_fd_sc_hd__buf_12)
     6    0.16                           net2144 (net)
                  0.16    0.06   26.02 v fanout2141/A (sky130_fd_sc_hd__buf_12)
                  0.09    0.20   26.21 v fanout2141/X (sky130_fd_sc_hd__buf_12)
    24    0.16                           net2141 (net)
                  0.15    0.06   26.27 v gpio_control_bidir_2[2].BUF[2]/A (sky130_fd_sc_hd__buf_6)
                  0.05    0.18   26.45 v gpio_control_bidir_2[2].BUF[2]/X (sky130_fd_sc_hd__buf_6)
     8    0.04                           gpio_control_bidir_2[1].serial_clock (net)
                  0.05    0.01   26.46 v gpio_control_bidir_2[1].BUF[2]/A (sky130_fd_sc_hd__buf_4)
                  0.06    0.17   26.62 v gpio_control_bidir_2[1].BUF[2]/X (sky130_fd_sc_hd__buf_4)
     8    0.04                           gpio_control_bidir_2[0].serial_clock (net)
                  0.06    0.00   26.63 v fanout1574/A (sky130_fd_sc_hd__buf_8)
                  0.07    0.16   26.78 v fanout1574/X (sky130_fd_sc_hd__buf_8)
    24    0.08                           net1574 (net)
                  0.07    0.01   26.79 v gpio_control_bidir_2[0].BUF[2]/A (sky130_fd_sc_hd__clkbuf_8)
                  0.12    0.21   27.00 v gpio_control_bidir_2[0].BUF[2]/X (sky130_fd_sc_hd__clkbuf_8)
    30    0.11                           gpio_control_bidir_2[0].serial_clock_out (net)
                  0.13    0.02   27.02 v gpio_control_in_2[9].BUF[2]/A (sky130_fd_sc_hd__buf_4)
                  0.05    0.19   27.21 v gpio_control_in_2[9].BUF[2]/X (sky130_fd_sc_hd__buf_4)
     8    0.03                           gpio_control_in_2[8].serial_clock (net)
                  0.05    0.00   27.21 v fanout1337/A (sky130_fd_sc_hd__buf_8)
                  0.07    0.16   27.37 v fanout1337/X (sky130_fd_sc_hd__buf_8)
    24    0.09                           net1337 (net)
                  0.07    0.01   27.38 v gpio_control_in_2[8].BUF[2]/A (sky130_fd_sc_hd__buf_4)
                  0.06    0.17   27.55 v gpio_control_in_2[8].BUF[2]/X (sky130_fd_sc_hd__buf_4)
     8    0.03                           gpio_control_in_2[7].serial_clock (net)
                  0.06    0.00   27.55 v fanout1269/A (sky130_fd_sc_hd__buf_8)
                  0.07    0.16   27.72 v fanout1269/X (sky130_fd_sc_hd__buf_8)
    24    0.09                           net1269 (net)
                  0.07    0.00   27.72 v gpio_control_in_2[7].BUF[2]/A (sky130_fd_sc_hd__buf_6)
                  0.08    0.16   27.89 v gpio_control_in_2[7].BUF[2]/X (sky130_fd_sc_hd__buf_6)
     8    0.09                           gpio_control_in_2[6].serial_clock (net)
                  0.10    0.02   27.91 v fanout1175/A (sky130_fd_sc_hd__buf_12)
                  0.06    0.17   28.08 v fanout1175/X (sky130_fd_sc_hd__buf_12)
    24    0.08                           net1175 (net)
                  0.06    0.01   28.09 v gpio_control_in_2[6].BUF[2]/A (sky130_fd_sc_hd__buf_4)
                  0.07    0.17   28.26 v gpio_control_in_2[6].BUF[2]/X (sky130_fd_sc_hd__buf_4)
     8    0.04                           gpio_control_in_2[5].serial_clock (net)
                  0.07    0.00   28.26 v _20520_/A (sky130_fd_sc_hd__clkinv_4)
                  0.02    0.04   28.31 ^ _20520_/Y (sky130_fd_sc_hd__clkinv_4)
     1    0.00                           _06122_ (net)
                  0.02    0.00   28.31 ^ _37405_/CLK (sky130_fd_sc_hd__dfrtp_4)
                         -0.10   28.21   clock uncertainty
                          0.25   28.46   clock reconvergence pessimism
                         -0.13   28.33   library setup time
                                 28.33   data required time
-----------------------------------------------------------------------------
                                 28.33   data required time
                                 -4.66   data arrival time
-----------------------------------------------------------------------------
                                 23.67   slack (MET)


Startpoint: _37431_ (rising edge-triggered flip-flop clocked by hk_serial_clk)
Endpoint: _37432_ (rising edge-triggered flip-flop clocked by hk_serial_clk')
Path Group: hk_serial_clk
Path Type: max

Fanout     Cap    Slew   Delay    Time   Description
-----------------------------------------------------------------------------
                          0.00    0.00   clock hk_serial_clk (rise edge)
                          0.00    0.00   clock source latency
                  0.04    0.00    0.00 ^ housekeeping_alt/serial_clock (housekeeping_alt)
     3    0.02                           gpio_control_bidir_1[0].serial_clock (net)
                  0.04    0.00    0.00 ^ fanout2143/A (sky130_fd_sc_hd__buf_12)
                  0.24    0.19    0.19 ^ fanout2143/X (sky130_fd_sc_hd__buf_12)
    10    0.22                           net2143 (net)
                  0.36    0.14    0.33 ^ wire2145/A (sky130_fd_sc_hd__buf_6)
                  0.20    0.28    0.61 ^ wire2145/X (sky130_fd_sc_hd__buf_6)
     2    0.10                           net2145 (net)
                  0.21    0.02    0.64 ^ wire820/A (sky130_fd_sc_hd__buf_12)
                  0.20    0.25    0.89 ^ wire820/X (sky130_fd_sc_hd__buf_12)
     4    0.17                           net13670 (net)
                  0.21    0.04    0.93 ^ wire2144/A (sky130_fd_sc_hd__buf_12)
                  0.19    0.23    1.16 ^ wire2144/X (sky130_fd_sc_hd__buf_12)
     6    0.16                           net2144 (net)
                  0.23    0.07    1.23 ^ fanout2141/A (sky130_fd_sc_hd__buf_12)
                  0.19    0.23    1.46 ^ fanout2141/X (sky130_fd_sc_hd__buf_12)
    24    0.16                           net2141 (net)
                  0.22    0.07    1.52 ^ gpio_control_bidir_2[2].BUF[2]/A (sky130_fd_sc_hd__buf_6)
                  0.10    0.19    1.71 ^ gpio_control_bidir_2[2].BUF[2]/X (sky130_fd_sc_hd__buf_6)
     8    0.05                           gpio_control_bidir_2[1].serial_clock (net)
                  0.10    0.01    1.72 ^ gpio_control_bidir_2[1].BUF[2]/A (sky130_fd_sc_hd__buf_4)
                  0.11    0.19    1.91 ^ gpio_control_bidir_2[1].BUF[2]/X (sky130_fd_sc_hd__buf_4)
     8    0.04                           gpio_control_bidir_2[0].serial_clock (net)
                  0.11    0.00    1.91 ^ fanout1574/A (sky130_fd_sc_hd__buf_8)
                  0.14    0.19    2.11 ^ fanout1574/X (sky130_fd_sc_hd__buf_8)
    24    0.08                           net1574 (net)
                  0.14    0.01    2.11 ^ gpio_control_bidir_2[0].BUF[2]/A (sky130_fd_sc_hd__clkbuf_8)
                  0.20    0.28    2.39 ^ gpio_control_bidir_2[0].BUF[2]/X (sky130_fd_sc_hd__clkbuf_8)
    30    0.11                           gpio_control_bidir_2[0].serial_clock_out (net)
                  0.20    0.02    2.41 ^ gpio_control_in_2[9].BUF[2]/A (sky130_fd_sc_hd__buf_4)
                  0.10    0.21    2.62 ^ gpio_control_in_2[9].BUF[2]/X (sky130_fd_sc_hd__buf_4)
     8    0.03                           gpio_control_in_2[8].serial_clock (net)
                  0.10    0.00    2.62 ^ fanout1337/A (sky130_fd_sc_hd__buf_8)
                  0.16    0.20    2.82 ^ fanout1337/X (sky130_fd_sc_hd__buf_8)
    24    0.09                           net1337 (net)
                  0.16    0.01    2.83 ^ gpio_control_in_2[8].BUF[2]/A (sky130_fd_sc_hd__buf_4)
                  0.10    0.20    3.03 ^ gpio_control_in_2[8].BUF[2]/X (sky130_fd_sc_hd__buf_4)
     8    0.03                           gpio_control_in_2[7].serial_clock (net)
                  0.10    0.00    3.03 ^ fanout1269/A (sky130_fd_sc_hd__buf_8)
                  0.16    0.20    3.23 ^ fanout1269/X (sky130_fd_sc_hd__buf_8)
    24    0.09                           net1269 (net)
                  0.16    0.01    3.24 ^ gpio_control_in_2[7].BUF[2]/A (sky130_fd_sc_hd__buf_6)
                  0.18    0.22    3.46 ^ gpio_control_in_2[7].BUF[2]/X (sky130_fd_sc_hd__buf_6)
     8    0.09                           gpio_control_in_2[6].serial_clock (net)
                  0.19    0.03    3.49 ^ fanout1175/A (sky130_fd_sc_hd__buf_12)
                  0.11    0.19    3.68 ^ fanout1175/X (sky130_fd_sc_hd__buf_12)
    24    0.08                           net1175 (net)
                  0.11    0.01    3.69 ^ _37431_/CLK (sky130_fd_sc_hd__dfrtp_4)
                  0.06    0.51    4.20 v _37431_/Q (sky130_fd_sc_hd__dfrtp_4)
     2    0.01                           gpio_control_in_2[6].shift_register[12] (net)
                  0.06    0.00    4.20 v _37432_/D (sky130_fd_sc_hd__dfrtp_2)
                                  4.20   data arrival time

                         25.00   25.00   clock hk_serial_clk' (rise edge)
                          0.00   25.00   clock source latency
                  0.03    0.00   25.00 v housekeeping_alt/serial_clock (housekeeping_alt)
     3    0.02                           gpio_control_bidir_1[0].serial_clock (net)
                  0.03    0.00   25.00 v fanout2143/A (sky130_fd_sc_hd__buf_12)
                  0.09    0.14   25.15 v fanout2143/X (sky130_fd_sc_hd__buf_12)
    10    0.22                           net2143 (net)
                  0.27    0.12   25.27 v wire2145/A (sky130_fd_sc_hd__buf_6)
                  0.09    0.26   25.53 v wire2145/X (sky130_fd_sc_hd__buf_6)
     2    0.10                           net2145 (net)
                  0.10    0.02   25.55 v wire820/A (sky130_fd_sc_hd__buf_12)
                  0.10    0.19   25.74 v wire820/X (sky130_fd_sc_hd__buf_12)
     4    0.17                           net13670 (net)
                  0.12    0.04   25.78 v wire2144/A (sky130_fd_sc_hd__buf_12)
                  0.09    0.18   25.96 v wire2144/X (sky130_fd_sc_hd__buf_12)
     6    0.16                           net2144 (net)
                  0.16    0.06   26.02 v fanout2141/A (sky130_fd_sc_hd__buf_12)
                  0.09    0.20   26.21 v fanout2141/X (sky130_fd_sc_hd__buf_12)
    24    0.16                           net2141 (net)
                  0.15    0.06   26.27 v gpio_control_bidir_2[2].BUF[2]/A (sky130_fd_sc_hd__buf_6)
                  0.05    0.18   26.45 v gpio_control_bidir_2[2].BUF[2]/X (sky130_fd_sc_hd__buf_6)
     8    0.04                           gpio_control_bidir_2[1].serial_clock (net)
                  0.05    0.01   26.46 v gpio_control_bidir_2[1].BUF[2]/A (sky130_fd_sc_hd__buf_4)
                  0.06    0.17   26.62 v gpio_control_bidir_2[1].BUF[2]/X (sky130_fd_sc_hd__buf_4)
     8    0.04                           gpio_control_bidir_2[0].serial_clock (net)
                  0.06    0.00   26.63 v fanout1574/A (sky130_fd_sc_hd__buf_8)
                  0.07    0.16   26.78 v fanout1574/X (sky130_fd_sc_hd__buf_8)
    24    0.08                           net1574 (net)
                  0.07    0.01   26.79 v gpio_control_bidir_2[0].BUF[2]/A (sky130_fd_sc_hd__clkbuf_8)
                  0.12    0.21   27.00 v gpio_control_bidir_2[0].BUF[2]/X (sky130_fd_sc_hd__clkbuf_8)
    30    0.11                           gpio_control_bidir_2[0].serial_clock_out (net)
                  0.13    0.02   27.02 v gpio_control_in_2[9].BUF[2]/A (sky130_fd_sc_hd__buf_4)
                  0.05    0.19   27.21 v gpio_control_in_2[9].BUF[2]/X (sky130_fd_sc_hd__buf_4)
     8    0.03                           gpio_control_in_2[8].serial_clock (net)
                  0.05    0.00   27.21 v fanout1337/A (sky130_fd_sc_hd__buf_8)
                  0.07    0.16   27.37 v fanout1337/X (sky130_fd_sc_hd__buf_8)
    24    0.09                           net1337 (net)
                  0.07    0.01   27.38 v gpio_control_in_2[8].BUF[2]/A (sky130_fd_sc_hd__buf_4)
                  0.06    0.17   27.55 v gpio_control_in_2[8].BUF[2]/X (sky130_fd_sc_hd__buf_4)
     8    0.03                           gpio_control_in_2[7].serial_clock (net)
                  0.06    0.00   27.55 v fanout1269/A (sky130_fd_sc_hd__buf_8)
                  0.07    0.16   27.72 v fanout1269/X (sky130_fd_sc_hd__buf_8)
    24    0.09                           net1269 (net)
                  0.07    0.00   27.72 v gpio_control_in_2[7].BUF[2]/A (sky130_fd_sc_hd__buf_6)
                  0.08    0.16   27.89 v gpio_control_in_2[7].BUF[2]/X (sky130_fd_sc_hd__buf_6)
     8    0.09                           gpio_control_in_2[6].serial_clock (net)
                  0.10    0.02   27.91 v _20522_/A (sky130_fd_sc_hd__clkinv_4)
                  0.03    0.06   27.97 ^ _20522_/Y (sky130_fd_sc_hd__clkinv_4)
     1    0.01                           _06136_ (net)
                  0.03    0.00   27.97 ^ _37432_/CLK (sky130_fd_sc_hd__dfrtp_2)
                         -0.10   27.87   clock uncertainty
                          0.23   28.10   clock reconvergence pessimism
                         -0.13   27.97   library setup time
                                 27.97   data required time
-----------------------------------------------------------------------------
                                 27.97   data required time
                                 -4.20   data arrival time
-----------------------------------------------------------------------------
                                 23.77   slack (MET)


Startpoint: _37136_ (rising edge-triggered flip-flop clocked by hk_serial_clk)
Endpoint: _37137_ (rising edge-triggered flip-flop clocked by hk_serial_clk')
Path Group: hk_serial_clk
Path Type: max

Fanout     Cap    Slew   Delay    Time   Description
-----------------------------------------------------------------------------
                          0.00    0.00   clock hk_serial_clk (rise edge)
                          0.00    0.00   clock source latency
                  0.04    0.00    0.00 ^ housekeeping_alt/serial_clock (housekeeping_alt)
     3    0.02                           gpio_control_bidir_1[0].serial_clock (net)
                  0.04    0.00    0.00 ^ fanout2143/A (sky130_fd_sc_hd__buf_12)
                  0.24    0.19    0.19 ^ fanout2143/X (sky130_fd_sc_hd__buf_12)
    10    0.22                           net2143 (net)
                  0.25    0.04    0.24 ^ gpio_control_bidir_1[0].BUF[2]/A (sky130_fd_sc_hd__clkbuf_8)
                  0.18    0.30    0.54 ^ gpio_control_bidir_1[0].BUF[2]/X (sky130_fd_sc_hd__clkbuf_8)
    30    0.10                           gpio_control_bidir_1[0].serial_clock_out (net)
                  0.18    0.01    0.56 ^ gpio_control_bidir_1[1].BUF[2]/A (sky130_fd_sc_hd__clkbuf_8)
                  0.17    0.28    0.83 ^ gpio_control_bidir_1[1].BUF[2]/X (sky130_fd_sc_hd__clkbuf_8)
    30    0.10                           gpio_control_bidir_1[1].serial_clock_out (net)
                  0.18    0.01    0.85 ^ gpio_control_in_1a[0].BUF[2]/A (sky130_fd_sc_hd__clkbuf_8)
                  0.18    0.28    1.13 ^ gpio_control_in_1a[0].BUF[2]/X (sky130_fd_sc_hd__clkbuf_8)
    30    0.10                           gpio_control_in_1a[0].serial_clock_out (net)
                  0.19    0.02    1.14 ^ gpio_control_in_1a[1].BUF[2]/A (sky130_fd_sc_hd__clkbuf_8)
                  0.19    0.29    1.43 ^ gpio_control_in_1a[1].BUF[2]/X (sky130_fd_sc_hd__clkbuf_8)
    30    0.11                           gpio_control_in_1a[1].serial_clock_out (net)
                  0.20    0.02    1.45 ^ gpio_control_in_1a[2].BUF[2]/A (sky130_fd_sc_hd__clkbuf_8)
                  0.18    0.29    1.73 ^ gpio_control_in_1a[2].BUF[2]/X (sky130_fd_sc_hd__clkbuf_8)
    30    0.10                           gpio_control_in_1a[2].serial_clock_out (net)
                  0.19    0.02    1.75 ^ gpio_control_in_1a[3].BUF[2]/A (sky130_fd_sc_hd__clkbuf_8)
                  0.19    0.29    2.04 ^ gpio_control_in_1a[3].BUF[2]/X (sky130_fd_sc_hd__clkbuf_8)
    30    0.11                           gpio_control_in_1a[3].serial_clock_out (net)
                  0.20    0.02    2.06 ^ gpio_control_in_1a[4].BUF[2]/A (sky130_fd_sc_hd__clkbuf_8)
                  0.26    0.30    2.36 ^ gpio_control_in_1a[4].BUF[2]/X (sky130_fd_sc_hd__clkbuf_8)
    30    0.15                           gpio_control_in_1a[4].serial_clock_out (net)
                  0.30    0.08    2.44 ^ gpio_control_in_1a[5].BUF[2]/A (sky130_fd_sc_hd__buf_4)
                  0.11    0.25    2.69 ^ gpio_control_in_1a[5].BUF[2]/X (sky130_fd_sc_hd__buf_4)
     8    0.04                           gpio_control_in_1[0].serial_clock (net)
                  0.12    0.00    2.69 ^ fanout978/A (sky130_fd_sc_hd__buf_6)
                  0.15    0.21    2.90 ^ fanout978/X (sky130_fd_sc_hd__buf_6)
    24    0.07                           net978 (net)
                  0.15    0.00    2.91 ^ gpio_control_in_1[0].BUF[2]/A (sky130_fd_sc_hd__clkbuf_8)
                  0.18    0.26    3.17 ^ gpio_control_in_1[0].BUF[2]/X (sky130_fd_sc_hd__clkbuf_8)
    30    0.10                           gpio_control_in_1[0].serial_clock_out (net)
                  0.18    0.02    3.19 ^ gpio_control_in_1[1].BUF[2]/A (sky130_fd_sc_hd__clkbuf_8)
                  0.19    0.28    3.47 ^ gpio_control_in_1[1].BUF[2]/X (sky130_fd_sc_hd__clkbuf_8)
    30    0.10                           gpio_control_in_1[1].serial_clock_out (net)
                  0.19    0.02    3.49 ^ gpio_control_in_1[2].BUF[2]/A (sky130_fd_sc_hd__clkbuf_8)
                  0.18    0.28    3.77 ^ gpio_control_in_1[2].BUF[2]/X (sky130_fd_sc_hd__clkbuf_8)
    30    0.10                           gpio_control_in_1[2].serial_clock_out (net)
                  0.18    0.02    3.79 ^ gpio_control_in_1[3].BUF[2]/A (sky130_fd_sc_hd__clkbuf_8)
                  0.16    0.27    4.06 ^ gpio_control_in_1[3].BUF[2]/X (sky130_fd_sc_hd__clkbuf_8)
    30    0.09                           gpio_control_in_1[3].serial_clock_out (net)
                  0.17    0.01    4.07 ^ _37136_/CLK (sky130_fd_sc_hd__dfrtp_2)
                  0.07    0.48    4.55 v _37136_/Q (sky130_fd_sc_hd__dfrtp_2)
     4    0.02                           gpio_control_in_1[4].shift_register[12] (net)
                  0.07    0.00    4.55 v _37137_/D (sky130_fd_sc_hd__dfrtp_4)
                                  4.55   data arrival time

                         25.00   25.00   clock hk_serial_clk' (rise edge)
                          0.00   25.00   clock source latency
                  0.03    0.00   25.00 v housekeeping_alt/serial_clock (housekeeping_alt)
     3    0.02                           gpio_control_bidir_1[0].serial_clock (net)
                  0.03    0.00   25.00 v fanout2143/A (sky130_fd_sc_hd__buf_12)
                  0.09    0.14   25.15 v fanout2143/X (sky130_fd_sc_hd__buf_12)
    10    0.22                           net2143 (net)
                  0.13    0.04   25.18 v gpio_control_bidir_1[0].BUF[2]/A (sky130_fd_sc_hd__clkbuf_8)
                  0.11    0.23   25.42 v gpio_control_bidir_1[0].BUF[2]/X (sky130_fd_sc_hd__clkbuf_8)
    30    0.10                           gpio_control_bidir_1[0].serial_clock_out (net)
                  0.11    0.01   25.43 v gpio_control_bidir_1[1].BUF[2]/A (sky130_fd_sc_hd__clkbuf_8)
                  0.11    0.22   25.65 v gpio_control_bidir_1[1].BUF[2]/X (sky130_fd_sc_hd__clkbuf_8)
    30    0.09                           gpio_control_bidir_1[1].serial_clock_out (net)
                  0.11    0.01   25.66 v gpio_control_in_1a[0].BUF[2]/A (sky130_fd_sc_hd__clkbuf_8)
                  0.11    0.23   25.89 v gpio_control_in_1a[0].BUF[2]/X (sky130_fd_sc_hd__clkbuf_8)
    30    0.10                           gpio_control_in_1a[0].serial_clock_out (net)
                  0.12    0.01   25.90 v gpio_control_in_1a[1].BUF[2]/A (sky130_fd_sc_hd__clkbuf_8)
                  0.12    0.23   26.13 v gpio_control_in_1a[1].BUF[2]/X (sky130_fd_sc_hd__clkbuf_8)
    30    0.10                           gpio_control_in_1a[1].serial_clock_out (net)
                  0.12    0.02   26.15 v gpio_control_in_1a[2].BUF[2]/A (sky130_fd_sc_hd__clkbuf_8)
                  0.11    0.23   26.38 v gpio_control_in_1a[2].BUF[2]/X (sky130_fd_sc_hd__clkbuf_8)
    30    0.10                           gpio_control_in_1a[2].serial_clock_out (net)
                  0.12    0.02   26.40 v gpio_control_in_1a[3].BUF[2]/A (sky130_fd_sc_hd__clkbuf_8)
                  0.12    0.23   26.62 v gpio_control_in_1a[3].BUF[2]/X (sky130_fd_sc_hd__clkbuf_8)
    30    0.10                           gpio_control_in_1a[3].serial_clock_out (net)
                  0.13    0.02   26.64 v gpio_control_in_1a[4].BUF[2]/A (sky130_fd_sc_hd__clkbuf_8)
                  0.15    0.23   26.87 v gpio_control_in_1a[4].BUF[2]/X (sky130_fd_sc_hd__clkbuf_8)
    30    0.15                           gpio_control_in_1a[4].serial_clock_out (net)
                  0.21    0.07   26.94 v gpio_control_in_1a[5].BUF[2]/A (sky130_fd_sc_hd__buf_4)
                  0.06    0.23   27.18 v gpio_control_in_1a[5].BUF[2]/X (sky130_fd_sc_hd__buf_4)
     8    0.04                           gpio_control_in_1[0].serial_clock (net)
                  0.06    0.00   27.18 v fanout978/A (sky130_fd_sc_hd__buf_6)
                  0.07    0.16   27.34 v fanout978/X (sky130_fd_sc_hd__buf_6)
    24    0.07                           net978 (net)
                  0.07    0.00   27.35 v gpio_control_in_1[0].BUF[2]/A (sky130_fd_sc_hd__clkbuf_8)
                  0.11    0.20   27.55 v gpio_control_in_1[0].BUF[2]/X (sky130_fd_sc_hd__clkbuf_8)
    30    0.09                           gpio_control_in_1[0].serial_clock_out (net)
                  0.11    0.02   27.57 v gpio_control_in_1[1].BUF[2]/A (sky130_fd_sc_hd__clkbuf_8)
                  0.11    0.23   27.79 v gpio_control_in_1[1].BUF[2]/X (sky130_fd_sc_hd__clkbuf_8)
    30    0.10                           gpio_control_in_1[1].serial_clock_out (net)
                  0.12    0.01   27.81 v gpio_control_in_1[2].BUF[2]/A (sky130_fd_sc_hd__clkbuf_8)
                  0.11    0.23   28.04 v gpio_control_in_1[2].BUF[2]/X (sky130_fd_sc_hd__clkbuf_8)
    30    0.10                           gpio_control_in_1[2].serial_clock_out (net)
                  0.11    0.01   28.05 v gpio_control_in_1[3].BUF[2]/A (sky130_fd_sc_hd__clkbuf_8)
                  0.10    0.22   28.27 v gpio_control_in_1[3].BUF[2]/X (sky130_fd_sc_hd__clkbuf_8)
    30    0.09                           gpio_control_in_1[3].serial_clock_out (net)
                  0.10    0.01   28.28 v _20504_/A (sky130_fd_sc_hd__clkinv_4)
                  0.03    0.05   28.34 ^ _20504_/Y (sky130_fd_sc_hd__clkinv_4)
     1    0.00                           _05984_ (net)
                  0.03    0.00   28.34 ^ _37137_/CLK (sky130_fd_sc_hd__dfrtp_4)
                         -0.10   28.24   clock uncertainty
                          0.26   28.49   clock reconvergence pessimism
                         -0.13   28.36   library setup time
                                 28.36   data required time
-----------------------------------------------------------------------------
                                 28.36   data required time
                                 -4.55   data arrival time
-----------------------------------------------------------------------------
                                 23.81   slack (MET)


Startpoint: _37109_ (rising edge-triggered flip-flop clocked by hk_serial_clk)
Endpoint: _37110_ (rising edge-triggered flip-flop clocked by hk_serial_clk')
Path Group: hk_serial_clk
Path Type: max

Fanout     Cap    Slew   Delay    Time   Description
-----------------------------------------------------------------------------
                          0.00    0.00   clock hk_serial_clk (rise edge)
                          0.00    0.00   clock source latency
                  0.04    0.00    0.00 ^ housekeeping_alt/serial_clock (housekeeping_alt)
     3    0.02                           gpio_control_bidir_1[0].serial_clock (net)
                  0.04    0.00    0.00 ^ fanout2143/A (sky130_fd_sc_hd__buf_12)
                  0.24    0.19    0.19 ^ fanout2143/X (sky130_fd_sc_hd__buf_12)
    10    0.22                           net2143 (net)
                  0.25    0.04    0.24 ^ gpio_control_bidir_1[0].BUF[2]/A (sky130_fd_sc_hd__clkbuf_8)
                  0.18    0.30    0.54 ^ gpio_control_bidir_1[0].BUF[2]/X (sky130_fd_sc_hd__clkbuf_8)
    30    0.10                           gpio_control_bidir_1[0].serial_clock_out (net)
                  0.18    0.01    0.56 ^ gpio_control_bidir_1[1].BUF[2]/A (sky130_fd_sc_hd__clkbuf_8)
                  0.17    0.28    0.83 ^ gpio_control_bidir_1[1].BUF[2]/X (sky130_fd_sc_hd__clkbuf_8)
    30    0.10                           gpio_control_bidir_1[1].serial_clock_out (net)
                  0.18    0.01    0.85 ^ gpio_control_in_1a[0].BUF[2]/A (sky130_fd_sc_hd__clkbuf_8)
                  0.18    0.28    1.13 ^ gpio_control_in_1a[0].BUF[2]/X (sky130_fd_sc_hd__clkbuf_8)
    30    0.10                           gpio_control_in_1a[0].serial_clock_out (net)
                  0.19    0.02    1.14 ^ gpio_control_in_1a[1].BUF[2]/A (sky130_fd_sc_hd__clkbuf_8)
                  0.19    0.29    1.43 ^ gpio_control_in_1a[1].BUF[2]/X (sky130_fd_sc_hd__clkbuf_8)
    30    0.11                           gpio_control_in_1a[1].serial_clock_out (net)
                  0.20    0.02    1.45 ^ gpio_control_in_1a[2].BUF[2]/A (sky130_fd_sc_hd__clkbuf_8)
                  0.18    0.29    1.73 ^ gpio_control_in_1a[2].BUF[2]/X (sky130_fd_sc_hd__clkbuf_8)
    30    0.10                           gpio_control_in_1a[2].serial_clock_out (net)
                  0.19    0.02    1.75 ^ gpio_control_in_1a[3].BUF[2]/A (sky130_fd_sc_hd__clkbuf_8)
                  0.19    0.29    2.04 ^ gpio_control_in_1a[3].BUF[2]/X (sky130_fd_sc_hd__clkbuf_8)
    30    0.11                           gpio_control_in_1a[3].serial_clock_out (net)
                  0.20    0.02    2.06 ^ gpio_control_in_1a[4].BUF[2]/A (sky130_fd_sc_hd__clkbuf_8)
                  0.26    0.30    2.36 ^ gpio_control_in_1a[4].BUF[2]/X (sky130_fd_sc_hd__clkbuf_8)
    30    0.15                           gpio_control_in_1a[4].serial_clock_out (net)
                  0.30    0.08    2.44 ^ gpio_control_in_1a[5].BUF[2]/A (sky130_fd_sc_hd__buf_4)
                  0.11    0.25    2.69 ^ gpio_control_in_1a[5].BUF[2]/X (sky130_fd_sc_hd__buf_4)
     8    0.04                           gpio_control_in_1[0].serial_clock (net)
                  0.12    0.00    2.69 ^ fanout978/A (sky130_fd_sc_hd__buf_6)
                  0.15    0.21    2.90 ^ fanout978/X (sky130_fd_sc_hd__buf_6)
    24    0.07                           net978 (net)
                  0.15    0.00    2.91 ^ gpio_control_in_1[0].BUF[2]/A (sky130_fd_sc_hd__clkbuf_8)
                  0.18    0.26    3.17 ^ gpio_control_in_1[0].BUF[2]/X (sky130_fd_sc_hd__clkbuf_8)
    30    0.10                           gpio_control_in_1[0].serial_clock_out (net)
                  0.18    0.02    3.19 ^ gpio_control_in_1[1].BUF[2]/A (sky130_fd_sc_hd__clkbuf_8)
                  0.19    0.28    3.47 ^ gpio_control_in_1[1].BUF[2]/X (sky130_fd_sc_hd__clkbuf_8)
    30    0.10                           gpio_control_in_1[1].serial_clock_out (net)
                  0.19    0.02    3.49 ^ gpio_control_in_1[2].BUF[2]/A (sky130_fd_sc_hd__clkbuf_8)
                  0.18    0.28    3.77 ^ gpio_control_in_1[2].BUF[2]/X (sky130_fd_sc_hd__clkbuf_8)
    30    0.10                           gpio_control_in_1[2].serial_clock_out (net)
                  0.18    0.01    3.78 ^ _37109_/CLK (sky130_fd_sc_hd__dfrtp_2)
                  0.08    0.50    4.28 v _37109_/Q (sky130_fd_sc_hd__dfrtp_2)
     4    0.02                           gpio_control_in_1[3].shift_register[12] (net)
                  0.08    0.00    4.28 v _37110_/D (sky130_fd_sc_hd__dfrtp_4)
                                  4.28   data arrival time

                         25.00   25.00   clock hk_serial_clk' (rise edge)
                          0.00   25.00   clock source latency
                  0.03    0.00   25.00 v housekeeping_alt/serial_clock (housekeeping_alt)
     3    0.02                           gpio_control_bidir_1[0].serial_clock (net)
                  0.03    0.00   25.00 v fanout2143/A (sky130_fd_sc_hd__buf_12)
                  0.09    0.14   25.15 v fanout2143/X (sky130_fd_sc_hd__buf_12)
    10    0.22                           net2143 (net)
                  0.13    0.04   25.18 v gpio_control_bidir_1[0].BUF[2]/A (sky130_fd_sc_hd__clkbuf_8)
                  0.11    0.23   25.42 v gpio_control_bidir_1[0].BUF[2]/X (sky130_fd_sc_hd__clkbuf_8)
    30    0.10                           gpio_control_bidir_1[0].serial_clock_out (net)
                  0.11    0.01   25.43 v gpio_control_bidir_1[1].BUF[2]/A (sky130_fd_sc_hd__clkbuf_8)
                  0.11    0.22   25.65 v gpio_control_bidir_1[1].BUF[2]/X (sky130_fd_sc_hd__clkbuf_8)
    30    0.09                           gpio_control_bidir_1[1].serial_clock_out (net)
                  0.11    0.01   25.66 v gpio_control_in_1a[0].BUF[2]/A (sky130_fd_sc_hd__clkbuf_8)
                  0.11    0.23   25.89 v gpio_control_in_1a[0].BUF[2]/X (sky130_fd_sc_hd__clkbuf_8)
    30    0.10                           gpio_control_in_1a[0].serial_clock_out (net)
                  0.12    0.01   25.90 v gpio_control_in_1a[1].BUF[2]/A (sky130_fd_sc_hd__clkbuf_8)
                  0.12    0.23   26.13 v gpio_control_in_1a[1].BUF[2]/X (sky130_fd_sc_hd__clkbuf_8)
    30    0.10                           gpio_control_in_1a[1].serial_clock_out (net)
                  0.12    0.02   26.15 v gpio_control_in_1a[2].BUF[2]/A (sky130_fd_sc_hd__clkbuf_8)
                  0.11    0.23   26.38 v gpio_control_in_1a[2].BUF[2]/X (sky130_fd_sc_hd__clkbuf_8)
    30    0.10                           gpio_control_in_1a[2].serial_clock_out (net)
                  0.12    0.02   26.40 v gpio_control_in_1a[3].BUF[2]/A (sky130_fd_sc_hd__clkbuf_8)
                  0.12    0.23   26.62 v gpio_control_in_1a[3].BUF[2]/X (sky130_fd_sc_hd__clkbuf_8)
    30    0.10                           gpio_control_in_1a[3].serial_clock_out (net)
                  0.13    0.02   26.64 v gpio_control_in_1a[4].BUF[2]/A (sky130_fd_sc_hd__clkbuf_8)
                  0.15    0.23   26.87 v gpio_control_in_1a[4].BUF[2]/X (sky130_fd_sc_hd__clkbuf_8)
    30    0.15                           gpio_control_in_1a[4].serial_clock_out (net)
                  0.21    0.07   26.94 v gpio_control_in_1a[5].BUF[2]/A (sky130_fd_sc_hd__buf_4)
                  0.06    0.23   27.18 v gpio_control_in_1a[5].BUF[2]/X (sky130_fd_sc_hd__buf_4)
     8    0.04                           gpio_control_in_1[0].serial_clock (net)
                  0.06    0.00   27.18 v fanout978/A (sky130_fd_sc_hd__buf_6)
                  0.07    0.16   27.34 v fanout978/X (sky130_fd_sc_hd__buf_6)
    24    0.07                           net978 (net)
                  0.07    0.00   27.35 v gpio_control_in_1[0].BUF[2]/A (sky130_fd_sc_hd__clkbuf_8)
                  0.11    0.20   27.55 v gpio_control_in_1[0].BUF[2]/X (sky130_fd_sc_hd__clkbuf_8)
    30    0.09                           gpio_control_in_1[0].serial_clock_out (net)
                  0.11    0.02   27.57 v gpio_control_in_1[1].BUF[2]/A (sky130_fd_sc_hd__clkbuf_8)
                  0.11    0.23   27.79 v gpio_control_in_1[1].BUF[2]/X (sky130_fd_sc_hd__clkbuf_8)
    30    0.10                           gpio_control_in_1[1].serial_clock_out (net)
                  0.12    0.01   27.81 v gpio_control_in_1[2].BUF[2]/A (sky130_fd_sc_hd__clkbuf_8)
                  0.11    0.23   28.04 v gpio_control_in_1[2].BUF[2]/X (sky130_fd_sc_hd__clkbuf_8)
    30    0.10                           gpio_control_in_1[2].serial_clock_out (net)
                  0.11    0.01   28.05 v _20502_/A (sky130_fd_sc_hd__clkinv_4)
                  0.03    0.05   28.10 ^ _20502_/Y (sky130_fd_sc_hd__clkinv_4)
     1    0.00                           _05970_ (net)
                  0.03    0.00   28.10 ^ _37110_/CLK (sky130_fd_sc_hd__dfrtp_4)
                         -0.10   28.00   clock uncertainty
                          0.24   28.24   clock reconvergence pessimism
                         -0.13   28.11   library setup time
                                 28.11   data required time
-----------------------------------------------------------------------------
                                 28.11   data required time
                                 -4.28   data arrival time
-----------------------------------------------------------------------------
                                 23.83   slack (MET)


