caravan_core
----------------------------------------
MV diffusion to LV nwell spacing < 0.825um (hvi.5 + nsd/psd.5)
----------------------------------------
 691.165um 32.580um 691.450um 32.935um
 691.165um 32.580um 691.450um 32.935um
 691.165um 31.160um 691.450um 32.935um
 691.165um 31.160um 691.450um 31.985um
 691.165um 30.110um 691.450um 32.510um
 691.165um 30.110um 691.450um 30.935um
 691.165um 29.285um 691.450um 30.050um
 691.165um 32.735um 691.450um 32.935um
 691.165um 31.685um 691.450um 32.510um
 691.165um 29.285um 691.450um 30.050um
 691.990um 28.475um 692.255um 29.225um
 691.990um 33.405um 692.255um 33.760um
 691.990um 33.405um 692.255um 33.760um
 691.990um 31.985um 692.255um 32.735um
 691.990um 30.935um 692.255um 31.685um
 691.990um 31.985um 692.255um 32.160um
 691.990um 30.935um 692.255um 31.685um
 691.990um 28.475um 692.255um 29.225um
 1841.690um 892.950um 1841.975um 893.715um
 1841.690um 890.490um 1841.975um 891.315um
 1841.690um 890.065um 1841.975um 890.265um
 1841.690um 892.950um 1841.975um 893.715um
 1841.690um 892.065um 1841.975um 892.890um
 1841.690um 890.490um 1841.975um 892.890um
 1841.690um 891.015um 1841.975um 891.840um
 1841.690um 890.065um 1841.975um 891.840um
 1841.690um 890.065um 1841.975um 890.420um
 1841.690um 890.065um 1841.975um 890.420um
 1840.885um 891.315um 1841.150um 891.680um
 1840.885um 890.265um 1841.150um 891.015um
 1840.885um 889.240um 1841.150um 889.595um
 1840.885um 893.775um 1841.150um 894.290um
 1840.885um 891.315um 1841.150um 892.065um
 1840.885um 890.265um 1841.150um 891.015um
 1840.885um 893.775um 1841.150um 894.525um
 1840.885um 889.240um 1841.150um 889.595um
 1840.885um 893.775um 1841.150um 894.525um
 1938.170um 892.950um 1938.455um 893.715um
 1938.170um 890.490um 1938.455um 891.315um
 1938.170um 890.065um 1938.455um 890.265um
 1938.170um 892.950um 1938.455um 893.715um
 1938.170um 892.065um 1938.455um 892.890um
 1938.170um 890.490um 1938.455um 892.890um
 1938.170um 891.015um 1938.455um 891.840um
 1938.170um 890.065um 1938.455um 891.840um
 1938.170um 890.065um 1938.455um 890.420um
 1938.170um 890.065um 1938.455um 890.420um
 1937.365um 893.775um 1937.630um 894.525um
 1937.365um 891.315um 1937.630um 892.065um
 1937.365um 890.265um 1937.630um 891.015um
 1937.365um 889.240um 1937.630um 889.595um
 1937.365um 889.240um 1937.630um 889.595um
 1937.365um 893.775um 1937.630um 894.525um
----------------------------------------
P-diff distance to N-tap must be < 15.0um (LU.3)
----------------------------------------
 43.375um 2347.595um 43.635um 2348.465um
 44.225um 2347.595um 44.485um 2348.465um
 44.755um 2347.595um 45.015um 2348.465um
----------------------------------------
[INFO]: COUNT: 56
[INFO]: Should be divided by 3 or 4

