[INFO]: Run Directory: /home/hosni/caravel-redesign-2/caravel/openlane/caravel/runs/23_04_10_07_01
[INFO]: Storing configs into config.tcl ...
[INFO]: Preparing LEF files for the nom corner...
[INFO]: Extracting the number of available metal layers from /pdk/sky130A/libs.ref/sky130_fd_sc_hd/techlef/sky130_fd_sc_hd__nom.tlef...
[INFO]: The available metal layers (6) are li1 met1 met2 met3 met4 met5.
[INFO]: Merging LEF Files...
[INFO]: Created merged LEF without pads at 'caravel/runs/23_04_10_07_01/tmp/merged.nom.lef'...
[INFO]: Added extra lefs to 'caravel/runs/23_04_10_07_01/tmp/merged.nom.lef'...
[INFO]: Preparing LEF files for the min corner...
[INFO]: Created merged LEF without pads at 'caravel/runs/23_04_10_07_01/tmp/merged.min.lef'...
[INFO]: Added extra lefs to 'caravel/runs/23_04_10_07_01/tmp/merged.min.lef'...
[INFO]: Preparing LEF files for the max corner...
[INFO]: Created merged LEF without pads at 'caravel/runs/23_04_10_07_01/tmp/merged.max.lef'...
[INFO]: Added extra lefs to 'caravel/runs/23_04_10_07_01/tmp/merged.max.lef'...
[INFO]: Merging liberty files {{*}/pdk/sky130A/libs.ref/sky130_fd_sc_hd/lib/sky130_fd_sc_hd__tt_025C_1v80.lib} into {/home/hosni/caravel-redesign-2/caravel/openlane/caravel/runs/23_04_10_07_01/tmp/synthesis/merged.lib}...
[INFO]: Trimming liberty files {/home/hosni/caravel-redesign-2/caravel/openlane/caravel/runs/23_04_10_07_01/tmp/synthesis/merged.lib} into /home/hosni/caravel-redesign-2/caravel/openlane/caravel/runs/23_04_10_07_01/tmp/synthesis/trimmed.lib...
[INFO]: Generating cell exclude list...
[INFO]: Creating ::env(DONT_USE_CELLS)...
[INFO]: Created ::env(DONT_USE_CELLS): {sky130_fd_sc_hd__a2111oi_0 sky130_fd_sc_hd__a21boi_0 sky130_fd_sc_hd__and2_0 sky130_fd_sc_hd__buf_16 sky130_fd_sc_hd__clkdlybuf4s15_1 sky130_fd_sc_hd__clkdlybuf4s18_1 sky130_fd_sc_hd__fa_4 sky130_fd_sc_hd__lpflow_bleeder_1 sky130_fd_sc_hd__lpflow_clkbufkapwr_1 sky130_fd_sc_hd__lpflow_clkbufkapwr_16 sky130_fd_sc_hd__lpflow_clkbufkapwr_2 sky130_fd_sc_hd__lpflow_clkbufkapwr_4 sky130_fd_sc_hd__lpflow_clkbufkapwr_8 sky130_fd_sc_hd__lpflow_clkinvkapwr_1 sky130_fd_sc_hd__lpflow_clkinvkapwr_16 sky130_fd_sc_hd__lpflow_clkinvkapwr_2 sky130_fd_sc_hd__lpflow_clkinvkapwr_4 sky130_fd_sc_hd__lpflow_clkinvkapwr_8 sky130_fd_sc_hd__lpflow_decapkapwr_12 sky130_fd_sc_hd__lpflow_decapkapwr_3 sky130_fd_sc_hd__lpflow_decapkapwr_4 sky130_fd_sc_hd__lpflow_decapkapwr_6 sky130_fd_sc_hd__lpflow_decapkapwr_8 sky130_fd_sc_hd__lpflow_inputiso0n_1 sky130_fd_sc_hd__lpflow_inputiso0p_1 sky130_fd_sc_hd__lpflow_inputiso1n_1 sky130_fd_sc_hd__lpflow_inputiso1p_1 sky130_fd_sc_hd__lpflow_inputisolatch_1 sky130_fd_sc_hd__lpflow_isobufsrc_1 sky130_fd_sc_hd__lpflow_isobufsrc_16 sky130_fd_sc_hd__lpflow_isobufsrc_2 sky130_fd_sc_hd__lpflow_isobufsrc_4 sky130_fd_sc_hd__lpflow_isobufsrc_8 sky130_fd_sc_hd__lpflow_isobufsrckapwr_16 sky130_fd_sc_hd__lpflow_lsbuf_lh_hl_isowell_tap_1 sky130_fd_sc_hd__lpflow_lsbuf_lh_hl_isowell_tap_2 sky130_fd_sc_hd__lpflow_lsbuf_lh_hl_isowell_tap_4 sky130_fd_sc_hd__lpflow_lsbuf_lh_isowell_4 sky130_fd_sc_hd__lpflow_lsbuf_lh_isowell_tap_1 sky130_fd_sc_hd__lpflow_lsbuf_lh_isowell_tap_2 sky130_fd_sc_hd__lpflow_lsbuf_lh_isowell_tap_4 sky130_fd_sc_hd__mux4_4 sky130_fd_sc_hd__o21ai_0 sky130_fd_sc_hd__o311ai_0 sky130_fd_sc_hd__or2_0 sky130_fd_sc_hd__probe_p_8 sky130_fd_sc_hd__probec_p_8 sky130_fd_sc_hd__xor3_1 sky130_fd_sc_hd__xor3_2 sky130_fd_sc_hd__xor3_4 sky130_fd_sc_hd__xnor3_1 sky130_fd_sc_hd__xnor3_2 sky130_fd_sc_hd__xnor3_4  sky130_fd_sc_hd__clkbuf_1 sky130_fd_sc_hd__clkbuf_16 sky130_fd_sc_hd__clkbuf_2 sky130_fd_sc_hd__clkbuf_4 sky130_fd_sc_hd__clkbuf_8 sky130_fd_sc_hd__clkdlybuf4s15_1 sky130_fd_sc_hd__clkdlybuf4s15_2 sky130_fd_sc_hd__clkdlybuf4s18_1 sky130_fd_sc_hd__clkdlybuf4s18_2 sky130_fd_sc_hd__clkdlybuf4s25_1 sky130_fd_sc_hd__clkdlybuf4s25_2 sky130_fd_sc_hd__clkdlybuf4s50_1 sky130_fd_sc_hd__clkdlybuf4s50_2 sky130_fd_sc_hd__clkinv_1 sky130_fd_sc_hd__clkinv_16 sky130_fd_sc_hd__clkinv_2 sky130_fd_sc_hd__clkinv_4 sky130_fd_sc_hd__clkinv_8 sky130_fd_sc_hd__clkinvlp_2 sky130_fd_sc_hd__clkinvlp_4 sky130_fd_sc_hd__decap_12 sky130_fd_sc_hd__decap_3 sky130_fd_sc_hd__decap_4 sky130_fd_sc_hd__decap_6 sky130_fd_sc_hd__decap_8 sky130_fd_sc_hd__diode_2 sky130_fd_sc_hd__dlclkp_1 sky130_fd_sc_hd__dlclkp_2 sky130_fd_sc_hd__dlclkp_4 sky130_fd_sc_hd__dlrbn_1 sky130_fd_sc_hd__dlrbn_2 sky130_fd_sc_hd__dlrbp_1 sky130_fd_sc_hd__dlrbp_2 sky130_fd_sc_hd__dlrtn_1 sky130_fd_sc_hd__dlrtn_2 sky130_fd_sc_hd__dlrtn_4 sky130_fd_sc_hd__dlrtp_1 sky130_fd_sc_hd__dlrtp_2 sky130_fd_sc_hd__dlrtp_4 sky130_fd_sc_hd__dlxbn_1 sky130_fd_sc_hd__dlxbn_2 sky130_fd_sc_hd__dlxbp_1 sky130_fd_sc_hd__dlygate4sd1_1 sky130_fd_sc_hd__dlygate4sd2_1 sky130_fd_sc_hd__dlygate4sd3_1 sky130_fd_sc_hd__dlymetal6s2s_1 sky130_fd_sc_hd__dlymetal6s4s_1 sky130_fd_sc_hd__dlymetal6s6s_1 sky130_fd_sc_hd__edfxbp_1 sky130_fd_sc_hd__edfxtp_1 sky130_fd_sc_hd__einvn_0 sky130_fd_sc_hd__einvn_1 sky130_fd_sc_hd__einvn_2 sky130_fd_sc_hd__einvn_4 sky130_fd_sc_hd__einvn_8 sky130_fd_sc_hd__einvp_1 sky130_fd_sc_hd__einvp_2 sky130_fd_sc_hd__einvp_4 sky130_fd_sc_hd__einvp_8 sky130_fd_sc_hd__fah_1 sky130_fd_sc_hd__fahcin_1 sky130_fd_sc_hd__fahcon_1 sky130_fd_sc_hd__ha_1 sky130_fd_sc_hd__ha_2 sky130_fd_sc_hd__ha_4 sky130_fd_sc_hd__macro_sparecell sky130_fd_sc_hd__maj3_1 sky130_fd_sc_hd__maj3_2 sky130_fd_sc_hd__maj3_4 sky130_fd_sc_hd__mux2i_1 sky130_fd_sc_hd__mux2i_2 sky130_fd_sc_hd__mux2i_4 sky130_fd_sc_hd__sdfbbn_1 sky130_fd_sc_hd__sdfbbn_2 sky130_fd_sc_hd__sdfbbp_1 sky130_fd_sc_hd__sdfrbp_1 sky130_fd_sc_hd__sdfrbp_2 sky130_fd_sc_hd__sdfrtn_1 sky130_fd_sc_hd__sdfrtp_1 sky130_fd_sc_hd__sdfrtp_2 sky130_fd_sc_hd__sdfrtp_4 sky130_fd_sc_hd__sdfsbp_1 sky130_fd_sc_hd__sdfsbp_2 sky130_fd_sc_hd__sdfstp_1 sky130_fd_sc_hd__sdfstp_2 sky130_fd_sc_hd__sdfstp_4 sky130_fd_sc_hd__sdfxbp_1 sky130_fd_sc_hd__sdfxbp_2 sky130_fd_sc_hd__sdfxtp_1 sky130_fd_sc_hd__sdfxtp_2 sky130_fd_sc_hd__sdfxtp_4 sky130_fd_sc_hd__sdlclkp_1 sky130_fd_sc_hd__sdlclkp_2 sky130_fd_sc_hd__sdlclkp_4 sky130_fd_sc_hd__sedfxbp_1 sky130_fd_sc_hd__sedfxbp_2 sky130_fd_sc_hd__sedfxtp_1 sky130_fd_sc_hd__sedfxtp_2 sky130_fd_sc_hd__sedfxtp_4 sky130_fd_sc_hd__a2111oi_1 sky130_fd_sc_hd__a211o_1 sky130_fd_sc_hd__a211oi_1 sky130_fd_sc_hd__a2111o_1 sky130_fd_sc_hd__a21bo_1 sky130_fd_sc_hd__a21boi_1 sky130_fd_sc_hd__a21o_1 sky130_fd_sc_hd__a21oi_1 sky130_fd_sc_hd__a221o_1 sky130_fd_sc_hd__a221oi_1 sky130_fd_sc_hd__a222oi_1 sky130_fd_sc_hd__a22o_1 sky130_fd_sc_hd__a22oi_1 sky130_fd_sc_hd__a2bb2o_1 sky130_fd_sc_hd__a2bb2oi_1 sky130_fd_sc_hd__a311o_1 sky130_fd_sc_hd__a311oi_1 sky130_fd_sc_hd__a2111o_1 sky130_fd_sc_hd__a21bo_1 sky130_fd_sc_hd__a21boi_1 sky130_fd_sc_hd__a21o_1 sky130_fd_sc_hd__a21oi_1 sky130_fd_sc_hd__a221o_1 sky130_fd_sc_hd__a221oi_1 sky130_fd_sc_hd__a222oi_1 sky130_fd_sc_hd__a22o_1 sky130_fd_sc_hd__a22oi_1 sky130_fd_sc_hd__a2bb2o_1 sky130_fd_sc_hd__a2bb2oi_1 sky130_fd_sc_hd__a311o_1 sky130_fd_sc_hd__a311oi_1 sky130_fd_sc_hd__a31o_1 sky130_fd_sc_hd__a31oi_1 sky130_fd_sc_hd__a32o_1 sky130_fd_sc_hd__a32oi_1 sky130_fd_sc_hd__a41o_1 sky130_fd_sc_hd__a41oi_1 sky130_fd_sc_hd__and2_1 sky130_fd_sc_hd__and2b_1 sky130_fd_sc_hd__and3_1 sky130_fd_sc_hd__and3b_1 sky130_fd_sc_hd__and4_1 sky130_fd_sc_hd__and4b_1 sky130_fd_sc_hd__and4bb_1 sky130_fd_sc_hd__dfbbn_1 sky130_fd_sc_hd__dfbbp_1 sky130_fd_sc_hd__dfrbp_1 sky130_fd_sc_hd__dfrtn_1 sky130_fd_sc_hd__dfrtp_1 sky130_fd_sc_hd__dfsbp_1 sky130_fd_sc_hd__dfstp_1 sky130_fd_sc_hd__dfxbp_1 sky130_fd_sc_hd__dfxtp_1 sky130_fd_sc_hd__ebufn_1 sky130_fd_sc_hd__inv_1 sky130_fd_sc_hd__nand2_1 sky130_fd_sc_hd__nand2b_1 sky130_fd_sc_hd__nand3_1 sky130_fd_sc_hd__nand3b_1 sky130_fd_sc_hd__nand4_1 sky130_fd_sc_hd__nand4b_1 sky130_fd_sc_hd__nand4bb_1 sky130_fd_sc_hd__nor2_1 sky130_fd_sc_hd__nor2b_1 sky130_fd_sc_hd__nor3_1 sky130_fd_sc_hd__nor3b_1 sky130_fd_sc_hd__nor4_1 sky130_fd_sc_hd__nor4b_1 sky130_fd_sc_hd__nor4bb_1 sky130_fd_sc_hd__o2111a_1 sky130_fd_sc_hd__o2111ai_1 sky130_fd_sc_hd__o211a_1 sky130_fd_sc_hd__o211ai_1 sky130_fd_sc_hd__o21a_1 sky130_fd_sc_hd__o21ai_1 sky130_fd_sc_hd__o21ba_1 sky130_fd_sc_hd__o21bai_1 sky130_fd_sc_hd__o221a_1 sky130_fd_sc_hd__o221ai_1 sky130_fd_sc_hd__o22a_1 sky130_fd_sc_hd__o22ai_1 sky130_fd_sc_hd__o2bb2a_1 sky130_fd_sc_hd__o2bb2ai_1 sky130_fd_sc_hd__o311a_1 sky130_fd_sc_hd__o311ai_1 sky130_fd_sc_hd__o31a_1 sky130_fd_sc_hd__o31ai_1 sky130_fd_sc_hd__o32a_1 sky130_fd_sc_hd__o32ai_1 sky130_fd_sc_hd__o41a_1 sky130_fd_sc_hd__o41ai_1 sky130_fd_sc_hd__or2_1 sky130_fd_sc_hd__or2b_1 sky130_fd_sc_hd__or3_1 sky130_fd_sc_hd__or3b_1 sky130_fd_sc_hd__or4_1 sky130_fd_sc_hd__or4b_1 sky130_fd_sc_hd__or4bb_1 sky130_fd_sc_hd__xnor2_1 sky130_fd_sc_hd__xor2_1  }
[INFO]: Trimming liberty files {/pdk/sky130A/libs.ref/sky130_fd_sc_hd/lib/sky130_fd_sc_hd__tt_025C_1v80.lib} into /home/hosni/caravel-redesign-2/caravel/openlane/caravel/runs/23_04_10_07_01/tmp/cts/cts.lib...
[INFO]: Generating cell exclude list...
[INFO]: Creating ::env(DONT_USE_CELLS)...
[INFO]: Created ::env(DONT_USE_CELLS): {sky130_fd_sc_hd__a2111oi_0 sky130_fd_sc_hd__a21boi_0 sky130_fd_sc_hd__and2_0 sky130_fd_sc_hd__buf_16 sky130_fd_sc_hd__clkdlybuf4s15_1 sky130_fd_sc_hd__clkdlybuf4s18_1 sky130_fd_sc_hd__fa_4 sky130_fd_sc_hd__lpflow_bleeder_1 sky130_fd_sc_hd__lpflow_clkbufkapwr_1 sky130_fd_sc_hd__lpflow_clkbufkapwr_16 sky130_fd_sc_hd__lpflow_clkbufkapwr_2 sky130_fd_sc_hd__lpflow_clkbufkapwr_4 sky130_fd_sc_hd__lpflow_clkbufkapwr_8 sky130_fd_sc_hd__lpflow_clkinvkapwr_1 sky130_fd_sc_hd__lpflow_clkinvkapwr_16 sky130_fd_sc_hd__lpflow_clkinvkapwr_2 sky130_fd_sc_hd__lpflow_clkinvkapwr_4 sky130_fd_sc_hd__lpflow_clkinvkapwr_8 sky130_fd_sc_hd__lpflow_decapkapwr_12 sky130_fd_sc_hd__lpflow_decapkapwr_3 sky130_fd_sc_hd__lpflow_decapkapwr_4 sky130_fd_sc_hd__lpflow_decapkapwr_6 sky130_fd_sc_hd__lpflow_decapkapwr_8 sky130_fd_sc_hd__lpflow_inputiso0n_1 sky130_fd_sc_hd__lpflow_inputiso0p_1 sky130_fd_sc_hd__lpflow_inputiso1n_1 sky130_fd_sc_hd__lpflow_inputiso1p_1 sky130_fd_sc_hd__lpflow_inputisolatch_1 sky130_fd_sc_hd__lpflow_isobufsrc_1 sky130_fd_sc_hd__lpflow_isobufsrc_16 sky130_fd_sc_hd__lpflow_isobufsrc_2 sky130_fd_sc_hd__lpflow_isobufsrc_4 sky130_fd_sc_hd__lpflow_isobufsrc_8 sky130_fd_sc_hd__lpflow_isobufsrckapwr_16 sky130_fd_sc_hd__lpflow_lsbuf_lh_hl_isowell_tap_1 sky130_fd_sc_hd__lpflow_lsbuf_lh_hl_isowell_tap_2 sky130_fd_sc_hd__lpflow_lsbuf_lh_hl_isowell_tap_4 sky130_fd_sc_hd__lpflow_lsbuf_lh_isowell_4 sky130_fd_sc_hd__lpflow_lsbuf_lh_isowell_tap_1 sky130_fd_sc_hd__lpflow_lsbuf_lh_isowell_tap_2 sky130_fd_sc_hd__lpflow_lsbuf_lh_isowell_tap_4 sky130_fd_sc_hd__mux4_4 sky130_fd_sc_hd__o21ai_0 sky130_fd_sc_hd__o311ai_0 sky130_fd_sc_hd__or2_0 sky130_fd_sc_hd__probe_p_8 sky130_fd_sc_hd__probec_p_8 sky130_fd_sc_hd__xor3_1 sky130_fd_sc_hd__xor3_2 sky130_fd_sc_hd__xor3_4 sky130_fd_sc_hd__xnor3_1 sky130_fd_sc_hd__xnor3_2 sky130_fd_sc_hd__xnor3_4  }
[INFO]: Verifying existence of files defined in ::env(EXTRA_GDS_FILES)...
[INFO]: /home/hosni/caravel_sky130/caravel_redesign-2/caravel/gds//copyright_block.gds existence verified.
[INFO]: /home/hosni/caravel_sky130/caravel_redesign-2/caravel/gds//open_source.gds existence verified.
[INFO]: /home/hosni/caravel_sky130/caravel_redesign-2/caravel/gds//user_id_textblock.gds existence verified.
[INFO]: /home/hosni/caravel_sky130/caravel_redesign-2/caravel/gds//caravel_logo.gds existence verified.
[INFO]: /home/hosni/caravel_sky130/caravel_redesign-2/caravel/gds//caravel_motto.gds existence verified.
[INFO]: /home/hosni/caravel_sky130/caravel_redesign-2/caravel/gds//chip_io.gds existence verified.
[INFO]: /home/hosni/caravel_sky130/caravel_redesign-2/caravel/gds//caravel_core.gds existence verified.
[INFO]: Executing yosys with Tcl script '../../../../../openlane/scripts/yosys/elaborate.tcl'...
[INFO]: Changing netlist to 'caravel/runs/23_04_10_07_01/results/synthesis/caravel.v'...
[INFO]: Running Initial Floorplanning (log: caravel/runs/23_04_10_07_01/logs/floorplan/1-initial_fp.log)...
[INFO]: Executing openroad with Tcl script '../../../../../openlane/scripts/openroad/floorplan.tcl'...
[INFO]: Changing layout to 'caravel/runs/23_04_10_07_01/tmp/floorplan/1-initial_fp.def'...
[INFO]: Changing timing constraints to 'caravel/runs/23_04_10_07_01/tmp/floorplan/1-initial_fp.sdc'...
[INFO]: Changing database to 'caravel/runs/23_04_10_07_01/tmp/floorplan/1-initial_fp.odb'...
[INFO]: Core area width: 3576.96
[INFO]: Core area height: 5165.28
[INFO]: Final Vertical PDN Offset: 16.32
[INFO]: Final Horizontal PDN Offset: 16.65
[INFO]: Final Vertical PDN Pitch: 153.6
[INFO]: Final Horizontal PDN Pitch: 153.18
[INFO]: Extracting core dimensions...
[INFO]: Floorplanned with width 3576.96 and height 5165.28.
[INFO]: Adding Macro Placement...
[INFO]: Adding Macro Placement...
[INFO]: Adding Macro Placement...
[INFO]: Adding Macro Placement...
[INFO]: Adding Macro Placement...
[INFO]: Adding Macro Placement...
[INFO]: Adding Macro Placement...
[INFO]: Performing Manual Macro Placement (log: caravel/runs/23_04_10_07_01/logs/placement/2-macro_placement.log)...
[INFO]: Changing database to 'caravel/runs/23_04_10_07_01/tmp/floorplan/1-initial_fp.macro_placement.odb'...
[INFO]: Changing layout to 'caravel/runs/23_04_10_07_01/tmp/floorplan/1-initial_fp.macro_placement.def'...
[INFO]: Labeling macro pins...
[INFO]: Running SPEF Extraction at the min process corner (log: caravel/runs/23_04_10_07_01/logs/signoff/3-parasitics_extraction.min.log)...
[INFO]: /pdk/sky130A/libs.tech/openlane/rules.openrcx.sky130A.min.calibre existence verified.
[INFO]: /pdk/sky130A/libs.ref/sky130_fd_sc_hd/lib/sky130_fd_sc_hd__tt_025C_1v80.lib existence verified.
[INFO]: Executing openroad with Tcl script '../../../../../openlane/scripts/openroad/rcx.tcl'...
[INFO]: Running SPEF Extraction at the max process corner (log: caravel/runs/23_04_10_07_01/logs/signoff/4-parasitics_extraction.max.log)...
[INFO]: /pdk/sky130A/libs.tech/openlane/rules.openrcx.sky130A.max.calibre existence verified.
[INFO]: /pdk/sky130A/libs.ref/sky130_fd_sc_hd/lib/sky130_fd_sc_hd__tt_025C_1v80.lib existence verified.
[INFO]: Executing openroad with Tcl script '../../../../../openlane/scripts/openroad/rcx.tcl'...
[INFO]: Running SPEF Extraction at the nom process corner (log: caravel/runs/23_04_10_07_01/logs/signoff/5-parasitics_extraction.nom.log)...
[INFO]: /pdk/sky130A/libs.tech/openlane/rules.openrcx.sky130A.nom.calibre existence verified.
[INFO]: /pdk/sky130A/libs.ref/sky130_fd_sc_hd/lib/sky130_fd_sc_hd__tt_025C_1v80.lib existence verified.
[INFO]: Executing openroad with Tcl script '../../../../../openlane/scripts/openroad/rcx.tcl'...
[INFO]: Running Magic to generate various views...
[INFO]: Streaming out GDSII with Magic (log: caravel/runs/23_04_10_07_01/logs/signoff/6-gdsii.log)...
[INFO]: Executing magic with Tcl script '../../../../../openlane/scripts/magic/def/mag_gds.tcl'...
[INFO]: Saving current set of views in 'caravel/runs/23_04_10_07_01/results/final'...
[INFO]: Saving current set of views in '..'...
[INFO]: Calculating runtime...
[INFO]: Saving runtime environment...
[INFO]: Generating final set of reports...
[INFO]: Created manufacturability report at 'caravel/runs/23_04_10_07_01/reports/manufacturability.rpt'.
[INFO]: Created metrics report at 'caravel/runs/23_04_10_07_01/reports/metrics.csv'.
