Warning: Equate pins:  cell sky130_fd_pr__pfet_01v8_hvt has no definition, treated as a black box.
Warning: Equate pins:  cell sky130_fd_pr__pfet_01v8_hvt has no definition, treated as a black box.

Subcircuit pins:
Circuit 1: sky130_fd_pr__pfet_01v8_hvt                        |Circuit 2: sky130_fd_pr__pfet_01v8_hvt                        
--------------------------------------------------------------|--------------------------------------------------------------
1                                                             |1                                                             
2                                                             |2                                                             
3                                                             |3                                                             
4                                                             |4                                                             
-----------------------------------------------------------------------------------------------------------------------------
Cell pin lists are equivalent.
Device classes sky130_fd_pr__pfet_01v8_hvt and sky130_fd_pr__pfet_01v8_hvt are equivalent.
Warning: Equate pins:  cell sky130_fd_pr__nfet_01v8 has no definition, treated as a black box.
Warning: Equate pins:  cell sky130_fd_pr__nfet_01v8 has no definition, treated as a black box.

Subcircuit pins:
Circuit 1: sky130_fd_pr__nfet_01v8                            |Circuit 2: sky130_fd_pr__nfet_01v8                            
--------------------------------------------------------------|--------------------------------------------------------------
1                                                             |1                                                             
2                                                             |2                                                             
3                                                             |3                                                             
4                                                             |4                                                             
-----------------------------------------------------------------------------------------------------------------------------
Cell pin lists are equivalent.
Device classes sky130_fd_pr__nfet_01v8 and sky130_fd_pr__nfet_01v8 are equivalent.

Cell sky130_fd_sc_hvl__conb_1 disconnected node: VNB
Cell sky130_fd_sc_hvl__conb_1 disconnected node: VPB
Warning: Equate pins:  cell sky130_fd_sc_hvl__conb_1 has no definition, treated as a black box.

Subcircuit pins:
Circuit 1: sky130_fd_sc_hvl__conb_1                           |Circuit 2: sky130_fd_sc_hvl__conb_1                           
--------------------------------------------------------------|--------------------------------------------------------------
(no matching pin)                                             |1                                                             
(no matching pin)                                             |2                                                             
(no matching pin)                                             |3                                                             
(no matching pin)                                             |4                                                             
(no matching pin)                                             |5                                                             
(no matching pin)                                             |6                                                             
VGND                                                          |(no matching pin)                                             
VNB                                                           |(no matching pin)                                             
VPWR                                                          |(no matching pin)                                             
VPB                                                           |(no matching pin)                                             
LO                                                            |(no matching pin)                                             
HI                                                            |(no matching pin)                                             
-----------------------------------------------------------------------------------------------------------------------------
Cell pin lists are equivalent.
Device classes sky130_fd_sc_hvl__conb_1 and sky130_fd_sc_hvl__conb_1 are equivalent.
Class sky130_fd_sc_hvl__lsbufhv2lv_1:  Merged 6 devices.
Warning: Equate pins:  cell sky130_fd_sc_hvl__lsbufhv2lv_1 has no definition, treated as a black box.

Subcircuit pins:
Circuit 1: sky130_fd_sc_hvl__lsbufhv2lv_1                     |Circuit 2: sky130_fd_sc_hvl__lsbufhv2lv_1                     
--------------------------------------------------------------|--------------------------------------------------------------
(no matching pin)                                             |1                                                             
(no matching pin)                                             |2                                                             
(no matching pin)                                             |3                                                             
(no matching pin)                                             |4                                                             
(no matching pin)                                             |5                                                             
(no matching pin)                                             |6                                                             
(no matching pin)                                             |7                                                             
X                                                             |(no matching pin)                                             
A                                                             |(no matching pin)                                             
VPWR                                                          |(no matching pin)                                             
VGND                                                          |(no matching pin)                                             
VNB                                                           |(no matching pin)                                             
VPB                                                           |(no matching pin)                                             
LVPWR                                                         |(no matching pin)                                             
-----------------------------------------------------------------------------------------------------------------------------
Cell pin lists are equivalent.
Device classes sky130_fd_sc_hvl__lsbufhv2lv_1 and sky130_fd_sc_hvl__lsbufhv2lv_1 are equivalent.

Subcircuit summary:
Circuit 1: mgmt_protect_hv                                    |Circuit 2: mgmt_protect_hv                                    
--------------------------------------------------------------|--------------------------------------------------------------
sky130_fd_sc_hvl__conb_1 (2)                                  |sky130_fd_sc_hvl__conb_1 (2)                                  
sky130_fd_sc_hvl__lsbufhv2lv_1 (2)                            |sky130_fd_sc_hvl__lsbufhv2lv_1 (2)                            
Number of devices: 4                                          |Number of devices: 4                                          
Number of nets: 38                                            |Number of nets: 38                                            
-----------------------------------------------------------------------------------------------------------------------------
NET mismatches: Class fragments follow (with fanout counts):
Circuit 1: mgmt_protect_hv                                    |Circuit 2: mgmt_protect_hv                                    

-----------------------------------------------------------------------------------------------------------------------------
Net: vssd                                                     |Net: vssd                                                     
  sky130_fd_sc_hvl__lsbufhv2lv_1/VGND = 2                     |  sky130_fd_sc_hvl__lsbufhv2lv_1/3 = 2                        
  sky130_fd_sc_hvl__lsbufhv2lv_1/VNB = 2                      |  sky130_fd_sc_hvl__lsbufhv2lv_1/4 = 2                        
-----------------------------------------------------------------------------------------------------------------------------

-----------------------------------------------------------------------------------------------------------------------------
Net: vccd                                                     |Net: vccd                                                     
  sky130_fd_sc_hvl__lsbufhv2lv_1/LVPWR = 2                    |  sky130_fd_sc_hvl__lsbufhv2lv_1/2 = 2                        
-----------------------------------------------------------------------------------------------------------------------------
Netlists do not match.
Netlists do not match.
