Warning: Equate pins:  cell sky130_fd_pr__pfet_01v8_hvt has no definition, treated as a black box.
Warning: Equate pins:  cell sky130_fd_pr__pfet_01v8_hvt has no definition, treated as a black box.

Subcircuit pins:
Circuit 1: sky130_fd_pr__pfet_01v8_hvt                        |Circuit 2: sky130_fd_pr__pfet_01v8_hvt                        
--------------------------------------------------------------|--------------------------------------------------------------
1                                                             |1                                                             
2                                                             |2                                                             
3                                                             |3                                                             
4                                                             |4                                                             
-----------------------------------------------------------------------------------------------------------------------------
Cell pin lists are equivalent.
Device classes sky130_fd_pr__pfet_01v8_hvt and sky130_fd_pr__pfet_01v8_hvt are equivalent.
Warning: Equate pins:  cell sky130_fd_pr__nfet_01v8 has no definition, treated as a black box.
Warning: Equate pins:  cell sky130_fd_pr__nfet_01v8 has no definition, treated as a black box.

Subcircuit pins:
Circuit 1: sky130_fd_pr__nfet_01v8                            |Circuit 2: sky130_fd_pr__nfet_01v8                            
--------------------------------------------------------------|--------------------------------------------------------------
1                                                             |1                                                             
2                                                             |2                                                             
3                                                             |3                                                             
4                                                             |4                                                             
-----------------------------------------------------------------------------------------------------------------------------
Cell pin lists are equivalent.
Device classes sky130_fd_pr__nfet_01v8 and sky130_fd_pr__nfet_01v8 are equivalent.

Cell sky130_fd_sc_hd__conb_1 disconnected node: VNB
Cell sky130_fd_sc_hd__conb_1 disconnected node: VPB

Cell sky130_fd_sc_hd__conb_1 disconnected node: VNB
Cell sky130_fd_sc_hd__conb_1 disconnected node: VPB

Subcircuit summary:
Circuit 1: sky130_fd_sc_hd__conb_1                            |Circuit 2: sky130_fd_sc_hd__conb_1                            
--------------------------------------------------------------|--------------------------------------------------------------
sky130_fd_pr__res_generic_po (2)                              |sky130_fd_pr__res_generic_po (2)                              
Number of devices: 2                                          |Number of devices: 2                                          
Number of nets: 4                                             |Number of nets: 4                                             
-----------------------------------------------------------------------------------------------------------------------------
Resolving automorphisms by property value.
Resolving automorphisms by pin name.
Netlists match uniquely.
Circuits match correctly.

Subcircuit pins:
Circuit 1: sky130_fd_sc_hd__conb_1                            |Circuit 2: sky130_fd_sc_hd__conb_1                            
--------------------------------------------------------------|--------------------------------------------------------------
VGND                                                          |VGND                                                          
LO                                                            |LO                                                            
HI                                                            |HI                                                            
VPWR                                                          |VPWR                                                          
VNB                                                           |VNB                                                           
VPB                                                           |VPB                                                           
-----------------------------------------------------------------------------------------------------------------------------
Cell pin lists are equivalent.
Device classes sky130_fd_sc_hd__conb_1 and sky130_fd_sc_hd__conb_1 are equivalent.
Class sky130_fd_sc_hd__nor2_2:  Merged 4 devices.
Class sky130_fd_sc_hd__nor2_2:  Merged 4 devices.

Subcircuit summary:
Circuit 1: sky130_fd_sc_hd__nor2_2                            |Circuit 2: sky130_fd_sc_hd__nor2_2                            
--------------------------------------------------------------|--------------------------------------------------------------
sky130_fd_pr__pfet_01v8_hvt (2)                               |sky130_fd_pr__pfet_01v8_hvt (2)                               
sky130_fd_pr__nfet_01v8 (2)                                   |sky130_fd_pr__nfet_01v8 (2)                                   
Number of devices: 4                                          |Number of devices: 4                                          
Number of nets: 8                                             |Number of nets: 8                                             
-----------------------------------------------------------------------------------------------------------------------------
Circuits match uniquely.
Netlists match uniquely.

Subcircuit pins:
Circuit 1: sky130_fd_sc_hd__nor2_2                            |Circuit 2: sky130_fd_sc_hd__nor2_2                            
--------------------------------------------------------------|--------------------------------------------------------------
VPWR                                                          |VPWR                                                          
B                                                             |B                                                             
VGND                                                          |VGND                                                          
VNB                                                           |VNB                                                           
A                                                             |A                                                             
VPB                                                           |VPB                                                           
Y                                                             |Y                                                             
-----------------------------------------------------------------------------------------------------------------------------
Cell pin lists are equivalent.
Device classes sky130_fd_sc_hd__nor2_2 and sky130_fd_sc_hd__nor2_2 are equivalent.

Subcircuit summary:
Circuit 1: sky130_fd_sc_hd__dfbbp_1                           |Circuit 2: sky130_fd_sc_hd__dfbbp_1                           
--------------------------------------------------------------|--------------------------------------------------------------
sky130_fd_pr__nfet_01v8 (20)                                  |sky130_fd_pr__nfet_01v8 (20)                                  
sky130_fd_pr__pfet_01v8_hvt (20)                              |sky130_fd_pr__pfet_01v8_hvt (20)                              
Number of devices: 40                                         |Number of devices: 40                                         
Number of nets: 29                                            |Number of nets: 29                                            
-----------------------------------------------------------------------------------------------------------------------------
Circuits match uniquely.
Netlists match uniquely.

Subcircuit pins:
Circuit 1: sky130_fd_sc_hd__dfbbp_1                           |Circuit 2: sky130_fd_sc_hd__dfbbp_1                           
--------------------------------------------------------------|--------------------------------------------------------------
SET_B                                                         |SET_B                                                         
VGND                                                          |VGND                                                          
D                                                             |D                                                             
RESET_B                                                       |RESET_B                                                       
Q                                                             |Q                                                             
Q_N                                                           |Q_N                                                           
CLK                                                           |CLK                                                           
VPWR                                                          |VPWR                                                          
VNB                                                           |VNB                                                           
VPB                                                           |VPB                                                           
-----------------------------------------------------------------------------------------------------------------------------
Cell pin lists are equivalent.
Device classes sky130_fd_sc_hd__dfbbp_1 and sky130_fd_sc_hd__dfbbp_1 are equivalent.
Class sky130_fd_sc_hd__mux2_2:  Merged 2 devices.
Class sky130_fd_sc_hd__mux2_2:  Merged 2 devices.

Subcircuit summary:
Circuit 1: sky130_fd_sc_hd__mux2_2                            |Circuit 2: sky130_fd_sc_hd__mux2_2                            
--------------------------------------------------------------|--------------------------------------------------------------
sky130_fd_pr__pfet_01v8_hvt (6)                               |sky130_fd_pr__pfet_01v8_hvt (6)                               
sky130_fd_pr__nfet_01v8 (6)                                   |sky130_fd_pr__nfet_01v8 (6)                                   
Number of devices: 12                                         |Number of devices: 12                                         
Number of nets: 14                                            |Number of nets: 14                                            
-----------------------------------------------------------------------------------------------------------------------------
Circuits match uniquely.
Netlists match uniquely.

Subcircuit pins:
Circuit 1: sky130_fd_sc_hd__mux2_2                            |Circuit 2: sky130_fd_sc_hd__mux2_2                            
--------------------------------------------------------------|--------------------------------------------------------------
VNB                                                           |VNB                                                           
VPB                                                           |VPB                                                           
A1                                                            |A1                                                            
A0                                                            |A0                                                            
X                                                             |X                                                             
VGND                                                          |VGND                                                          
VPWR                                                          |VPWR                                                          
S                                                             |S                                                             
-----------------------------------------------------------------------------------------------------------------------------
Cell pin lists are equivalent.
Device classes sky130_fd_sc_hd__mux2_2 and sky130_fd_sc_hd__mux2_2 are equivalent.
Class sky130_fd_sc_hd__inv_2:  Merged 2 devices.
Class sky130_fd_sc_hd__inv_2:  Merged 2 devices.

Subcircuit summary:
Circuit 1: sky130_fd_sc_hd__inv_2                             |Circuit 2: sky130_fd_sc_hd__inv_2                             
--------------------------------------------------------------|--------------------------------------------------------------
sky130_fd_pr__pfet_01v8_hvt (1)                               |sky130_fd_pr__pfet_01v8_hvt (1)                               
sky130_fd_pr__nfet_01v8 (1)                                   |sky130_fd_pr__nfet_01v8 (1)                                   
Number of devices: 2                                          |Number of devices: 2                                          
Number of nets: 6                                             |Number of nets: 6                                             
-----------------------------------------------------------------------------------------------------------------------------
Circuits match uniquely.
Netlists match uniquely.

Subcircuit pins:
Circuit 1: sky130_fd_sc_hd__inv_2                             |Circuit 2: sky130_fd_sc_hd__inv_2                             
--------------------------------------------------------------|--------------------------------------------------------------
VGND                                                          |VGND                                                          
VNB                                                           |VNB                                                           
VPWR                                                          |VPWR                                                          
VPB                                                           |VPB                                                           
Y                                                             |Y                                                             
A                                                             |A                                                             
-----------------------------------------------------------------------------------------------------------------------------
Cell pin lists are equivalent.
Device classes sky130_fd_sc_hd__inv_2 and sky130_fd_sc_hd__inv_2 are equivalent.
Class sky130_fd_sc_hd__nand2_2:  Merged 4 devices.
Class sky130_fd_sc_hd__nand2_2:  Merged 4 devices.

Subcircuit summary:
Circuit 1: sky130_fd_sc_hd__nand2_2                           |Circuit 2: sky130_fd_sc_hd__nand2_2                           
--------------------------------------------------------------|--------------------------------------------------------------
sky130_fd_pr__pfet_01v8_hvt (2)                               |sky130_fd_pr__pfet_01v8_hvt (2)                               
sky130_fd_pr__nfet_01v8 (2)                                   |sky130_fd_pr__nfet_01v8 (2)                                   
Number of devices: 4                                          |Number of devices: 4                                          
Number of nets: 8                                             |Number of nets: 8                                             
-----------------------------------------------------------------------------------------------------------------------------
Circuits match uniquely.
Netlists match uniquely.

Subcircuit pins:
Circuit 1: sky130_fd_sc_hd__nand2_2                           |Circuit 2: sky130_fd_sc_hd__nand2_2                           
--------------------------------------------------------------|--------------------------------------------------------------
VGND                                                          |VGND                                                          
Y                                                             |Y                                                             
A                                                             |A                                                             
VNB                                                           |VNB                                                           
B                                                             |B                                                             
VPWR                                                          |VPWR                                                          
VPB                                                           |VPB                                                           
-----------------------------------------------------------------------------------------------------------------------------
Cell pin lists are equivalent.
Device classes sky130_fd_sc_hd__nand2_2 and sky130_fd_sc_hd__nand2_2 are equivalent.
Class sky130_fd_sc_hd__inv_8:  Merged 14 devices.
Class sky130_fd_sc_hd__inv_8:  Merged 14 devices.

Subcircuit summary:
Circuit 1: sky130_fd_sc_hd__inv_8                             |Circuit 2: sky130_fd_sc_hd__inv_8                             
--------------------------------------------------------------|--------------------------------------------------------------
sky130_fd_pr__pfet_01v8_hvt (1)                               |sky130_fd_pr__pfet_01v8_hvt (1)                               
sky130_fd_pr__nfet_01v8 (1)                                   |sky130_fd_pr__nfet_01v8 (1)                                   
Number of devices: 2                                          |Number of devices: 2                                          
Number of nets: 6                                             |Number of nets: 6                                             
-----------------------------------------------------------------------------------------------------------------------------
Circuits match uniquely.
Netlists match uniquely.

Subcircuit pins:
Circuit 1: sky130_fd_sc_hd__inv_8                             |Circuit 2: sky130_fd_sc_hd__inv_8                             
--------------------------------------------------------------|--------------------------------------------------------------
A                                                             |A                                                             
Y                                                             |Y                                                             
VGND                                                          |VGND                                                          
VNB                                                           |VNB                                                           
VPWR                                                          |VPWR                                                          
VPB                                                           |VPB                                                           
-----------------------------------------------------------------------------------------------------------------------------
Cell pin lists are equivalent.
Device classes sky130_fd_sc_hd__inv_8 and sky130_fd_sc_hd__inv_8 are equivalent.

Subcircuit summary:
Circuit 1: spare_logic_block                                  |Circuit 2: spare_logic_block                                  
--------------------------------------------------------------|--------------------------------------------------------------
sky130_fd_sc_hd__conb_1 (27)                                  |sky130_fd_sc_hd__conb_1 (27)                                  
sky130_fd_sc_hd__nor2_2 (2)                                   |sky130_fd_sc_hd__nor2_2 (2)                                   
sky130_fd_sc_hd__dfbbp_1 (2)                                  |sky130_fd_sc_hd__dfbbp_1 (2)                                  
sky130_fd_sc_hd__mux2_2 (2)                                   |sky130_fd_sc_hd__mux2_2 (2)                                   
sky130_fd_sc_hd__inv_2 (4)                                    |sky130_fd_sc_hd__inv_2 (4)                                    
sky130_fd_sc_hd__nand2_2 (2)                                  |sky130_fd_sc_hd__nand2_2 (2)                                  
sky130_fd_sc_hd__inv_8 (1)                                    |sky130_fd_sc_hd__inv_8 (1)                                    
Number of devices: 40                                         |Number of devices: 40                                         
Number of nets: 71                                            |Number of nets: 71                                            
-----------------------------------------------------------------------------------------------------------------------------
Resolving automorphisms by property value.
Resolving automorphisms by pin name.
Netlists match uniquely.
Circuits match correctly.

Subcircuit pins:
Circuit 1: spare_logic_block                                  |Circuit 2: spare_logic_block                                  
--------------------------------------------------------------|--------------------------------------------------------------
spare_xz[4]                                                   |spare_xz[4]                                                   
spare_xz[11]                                                  |spare_xz[11]                                                  
spare_xz[12]                                                  |spare_xz[12]                                                  
spare_xz[13]                                                  |spare_xz[13]                                                  
spare_xz[14]                                                  |spare_xz[14]                                                  
spare_xz[15]                                                  |spare_xz[15]                                                  
spare_xz[16]                                                  |spare_xz[16]                                                  
spare_xz[17]                                                  |spare_xz[17]                                                  
spare_xz[18]                                                  |spare_xz[18]                                                  
spare_xz[19]                                                  |spare_xz[19]                                                  
spare_xz[20]                                                  |spare_xz[20]                                                  
spare_xz[21]                                                  |spare_xz[21]                                                  
spare_xz[22]                                                  |spare_xz[22]                                                  
spare_xz[23]                                                  |spare_xz[23]                                                  
spare_xz[24]                                                  |spare_xz[24]                                                  
spare_xz[25]                                                  |spare_xz[25]                                                  
spare_xz[26]                                                  |spare_xz[26]                                                  
spare_xz[0]                                                   |spare_xz[0]                                                   
spare_xz[1]                                                   |spare_xz[1]                                                   
spare_xz[2]                                                   |spare_xz[2]                                                   
spare_xz[3]                                                   |spare_xz[3]                                                   
spare_xz[5]                                                   |spare_xz[5]                                                   
spare_xz[6]                                                   |spare_xz[6]                                                   
spare_xz[7]                                                   |spare_xz[7]                                                   
spare_xz[8]                                                   |spare_xz[8]                                                   
spare_xz[10]                                                  |spare_xz[10]                                                  
spare_xz[9]                                                   |spare_xz[9]                                                   
spare_xib                                                     |spare_xib                                                     
spare_xfq[0]                                                  |spare_xfq[0]                                                  
spare_xfq[1]                                                  |spare_xfq[1]                                                  
spare_xfqn[0]                                                 |spare_xfqn[0]                                                 
spare_xfqn[1]                                                 |spare_xfqn[1]                                                 
spare_xi[0]                                                   |spare_xi[0]                                                   
spare_xi[1]                                                   |spare_xi[1]                                                   
spare_xi[2]                                                   |spare_xi[2]                                                   
spare_xi[3]                                                   |spare_xi[3]                                                   
spare_xmx[0]                                                  |spare_xmx[0]                                                  
spare_xmx[1]                                                  |spare_xmx[1]                                                  
spare_xna[0]                                                  |spare_xna[0]                                                  
spare_xna[1]                                                  |spare_xna[1]                                                  
spare_xno[0]                                                  |spare_xno[0]                                                  
spare_xno[1]                                                  |spare_xno[1]                                                  
vssd                                                          |vssd                                                          
vccd                                                          |vccd                                                          
-----------------------------------------------------------------------------------------------------------------------------
Cell pin lists are equivalent.
Device classes spare_logic_block and spare_logic_block are equivalent.
Circuits match uniquely.
