
Cell sky130_fd_sc_hvl__conb_1 disconnected node: VNB
Cell sky130_fd_sc_hvl__conb_1 disconnected node: VPB
Warning: Equate pins:  cell sky130_fd_sc_hvl__conb_1 has no definition, treated as a black box.

Subcircuit pins:
Circuit 1: sky130_fd_sc_hvl__conb_1                           |Circuit 2: sky130_fd_sc_hvl__conb_1                           
--------------------------------------------------------------|--------------------------------------------------------------
VGND                                                          |VGND                                                          
VNB                                                           |VNB                                                           
VPB                                                           |VPB                                                           
VPWR                                                          |VPWR                                                          
HI                                                            |HI                                                            
LO                                                            |LO                                                            
-----------------------------------------------------------------------------------------------------------------------------
Cell pin lists are equivalent.
Device classes sky130_fd_sc_hvl__conb_1 and sky130_fd_sc_hvl__conb_1 are equivalent.
Class sky130_fd_sc_hvl__lsbufhv2lv_1:  Merged 6 devices.
Warning: Equate pins:  cell sky130_fd_sc_hvl__lsbufhv2lv_1 has no definition, treated as a black box.

Subcircuit pins:
Circuit 1: sky130_fd_sc_hvl__lsbufhv2lv_1                     |Circuit 2: sky130_fd_sc_hvl__lsbufhv2lv_1                     
--------------------------------------------------------------|--------------------------------------------------------------
A                                                             |A                                                             
VGND                                                          |VGND                                                          
VPWR                                                          |VPWR                                                          
X                                                             |X                                                             
VNB                                                           |VNB                                                           
VPB                                                           |VPB                                                           
LVPWR                                                         |LVPWR                                                         
-----------------------------------------------------------------------------------------------------------------------------
Cell pin lists are equivalent.
Device classes sky130_fd_sc_hvl__lsbufhv2lv_1 and sky130_fd_sc_hvl__lsbufhv2lv_1 are equivalent.

Subcircuit summary:
Circuit 1: mgmt_protect_hv                                    |Circuit 2: mgmt_protect_hv                                    
--------------------------------------------------------------|--------------------------------------------------------------
sky130_fd_sc_hvl__conb_1 (2)                                  |sky130_fd_sc_hvl__conb_1 (2)                                  
sky130_fd_sc_hvl__lsbufhv2lv_1 (2)                            |sky130_fd_sc_hvl__lsbufhv2lv_1 (2)                            
Number of devices: 4                                          |Number of devices: 4                                          
Number of nets: 12                                            |Number of nets: 12                                            
-----------------------------------------------------------------------------------------------------------------------------
Resolving automorphisms by property value.
Resolving automorphisms by pin name.
Netlists match uniquely.
Circuits match correctly.

Subcircuit pins:
Circuit 1: mgmt_protect_hv                                    |Circuit 2: mgmt_protect_hv                                    
--------------------------------------------------------------|--------------------------------------------------------------
mprj2_vdd_logic1                                              |mprj2_vdd_logic1                                              
mprj_vdd_logic1                                               |mprj_vdd_logic1                                               
vssd                                                          |vssd                                                          
vdda1                                                         |vdda1                                                         
vdda2                                                         |vdda2                                                         
vccd                                                          |vccd                                                          
vssa1                                                         |vssa1                                                         
vssa2                                                         |vssa2                                                         
-----------------------------------------------------------------------------------------------------------------------------
Cell pin lists are equivalent.
Device classes mgmt_protect_hv and mgmt_protect_hv are equivalent.
Circuits match uniquely.
