
Cell sky130_fd_sc_hd__conb_1 disconnected node: VNB
Cell sky130_fd_sc_hd__conb_1 disconnected node: VPB

Cell sky130_fd_sc_hd__conb_1 disconnected node: VNB
Cell sky130_fd_sc_hd__conb_1 disconnected node: VPB

Subcircuit summary:
Circuit 1: sky130_fd_sc_hd__conb_1                            |Circuit 2: sky130_fd_sc_hd__conb_1                            
--------------------------------------------------------------|--------------------------------------------------------------
sky130_fd_pr__res_generic_po (2)                              |res_generic_po (2)                                            
Number of devices: 2                                          |Number of devices: 2                                          
Number of nets: 4                                             |Number of nets: 4                                             
-----------------------------------------------------------------------------------------------------------------------------
Resolving automorphisms by property value.
Resolving automorphisms by pin name.
Netlists match uniquely.
Circuits match correctly.
There were property errors.
Circuit 1 sky130_fd_sc_hd__conb_1 instance sky130_fd_pr__res_generic_po1 property "l" has no match in circuit 2.
Circuit 1 sky130_fd_sc_hd__conb_1 instance sky130_fd_pr__res_generic_po0 property "l" has no match in circuit 2.

Subcircuit pins:
Circuit 1: sky130_fd_sc_hd__conb_1                            |Circuit 2: sky130_fd_sc_hd__conb_1                            
--------------------------------------------------------------|--------------------------------------------------------------
VGND                                                          |VGND                                                          
LO                                                            |LO                                                            
HI                                                            |HI                                                            
VPWR                                                          |VPWR                                                          
VNB                                                           |VNB                                                           
VPB                                                           |VPB                                                           
-----------------------------------------------------------------------------------------------------------------------------
Cell pin lists are equivalent.
Device classes sky130_fd_sc_hd__conb_1 and sky130_fd_sc_hd__conb_1 are equivalent.

Subcircuit summary:
Circuit 1: gpio_logic_high                                    |Circuit 2: gpio_logic_high                                    
--------------------------------------------------------------|--------------------------------------------------------------
sky130_fd_sc_hd__conb_1 (1)                                   |sky130_fd_sc_hd__conb_1 (1)                                   
Number of devices: 1                                          |Number of devices: 1                                          
Number of nets: 4                                             |Number of nets: 4                                             
-----------------------------------------------------------------------------------------------------------------------------
Circuits match uniquely.
Netlists match uniquely.

Subcircuit pins:
Circuit 1: gpio_logic_high                                    |Circuit 2: gpio_logic_high                                    
--------------------------------------------------------------|--------------------------------------------------------------
gpio_logic1                                                   |gpio_logic1                                                   
vssd1                                                         |vssd1                                                         
vccd1                                                         |vccd1                                                         
-----------------------------------------------------------------------------------------------------------------------------
Cell pin lists are equivalent.
Device classes gpio_logic_high and gpio_logic_high are equivalent.
Circuits match uniquely.
The following cells had property errors: sky130_fd_sc_hd__conb_1
