
Cell sky130_fd_sc_hd__conb_1 disconnected node: VNB
Cell sky130_fd_sc_hd__conb_1 disconnected node: VPB

Cell sky130_fd_sc_hd__conb_1 disconnected node: VNB
Cell sky130_fd_sc_hd__conb_1 disconnected node: VPB

Subcircuit summary:
Circuit 1: sky130_fd_sc_hd__conb_1                            |Circuit 2: sky130_fd_sc_hd__conb_1                            
--------------------------------------------------------------|--------------------------------------------------------------
sky130_fd_pr__res_generic_po (2)                              |sky130_fd_pr__res_generic_po (2)                              
Number of devices: 2                                          |Number of devices: 2                                          
Number of nets: 4                                             |Number of nets: 4                                             
-----------------------------------------------------------------------------------------------------------------------------
Resolving automorphisms by property value.
Resolving automorphisms by pin name.
Netlists match uniquely.
Circuits match correctly.

Subcircuit pins:
Circuit 1: sky130_fd_sc_hd__conb_1                            |Circuit 2: sky130_fd_sc_hd__conb_1                            
--------------------------------------------------------------|--------------------------------------------------------------
VGND                                                          |VGND                                                          
LO                                                            |LO                                                            
HI                                                            |HI                                                            
VPWR                                                          |VPWR                                                          
VNB                                                           |VNB                                                           
VPB                                                           |VPB                                                           
-----------------------------------------------------------------------------------------------------------------------------
Cell pin lists are equivalent.
Device classes sky130_fd_sc_hd__conb_1 and sky130_fd_sc_hd__conb_1 are equivalent.

Cell gpio_defaults_block disconnected node: gpio_defaults[0]
Cell gpio_defaults_block disconnected node: gpio_defaults[1]
Cell gpio_defaults_block disconnected node: gpio_defaults[2]
Cell gpio_defaults_block disconnected node: gpio_defaults[3]
Cell gpio_defaults_block disconnected node: gpio_defaults[4]
Cell gpio_defaults_block disconnected node: gpio_defaults[5]
Cell gpio_defaults_block disconnected node: gpio_defaults[6]
Cell gpio_defaults_block disconnected node: gpio_defaults[7]
Cell gpio_defaults_block disconnected node: gpio_defaults[8]
Cell gpio_defaults_block disconnected node: gpio_defaults[9]
Cell gpio_defaults_block disconnected node: gpio_defaults[10]
Cell gpio_defaults_block disconnected node: gpio_defaults[11]
Cell gpio_defaults_block disconnected node: gpio_defaults[12]

Subcircuit summary:
Circuit 1: gpio_defaults_block                                |Circuit 2: gpio_defaults_block                                
--------------------------------------------------------------|--------------------------------------------------------------
sky130_fd_sc_hd__conb_1 (13)                                  |sky130_fd_sc_hd__conb_1 (13)                                  
Number of devices: 13                                         |Number of devices: 13                                         
Number of nets: 28                                            |Number of nets: 28                                            
-----------------------------------------------------------------------------------------------------------------------------
Resolving automorphisms by property value.
Resolving automorphisms by pin name.
Netlists match with 3 symmetries.
Circuits match correctly.

Subcircuit pins:
Circuit 1: gpio_defaults_block                                |Circuit 2: gpio_defaults_block                                
--------------------------------------------------------------|--------------------------------------------------------------
gpio_defaults[10]                                             |(no matching pin)                                             
gpio_defaults[1]                                              |(no matching pin)                                             
gpio_defaults[0]                                              |(no matching pin)                                             
gpio_defaults[9]                                              |(no matching pin)                                             
gpio_defaults[12]                                             |(no matching pin)                                             
gpio_defaults[7]                                              |(no matching pin)                                             
gpio_defaults[2]                                              |(no matching pin)                                             
gpio_defaults[5]                                              |(no matching pin)                                             
gpio_defaults[4]                                              |(no matching pin)                                             
gpio_defaults[3]                                              |(no matching pin)                                             
gpio_defaults[6]                                              |(no matching pin)                                             
gpio_defaults[8]                                              |(no matching pin)                                             
gpio_defaults[11]                                             |(no matching pin)                                             
VGND                                                          |VGND                                                          
VPWR                                                          |VPWR                                                          
(no matching pin)                                             |gpio_defaults[0]                                              
(no matching pin)                                             |gpio_defaults[1]                                              
(no matching pin)                                             |gpio_defaults[2]                                              
(no matching pin)                                             |gpio_defaults[3]                                              
(no matching pin)                                             |gpio_defaults[4]                                              
(no matching pin)                                             |gpio_defaults[5]                                              
(no matching pin)                                             |gpio_defaults[6]                                              
(no matching pin)                                             |gpio_defaults[7]                                              
(no matching pin)                                             |gpio_defaults[8]                                              
(no matching pin)                                             |gpio_defaults[9]                                              
(no matching pin)                                             |gpio_defaults[10]                                             
(no matching pin)                                             |gpio_defaults[11]                                             
(no matching pin)                                             |gpio_defaults[12]                                             
gpio_defaults[0]                                              |(no matching pin)                                             
gpio_defaults[10]                                             |(no matching pin)                                             
gpio_defaults[11]                                             |(no matching pin)                                             
gpio_defaults[12]                                             |(no matching pin)                                             
gpio_defaults[1]                                              |(no matching pin)                                             
gpio_defaults[2]                                              |(no matching pin)                                             
gpio_defaults[3]                                              |(no matching pin)                                             
gpio_defaults[4]                                              |(no matching pin)                                             
gpio_defaults[5]                                              |(no matching pin)                                             
gpio_defaults[6]                                              |(no matching pin)                                             
gpio_defaults[7]                                              |(no matching pin)                                             
gpio_defaults[8]                                              |(no matching pin)                                             
gpio_defaults[9]                                              |(no matching pin)                                             
-----------------------------------------------------------------------------------------------------------------------------
Cell pin lists for gpio_defaults_block and gpio_defaults_block altered to match.
Cells failed matching, or top level cell failed pin matching.
