Warning: Equate pins:  cell sky130_fd_pr__pfet_01v8_hvt has no definition, treated as a black box.
Warning: Equate pins:  cell sky130_fd_pr__pfet_01v8_hvt has no definition, treated as a black box.

Subcircuit pins:
Circuit 1: sky130_fd_pr__pfet_01v8_hvt                        |Circuit 2: sky130_fd_pr__pfet_01v8_hvt                        
--------------------------------------------------------------|--------------------------------------------------------------
1                                                             |1                                                             
2                                                             |2                                                             
3                                                             |3                                                             
4                                                             |4                                                             
-----------------------------------------------------------------------------------------------------------------------------
Cell pin lists are equivalent.
Device classes sky130_fd_pr__pfet_01v8_hvt and sky130_fd_pr__pfet_01v8_hvt are equivalent.
Warning: Equate pins:  cell sky130_fd_pr__nfet_01v8 has no definition, treated as a black box.
Warning: Equate pins:  cell sky130_fd_pr__nfet_01v8 has no definition, treated as a black box.

Subcircuit pins:
Circuit 1: sky130_fd_pr__nfet_01v8                            |Circuit 2: sky130_fd_pr__nfet_01v8                            
--------------------------------------------------------------|--------------------------------------------------------------
1                                                             |1                                                             
2                                                             |2                                                             
3                                                             |3                                                             
4                                                             |4                                                             
-----------------------------------------------------------------------------------------------------------------------------
Cell pin lists are equivalent.
Device classes sky130_fd_pr__nfet_01v8 and sky130_fd_pr__nfet_01v8 are equivalent.

Cell sky130_fd_sc_hd__conb_1 disconnected node: VNB
Cell sky130_fd_sc_hd__conb_1 disconnected node: VPB

Cell sky130_fd_sc_hd__conb_1 disconnected node: VNB
Cell sky130_fd_sc_hd__conb_1 disconnected node: VPB

Subcircuit summary:
Circuit 1: sky130_fd_sc_hd__conb_1                            |Circuit 2: sky130_fd_sc_hd__conb_1                            
--------------------------------------------------------------|--------------------------------------------------------------
sky130_fd_pr__res_generic_po (2)                              |sky130_fd_pr__res_generic_po (2)                              
Number of devices: 2                                          |Number of devices: 2                                          
Number of nets: 4                                             |Number of nets: 4                                             
-----------------------------------------------------------------------------------------------------------------------------
Resolving automorphisms by property value.
Resolving automorphisms by pin name.
Netlists match uniquely.
Circuits match correctly.

Subcircuit pins:
Circuit 1: sky130_fd_sc_hd__conb_1                            |Circuit 2: sky130_fd_sc_hd__conb_1                            
--------------------------------------------------------------|--------------------------------------------------------------
VGND                                                          |VGND                                                          
LO                                                            |LO                                                            
HI                                                            |HI                                                            
VPWR                                                          |VPWR                                                          
VNB                                                           |VNB                                                           
VPB                                                           |VPB                                                           
-----------------------------------------------------------------------------------------------------------------------------
Cell pin lists are equivalent.
Device classes sky130_fd_sc_hd__conb_1 and sky130_fd_sc_hd__conb_1 are equivalent.

Subcircuit summary:
Circuit 1: sky130_fd_sc_hd__buf_1                             |Circuit 2: sky130_fd_sc_hd__buf_1                             
--------------------------------------------------------------|--------------------------------------------------------------
sky130_fd_pr__pfet_01v8_hvt (2)                               |sky130_fd_pr__pfet_01v8_hvt (2)                               
sky130_fd_pr__nfet_01v8 (2)                                   |sky130_fd_pr__nfet_01v8 (2)                                   
Number of devices: 4                                          |Number of devices: 4                                          
Number of nets: 7                                             |Number of nets: 7                                             
-----------------------------------------------------------------------------------------------------------------------------
Circuits match uniquely.
Netlists match uniquely.

Subcircuit pins:
Circuit 1: sky130_fd_sc_hd__buf_1                             |Circuit 2: sky130_fd_sc_hd__buf_1                             
--------------------------------------------------------------|--------------------------------------------------------------
VGND                                                          |VGND                                                          
X                                                             |X                                                             
VNB                                                           |VNB                                                           
A                                                             |A                                                             
VPWR                                                          |VPWR                                                          
VPB                                                           |VPB                                                           
-----------------------------------------------------------------------------------------------------------------------------
Cell pin lists are equivalent.
Device classes sky130_fd_sc_hd__buf_1 and sky130_fd_sc_hd__buf_1 are equivalent.

Subcircuit summary:
Circuit 1: sky130_fd_sc_hd__clkbuf_1                          |Circuit 2: sky130_fd_sc_hd__clkbuf_1                          
--------------------------------------------------------------|--------------------------------------------------------------
sky130_fd_pr__pfet_01v8_hvt (2)                               |sky130_fd_pr__pfet_01v8_hvt (2)                               
sky130_fd_pr__nfet_01v8 (2)                                   |sky130_fd_pr__nfet_01v8 (2)                                   
Number of devices: 4                                          |Number of devices: 4                                          
Number of nets: 7                                             |Number of nets: 7                                             
-----------------------------------------------------------------------------------------------------------------------------
Circuits match uniquely.
Netlists match uniquely.

Subcircuit pins:
Circuit 1: sky130_fd_sc_hd__clkbuf_1                          |Circuit 2: sky130_fd_sc_hd__clkbuf_1                          
--------------------------------------------------------------|--------------------------------------------------------------
VGND                                                          |VGND                                                          
A                                                             |A                                                             
VNB                                                           |VNB                                                           
X                                                             |X                                                             
VPWR                                                          |VPWR                                                          
VPB                                                           |VPB                                                           
-----------------------------------------------------------------------------------------------------------------------------
Cell pin lists are equivalent.
Device classes sky130_fd_sc_hd__clkbuf_1 and sky130_fd_sc_hd__clkbuf_1 are equivalent.

Cell sky130_fd_sc_hd__diode_2 disconnected node: VGND
Cell sky130_fd_sc_hd__diode_2 disconnected node: VPB
Cell sky130_fd_sc_hd__diode_2 disconnected node: VPWR

Cell sky130_fd_sc_hd__diode_2 disconnected node: VGND
Cell sky130_fd_sc_hd__diode_2 disconnected node: VPB
Cell sky130_fd_sc_hd__diode_2 disconnected node: VPWR

Subcircuit summary:
Circuit 1: sky130_fd_sc_hd__diode_2                           |Circuit 2: sky130_fd_sc_hd__diode_2                           
--------------------------------------------------------------|--------------------------------------------------------------
sky130_fd_pr__diode_pw2nd_05v5 (1)                            |sky130_fd_pr__diode_pw2nd_05v5 (1)                            
Number of devices: 1                                          |Number of devices: 1                                          
Number of nets: 2                                             |Number of nets: 2                                             
-----------------------------------------------------------------------------------------------------------------------------
Circuits match uniquely.
Netlists match uniquely.

Subcircuit pins:
Circuit 1: sky130_fd_sc_hd__diode_2                           |Circuit 2: sky130_fd_sc_hd__diode_2                           
--------------------------------------------------------------|--------------------------------------------------------------
VNB                                                           |VNB                                                           
DIODE                                                         |DIODE                                                         
VGND                                                          |VGND                                                          
VPB                                                           |VPB                                                           
VPWR                                                          |VPWR                                                          
-----------------------------------------------------------------------------------------------------------------------------
Cell pin lists are equivalent.
Device classes sky130_fd_sc_hd__diode_2 and sky130_fd_sc_hd__diode_2 are equivalent.
Class sky130_fd_sc_hd__buf_2:  Merged 2 devices.
Class sky130_fd_sc_hd__buf_2:  Merged 2 devices.

Subcircuit summary:
Circuit 1: sky130_fd_sc_hd__buf_2                             |Circuit 2: sky130_fd_sc_hd__buf_2                             
--------------------------------------------------------------|--------------------------------------------------------------
sky130_fd_pr__pfet_01v8_hvt (2)                               |sky130_fd_pr__pfet_01v8_hvt (2)                               
sky130_fd_pr__nfet_01v8 (2)                                   |sky130_fd_pr__nfet_01v8 (2)                                   
Number of devices: 4                                          |Number of devices: 4                                          
Number of nets: 7                                             |Number of nets: 7                                             
-----------------------------------------------------------------------------------------------------------------------------
Circuits match uniquely.
Netlists match uniquely.

Subcircuit pins:
Circuit 1: sky130_fd_sc_hd__buf_2                             |Circuit 2: sky130_fd_sc_hd__buf_2                             
--------------------------------------------------------------|--------------------------------------------------------------
X                                                             |X                                                             
VGND                                                          |VGND                                                          
VNB                                                           |VNB                                                           
A                                                             |A                                                             
VPWR                                                          |VPWR                                                          
VPB                                                           |VPB                                                           
-----------------------------------------------------------------------------------------------------------------------------
Cell pin lists are equivalent.
Device classes sky130_fd_sc_hd__buf_2 and sky130_fd_sc_hd__buf_2 are equivalent.

Subcircuit summary:
Circuit 1: sky130_fd_sc_hd__or2b_1                            |Circuit 2: sky130_fd_sc_hd__or2b_1                            
--------------------------------------------------------------|--------------------------------------------------------------
sky130_fd_pr__nfet_01v8 (4)                                   |sky130_fd_pr__nfet_01v8 (4)                                   
sky130_fd_pr__pfet_01v8_hvt (4)                               |sky130_fd_pr__pfet_01v8_hvt (4)                               
Number of devices: 8                                          |Number of devices: 8                                          
Number of nets: 10                                            |Number of nets: 10                                            
-----------------------------------------------------------------------------------------------------------------------------
Circuits match uniquely.
Netlists match uniquely.

Subcircuit pins:
Circuit 1: sky130_fd_sc_hd__or2b_1                            |Circuit 2: sky130_fd_sc_hd__or2b_1                            
--------------------------------------------------------------|--------------------------------------------------------------
VPWR                                                          |VPWR                                                          
A                                                             |A                                                             
B_N                                                           |B_N                                                           
X                                                             |X                                                             
VGND                                                          |VGND                                                          
VNB                                                           |VNB                                                           
VPB                                                           |VPB                                                           
-----------------------------------------------------------------------------------------------------------------------------
Cell pin lists are equivalent.
Device classes sky130_fd_sc_hd__or2b_1 and sky130_fd_sc_hd__or2b_1 are equivalent.

Subcircuit summary:
Circuit 1: sky130_fd_sc_hd__or2_1                             |Circuit 2: sky130_fd_sc_hd__or2_1                             
--------------------------------------------------------------|--------------------------------------------------------------
sky130_fd_pr__nfet_01v8 (3)                                   |sky130_fd_pr__nfet_01v8 (3)                                   
sky130_fd_pr__pfet_01v8_hvt (3)                               |sky130_fd_pr__pfet_01v8_hvt (3)                               
Number of devices: 6                                          |Number of devices: 6                                          
Number of nets: 9                                             |Number of nets: 9                                             
-----------------------------------------------------------------------------------------------------------------------------
Circuits match uniquely.
Netlists match uniquely.

Subcircuit pins:
Circuit 1: sky130_fd_sc_hd__or2_1                             |Circuit 2: sky130_fd_sc_hd__or2_1                             
--------------------------------------------------------------|--------------------------------------------------------------
A                                                             |A                                                             
VPWR                                                          |VPWR                                                          
X                                                             |X                                                             
B                                                             |B                                                             
VPB                                                           |VPB                                                           
VGND                                                          |VGND                                                          
VNB                                                           |VNB                                                           
-----------------------------------------------------------------------------------------------------------------------------
Cell pin lists are equivalent.
Device classes sky130_fd_sc_hd__or2_1 and sky130_fd_sc_hd__or2_1 are equivalent.

Subcircuit summary:
Circuit 1: sky130_fd_sc_hd__clkdlybuf4s25_1                   |Circuit 2: sky130_fd_sc_hd__clkdlybuf4s25_1                   
--------------------------------------------------------------|--------------------------------------------------------------
sky130_fd_pr__pfet_01v8_hvt (4)                               |sky130_fd_pr__pfet_01v8_hvt (4)                               
sky130_fd_pr__nfet_01v8 (4)                                   |sky130_fd_pr__nfet_01v8 (4)                                   
Number of devices: 8                                          |Number of devices: 8                                          
Number of nets: 9                                             |Number of nets: 9                                             
-----------------------------------------------------------------------------------------------------------------------------
Circuits match uniquely.
Netlists match uniquely.

Subcircuit pins:
Circuit 1: sky130_fd_sc_hd__clkdlybuf4s25_1                   |Circuit 2: sky130_fd_sc_hd__clkdlybuf4s25_1                   
--------------------------------------------------------------|--------------------------------------------------------------
X                                                             |X                                                             
A                                                             |A                                                             
VPWR                                                          |VPWR                                                          
VPB                                                           |VPB                                                           
VGND                                                          |VGND                                                          
VNB                                                           |VNB                                                           
-----------------------------------------------------------------------------------------------------------------------------
Cell pin lists are equivalent.
Device classes sky130_fd_sc_hd__clkdlybuf4s25_1 and sky130_fd_sc_hd__clkdlybuf4s25_1 are equivalent.

Subcircuit summary:
Circuit 1: sky130_fd_sc_hd__dlymetal6s2s_1                    |Circuit 2: sky130_fd_sc_hd__dlymetal6s2s_1                    
--------------------------------------------------------------|--------------------------------------------------------------
sky130_fd_pr__pfet_01v8_hvt (6)                               |sky130_fd_pr__pfet_01v8_hvt (6)                               
sky130_fd_pr__nfet_01v8 (6)                                   |sky130_fd_pr__nfet_01v8 (6)                                   
Number of devices: 12                                         |Number of devices: 12                                         
Number of nets: 11                                            |Number of nets: 11                                            
-----------------------------------------------------------------------------------------------------------------------------
Circuits match uniquely.
Netlists match uniquely.

Subcircuit pins:
Circuit 1: sky130_fd_sc_hd__dlymetal6s2s_1                    |Circuit 2: sky130_fd_sc_hd__dlymetal6s2s_1                    
--------------------------------------------------------------|--------------------------------------------------------------
A                                                             |A                                                             
VPWR                                                          |VPWR                                                          
VPB                                                           |VPB                                                           
VGND                                                          |VGND                                                          
VNB                                                           |VNB                                                           
X                                                             |X                                                             
-----------------------------------------------------------------------------------------------------------------------------
Cell pin lists are equivalent.
Device classes sky130_fd_sc_hd__dlymetal6s2s_1 and sky130_fd_sc_hd__dlymetal6s2s_1 are equivalent.

Subcircuit summary:
Circuit 1: sky130_fd_sc_hd__dfbbn_1                           |Circuit 2: sky130_fd_sc_hd__dfbbn_1                           
--------------------------------------------------------------|--------------------------------------------------------------
sky130_fd_pr__nfet_01v8 (20)                                  |sky130_fd_pr__nfet_01v8 (20)                                  
sky130_fd_pr__pfet_01v8_hvt (20)                              |sky130_fd_pr__pfet_01v8_hvt (20)                              
Number of devices: 40                                         |Number of devices: 40                                         
Number of nets: 29                                            |Number of nets: 29                                            
-----------------------------------------------------------------------------------------------------------------------------
Circuits match uniquely.
Netlists match uniquely.

Subcircuit pins:
Circuit 1: sky130_fd_sc_hd__dfbbn_1                           |Circuit 2: sky130_fd_sc_hd__dfbbn_1                           
--------------------------------------------------------------|--------------------------------------------------------------
D                                                             |D                                                             
RESET_B                                                       |RESET_B                                                       
Q                                                             |Q                                                             
Q_N                                                           |Q_N                                                           
CLK_N                                                         |CLK_N                                                         
VPWR                                                          |VPWR                                                          
VNB                                                           |VNB                                                           
VPB                                                           |VPB                                                           
VGND                                                          |VGND                                                          
SET_B                                                         |SET_B                                                         
-----------------------------------------------------------------------------------------------------------------------------
Cell pin lists are equivalent.
Device classes sky130_fd_sc_hd__dfbbn_1 and sky130_fd_sc_hd__dfbbn_1 are equivalent.

Subcircuit summary:
Circuit 1: sky130_fd_sc_hd__dfrtp_1                           |Circuit 2: sky130_fd_sc_hd__dfrtp_1                           
--------------------------------------------------------------|--------------------------------------------------------------
sky130_fd_pr__nfet_01v8 (14)                                  |sky130_fd_pr__nfet_01v8 (14)                                  
sky130_fd_pr__pfet_01v8_hvt (14)                              |sky130_fd_pr__pfet_01v8_hvt (14)                              
Number of devices: 28                                         |Number of devices: 28                                         
Number of nets: 21                                            |Number of nets: 21                                            
-----------------------------------------------------------------------------------------------------------------------------
Circuits match uniquely.
Netlists match uniquely.

Subcircuit pins:
Circuit 1: sky130_fd_sc_hd__dfrtp_1                           |Circuit 2: sky130_fd_sc_hd__dfrtp_1                           
--------------------------------------------------------------|--------------------------------------------------------------
VPWR                                                          |VPWR                                                          
RESET_B                                                       |RESET_B                                                       
VPB                                                           |VPB                                                           
VNB                                                           |VNB                                                           
VGND                                                          |VGND                                                          
D                                                             |D                                                             
Q                                                             |Q                                                             
CLK                                                           |CLK                                                           
-----------------------------------------------------------------------------------------------------------------------------
Cell pin lists are equivalent.
Device classes sky130_fd_sc_hd__dfrtp_1 and sky130_fd_sc_hd__dfrtp_1 are equivalent.
Class sky130_fd_sc_hd__einvp_8:  Merged 28 devices.
Class sky130_fd_sc_hd__einvp_8:  Merged 28 devices.

Subcircuit summary:
Circuit 1: sky130_fd_sc_hd__einvp_8                           |Circuit 2: sky130_fd_sc_hd__einvp_8                           
--------------------------------------------------------------|--------------------------------------------------------------
sky130_fd_pr__pfet_01v8_hvt (3)                               |sky130_fd_pr__pfet_01v8_hvt (3)                               
sky130_fd_pr__nfet_01v8 (3)                                   |sky130_fd_pr__nfet_01v8 (3)                                   
Number of devices: 6                                          |Number of devices: 6                                          
Number of nets: 10                                            |Number of nets: 10                                            
-----------------------------------------------------------------------------------------------------------------------------
Circuits match uniquely.
Netlists match uniquely.

Subcircuit pins:
Circuit 1: sky130_fd_sc_hd__einvp_8                           |Circuit 2: sky130_fd_sc_hd__einvp_8                           
--------------------------------------------------------------|--------------------------------------------------------------
VPB                                                           |VPB                                                           
TE                                                            |TE                                                            
VNB                                                           |VNB                                                           
VPWR                                                          |VPWR                                                          
VGND                                                          |VGND                                                          
Z                                                             |Z                                                             
A                                                             |A                                                             
-----------------------------------------------------------------------------------------------------------------------------
Cell pin lists are equivalent.
Device classes sky130_fd_sc_hd__einvp_8 and sky130_fd_sc_hd__einvp_8 are equivalent.
Class sky130_fd_sc_hd__clkbuf_2:  Merged 2 devices.
Class sky130_fd_sc_hd__clkbuf_2:  Merged 2 devices.

Subcircuit summary:
Circuit 1: sky130_fd_sc_hd__clkbuf_2                          |Circuit 2: sky130_fd_sc_hd__clkbuf_2                          
--------------------------------------------------------------|--------------------------------------------------------------
sky130_fd_pr__pfet_01v8_hvt (2)                               |sky130_fd_pr__pfet_01v8_hvt (2)                               
sky130_fd_pr__nfet_01v8 (2)                                   |sky130_fd_pr__nfet_01v8 (2)                                   
Number of devices: 4                                          |Number of devices: 4                                          
Number of nets: 7                                             |Number of nets: 7                                             
-----------------------------------------------------------------------------------------------------------------------------
Circuits match uniquely.
Netlists match uniquely.

Subcircuit pins:
Circuit 1: sky130_fd_sc_hd__clkbuf_2                          |Circuit 2: sky130_fd_sc_hd__clkbuf_2                          
--------------------------------------------------------------|--------------------------------------------------------------
A                                                             |A                                                             
VPWR                                                          |VPWR                                                          
VPB                                                           |VPB                                                           
VGND                                                          |VGND                                                          
VNB                                                           |VNB                                                           
X                                                             |X                                                             
-----------------------------------------------------------------------------------------------------------------------------
Cell pin lists are equivalent.
Device classes sky130_fd_sc_hd__clkbuf_2 and sky130_fd_sc_hd__clkbuf_2 are equivalent.
Class sky130_fd_sc_hd__inv_2:  Merged 2 devices.
Class sky130_fd_sc_hd__inv_2:  Merged 2 devices.

Subcircuit summary:
Circuit 1: sky130_fd_sc_hd__inv_2                             |Circuit 2: sky130_fd_sc_hd__inv_2                             
--------------------------------------------------------------|--------------------------------------------------------------
sky130_fd_pr__pfet_01v8_hvt (1)                               |sky130_fd_pr__pfet_01v8_hvt (1)                               
sky130_fd_pr__nfet_01v8 (1)                                   |sky130_fd_pr__nfet_01v8 (1)                                   
Number of devices: 2                                          |Number of devices: 2                                          
Number of nets: 6                                             |Number of nets: 6                                             
-----------------------------------------------------------------------------------------------------------------------------
Circuits match uniquely.
Netlists match uniquely.

Subcircuit pins:
Circuit 1: sky130_fd_sc_hd__inv_2                             |Circuit 2: sky130_fd_sc_hd__inv_2                             
--------------------------------------------------------------|--------------------------------------------------------------
VGND                                                          |VGND                                                          
VNB                                                           |VNB                                                           
VPWR                                                          |VPWR                                                          
VPB                                                           |VPB                                                           
Y                                                             |Y                                                             
A                                                             |A                                                             
-----------------------------------------------------------------------------------------------------------------------------
Cell pin lists are equivalent.
Device classes sky130_fd_sc_hd__inv_2 and sky130_fd_sc_hd__inv_2 are equivalent.

Subcircuit summary:
Circuit 1: sky130_fd_sc_hd__and2_1                            |Circuit 2: sky130_fd_sc_hd__and2_1                            
--------------------------------------------------------------|--------------------------------------------------------------
sky130_fd_pr__pfet_01v8_hvt (3)                               |sky130_fd_pr__pfet_01v8_hvt (3)                               
sky130_fd_pr__nfet_01v8 (3)                                   |sky130_fd_pr__nfet_01v8 (3)                                   
Number of devices: 6                                          |Number of devices: 6                                          
Number of nets: 9                                             |Number of nets: 9                                             
-----------------------------------------------------------------------------------------------------------------------------
Circuits match uniquely.
Netlists match uniquely.

Subcircuit pins:
Circuit 1: sky130_fd_sc_hd__and2_1                            |Circuit 2: sky130_fd_sc_hd__and2_1                            
--------------------------------------------------------------|--------------------------------------------------------------
VGND                                                          |VGND                                                          
X                                                             |X                                                             
A                                                             |A                                                             
B                                                             |B                                                             
VNB                                                           |VNB                                                           
VPWR                                                          |VPWR                                                          
VPB                                                           |VPB                                                           
-----------------------------------------------------------------------------------------------------------------------------
Cell pin lists are equivalent.
Device classes sky130_fd_sc_hd__and2_1 and sky130_fd_sc_hd__and2_1 are equivalent.
Warning: Equate pins:  cell gpio_logic_high has no definition, treated as a black box.

Subcircuit pins:
Circuit 1: gpio_logic_high                                    |Circuit 2: gpio_logic_high                                    
--------------------------------------------------------------|--------------------------------------------------------------
(no matching pin)                                             |1                                                             
(no matching pin)                                             |2                                                             
(no matching pin)                                             |3                                                             
gpio_logic1                                                   |(no matching pin)                                             
vccd1                                                         |(no matching pin)                                             
vssd1                                                         |(no matching pin)                                             
-----------------------------------------------------------------------------------------------------------------------------
Cell pin lists are equivalent.
Device classes gpio_logic_high and gpio_logic_high are equivalent.
Class sky130_fd_sc_hd__buf_6:  Merged 12 devices.
Class sky130_fd_sc_hd__buf_6:  Merged 12 devices.

Subcircuit summary:
Circuit 1: sky130_fd_sc_hd__buf_6                             |Circuit 2: sky130_fd_sc_hd__buf_6                             
--------------------------------------------------------------|--------------------------------------------------------------
sky130_fd_pr__pfet_01v8_hvt (2)                               |sky130_fd_pr__pfet_01v8_hvt (2)                               
sky130_fd_pr__nfet_01v8 (2)                                   |sky130_fd_pr__nfet_01v8 (2)                                   
Number of devices: 4                                          |Number of devices: 4                                          
Number of nets: 7                                             |Number of nets: 7                                             
-----------------------------------------------------------------------------------------------------------------------------
Circuits match uniquely.
Netlists match uniquely.

Subcircuit pins:
Circuit 1: sky130_fd_sc_hd__buf_6                             |Circuit 2: sky130_fd_sc_hd__buf_6                             
--------------------------------------------------------------|--------------------------------------------------------------
VGND                                                          |VGND                                                          
X                                                             |X                                                             
VNB                                                           |VNB                                                           
A                                                             |A                                                             
VPWR                                                          |VPWR                                                          
VPB                                                           |VPB                                                           
-----------------------------------------------------------------------------------------------------------------------------
Cell pin lists are equivalent.
Device classes sky130_fd_sc_hd__buf_6 and sky130_fd_sc_hd__buf_6 are equivalent.
Class sky130_fd_sc_hd__clkbuf_16:  Merged 36 devices.
Class sky130_fd_sc_hd__clkbuf_16:  Merged 36 devices.

Subcircuit summary:
Circuit 1: sky130_fd_sc_hd__clkbuf_16                         |Circuit 2: sky130_fd_sc_hd__clkbuf_16                         
--------------------------------------------------------------|--------------------------------------------------------------
sky130_fd_pr__pfet_01v8_hvt (2)                               |sky130_fd_pr__pfet_01v8_hvt (2)                               
sky130_fd_pr__nfet_01v8 (2)                                   |sky130_fd_pr__nfet_01v8 (2)                                   
Number of devices: 4                                          |Number of devices: 4                                          
Number of nets: 7                                             |Number of nets: 7                                             
-----------------------------------------------------------------------------------------------------------------------------
Circuits match uniquely.
Netlists match uniquely.

Subcircuit pins:
Circuit 1: sky130_fd_sc_hd__clkbuf_16                         |Circuit 2: sky130_fd_sc_hd__clkbuf_16                         
--------------------------------------------------------------|--------------------------------------------------------------
VPWR                                                          |VPWR                                                          
X                                                             |X                                                             
VPB                                                           |VPB                                                           
VGND                                                          |VGND                                                          
VNB                                                           |VNB                                                           
A                                                             |A                                                             
-----------------------------------------------------------------------------------------------------------------------------
Cell pin lists are equivalent.
Device classes sky130_fd_sc_hd__clkbuf_16 and sky130_fd_sc_hd__clkbuf_16 are equivalent.
Class sky130_fd_sc_hd__ebufn_8:  Merged 30 devices.
Class sky130_fd_sc_hd__ebufn_8:  Merged 30 devices.

Subcircuit summary:
Circuit 1: sky130_fd_sc_hd__ebufn_8                           |Circuit 2: sky130_fd_sc_hd__ebufn_8                           
--------------------------------------------------------------|--------------------------------------------------------------
sky130_fd_pr__pfet_01v8_hvt (4)                               |sky130_fd_pr__pfet_01v8_hvt (4)                               
sky130_fd_pr__nfet_01v8 (4)                                   |sky130_fd_pr__nfet_01v8 (4)                                   
Number of devices: 8                                          |Number of devices: 8                                          
Number of nets: 11                                            |Number of nets: 11                                            
-----------------------------------------------------------------------------------------------------------------------------
Circuits match uniquely.
Netlists match uniquely.

Subcircuit pins:
Circuit 1: sky130_fd_sc_hd__ebufn_8                           |Circuit 2: sky130_fd_sc_hd__ebufn_8                           
--------------------------------------------------------------|--------------------------------------------------------------
VPB                                                           |VPB                                                           
VNB                                                           |VNB                                                           
Z                                                             |Z                                                             
A                                                             |A                                                             
VPWR                                                          |VPWR                                                          
TE_B                                                          |TE_B                                                          
VGND                                                          |VGND                                                          
-----------------------------------------------------------------------------------------------------------------------------
Cell pin lists are equivalent.
Device classes sky130_fd_sc_hd__ebufn_8 and sky130_fd_sc_hd__ebufn_8 are equivalent.

Subcircuit summary:
Circuit 1: sky130_fd_sc_hd__mux2_1                            |Circuit 2: sky130_fd_sc_hd__mux2_1                            
--------------------------------------------------------------|--------------------------------------------------------------
sky130_fd_pr__pfet_01v8_hvt (6)                               |sky130_fd_pr__pfet_01v8_hvt (6)                               
sky130_fd_pr__nfet_01v8 (6)                                   |sky130_fd_pr__nfet_01v8 (6)                                   
Number of devices: 12                                         |Number of devices: 12                                         
Number of nets: 14                                            |Number of nets: 14                                            
-----------------------------------------------------------------------------------------------------------------------------
Circuits match uniquely.
Netlists match uniquely.

Subcircuit pins:
Circuit 1: sky130_fd_sc_hd__mux2_1                            |Circuit 2: sky130_fd_sc_hd__mux2_1                            
--------------------------------------------------------------|--------------------------------------------------------------
VPB                                                           |VPB                                                           
VNB                                                           |VNB                                                           
A0                                                            |A0                                                            
A1                                                            |A1                                                            
X                                                             |X                                                             
VPWR                                                          |VPWR                                                          
S                                                             |S                                                             
VGND                                                          |VGND                                                          
-----------------------------------------------------------------------------------------------------------------------------
Cell pin lists are equivalent.
Device classes sky130_fd_sc_hd__mux2_1 and sky130_fd_sc_hd__mux2_1 are equivalent.
Class gpio_control_block:  Merged 1 devices.
Class gpio_control_block:  Merged 1 devices.

Subcircuit summary:
Circuit 1: gpio_control_block                                 |Circuit 2: gpio_control_block                                 
--------------------------------------------------------------|--------------------------------------------------------------
sky130_fd_sc_hd__buf_1 (26)                                   |sky130_fd_sc_hd__buf_1 (26)                                   
sky130_fd_sc_hd__clkbuf_1 (54)                                |sky130_fd_sc_hd__clkbuf_1 (54)                                
sky130_fd_sc_hd__diode_2 (7)                                  |sky130_fd_sc_hd__diode_2 (7)                                  
sky130_fd_sc_hd__buf_2 (17)                                   |sky130_fd_sc_hd__buf_2 (17)                                   
sky130_fd_sc_hd__or2b_1 (15)                                  |sky130_fd_sc_hd__or2b_1 (15)                                  
sky130_fd_sc_hd__or2_1 (13)                                   |sky130_fd_sc_hd__or2_1 (13)                                   
sky130_fd_sc_hd__clkdlybuf4s25_1 (19)                         |sky130_fd_sc_hd__clkdlybuf4s25_1 (19)                         
sky130_fd_sc_hd__dlymetal6s2s_1 (4)                           |sky130_fd_sc_hd__dlymetal6s2s_1 (4)                           
sky130_fd_sc_hd__conb_1 (1)                                   |sky130_fd_sc_hd__conb_1 (1)                                   
sky130_fd_sc_hd__dfbbn_1 (13)                                 |sky130_fd_sc_hd__dfbbn_1 (13)                                 
sky130_fd_sc_hd__dfrtp_1 (13)                                 |sky130_fd_sc_hd__dfrtp_1 (13)                                 
sky130_fd_sc_hd__einvp_8 (1)                                  |sky130_fd_sc_hd__einvp_8 (1)                                  
sky130_fd_sc_hd__clkbuf_2 (2)                                 |sky130_fd_sc_hd__clkbuf_2 (2)                                 
sky130_fd_sc_hd__inv_2 (6)                                    |sky130_fd_sc_hd__inv_2 (6)                                    
sky130_fd_sc_hd__and2_1 (2)                                   |sky130_fd_sc_hd__and2_1 (2)                                   
gpio_logic_high (1)                                           |gpio_logic_high (1)                                           
sky130_fd_sc_hd__buf_6 (1)                                    |sky130_fd_sc_hd__buf_6 (1)                                    
sky130_fd_sc_hd__clkbuf_16 (1)                                |sky130_fd_sc_hd__clkbuf_16 (1)                                
sky130_fd_sc_hd__ebufn_8 (1)                                  |sky130_fd_sc_hd__ebufn_8 (1)                                  
sky130_fd_sc_hd__mux2_1 (4)                                   |sky130_fd_sc_hd__mux2_1 (4)                                   
Number of devices: 201                                        |Number of devices: 201                                        
Number of nets: 237                                           |Number of nets: 237                                           
-----------------------------------------------------------------------------------------------------------------------------
NET mismatches: Class fragments follow (with fanout counts):
Circuit 1: gpio_control_block                                 |Circuit 2: gpio_control_block                                 

-----------------------------------------------------------------------------------------------------------------------------
Net: dummy_237                                                |Net: dummy_237                                                
  gpio_logic_high/proxy3 = 1                                  |  gpio_logic_high/proxyvssd1 = 1                              
                                                              |                                                              
Net: dummy_236                                                |Net: dummy_236                                                
  gpio_logic_high/proxy2 = 1                                  |  gpio_logic_high/proxyvccd1 = 1                              
                                                              |                                                              
Net: dummy_235                                                |Net: dummy_235                                                
  gpio_logic_high/proxy1 = 1                                  |  gpio_logic_high/proxygpio_logic1 = 1                        
                                                              |                                                              
Net: vssd1                                                    |Net: vssd1                                                    
  gpio_logic_high/vssd1 = 1                                   |  gpio_logic_high/3 = 1                                       
                                                              |                                                              
Net: vccd1                                                    |Net: vccd1                                                    
  gpio_logic_high/vccd1 = 1                                   |  gpio_logic_high/2 = 1                                       
-----------------------------------------------------------------------------------------------------------------------------

-----------------------------------------------------------------------------------------------------------------------------
Net: gpio_in_buf/TE                                           |Net: gpio_logic1                                              
  sky130_fd_sc_hd__einvp_8/TE = 1                             |  sky130_fd_sc_hd__einvp_8/TE = 1                             
  gpio_logic_high/gpio_logic1 = 1                             |  gpio_logic_high/1 = 1                                       
-----------------------------------------------------------------------------------------------------------------------------
DEVICE mismatches: Class fragments follow (with node fanout counts):
Circuit 1: gpio_control_block                                 |Circuit 2: gpio_control_block                                 

-----------------------------------------------------------------------------------------------------------------------------
Instance: gpio_logic_high                                     |Instance: gpio_logic_high                                     
  gpio_logic1 = 2                                             |  proxygpio_logic1 = 1                                        
  vccd1 = 1                                                   |  proxyvccd1 = 1                                              
  vssd1 = 1                                                   |  proxyvssd1 = 1                                              
  proxy1 = 1                                                  |  1 = 2                                                       
  proxy2 = 1                                                  |  2 = 1                                                       
  proxy3 = 1                                                  |  3 = 1                                                       
-----------------------------------------------------------------------------------------------------------------------------
Netlists do not match.
Netlists do not match.
