
Cell sky130_fd_sc_hd__conb_1 disconnected node: VNB
Cell sky130_fd_sc_hd__conb_1 disconnected node: VPB

Cell sky130_fd_sc_hd__conb_1 disconnected node: VNB
Cell sky130_fd_sc_hd__conb_1 disconnected node: VPB

Subcircuit summary:
Circuit 1: sky130_fd_sc_hd__conb_1                            |Circuit 2: sky130_fd_sc_hd__conb_1                            
--------------------------------------------------------------|--------------------------------------------------------------
sky130_fd_pr__res_generic_po (2)                              |sky130_fd_pr__res_generic_po (2)                              
Number of devices: 2                                          |Number of devices: 2                                          
Number of nets: 4                                             |Number of nets: 4                                             
-----------------------------------------------------------------------------------------------------------------------------
Resolving automorphisms by property value.
Resolving automorphisms by pin name.
Netlists match uniquely.
Circuits match correctly.

Subcircuit pins:
Circuit 1: sky130_fd_sc_hd__conb_1                            |Circuit 2: sky130_fd_sc_hd__conb_1                            
--------------------------------------------------------------|--------------------------------------------------------------
VGND                                                          |VGND                                                          
LO                                                            |LO                                                            
HI                                                            |HI                                                            
VPWR                                                          |VPWR                                                          
VNB                                                           |VNB                                                           
VPB                                                           |VPB                                                           
-----------------------------------------------------------------------------------------------------------------------------
Cell pin lists are equivalent.
Device classes sky130_fd_sc_hd__conb_1 and sky130_fd_sc_hd__conb_1 are equivalent.

Subcircuit summary:
Circuit 1: user_id_programming                                |Circuit 2: user_id_programming                                
--------------------------------------------------------------|--------------------------------------------------------------
sky130_fd_sc_hd__conb_1 (32)                                  |sky130_fd_sc_hd__conb_1 (32)                                  
Number of devices: 32                                         |Number of devices: 32                                         
Number of nets: 66                                            |Number of nets: 66                                            
-----------------------------------------------------------------------------------------------------------------------------
Resolving automorphisms by property value.
Resolving automorphisms by pin name.
Netlists match uniquely.
Circuits match correctly.

Subcircuit pins:
Circuit 1: user_id_programming                                |Circuit 2: user_id_programming                                
--------------------------------------------------------------|--------------------------------------------------------------
mask_rev[18]                                                  |mask_rev[18]                                                  
mask_rev[25]                                                  |mask_rev[25]                                                  
mask_rev[3]                                                   |mask_rev[3]                                                   
mask_rev[27]                                                  |mask_rev[27]                                                  
mask_rev[5]                                                   |mask_rev[5]                                                   
mask_rev[0]                                                   |mask_rev[0]                                                   
mask_rev[29]                                                  |mask_rev[29]                                                  
mask_rev[7]                                                   |mask_rev[7]                                                   
mask_rev[13]                                                  |mask_rev[13]                                                  
mask_rev[20]                                                  |mask_rev[20]                                                  
mask_rev[9]                                                   |mask_rev[9]                                                   
mask_rev[15]                                                  |mask_rev[15]                                                  
mask_rev[22]                                                  |mask_rev[22]                                                  
mask_rev[11]                                                  |mask_rev[11]                                                  
mask_rev[17]                                                  |mask_rev[17]                                                  
mask_rev[24]                                                  |mask_rev[24]                                                  
mask_rev[31]                                                  |mask_rev[31]                                                  
mask_rev[2]                                                   |mask_rev[2]                                                   
mask_rev[19]                                                  |mask_rev[19]                                                  
mask_rev[26]                                                  |mask_rev[26]                                                  
mask_rev[4]                                                   |mask_rev[4]                                                   
mask_rev[10]                                                  |mask_rev[10]                                                  
mask_rev[28]                                                  |mask_rev[28]                                                  
mask_rev[6]                                                   |mask_rev[6]                                                   
mask_rev[12]                                                  |mask_rev[12]                                                  
mask_rev[8]                                                   |mask_rev[8]                                                   
mask_rev[14]                                                  |mask_rev[14]                                                  
mask_rev[21]                                                  |mask_rev[21]                                                  
mask_rev[16]                                                  |mask_rev[16]                                                  
mask_rev[23]                                                  |mask_rev[23]                                                  
mask_rev[30]                                                  |mask_rev[30]                                                  
mask_rev[1]                                                   |mask_rev[1]                                                   
VGND                                                          |VGND                                                          
VPWR                                                          |VPWR                                                          
-----------------------------------------------------------------------------------------------------------------------------
Cell pin lists are equivalent.
Device classes user_id_programming and user_id_programming are equivalent.
Circuits match uniquely.
