Warning: Equate pins:  cell sky130_fd_pr__pfet_g5v0d10v5 has no definition, treated as a black box.
Warning: Equate pins:  cell sky130_fd_pr__pfet_g5v0d10v5 has no definition, treated as a black box.

Subcircuit pins:
Circuit 1: sky130_fd_pr__pfet_g5v0d10v5                       |Circuit 2: sky130_fd_pr__pfet_g5v0d10v5                       
--------------------------------------------------------------|--------------------------------------------------------------
1                                                             |1                                                             
2                                                             |2                                                             
3                                                             |3                                                             
4                                                             |4                                                             
-----------------------------------------------------------------------------------------------------------------------------
Cell pin lists are equivalent.
Device classes sky130_fd_pr__pfet_g5v0d10v5 and sky130_fd_pr__pfet_g5v0d10v5 are equivalent.
Warning: Equate pins:  cell sky130_fd_pr__nfet_g5v0d10v5 has no definition, treated as a black box.
Warning: Equate pins:  cell sky130_fd_pr__nfet_g5v0d10v5 has no definition, treated as a black box.

Subcircuit pins:
Circuit 1: sky130_fd_pr__nfet_g5v0d10v5                       |Circuit 2: sky130_fd_pr__nfet_g5v0d10v5                       
--------------------------------------------------------------|--------------------------------------------------------------
1                                                             |1                                                             
2                                                             |2                                                             
3                                                             |3                                                             
4                                                             |4                                                             
-----------------------------------------------------------------------------------------------------------------------------
Cell pin lists are equivalent.
Device classes sky130_fd_pr__nfet_g5v0d10v5 and sky130_fd_pr__nfet_g5v0d10v5 are equivalent.
Warning: Equate pins:  cell sky130_fd_pr__pfet_01v8_hvt has no definition, treated as a black box.
Warning: Equate pins:  cell sky130_fd_pr__pfet_01v8_hvt has no definition, treated as a black box.

Subcircuit pins:
Circuit 1: sky130_fd_pr__pfet_01v8_hvt                        |Circuit 2: sky130_fd_pr__pfet_01v8_hvt                        
--------------------------------------------------------------|--------------------------------------------------------------
1                                                             |1                                                             
2                                                             |2                                                             
3                                                             |3                                                             
4                                                             |4                                                             
-----------------------------------------------------------------------------------------------------------------------------
Cell pin lists are equivalent.
Device classes sky130_fd_pr__pfet_01v8_hvt and sky130_fd_pr__pfet_01v8_hvt are equivalent.
Warning: Equate pins:  cell sky130_fd_pr__nfet_01v8 has no definition, treated as a black box.
Warning: Equate pins:  cell sky130_fd_pr__nfet_01v8 has no definition, treated as a black box.

Subcircuit pins:
Circuit 1: sky130_fd_pr__nfet_01v8                            |Circuit 2: sky130_fd_pr__nfet_01v8                            
--------------------------------------------------------------|--------------------------------------------------------------
1                                                             |1                                                             
2                                                             |2                                                             
3                                                             |3                                                             
4                                                             |4                                                             
-----------------------------------------------------------------------------------------------------------------------------
Cell pin lists are equivalent.
Device classes sky130_fd_pr__nfet_01v8 and sky130_fd_pr__nfet_01v8 are equivalent.

Cell sky130_fd_sc_hvl__conb_1 disconnected node: VNB
Cell sky130_fd_sc_hvl__conb_1 disconnected node: VPB

Cell sky130_fd_sc_hvl__conb_1 disconnected node: VNB
Cell sky130_fd_sc_hvl__conb_1 disconnected node: VPB

Subcircuit summary:
Circuit 1: sky130_fd_sc_hvl__conb_1                           |Circuit 2: sky130_fd_sc_hvl__conb_1                           
--------------------------------------------------------------|--------------------------------------------------------------
sky130_fd_pr__res_generic_po (2)                              |sky130_fd_pr__res_generic_po (2)                              
Number of devices: 2                                          |Number of devices: 2                                          
Number of nets: 4                                             |Number of nets: 4                                             
-----------------------------------------------------------------------------------------------------------------------------
Resolving automorphisms by property value.
Resolving automorphisms by pin name.
Netlists match uniquely.
Circuits match correctly.

Subcircuit pins:
Circuit 1: sky130_fd_sc_hvl__conb_1                           |Circuit 2: sky130_fd_sc_hvl__conb_1                           
--------------------------------------------------------------|--------------------------------------------------------------
HI                                                            |HI                                                            
VPWR                                                          |VPWR                                                          
VGND                                                          |VGND                                                          
LO                                                            |LO                                                            
VNB                                                           |VNB                                                           
VPB                                                           |VPB                                                           
-----------------------------------------------------------------------------------------------------------------------------
Cell pin lists are equivalent.
Device classes sky130_fd_sc_hvl__conb_1 and sky130_fd_sc_hvl__conb_1 are equivalent.
Class sky130_fd_sc_hvl__lsbufhv2lv_1:  Merged 6 devices.
Class sky130_fd_sc_hvl__lsbufhv2lv_1:  Merged 6 devices.

Subcircuit summary:
Circuit 1: sky130_fd_sc_hvl__lsbufhv2lv_1                     |Circuit 2: sky130_fd_sc_hvl__lsbufhv2lv_1                     
--------------------------------------------------------------|--------------------------------------------------------------
sky130_fd_pr__pfet_g5v0d10v5 (2)                              |sky130_fd_pr__pfet_g5v0d10v5 (2)                              
sky130_fd_pr__nfet_g5v0d10v5 (4)                              |sky130_fd_pr__nfet_g5v0d10v5 (4)                              
sky130_fd_pr__pfet_01v8_hvt (3)                               |sky130_fd_pr__pfet_01v8_hvt (3)                               
sky130_fd_pr__nfet_01v8 (1)                                   |sky130_fd_pr__nfet_01v8 (1)                                   
Number of devices: 10                                         |Number of devices: 10                                         
Number of nets: 11                                            |Number of nets: 11                                            
-----------------------------------------------------------------------------------------------------------------------------
Circuits match uniquely.
Netlists match uniquely.

Subcircuit pins:
Circuit 1: sky130_fd_sc_hvl__lsbufhv2lv_1                     |Circuit 2: sky130_fd_sc_hvl__lsbufhv2lv_1                     
--------------------------------------------------------------|--------------------------------------------------------------
LVPWR                                                         |LVPWR                                                         
VPWR                                                          |VPWR                                                          
VPB                                                           |VPB                                                           
A                                                             |A                                                             
X                                                             |X                                                             
VGND                                                          |VGND                                                          
VNB                                                           |VNB                                                           
-----------------------------------------------------------------------------------------------------------------------------
Cell pin lists are equivalent.
Device classes sky130_fd_sc_hvl__lsbufhv2lv_1 and sky130_fd_sc_hvl__lsbufhv2lv_1 are equivalent.

Subcircuit summary:
Circuit 1: mgmt_protect_hv                                    |Circuit 2: mgmt_protect_hv                                    
--------------------------------------------------------------|--------------------------------------------------------------
sky130_fd_sc_hvl__conb_1 (2)                                  |sky130_fd_sc_hvl__conb_1 (2)                                  
sky130_fd_sc_hvl__lsbufhv2lv_1 (2)                            |sky130_fd_sc_hvl__lsbufhv2lv_1 (2)                            
Number of devices: 4                                          |Number of devices: 4                                          
Number of nets: 12                                            |Number of nets: 12                                            
-----------------------------------------------------------------------------------------------------------------------------
Resolving automorphisms by property value.
Resolving automorphisms by pin name.
Netlists match uniquely.
Circuits match correctly.

Subcircuit pins:
Circuit 1: mgmt_protect_hv                                    |Circuit 2: mgmt_protect_hv                                    
--------------------------------------------------------------|--------------------------------------------------------------
mprj2_vdd_logic1                                              |mprj2_vdd_logic1                                              
mprj_vdd_logic1                                               |mprj_vdd_logic1                                               
vssd                                                          |vssd                                                          
vdda1                                                         |vdda1                                                         
vdda2                                                         |vdda2                                                         
vccd                                                          |vccd                                                          
vssa1                                                         |vssa1                                                         
vssa2                                                         |vssa2                                                         
-----------------------------------------------------------------------------------------------------------------------------
Cell pin lists are equivalent.
Device classes mgmt_protect_hv and mgmt_protect_hv are equivalent.
Circuits match uniquely.
