
===========================================================================
report_checks -unconstrained
===========================================================================
======================= nom_ss_100C_1v60 Corner ===================================

Startpoint: dco (input port clocked by VIRTUAL_CLK)
Endpoint: clockp[1] (output port clocked by VIRTUAL_CLK)
Path Group: VIRTUAL_CLK
Path Type: max

Fanout         Cap        Slew       Delay        Time   Description
---------------------------------------------------------------------------------------------
                      0.000000    0.000000    0.000000   clock VIRTUAL_CLK (rise edge)
                                  0.000000    0.000000   clock network delay (ideal)
                                  3.000000    3.000000 v input external delay
                      0.112486    0.082945    3.082945 v dco (in)
     6    0.025545                                       dco (net)
                      0.112506    0.000000    3.082945 v U127/A (sky130_fd_sc_hd__inv_2)
                      0.054785    0.099601    3.182545 ^ U127/Y (sky130_fd_sc_hd__inv_2)
     1    0.004881                                       n79 (net)
                      0.054786    0.000176    3.182721 ^ U126/A (sky130_fd_sc_hd__nand2_1)
                      0.140703    0.153210    3.335932 v U126/Y (sky130_fd_sc_hd__nand2_1)
     2    0.007556                                       n78 (net)
                      0.140703    0.000205    3.336137 v U123/B (sky130_fd_sc_hd__nand2_1)
                      0.098717    0.160020    3.496157 ^ U123/Y (sky130_fd_sc_hd__nand2_1)
     1    0.004684                                       n76 (net)
                      0.098717    0.000162    3.496319 ^ ringosc_dstage_6__id_delayen1/TE (sky130_fd_sc_hd__einvp_2)
                      0.224690    0.342293    3.838612 ^ ringosc_dstage_6__id_delayen1/Z (sky130_fd_sc_hd__einvp_2)
     1    0.012595                                       ringosc_dstage_6__id_d1 (net)
                      0.224690    0.000257    3.838869 ^ ringosc_dstage_6__id_delayint0/A (sky130_fd_sc_hd__clkinv_1)
                      0.085172    0.093630    3.932499 v ringosc_dstage_6__id_delayint0/Y (sky130_fd_sc_hd__clkinv_1)
     1    0.004788                                       ringosc_dstage_6__id_d2 (net)
                      0.085172    0.000110    3.932609 v ringosc_dstage_6__id_delayen0/A (sky130_fd_sc_hd__einvp_2)
                      0.275770    0.265605    4.198215 ^ ringosc_dstage_6__id_delayen0/Z (sky130_fd_sc_hd__einvp_2)
     1    0.015477                                       ringosc_d[7] (net)
                      0.275770    0.000182    4.198396 ^ ringosc_dstage_7__id_delaybuf0/A (sky130_fd_sc_hd__clkbuf_2)
                      0.279743    0.328211    4.526607 ^ ringosc_dstage_7__id_delaybuf0/X (sky130_fd_sc_hd__clkbuf_2)
     3    0.032467                                       ringosc_dstage_7__id_ts (net)
                      0.279748    0.001101    4.527708 ^ ringosc_dstage_7__id_delaybuf1/A (sky130_fd_sc_hd__clkbuf_1)
                      0.128074    0.284266    4.811975 ^ ringosc_dstage_7__id_delaybuf1/X (sky130_fd_sc_hd__clkbuf_1)
     1    0.005897                                       ringosc_dstage_7__id_d0 (net)
                      0.128074    0.000207    4.812181 ^ ringosc_dstage_7__id_delayen1/A (sky130_fd_sc_hd__einvp_2)
                      0.101851    0.145942    4.958123 v ringosc_dstage_7__id_delayen1/Z (sky130_fd_sc_hd__einvp_2)
     1    0.011263                                       ringosc_dstage_7__id_d1 (net)
                      0.101852    0.000270    4.958394 v ringosc_dstage_7__id_delayint0/A (sky130_fd_sc_hd__clkinv_1)
                      0.058170    0.055440    5.013834 ^ ringosc_dstage_7__id_delayint0/Y (sky130_fd_sc_hd__clkinv_1)
     1    0.005462                                       ringosc_dstage_7__id_d2 (net)
                      0.058171    0.000128    5.013962 ^ ringosc_dstage_7__id_delayen0/A (sky130_fd_sc_hd__einvp_2)
                      0.155633    0.163080    5.177042 v ringosc_dstage_7__id_delayen0/Z (sky130_fd_sc_hd__einvp_2)
     1    0.018146                                       ringosc_d[8] (net)
                      0.155633    0.000276    5.177318 v ringosc_dstage_8__id_delaybuf0/A (sky130_fd_sc_hd__clkbuf_2)
                      0.202922    0.290195    5.467512 v ringosc_dstage_8__id_delaybuf0/X (sky130_fd_sc_hd__clkbuf_2)
     3    0.028416                                       ringosc_dstage_8__id_ts (net)
                      0.202923    0.000374    5.467886 v ringosc_dstage_8__id_delaybuf1/A (sky130_fd_sc_hd__clkbuf_1)
                      0.072837    0.255265    5.723151 v ringosc_dstage_8__id_delaybuf1/X (sky130_fd_sc_hd__clkbuf_1)
     1    0.004989                                       ringosc_dstage_8__id_d0 (net)
                      0.072838    0.000163    5.723313 v ringosc_dstage_8__id_delayen1/A (sky130_fd_sc_hd__einvp_2)
                      0.214721    0.211811    5.935124 ^ ringosc_dstage_8__id_delayen1/Z (sky130_fd_sc_hd__einvp_2)
     1    0.011962                                       ringosc_dstage_8__id_d1 (net)
                      0.214722    0.000242    5.935366 ^ ringosc_dstage_8__id_delayint0/A (sky130_fd_sc_hd__clkinv_1)
                      0.081749    0.090886    6.026252 v ringosc_dstage_8__id_delayint0/Y (sky130_fd_sc_hd__clkinv_1)
     1    0.004544                                       ringosc_dstage_8__id_d2 (net)
                      0.081749    0.000140    6.026392 v ringosc_dstage_8__id_delayen0/A (sky130_fd_sc_hd__einvp_2)
                      0.296147    0.279886    6.306279 ^ ringosc_dstage_8__id_delayen0/Z (sky130_fd_sc_hd__einvp_2)
     1    0.016625                                       ringosc_d[9] (net)
                      0.296147    0.000266    6.306545 ^ ringosc_dstage_9__id_delaybuf0/A (sky130_fd_sc_hd__clkbuf_2)
                      0.317532    0.356186    6.662731 ^ ringosc_dstage_9__id_delaybuf0/X (sky130_fd_sc_hd__clkbuf_2)
     3    0.037129                                       ringosc_dstage_9__id_ts (net)
                      0.317536    0.001012    6.663743 ^ ringosc_dstage_9__id_delaybuf1/A (sky130_fd_sc_hd__clkbuf_1)
                      0.243957    0.383453    7.047196 ^ ringosc_dstage_9__id_delaybuf1/X (sky130_fd_sc_hd__clkbuf_1)
     1    0.012335                                       ringosc_dstage_9__id_d0 (net)
                      0.243959    0.000571    7.047767 ^ ringosc_dstage_9__id_delayen1/A (sky130_fd_sc_hd__einvp_2)
                      0.158431    0.239659    7.287426 v ringosc_dstage_9__id_delayen1/Z (sky130_fd_sc_hd__einvp_2)
     1    0.017488                                       ringosc_dstage_9__id_d1 (net)
                      0.158434    0.000668    7.288095 v ringosc_dstage_9__id_delayint0/A (sky130_fd_sc_hd__clkinv_1)
                      0.101902    0.087732    7.375826 ^ ringosc_dstage_9__id_delayint0/Y (sky130_fd_sc_hd__clkinv_1)
     1    0.010649                                       ringosc_dstage_9__id_d2 (net)
                      0.101905    0.000454    7.376280 ^ ringosc_dstage_9__id_delayen0/A (sky130_fd_sc_hd__einvp_2)
                      0.143689    0.172300    7.548581 v ringosc_dstage_9__id_delayen0/Z (sky130_fd_sc_hd__einvp_2)
     1    0.016664                                       ringosc_d[10] (net)
                      0.143690    0.000347    7.548928 v ringosc_dstage_10__id_delaybuf0/A (sky130_fd_sc_hd__clkbuf_2)
                      0.208632    0.294886    7.843814 v ringosc_dstage_10__id_delaybuf0/X (sky130_fd_sc_hd__clkbuf_2)
     3    0.029298                                       ringosc_dstage_10__id_ts (net)
                      0.208634    0.000612    7.844426 v ringosc_dstage_10__id_delaybuf1/A (sky130_fd_sc_hd__clkbuf_1)
                      0.101613    0.282360    8.126785 v ringosc_dstage_10__id_delaybuf1/X (sky130_fd_sc_hd__clkbuf_1)
     1    0.007768                                       ringosc_dstage_10__id_d0 (net)
                      0.101615    0.000355    8.127141 v ringosc_dstage_10__id_delayen1/A (sky130_fd_sc_hd__einvp_2)
                      0.235494    0.239628    8.366769 ^ ringosc_dstage_10__id_delayen1/Z (sky130_fd_sc_hd__einvp_2)
     1    0.013116                                       ringosc_dstage_10__id_d1 (net)
                      0.235494    0.000284    8.367053 ^ ringosc_dstage_10__id_delayint0/A (sky130_fd_sc_hd__clkinv_1)
                      0.097160    0.103072    8.470125 v ringosc_dstage_10__id_delayint0/Y (sky130_fd_sc_hd__clkinv_1)
     1    0.005639                                       ringosc_dstage_10__id_d2 (net)
                      0.097160    0.000205    8.470330 v ringosc_dstage_10__id_delayen0/A (sky130_fd_sc_hd__einvp_2)
                      0.279026    0.273136    8.743466 ^ ringosc_dstage_10__id_delayen0/Z (sky130_fd_sc_hd__einvp_2)
     1    0.015666                                       ringosc_d[11] (net)
                      0.279026    0.000277    8.743744 ^ ringosc_dstage_11__id_delaybuf0/A (sky130_fd_sc_hd__clkbuf_2)
                      0.257475    0.311977    9.055721 ^ ringosc_dstage_11__id_delaybuf0/X (sky130_fd_sc_hd__clkbuf_2)
     3    0.029719                                       ringosc_dstage_11__id_ts (net)
                      0.257477    0.000672    9.056394 ^ ringosc_dstage_11__id_delaybuf1/A (sky130_fd_sc_hd__clkbuf_1)
                      0.117813    0.270076    9.326469 ^ ringosc_dstage_11__id_delaybuf1/X (sky130_fd_sc_hd__clkbuf_1)
     1    0.005335                                       ringosc_dstage_11__id_d0 (net)
                      0.117813    0.000174    9.326644 ^ ringosc_dstage_11__id_delayen1/A (sky130_fd_sc_hd__einvp_2)
                      0.102378    0.142887    9.469530 v ringosc_dstage_11__id_delayen1/Z (sky130_fd_sc_hd__einvp_2)
     1    0.011440                                       ringosc_dstage_11__id_d1 (net)
                      0.102378    0.000190    9.469721 v ringosc_dstage_11__id_delayint0/A (sky130_fd_sc_hd__clkinv_1)
                      0.066115    0.061361    9.531081 ^ ringosc_dstage_11__id_delayint0/Y (sky130_fd_sc_hd__clkinv_1)
     1    0.006411                                       ringosc_dstage_11__id_d2 (net)
                      0.066116    0.000173    9.531254 ^ ringosc_dstage_11__id_delayen0/A (sky130_fd_sc_hd__einvp_2)
                      0.221358    0.216562    9.747816 v ringosc_dstage_11__id_delayen0/Z (sky130_fd_sc_hd__einvp_2)
     2    0.025660                                       ringosc_d[12] (net)
                      0.221362    0.000871    9.748688 v ringosc_iss_delaybuf0/A (sky130_fd_sc_hd__clkbuf_1)
                      0.067101    0.259520   10.008207 v ringosc_iss_delaybuf0/X (sky130_fd_sc_hd__clkbuf_1)
     1    0.004416                                       ringosc_iss_d0 (net)
                      0.067101    0.000134   10.008341 v ringosc_iss_delayen1/A (sky130_fd_sc_hd__einvp_2)
                      0.212406    0.208057   10.216398 ^ ringosc_iss_delayen1/Z (sky130_fd_sc_hd__einvp_2)
     1    0.011836                                       ringosc_iss_d1 (net)
                      0.212406    0.000229   10.216627 ^ ringosc_iss_delayint0/A (sky130_fd_sc_hd__clkinv_1)
                      0.096582    0.192867   10.409494 v ringosc_iss_delayint0/Y (sky130_fd_sc_hd__clkinv_1)
     1    0.004903                                       ringosc_iss_d2 (net)
                      0.096583    0.000154   10.409648 v ringosc_iss_delayen0/A (sky130_fd_sc_hd__einvp_2)
                      0.404750    0.370172   10.779820 ^ ringosc_iss_delayen0/Z (sky130_fd_sc_hd__einvp_2)
     2    0.022761                                       ringosc_d[0] (net)
                      0.709252    0.000290   10.780109 ^ ringosc_dstage_0__id_delaybuf0/A (sky130_fd_sc_hd__clkbuf_2)
                      0.268135    0.605700   11.385810 ^ ringosc_dstage_0__id_delaybuf0/X (sky130_fd_sc_hd__clkbuf_2)
     3    0.030542                                       ringosc_dstage_0__id_ts (net)
                      0.268137    0.000654   11.386464 ^ ringosc_dstage_0__id_delaybuf1/A (sky130_fd_sc_hd__clkbuf_1)
                      0.129829    0.282316   11.668780 ^ ringosc_dstage_0__id_delaybuf1/X (sky130_fd_sc_hd__clkbuf_1)
     1    0.006001                                       ringosc_dstage_0__id_d0 (net)
                      0.129829    0.000205   11.668985 ^ ringosc_dstage_0__id_delayen1/A (sky130_fd_sc_hd__einvp_2)
                      0.103876    0.143999   11.812984 v ringosc_dstage_0__id_delayen1/Z (sky130_fd_sc_hd__einvp_2)
     1    0.010894                                       ringosc_dstage_0__id_d1 (net)
                      0.103876    0.000204   11.813189 v ringosc_dstage_0__id_delayint0/A (sky130_fd_sc_hd__clkinv_1)
                      0.062804    0.103126   11.916314 ^ ringosc_dstage_0__id_delayint0/Y (sky130_fd_sc_hd__clkinv_1)
     1    0.005377                                       ringosc_dstage_0__id_d2 (net)
                      0.062805    0.000178   11.916492 ^ ringosc_dstage_0__id_delayen0/A (sky130_fd_sc_hd__einvp_2)
                      0.141405    0.152506   12.068998 v ringosc_dstage_0__id_delayen0/Z (sky130_fd_sc_hd__einvp_2)
     1    0.016270                                       ringosc_d[1] (net)
                      0.141406    0.000234   12.069233 v ringosc_dstage_1__id_delaybuf0/A (sky130_fd_sc_hd__clkbuf_2)
                      0.203615    0.359751   12.428985 v ringosc_dstage_1__id_delaybuf0/X (sky130_fd_sc_hd__clkbuf_2)
     3    0.028544                                       ringosc_dstage_1__id_ts (net)
                      0.203617    0.000572   12.429557 v ringosc_dstage_1__id_delaybuf1/A (sky130_fd_sc_hd__clkbuf_1)
                      0.078337    0.260302   12.689858 v ringosc_dstage_1__id_delaybuf1/X (sky130_fd_sc_hd__clkbuf_1)
     1    0.005526                                       ringosc_dstage_1__id_d0 (net)
                      0.078338    0.000191   12.690049 v ringosc_dstage_1__id_delayen1/A (sky130_fd_sc_hd__einvp_2)
                      0.202851    0.204480   12.894529 ^ ringosc_dstage_1__id_delayen1/Z (sky130_fd_sc_hd__einvp_2)
     1    0.011305                                       ringosc_dstage_1__id_d1 (net)
                      0.202851    0.000141   12.894670 ^ ringosc_dstage_1__id_delayint0/A (sky130_fd_sc_hd__clkinv_1)
                      0.089140    0.182000   13.076671 v ringosc_dstage_1__id_delayint0/Y (sky130_fd_sc_hd__clkinv_1)
     1    0.004363                                       ringosc_dstage_1__id_d2 (net)
                      0.089140    0.000090   13.076760 v ringosc_dstage_1__id_delayen0/A (sky130_fd_sc_hd__einvp_2)
                      0.284988    0.274373   13.351134 ^ ringosc_dstage_1__id_delayen0/Z (sky130_fd_sc_hd__einvp_2)
     1    0.015999                                       ringosc_d[2] (net)
                      0.284988    0.000278   13.351412 ^ ringosc_dstage_2__id_delaybuf0/A (sky130_fd_sc_hd__clkbuf_2)
                      0.267302    0.448780   13.800192 ^ ringosc_dstage_2__id_delaybuf0/X (sky130_fd_sc_hd__clkbuf_2)
     3    0.030812                                       ringosc_dstage_2__id_ts (net)
                      0.267303    0.000629   13.800820 ^ ringosc_dstage_2__id_delaybuf1/A (sky130_fd_sc_hd__clkbuf_1)
                      0.115542    0.271152   14.071973 ^ ringosc_dstage_2__id_delaybuf1/X (sky130_fd_sc_hd__clkbuf_1)
     1    0.005202                                       ringosc_dstage_2__id_d0 (net)
                      0.115542    0.000119   14.072091 ^ ringosc_dstage_2__id_delayen1/A (sky130_fd_sc_hd__einvp_2)
                      0.132116    0.144315   14.216406 v ringosc_dstage_2__id_delayen1/Z (sky130_fd_sc_hd__einvp_2)
     1    0.011773                                       ringosc_dstage_2__id_d1 (net)
                      0.132116    0.000241   14.216647 v ringosc_dstage_2__id_delayint0/A (sky130_fd_sc_hd__clkinv_1)
                      0.063816    0.111442   14.328089 ^ ringosc_dstage_2__id_delayint0/Y (sky130_fd_sc_hd__clkinv_1)
     1    0.004794                                       ringosc_dstage_2__id_d2 (net)
                      0.063816    0.000146   14.328234 ^ ringosc_dstage_2__id_delayen0/A (sky130_fd_sc_hd__einvp_2)
                      0.139121    0.151232   14.479466 v ringosc_dstage_2__id_delayen0/Z (sky130_fd_sc_hd__einvp_2)
     1    0.016017                                       ringosc_d[3] (net)
                      0.139122    0.000368   14.479834 v ringosc_dstage_3__id_delaybuf0/A (sky130_fd_sc_hd__clkbuf_2)
                      0.195820    0.352756   14.832590 v ringosc_dstage_3__id_delaybuf0/X (sky130_fd_sc_hd__clkbuf_2)
     3    0.027362                                       ringosc_dstage_3__id_ts (net)
                      0.195822    0.000559   14.833148 v ringosc_dstage_3__id_delaybuf1/A (sky130_fd_sc_hd__clkbuf_1)
                      0.078452    0.256527   15.089676 v ringosc_dstage_3__id_delaybuf1/X (sky130_fd_sc_hd__clkbuf_1)
     1    0.005541                                       ringosc_dstage_3__id_d0 (net)
                      0.078453    0.000147   15.089823 v ringosc_dstage_3__id_delayen1/A (sky130_fd_sc_hd__einvp_2)
                      0.232527    0.227690   15.317513 ^ ringosc_dstage_3__id_delayen1/Z (sky130_fd_sc_hd__einvp_2)
     1    0.012946                                       ringosc_dstage_3__id_d1 (net)
                      0.232528    0.000259   15.317772 ^ ringosc_dstage_3__id_delayint0/A (sky130_fd_sc_hd__clkinv_1)
                      0.110440    0.211735   15.529507 v ringosc_dstage_3__id_delayint0/Y (sky130_fd_sc_hd__clkinv_1)
     1    0.005792                                       ringosc_dstage_3__id_d2 (net)
                      0.110440    0.000195   15.529702 v ringosc_dstage_3__id_delayen0/A (sky130_fd_sc_hd__einvp_2)
                      0.265867    0.268365   15.798067 ^ ringosc_dstage_3__id_delayen0/Z (sky130_fd_sc_hd__einvp_2)
     1    0.014916                                       ringosc_d[4] (net)
                      0.265867    0.000163   15.798231 ^ ringosc_dstage_4__id_delaybuf0/A (sky130_fd_sc_hd__clkbuf_2)
                      0.264981    0.439684   16.237915 ^ ringosc_dstage_4__id_delaybuf0/X (sky130_fd_sc_hd__clkbuf_2)
     3    0.030546                                       ringosc_dstage_4__id_ts (net)
                      0.264983    0.000737   16.238651 ^ ringosc_dstage_4__id_delaybuf1/A (sky130_fd_sc_hd__clkbuf_1)
                      0.123816    0.276815   16.515467 ^ ringosc_dstage_4__id_delaybuf1/X (sky130_fd_sc_hd__clkbuf_1)
     1    0.005667                                       ringosc_dstage_4__id_d0 (net)
                      0.123816    0.000190   16.515657 ^ ringosc_dstage_4__id_delayen1/A (sky130_fd_sc_hd__einvp_2)
                      0.107062    0.147944   16.663601 v ringosc_dstage_4__id_delayen1/Z (sky130_fd_sc_hd__einvp_2)
     1    0.011786                                       ringosc_dstage_4__id_d1 (net)
                      0.107063    0.000284   16.663885 v ringosc_dstage_4__id_delayint0/A (sky130_fd_sc_hd__clkinv_1)
                      0.058584    0.100458   16.764343 ^ ringosc_dstage_4__id_delayint0/Y (sky130_fd_sc_hd__clkinv_1)
     1    0.004758                                       ringosc_dstage_4__id_d2 (net)
                      0.058584    0.000098   16.764441 ^ ringosc_dstage_4__id_delayen0/A (sky130_fd_sc_hd__einvp_2)
                      0.138615    0.148246   16.912687 v ringosc_dstage_4__id_delayen0/Z (sky130_fd_sc_hd__einvp_2)
     1    0.015908                                       ringosc_d[5] (net)
                      0.138616    0.000338   16.913025 v ringosc_dstage_5__id_delaybuf0/A (sky130_fd_sc_hd__clkbuf_2)
                      0.201912    0.357229   17.270254 v ringosc_dstage_5__id_delaybuf0/X (sky130_fd_sc_hd__clkbuf_2)
     3    0.028292                                       ringosc_dstage_5__id_ts (net)
                      0.201915    0.000584   17.270838 v ringosc_dstage_5__id_delaybuf1/A (sky130_fd_sc_hd__clkbuf_1)
                      0.068672    0.251214   17.522053 v ringosc_dstage_5__id_delaybuf1/X (sky130_fd_sc_hd__clkbuf_1)
     1    0.004580                                       ringosc_dstage_5__id_d0 (net)
                      0.068672    0.000098   17.522150 v ringosc_dstage_5__id_delayen1/A (sky130_fd_sc_hd__einvp_2)
                      0.215044    0.210594   17.732744 ^ ringosc_dstage_5__id_delayen1/Z (sky130_fd_sc_hd__einvp_2)
     1    0.011980                                       ringosc_dstage_5__id_d1 (net)
                      0.215044    0.000307   17.733051 ^ ringosc_dstage_5__id_delayint0/A (sky130_fd_sc_hd__clkinv_1)
                      0.095937    0.193431   17.926481 v ringosc_dstage_5__id_delayint0/Y (sky130_fd_sc_hd__clkinv_1)
     1    0.004839                                       ringosc_dstage_5__id_d2 (net)
                      0.095938    0.000158   17.926640 v ringosc_dstage_5__id_delayen0/A (sky130_fd_sc_hd__einvp_2)
                      0.450531    0.405223   18.331863 ^ ringosc_dstage_5__id_delayen0/Z (sky130_fd_sc_hd__einvp_2)
     2    0.025346                                       ringosc_d[6] (net)
                      0.450532    0.000682   18.332544 ^ ringosc_ibufp10/A (sky130_fd_sc_hd__clkinv_2)
                      0.185846    0.342334   18.674879 v ringosc_ibufp10/Y (sky130_fd_sc_hd__clkinv_2)
     1    0.019305                                       ringosc_c[1] (net)
                      0.185848    0.000595   18.675474 v ringosc_ibufp11/A (sky130_fd_sc_hd__clkinv_8)
                      0.347767    0.360492   19.035967 ^ ringosc_ibufp11/Y (sky130_fd_sc_hd__clkinv_8)
     1    0.205925                                       clockp[1] (net)
                      0.348128    0.009770   19.045736 ^ clockp[1] (out)
                                             19.045736   data arrival time

                      0.000000   20.000000   20.000000   clock VIRTUAL_CLK (rise edge)
                                  0.000000   20.000000   clock network delay (ideal)
                                  0.000000   20.000000   clock reconvergence pessimism
                                 -3.000000   17.000000   output external delay
                                             17.000000   data required time
---------------------------------------------------------------------------------------------
                                             17.000000   data required time
                                            -19.045736   data arrival time
---------------------------------------------------------------------------------------------
                                             -2.045736   slack (VIOLATED)


Startpoint: dll_control_count0_reg_1_
            (rising edge-triggered flip-flop clocked by dll_control_clock)
Endpoint: dll_control_tval_reg_6_
          (rising edge-triggered flip-flop clocked by dll_control_clock)
Path Group: dll_control_clock
Path Type: max

Fanout         Cap        Slew       Delay        Time   Description
---------------------------------------------------------------------------------------------
                                  0.000000    0.000000   clock dll_control_clock (rise edge)
                                  0.000000    0.000000   clock source latency
                      0.468709    0.000000    0.000000 ^ ringosc_ibufp01/Y (sky130_fd_sc_hd__clkinv_8)
    24    0.278390                                       clockp[0] (net)
                      0.471107    0.028947    0.028947 ^ dll_control_count0_reg_1_/CLK (sky130_fd_sc_hd__dfrtp_2)
                      0.159215    1.137104    1.166051 v dll_control_count0_reg_1_/Q (sky130_fd_sc_hd__dfrtp_2)
     5    0.022014                                       dll_control_count0[1] (net)
                      0.159219    0.000627    1.166678 v U229/CIN (sky130_fd_sc_hd__fa_1)
                      0.209599    1.151336    2.318014 v U229/SUM (sky130_fd_sc_hd__fa_1)
     2    0.008894                                       n129 (net)
                      0.209599    0.000172    2.318187 v U226/B (sky130_fd_sc_hd__xnor2_1)
                      0.134612    0.318828    2.637014 v U226/Y (sky130_fd_sc_hd__xnor2_1)
     2    0.005837                                       n153 (net)
                      0.134612    0.000150    2.637164 v U228/A2 (sky130_fd_sc_hd__o21ai_1)
                      0.188143    0.248002    2.885166 ^ U228/Y (sky130_fd_sc_hd__o21ai_1)
     1    0.003714                                       n137 (net)
                      0.188143    0.000119    2.885286 ^ U233/A1 (sky130_fd_sc_hd__a21oi_1)
                      0.100089    0.177823    3.063109 v U233/Y (sky130_fd_sc_hd__a21oi_1)
     1    0.002936                                       n141 (net)
                      0.100089    0.000090    3.063199 v U235/A2 (sky130_fd_sc_hd__o21ai_1)
                      0.192850    0.237008    3.300207 ^ U235/Y (sky130_fd_sc_hd__o21ai_1)
     1    0.003891                                       n147 (net)
                      0.192850    0.000127    3.300334 ^ U240/A1 (sky130_fd_sc_hd__a21oi_1)
                      0.127841    0.205172    3.505506 v U240/Y (sky130_fd_sc_hd__a21oi_1)
     1    0.004936                                       n148 (net)
                      0.127841    0.000158    3.505665 v U241/B (sky130_fd_sc_hd__nand2b_2)
                      0.158785    0.204477    3.710141 ^ U241/Y (sky130_fd_sc_hd__nand2b_2)
     2    0.016780                                       n165 (net)
                      0.158789    0.000648    3.710789 ^ U138/A (sky130_fd_sc_hd__clkinv_4)
                      0.165721    0.219544    3.930333 v U138/Y (sky130_fd_sc_hd__clkinv_4)
    13    0.044998                                       n202 (net)
                      0.165729    0.001007    3.931339 v U267/B (sky130_fd_sc_hd__nor2_1)
                      0.377034    0.385144    4.316484 ^ U267/Y (sky130_fd_sc_hd__nor2_1)
     2    0.011851                                       n183 (net)
                      0.377034    0.000268    4.316752 ^ U269/A2 (sky130_fd_sc_hd__o21ai_2)
                      0.139249    0.266741    4.583493 v U269/Y (sky130_fd_sc_hd__o21ai_2)
     2    0.012736                                       n192 (net)
                      0.139251    0.000422    4.583915 v U273/A2 (sky130_fd_sc_hd__a21oi_2)
                      0.292444    0.382971    4.966885 ^ U273/Y (sky130_fd_sc_hd__a21oi_2)
     3    0.012773                                       n211 (net)
                      0.292444    0.000312    4.967197 ^ U307/A2 (sky130_fd_sc_hd__o21ai_1)
                      0.134943    0.237371    5.204568 v U307/Y (sky130_fd_sc_hd__o21ai_1)
     1    0.005800                                       n213 (net)
                      0.134944    0.000198    5.204766 v U308/B (sky130_fd_sc_hd__xnor2_1)
                      0.245227    0.298846    5.503612 ^ U308/Y (sky130_fd_sc_hd__xnor2_1)
     1    0.004630                                       n215 (net)
                      0.245227    0.000152    5.503764 ^ U309/A (sky130_fd_sc_hd__nand2_1)
                      0.099794    0.183666    5.687430 v U309/Y (sky130_fd_sc_hd__nand2_1)
     1    0.003661                                       n216 (net)
                      0.099794    0.000118    5.687548 v U310/B1 (sky130_fd_sc_hd__o21ai_1)
                      0.159526    0.138519    5.826068 ^ U310/Y (sky130_fd_sc_hd__o21ai_1)
     1    0.002670                                       n72 (net)
                      0.159526    0.000060    5.826128 ^ dll_control_tval_reg_6_/D (sky130_fd_sc_hd__dfrtp_4)
                                              5.826128   data arrival time

                                  4.670000    4.670000   clock dll_control_clock (rise edge)
                                  0.000000    4.670000   clock source latency
                      0.468709    0.000000    4.670000 ^ ringosc_ibufp01/Y (sky130_fd_sc_hd__clkinv_8)
    24    0.278390                                       clockp[0] (net)
                      0.471497    0.028137    4.698138 ^ dll_control_tval_reg_6_/CLK (sky130_fd_sc_hd__dfrtp_4)
                                 -0.100000    4.598137   clock uncertainty
                                  0.000000    4.598137   clock reconvergence pessimism
                                 -0.088218    4.509919   library setup time
                                              4.509919   data required time
---------------------------------------------------------------------------------------------
                                              4.509919   data required time
                                             -5.826128   data arrival time
---------------------------------------------------------------------------------------------
                                             -1.316208   slack (VIOLATED)




===========================================================================
report_checks --slack_max -0.01
============================================================================
======================= nom_ss_100C_1v60 Corner ===================================

Startpoint: dco (input port clocked by VIRTUAL_CLK)
Endpoint: clockp[1] (output port clocked by VIRTUAL_CLK)
Path Group: VIRTUAL_CLK
Path Type: max

Fanout         Cap        Slew       Delay        Time   Description
---------------------------------------------------------------------------------------------
                      0.000000    0.000000    0.000000   clock VIRTUAL_CLK (rise edge)
                                  0.000000    0.000000   clock network delay (ideal)
                                  3.000000    3.000000 v input external delay
                      0.112486    0.082945    3.082945 v dco (in)
     6    0.025545                                       dco (net)
                      0.112506    0.000000    3.082945 v U127/A (sky130_fd_sc_hd__inv_2)
                      0.054785    0.099601    3.182545 ^ U127/Y (sky130_fd_sc_hd__inv_2)
     1    0.004881                                       n79 (net)
                      0.054786    0.000176    3.182721 ^ U126/A (sky130_fd_sc_hd__nand2_1)
                      0.140703    0.153210    3.335932 v U126/Y (sky130_fd_sc_hd__nand2_1)
     2    0.007556                                       n78 (net)
                      0.140703    0.000205    3.336137 v U123/B (sky130_fd_sc_hd__nand2_1)
                      0.098717    0.160020    3.496157 ^ U123/Y (sky130_fd_sc_hd__nand2_1)
     1    0.004684                                       n76 (net)
                      0.098717    0.000162    3.496319 ^ ringosc_dstage_6__id_delayen1/TE (sky130_fd_sc_hd__einvp_2)
                      0.224690    0.342293    3.838612 ^ ringosc_dstage_6__id_delayen1/Z (sky130_fd_sc_hd__einvp_2)
     1    0.012595                                       ringosc_dstage_6__id_d1 (net)
                      0.224690    0.000257    3.838869 ^ ringosc_dstage_6__id_delayint0/A (sky130_fd_sc_hd__clkinv_1)
                      0.085172    0.093630    3.932499 v ringosc_dstage_6__id_delayint0/Y (sky130_fd_sc_hd__clkinv_1)
     1    0.004788                                       ringosc_dstage_6__id_d2 (net)
                      0.085172    0.000110    3.932609 v ringosc_dstage_6__id_delayen0/A (sky130_fd_sc_hd__einvp_2)
                      0.275770    0.265605    4.198215 ^ ringosc_dstage_6__id_delayen0/Z (sky130_fd_sc_hd__einvp_2)
     1    0.015477                                       ringosc_d[7] (net)
                      0.275770    0.000182    4.198396 ^ ringosc_dstage_7__id_delaybuf0/A (sky130_fd_sc_hd__clkbuf_2)
                      0.279743    0.328211    4.526607 ^ ringosc_dstage_7__id_delaybuf0/X (sky130_fd_sc_hd__clkbuf_2)
     3    0.032467                                       ringosc_dstage_7__id_ts (net)
                      0.279748    0.001101    4.527708 ^ ringosc_dstage_7__id_delaybuf1/A (sky130_fd_sc_hd__clkbuf_1)
                      0.128074    0.284266    4.811975 ^ ringosc_dstage_7__id_delaybuf1/X (sky130_fd_sc_hd__clkbuf_1)
     1    0.005897                                       ringosc_dstage_7__id_d0 (net)
                      0.128074    0.000207    4.812181 ^ ringosc_dstage_7__id_delayen1/A (sky130_fd_sc_hd__einvp_2)
                      0.101851    0.145942    4.958123 v ringosc_dstage_7__id_delayen1/Z (sky130_fd_sc_hd__einvp_2)
     1    0.011263                                       ringosc_dstage_7__id_d1 (net)
                      0.101852    0.000270    4.958394 v ringosc_dstage_7__id_delayint0/A (sky130_fd_sc_hd__clkinv_1)
                      0.058170    0.055440    5.013834 ^ ringosc_dstage_7__id_delayint0/Y (sky130_fd_sc_hd__clkinv_1)
     1    0.005462                                       ringosc_dstage_7__id_d2 (net)
                      0.058171    0.000128    5.013962 ^ ringosc_dstage_7__id_delayen0/A (sky130_fd_sc_hd__einvp_2)
                      0.155633    0.163080    5.177042 v ringosc_dstage_7__id_delayen0/Z (sky130_fd_sc_hd__einvp_2)
     1    0.018146                                       ringosc_d[8] (net)
                      0.155633    0.000276    5.177318 v ringosc_dstage_8__id_delaybuf0/A (sky130_fd_sc_hd__clkbuf_2)
                      0.202922    0.290195    5.467512 v ringosc_dstage_8__id_delaybuf0/X (sky130_fd_sc_hd__clkbuf_2)
     3    0.028416                                       ringosc_dstage_8__id_ts (net)
                      0.202923    0.000374    5.467886 v ringosc_dstage_8__id_delaybuf1/A (sky130_fd_sc_hd__clkbuf_1)
                      0.072837    0.255265    5.723151 v ringosc_dstage_8__id_delaybuf1/X (sky130_fd_sc_hd__clkbuf_1)
     1    0.004989                                       ringosc_dstage_8__id_d0 (net)
                      0.072838    0.000163    5.723313 v ringosc_dstage_8__id_delayen1/A (sky130_fd_sc_hd__einvp_2)
                      0.214721    0.211811    5.935124 ^ ringosc_dstage_8__id_delayen1/Z (sky130_fd_sc_hd__einvp_2)
     1    0.011962                                       ringosc_dstage_8__id_d1 (net)
                      0.214722    0.000242    5.935366 ^ ringosc_dstage_8__id_delayint0/A (sky130_fd_sc_hd__clkinv_1)
                      0.081749    0.090886    6.026252 v ringosc_dstage_8__id_delayint0/Y (sky130_fd_sc_hd__clkinv_1)
     1    0.004544                                       ringosc_dstage_8__id_d2 (net)
                      0.081749    0.000140    6.026392 v ringosc_dstage_8__id_delayen0/A (sky130_fd_sc_hd__einvp_2)
                      0.296147    0.279886    6.306279 ^ ringosc_dstage_8__id_delayen0/Z (sky130_fd_sc_hd__einvp_2)
     1    0.016625                                       ringosc_d[9] (net)
                      0.296147    0.000266    6.306545 ^ ringosc_dstage_9__id_delaybuf0/A (sky130_fd_sc_hd__clkbuf_2)
                      0.317532    0.356186    6.662731 ^ ringosc_dstage_9__id_delaybuf0/X (sky130_fd_sc_hd__clkbuf_2)
     3    0.037129                                       ringosc_dstage_9__id_ts (net)
                      0.317536    0.001012    6.663743 ^ ringosc_dstage_9__id_delaybuf1/A (sky130_fd_sc_hd__clkbuf_1)
                      0.243957    0.383453    7.047196 ^ ringosc_dstage_9__id_delaybuf1/X (sky130_fd_sc_hd__clkbuf_1)
     1    0.012335                                       ringosc_dstage_9__id_d0 (net)
                      0.243959    0.000571    7.047767 ^ ringosc_dstage_9__id_delayen1/A (sky130_fd_sc_hd__einvp_2)
                      0.158431    0.239659    7.287426 v ringosc_dstage_9__id_delayen1/Z (sky130_fd_sc_hd__einvp_2)
     1    0.017488                                       ringosc_dstage_9__id_d1 (net)
                      0.158434    0.000668    7.288095 v ringosc_dstage_9__id_delayint0/A (sky130_fd_sc_hd__clkinv_1)
                      0.101902    0.087732    7.375826 ^ ringosc_dstage_9__id_delayint0/Y (sky130_fd_sc_hd__clkinv_1)
     1    0.010649                                       ringosc_dstage_9__id_d2 (net)
                      0.101905    0.000454    7.376280 ^ ringosc_dstage_9__id_delayen0/A (sky130_fd_sc_hd__einvp_2)
                      0.143689    0.172300    7.548581 v ringosc_dstage_9__id_delayen0/Z (sky130_fd_sc_hd__einvp_2)
     1    0.016664                                       ringosc_d[10] (net)
                      0.143690    0.000347    7.548928 v ringosc_dstage_10__id_delaybuf0/A (sky130_fd_sc_hd__clkbuf_2)
                      0.208632    0.294886    7.843814 v ringosc_dstage_10__id_delaybuf0/X (sky130_fd_sc_hd__clkbuf_2)
     3    0.029298                                       ringosc_dstage_10__id_ts (net)
                      0.208634    0.000612    7.844426 v ringosc_dstage_10__id_delaybuf1/A (sky130_fd_sc_hd__clkbuf_1)
                      0.101613    0.282360    8.126785 v ringosc_dstage_10__id_delaybuf1/X (sky130_fd_sc_hd__clkbuf_1)
     1    0.007768                                       ringosc_dstage_10__id_d0 (net)
                      0.101615    0.000355    8.127141 v ringosc_dstage_10__id_delayen1/A (sky130_fd_sc_hd__einvp_2)
                      0.235494    0.239628    8.366769 ^ ringosc_dstage_10__id_delayen1/Z (sky130_fd_sc_hd__einvp_2)
     1    0.013116                                       ringosc_dstage_10__id_d1 (net)
                      0.235494    0.000284    8.367053 ^ ringosc_dstage_10__id_delayint0/A (sky130_fd_sc_hd__clkinv_1)
                      0.097160    0.103072    8.470125 v ringosc_dstage_10__id_delayint0/Y (sky130_fd_sc_hd__clkinv_1)
     1    0.005639                                       ringosc_dstage_10__id_d2 (net)
                      0.097160    0.000205    8.470330 v ringosc_dstage_10__id_delayen0/A (sky130_fd_sc_hd__einvp_2)
                      0.279026    0.273136    8.743466 ^ ringosc_dstage_10__id_delayen0/Z (sky130_fd_sc_hd__einvp_2)
     1    0.015666                                       ringosc_d[11] (net)
                      0.279026    0.000277    8.743744 ^ ringosc_dstage_11__id_delaybuf0/A (sky130_fd_sc_hd__clkbuf_2)
                      0.257475    0.311977    9.055721 ^ ringosc_dstage_11__id_delaybuf0/X (sky130_fd_sc_hd__clkbuf_2)
     3    0.029719                                       ringosc_dstage_11__id_ts (net)
                      0.257477    0.000672    9.056394 ^ ringosc_dstage_11__id_delaybuf1/A (sky130_fd_sc_hd__clkbuf_1)
                      0.117813    0.270076    9.326469 ^ ringosc_dstage_11__id_delaybuf1/X (sky130_fd_sc_hd__clkbuf_1)
     1    0.005335                                       ringosc_dstage_11__id_d0 (net)
                      0.117813    0.000174    9.326644 ^ ringosc_dstage_11__id_delayen1/A (sky130_fd_sc_hd__einvp_2)
                      0.102378    0.142887    9.469530 v ringosc_dstage_11__id_delayen1/Z (sky130_fd_sc_hd__einvp_2)
     1    0.011440                                       ringosc_dstage_11__id_d1 (net)
                      0.102378    0.000190    9.469721 v ringosc_dstage_11__id_delayint0/A (sky130_fd_sc_hd__clkinv_1)
                      0.066115    0.061361    9.531081 ^ ringosc_dstage_11__id_delayint0/Y (sky130_fd_sc_hd__clkinv_1)
     1    0.006411                                       ringosc_dstage_11__id_d2 (net)
                      0.066116    0.000173    9.531254 ^ ringosc_dstage_11__id_delayen0/A (sky130_fd_sc_hd__einvp_2)
                      0.221358    0.216562    9.747816 v ringosc_dstage_11__id_delayen0/Z (sky130_fd_sc_hd__einvp_2)
     2    0.025660                                       ringosc_d[12] (net)
                      0.221362    0.000871    9.748688 v ringosc_iss_delaybuf0/A (sky130_fd_sc_hd__clkbuf_1)
                      0.067101    0.259520   10.008207 v ringosc_iss_delaybuf0/X (sky130_fd_sc_hd__clkbuf_1)
     1    0.004416                                       ringosc_iss_d0 (net)
                      0.067101    0.000134   10.008341 v ringosc_iss_delayen1/A (sky130_fd_sc_hd__einvp_2)
                      0.212406    0.208057   10.216398 ^ ringosc_iss_delayen1/Z (sky130_fd_sc_hd__einvp_2)
     1    0.011836                                       ringosc_iss_d1 (net)
                      0.212406    0.000229   10.216627 ^ ringosc_iss_delayint0/A (sky130_fd_sc_hd__clkinv_1)
                      0.096582    0.192867   10.409494 v ringosc_iss_delayint0/Y (sky130_fd_sc_hd__clkinv_1)
     1    0.004903                                       ringosc_iss_d2 (net)
                      0.096583    0.000154   10.409648 v ringosc_iss_delayen0/A (sky130_fd_sc_hd__einvp_2)
                      0.404750    0.370172   10.779820 ^ ringosc_iss_delayen0/Z (sky130_fd_sc_hd__einvp_2)
     2    0.022761                                       ringosc_d[0] (net)
                      0.709252    0.000290   10.780109 ^ ringosc_dstage_0__id_delaybuf0/A (sky130_fd_sc_hd__clkbuf_2)
                      0.268135    0.605700   11.385810 ^ ringosc_dstage_0__id_delaybuf0/X (sky130_fd_sc_hd__clkbuf_2)
     3    0.030542                                       ringosc_dstage_0__id_ts (net)
                      0.268137    0.000654   11.386464 ^ ringosc_dstage_0__id_delaybuf1/A (sky130_fd_sc_hd__clkbuf_1)
                      0.129829    0.282316   11.668780 ^ ringosc_dstage_0__id_delaybuf1/X (sky130_fd_sc_hd__clkbuf_1)
     1    0.006001                                       ringosc_dstage_0__id_d0 (net)
                      0.129829    0.000205   11.668985 ^ ringosc_dstage_0__id_delayen1/A (sky130_fd_sc_hd__einvp_2)
                      0.103876    0.143999   11.812984 v ringosc_dstage_0__id_delayen1/Z (sky130_fd_sc_hd__einvp_2)
     1    0.010894                                       ringosc_dstage_0__id_d1 (net)
                      0.103876    0.000204   11.813189 v ringosc_dstage_0__id_delayint0/A (sky130_fd_sc_hd__clkinv_1)
                      0.062804    0.103126   11.916314 ^ ringosc_dstage_0__id_delayint0/Y (sky130_fd_sc_hd__clkinv_1)
     1    0.005377                                       ringosc_dstage_0__id_d2 (net)
                      0.062805    0.000178   11.916492 ^ ringosc_dstage_0__id_delayen0/A (sky130_fd_sc_hd__einvp_2)
                      0.141405    0.152506   12.068998 v ringosc_dstage_0__id_delayen0/Z (sky130_fd_sc_hd__einvp_2)
     1    0.016270                                       ringosc_d[1] (net)
                      0.141406    0.000234   12.069233 v ringosc_dstage_1__id_delaybuf0/A (sky130_fd_sc_hd__clkbuf_2)
                      0.203615    0.359751   12.428985 v ringosc_dstage_1__id_delaybuf0/X (sky130_fd_sc_hd__clkbuf_2)
     3    0.028544                                       ringosc_dstage_1__id_ts (net)
                      0.203617    0.000572   12.429557 v ringosc_dstage_1__id_delaybuf1/A (sky130_fd_sc_hd__clkbuf_1)
                      0.078337    0.260302   12.689858 v ringosc_dstage_1__id_delaybuf1/X (sky130_fd_sc_hd__clkbuf_1)
     1    0.005526                                       ringosc_dstage_1__id_d0 (net)
                      0.078338    0.000191   12.690049 v ringosc_dstage_1__id_delayen1/A (sky130_fd_sc_hd__einvp_2)
                      0.202851    0.204480   12.894529 ^ ringosc_dstage_1__id_delayen1/Z (sky130_fd_sc_hd__einvp_2)
     1    0.011305                                       ringosc_dstage_1__id_d1 (net)
                      0.202851    0.000141   12.894670 ^ ringosc_dstage_1__id_delayint0/A (sky130_fd_sc_hd__clkinv_1)
                      0.089140    0.182000   13.076671 v ringosc_dstage_1__id_delayint0/Y (sky130_fd_sc_hd__clkinv_1)
     1    0.004363                                       ringosc_dstage_1__id_d2 (net)
                      0.089140    0.000090   13.076760 v ringosc_dstage_1__id_delayen0/A (sky130_fd_sc_hd__einvp_2)
                      0.284988    0.274373   13.351134 ^ ringosc_dstage_1__id_delayen0/Z (sky130_fd_sc_hd__einvp_2)
     1    0.015999                                       ringosc_d[2] (net)
                      0.284988    0.000278   13.351412 ^ ringosc_dstage_2__id_delaybuf0/A (sky130_fd_sc_hd__clkbuf_2)
                      0.267302    0.448780   13.800192 ^ ringosc_dstage_2__id_delaybuf0/X (sky130_fd_sc_hd__clkbuf_2)
     3    0.030812                                       ringosc_dstage_2__id_ts (net)
                      0.267303    0.000629   13.800820 ^ ringosc_dstage_2__id_delaybuf1/A (sky130_fd_sc_hd__clkbuf_1)
                      0.115542    0.271152   14.071973 ^ ringosc_dstage_2__id_delaybuf1/X (sky130_fd_sc_hd__clkbuf_1)
     1    0.005202                                       ringosc_dstage_2__id_d0 (net)
                      0.115542    0.000119   14.072091 ^ ringosc_dstage_2__id_delayen1/A (sky130_fd_sc_hd__einvp_2)
                      0.132116    0.144315   14.216406 v ringosc_dstage_2__id_delayen1/Z (sky130_fd_sc_hd__einvp_2)
     1    0.011773                                       ringosc_dstage_2__id_d1 (net)
                      0.132116    0.000241   14.216647 v ringosc_dstage_2__id_delayint0/A (sky130_fd_sc_hd__clkinv_1)
                      0.063816    0.111442   14.328089 ^ ringosc_dstage_2__id_delayint0/Y (sky130_fd_sc_hd__clkinv_1)
     1    0.004794                                       ringosc_dstage_2__id_d2 (net)
                      0.063816    0.000146   14.328234 ^ ringosc_dstage_2__id_delayen0/A (sky130_fd_sc_hd__einvp_2)
                      0.139121    0.151232   14.479466 v ringosc_dstage_2__id_delayen0/Z (sky130_fd_sc_hd__einvp_2)
     1    0.016017                                       ringosc_d[3] (net)
                      0.139122    0.000368   14.479834 v ringosc_dstage_3__id_delaybuf0/A (sky130_fd_sc_hd__clkbuf_2)
                      0.195820    0.352756   14.832590 v ringosc_dstage_3__id_delaybuf0/X (sky130_fd_sc_hd__clkbuf_2)
     3    0.027362                                       ringosc_dstage_3__id_ts (net)
                      0.195822    0.000559   14.833148 v ringosc_dstage_3__id_delaybuf1/A (sky130_fd_sc_hd__clkbuf_1)
                      0.078452    0.256527   15.089676 v ringosc_dstage_3__id_delaybuf1/X (sky130_fd_sc_hd__clkbuf_1)
     1    0.005541                                       ringosc_dstage_3__id_d0 (net)
                      0.078453    0.000147   15.089823 v ringosc_dstage_3__id_delayen1/A (sky130_fd_sc_hd__einvp_2)
                      0.232527    0.227690   15.317513 ^ ringosc_dstage_3__id_delayen1/Z (sky130_fd_sc_hd__einvp_2)
     1    0.012946                                       ringosc_dstage_3__id_d1 (net)
                      0.232528    0.000259   15.317772 ^ ringosc_dstage_3__id_delayint0/A (sky130_fd_sc_hd__clkinv_1)
                      0.110440    0.211735   15.529507 v ringosc_dstage_3__id_delayint0/Y (sky130_fd_sc_hd__clkinv_1)
     1    0.005792                                       ringosc_dstage_3__id_d2 (net)
                      0.110440    0.000195   15.529702 v ringosc_dstage_3__id_delayen0/A (sky130_fd_sc_hd__einvp_2)
                      0.265867    0.268365   15.798067 ^ ringosc_dstage_3__id_delayen0/Z (sky130_fd_sc_hd__einvp_2)
     1    0.014916                                       ringosc_d[4] (net)
                      0.265867    0.000163   15.798231 ^ ringosc_dstage_4__id_delaybuf0/A (sky130_fd_sc_hd__clkbuf_2)
                      0.264981    0.439684   16.237915 ^ ringosc_dstage_4__id_delaybuf0/X (sky130_fd_sc_hd__clkbuf_2)
     3    0.030546                                       ringosc_dstage_4__id_ts (net)
                      0.264983    0.000737   16.238651 ^ ringosc_dstage_4__id_delaybuf1/A (sky130_fd_sc_hd__clkbuf_1)
                      0.123816    0.276815   16.515467 ^ ringosc_dstage_4__id_delaybuf1/X (sky130_fd_sc_hd__clkbuf_1)
     1    0.005667                                       ringosc_dstage_4__id_d0 (net)
                      0.123816    0.000190   16.515657 ^ ringosc_dstage_4__id_delayen1/A (sky130_fd_sc_hd__einvp_2)
                      0.107062    0.147944   16.663601 v ringosc_dstage_4__id_delayen1/Z (sky130_fd_sc_hd__einvp_2)
     1    0.011786                                       ringosc_dstage_4__id_d1 (net)
                      0.107063    0.000284   16.663885 v ringosc_dstage_4__id_delayint0/A (sky130_fd_sc_hd__clkinv_1)
                      0.058584    0.100458   16.764343 ^ ringosc_dstage_4__id_delayint0/Y (sky130_fd_sc_hd__clkinv_1)
     1    0.004758                                       ringosc_dstage_4__id_d2 (net)
                      0.058584    0.000098   16.764441 ^ ringosc_dstage_4__id_delayen0/A (sky130_fd_sc_hd__einvp_2)
                      0.138615    0.148246   16.912687 v ringosc_dstage_4__id_delayen0/Z (sky130_fd_sc_hd__einvp_2)
     1    0.015908                                       ringosc_d[5] (net)
                      0.138616    0.000338   16.913025 v ringosc_dstage_5__id_delaybuf0/A (sky130_fd_sc_hd__clkbuf_2)
                      0.201912    0.357229   17.270254 v ringosc_dstage_5__id_delaybuf0/X (sky130_fd_sc_hd__clkbuf_2)
     3    0.028292                                       ringosc_dstage_5__id_ts (net)
                      0.201915    0.000584   17.270838 v ringosc_dstage_5__id_delaybuf1/A (sky130_fd_sc_hd__clkbuf_1)
                      0.068672    0.251214   17.522053 v ringosc_dstage_5__id_delaybuf1/X (sky130_fd_sc_hd__clkbuf_1)
     1    0.004580                                       ringosc_dstage_5__id_d0 (net)
                      0.068672    0.000098   17.522150 v ringosc_dstage_5__id_delayen1/A (sky130_fd_sc_hd__einvp_2)
                      0.215044    0.210594   17.732744 ^ ringosc_dstage_5__id_delayen1/Z (sky130_fd_sc_hd__einvp_2)
     1    0.011980                                       ringosc_dstage_5__id_d1 (net)
                      0.215044    0.000307   17.733051 ^ ringosc_dstage_5__id_delayint0/A (sky130_fd_sc_hd__clkinv_1)
                      0.095937    0.193431   17.926481 v ringosc_dstage_5__id_delayint0/Y (sky130_fd_sc_hd__clkinv_1)
     1    0.004839                                       ringosc_dstage_5__id_d2 (net)
                      0.095938    0.000158   17.926640 v ringosc_dstage_5__id_delayen0/A (sky130_fd_sc_hd__einvp_2)
                      0.450531    0.405223   18.331863 ^ ringosc_dstage_5__id_delayen0/Z (sky130_fd_sc_hd__einvp_2)
     2    0.025346                                       ringosc_d[6] (net)
                      0.450532    0.000682   18.332544 ^ ringosc_ibufp10/A (sky130_fd_sc_hd__clkinv_2)
                      0.185846    0.342334   18.674879 v ringosc_ibufp10/Y (sky130_fd_sc_hd__clkinv_2)
     1    0.019305                                       ringosc_c[1] (net)
                      0.185848    0.000595   18.675474 v ringosc_ibufp11/A (sky130_fd_sc_hd__clkinv_8)
                      0.347767    0.360492   19.035967 ^ ringosc_ibufp11/Y (sky130_fd_sc_hd__clkinv_8)
     1    0.205925                                       clockp[1] (net)
                      0.348128    0.009770   19.045736 ^ clockp[1] (out)
                                             19.045736   data arrival time

                      0.000000   20.000000   20.000000   clock VIRTUAL_CLK (rise edge)
                                  0.000000   20.000000   clock network delay (ideal)
                                  0.000000   20.000000   clock reconvergence pessimism
                                 -3.000000   17.000000   output external delay
                                             17.000000   data required time
---------------------------------------------------------------------------------------------
                                             17.000000   data required time
                                            -19.045736   data arrival time
---------------------------------------------------------------------------------------------
                                             -2.045736   slack (VIOLATED)


Startpoint: dll_control_count0_reg_1_
            (rising edge-triggered flip-flop clocked by dll_control_clock)
Endpoint: dll_control_tval_reg_6_
          (rising edge-triggered flip-flop clocked by dll_control_clock)
Path Group: dll_control_clock
Path Type: max

Fanout         Cap        Slew       Delay        Time   Description
---------------------------------------------------------------------------------------------
                                  0.000000    0.000000   clock dll_control_clock (rise edge)
                                  0.000000    0.000000   clock source latency
                      0.468709    0.000000    0.000000 ^ ringosc_ibufp01/Y (sky130_fd_sc_hd__clkinv_8)
    24    0.278390                                       clockp[0] (net)
                      0.471107    0.028947    0.028947 ^ dll_control_count0_reg_1_/CLK (sky130_fd_sc_hd__dfrtp_2)
                      0.159215    1.137104    1.166051 v dll_control_count0_reg_1_/Q (sky130_fd_sc_hd__dfrtp_2)
     5    0.022014                                       dll_control_count0[1] (net)
                      0.159219    0.000627    1.166678 v U229/CIN (sky130_fd_sc_hd__fa_1)
                      0.209599    1.151336    2.318014 v U229/SUM (sky130_fd_sc_hd__fa_1)
     2    0.008894                                       n129 (net)
                      0.209599    0.000172    2.318187 v U226/B (sky130_fd_sc_hd__xnor2_1)
                      0.134612    0.318828    2.637014 v U226/Y (sky130_fd_sc_hd__xnor2_1)
     2    0.005837                                       n153 (net)
                      0.134612    0.000150    2.637164 v U228/A2 (sky130_fd_sc_hd__o21ai_1)
                      0.188143    0.248002    2.885166 ^ U228/Y (sky130_fd_sc_hd__o21ai_1)
     1    0.003714                                       n137 (net)
                      0.188143    0.000119    2.885286 ^ U233/A1 (sky130_fd_sc_hd__a21oi_1)
                      0.100089    0.177823    3.063109 v U233/Y (sky130_fd_sc_hd__a21oi_1)
     1    0.002936                                       n141 (net)
                      0.100089    0.000090    3.063199 v U235/A2 (sky130_fd_sc_hd__o21ai_1)
                      0.192850    0.237008    3.300207 ^ U235/Y (sky130_fd_sc_hd__o21ai_1)
     1    0.003891                                       n147 (net)
                      0.192850    0.000127    3.300334 ^ U240/A1 (sky130_fd_sc_hd__a21oi_1)
                      0.127841    0.205172    3.505506 v U240/Y (sky130_fd_sc_hd__a21oi_1)
     1    0.004936                                       n148 (net)
                      0.127841    0.000158    3.505665 v U241/B (sky130_fd_sc_hd__nand2b_2)
                      0.158785    0.204477    3.710141 ^ U241/Y (sky130_fd_sc_hd__nand2b_2)
     2    0.016780                                       n165 (net)
                      0.158789    0.000648    3.710789 ^ U138/A (sky130_fd_sc_hd__clkinv_4)
                      0.165721    0.219544    3.930333 v U138/Y (sky130_fd_sc_hd__clkinv_4)
    13    0.044998                                       n202 (net)
                      0.165729    0.001007    3.931339 v U267/B (sky130_fd_sc_hd__nor2_1)
                      0.377034    0.385144    4.316484 ^ U267/Y (sky130_fd_sc_hd__nor2_1)
     2    0.011851                                       n183 (net)
                      0.377034    0.000268    4.316752 ^ U269/A2 (sky130_fd_sc_hd__o21ai_2)
                      0.139249    0.266741    4.583493 v U269/Y (sky130_fd_sc_hd__o21ai_2)
     2    0.012736                                       n192 (net)
                      0.139251    0.000422    4.583915 v U273/A2 (sky130_fd_sc_hd__a21oi_2)
                      0.292444    0.382971    4.966885 ^ U273/Y (sky130_fd_sc_hd__a21oi_2)
     3    0.012773                                       n211 (net)
                      0.292444    0.000312    4.967197 ^ U307/A2 (sky130_fd_sc_hd__o21ai_1)
                      0.134943    0.237371    5.204568 v U307/Y (sky130_fd_sc_hd__o21ai_1)
     1    0.005800                                       n213 (net)
                      0.134944    0.000198    5.204766 v U308/B (sky130_fd_sc_hd__xnor2_1)
                      0.245227    0.298846    5.503612 ^ U308/Y (sky130_fd_sc_hd__xnor2_1)
     1    0.004630                                       n215 (net)
                      0.245227    0.000152    5.503764 ^ U309/A (sky130_fd_sc_hd__nand2_1)
                      0.099794    0.183666    5.687430 v U309/Y (sky130_fd_sc_hd__nand2_1)
     1    0.003661                                       n216 (net)
                      0.099794    0.000118    5.687548 v U310/B1 (sky130_fd_sc_hd__o21ai_1)
                      0.159526    0.138519    5.826068 ^ U310/Y (sky130_fd_sc_hd__o21ai_1)
     1    0.002670                                       n72 (net)
                      0.159526    0.000060    5.826128 ^ dll_control_tval_reg_6_/D (sky130_fd_sc_hd__dfrtp_4)
                                              5.826128   data arrival time

                                  4.670000    4.670000   clock dll_control_clock (rise edge)
                                  0.000000    4.670000   clock source latency
                      0.468709    0.000000    4.670000 ^ ringosc_ibufp01/Y (sky130_fd_sc_hd__clkinv_8)
    24    0.278390                                       clockp[0] (net)
                      0.471497    0.028137    4.698138 ^ dll_control_tval_reg_6_/CLK (sky130_fd_sc_hd__dfrtp_4)
                                 -0.100000    4.598137   clock uncertainty
                                  0.000000    4.598137   clock reconvergence pessimism
                                 -0.088218    4.509919   library setup time
                                              4.509919   data required time
---------------------------------------------------------------------------------------------
                                              4.509919   data required time
                                             -5.826128   data arrival time
---------------------------------------------------------------------------------------------
                                             -1.316208   slack (VIOLATED)




===========================================================================
 report_check_types -max_slew -max_cap -max_fanout -violators
============================================================================
======================= nom_ss_100C_1v60 Corner ===================================

max fanout

Pin                                   Limit Fanout  Slack
---------------------------------------------------------
fanout2/X                                20     32    -12 (VIOLATED)
ringosc_ibufp01/Y                        20     23     -3 (VIOLATED)



===========================================================================
report_parasitic_annotation -report_unannotated
============================================================================
Found 2 unannotated drivers.
 U140/LO
 ringosc_iss_const1/LO
Found 0 partially unannotated drivers.

===========================================================================
max slew violation count 0
max fanout violation count 2
max cap violation count 0
============================================================================

===========================================================================
check_setup -verbose -unconstrained_endpoints -multiple_clock -no_clock -no_input_delay -loops -generated_clocks
===========================================================================
