
===========================================================================
report_checks -unconstrained
===========================================================================
======================= nom_tt_025C_1v80 Corner ===================================

Startpoint: dco (input port clocked by VIRTUAL_CLK)
Endpoint: clockp[1] (output port clocked by VIRTUAL_CLK)
Path Group: VIRTUAL_CLK
Path Type: max

Fanout         Cap        Slew       Delay        Time   Description
---------------------------------------------------------------------------------------------
                      0.000000    0.000000    0.000000   clock VIRTUAL_CLK (rise edge)
                                  0.000000    0.000000   clock network delay (ideal)
                                  3.000000    3.000000 ^ input external delay
                      0.123312    0.089315    3.089315 ^ dco (in)
     6    0.026173                                       dco (net)
                      0.123324    0.000000    3.089315 ^ U128/A (sky130_fd_sc_hd__nand2_1)
                      0.060283    0.087718    3.177032 v U128/Y (sky130_fd_sc_hd__nand2_1)
     2    0.005731                                       n81 (net)
                      0.060283    0.000107    3.177139 v U123/A (sky130_fd_sc_hd__nand2_1)
                      0.060439    0.076515    3.253654 ^ U123/Y (sky130_fd_sc_hd__nand2_1)
     1    0.004824                                       n76 (net)
                      0.060439    0.000168    3.253822 ^ ringosc_dstage_6__id_delayen1/TE (sky130_fd_sc_hd__einvp_2)
                      0.136803    0.192215    3.446037 ^ ringosc_dstage_6__id_delayen1/Z (sky130_fd_sc_hd__einvp_2)
     1    0.012673                                       ringosc_dstage_6__id_d1 (net)
                      0.136803    0.000258    3.446295 ^ ringosc_dstage_6__id_delayint0/A (sky130_fd_sc_hd__clkinv_1)
                      0.044819    0.049722    3.496017 v ringosc_dstage_6__id_delayint0/Y (sky130_fd_sc_hd__clkinv_1)
     1    0.004747                                       ringosc_dstage_6__id_d2 (net)
                      0.044820    0.000109    3.496125 v ringosc_dstage_6__id_delayen0/A (sky130_fd_sc_hd__einvp_2)
                      0.169321    0.155136    3.651261 ^ ringosc_dstage_6__id_delayen0/Z (sky130_fd_sc_hd__einvp_2)
     1    0.015579                                       ringosc_d[7] (net)
                      0.169321    0.000183    3.651443 ^ ringosc_dstage_7__id_delaybuf0/A (sky130_fd_sc_hd__clkbuf_2)
                      0.180210    0.193401    3.844844 ^ ringosc_dstage_7__id_delaybuf0/X (sky130_fd_sc_hd__clkbuf_2)
     3    0.032520                                       ringosc_dstage_7__id_ts (net)
                      0.180219    0.001105    3.845949 ^ ringosc_dstage_7__id_delaybuf1/A (sky130_fd_sc_hd__clkbuf_1)
                      0.079318    0.141650    3.987599 ^ ringosc_dstage_7__id_delaybuf1/X (sky130_fd_sc_hd__clkbuf_1)
     1    0.005911                                       ringosc_dstage_7__id_d0 (net)
                      0.079319    0.000207    3.987806 ^ ringosc_dstage_7__id_delayen1/A (sky130_fd_sc_hd__einvp_2)
                      0.050289    0.070909    4.058715 v ringosc_dstage_7__id_delayen1/Z (sky130_fd_sc_hd__einvp_2)
     1    0.011316                                       ringosc_dstage_7__id_d1 (net)
                      0.050291    0.000271    4.058986 v ringosc_dstage_7__id_delayint0/A (sky130_fd_sc_hd__clkinv_1)
                      0.036717    0.034790    4.093776 ^ ringosc_dstage_7__id_delayint0/Y (sky130_fd_sc_hd__clkinv_1)
     1    0.005476                                       ringosc_dstage_7__id_d2 (net)
                      0.036717    0.000128    4.093904 ^ ringosc_dstage_7__id_delayen0/A (sky130_fd_sc_hd__einvp_2)
                      0.074389    0.078206    4.172110 v ringosc_dstage_7__id_delayen0/Z (sky130_fd_sc_hd__einvp_2)
     1    0.018203                                       ringosc_d[8] (net)
                      0.074390    0.000275    4.172385 v ringosc_dstage_8__id_delaybuf0/A (sky130_fd_sc_hd__clkbuf_2)
                      0.110529    0.159460    4.331846 v ringosc_dstage_8__id_delaybuf0/X (sky130_fd_sc_hd__clkbuf_2)
     3    0.028047                                       ringosc_dstage_8__id_ts (net)
                      0.110530    0.000369    4.332215 v ringosc_dstage_8__id_delaybuf1/A (sky130_fd_sc_hd__clkbuf_1)
                      0.038187    0.132859    4.465075 v ringosc_dstage_8__id_delaybuf1/X (sky130_fd_sc_hd__clkbuf_1)
     1    0.004948                                       ringosc_dstage_8__id_d0 (net)
                      0.038188    0.000161    4.465236 v ringosc_dstage_8__id_delayen1/A (sky130_fd_sc_hd__einvp_2)
                      0.130722    0.123265    4.588501 ^ ringosc_dstage_8__id_delayen1/Z (sky130_fd_sc_hd__einvp_2)
     1    0.012040                                       ringosc_dstage_8__id_d1 (net)
                      0.130723    0.000243    4.588744 ^ ringosc_dstage_8__id_delayint0/A (sky130_fd_sc_hd__clkinv_1)
                      0.042986    0.048234    4.636978 v ringosc_dstage_8__id_delayint0/Y (sky130_fd_sc_hd__clkinv_1)
     1    0.004503                                       ringosc_dstage_8__id_d2 (net)
                      0.042986    0.000139    4.637116 v ringosc_dstage_8__id_delayen0/A (sky130_fd_sc_hd__einvp_2)
                      0.181822    0.164131    4.801248 ^ ringosc_dstage_8__id_delayen0/Z (sky130_fd_sc_hd__einvp_2)
     1    0.016727                                       ringosc_d[9] (net)
                      0.181822    0.000268    4.801516 ^ ringosc_dstage_9__id_delaybuf0/A (sky130_fd_sc_hd__clkbuf_2)
                      0.204631    0.211177    5.012693 ^ ringosc_dstage_9__id_delaybuf0/X (sky130_fd_sc_hd__clkbuf_2)
     3    0.037182                                       ringosc_dstage_9__id_ts (net)
                      0.204638    0.001015    5.013708 ^ ringosc_dstage_9__id_delaybuf1/A (sky130_fd_sc_hd__clkbuf_1)
                      0.151829    0.198997    5.212705 ^ ringosc_dstage_9__id_delaybuf1/X (sky130_fd_sc_hd__clkbuf_1)
     1    0.012349                                       ringosc_dstage_9__id_d0 (net)
                      0.151832    0.000572    5.213276 ^ ringosc_dstage_9__id_delayen1/A (sky130_fd_sc_hd__einvp_2)
                      0.085615    0.113566    5.326843 v ringosc_dstage_9__id_delayen1/Z (sky130_fd_sc_hd__einvp_2)
     1    0.017541                                       ringosc_dstage_9__id_d1 (net)
                      0.085621    0.000668    5.327510 v ringosc_dstage_9__id_delayint0/A (sky130_fd_sc_hd__clkinv_1)
                      0.064734    0.055585    5.383095 ^ ringosc_dstage_9__id_delayint0/Y (sky130_fd_sc_hd__clkinv_1)
     1    0.010663                                       ringosc_dstage_9__id_d2 (net)
                      0.064739    0.000455    5.383550 ^ ringosc_dstage_9__id_delayen0/A (sky130_fd_sc_hd__einvp_2)
                      0.069733    0.083391    5.466941 v ringosc_dstage_9__id_delayen0/Z (sky130_fd_sc_hd__einvp_2)
     1    0.016721                                       ringosc_d[10] (net)
                      0.069735    0.000348    5.467289 v ringosc_dstage_10__id_delaybuf0/A (sky130_fd_sc_hd__clkbuf_2)
                      0.113582    0.162200    5.629489 v ringosc_dstage_10__id_delaybuf0/X (sky130_fd_sc_hd__clkbuf_2)
     3    0.028929                                       ringosc_dstage_10__id_ts (net)
                      0.113586    0.000606    5.630095 v ringosc_dstage_10__id_delaybuf1/A (sky130_fd_sc_hd__clkbuf_1)
                      0.052554    0.147755    5.777850 v ringosc_dstage_10__id_delaybuf1/X (sky130_fd_sc_hd__clkbuf_1)
     1    0.007727                                       ringosc_dstage_10__id_d0 (net)
                      0.052557    0.000353    5.778204 v ringosc_dstage_10__id_delayen1/A (sky130_fd_sc_hd__einvp_2)
                      0.143422    0.137609    5.915812 ^ ringosc_dstage_10__id_delayen1/Z (sky130_fd_sc_hd__einvp_2)
     1    0.013194                                       ringosc_dstage_10__id_d1 (net)
                      0.143422    0.000285    5.916098 ^ ringosc_dstage_10__id_delayint0/A (sky130_fd_sc_hd__clkinv_1)
                      0.051254    0.054788    5.970885 v ringosc_dstage_10__id_delayint0/Y (sky130_fd_sc_hd__clkinv_1)
     1    0.005598                                       ringosc_dstage_10__id_d2 (net)
                      0.051255    0.000203    5.971089 v ringosc_dstage_10__id_delayen0/A (sky130_fd_sc_hd__einvp_2)
                      0.171432    0.158834    6.129922 ^ ringosc_dstage_10__id_delayen0/Z (sky130_fd_sc_hd__einvp_2)
     1    0.015768                                       ringosc_d[11] (net)
                      0.171432    0.000278    6.130201 ^ ringosc_dstage_11__id_delaybuf0/A (sky130_fd_sc_hd__clkbuf_2)
                      0.165788    0.183174    6.313375 ^ ringosc_dstage_11__id_delaybuf0/X (sky130_fd_sc_hd__clkbuf_2)
     3    0.029772                                       ringosc_dstage_11__id_ts (net)
                      0.165791    0.000675    6.314050 ^ ringosc_dstage_11__id_delaybuf1/A (sky130_fd_sc_hd__clkbuf_1)
                      0.073002    0.134756    6.448806 ^ ringosc_dstage_11__id_delaybuf1/X (sky130_fd_sc_hd__clkbuf_1)
     1    0.005349                                       ringosc_dstage_11__id_d0 (net)
                      0.073003    0.000175    6.448980 ^ ringosc_dstage_11__id_delayen1/A (sky130_fd_sc_hd__einvp_2)
                      0.050009    0.069432    6.518413 v ringosc_dstage_11__id_delayen1/Z (sky130_fd_sc_hd__einvp_2)
     1    0.011493                                       ringosc_dstage_11__id_d1 (net)
                      0.050010    0.000191    6.518603 v ringosc_dstage_11__id_delayint0/A (sky130_fd_sc_hd__clkinv_1)
                      0.041863    0.038628    6.557231 ^ ringosc_dstage_11__id_delayint0/Y (sky130_fd_sc_hd__clkinv_1)
     1    0.006425                                       ringosc_dstage_11__id_d2 (net)
                      0.041864    0.000174    6.557405 ^ ringosc_dstage_11__id_delayen0/A (sky130_fd_sc_hd__einvp_2)
                      0.105144    0.103590    6.660994 v ringosc_dstage_11__id_delayen0/Z (sky130_fd_sc_hd__einvp_2)
     2    0.025735                                       ringosc_d[12] (net)
                      0.105153    0.000872    6.661866 v ringosc_iss_delaybuf0/A (sky130_fd_sc_hd__clkbuf_1)
                      0.035149    0.127583    6.789449 v ringosc_iss_delaybuf0/X (sky130_fd_sc_hd__clkbuf_1)
     1    0.004375                                       ringosc_iss_d0 (net)
                      0.035150    0.000133    6.789582 v ringosc_iss_delayen1/A (sky130_fd_sc_hd__einvp_2)
                      0.129309    0.121247    6.910829 ^ ringosc_iss_delayen1/Z (sky130_fd_sc_hd__einvp_2)
     1    0.011914                                       ringosc_iss_d1 (net)
                      0.129310    0.000230    6.911059 ^ ringosc_iss_delayint0/A (sky130_fd_sc_hd__clkinv_1)
                      0.058041    0.095556    7.006615 v ringosc_iss_delayint0/Y (sky130_fd_sc_hd__clkinv_1)
     1    0.004862                                       ringosc_iss_d2 (net)
                      0.058041    0.000153    7.006768 v ringosc_iss_delayen0/A (sky130_fd_sc_hd__einvp_2)
                      0.247956    0.221410    7.228178 ^ ringosc_iss_delayen0/Z (sky130_fd_sc_hd__einvp_2)
     2    0.022901                                       ringosc_d[0] (net)
                      0.427331    0.000291    7.228469 ^ ringosc_dstage_0__id_delaybuf0/A (sky130_fd_sc_hd__clkbuf_2)
                      0.171702    0.300083    7.528552 ^ ringosc_dstage_0__id_delaybuf0/X (sky130_fd_sc_hd__clkbuf_2)
     3    0.030595                                       ringosc_dstage_0__id_ts (net)
                      0.171705    0.000655    7.529208 ^ ringosc_dstage_0__id_delaybuf1/A (sky130_fd_sc_hd__clkbuf_1)
                      0.080414    0.141239    7.670447 ^ ringosc_dstage_0__id_delaybuf1/X (sky130_fd_sc_hd__clkbuf_1)
     1    0.006015                                       ringosc_dstage_0__id_d0 (net)
                      0.080415    0.000206    7.670653 ^ ringosc_dstage_0__id_delayen1/A (sky130_fd_sc_hd__einvp_2)
                      0.054864    0.070077    7.740730 v ringosc_dstage_0__id_delayen1/Z (sky130_fd_sc_hd__einvp_2)
     1    0.010947                                       ringosc_dstage_0__id_d1 (net)
                      0.054865    0.000205    7.740935 v ringosc_dstage_0__id_delayint0/A (sky130_fd_sc_hd__clkinv_1)
                      0.038093    0.058911    7.799846 ^ ringosc_dstage_0__id_delayint0/Y (sky130_fd_sc_hd__clkinv_1)
     1    0.005391                                       ringosc_dstage_0__id_d2 (net)
                      0.038095    0.000179    7.800025 ^ ringosc_dstage_0__id_delayen0/A (sky130_fd_sc_hd__einvp_2)
                      0.071160    0.072754    7.872779 v ringosc_dstage_0__id_delayen0/Z (sky130_fd_sc_hd__einvp_2)
     1    0.016327                                       ringosc_d[1] (net)
                      0.071161    0.000234    7.873013 v ringosc_dstage_1__id_delaybuf0/A (sky130_fd_sc_hd__clkbuf_2)
                      0.110983    0.192076    8.065089 v ringosc_dstage_1__id_delaybuf0/X (sky130_fd_sc_hd__clkbuf_2)
     3    0.028175                                       ringosc_dstage_1__id_ts (net)
                      0.110986    0.000565    8.065654 v ringosc_dstage_1__id_delaybuf1/A (sky130_fd_sc_hd__clkbuf_1)
                      0.041026    0.135683    8.201337 v ringosc_dstage_1__id_delaybuf1/X (sky130_fd_sc_hd__clkbuf_1)
     1    0.005485                                       ringosc_dstage_1__id_d0 (net)
                      0.041027    0.000190    8.201527 v ringosc_dstage_1__id_delayen1/A (sky130_fd_sc_hd__einvp_2)
                      0.123580    0.118694    8.320220 ^ ringosc_dstage_1__id_delayen1/Z (sky130_fd_sc_hd__einvp_2)
     1    0.011383                                       ringosc_dstage_1__id_d1 (net)
                      0.123581    0.000142    8.320362 ^ ringosc_dstage_1__id_delayint0/A (sky130_fd_sc_hd__clkinv_1)
                      0.053807    0.090493    8.410855 v ringosc_dstage_1__id_delayint0/Y (sky130_fd_sc_hd__clkinv_1)
     1    0.004322                                       ringosc_dstage_1__id_d2 (net)
                      0.053807    0.000089    8.410944 v ringosc_dstage_1__id_delayen0/A (sky130_fd_sc_hd__einvp_2)
                      0.175060    0.162513    8.573457 ^ ringosc_dstage_1__id_delayen0/Z (sky130_fd_sc_hd__einvp_2)
     1    0.016101                                       ringosc_d[2] (net)
                      0.175061    0.000280    8.573736 ^ ringosc_dstage_2__id_delaybuf0/A (sky130_fd_sc_hd__clkbuf_2)
                      0.171727    0.248223    8.821959 ^ ringosc_dstage_2__id_delaybuf0/X (sky130_fd_sc_hd__clkbuf_2)
     3    0.030865                                       ringosc_dstage_2__id_ts (net)
                      0.171730    0.000631    8.822591 ^ ringosc_dstage_2__id_delaybuf1/A (sky130_fd_sc_hd__clkbuf_1)
                      0.071580    0.134574    8.957165 ^ ringosc_dstage_2__id_delaybuf1/X (sky130_fd_sc_hd__clkbuf_1)
     1    0.005216                                       ringosc_dstage_2__id_d0 (net)
                      0.071580    0.000119    8.957284 ^ ringosc_dstage_2__id_delayen1/A (sky130_fd_sc_hd__einvp_2)
                      0.071534    0.070032    9.027316 v ringosc_dstage_2__id_delayen1/Z (sky130_fd_sc_hd__einvp_2)
     1    0.011826                                       ringosc_dstage_2__id_d1 (net)
                      0.071535    0.000241    9.027556 v ringosc_dstage_2__id_delayint0/A (sky130_fd_sc_hd__clkinv_1)
                      0.038611    0.063215    9.090772 ^ ringosc_dstage_2__id_delayint0/Y (sky130_fd_sc_hd__clkinv_1)
     1    0.004808                                       ringosc_dstage_2__id_d2 (net)
                      0.038612    0.000146    9.090918 ^ ringosc_dstage_2__id_delayen0/A (sky130_fd_sc_hd__einvp_2)
                      0.069632    0.072116    9.163033 v ringosc_dstage_2__id_delayen0/Z (sky130_fd_sc_hd__einvp_2)
     1    0.016074                                       ringosc_d[3] (net)
                      0.069635    0.000369    9.163402 v ringosc_dstage_3__id_delaybuf0/A (sky130_fd_sc_hd__clkbuf_2)
                      0.106728    0.188105    9.351506 v ringosc_dstage_3__id_delaybuf0/X (sky130_fd_sc_hd__clkbuf_2)
     3    0.026993                                       ringosc_dstage_3__id_ts (net)
                      0.106731    0.000552    9.352059 v ringosc_dstage_3__id_delaybuf1/A (sky130_fd_sc_hd__clkbuf_1)
                      0.041068    0.133796    9.485855 v ringosc_dstage_3__id_delaybuf1/X (sky130_fd_sc_hd__clkbuf_1)
     1    0.005500                                       ringosc_dstage_3__id_d0 (net)
                      0.041068    0.000147    9.486003 v ringosc_dstage_3__id_delayen1/A (sky130_fd_sc_hd__einvp_2)
                      0.141454    0.132490    9.618493 ^ ringosc_dstage_3__id_delayen1/Z (sky130_fd_sc_hd__einvp_2)
     1    0.013024                                       ringosc_dstage_3__id_d1 (net)
                      0.141455    0.000261    9.618754 ^ ringosc_dstage_3__id_delayint0/A (sky130_fd_sc_hd__clkinv_1)
                      0.065797    0.104963    9.723718 v ringosc_dstage_3__id_delayint0/Y (sky130_fd_sc_hd__clkinv_1)
     1    0.005751                                       ringosc_dstage_3__id_d2 (net)
                      0.065797    0.000193    9.723910 v ringosc_dstage_3__id_delayen0/A (sky130_fd_sc_hd__einvp_2)
                      0.163133    0.158082    9.881992 ^ ringosc_dstage_3__id_delayen0/Z (sky130_fd_sc_hd__einvp_2)
     1    0.015018                                       ringosc_d[4] (net)
                      0.163133    0.000165    9.882157 ^ ringosc_dstage_4__id_delaybuf0/A (sky130_fd_sc_hd__clkbuf_2)
                      0.170254    0.244060   10.126218 ^ ringosc_dstage_4__id_delaybuf0/X (sky130_fd_sc_hd__clkbuf_2)
     3    0.030599                                       ringosc_dstage_4__id_ts (net)
                      0.170258    0.000741   10.126958 ^ ringosc_dstage_4__id_delaybuf1/A (sky130_fd_sc_hd__clkbuf_1)
                      0.076703    0.138217   10.265176 ^ ringosc_dstage_4__id_delaybuf1/X (sky130_fd_sc_hd__clkbuf_1)
     1    0.005681                                       ringosc_dstage_4__id_d0 (net)
                      0.076703    0.000191   10.265367 ^ ringosc_dstage_4__id_delayen1/A (sky130_fd_sc_hd__einvp_2)
                      0.054548    0.071752   10.337119 v ringosc_dstage_4__id_delayen1/Z (sky130_fd_sc_hd__einvp_2)
     1    0.011839                                       ringosc_dstage_4__id_d1 (net)
                      0.054549    0.000284   10.337403 v ringosc_dstage_4__id_delayint0/A (sky130_fd_sc_hd__clkinv_1)
                      0.034982    0.056333   10.393736 ^ ringosc_dstage_4__id_delayint0/Y (sky130_fd_sc_hd__clkinv_1)
     1    0.004772                                       ringosc_dstage_4__id_d2 (net)
                      0.034983    0.000099   10.393834 ^ ringosc_dstage_4__id_delayen0/A (sky130_fd_sc_hd__einvp_2)
                      0.069265    0.070471   10.464305 v ringosc_dstage_4__id_delayen0/Z (sky130_fd_sc_hd__einvp_2)
     1    0.015965                                       ringosc_d[5] (net)
                      0.069267    0.000338   10.464643 v ringosc_dstage_5__id_delaybuf0/A (sky130_fd_sc_hd__clkbuf_2)
                      0.110032    0.190600   10.655243 v ringosc_dstage_5__id_delaybuf0/X (sky130_fd_sc_hd__clkbuf_2)
     3    0.027923                                       ringosc_dstage_5__id_ts (net)
                      0.110036    0.000579   10.655823 v ringosc_dstage_5__id_delaybuf1/A (sky130_fd_sc_hd__clkbuf_1)
                      0.036032    0.130668   10.786490 v ringosc_dstage_5__id_delaybuf1/X (sky130_fd_sc_hd__clkbuf_1)
     1    0.004539                                       ringosc_dstage_5__id_d0 (net)
                      0.036033    0.000097   10.786587 v ringosc_dstage_5__id_delayen1/A (sky130_fd_sc_hd__einvp_2)
                      0.130911    0.122698   10.909286 ^ ringosc_dstage_5__id_delayen1/Z (sky130_fd_sc_hd__einvp_2)
     1    0.012058                                       ringosc_dstage_5__id_d1 (net)
                      0.130912    0.000309   10.909595 ^ ringosc_dstage_5__id_delayint0/A (sky130_fd_sc_hd__clkinv_1)
                      0.057972    0.095532   11.005126 v ringosc_dstage_5__id_delayint0/Y (sky130_fd_sc_hd__clkinv_1)
     1    0.004798                                       ringosc_dstage_5__id_d2 (net)
                      0.057972    0.000156   11.005282 v ringosc_dstage_5__id_delayen0/A (sky130_fd_sc_hd__einvp_2)
                      0.274786    0.242403   11.247685 ^ ringosc_dstage_5__id_delayen0/Z (sky130_fd_sc_hd__einvp_2)
     2    0.025469                                       ringosc_d[6] (net)
                      0.274788    0.000684   11.248369 ^ ringosc_ibufp10/A (sky130_fd_sc_hd__clkinv_2)
                      0.112494    0.166821   11.415191 v ringosc_ibufp10/Y (sky130_fd_sc_hd__clkinv_2)
     1    0.019056                                       ringosc_c[1] (net)
                      0.112499    0.000588   11.415779 v ringosc_ibufp11/A (sky130_fd_sc_hd__clkinv_8)
                      0.227310    0.221283   11.637062 ^ ringosc_ibufp11/Y (sky130_fd_sc_hd__clkinv_8)
     1    0.205925                                       clockp[1] (net)
                      0.227872    0.009751   11.646813 ^ clockp[1] (out)
                                             11.646813   data arrival time

                      0.000000   20.000000   20.000000   clock VIRTUAL_CLK (rise edge)
                                  0.000000   20.000000   clock network delay (ideal)
                                  0.000000   20.000000   clock reconvergence pessimism
                                 -3.000000   17.000000   output external delay
                                             17.000000   data required time
---------------------------------------------------------------------------------------------
                                             17.000000   data required time
                                            -11.646813   data arrival time
---------------------------------------------------------------------------------------------
                                              5.353187   slack (MET)


Startpoint: dll_control_count0_reg_1_
            (rising edge-triggered flip-flop clocked by dll_control_clock)
Endpoint: dll_control_tval_reg_6_
          (rising edge-triggered flip-flop clocked by dll_control_clock)
Path Group: dll_control_clock
Path Type: max

Fanout         Cap        Slew       Delay        Time   Description
---------------------------------------------------------------------------------------------
                                  0.000000    0.000000   clock dll_control_clock (rise edge)
                                  0.000000    0.000000   clock source latency
                      0.308516    0.000000    0.000000 ^ ringosc_ibufp01/Y (sky130_fd_sc_hd__clkinv_8)
    24    0.280564                                       clockp[0] (net)
                      0.312291    0.029013    0.029013 ^ dll_control_count0_reg_1_/CLK (sky130_fd_sc_hd__dfrtp_2)
                      0.083999    0.547985    0.576998 v dll_control_count0_reg_1_/Q (sky130_fd_sc_hd__dfrtp_2)
     5    0.022098                                       dll_control_count0[1] (net)
                      0.084005    0.000630    0.577628 v U229/CIN (sky130_fd_sc_hd__fa_1)
                      0.107402    0.509437    1.087065 v U229/SUM (sky130_fd_sc_hd__fa_1)
     2    0.008954                                       n129 (net)
                      0.107402    0.000174    1.087239 v U226/B (sky130_fd_sc_hd__xnor2_1)
                      0.065119    0.169624    1.256863 v U226/Y (sky130_fd_sc_hd__xnor2_1)
     2    0.005793                                       n153 (net)
                      0.065120    0.000148    1.257012 v U228/A2 (sky130_fd_sc_hd__o21ai_1)
                      0.113457    0.136744    1.393756 ^ U228/Y (sky130_fd_sc_hd__o21ai_1)
     1    0.003718                                       n137 (net)
                      0.113457    0.000120    1.393875 ^ U233/A1 (sky130_fd_sc_hd__a21oi_1)
                      0.052553    0.080031    1.473906 v U233/Y (sky130_fd_sc_hd__a21oi_1)
     1    0.002913                                       n141 (net)
                      0.052553    0.000089    1.473995 v U235/A2 (sky130_fd_sc_hd__o21ai_1)
                      0.116338    0.134062    1.608058 ^ U235/Y (sky130_fd_sc_hd__o21ai_1)
     1    0.003895                                       n147 (net)
                      0.116338    0.000127    1.608185 ^ U240/A1 (sky130_fd_sc_hd__a21oi_1)
                      0.065153    0.094347    1.702532 v U240/Y (sky130_fd_sc_hd__a21oi_1)
     1    0.005035                                       n148 (net)
                      0.065154    0.000162    1.702693 v U241/B (sky130_fd_sc_hd__nand2b_2)
                      0.104320    0.121499    1.824192 ^ U241/Y (sky130_fd_sc_hd__nand2b_2)
     2    0.016833                                       n165 (net)
                      0.104326    0.000649    1.824841 ^ U138/A (sky130_fd_sc_hd__clkinv_4)
                      0.094816    0.120013    1.944854 v U138/Y (sky130_fd_sc_hd__clkinv_4)
    13    0.044788                                       n202 (net)
                      0.094830    0.001001    1.945855 v U267/B (sky130_fd_sc_hd__nor2_1)
                      0.226396    0.223019    2.168874 ^ U267/Y (sky130_fd_sc_hd__nor2_1)
     2    0.011913                                       n183 (net)
                      0.226397    0.000270    2.169144 ^ U269/A2 (sky130_fd_sc_hd__o21ai_2)
                      0.075319    0.115838    2.284981 v U269/Y (sky130_fd_sc_hd__o21ai_2)
     2    0.012651                                       n192 (net)
                      0.075322    0.000418    2.285400 v U273/A2 (sky130_fd_sc_hd__a21oi_2)
                      0.180132    0.222061    2.507461 ^ U273/Y (sky130_fd_sc_hd__a21oi_2)
     3    0.012799                                       n211 (net)
                      0.180133    0.000312    2.507773 ^ U307/A2 (sky130_fd_sc_hd__o21ai_1)
                      0.063530    0.106419    2.614192 v U307/Y (sky130_fd_sc_hd__o21ai_1)
     1    0.005872                                       n213 (net)
                      0.063531    0.000201    2.614393 v U308/B (sky130_fd_sc_hd__xnor2_1)
                      0.150548    0.169264    2.783657 ^ U308/Y (sky130_fd_sc_hd__xnor2_1)
     1    0.004638                                       n215 (net)
                      0.150548    0.000152    2.783809 ^ U309/A (sky130_fd_sc_hd__nand2_1)
                      0.054896    0.079164    2.862973 v U309/Y (sky130_fd_sc_hd__nand2_1)
     1    0.003680                                       n216 (net)
                      0.054896    0.000119    2.863092 v U310/B1 (sky130_fd_sc_hd__o21ai_1)
                      0.098813    0.076355    2.939447 ^ U310/Y (sky130_fd_sc_hd__o21ai_1)
     1    0.002823                                       n72 (net)
                      0.098813    0.000064    2.939510 ^ dll_control_tval_reg_6_/D (sky130_fd_sc_hd__dfrtp_4)
                                              2.939510   data arrival time

                                  4.670000    4.670000   clock dll_control_clock (rise edge)
                                  0.000000    4.670000   clock source latency
                      0.308516    0.000000    4.670000 ^ ringosc_ibufp01/Y (sky130_fd_sc_hd__clkinv_8)
    24    0.280564                                       clockp[0] (net)
                      0.312920    0.028225    4.698225 ^ dll_control_tval_reg_6_/CLK (sky130_fd_sc_hd__dfrtp_4)
                                 -0.100000    4.598225   clock uncertainty
                                  0.000000    4.598225   clock reconvergence pessimism
                                 -0.034482    4.563743   library setup time
                                              4.563743   data required time
---------------------------------------------------------------------------------------------
                                              4.563743   data required time
                                             -2.939510   data arrival time
---------------------------------------------------------------------------------------------
                                              1.624232   slack (MET)




===========================================================================
report_checks --slack_max -0.01
============================================================================
======================= nom_tt_025C_1v80 Corner ===================================

No paths found.


===========================================================================
 report_check_types -max_slew -max_cap -max_fanout -violators
============================================================================
======================= nom_tt_025C_1v80 Corner ===================================

max fanout

Pin                                   Limit Fanout  Slack
---------------------------------------------------------
fanout2/X                                20     32    -12 (VIOLATED)
ringosc_ibufp01/Y                        20     23     -3 (VIOLATED)



===========================================================================
report_parasitic_annotation -report_unannotated
============================================================================
Found 2 unannotated drivers.
 U140/LO
 ringosc_iss_const1/LO
Found 0 partially unannotated drivers.

===========================================================================
max slew violation count 0
max fanout violation count 2
max cap violation count 0
============================================================================

===========================================================================
check_setup -verbose -unconstrained_endpoints -multiple_clock -no_clock -no_input_delay -loops -generated_clocks
===========================================================================
