****************************************
Report : analysis_coverage
	-status_details {untested}
	-sort_by slack
Design : RAM256
Version: T-2022.03-SP3
Date   : Thu Nov 10 07:00:38 2022
****************************************

Type of Check         Total              Met         Violated         Untested
--------------------------------------------------------------------------------
setup                  8448      8448 (100%)         0 (  0%)         0 (  0%)
hold                   8448      8344 ( 99%)       104 (  1%)         0 (  0%)
min_pulse_width        9728      9728 (100%)         0 (  0%)         0 (  0%)
clock_gating_setup     1024      1024 (100%)         0 (  0%)         0 (  0%)
clock_gating_hold      1024      1024 (100%)         0 (  0%)         0 (  0%)
out_setup                32        32 (100%)         0 (  0%)         0 (  0%)
out_hold                 32        32 (100%)         0 (  0%)         0 (  0%)
--------------------------------------------------------------------------------
All Checks            28736     28632 (100%)       104 (  0%)         0 (  0%)

1
