Step 1:  Create new cells for new GPIO default vectors.
Layout file /home/passant/caravel_final/mag/gpio_defaults_block_1803.mag already exists and does not need to be generated.
Gate-level verilog file /home/passant/caravel_final/verilog/gl/gpio_defaults_block_1803.v already exists and does not need to be generated.
Layout file /home/passant/caravel_final/mag/gpio_defaults_block_1803.mag already exists and does not need to be generated.
Gate-level verilog file /home/passant/caravel_final/verilog/gl/gpio_defaults_block_1803.v already exists and does not need to be generated.
Layout file /home/passant/caravel_final/mag/gpio_defaults_block_0403.mag already exists and does not need to be generated.
Gate-level verilog file /home/passant/caravel_final/verilog/gl/gpio_defaults_block_0403.v already exists and does not need to be generated.
Layout file /home/passant/caravel_final/mag/gpio_defaults_block_0801.mag already exists and does not need to be generated.
Gate-level verilog file /home/passant/caravel_final/verilog/gl/gpio_defaults_block_0801.v already exists and does not need to be generated.
Layout file /home/passant/caravel_final/mag/gpio_defaults_block_0403.mag already exists and does not need to be generated.
Gate-level verilog file /home/passant/caravel_final/verilog/gl/gpio_defaults_block_0403.v already exists and does not need to be generated.
Layout file /home/passant/caravel_final/mag/gpio_defaults_block_0403.mag already exists and does not need to be generated.
Gate-level verilog file /home/passant/caravel_final/verilog/gl/gpio_defaults_block_0403.v already exists and does not need to be generated.
Layout file /home/passant/caravel_final/mag/gpio_defaults_block_0403.mag already exists and does not need to be generated.
Gate-level verilog file /home/passant/caravel_final/verilog/gl/gpio_defaults_block_0403.v already exists and does not need to be generated.
Layout file /home/passant/caravel_final/mag/gpio_defaults_block_0403.mag already exists and does not need to be generated.
Gate-level verilog file /home/passant/caravel_final/verilog/gl/gpio_defaults_block_0403.v already exists and does not need to be generated.
Layout file /home/passant/caravel_final/mag/gpio_defaults_block_0403.mag already exists and does not need to be generated.
Gate-level verilog file /home/passant/caravel_final/verilog/gl/gpio_defaults_block_0403.v already exists and does not need to be generated.
Layout file /home/passant/caravel_final/mag/gpio_defaults_block_0403.mag already exists and does not need to be generated.
Gate-level verilog file /home/passant/caravel_final/verilog/gl/gpio_defaults_block_0403.v already exists and does not need to be generated.
Layout file /home/passant/caravel_final/mag/gpio_defaults_block_0403.mag already exists and does not need to be generated.
Gate-level verilog file /home/passant/caravel_final/verilog/gl/gpio_defaults_block_0403.v already exists and does not need to be generated.
Layout file /home/passant/caravel_final/mag/gpio_defaults_block_0403.mag already exists and does not need to be generated.
Gate-level verilog file /home/passant/caravel_final/verilog/gl/gpio_defaults_block_0403.v already exists and does not need to be generated.
Layout file /home/passant/caravel_final/mag/gpio_defaults_block_0403.mag already exists and does not need to be generated.
Gate-level verilog file /home/passant/caravel_final/verilog/gl/gpio_defaults_block_0403.v already exists and does not need to be generated.
Layout file /home/passant/caravel_final/mag/gpio_defaults_block_0403.mag already exists and does not need to be generated.
Gate-level verilog file /home/passant/caravel_final/verilog/gl/gpio_defaults_block_0403.v already exists and does not need to be generated.
Layout file /home/passant/caravel_final/mag/gpio_defaults_block_0403.mag already exists and does not need to be generated.
Gate-level verilog file /home/passant/caravel_final/verilog/gl/gpio_defaults_block_0403.v already exists and does not need to be generated.
Layout file /home/passant/caravel_final/mag/gpio_defaults_block_0403.mag already exists and does not need to be generated.
Gate-level verilog file /home/passant/caravel_final/verilog/gl/gpio_defaults_block_0403.v already exists and does not need to be generated.
Layout file /home/passant/caravel_final/mag/gpio_defaults_block_0403.mag already exists and does not need to be generated.
Gate-level verilog file /home/passant/caravel_final/verilog/gl/gpio_defaults_block_0403.v already exists and does not need to be generated.
Layout file /home/passant/caravel_final/mag/gpio_defaults_block_0403.mag already exists and does not need to be generated.
Gate-level verilog file /home/passant/caravel_final/verilog/gl/gpio_defaults_block_0403.v already exists and does not need to be generated.
Layout file /home/passant/caravel_final/mag/gpio_defaults_block_0403.mag already exists and does not need to be generated.
Gate-level verilog file /home/passant/caravel_final/verilog/gl/gpio_defaults_block_0403.v already exists and does not need to be generated.
Layout file /home/passant/caravel_final/mag/gpio_defaults_block_0403.mag already exists and does not need to be generated.
Gate-level verilog file /home/passant/caravel_final/verilog/gl/gpio_defaults_block_0403.v already exists and does not need to be generated.
Layout file /home/passant/caravel_final/mag/gpio_defaults_block_0403.mag already exists and does not need to be generated.
Gate-level verilog file /home/passant/caravel_final/verilog/gl/gpio_defaults_block_0403.v already exists and does not need to be generated.
Layout file /home/passant/caravel_final/mag/gpio_defaults_block_0403.mag already exists and does not need to be generated.
Gate-level verilog file /home/passant/caravel_final/verilog/gl/gpio_defaults_block_0403.v already exists and does not need to be generated.
Layout file /home/passant/caravel_final/mag/gpio_defaults_block_0403.mag already exists and does not need to be generated.
Gate-level verilog file /home/passant/caravel_final/verilog/gl/gpio_defaults_block_0403.v already exists and does not need to be generated.
Layout file /home/passant/caravel_final/mag/gpio_defaults_block_0403.mag already exists and does not need to be generated.
Gate-level verilog file /home/passant/caravel_final/verilog/gl/gpio_defaults_block_0403.v already exists and does not need to be generated.
Layout file /home/passant/caravel_final/mag/gpio_defaults_block_0403.mag already exists and does not need to be generated.
Gate-level verilog file /home/passant/caravel_final/verilog/gl/gpio_defaults_block_0403.v already exists and does not need to be generated.
Layout file /home/passant/caravel_final/mag/gpio_defaults_block_0403.mag already exists and does not need to be generated.
Gate-level verilog file /home/passant/caravel_final/verilog/gl/gpio_defaults_block_0403.v already exists and does not need to be generated.
Layout file /home/passant/caravel_final/mag/gpio_defaults_block_0403.mag already exists and does not need to be generated.
Gate-level verilog file /home/passant/caravel_final/verilog/gl/gpio_defaults_block_0403.v already exists and does not need to be generated.
Layout file /home/passant/caravel_final/mag/gpio_defaults_block_0403.mag already exists and does not need to be generated.
Gate-level verilog file /home/passant/caravel_final/verilog/gl/gpio_defaults_block_0403.v already exists and does not need to be generated.
Layout file /home/passant/caravel_final/mag/gpio_defaults_block_0403.mag already exists and does not need to be generated.
Gate-level verilog file /home/passant/caravel_final/verilog/gl/gpio_defaults_block_0403.v already exists and does not need to be generated.
Layout file /home/passant/caravel_final/mag/gpio_defaults_block_0403.mag already exists and does not need to be generated.
Gate-level verilog file /home/passant/caravel_final/verilog/gl/gpio_defaults_block_0403.v already exists and does not need to be generated.
Layout file /home/passant/caravel_final/mag/gpio_defaults_block_0403.mag already exists and does not need to be generated.
Gate-level verilog file /home/passant/caravel_final/verilog/gl/gpio_defaults_block_0403.v already exists and does not need to be generated.
Layout file /home/passant/caravel_final/mag/gpio_defaults_block_0403.mag already exists and does not need to be generated.
Gate-level verilog file /home/passant/caravel_final/verilog/gl/gpio_defaults_block_0403.v already exists and does not need to be generated.
Layout file /home/passant/caravel_final/mag/gpio_defaults_block_0403.mag already exists and does not need to be generated.
Gate-level verilog file /home/passant/caravel_final/verilog/gl/gpio_defaults_block_0403.v already exists and does not need to be generated.
Layout file /home/passant/caravel_final/mag/gpio_defaults_block_0403.mag already exists and does not need to be generated.
Gate-level verilog file /home/passant/caravel_final/verilog/gl/gpio_defaults_block_0403.v already exists and does not need to be generated.
Layout file /home/passant/caravel_final/mag/gpio_defaults_block_0403.mag already exists and does not need to be generated.
Gate-level verilog file /home/passant/caravel_final/verilog/gl/gpio_defaults_block_0403.v already exists and does not need to be generated.
Layout file /home/passant/caravel_final/mag/gpio_defaults_block_0403.mag already exists and does not need to be generated.
Gate-level verilog file /home/passant/caravel_final/verilog/gl/gpio_defaults_block_0403.v already exists and does not need to be generated.
Layout file /home/passant/caravel_final/mag/gpio_defaults_block_0403.mag already exists and does not need to be generated.
Gate-level verilog file /home/passant/caravel_final/verilog/gl/gpio_defaults_block_0403.v already exists and does not need to be generated.
Layout file /home/passant/caravel_final/mag/gpio_defaults_block_0403.mag already exists and does not need to be generated.
Gate-level verilog file /home/passant/caravel_final/verilog/gl/gpio_defaults_block_0403.v already exists and does not need to be generated.
Step 2:  Modify top-level layouts to use the specified defaults.
Done.

Magic 8.3 revision 328 - Compiled on Mon Oct  3 14:33:08 PDT 2022.
Starting magic under Tcl interpreter
Using the terminal as the console.
Using NULL graphics device.
Processing system .magicrc file
Sourcing design .magicrc for technology sky130A ...
2 Magic internal units = 1 Lambda
Input style sky130(vendor): scaleFactor=2, multiplier=2
The following types are not handled by extraction and will be treated as non-electrical types:
    ubm 
Scaled tech values by 2 / 1 to match internal grid scaling
Loading sky130A Device Generator Menu ...
Loading "tech-files/build.tcl" from command line.
Scaled magic input cell user_project_wrapper geometry by factor of 2
user_project_wrapper: 10000 rects
user_project_wrapper: 20000 rects
user_project_wrapper: 30000 rects
user_project_wrapper: 40000 rects
user_project_wrapper: 50000 rects
Scaled magic input cell user_id_textblock geometry by factor of 2
caravan: 10000 rects
caravan: 20000 rects
caravan: 30000 rects
caravan: 40000 rects
caravan: 50000 rects
caravan: 60000 rects
caravan: 70000 rects
Processing timestamp mismatches: mgmt_core_wrapper, simple_por.
Scaled magic input cell caravan_motto geometry by factor of 2
Scaled magic input cell font_22 geometry by factor of 24
Scaled magic input cell font_64 geometry by factor of 24
Scaled magic input cell font_61 geometry by factor of 24
Scaled magic input cell font_6F geometry by factor of 24
Scaled magic input cell font_52 geometry by factor of 24
Scaled magic input cell font_6E geometry by factor of 24
Scaled magic input cell font_65 geometry by factor of 24
Scaled magic input cell font_70 geometry by factor of 24
Scaled magic input cell font_4F geometry by factor of 24
Scaled magic input cell font_68 geometry by factor of 24
Scaled magic input cell font_54 geometry by factor of 24
Scaled magic input cell font_67 geometry by factor of 24
Scaled magic input cell font_69 geometry by factor of 24
Scaled magic input cell font_76 geometry by factor of 24
Scaled magic input cell font_72 geometry by factor of 24
Scaled magic input cell font_44 geometry by factor of 24
Scaled magic input cell font_79 geometry by factor of 24
Scaled magic input cell font_74 geometry by factor of 24
Scaled magic input cell font_73 geometry by factor of 24
Scaled magic input cell font_66 geometry by factor of 24
Scaled magic input cell font_63 geometry by factor of 24
Scaled magic input cell font_62 geometry by factor of 24
Scaled magic input cell font_57 geometry by factor of 24
Scaled magic input cell font_56 geometry by factor of 24
Scaled magic input cell font_53 geometry by factor of 24
Scaled magic input cell font_50 geometry by factor of 24
Scaled magic input cell font_47 geometry by factor of 24
Scaled magic input cell font_43 geometry by factor of 24
Scaled magic input cell font_34 geometry by factor of 24
Scaled magic input cell font_32 geometry by factor of 24
Scaled magic input cell font_30 geometry by factor of 24
Scaled magic input cell font_29 geometry by factor of 24
Scaled magic input cell font_28 geometry by factor of 24
Scaled magic input cell font_20 geometry by factor of 24
Scaled magic input cell font_6C geometry by factor of 24
Scaled magic input cell font_6B geometry by factor of 24
Scaled magic input cell font_4B geometry by factor of 24
Scaled magic input cell font_2D geometry by factor of 24
Scaled magic input cell open_source geometry by factor of 2
Scaled magic input cell alpha_0 geometry by factor of 2
caravel_clocking: 10000 rects
caravel_clocking: 20000 rects
caravel_clocking: 30000 rects
housekeeping: 10000 rects
housekeeping: 20000 rects
housekeeping: 30000 rects
housekeeping: 40000 rects
housekeeping: 50000 rects
housekeeping: 60000 rects
housekeeping: 70000 rects
housekeeping: 80000 rects
housekeeping: 90000 rects
housekeeping: 100000 rects
housekeeping: 110000 rects
housekeeping: 120000 rects
housekeeping: 130000 rects
housekeeping: 140000 rects
housekeeping: 150000 rects
housekeeping: 160000 rects
housekeeping: 170000 rects
housekeeping: 180000 rects
housekeeping: 190000 rects
housekeeping: 200000 rects
housekeeping: 210000 rects
housekeeping: 220000 rects
housekeeping: 230000 rects
housekeeping: 240000 rects
housekeeping: 250000 rects
housekeeping: 260000 rects
housekeeping: 270000 rects
housekeeping: 280000 rects
housekeeping: 290000 rects
housekeeping: 300000 rects
housekeeping: 310000 rects
housekeeping: 320000 rects
housekeeping: 330000 rects
housekeeping: 340000 rects
housekeeping: 350000 rects
housekeeping: 360000 rects
housekeeping: 370000 rects
housekeeping: 380000 rects
housekeeping: 390000 rects
housekeeping: 400000 rects
housekeeping: 410000 rects
housekeeping: 420000 rects
housekeeping: 430000 rects
housekeeping: 440000 rects
housekeeping: 450000 rects
housekeeping: 460000 rects
housekeeping: 470000 rects
housekeeping: 480000 rects
housekeeping: 490000 rects
housekeeping: 500000 rects
housekeeping: 510000 rects
housekeeping: 520000 rects
digital_pll: 10000 rects
digital_pll: 20000 rects
mgmt_protect: 10000 rects
mgmt_protect: 20000 rects
mgmt_protect: 30000 rects
mgmt_protect: 40000 rects
mgmt_protect: 50000 rects
mgmt_protect: 60000 rects
mgmt_protect: 70000 rects
mgmt_protect: 80000 rects
mgmt_protect: 90000 rects
mgmt_protect: 100000 rects
mgmt_protect: 110000 rects
mgmt_protect: 120000 rects
mgmt_protect: 130000 rects
mgmt_protect: 140000 rects
mgmt_protect: 150000 rects
mgmt_protect: 160000 rects
mgmt_protect: 170000 rects
mgmt_protect: 180000 rects
mgmt_protect: 190000 rects
mgmt_protect: 200000 rects
mgmt_protect: 210000 rects
mgmt_protect: 220000 rects
mgmt_protect: 230000 rects
mgmt_protect: 240000 rects
mgmt_protect: 250000 rects
mgmt_protect: 260000 rects
mgmt_protect: 270000 rects
mgmt_protect: 280000 rects
mgmt_protect: 290000 rects
mgmt_protect: 300000 rects
mgmt_protect: 310000 rects
mgmt_protect: 320000 rects
mgmt_protect: 330000 rects
mgmt_protect: 340000 rects
mgmt_protect: 350000 rects
mgmt_protect: 360000 rects
mgmt_protect: 370000 rects
mgmt_protect: 380000 rects
mgmt_protect: 390000 rects
mgmt_protect: 400000 rects
Scaled magic input cell user_analog_project_wrapper geometry by factor of 2
sky130_fd_io__corner_bus_overlay: 10000 rects
sky130_fd_io__top_ground_hvc_wpad: 10000 rects
sky130_fd_io__top_ground_hvc_wpad: 20000 rects
sky130_fd_io__top_ground_hvc_wpad: 30000 rects
sky130_fd_io__top_ground_hvc_wpad: 40000 rects
sky130_fd_io__top_ground_hvc_wpad: 50000 rects
sky130_fd_io__top_ground_hvc_wpad: 60000 rects
sky130_fd_io__top_ground_hvc_wpad: 70000 rects
sky130_fd_io__top_ground_hvc_wpad: 80000 rects
sky130_fd_io__top_ground_hvc_wpad: 90000 rects
sky130_fd_io__top_ground_hvc_wpad: 100000 rects
sky130_fd_io__top_ground_hvc_wpad: 110000 rects
sky130_fd_io__top_ground_hvc_wpad: 120000 rects
sky130_fd_io__top_ground_hvc_wpad: 130000 rects
sky130_fd_io__top_ground_hvc_wpad: 140000 rects
sky130_fd_io__top_ground_hvc_wpad: 150000 rects
sky130_fd_io__top_ground_hvc_wpad: 160000 rects
sky130_fd_io__top_ground_hvc_wpad: 170000 rects
sky130_fd_io__top_ground_hvc_wpad: 180000 rects
sky130_fd_io__top_ground_hvc_wpad: 190000 rects
sky130_fd_io__top_ground_hvc_wpad: 200000 rects
sky130_fd_io__top_ground_hvc_wpad: 210000 rects
Scaled magic input cell sky130_fd_pr__hvdfl1sd__example_5595914180851 geometry by factor of 2
Scaled magic input cell sky130_fd_pr__dfl1sd__example_55959141808336 geometry by factor of 2
Scaled magic input cell sky130_fd_pr__dfl1sd2__example_55959141808666 geometry by factor of 2
Scaled magic input cell sky130_fd_pr__dfl1sd__example_55959141808678 geometry by factor of 2
Scaled magic input cell sky130_fd_pr__dfl1sd2__example_55959141808679 geometry by factor of 2
Scaled magic input cell sky130_fd_pr__via_pol1__example_5595914180839 geometry by factor of 2
Scaled magic input cell sky130_fd_pr__hvdftpl1s__example_55959141808671 geometry by factor of 2
Scaled magic input cell sky130_fd_pr__hvdftpl1s2__example_55959141808672 geometry by factor of 2
Scaled magic input cell sky130_fd_pr__dfl1__example_55959141808663 geometry by factor of 2
Scaled magic input cell sky130_fd_pr__via_l1m1__example_55959141808660 geometry by factor of 2
Scaled magic input cell sky130_fd_pr__hvdftpl1s__example_55959141808675 geometry by factor of 2
Scaled magic input cell sky130_fd_pr__hvdftpl1s2__example_55959141808676 geometry by factor of 2
Scaled magic input cell sky130_fd_pr__dfl1__example_55959141808662 geometry by factor of 2
Scaled magic input cell sky130_fd_pr__via_l1m1__example_55959141808661 geometry by factor of 2
Scaled magic input cell sky130_fd_pr__via_l1m1__example_559591418084 geometry by factor of 2
Scaled magic input cell sky130_fd_pr__genrivetdlring__example_559591418082 geometry by factor of 2
Scaled magic input cell sky130_fd_pr__gendlring__example_559591418081 geometry by factor of 2
sky130_fd_io__top_xres4v2: 10000 rects
sky130_fd_io__top_xres4v2: 20000 rects
sky130_fd_io__top_xres4v2: 30000 rects
sky130_fd_io__top_xres4v2: 40000 rects
sky130_fd_io__top_xres4v2: 50000 rects
sky130_fd_io__top_xres4v2: 60000 rects
sky130_fd_io__top_xres4v2: 70000 rects
sky130_fd_io__top_xres4v2: 80000 rects
sky130_fd_io__top_xres4v2: 90000 rects
sky130_fd_io__top_xres4v2: 100000 rects
sky130_fd_io__top_xres4v2: 110000 rects
sky130_fd_io__top_xres4v2: 120000 rects
sky130_fd_io__top_xres4v2: 130000 rects
sky130_fd_io__top_xres4v2: 140000 rects
sky130_fd_io__top_xres4v2: 150000 rects
sky130_fd_io__top_xres4v2: 160000 rects
sky130_fd_io__top_xres4v2: 170000 rects
sky130_fd_io__top_xres4v2: 180000 rects
sky130_fd_io__top_xres4v2: 190000 rects
sky130_fd_io__top_xres4v2: 200000 rects
sky130_fd_io__top_xres4v2: 210000 rects
Scaled magic input cell sky130_fd_pr__hvdfm1sd2__example_55959141808719 geometry by factor of 2
Scaled magic input cell sky130_fd_pr__hvdfm1sd2__example_55959141808765 geometry by factor of 2
Scaled magic input cell sky130_fd_pr__hvdfm1sd2__example_55959141808717 geometry by factor of 2
Scaled magic input cell sky130_fd_pr__hvdfm1sd2__example_55959141808243 geometry by factor of 2
Scaled magic input cell sky130_fd_pr__hvdfm1sd2__example_5595914180890 geometry by factor of 2
Scaled magic input cell sky130_fd_pr__via_l1m1__example_55959141808264 geometry by factor of 2
Scaled magic input cell sky130_fd_pr__via_l1m1__example_5595914180858 geometry by factor of 2
Scaled magic input cell sky130_fd_pr__via_pol1__example_5595914180833 geometry by factor of 2
Scaled magic input cell sky130_fd_io__tk_em1s_cdns_55959141808288 geometry by factor of 2
Scaled magic input cell sky130_fd_io__tk_em1s_cdns_5595914180859 geometry by factor of 2
Scaled magic input cell sky130_fd_io__tk_em1o_cdns_55959141808289 geometry by factor of 2
Scaled magic input cell sky130_fd_pr__via_pol1__example_55959141808274 geometry by factor of 2
Scaled magic input cell sky130_fd_pr__via_m1m2__example_55959141808728 geometry by factor of 2
Scaled magic input cell sky130_fd_pr__via_m1m2__example_55959141808727 geometry by factor of 2
Scaled magic input cell sky130_fd_pr__via_m1m2__example_55959141808726 geometry by factor of 2
Scaled magic input cell sky130_fd_pr__via_m1m2__example_55959141808725 geometry by factor of 2
Scaled magic input cell sky130_fd_pr__via_m1m2__example_55959141808724 geometry by factor of 2
Scaled magic input cell sky130_fd_pr__via_m1m2__example_55959141808554 geometry by factor of 2
Scaled magic input cell sky130_fd_pr__via_m1m2__example_55959141808553 geometry by factor of 2
Scaled magic input cell sky130_fd_pr__via_m1m2__example_55959141808552 geometry by factor of 2
Scaled magic input cell sky130_fd_pr__via_m1m2__example_55959141808551 geometry by factor of 2
Scaled magic input cell sky130_fd_pr__via_m1m2__example_55959141808402 geometry by factor of 2
Scaled magic input cell sky130_fd_pr__via_m1m2__example_55959141808350 geometry by factor of 2
Scaled magic input cell sky130_fd_pr__via_m1m2__example_55959141808261 geometry by factor of 2
Scaled magic input cell sky130_fd_pr__via_m1m2__example_55959141808260 geometry by factor of 2
Scaled magic input cell sky130_fd_pr__via_m1m2__example_55959141808259 geometry by factor of 2
Scaled magic input cell sky130_fd_pr__via_l1m1__example_55959141808400 geometry by factor of 2
Scaled magic input cell sky130_fd_pr__via_l1m1__example_55959141808372 geometry by factor of 2
Scaled magic input cell sky130_fd_pr__via_l1m1__example_55959141808326 geometry by factor of 2
Scaled magic input cell sky130_fd_pr__via_l1m1__example_55959141808290 geometry by factor of 2
Scaled magic input cell sky130_fd_pr__via_l1m1__example_55959141808128 geometry by factor of 2
Scaled magic input cell sky130_fd_pr__via_l1m1__example_55959141808127 geometry by factor of 2
Scaled magic input cell sky130_fd_pr__via_l1m1__example_5595914180897 geometry by factor of 2
Scaled magic input cell sky130_fd_pr__dfl1sd__example_5595914180819 geometry by factor of 2
Scaled magic input cell sky130_fd_pr__via_pol1__example_55959141808147 geometry by factor of 2
Scaled magic input cell sky130_fd_pr__via_l1m1__example_55959141808157 geometry by factor of 2
Scaled magic input cell sky130_fd_pr__via_l1m1__example_55959141808156 geometry by factor of 2
Scaled magic input cell sky130_fd_pr__via_l1m1__example_55959141808155 geometry by factor of 2
Scaled magic input cell sky130_fd_pr__via_l1m1__example_55959141808154 geometry by factor of 2
Scaled magic input cell sky130_fd_pr__via_l1m1__example_55959141808153 geometry by factor of 2
Scaled magic input cell sky130_fd_pr__via_l1m1__example_55959141808152 geometry by factor of 2
Scaled magic input cell sky130_fd_pr__tpl1__example_55959141808151 geometry by factor of 2
Scaled magic input cell sky130_fd_pr__tpl1__example_55959141808150 geometry by factor of 2
Scaled magic input cell sky130_fd_pr__tpl1__example_55959141808149 geometry by factor of 2
Scaled magic input cell sky130_fd_pr__tpl1__example_55959141808148 geometry by factor of 2
Scaled magic input cell sky130_fd_pr__dfl1__example_55959141808158 geometry by factor of 2
Scaled magic input cell sky130_fd_pr__via_pol1__example_559591418083 geometry by factor of 2
Scaled magic input cell sky130_fd_pr__hvdfl1sd__example_55959141808137 geometry by factor of 2
Scaled magic input cell sky130_fd_pr__dfl1sd__example_559591418086 geometry by factor of 2
Scaled magic input cell sky130_fd_pr__hvdfl1sd__example_55959141808370 geometry by factor of 2
Scaled magic input cell sky130_fd_pr__hvdfl1sd2__example_55959141808316 geometry by factor of 2
Scaled magic input cell sky130_fd_pr__hvdfl1sd2__example_55959141808385 geometry by factor of 2
Scaled magic input cell sky130_fd_pr__dfl1sd__example_559591418088 geometry by factor of 2
Scaled magic input cell sky130_fd_pr__via_pol1__example_55959141808612 geometry by factor of 2
Scaled magic input cell sky130_fd_pr__hvdfm1sd__example_5595914180848 geometry by factor of 2
Scaled magic input cell sky130_fd_pr__hvdfm1sd2__example_5595914180849 geometry by factor of 2
Scaled magic input cell sky130_fd_pr__via_m2m3__example_55959141808714 geometry by factor of 2
Scaled magic input cell sky130_fd_pr__via_pol1_centered__example_559591418081 geometry by factor of 2
Scaled magic input cell sky130_fd_io__tk_em2s_cdns_55959141808652 geometry by factor of 2
Scaled magic input cell sky130_fd_io__tk_em2o_cdns_55959141808653 geometry by factor of 2
sky130_fd_io__pfet_con_diff_wo_abt_270_xres4v2: 10000 rects
sky130_fd_io__pfet_con_diff_wo_abt_270_xres4v2: 20000 rects
sky130_fd_io__pfet_con_diff_wo_abt_270_xres4v2: 30000 rects
sky130_fd_io__pfet_con_diff_wo_abt_270_xres4v2: 40000 rects
Scaled magic input cell sky130_fd_pr__via_l1m1_centered__example_5595914180812 geometry by factor of 2
Scaled magic input cell sky130_fd_pr__via_l1m1_centered__example_5595914180811 geometry by factor of 2
Scaled magic input cell sky130_fd_pr__via_l1m1_centered__example_559591418086 geometry by factor of 2
Scaled magic input cell sky130_fd_pr__via_l1m1_centered__example_559591418084 geometry by factor of 2
Scaled magic input cell sky130_fd_pr__hvdftpm1s2__example_55959141808659 geometry by factor of 2
Scaled magic input cell sky130_fd_pr__pfet_01v8__example_55959141808657 geometry by factor of 2
Scaled magic input cell sky130_fd_pr__hvdfl1sd2__example_55959141808202 geometry by factor of 2
sky130_fd_io__xres2v2_rcfilter_lpfv2: 10000 rects
sky130_fd_io__xres2v2_rcfilter_lpfv2: 20000 rects
sky130_fd_io__xres2v2_rcfilter_lpfv2: 30000 rects
sky130_fd_io__xres2v2_rcfilter_lpfv2: 40000 rects
Scaled magic input cell sky130_fd_pr__via_pol1__example_55959141808273 geometry by factor of 2
Scaled magic input cell sky130_fd_pr__via_m1m2__example_55959141808740 geometry by factor of 2
Scaled magic input cell sky130_fd_pr__via_m1m2__example_55959141808739 geometry by factor of 2
Scaled magic input cell sky130_fd_pr__via_m1m2__example_55959141808738 geometry by factor of 2
Scaled magic input cell sky130_fd_pr__via_m1m2__example_55959141808737 geometry by factor of 2
Scaled magic input cell sky130_fd_pr__via_m1m2__example_55959141808736 geometry by factor of 2
Scaled magic input cell sky130_fd_pr__via_m1m2__example_55959141808735 geometry by factor of 2
Scaled magic input cell sky130_fd_pr__via_m1m2__example_55959141808734 geometry by factor of 2
Scaled magic input cell sky130_fd_pr__via_m1m2__example_55959141808733 geometry by factor of 2
Scaled magic input cell sky130_fd_pr__via_m1m2__example_55959141808732 geometry by factor of 2
Scaled magic input cell sky130_fd_pr__via_m1m2__example_55959141808731 geometry by factor of 2
Scaled magic input cell sky130_fd_pr__via_m1m2__example_55959141808730 geometry by factor of 2
Scaled magic input cell sky130_fd_pr__via_l1m1__example_55959141808752 geometry by factor of 2
Scaled magic input cell sky130_fd_pr__via_l1m1__example_55959141808751 geometry by factor of 2
Scaled magic input cell sky130_fd_pr__via_l1m1__example_55959141808750 geometry by factor of 2
Scaled magic input cell sky130_fd_pr__via_l1m1__example_55959141808749 geometry by factor of 2
Scaled magic input cell sky130_fd_pr__via_l1m1__example_55959141808748 geometry by factor of 2
Scaled magic input cell sky130_fd_pr__via_l1m1__example_55959141808747 geometry by factor of 2
Scaled magic input cell sky130_fd_pr__via_l1m1__example_55959141808746 geometry by factor of 2
Scaled magic input cell sky130_fd_pr__via_l1m1__example_55959141808745 geometry by factor of 2
Scaled magic input cell sky130_fd_pr__via_l1m1__example_55959141808744 geometry by factor of 2
Scaled magic input cell sky130_fd_pr__via_l1m1__example_55959141808743 geometry by factor of 2
Scaled magic input cell sky130_fd_pr__via_l1m1__example_55959141808742 geometry by factor of 2
Scaled magic input cell sky130_fd_pr__via_l1m1__example_55959141808741 geometry by factor of 2
Scaled magic input cell sky130_fd_pr__via_l1m1__example_55959141808324 geometry by factor of 2
Scaled magic input cell sky130_fd_pr__via_l1m1__example_55959141808270 geometry by factor of 2
Scaled magic input cell sky130_fd_pr__dfl1__example_55959141808187 geometry by factor of 2
Scaled magic input cell sky130_fd_pr__hvdfl1sd__example_55959141808338 geometry by factor of 2
Scaled magic input cell sky130_fd_pr__hvdfl1sd2__example_55959141808337 geometry by factor of 2
Scaled magic input cell sky130_fd_pr__hvdfl1sd__example_55959141808700 geometry by factor of 2
Scaled magic input cell sky130_fd_pr__hvdfl1sd2__example_55959141808559 geometry by factor of 2
Scaled magic input cell sky130_fd_pr__dfl1__example_55959141808729 geometry by factor of 2
Scaled magic input cell sky130_fd_io__xres_tk_p_em1o_cdns_55959141808758 geometry by factor of 2
Scaled magic input cell sky130_fd_io__xres_tk_p_em1o_cdns_55959141808757 geometry by factor of 2
Scaled magic input cell sky130_fd_io__xres_tk_p_em1o_cdns_55959141808756 geometry by factor of 2
Scaled magic input cell sky130_fd_io__xres_tk_p_em1c_cdns_55959141808761 geometry by factor of 2
Scaled magic input cell sky130_fd_io__xres_tk_p_em1c_cdns_55959141808760 geometry by factor of 2
Scaled magic input cell sky130_fd_io__xres_tk_p_em1c_cdns_55959141808759 geometry by factor of 2
Scaled magic input cell sky130_fd_io__xres_p_em1c_cdns_55959141808753 geometry by factor of 2
Scaled magic input cell sky130_fd_io__tk_em1o_cdns_5595914180860 geometry by factor of 2
Scaled magic input cell sky130_fd_pr__via_l1m1__example_5595914180857 geometry by factor of 2
sky130_fd_io__nfet_con_diff_wo_abt_270_xres4v2: 10000 rects
sky130_fd_io__nfet_con_diff_wo_abt_270_xres4v2: 20000 rects
sky130_fd_io__nfet_con_diff_wo_abt_270_xres4v2: 30000 rects
sky130_fd_io__nfet_con_diff_wo_abt_270_xres4v2: 40000 rects
sky130_fd_io__nfet_con_diff_wo_abt_270_xres4v2: 50000 rects
Scaled magic input cell sky130_fd_pr__hvdftpm1s2__example_55959141808649 geometry by factor of 2
Scaled magic input cell sky130_fd_pr__hvdftpl1s__example_55959141808646 geometry by factor of 2
Scaled magic input cell sky130_fd_pr__hvdfl1sd2__example_55959141808378 geometry by factor of 2
sky130_fd_io__xres4v2_in_buf: 10000 rects
sky130_fd_io__xres4v2_in_buf: 20000 rects
sky130_fd_io__xres4v2_in_buf: 30000 rects
sky130_fd_io__xres4v2_in_buf: 40000 rects
Scaled magic input cell sky130_fd_pr__hvdfm1sd__example_55959141808782 geometry by factor of 2
Scaled magic input cell sky130_fd_pr__hvdfm1sd2__example_55959141808449 geometry by factor of 2
Scaled magic input cell sky130_fd_pr__hvdfm1sd__example_55959141808452 geometry by factor of 2
Scaled magic input cell sky130_fd_pr__hvdfm1sd__example_55959141808233 geometry by factor of 2
Scaled magic input cell sky130_fd_pr__hvdfm1sd2__example_5595914180827 geometry by factor of 2
Scaled magic input cell sky130_fd_pr__hvdfm1sd__example_5595914180835 geometry by factor of 2
Scaled magic input cell sky130_fd_pr__hvdfm1sd__example_55959141808242 geometry by factor of 2
Scaled magic input cell sky130_fd_pr__hvdfm1sd2__example_5595914180829 geometry by factor of 2
Scaled magic input cell sky130_fd_pr__hvdfm1sd__example_55959141808237 geometry by factor of 2
sky130_fd_io__top_gpiov2: 10000 rects
sky130_fd_io__top_gpiov2: 20000 rects
sky130_fd_io__top_gpiov2: 30000 rects
sky130_fd_io__top_gpiov2: 40000 rects
sky130_fd_io__top_gpiov2: 50000 rects
sky130_fd_io__top_gpiov2: 60000 rects
sky130_fd_io__top_gpiov2: 70000 rects
sky130_fd_io__top_gpiov2: 80000 rects
sky130_fd_io__top_gpiov2: 90000 rects
Scaled magic input cell sky130_fd_pr__hvdfl1sd__example_55959141808418 geometry by factor of 2
Scaled magic input cell sky130_fd_pr__dfl1sd__example_55959141808190 geometry by factor of 2
Scaled magic input cell sky130_fd_pr__dfl1sd__example_5595914180811 geometry by factor of 2
Scaled magic input cell sky130_fd_pr__dfl1sd2__example_55959141808191 geometry by factor of 2
Scaled magic input cell sky130_fd_pr__dfl1sd__example_55959141808517 geometry by factor of 2
Scaled magic input cell sky130_fd_pr__dfl1sd2__example_55959141808518 geometry by factor of 2
Scaled magic input cell sky130_fd_pr__dfl1sd__example_5595914180815 geometry by factor of 2
Scaled magic input cell sky130_fd_pr__dfl1sd2__example_5595914180816 geometry by factor of 2
Scaled magic input cell sky130_fd_pr__dfl1sd2__example_5595914180884 geometry by factor of 2
Scaled magic input cell sky130_fd_pr__dfl1sd__example_55959141808106 geometry by factor of 2
Scaled magic input cell sky130_fd_pr__dfl1sd__example_55959141808504 geometry by factor of 2
Scaled magic input cell sky130_fd_pr__dfl1sd2__example_5595914180812 geometry by factor of 2
Scaled magic input cell sky130_fd_pr__dfl1sd2__example_5595914180875 geometry by factor of 2
Scaled magic input cell sky130_fd_io__tk_em2s_cdns_55959141808438 geometry by factor of 2
Scaled magic input cell sky130_fd_io__tk_em2o_cdns_55959141808439 geometry by factor of 2
Scaled magic input cell sky130_fd_io__tk_em1s_cdns_5595914180882 geometry by factor of 2
Scaled magic input cell sky130_fd_io__tk_em1s_cdns_5595914180881 geometry by factor of 2
Scaled magic input cell sky130_fd_io__tk_em1o_cdns_5595914180880 geometry by factor of 2
Scaled magic input cell sky130_fd_io__tk_em1o_cdns_5595914180879 geometry by factor of 2
Scaled magic input cell sky130_fd_pr__dfl1sd__example_5595914180823 geometry by factor of 2
Scaled magic input cell sky130_fd_pr__dfl1sd__example_55959141808510 geometry by factor of 2
Scaled magic input cell sky130_fd_pr__via_pol1__example_55959141808394 geometry by factor of 2
Scaled magic input cell sky130_fd_pr__via_pol1__example_55959141808298 geometry by factor of 2
Scaled magic input cell sky130_fd_pr__via_l1m1__example_55959141808440 geometry by factor of 2
Scaled magic input cell sky130_fd_pr__via_l1m1__example_5595914180878 geometry by factor of 2
Scaled magic input cell sky130_fd_pr__hvdfl1sd__example_55959141808434 geometry by factor of 2
Scaled magic input cell sky130_fd_pr__hvdfl1sd__example_55959141808102 geometry by factor of 2
Scaled magic input cell sky130_fd_pr__hvdfl1sd__example_55959141808115 geometry by factor of 2
Scaled magic input cell sky130_fd_pr__hvdfl1sd__example_55959141808100 geometry by factor of 2
Scaled magic input cell sky130_fd_pr__hvdfl1sd2__example_55959141808140 geometry by factor of 2
Scaled magic input cell sky130_fd_pr__hvdfl1sd__example_55959141808280 geometry by factor of 2
Scaled magic input cell sky130_fd_pr__hvdfl1sd2__example_55959141808425 geometry by factor of 2
Scaled magic input cell sky130_fd_pr__hvdfl1sd2__example_55959141808306 geometry by factor of 2
sky130_fd_io__gpiov2_amux: 10000 rects
sky130_fd_io__gpiov2_amux: 20000 rects
sky130_fd_io__gpiov2_amux: 30000 rects
Scaled magic input cell sky130_fd_pr__hvdfl1sd2__example_55959141808178 geometry by factor of 2
Scaled magic input cell sky130_fd_pr__hvdfl1sd2__example_55959141808488 geometry by factor of 2
Scaled magic input cell sky130_fd_pr__hvdfl1sd__example_55959141808122 geometry by factor of 2
Scaled magic input cell sky130_fd_pr__dfl1sd__example_55959141808123 geometry by factor of 2
Scaled magic input cell sky130_fd_pr__hvdfl1sd__example_55959141808476 geometry by factor of 2
Scaled magic input cell sky130_fd_pr__dfl1sd__example_5595914180868 geometry by factor of 2
Scaled magic input cell sky130_fd_pr__dfl1sd2__example_5595914180869 geometry by factor of 2
Scaled magic input cell sky130_fd_pr__hvdfm1sd__example_55959141808581 geometry by factor of 2
Scaled magic input cell sky130_fd_pr__hvdfl1sd__example_55959141808278 geometry by factor of 2
Scaled magic input cell sky130_fd_pr__hvdfl1sd2__example_55959141808462 geometry by factor of 2
Scaled magic input cell sky130_fd_pr__hvdfm1sd__example_55959141808200 geometry by factor of 2
Scaled magic input cell sky130_fd_pr__hvdfl1sd__example_5595914180894 geometry by factor of 2
Scaled magic input cell sky130_fd_pr__dfm1sd__example_55959141808258 geometry by factor of 2
sky130_fd_io__amux_switch_1v2b: 10000 rects
Scaled magic input cell sky130_fd_pr__hvdfm1sd2__example_55959141808563 geometry by factor of 2
Scaled magic input cell sky130_fd_pr__hvdfm1sd2__example_55959141808251 geometry by factor of 2
Scaled magic input cell sky130_fd_pr__dfm1sd2__example_55959141808561 geometry by factor of 2
Scaled magic input cell sky130_fd_pr__via_l1m1__example_55959141808267 geometry by factor of 2
Scaled magic input cell sky130_fd_pr__via_l1m1__example_55959141808266 geometry by factor of 2
Scaled magic input cell sky130_fd_pr__dfl1sd2__example_55959141808633 geometry by factor of 2
Scaled magic input cell sky130_fd_pr__via_pol1__example_55959141808322 geometry by factor of 2
Scaled magic input cell sky130_fd_pr__via_pol1__example_55959141808321 geometry by factor of 2
Scaled magic input cell sky130_fd_pr__via_pol1__example_55959141808320 geometry by factor of 2
Scaled magic input cell sky130_fd_pr__via_pol1__example_55959141808294 geometry by factor of 2
Scaled magic input cell sky130_fd_pr__via_l1m1__example_55959141808325 geometry by factor of 2
Scaled magic input cell sky130_fd_pr__via_l1m1__example_55959141808323 geometry by factor of 2
Scaled magic input cell sky130_fd_pr__via_l1m1__example_55959141808291 geometry by factor of 2
Scaled magic input cell sky130_fd_pr__pfet_01v8__example_55959141808640 geometry by factor of 2
Scaled magic input cell sky130_fd_pr__hvdfl1sd__example_55959141808194 geometry by factor of 2
Scaled magic input cell sky130_fd_io__tk_em1o_cdns_55959141808328 geometry by factor of 2
Scaled magic input cell sky130_fd_io__tk_em1o_cdns_55959141808327 geometry by factor of 2
Scaled magic input cell sky130_fd_pr__via_pol1__example_55959141808272 geometry by factor of 2
Scaled magic input cell sky130_fd_pr__via_m1m2__example_55959141808271 geometry by factor of 2
Scaled magic input cell sky130_fd_pr__hvdfl1sd2__example_55959141808143 geometry by factor of 2
Scaled magic input cell sky130_fd_pr__via_pol1__example_55959141808275 geometry by factor of 2
Scaled magic input cell sky130_fd_pr__via_m1m2__example_55959141808276 geometry by factor of 2
Scaled magic input cell sky130_fd_pr__via_pol1__example_55959141808297 geometry by factor of 2
Scaled magic input cell sky130_fd_pr__via_pol1__example_55959141808296 geometry by factor of 2
Scaled magic input cell sky130_fd_pr__via_pol1__example_55959141808295 geometry by factor of 2
Scaled magic input cell sky130_fd_pr__via_l1m1__example_55959141808293 geometry by factor of 2
Scaled magic input cell sky130_fd_pr__via_l1m1__example_55959141808292 geometry by factor of 2
Scaled magic input cell sky130_fd_pr__tpl1__example_55959141808300 geometry by factor of 2
Scaled magic input cell sky130_fd_pr__tpl1__example_55959141808299 geometry by factor of 2
Scaled magic input cell sky130_fd_pr__nfet_01v8__example_55959141808308 geometry by factor of 2
Scaled magic input cell sky130_fd_io__tk_em1s_cdns_55959141808301 geometry by factor of 2
Scaled magic input cell sky130_fd_io__tk_em1o_cdns_55959141808302 geometry by factor of 2
Scaled magic input cell sky130_fd_pr__via_pol1__example_5595914180854 geometry by factor of 2
Scaled magic input cell sky130_fd_pr__via_l1m1__example_55959141808368 geometry by factor of 2
Scaled magic input cell sky130_fd_pr__tpl1__example_55959141808625 geometry by factor of 2
Scaled magic input cell sky130_fd_pr__via_pol1__example_55959141808373 geometry by factor of 2
Scaled magic input cell sky130_fd_pr__tpl1__example_55959141808374 geometry by factor of 2
Scaled magic input cell sky130_fd_pr__via_pol1__example_55959141808398 geometry by factor of 2
Scaled magic input cell sky130_fd_pr__via_pol1__example_55959141808397 geometry by factor of 2
Scaled magic input cell sky130_fd_pr__via_pol1__example_55959141808396 geometry by factor of 2
Scaled magic input cell sky130_fd_pr__via_pol1__example_55959141808395 geometry by factor of 2
Scaled magic input cell sky130_fd_pr__via_l1m1__example_55959141808401 geometry by factor of 2
Scaled magic input cell sky130_fd_pr__via_l1m1__example_55959141808399 geometry by factor of 2
Scaled magic input cell sky130_fd_pr__via_l1m1__example_55959141808269 geometry by factor of 2
sky130_fd_io__gpio_odrvr_subv2: 10000 rects
sky130_fd_io__gpio_odrvr_subv2: 20000 rects
sky130_fd_io__gpio_odrvr_subv2: 30000 rects
Scaled magic input cell sky130_fd_pr__via_pol1_centered__example_559591418080 geometry by factor of 2
Scaled magic input cell sky130_fd_pr__via_l1m1__example_5595914180832 geometry by factor of 2
Scaled magic input cell sky130_fd_io__tk_em1s_cdns_5595914180852 geometry by factor of 2
sky130_fd_io__nfet_con_diff_wo_abt_270v2: 10000 rects
sky130_fd_io__nfet_con_diff_wo_abt_270v2: 20000 rects
sky130_fd_io__nfet_con_diff_wo_abt_270v2: 30000 rects
Scaled magic input cell sky130_fd_pr__via_l1m1_centered__example_559591418083 geometry by factor of 2
Scaled magic input cell sky130_fd_pr__via_l1m1_centered__example_559591418082 geometry by factor of 2
sky130_fd_io__pfet_con_diff_wo_abt_270v2: 10000 rects
sky130_fd_io__pfet_con_diff_wo_abt_270v2: 20000 rects
sky130_fd_io__pfet_con_diff_wo_abt_270v2: 30000 rects
sky130_fd_io__pfet_con_diff_wo_abt_270v2: 40000 rects
Scaled magic input cell sky130_fd_pr__via_l1m1_centered__example_559591418085 geometry by factor of 2
sky130_fd_io__gpio_pddrvr_strong_slowv2: 10000 rects
sky130_fd_io__gpio_pddrvr_strong_slowv2: 20000 rects
Scaled magic input cell sky130_fd_pr__hvdfm1sd__example_55959141808655 geometry by factor of 2
sky130_fd_io__top_ground_lvc_wpad: 10000 rects
sky130_fd_io__top_ground_lvc_wpad: 20000 rects
sky130_fd_io__top_ground_lvc_wpad: 30000 rects
sky130_fd_io__top_ground_lvc_wpad: 40000 rects
sky130_fd_io__top_ground_lvc_wpad: 50000 rects
sky130_fd_io__top_ground_lvc_wpad: 60000 rects
sky130_fd_io__top_ground_lvc_wpad: 70000 rects
sky130_fd_io__top_ground_lvc_wpad: 80000 rects
sky130_fd_io__top_ground_lvc_wpad: 90000 rects
sky130_fd_io__top_ground_lvc_wpad: 100000 rects
sky130_fd_io__top_ground_lvc_wpad: 110000 rects
sky130_fd_io__top_ground_lvc_wpad: 120000 rects
sky130_fd_io__top_ground_lvc_wpad: 130000 rects
sky130_fd_io__top_ground_lvc_wpad: 140000 rects
sky130_fd_io__top_ground_lvc_wpad: 150000 rects
sky130_fd_io__top_ground_lvc_wpad: 160000 rects
sky130_fd_io__top_ground_lvc_wpad: 170000 rects
sky130_fd_io__top_ground_lvc_wpad: 180000 rects
sky130_fd_io__top_ground_lvc_wpad: 190000 rects
sky130_fd_io__top_ground_lvc_wpad: 200000 rects
sky130_fd_io__top_ground_lvc_wpad: 210000 rects
sky130_fd_io__top_ground_lvc_wpad: 220000 rects
Scaled magic input cell sky130_fd_pr__via_l1m1__example_55959141808684 geometry by factor of 2
Scaled magic input cell sky130_fd_pr__tpl1__example_55959141808686 geometry by factor of 2
Scaled magic input cell sky130_fd_pr__tpl1__example_55959141808685 geometry by factor of 2
Scaled magic input cell sky130_fd_io__gnd2gnd_tap geometry by factor of 2
Scaled magic input cell sky130_fd_pr__via_l1m1__example_55959141808683 geometry by factor of 2
Scaled magic input cell sky130_fd_pr__dftpl1s2__example_55959141808702 geometry by factor of 2
Scaled magic input cell sky130_fd_pr__dfl1__example_55959141808682 geometry by factor of 2
Scaled magic input cell sky130_fd_pr__dftpl1s2__example_55959141808694 geometry by factor of 2
Scaled magic input cell sky130_fd_pr__dfl1__example_55959141808681 geometry by factor of 2
sky130_fd_io__overlay_vssio_hvc: 10000 rects
sky130_fd_io__hvc_clampv2: 10000 rects
sky130_fd_io__hvc_clampv2: 20000 rects
sky130_fd_io__hvc_clampv2: 30000 rects
sky130_fd_io__hvc_clampv2: 40000 rects
sky130_fd_io__hvc_clampv2: 50000 rects
sky130_fd_io__hvc_clampv2: 60000 rects
sky130_fd_io__hvc_clampv2: 70000 rects
sky130_fd_io__hvc_clampv2: 80000 rects
sky130_fd_io__hvc_clampv2: 90000 rects
sky130_fd_io__hvc_clampv2: 100000 rects
sky130_fd_io__hvc_clampv2: 110000 rects
sky130_fd_io__hvc_clampv2: 120000 rects
sky130_fd_io__hvc_clampv2: 130000 rects
sky130_fd_io__hvc_clampv2: 140000 rects
sky130_fd_io__hvc_clampv2: 150000 rects
sky130_fd_io__hvc_clampv2: 160000 rects
sky130_fd_io__hvc_clampv2: 170000 rects
sky130_fd_io__hvc_clampv2: 180000 rects
sky130_fd_io__hvc_clampv2: 190000 rects
sky130_fd_io__hvc_clampv2: 200000 rects
sky130_fd_io__hvc_clampv2: 210000 rects
sky130_fd_io__hvc_clampv2: 220000 rects
sky130_fd_io__hvc_clampv2: 230000 rects
sky130_fd_io__hvc_clampv2: 240000 rects
sky130_fd_io__hvc_clampv2: 250000 rects
sky130_fd_io__hvc_clampv2: 260000 rects
sky130_fd_io__hvc_clampv2: 270000 rects
sky130_fd_io__hvc_clampv2: 280000 rects
sky130_fd_io__top_power_lvc_wpad: 10000 rects
sky130_fd_io__top_power_lvc_wpad: 20000 rects
sky130_fd_io__top_power_lvc_wpad: 30000 rects
sky130_fd_io__top_power_lvc_wpad: 40000 rects
sky130_fd_io__top_power_lvc_wpad: 50000 rects
sky130_fd_io__top_power_lvc_wpad: 60000 rects
sky130_fd_io__top_power_lvc_wpad: 70000 rects
sky130_fd_io__top_power_lvc_wpad: 80000 rects
sky130_fd_io__top_power_lvc_wpad: 90000 rects
sky130_fd_io__top_power_lvc_wpad: 100000 rects
sky130_fd_io__top_power_lvc_wpad: 110000 rects
sky130_fd_io__top_power_lvc_wpad: 120000 rects
sky130_fd_io__top_power_lvc_wpad: 130000 rects
sky130_fd_io__top_power_lvc_wpad: 140000 rects
sky130_fd_io__top_power_lvc_wpad: 150000 rects
sky130_fd_io__top_power_lvc_wpad: 160000 rects
sky130_fd_io__top_power_lvc_wpad: 170000 rects
sky130_fd_io__top_power_lvc_wpad: 180000 rects
sky130_fd_io__top_power_lvc_wpad: 190000 rects
sky130_fd_io__top_power_lvc_wpad: 200000 rects
sky130_fd_io__top_power_lvc_wpad: 210000 rects
sky130_fd_io__top_power_lvc_wpad: 220000 rects
sky130_fd_io__top_power_lvc_wpad: 230000 rects
sky130_fd_io__overlay_vddio_hvc: 10000 rects
sky130_fd_io__simple_pad_and_busses: 10000 rects
Processing timestamp mismatches: sky130_fd_sc_hd__tapvpwrvgnd_1, sky130_fd_sc_hd__buf_8, sky130_ef_sc_hd__decap_12, sky130_ef_io__top_power_hvc, sky130_ef_io__analog_pad, sky130_ef_io__vccd_lvc_clamped3_pad, sky130_ef_io__vssd_lvc_clamped3_pad, sky130_ef_io__vddio_hvc_clamped_pad, sky130_ef_io__disconnect_vdda_slice_5um, sky130_ef_io__vccd_lvc_clamped_pad, sky130_ef_io__vdda_hvc_clamped_pad, sky130_ef_io__vssio_hvc_clamped_pad, sky130_ef_io__vssd_lvc_clamped_pad, sky130_ef_io__gpiov2_pad_wrapped, sky130_fd_sc_hd__fill_8, sky130_fd_sc_hd__fill_4, constant_block, sky130_fd_sc_hd__buf_16, sky130_fd_sc_hd__conb_1, sky130_fd_sc_hd__fill_1, sky130_fd_sc_hd__fill_2, sky130_fd_io__top_xres4v2, sky130_ef_io__vssa_hvc_clamped_pad, sky130_ef_io__com_bus_slice_10um, sky130_ef_io__com_bus_slice_5um, sky130_ef_io__com_bus_slice_1um, sky130_ef_io__connect_vcchib_vccd_and_vswitch_vddio_slice_20um, sky130_ef_io__corner_pad, sky130_ef_io__com_bus_slice_20um, gpio_control_power_routing, gpio_control_power_routing_right, sky130_fd_sc_hd__decap_3, sky130_fd_sc_hd__decap_4, sky130_fd_sc_hd__decap_12, sky130_fd_sc_hd__decap_6, sky130_fd_sc_hd__inv_12, mprj2_logic_high, mprj_logic_high, sky130_fd_sc_hd__decap_8, sky130_fd_sc_hvl__conb_1, mgmt_protect_hv, sky130_fd_sc_hvl__lsbufhv2lv_1, sky130_fd_sc_hvl__fill_2, sky130_fd_sc_hvl__fill_1, sky130_fd_sc_hd__bufbuf_8, sky130_fd_sc_hd__buf_6, sky130_fd_sc_hd__buf_4, sky130_fd_sc_hd__nand2_8, sky130_fd_sc_hd__nand2_4, sky130_fd_sc_hd__nand2_2, sky130_fd_sc_hd__nand2_1, sky130_fd_sc_hd__clkbuf_4, sky130_fd_sc_hd__clkbuf_8, sky130_fd_sc_hd__and2_1, sky130_fd_sc_hd__and2_2, sky130_fd_sc_hd__and2_4, sky130_fd_sc_hd__and3b_4, sky130_fd_sc_hd__and3b_2, sky130_fd_sc_hd__and3b_1, sky130_fd_sc_hd__and2b_4, sky130_fd_sc_hd__clkinv_2, sky130_fd_sc_hd__inv_2, sky130_fd_sc_hd__clkinv_8, sky130_fd_sc_hd__clkinv_4, sky130_fd_sc_hd__inv_4, sky130_fd_sc_hd__diode_2, sky130_fd_sc_hd__dfbbp_1, sky130_fd_sc_hd__inv_8, sky130_fd_sc_hd__nor2_2, sky130_fd_sc_hd__mux2_2, sky130_fd_sc_hd__o32a_2, sky130_fd_sc_hd__o21ba_2, sky130_fd_sc_hd__nand4b_2, sky130_fd_sc_hd__o2bb2a_2, sky130_fd_sc_hd__xor2_2, sky130_fd_sc_hd__a21boi_2, sky130_fd_sc_hd__nand3b_2, sky130_fd_sc_hd__o221a_2, sky130_fd_sc_hd__o22a_2, sky130_fd_sc_hd__o2111a_2, sky130_fd_sc_hd__a32o_2, sky130_fd_sc_hd__or2_2, sky130_fd_sc_hd__einvp_2, sky130_fd_sc_hd__einvn_8, sky130_fd_sc_hd__einvn_4, sky130_fd_sc_hd__clkinv_1, sky130_fd_sc_hd__einvp_1, sky130_fd_sc_hd__clkbuf_1, sky130_fd_sc_hd__clkbuf_2, sky130_fd_sc_hd__clkbuf_16, sky130_fd_sc_hd__dfrtp_2, sky130_fd_sc_hd__buf_2, sky130_fd_sc_hd__a22o_2, sky130_fd_sc_hd__a21o_2, sky130_fd_sc_hd__nand3_2, sky130_fd_sc_hd__o31a_2, sky130_fd_sc_hd__o21ai_2, sky130_fd_sc_hd__o211a_2, sky130_fd_sc_hd__and3_2, sky130_fd_sc_hd__nand2b_2, sky130_fd_sc_hd__a211o_2, sky130_fd_sc_hd__o21a_2, sky130_fd_sc_hd__a21oi_2, sky130_fd_sc_hd__and2b_2, sky130_fd_sc_hd__xnor2_2, sky130_fd_sc_hd__and4b_2, sky130_fd_sc_hd__nand4_2, sky130_fd_sc_hd__a31o_2, sky130_fd_sc_hd__inv_6, sky130_fd_sc_hd__a21o_4, sky130_fd_sc_hd__a21oi_4, sky130_fd_sc_hd__a221o_4, sky130_fd_sc_hd__a221oi_1, sky130_fd_sc_hd__and4_2, sky130_fd_sc_hd__o31a_4, sky130_fd_sc_hd__mux2_8, sky130_fd_sc_hd__o221a_4, sky130_fd_sc_hd__nor3_4, sky130_fd_sc_hd__xor2_1, sky130_fd_sc_hd__o21a_4, sky130_fd_sc_hd__nand3b_4, sky130_fd_sc_hd__and4b_4, sky130_fd_sc_hd__a31oi_4, sky130_fd_sc_hd__nand4b_4, sky130_fd_sc_hd__a2111oi_1, sky130_fd_sc_hd__nor3b_1, sky130_fd_sc_hd__o41a_1, sky130_fd_sc_hd__a311oi_2, sky130_fd_sc_hd__and2b_1, sky130_fd_sc_hd__a41o_1, sky130_fd_sc_hd__and4_1, sky130_fd_sc_hd__a31oi_1, sky130_fd_sc_hd__nand4b_1, sky130_fd_sc_hd__o2111a_1, sky130_fd_sc_hd__o211a_1, sky130_fd_sc_hd__o311a_1, sky130_fd_sc_hd__nand4_1, sky130_fd_sc_hd__a21boi_1, sky130_fd_sc_hd__o32a_1, sky130_fd_sc_hd__and3_1, sky130_fd_sc_hd__nand2b_4, sky130_fd_sc_hd__a2111o_2, sky130_fd_sc_hd__nor4_4, sky130_fd_sc_hd__a2111o_4, sky130_fd_sc_hd__nor4_2, sky130_fd_sc_hd__a2111o_1, sky130_fd_sc_hd__o221a_1, sky130_fd_sc_hd__nor2_8, sky130_fd_sc_hd__nor2_4, sky130_fd_sc_hd__a311o_1, sky130_fd_sc_hd__nand3_4, sky130_fd_sc_hd__and3_4, sky130_fd_sc_hd__and4bb_2, sky130_fd_sc_hd__and4bb_1, sky130_fd_sc_hd__and4b_1, sky130_fd_sc_hd__o21ba_1, sky130_fd_sc_hd__a211o_1, sky130_fd_sc_hd__a221o_2, sky130_fd_sc_hd__o2bb2a_1, sky130_fd_sc_hd__a21bo_1, sky130_fd_sc_hd__a211o_4, sky130_fd_sc_hd__a221o_1, sky130_fd_sc_hd__a22o_1, sky130_fd_sc_hd__a32o_1, sky130_fd_sc_hd__dfstp_4, sky130_fd_sc_hd__buf_12, sky130_fd_sc_hd__dlymetal6s2s_1, sky130_fd_sc_hd__dlygate4sd3_1, sky130_fd_sc_hd__dfrtp_1, sky130_fd_sc_hd__dfstp_2, sky130_fd_sc_hd__dfrtn_1, sky130_fd_sc_hd__dfrtp_4, sky130_fd_sc_hd__dfstp_1, sky130_fd_sc_hd__dfxtp_1, sky130_fd_sc_hd__mux2_1, sky130_fd_sc_hd__o31a_1, sky130_fd_sc_hd__a21o_1, sky130_fd_sc_hd__o31ai_1, sky130_fd_sc_hd__nor4_1, sky130_fd_sc_hd__nor3_1, sky130_fd_sc_hd__nor3_2, sky130_fd_sc_hd__a21oi_1, sky130_fd_sc_hd__nor2_1, sky130_fd_sc_hd__a2bb2o_1, sky130_fd_sc_hd__o21ai_1, sky130_fd_sc_hd__o22a_1, sky130_fd_sc_hd__nand2b_1, sky130_fd_sc_hd__o21a_1, sky130_fd_sc_hd__a31o_1, sky130_fd_sc_hd__nand3_1, sky130_fd_sc_hd__o2111ai_1, sky130_fd_sc_hd__xnor2_1, sky130_fd_sc_hd__mux2_4, sky130_fd_sc_hd__and2_0, sky130_fd_sc_hd__o21ai_4, sky130_fd_sc_hd__or2_0, sky130_fd_sc_hd__dfbbn_2, sky130_fd_sc_hd__macro_sparecell, sky130_fd_sc_hd__nor3b_2, sky130_fd_sc_hd__o211ai_4, sky130_fd_sc_hd__a41oi_1, sky130_fd_sc_hd__o2bb2ai_1, sky130_fd_sc_hd__o31ai_2, sky130_fd_sc_hd__o2111ai_2, sky130_fd_sc_hd__nand4bb_1, sky130_fd_sc_hd__nand3b_1, sky130_fd_sc_hd__o21bai_1, sky130_fd_sc_hvl__diode_2, sky130_fd_sc_hvl__decap_4, sky130_fd_sc_hvl__decap_8.
   Generating output for cell caravan_logo
   Generating output for cell font_22
   Generating output for cell font_64
   Generating output for cell font_61
   Generating output for cell font_6F
   Generating output for cell font_52
   Generating output for cell font_6E
   Generating output for cell font_65
   Generating output for cell font_70
   Generating output for cell font_4F
   Generating output for cell font_68
   Generating output for cell font_54
   Generating output for cell font_67
   Generating output for cell font_69
   Generating output for cell font_76
   Generating output for cell font_72
   Generating output for cell font_44
   Generating output for cell caravan_motto
   Generating output for cell font_79
   Generating output for cell font_74
   Generating output for cell font_73
   Generating output for cell font_66
   Generating output for cell font_63
   Generating output for cell font_62
   Generating output for cell font_57
   Generating output for cell font_56
   Generating output for cell font_53
   Generating output for cell font_50
   Generating output for cell font_47
   Generating output for cell font_43
   Generating output for cell font_34
   Generating output for cell font_32
   Generating output for cell font_30
   Generating output for cell font_29
   Generating output for cell font_28
   Generating output for cell font_20
   Generating output for cell font_6C
   Generating output for cell font_6B
   Generating output for cell font_4B
   Generating output for cell font_2D
   Generating output for cell copyright_block_a
   Generating output for cell open_source
   Generating output for cell sky130_fd_sc_hvl__decap_8
   Generating output for cell sky130_fd_sc_hvl__decap_4
   Generating output for cell sky130_fd_sc_hvl__diode_2
   Generating output for cell sky130_fd_sc_hvl__fill_1
   Generating output for cell sky130_fd_sc_hvl__fill_2
   Generating output for cell sky130_fd_sc_hvl__lsbufhv2lv_1
   Generating output for cell xres_buf
   Generating output for cell alpha_0
   Generating output for cell user_id_textblock
   Generating output for cell sky130_fd_sc_hd__o21bai_1
   Generating output for cell sky130_fd_sc_hd__nand3b_1
   Generating output for cell sky130_fd_sc_hd__nand4bb_1
   Generating output for cell sky130_fd_sc_hd__o2111ai_2
   Generating output for cell sky130_fd_sc_hd__o31ai_2
   Generating output for cell sky130_fd_sc_hd__o2bb2ai_1
   Generating output for cell sky130_fd_sc_hd__a41oi_1
   Generating output for cell sky130_fd_sc_hd__o211ai_4
   Generating output for cell sky130_fd_sc_hd__nor3b_2
   Generating output for cell sky130_fd_sc_hd__xnor2_1
   Generating output for cell sky130_fd_sc_hd__o2111ai_1
   Generating output for cell sky130_fd_sc_hd__nand3_1
   Generating output for cell sky130_fd_sc_hd__a31o_1
   Generating output for cell sky130_fd_sc_hd__o21a_1
   Generating output for cell sky130_fd_sc_hd__nand2b_1
   Generating output for cell sky130_fd_sc_hd__o22a_1
   Generating output for cell sky130_fd_sc_hd__o21ai_1
   Generating output for cell sky130_fd_sc_hd__a2bb2o_1
   Generating output for cell sky130_fd_sc_hd__nor2_1
   Generating output for cell sky130_fd_sc_hd__a21oi_1
   Generating output for cell sky130_fd_sc_hd__nor3_2
   Generating output for cell sky130_fd_sc_hd__nor3_1
   Generating output for cell sky130_fd_sc_hd__nor4_1
   Generating output for cell sky130_fd_sc_hd__o31ai_1
   Generating output for cell sky130_fd_sc_hd__a21o_1
   Generating output for cell sky130_fd_sc_hd__o31a_1
   Generating output for cell sky130_fd_sc_hd__mux2_1
   Generating output for cell sky130_fd_sc_hd__dfxtp_1
   Generating output for cell sky130_fd_sc_hd__dfstp_1
   Generating output for cell sky130_fd_sc_hd__dfrtp_4
   Generating output for cell sky130_fd_sc_hd__dfrtn_1
   Generating output for cell sky130_fd_sc_hd__dfstp_2
   Generating output for cell sky130_fd_sc_hd__dfrtp_1
   Generating output for cell sky130_fd_sc_hd__dlymetal6s2s_1
   Generating output for cell sky130_fd_sc_hd__buf_12
   Generating output for cell sky130_fd_sc_hd__o21a_2
   Generating output for cell sky130_fd_sc_hd__nand2b_2
   Generating output for cell sky130_fd_sc_hd__o21ai_2
   Generating output for cell sky130_fd_sc_hd__buf_2
   Generating output for cell sky130_fd_sc_hd__dfrtp_2
   Generating output for cell sky130_fd_sc_hd__clkbuf_16
   Generating output for cell sky130_fd_sc_hd__clkbuf_2
   Generating output for cell sky130_fd_sc_hd__clkbuf_1
   Generating output for cell sky130_fd_sc_hd__nor2_2
   Generating output for cell sky130_fd_sc_hd__diode_2
   Generating output for cell sky130_fd_sc_hd__inv_4
   Generating output for cell sky130_fd_sc_hd__clkinv_4
   Generating output for cell sky130_fd_sc_hd__inv_2
   Generating output for cell sky130_fd_sc_hd__clkinv_2
   Generating output for cell sky130_fd_sc_hd__and2_1
   Generating output for cell sky130_fd_sc_hd__clkbuf_4
   Generating output for cell sky130_fd_sc_hd__nand2_1
   Generating output for cell sky130_fd_sc_hd__buf_4
   Generating output for cell sky130_fd_sc_hd__decap_8
   Generating output for cell sky130_fd_sc_hd__decap_6
   Generating output for cell sky130_fd_sc_hd__decap_4
   Generating output for cell sky130_fd_sc_hd__decap_3
   Generating output for cell sky130_fd_sc_hd__fill_2
   Generating output for cell sky130_fd_sc_hd__fill_1
   Generating output for cell sky130_fd_sc_hd__conb_1
   Generating output for cell sky130_ef_sc_hd__decap_12
   Generating output for cell sky130_fd_sc_hd__tapvpwrvgnd_1
   Generating output for cell caravel_clocking
   Generating output for cell sky130_fd_sc_hd__clkbuf_8
   Generating output for cell buff_flash_clkrst
   Generating output for cell sky130_fd_sc_hd__nand2_2
   Generating output for cell sky130_fd_sc_hd__macro_sparecell
   Generating output for cell sky130_fd_sc_hd__dfbbn_2
   Generating output for cell sky130_fd_sc_hd__or2_0
   Generating output for cell sky130_fd_sc_hd__o21ai_4
   Generating output for cell sky130_fd_sc_hd__and2_0
   Generating output for cell sky130_fd_sc_hd__mux2_4
   Generating output for cell sky130_fd_sc_hd__dlygate4sd3_1
   Generating output for cell sky130_fd_sc_hd__and2b_2
   Generating output for cell sky130_fd_sc_hd__and3b_2
   Generating output for cell sky130_fd_sc_hd__and2_2
   Generating output for cell sky130_fd_sc_hd__buf_16
   Generating output for cell gpio_logic_high
   Generating output for cell gpio_control_block
   Generating output for cell sky130_fd_sc_hd__decap_12
   Generating output for cell gpio_defaults_block_1803
   Generating output for cell sky130_fd_sc_hd__dfstp_4
   Generating output for cell sky130_fd_sc_hd__a32o_1
   Generating output for cell sky130_fd_sc_hd__a22o_1
   Generating output for cell sky130_fd_sc_hd__a221o_1
   Generating output for cell sky130_fd_sc_hd__a211o_4
   Generating output for cell sky130_fd_sc_hd__a21bo_1
   Generating output for cell sky130_fd_sc_hd__o2bb2a_1
   Generating output for cell sky130_fd_sc_hd__a221o_2
   Generating output for cell sky130_fd_sc_hd__a211o_1
   Generating output for cell sky130_fd_sc_hd__o21ba_1
   Generating output for cell sky130_fd_sc_hd__and4b_1
   Generating output for cell sky130_fd_sc_hd__and4bb_1
   Generating output for cell sky130_fd_sc_hd__and4bb_2
   Generating output for cell sky130_fd_sc_hd__and3_4
   Generating output for cell sky130_fd_sc_hd__nand3_4
   Generating output for cell sky130_fd_sc_hd__a311o_1
   Generating output for cell sky130_fd_sc_hd__nor2_4
   Generating output for cell sky130_fd_sc_hd__nor2_8
   Generating output for cell sky130_fd_sc_hd__o221a_1
   Generating output for cell sky130_fd_sc_hd__a2111o_1
   Generating output for cell sky130_fd_sc_hd__nor4_2
   Generating output for cell sky130_fd_sc_hd__a2111o_4
   Generating output for cell sky130_fd_sc_hd__nor4_4
   Generating output for cell sky130_fd_sc_hd__a2111o_2
   Generating output for cell sky130_fd_sc_hd__nand2b_4
   Generating output for cell sky130_fd_sc_hd__and3_1
   Generating output for cell sky130_fd_sc_hd__o32a_1
   Generating output for cell sky130_fd_sc_hd__a21boi_1
   Generating output for cell sky130_fd_sc_hd__nand4_1
   Generating output for cell sky130_fd_sc_hd__o311a_1
   Generating output for cell sky130_fd_sc_hd__o211a_1
   Generating output for cell sky130_fd_sc_hd__o2111a_1
   Generating output for cell sky130_fd_sc_hd__nand4b_1
   Generating output for cell sky130_fd_sc_hd__a31oi_1
   Generating output for cell sky130_fd_sc_hd__and4_1
   Generating output for cell sky130_fd_sc_hd__a41o_1
   Generating output for cell sky130_fd_sc_hd__and2b_1
   Generating output for cell sky130_fd_sc_hd__a311oi_2
   Generating output for cell sky130_fd_sc_hd__o41a_1
   Generating output for cell sky130_fd_sc_hd__nor3b_1
   Generating output for cell sky130_fd_sc_hd__a2111oi_1
   Generating output for cell sky130_fd_sc_hd__nand4b_4
   Generating output for cell sky130_fd_sc_hd__a31oi_4
   Generating output for cell sky130_fd_sc_hd__and4b_4
   Generating output for cell sky130_fd_sc_hd__nand3b_4
   Generating output for cell sky130_fd_sc_hd__o21a_4
   Generating output for cell sky130_fd_sc_hd__xor2_1
   Generating output for cell sky130_fd_sc_hd__nor3_4
   Generating output for cell sky130_fd_sc_hd__o221a_4
   Generating output for cell sky130_fd_sc_hd__mux2_8
   Generating output for cell sky130_fd_sc_hd__o31a_4
   Generating output for cell sky130_fd_sc_hd__and4_2
   Generating output for cell sky130_fd_sc_hd__a221oi_1
   Generating output for cell sky130_fd_sc_hd__a221o_4
   Generating output for cell sky130_fd_sc_hd__a21oi_4
   Generating output for cell sky130_fd_sc_hd__a21o_4
   Generating output for cell sky130_fd_sc_hd__inv_6
   Generating output for cell sky130_fd_sc_hd__a31o_2
   Generating output for cell sky130_fd_sc_hd__nand4_2
   Generating output for cell sky130_fd_sc_hd__and4b_2
   Generating output for cell sky130_fd_sc_hd__xnor2_2
   Generating output for cell sky130_fd_sc_hd__a21oi_2
   Generating output for cell sky130_fd_sc_hd__a211o_2
   Generating output for cell sky130_fd_sc_hd__and3_2
   Generating output for cell sky130_fd_sc_hd__o211a_2
   Generating output for cell sky130_fd_sc_hd__o31a_2
   Generating output for cell sky130_fd_sc_hd__nand3_2
   Generating output for cell sky130_fd_sc_hd__a21o_2
   Generating output for cell sky130_fd_sc_hd__a22o_2
   Generating output for cell sky130_fd_sc_hd__mux2_2
   Generating output for cell sky130_fd_sc_hd__and2b_4
   Generating output for cell sky130_fd_sc_hd__and3b_1
   Generating output for cell sky130_fd_sc_hd__and3b_4
   Generating output for cell sky130_fd_sc_hd__and2_4
   Generating output for cell sky130_fd_sc_hd__nand2_4
   Generating output for cell sky130_fd_sc_hd__nand2_8
   Generating output for cell sky130_fd_sc_hd__buf_6
   Generating output for cell sky130_fd_sc_hd__buf_8
   Generating output for cell housekeeping
   Generating output for cell sky130_fd_sc_hd__einvp_1
   Generating output for cell sky130_fd_sc_hd__clkinv_1
   Generating output for cell sky130_fd_sc_hd__einvn_4
   Generating output for cell sky130_fd_sc_hd__einvn_8
   Generating output for cell sky130_fd_sc_hd__einvp_2
   Generating output for cell sky130_fd_sc_hd__or2_2
   Generating output for cell sky130_fd_sc_hd__a32o_2
   Generating output for cell sky130_fd_sc_hd__o2111a_2
   Generating output for cell sky130_fd_sc_hd__o22a_2
   Generating output for cell sky130_fd_sc_hd__o221a_2
   Generating output for cell sky130_fd_sc_hd__nand3b_2
   Generating output for cell sky130_fd_sc_hd__a21boi_2
   Generating output for cell sky130_fd_sc_hd__xor2_2
   Generating output for cell sky130_fd_sc_hd__o2bb2a_2
   Generating output for cell sky130_fd_sc_hd__nand4b_2
   Generating output for cell sky130_fd_sc_hd__o21ba_2
   Generating output for cell sky130_fd_sc_hd__o32a_2
   Generating output for cell sky130_fd_sc_hd__clkinv_8
   Generating output for cell digital_pll
   Generating output for cell user_id_programming
   Generating output for cell simple_por
Reading "sky130_fd_pr__pfet_g5v0d10v5_ZEUEFZ".
Reading "sky130_fd_pr__pfet_g5v0d10v5_3YBPVB".
Reading "sky130_fd_pr__nfet_g5v0d10v5_ZK8HQC".
Reading "sky130_fd_pr__nfet_g5v0d10v5_TGFUGS".
Reading "sky130_fd_pr__pfet_g5v0d10v5_YUHPBG".
Reading "sky130_fd_pr__pfet_g5v0d10v5_YEUEBV".
Reading "sky130_fd_pr__nfet_g5v0d10v5_PKVMTM".
Reading "sky130_fd_pr__pfet_g5v0d10v5_YUHPXE".
Reading "sky130_fd_sc_hvl__schmittbuf_1".
Reading "sky130_fd_sc_hvl__buf_8".
Reading "sky130_fd_sc_hvl__inv_8".
Reading "sky130_fd_sc_hvl__fill_4".
Reading "sky130_fd_pr__cap_mim_m3_1_WRT4AW".
Reading "sky130_fd_pr__cap_mim_m3_2_W5U4AW".
Reading "sky130_fd_pr__res_xhigh_po_0p69_S5N9F3".
Reading "simple_por".
   Generating output for cell mgmt_core_wrapper
Calma output error:  Can't find GDS file "/home/passant/caravel_mgmt_soc_litex/gds/mgmt_core_wrapper.gds" for vendor cell "mgmt_core_wrapper".  It will not be output.
