tech-files/sky130A_mr.drc:48: warning: already initialized constant DRC::DRCEngine::FEOL
tech-files/sky130A_mr.drc:40: warning: previous definition of FEOL was here
tech-files/sky130A_mr.drc:54: warning: already initialized constant DRC::DRCEngine::BEOL
tech-files/sky130A_mr.drc:41: warning: previous definition of BEOL was here
tech-files/sky130A_mr.drc:62: warning: already initialized constant DRC::DRCEngine::OFFGRID
tech-files/sky130A_mr.drc:42: warning: previous definition of OFFGRID was here
tech-files/sky130A_mr.drc:66: warning: already initialized constant DRC::DRCEngine::SEAL
tech-files/sky130A_mr.drc:43: warning: previous definition of SEAL was here
tech-files/sky130A_mr.drc:74: warning: already initialized constant DRC::DRCEngine::FLOATING_MET
tech-files/sky130A_mr.drc:44: warning: previous definition of FLOATING_MET was here
"input" in: sky130A_mr.drc:124
    Polygons (raw): 827208 (flat)  3605 (hierarchical)
    Elapsed: 0.160s  Memory: 776.00M
"polygons" in: sky130A_mr.drc:125
    Polygons (raw): 121561 (flat)  1004 (hierarchical)
    Elapsed: 0.110s  Memory: 776.00M
"polygons" in: sky130A_mr.drc:126
    Polygons (raw): 446753 (flat)  1144 (hierarchical)
    Elapsed: 0.090s  Memory: 776.00M
"polygons" in: sky130A_mr.drc:127
    Polygons (raw): 666 (flat)  37 (hierarchical)
    Elapsed: 0.010s  Memory: 776.00M
"polygons" in: sky130A_mr.drc:128
    Polygons (raw): 0 (flat)  0 (hierarchical)
    Elapsed: 0.010s  Memory: 776.00M
"polygons" in: sky130A_mr.drc:129
    Polygons (raw): 0 (flat)  0 (hierarchical)
    Elapsed: 0.010s  Memory: 776.00M
"polygons" in: sky130A_mr.drc:130
    Polygons (raw): 0 (flat)  0 (hierarchical)
    Elapsed: 0.010s  Memory: 776.00M
"polygons" in: sky130A_mr.drc:131
    Polygons (raw): 0 (flat)  0 (hierarchical)
    Elapsed: 0.010s  Memory: 776.00M
"polygons" in: sky130A_mr.drc:132
    Polygons (raw): 373175 (flat)  452 (hierarchical)
    Elapsed: 0.090s  Memory: 776.00M
"polygons" in: sky130A_mr.drc:133
    Polygons (raw): 0 (flat)  0 (hierarchical)
    Elapsed: 0.010s  Memory: 776.00M
"polygons" in: sky130A_mr.drc:134
    Polygons (raw): 41194 (flat)  575 (hierarchical)
    Elapsed: 0.030s  Memory: 776.00M
"polygons" in: sky130A_mr.drc:135
    Polygons (raw): 0 (flat)  0 (hierarchical)
    Elapsed: 0.010s  Memory: 776.00M
"polygons" in: sky130A_mr.drc:136
    Polygons (raw): 4460 (flat)  38 (hierarchical)
    Elapsed: 0.010s  Memory: 776.00M
"polygons" in: sky130A_mr.drc:137
    Polygons (raw): 1166666 (flat)  8661 (hierarchical)
    Elapsed: 0.110s  Memory: 776.00M
"polygons" in: sky130A_mr.drc:138
    Polygons (raw): 33 (flat)  16 (hierarchical)
    Elapsed: 0.020s  Memory: 776.00M
"polygons" in: sky130A_mr.drc:139
    Polygons (raw): 532830 (flat)  1642 (hierarchical)
    Elapsed: 0.090s  Memory: 776.00M
"polygons" in: sky130A_mr.drc:140
    Polygons (raw): 509352 (flat)  1453 (hierarchical)
    Elapsed: 0.100s  Memory: 776.00M
"polygons" in: sky130A_mr.drc:141
    Polygons (raw): 0 (flat)  0 (hierarchical)
    Elapsed: 0.020s  Memory: 776.00M
"polygons" in: sky130A_mr.drc:142
    Polygons (raw): 1 (flat)  1 (hierarchical)
    Elapsed: 0.010s  Memory: 776.00M
"polygons" in: sky130A_mr.drc:143
    Polygons (raw): 270747 (flat)  2045 (hierarchical)
    Elapsed: 0.110s  Memory: 776.00M
"polygons" in: sky130A_mr.drc:144
    Polygons (raw): 6299376 (flat)  156994 (hierarchical)
    Elapsed: 0.160s  Memory: 780.00M
"polygons" in: sky130A_mr.drc:146
    Polygons (raw): 2812565 (flat)  275582 (hierarchical)
    Elapsed: 0.230s  Memory: 788.00M
"polygons" in: sky130A_mr.drc:147
    Polygons (raw): 6376150 (flat)  425256 (hierarchical)
    Elapsed: 0.250s  Memory: 797.00M
"polygons" in: sky130A_mr.drc:149
    Polygons (raw): 2646570 (flat)  1421691 (hierarchical)
    Elapsed: 0.720s  Memory: 833.00M
"polygons" in: sky130A_mr.drc:150
    Polygons (raw): 1120674 (flat)  479231 (hierarchical)
    Elapsed: 0.300s  Memory: 841.00M
"polygons" in: sky130A_mr.drc:152
    Polygons (raw): 931948 (flat)  729235 (hierarchical)
    Elapsed: 0.460s  Memory: 860.00M
"polygons" in: sky130A_mr.drc:153
    Polygons (raw): 769574 (flat)  200224 (hierarchical)
    Elapsed: 0.190s  Memory: 862.00M
"polygons" in: sky130A_mr.drc:155
    Polygons (raw): 278309 (flat)  245633 (hierarchical)
    Elapsed: 0.200s  Memory: 871.00M
"polygons" in: sky130A_mr.drc:156
    Polygons (raw): 676149 (flat)  207007 (hierarchical)
    Elapsed: 0.180s  Memory: 873.00M
"polygons" in: sky130A_mr.drc:158
    Polygons (raw): 69441 (flat)  14369 (hierarchical)
    Elapsed: 0.110s  Memory: 873.00M
"polygons" in: sky130A_mr.drc:159
    Polygons (raw): 230897 (flat)  19221 (hierarchical)
    Elapsed: 0.090s  Memory: 873.00M
"polygons" in: sky130A_mr.drc:161
    Polygons (raw): 28370 (flat)  2156 (hierarchical)
    Elapsed: 0.090s  Memory: 874.00M
"polygons" in: sky130A_mr.drc:163
    Polygons (raw): 96 (flat)  1 (hierarchical)
    Elapsed: 0.020s  Memory: 874.00M
"polygons" in: sky130A_mr.drc:164
    Polygons (raw): 0 (flat)  0 (hierarchical)
    Elapsed: 0.010s  Memory: 874.00M
"polygons" in: sky130A_mr.drc:165
    Polygons (raw): 1 (flat)  1 (hierarchical)
    Elapsed: 0.020s  Memory: 874.00M
"polygons" in: sky130A_mr.drc:166
    Polygons (raw): 1 (flat)  1 (hierarchical)
    Elapsed: 0.010s  Memory: 874.00M
"polygons" in: sky130A_mr.drc:167
    Polygons (raw): 0 (flat)  0 (hierarchical)
    Elapsed: 0.010s  Memory: 874.00M
"polygons" in: sky130A_mr.drc:168
    Polygons (raw): 0 (flat)  0 (hierarchical)
    Elapsed: 0.010s  Memory: 874.00M
"polygons" in: sky130A_mr.drc:169
    Polygons (raw): 0 (flat)  0 (hierarchical)
    Elapsed: 0.020s  Memory: 874.00M
"polygons" in: sky130A_mr.drc:170
    Polygons (raw): 0 (flat)  0 (hierarchical)
    Elapsed: 0.010s  Memory: 874.00M
"polygons" in: sky130A_mr.drc:171
    Polygons (raw): 0 (flat)  0 (hierarchical)
    Elapsed: 0.010s  Memory: 874.00M
"polygons" in: sky130A_mr.drc:172
    Polygons (raw): 0 (flat)  0 (hierarchical)
    Elapsed: 0.020s  Memory: 874.00M
"polygons" in: sky130A_mr.drc:173
    Polygons (raw): 0 (flat)  0 (hierarchical)
    Elapsed: 0.010s  Memory: 874.00M
"polygons" in: sky130A_mr.drc:174
    Polygons (raw): 0 (flat)  0 (hierarchical)
    Elapsed: 0.010s  Memory: 874.00M
"polygons" in: sky130A_mr.drc:175
    Polygons (raw): 96 (flat)  1 (hierarchical)
    Elapsed: 0.010s  Memory: 874.00M
"polygons" in: sky130A_mr.drc:176
    Polygons (raw): 0 (flat)  0 (hierarchical)
    Elapsed: 0.010s  Memory: 874.00M
"polygons" in: sky130A_mr.drc:177
    Polygons (raw): 0 (flat)  0 (hierarchical)
    Elapsed: 0.010s  Memory: 874.00M
"polygons" in: sky130A_mr.drc:178
    Polygons (raw): 0 (flat)  0 (hierarchical)
    Elapsed: 0.010s  Memory: 874.00M
"polygons" in: sky130A_mr.drc:179
    Polygons (raw): 0 (flat)  0 (hierarchical)
    Elapsed: 0.010s  Memory: 874.00M
"polygons" in: sky130A_mr.drc:180
    Polygons (raw): 368174 (flat)  434 (hierarchical)
    Elapsed: 0.090s  Memory: 874.00M
"polygons" in: sky130A_mr.drc:181
    Polygons (raw): 2864 (flat)  133 (hierarchical)
    Elapsed: 0.010s  Memory: 874.00M
"polygons" in: sky130A_mr.drc:182
    Polygons (raw): 0 (flat)  0 (hierarchical)
    Elapsed: 0.010s  Memory: 874.00M
"polygons" in: sky130A_mr.drc:183
    Polygons (raw): 1904 (flat)  112 (hierarchical)
    Elapsed: 0.020s  Memory: 874.00M
"polygons" in: sky130A_mr.drc:184
    Polygons (raw): 0 (flat)  0 (hierarchical)
    Elapsed: 0.020s  Memory: 874.00M
"polygons" in: sky130A_mr.drc:185
    Polygons (raw): 0 (flat)  0 (hierarchical)
    Elapsed: 0.010s  Memory: 874.00M
"polygons" in: sky130A_mr.drc:186
    Polygons (raw): 0 (flat)  0 (hierarchical)
    Elapsed: 0.020s  Memory: 874.00M
"polygons" in: sky130A_mr.drc:187
    Polygons (raw): 0 (flat)  0 (hierarchical)
    Elapsed: 0.010s  Memory: 874.00M
"polygons" in: sky130A_mr.drc:188
    Polygons (raw): 2 (flat)  2 (hierarchical)
    Elapsed: 0.070s  Memory: 874.00M
"polygons" in: sky130A_mr.drc:189
    Polygons (raw): 0 (flat)  0 (hierarchical)
    Elapsed: 0.010s  Memory: 874.00M
"polygons" in: sky130A_mr.drc:190
    Polygons (raw): 0 (flat)  0 (hierarchical)
    Elapsed: 0.010s  Memory: 874.00M
"polygons" in: sky130A_mr.drc:191
    Polygons (raw): 0 (flat)  0 (hierarchical)
    Elapsed: 0.020s  Memory: 874.00M
"polygons" in: sky130A_mr.drc:192
    Polygons (raw): 739 (flat)  4 (hierarchical)
    Elapsed: 0.010s  Memory: 874.00M
"polygons" in: sky130A_mr.drc:193
    Polygons (raw): 45298 (flat)  4 (hierarchical)
    Elapsed: 0.100s  Memory: 874.00M
"polygons" in: sky130A_mr.drc:194
    Polygons (raw): 0 (flat)  0 (hierarchical)
    Elapsed: 0.010s  Memory: 874.00M
"polygons" in: sky130A_mr.drc:195
    Polygons (raw): 0 (flat)  0 (hierarchical)
    Elapsed: 0.010s  Memory: 874.00M
"polygons" in: sky130A_mr.drc:196
    Polygons (raw): 0 (flat)  0 (hierarchical)
    Elapsed: 0.010s  Memory: 874.00M
"polygons" in: sky130A_mr.drc:197
    Polygons (raw): 0 (flat)  0 (hierarchical)
    Elapsed: 0.010s  Memory: 874.00M
"polygons" in: sky130A_mr.drc:198
    Polygons (raw): 34 (flat)  8 (hierarchical)
    Elapsed: 0.020s  Memory: 874.00M
"polygons" in: sky130A_mr.drc:199
    Polygons (raw): 0 (flat)  0 (hierarchical)
    Elapsed: 0.010s  Memory: 874.00M
"polygons" in: sky130A_mr.drc:200
    Polygons (raw): 0 (flat)  0 (hierarchical)
    Elapsed: 0.010s  Memory: 874.00M
"polygons" in: sky130A_mr.drc:201
    Polygons (raw): 0 (flat)  0 (hierarchical)
    Elapsed: 0.010s  Memory: 874.00M
"polygons" in: sky130A_mr.drc:202
    Polygons (raw): 0 (flat)  0 (hierarchical)
    Elapsed: 0.010s  Memory: 874.00M
"polygons" in: sky130A_mr.drc:203
    Polygons (raw): 0 (flat)  0 (hierarchical)
    Elapsed: 0.010s  Memory: 874.00M
"polygons" in: sky130A_mr.drc:204
    Polygons (raw): 0 (flat)  0 (hierarchical)
    Elapsed: 0.010s  Memory: 874.00M
"polygons" in: sky130A_mr.drc:205
    Polygons (raw): 0 (flat)  0 (hierarchical)
    Elapsed: 0.010s  Memory: 874.00M
"polygons" in: sky130A_mr.drc:206
    Polygons (raw): 0 (flat)  0 (hierarchical)
    Elapsed: 0.010s  Memory: 874.00M
"polygons" in: sky130A_mr.drc:207
    Polygons (raw): 0 (flat)  0 (hierarchical)
    Elapsed: 0.010s  Memory: 874.00M
"polygons" in: sky130A_mr.drc:208
    Polygons (raw): 0 (flat)  0 (hierarchical)
    Elapsed: 0.020s  Memory: 874.00M
"polygons" in: sky130A_mr.drc:209
    Polygons (raw): 0 (flat)  0 (hierarchical)
    Elapsed: 0.010s  Memory: 874.00M
"polygons" in: sky130A_mr.drc:210
    Polygons (raw): 0 (flat)  0 (hierarchical)
    Elapsed: 0.010s  Memory: 874.00M
"polygons" in: sky130A_mr.drc:211
    Polygons (raw): 2906 (flat)  210 (hierarchical)
    Elapsed: 0.010s  Memory: 874.00M
"polygons" in: sky130A_mr.drc:212
    Polygons (raw): 109 (flat)  39 (hierarchical)
    Elapsed: 0.010s  Memory: 874.00M
"polygons" in: sky130A_mr.drc:213
    Polygons (raw): 0 (flat)  0 (hierarchical)
    Elapsed: 0.010s  Memory: 874.00M
"polygons" in: sky130A_mr.drc:214
    Polygons (raw): 0 (flat)  0 (hierarchical)
    Elapsed: 0.010s  Memory: 874.00M
"polygons" in: sky130A_mr.drc:215
    Polygons (raw): 0 (flat)  0 (hierarchical)
    Elapsed: 0.010s  Memory: 874.00M
DRC section
FEOL section
START: 64/18 (dnwell)
"width" in: sky130A_mr.drc:241
    Edge pairs: 0 (flat)  0 (hierarchical)
    Elapsed: 0.120s  Memory: 886.00M
"output" in: sky130A_mr.drc:241
    Edge pairs: 0 (flat)  0 (hierarchical)
    Elapsed: 0.010s  Memory: 886.00M
END: 64/18 (dnwell)
"input" in: sky130A_mr.drc:245
    Polygons (raw): 532830 (flat)  1642 (hierarchical)
    Elapsed: 0.090s  Memory: 886.00M
"input" in: sky130A_mr.drc:246
    Polygons (raw): 509352 (flat)  1453 (hierarchical)
    Elapsed: 0.090s  Memory: 886.00M
"input" in: sky130A_mr.drc:247
    Polygons (raw): 446753 (flat)  1144 (hierarchical)
    Elapsed: 0.090s  Memory: 886.00M
"input" in: sky130A_mr.drc:252
    Polygons (raw): 429462 (flat)  1040 (hierarchical)
    Elapsed: 0.120s  Memory: 891.00M
START: 64/20 (nwell)
"width" in: sky130A_mr.drc:256
    Edge pairs: 0 (flat)  0 (hierarchical)
    Elapsed: 9.420s  Memory: 999.00M
"output" in: sky130A_mr.drc:256
    Edge pairs: 0 (flat)  0 (hierarchical)
    Elapsed: 0.020s  Memory: 999.00M
"space" in: sky130A_mr.drc:257
    Edge pairs: 0 (flat)  0 (hierarchical)
    Elapsed: 0.100s  Memory: 1543.00M
"output" in: sky130A_mr.drc:257
    Edge pairs: 0 (flat)  0 (hierarchical)
    Elapsed: 0.020s  Memory: 1543.00M
"and" in: sky130A_mr.drc:258
    Polygons (raw): 429462 (flat)  1719 (hierarchical)
    Elapsed: 14.670s  Memory: 1671.00M
"merge" in: sky130A_mr.drc:258
    Polygons (raw): 1932 (flat)  733 (hierarchical)
    Elapsed: 8.730s  Memory: 1678.00M
"holes" in: sky130A_mr.drc:259
    Polygons (raw): 294 (flat)  23 (hierarchical)
    Elapsed: 0.020s  Memory: 1678.00M
"enclosing" in: sky130A_mr.drc:259
    Edge pairs: 0 (flat)  0 (hierarchical)
    Elapsed: 0.020s  Memory: 1678.00M
"output" in: sky130A_mr.drc:259
    Edge pairs: 0 (flat)  0 (hierarchical)
    Elapsed: 0.020s  Memory: 1678.00M
END: 64/20 (nwell)
START: 78/44 (hvtp)
"width" in: sky130A_mr.drc:264
    Edge pairs: 0 (flat)  0 (hierarchical)
    Elapsed: 8.230s  Memory: 1678.00M
"output" in: sky130A_mr.drc:264
    Edge pairs: 0 (flat)  0 (hierarchical)
    Elapsed: 0.020s  Memory: 1678.00M
"space" in: sky130A_mr.drc:265
    Edge pairs: 0 (flat)  0 (hierarchical)
    Elapsed: 0.110s  Memory: 1678.00M
"output" in: sky130A_mr.drc:265
    Edge pairs: 0 (flat)  0 (hierarchical)
    Elapsed: 0.020s  Memory: 1678.00M
END: 78/44 (hvtp)
START: 18/20 (htvr)
"width" in: sky130A_mr.drc:270
    Edge pairs: 0 (flat)  0 (hierarchical)
    Elapsed: 0.200s  Memory: 1678.00M
"output" in: sky130A_mr.drc:270
    Edge pairs: 0 (flat)  0 (hierarchical)
    Elapsed: 0.010s  Memory: 1678.00M
"separation" in: sky130A_mr.drc:271
    Edge pairs: 0 (flat)  0 (hierarchical)
    Elapsed: 0.020s  Memory: 1678.00M
"output" in: sky130A_mr.drc:271
    Edge pairs: 0 (flat)  0 (hierarchical)
    Elapsed: 0.020s  Memory: 1678.00M
"and" in: sky130A_mr.drc:272
    Polygons (raw): 0 (flat)  0 (hierarchical)
    Elapsed: 0.020s  Memory: 1678.00M
"output" in: sky130A_mr.drc:272
    Polygons (raw): 0 (flat)  0 (hierarchical)
    Elapsed: 0.020s  Memory: 1678.00M
END: 18/20 (htvr)
START: 25/44 (lvtn)
"width" in: sky130A_mr.drc:277
    Edge pairs: 0 (flat)  0 (hierarchical)
    Elapsed: 0.200s  Memory: 1678.00M
"output" in: sky130A_mr.drc:277
    Edge pairs: 0 (flat)  0 (hierarchical)
    Elapsed: 0.020s  Memory: 1678.00M
"space" in: sky130A_mr.drc:278
    Edge pairs: 0 (flat)  0 (hierarchical)
    Elapsed: 0.020s  Memory: 1678.00M
"output" in: sky130A_mr.drc:278
    Edge pairs: 0 (flat)  0 (hierarchical)
    Elapsed: 0.020s  Memory: 1678.00M
END: 25/44 (lvtn)
START: 92/44 (ncm)
"width" in: sky130A_mr.drc:283
    Edge pairs: 0 (flat)  0 (hierarchical)
    Elapsed: 0.200s  Memory: 1678.00M
"output" in: sky130A_mr.drc:283
    Edge pairs: 0 (flat)  0 (hierarchical)
    Elapsed: 0.010s  Memory: 1678.00M
"space" in: sky130A_mr.drc:284
    Edge pairs: 0 (flat)  0 (hierarchical)
    Elapsed: 0.010s  Memory: 1550.00M
"output" in: sky130A_mr.drc:284
    Edge pairs: 0 (flat)  0 (hierarchical)
    Elapsed: 0.020s  Memory: 1550.00M
END: 92/44 (ncm)
START: 65/20 (diff)
"or" in: sky130A_mr.drc:289
    Polygons (raw): 691015 (flat)  2098 (hierarchical)
    Elapsed: 5.790s  Memory: 1550.00M
"rectangles" in: sky130A_mr.drc:290
    Polygons (raw): 497878 (flat)  2109 (hierarchical)
    Elapsed: 4.360s  Memory: 1550.00M
"width" in: sky130A_mr.drc:290
    Edge pairs: 0 (flat)  0 (hierarchical)
    Elapsed: 0.030s  Memory: 1550.00M
"polygons" in: sky130A_mr.drc:290
    Polygons (raw): 0 (flat)  0 (hierarchical)
    Elapsed: 0.020s  Memory: 1550.00M
"edges" in: sky130A_mr.drc:291
    Edges: 0 (flat)  0 (hierarchical)
    Elapsed: 0.020s  Memory: 1550.00M
"outside_part" in: sky130A_mr.drc:291
    Edges: 0 (flat)  0 (hierarchical)
    Elapsed: 0.020s  Memory: 1550.00M
"outside" in: sky130A_mr.drc:291
    Polygons (raw): 0 (flat)  0 (hierarchical)
    Elapsed: 0.360s  Memory: 1550.00M
"edges" in: sky130A_mr.drc:291
    Edges: 0 (flat)  0 (hierarchical)
    Elapsed: 0.020s  Memory: 1550.00M
"not" in: sky130A_mr.drc:291
    Edges: 0 (flat)  0 (hierarchical)
    Elapsed: 0.020s  Memory: 1550.00M
"output" in: sky130A_mr.drc:292
    Edges: 0 (flat)  0 (hierarchical)
    Elapsed: 0.010s  Memory: 1550.00M
"outside" in: sky130A_mr.drc:293
    Polygons (raw): 592182 (flat)  2409 (hierarchical)
    Elapsed: 0.580s  Memory: 1550.00M
"width" in: sky130A_mr.drc:293
    Edge pairs: 0 (flat)  0 (hierarchical)
    Elapsed: 3.090s  Memory: 1550.00M
"output" in: sky130A_mr.drc:293
    Edge pairs: 0 (flat)  0 (hierarchical)
    Elapsed: 0.010s  Memory: 1550.00M
END: 65/20 (diff)
START: 65/44 (tap)
"rectangles" in: sky130A_mr.drc:297
    Polygons (raw): 105545 (flat)  222 (hierarchical)
    Elapsed: 0.720s  Memory: 1550.00M
"width" in: sky130A_mr.drc:297
    Edge pairs: 0 (flat)  0 (hierarchical)
    Elapsed: 0.010s  Memory: 1550.00M
"polygons" in: sky130A_mr.drc:297
    Polygons (raw): 0 (flat)  0 (hierarchical)
    Elapsed: 0.010s  Memory: 1550.00M
"edges" in: sky130A_mr.drc:298
    Edges: 0 (flat)  0 (hierarchical)
    Elapsed: 0.010s  Memory: 1550.00M
"outside_part" in: sky130A_mr.drc:298
    Edges: 0 (flat)  0 (hierarchical)
    Elapsed: 0.020s  Memory: 1550.00M
"outside" in: sky130A_mr.drc:298
    Polygons (raw): 0 (flat)  0 (hierarchical)
    Elapsed: 0.180s  Memory: 1550.00M
"edges" in: sky130A_mr.drc:298
    Edges: 0 (flat)  0 (hierarchical)
    Elapsed: 0.020s  Memory: 1550.00M
"not" in: sky130A_mr.drc:298
    Edges: 0 (flat)  0 (hierarchical)
    Elapsed: 0.020s  Memory: 1550.00M
"output" in: sky130A_mr.drc:299
    Edges: 0 (flat)  0 (hierarchical)
    Elapsed: 0.020s  Memory: 1550.00M
"not" in: sky130A_mr.drc:300
    Polygons (raw): 121561 (flat)  1004 (hierarchical)
    Elapsed: 0.020s  Memory: 1550.00M
"width" in: sky130A_mr.drc:300
    Edge pairs: 0 (flat)  0 (hierarchical)
    Elapsed: 0.010s  Memory: 1550.00M
"output" in: sky130A_mr.drc:300
    Edge pairs: 0 (flat)  0 (hierarchical)
    Elapsed: 0.020s  Memory: 1550.00M
END: 65/44 (tap)
"space" in: sky130A_mr.drc:303
    Edge pairs: 0 (flat)  0 (hierarchical)
    Elapsed: 2.080s  Memory: 1550.00M
"output" in: sky130A_mr.drc:303
    Edge pairs: 0 (flat)  0 (hierarchical)
    Elapsed: 0.020s  Memory: 1550.00M
START: 80/20 (tunm)
"width" in: sky130A_mr.drc:307
    Edge pairs: 0 (flat)  0 (hierarchical)
    Elapsed: 0.190s  Memory: 1550.00M
"output" in: sky130A_mr.drc:307
    Edge pairs: 0 (flat)  0 (hierarchical)
    Elapsed: 0.020s  Memory: 1550.00M
"space" in: sky130A_mr.drc:308
    Edge pairs: 0 (flat)  0 (hierarchical)
    Elapsed: 0.030s  Memory: 1550.00M
"output" in: sky130A_mr.drc:308
    Edge pairs: 0 (flat)  0 (hierarchical)
    Elapsed: 0.020s  Memory: 1550.00M
END: 80/20 (tunm)
START: 66/20 (poly)
"width" in: sky130A_mr.drc:313
    Edge pairs: 0 (flat)  0 (hierarchical)
    Elapsed: 3.460s  Memory: 1550.00M
"output" in: sky130A_mr.drc:313
    Edge pairs: 0 (flat)  0 (hierarchical)
    Elapsed: 0.020s  Memory: 1550.00M
"not" in: sky130A_mr.drc:314
    Polygons (raw): 1166666 (flat)  8661 (hierarchical)
    Elapsed: 0.030s  Memory: 1550.00M
"space" in: sky130A_mr.drc:314
    Edge pairs: 0 (flat)  0 (hierarchical)
    Elapsed: 1.770s  Memory: 1550.00M
"output" in: sky130A_mr.drc:314
    Edge pairs: 0 (flat)  0 (hierarchical)
    Elapsed: 0.010s  Memory: 1550.00M
START: 86/20 (rpm)
"width" in: sky130A_mr.drc:319
    Edge pairs: 0 (flat)  0 (hierarchical)
    Elapsed: 0.190s  Memory: 1550.00M
"output" in: sky130A_mr.drc:319
    Edge pairs: 0 (flat)  0 (hierarchical)
    Elapsed: 0.010s  Memory: 1550.00M
"space" in: sky130A_mr.drc:320
    Edge pairs: 0 (flat)  0 (hierarchical)
    Elapsed: 0.020s  Memory: 1550.00M
"output" in: sky130A_mr.drc:320
    Edge pairs: 0 (flat)  0 (hierarchical)
    Elapsed: 0.010s  Memory: 1550.00M
END: 86/20 (rpm)
START: 79/20 (urpm)
"width" in: sky130A_mr.drc:325
    Edge pairs: 0 (flat)  0 (hierarchical)
    Elapsed: 0.140s  Memory: 1550.00M
"output" in: sky130A_mr.drc:325
    Edge pairs: 0 (flat)  0 (hierarchical)
    Elapsed: 0.010s  Memory: 1550.00M
"space" in: sky130A_mr.drc:326
    Edge pairs: 0 (flat)  0 (hierarchical)
    Elapsed: 0.020s  Memory: 1550.00M
"output" in: sky130A_mr.drc:326
    Edge pairs: 0 (flat)  0 (hierarchical)
    Elapsed: 0.010s  Memory: 1550.00M
END: 79/20 (urpm)
START: 95/20 (npc)
"width" in: sky130A_mr.drc:331
    Edge pairs: 0 (flat)  0 (hierarchical)
    Elapsed: 4.420s  Memory: 1550.00M
"output" in: sky130A_mr.drc:331
    Edge pairs: 0 (flat)  0 (hierarchical)
    Elapsed: 0.010s  Memory: 1550.00M
"space" in: sky130A_mr.drc:332
    Edge pairs: 0 (flat)  0 (hierarchical)
    Elapsed: 0.590s  Memory: 1550.00M
"output" in: sky130A_mr.drc:332
    Edge pairs: 0 (flat)  0 (hierarchical)
    Elapsed: 0.020s  Memory: 1550.00M
END: 95/20 (npc)
START: 93/44 (nsdm)
"outside" in: sky130A_mr.drc:337
    Polygons (raw): 60604 (flat)  40302 (hierarchical)
    Elapsed: 10.090s  Memory: 1569.00M
"width" in: sky130A_mr.drc:337
    Edge pairs: 0 (flat)  0 (hierarchical)
    Elapsed: 0.850s  Memory: 1565.00M
"output" in: sky130A_mr.drc:337
    Edge pairs: 0 (flat)  0 (hierarchical)
    Elapsed: 0.010s  Memory: 1565.00M
"not" in: sky130A_mr.drc:338
    Polygons (raw): 532830 (flat)  1642 (hierarchical)
    Elapsed: 0.030s  Memory: 1565.00M
"space" in: sky130A_mr.drc:338
    Edge pairs: 0 (flat)  0 (hierarchical)
    Elapsed: 0.750s  Memory: 1565.00M
"output" in: sky130A_mr.drc:338
    Edge pairs: 0 (flat)  0 (hierarchical)
    Elapsed: 0.010s  Memory: 1565.00M
END: 93/44 (nsdm)
START: 94/20 (psdm)
"outside" in: sky130A_mr.drc:343
    Polygons (raw): 59041 (flat)  39723 (hierarchical)
    Elapsed: 10.490s  Memory: 1579.00M
"width" in: sky130A_mr.drc:343
    Edge pairs: 0 (flat)  0 (hierarchical)
    Elapsed: 1.530s  Memory: 1588.00M
"output" in: sky130A_mr.drc:343
    Edge pairs: 0 (flat)  0 (hierarchical)
    Elapsed: 0.010s  Memory: 1588.00M
"not" in: sky130A_mr.drc:344
    Polygons (raw): 509352 (flat)  1453 (hierarchical)
    Elapsed: 0.020s  Memory: 1588.00M
"space" in: sky130A_mr.drc:344
    Edge pairs: 0 (flat)  0 (hierarchical)
    Elapsed: 0.660s  Memory: 1588.00M
"output" in: sky130A_mr.drc:344
    Edge pairs: 0 (flat)  0 (hierarchical)
    Elapsed: 0.020s  Memory: 1588.00M
END: 94/20 (psdm)
START: 66/44 (licon)
"drc" in: sky130A_mr.drc:350
    Polygons (raw): 0 (flat)  0 (hierarchical)
    Elapsed: 8.550s  Memory: 1570.00M
"not" in: sky130A_mr.drc:351
    Polygons (raw): 6299376 (flat)  156994 (hierarchical)
    Elapsed: 0.040s  Memory: 1570.00M
"not" in: sky130A_mr.drc:355
    Polygons (raw): 2071802 (flat)  11912 (hierarchical)
    Elapsed: 2.600s  Memory: 1570.00M
"and" in: sky130A_mr.drc:356
    Polygons (raw): 5288567 (flat)  141711 (hierarchical)
    Elapsed: 4.090s  Memory: 1570.00M
"interacting" in: sky130A_mr.drc:356
    Polygons (raw): 5201022 (flat)  149693 (hierarchical)
    Elapsed: 4.050s  Memory: 1570.00M
"not" in: sky130A_mr.drc:357
    Polygons (raw): 5201022 (flat)  149693 (hierarchical)
    Elapsed: 0.050s  Memory: 1570.00M
"non_rectangles" in: sky130A_mr.drc:358
    Polygons (raw): 0 (flat)  0 (hierarchical)
    Elapsed: 0.080s  Memory: 1570.00M
"output" in: sky130A_mr.drc:358
    Polygons (raw): 0 (flat)  0 (hierarchical)
    Elapsed: 0.020s  Memory: 1570.00M
"or" in: sky130A_mr.drc:359
    Polygons (raw): 1 (flat)  1 (hierarchical)
    Elapsed: 0.020s  Memory: 1570.00M
"not" in: sky130A_mr.drc:359
    Polygons (raw): 6299254 (flat)  156936 (hierarchical)
    Elapsed: 0.810s  Memory: 1570.00M
"edges" in: sky130A_mr.drc:359
    Edges: 25197016 (flat)  627744 (hierarchical)
    Elapsed: 4.670s  Memory: 1574.00M
"without_length" in: sky130A_mr.drc:359
    Edges: 0 (flat)  0 (hierarchical)
    Elapsed: 12.190s  Memory: 1827.00M
"output" in: sky130A_mr.drc:359
    Edges: 0 (flat)  0 (hierarchical)
    Elapsed: 0.010s  Memory: 1827.00M
"separation" in: sky130A_mr.drc:360
    Edge pairs: 0 (flat)  0 (hierarchical)
    Elapsed: 7.590s  Memory: 1827.00M
"output" in: sky130A_mr.drc:360
    Edge pairs: 0 (flat)  0 (hierarchical)
    Elapsed: 0.020s  Memory: 1827.00M
"and" in: sky130A_mr.drc:361
    Polygons (raw): 0 (flat)  0 (hierarchical)
    Elapsed: 2.030s  Memory: 1827.00M
"output" in: sky130A_mr.drc:361
    Polygons (raw): 0 (flat)  0 (hierarchical)
    Elapsed: 0.020s  Memory: 1827.00M
"interacting" in: sky130A_mr.drc:362
    Polygons (raw): 1008621 (flat)  15550 (hierarchical)
    Elapsed: 2.740s  Memory: 1827.00M
"interacting" in: sky130A_mr.drc:362
    Polygons (raw): 5201022 (flat)  149693 (hierarchical)
    Elapsed: 4.210s  Memory: 1827.00M
"and" in: sky130A_mr.drc:362
    Polygons (raw): 0 (flat)  0 (hierarchical)
    Elapsed: 2.570s  Memory: 1827.00M
"output" in: sky130A_mr.drc:362
    Polygons (raw): 0 (flat)  0 (hierarchical)
    Elapsed: 0.010s  Memory: 1827.00M
END: 66/44 (licon)
START: 89/44 (capm)
"width" in: sky130A_mr.drc:367
    Edge pairs: 0 (flat)  0 (hierarchical)
    Elapsed: 0.160s  Memory: 1827.00M
"output" in: sky130A_mr.drc:367
    Edge pairs: 0 (flat)  0 (hierarchical)
    Elapsed: 0.010s  Memory: 1827.00M
"space" in: sky130A_mr.drc:368
    Edge pairs: 0 (flat)  0 (hierarchical)
    Elapsed: 0.010s  Memory: 1827.00M
"output" in: sky130A_mr.drc:368
    Edge pairs: 0 (flat)  0 (hierarchical)
    Elapsed: 0.010s  Memory: 1827.00M
"interacting" in: sky130A_mr.drc:369
    Polygons (raw): 1 (flat)  1 (hierarchical)
    Elapsed: 1.700s  Memory: 1827.00M
"isolated" in: sky130A_mr.drc:369
    Edge pairs: 0 (flat)  0 (hierarchical)
    Elapsed: 0.170s  Memory: 1827.00M
"output" in: sky130A_mr.drc:369
    Edge pairs: 0 (flat)  0 (hierarchical)
    Elapsed: 0.020s  Memory: 1827.00M
"interacting" in: sky130A_mr.drc:370
    Polygons (raw): 1 (flat)  1 (hierarchical)
    Elapsed: 0.170s  Memory: 1827.00M
"isolated" in: sky130A_mr.drc:370
    Edge pairs: 0 (flat)  0 (hierarchical)
    Elapsed: 0.180s  Memory: 1827.00M
"output" in: sky130A_mr.drc:370
    Edge pairs: 0 (flat)  0 (hierarchical)
    Elapsed: 0.020s  Memory: 1827.00M
"and" in: sky130A_mr.drc:371
    Polygons (raw): 1 (flat)  1 (hierarchical)
    Elapsed: 0.060s  Memory: 1827.00M
"enclosing" in: sky130A_mr.drc:371
    Edge pairs: 0 (flat)  0 (hierarchical)
    Elapsed: 0.210s  Memory: 1827.00M
"output" in: sky130A_mr.drc:371
    Edge pairs: 0 (flat)  0 (hierarchical)
    Elapsed: 0.020s  Memory: 1827.00M
"enclosing" in: sky130A_mr.drc:372
    Edge pairs: 0 (flat)  0 (hierarchical)
    Elapsed: 0.130s  Memory: 1827.00M
"output" in: sky130A_mr.drc:372
    Edge pairs: 0 (flat)  0 (hierarchical)
    Elapsed: 0.010s  Memory: 1827.00M
"enclosing" in: sky130A_mr.drc:373
    Edge pairs: 0 (flat)  0 (hierarchical)
    Elapsed: 0.020s  Memory: 1827.00M
"output" in: sky130A_mr.drc:373
    Edge pairs: 0 (flat)  0 (hierarchical)
    Elapsed: 0.020s  Memory: 1827.00M
"separation" in: sky130A_mr.drc:374
    Edge pairs: 0 (flat)  0 (hierarchical)
    Elapsed: 0.020s  Memory: 1827.00M
"output" in: sky130A_mr.drc:374
    Edge pairs: 0 (flat)  0 (hierarchical)
    Elapsed: 0.010s  Memory: 1827.00M
"not_interacting" in: sky130A_mr.drc:375
    Polygons (raw): 63419 (flat)  56998 (hierarchical)
    Elapsed: 0.490s  Memory: 1827.00M
"separation" in: sky130A_mr.drc:375
    Edge pairs: 0 (flat)  0 (hierarchical)
    Elapsed: 1.230s  Memory: 1827.00M
"output" in: sky130A_mr.drc:375
    Edge pairs: 0 (flat)  0 (hierarchical)
    Elapsed: 0.020s  Memory: 1827.00M
END: 89/44 (capm)
START: 97/44 (cap2m)
"width" in: sky130A_mr.drc:380
    Edge pairs: 0 (flat)  0 (hierarchical)
    Elapsed: 0.200s  Memory: 1827.00M
"output" in: sky130A_mr.drc:380
    Edge pairs: 0 (flat)  0 (hierarchical)
    Elapsed: 0.020s  Memory: 1827.00M
"space" in: sky130A_mr.drc:381
    Edge pairs: 0 (flat)  0 (hierarchical)
    Elapsed: 0.020s  Memory: 1827.00M
"output" in: sky130A_mr.drc:381
    Edge pairs: 0 (flat)  0 (hierarchical)
    Elapsed: 0.010s  Memory: 1827.00M
"interacting" in: sky130A_mr.drc:382
    Polygons (raw): 1 (flat)  1 (hierarchical)
    Elapsed: 0.750s  Memory: 1827.00M
"isolated" in: sky130A_mr.drc:382
    Edge pairs: 0 (flat)  0 (hierarchical)
    Elapsed: 0.180s  Memory: 1827.00M
"output" in: sky130A_mr.drc:382
    Edge pairs: 0 (flat)  0 (hierarchical)
    Elapsed: 0.010s  Memory: 1827.00M
"interacting" in: sky130A_mr.drc:383
    Polygons (raw): 1 (flat)  1 (hierarchical)
    Elapsed: 0.130s  Memory: 1827.00M
"isolated" in: sky130A_mr.drc:383
    Edge pairs: 0 (flat)  0 (hierarchical)
    Elapsed: 0.170s  Memory: 1827.00M
"output" in: sky130A_mr.drc:383
    Edge pairs: 0 (flat)  0 (hierarchical)
    Elapsed: 0.010s  Memory: 1827.00M
"and" in: sky130A_mr.drc:384
    Polygons (raw): 1 (flat)  1 (hierarchical)
    Elapsed: 0.050s  Memory: 1827.00M
"enclosing" in: sky130A_mr.drc:384
    Edge pairs: 0 (flat)  0 (hierarchical)
    Elapsed: 0.170s  Memory: 1827.00M
"output" in: sky130A_mr.drc:384
    Edge pairs: 0 (flat)  0 (hierarchical)
    Elapsed: 0.010s  Memory: 1827.00M
"enclosing" in: sky130A_mr.drc:385
    Edge pairs: 0 (flat)  0 (hierarchical)
    Elapsed: 0.120s  Memory: 1827.00M
"output" in: sky130A_mr.drc:385
    Edge pairs: 0 (flat)  0 (hierarchical)
    Elapsed: 0.020s  Memory: 1827.00M
"enclosing" in: sky130A_mr.drc:386
    Edge pairs: 0 (flat)  0 (hierarchical)
    Elapsed: 0.020s  Memory: 1827.00M
"output" in: sky130A_mr.drc:386
    Edge pairs: 0 (flat)  0 (hierarchical)
    Elapsed: 0.010s  Memory: 1827.00M
"separation" in: sky130A_mr.drc:387
    Edge pairs: 0 (flat)  0 (hierarchical)
    Elapsed: 0.020s  Memory: 1827.00M
"output" in: sky130A_mr.drc:387
    Edge pairs: 0 (flat)  0 (hierarchical)
    Elapsed: 0.010s  Memory: 1827.00M
"not_interacting" in: sky130A_mr.drc:388
    Polygons (raw): 5335 (flat)  3979 (hierarchical)
    Elapsed: 0.270s  Memory: 1827.00M
"separation" in: sky130A_mr.drc:388
    Edge pairs: 0 (flat)  0 (hierarchical)
    Elapsed: 1.020s  Memory: 1827.00M
"output" in: sky130A_mr.drc:388
    Edge pairs: 0 (flat)  0 (hierarchical)
    Elapsed: 0.020s  Memory: 1827.00M
END: 97/44 (cap2m)
BEOL section
START: 67/20 (li)
"interacting" in: sky130A_mr.drc:397
    Polygons (raw): 0 (flat)  0 (hierarchical)
    Elapsed: 28.040s  Memory: 1907.00M
"not" in: sky130A_mr.drc:397
    Polygons (raw): 2812565 (flat)  275582 (hierarchical)
    Elapsed: 0.070s  Memory: 1907.00M
"width" in: sky130A_mr.drc:398
    Edge pairs: 0 (flat)  0 (hierarchical)
    Elapsed: 3.630s  Memory: 1907.00M
"output" in: sky130A_mr.drc:398
    Edge pairs: 0 (flat)  0 (hierarchical)
    Elapsed: 0.010s  Memory: 1907.00M
"edges" in: sky130A_mr.drc:400
    Edges: 12669883 (flat)  1419371 (hierarchical)
    Elapsed: 84.560s  Memory: 2227.00M
"space" in: sky130A_mr.drc:400
    Edge pairs: 0 (flat)  0 (hierarchical)
    Elapsed: 95.610s  Memory: 2849.00M
"output" in: sky130A_mr.drc:400
    Edge pairs: 0 (flat)  0 (hierarchical)
    Elapsed: 0.020s  Memory: 2849.00M
"not" in: sky130A_mr.drc:401
    Polygons (raw): 6299376 (flat)  156994 (hierarchical)
    Elapsed: 0.050s  Memory: 2849.00M
"enclosing" in: sky130A_mr.drc:402
    Edge pairs: 5889323 (flat)  2396198 (hierarchical)
    Elapsed: 135.890s  Memory: 2977.00M
"second_edges" in: sky130A_mr.drc:402
    Edges: 5889323 (flat)  2396198 (hierarchical)
    Elapsed: 0.140s  Memory: 2977.00M
"width" in: sky130A_mr.drc:403
    Edge pairs: 0 (flat)  0 (hierarchical)
    Elapsed: 58.340s  Memory: 3066.00M
"polygons" in: sky130A_mr.drc:404
    Polygons (raw): 0 (flat)  0 (hierarchical)
    Elapsed: 0.030s  Memory: 3066.00M
"interacting" in: sky130A_mr.drc:404
    Polygons (raw): 0 (flat)  0 (hierarchical)
    Elapsed: 0.510s  Memory: 3066.00M
"output" in: sky130A_mr.drc:405
    Polygons (raw): 0 (flat)  0 (hierarchical)
    Elapsed: 0.020s  Memory: 3066.00M
"with_area" in: sky130A_mr.drc:406
    Polygons (raw): 0 (flat)  0 (hierarchical)
    Elapsed: 0.700s  Memory: 3066.00M
"output" in: sky130A_mr.drc:406
    Polygons (raw): 0 (flat)  0 (hierarchical)
    Elapsed: 0.020s  Memory: 3066.00M
END: 67/20 (li)
START: 67/44 (mcon)
"not" in: sky130A_mr.drc:411
    Polygons (raw): 6376150 (flat)  425256 (hierarchical)
    Elapsed: 0.050s  Memory: 3066.00M
"drc" in: sky130A_mr.drc:413
    Polygons (raw): 0 (flat)  0 (hierarchical)
    Elapsed: 57.670s  Memory: 3571.00M
"not" in: sky130A_mr.drc:414
    Polygons (raw): 6376150 (flat)  425256 (hierarchical)
    Elapsed: 0.050s  Memory: 3571.00M
"not" in: sky130A_mr.drc:418
    Polygons (raw): 6376150 (flat)  425256 (hierarchical)
    Elapsed: 0.050s  Memory: 3571.00M
"non_rectangles" in: sky130A_mr.drc:419
    Polygons (raw): 0 (flat)  0 (hierarchical)
    Elapsed: 0.490s  Memory: 3571.00M
"output" in: sky130A_mr.drc:419
    Polygons (raw): 0 (flat)  0 (hierarchical)
    Elapsed: 0.010s  Memory: 3571.00M
"drc" in: sky130A_mr.drc:421
    Edge pairs: 0 (flat)  0 (hierarchical)
    Elapsed: 8.650s  Memory: 3635.00M
"output" in: sky130A_mr.drc:421
    Edge pairs: 0 (flat)  0 (hierarchical)
    Elapsed: 0.020s  Memory: 3635.00M
"drc" in: sky130A_mr.drc:422
    Edges: 0 (flat)  0 (hierarchical)
    Elapsed: 7.660s  Memory: 3507.00M
"output" in: sky130A_mr.drc:422
    Edges: 0 (flat)  0 (hierarchical)
    Elapsed: 0.020s  Memory: 3507.00M
"space" in: sky130A_mr.drc:423
    Edge pairs: 0 (flat)  0 (hierarchical)
    Elapsed: 13.910s  Memory: 3507.00M
"output" in: sky130A_mr.drc:423
    Edge pairs: 0 (flat)  0 (hierarchical)
    Elapsed: 0.020s  Memory: 3507.00M
"width" in: sky130A_mr.drc:425
    Edge pairs: 0 (flat)  0 (hierarchical)
    Elapsed: 0.200s  Memory: 3507.00M
"output" in: sky130A_mr.drc:425
    Edge pairs: 0 (flat)  0 (hierarchical)
    Elapsed: 0.020s  Memory: 3507.00M
"drc" in: sky130A_mr.drc:426
    Edge pairs: 0 (flat)  0 (hierarchical)
    Elapsed: 0.030s  Memory: 3507.00M
"output" in: sky130A_mr.drc:426
    Edge pairs: 0 (flat)  0 (hierarchical)
    Elapsed: 0.020s  Memory: 3507.00M
"not" in: sky130A_mr.drc:427
    Polygons (raw): 0 (flat)  0 (hierarchical)
    Elapsed: 0.020s  Memory: 3507.00M
"output" in: sky130A_mr.drc:427
    Polygons (raw): 0 (flat)  0 (hierarchical)
    Elapsed: 0.020s  Memory: 3507.00M
"not" in: sky130A_mr.drc:429
    Polygons (raw): 0 (flat)  0 (hierarchical)
    Elapsed: 38.790s  Memory: 3507.00M
"output" in: sky130A_mr.drc:429
    Polygons (raw): 0 (flat)  0 (hierarchical)
    Elapsed: 0.020s  Memory: 3507.00M
END: 67/44 (mcon)
START: 68/20 (m1)
"width" in: sky130A_mr.drc:434
    Edge pairs: 0 (flat)  0 (hierarchical)
    Elapsed: 31.560s  Memory: 3507.00M
"output" in: sky130A_mr.drc:434
    Edge pairs: 0 (flat)  0 (hierarchical)
    Elapsed: 0.010s  Memory: 3507.00M
"sized" in: sky130A_mr.drc:435
    Polygons (raw): 485 (flat)  54 (hierarchical)
    Elapsed: 5.790s  Memory: 3507.00M
"sized" in: sky130A_mr.drc:435
    Polygons (raw): 485 (flat)  54 (hierarchical)
    Elapsed: 0.070s  Memory: 3507.00M
"snap" in: sky130A_mr.drc:435
    Polygons (raw): 473 (flat)  123 (hierarchical)
    Elapsed: 1.000s  Memory: 3507.00M
"&" in: sky130A_mr.drc:435
    Polygons (raw): 529 (flat)  163 (hierarchical)
    Elapsed: 0.410s  Memory: 3507.00M
"edges" in: sky130A_mr.drc:436
    Edges: 7945498 (flat)  4781228 (hierarchical)
    Elapsed: 81.760s  Memory: 4122.00M
"-" in: sky130A_mr.drc:436
    Edges: 7941142 (flat)  4780626 (hierarchical)
    Elapsed: 8.650s  Memory: 3904.00M
"edges" in: sky130A_mr.drc:437
    Edges: 3940 (flat)  1156 (hierarchical)
    Elapsed: 0.230s  Memory: 3904.00M
"merged" in: sky130A_mr.drc:437
    Polygons (raw): 366608 (flat)  258941 (hierarchical)
    Elapsed: 0.050s  Memory: 3904.00M
"outside_part" in: sky130A_mr.drc:437
    Edges: 2618 (flat)  874 (hierarchical)
    Elapsed: 0.270s  Memory: 3904.00M
"space" in: sky130A_mr.drc:439
    Edge pairs: 0 (flat)  0 (hierarchical)
    Elapsed: 102.410s  Memory: 4838.00M
"output" in: sky130A_mr.drc:439
    Edge pairs: 0 (flat)  0 (hierarchical)
    Elapsed: 0.010s  Memory: 4838.00M
"separation" in: sky130A_mr.drc:441
    Edge pairs: 0 (flat)  0 (hierarchical)
    Elapsed: 0.580s  Memory: 4390.00M
"space" in: sky130A_mr.drc:441
    Edge pairs: 0 (flat)  0 (hierarchical)
    Elapsed: 0.030s  Memory: 4390.00M
"+" in: sky130A_mr.drc:441
    Edge pairs: 0 (flat)  0 (hierarchical)
    Elapsed: 0.030s  Memory: 4390.00M
"output" in: sky130A_mr.drc:441
    Edge pairs: 0 (flat)  0 (hierarchical)
    Elapsed: 0.010s  Memory: 4390.00M
"input" in: sky130A_mr.drc:445
    Polygons (raw): 2646570 (flat)  1449219 (hierarchical)
    Elapsed: 0.840s  Memory: 4390.00M
"enclosing" in: sky130A_mr.drc:447
    Edge pairs: 0 (flat)  0 (hierarchical)
    Elapsed: 435.650s  Memory: 4390.00M
"output" in: sky130A_mr.drc:447
    Edge pairs: 0 (flat)  0 (hierarchical)
    Elapsed: 0.010s  Memory: 4390.00M
"not" in: sky130A_mr.drc:448
    Polygons (raw): 0 (flat)  0 (hierarchical)
    Elapsed: 38.210s  Memory: 4390.00M
"output" in: sky130A_mr.drc:448
    Polygons (raw): 0 (flat)  0 (hierarchical)
    Elapsed: 0.010s  Memory: 4390.00M
"input" in: sky130A_mr.drc:450
    Polygons (raw): 0 (flat)  0 (hierarchical)
    Elapsed: 0.140s  Memory: 4390.00M
"enclosing" in: sky130A_mr.drc:451
    Edge pairs: 0 (flat)  0 (hierarchical)
    Elapsed: 0.120s  Memory: 4390.00M
"output" in: sky130A_mr.drc:451
    Edge pairs: 0 (flat)  0 (hierarchical)
    Elapsed: 0.010s  Memory: 4390.00M
"not" in: sky130A_mr.drc:453
    Polygons (raw): 0 (flat)  0 (hierarchical)
    Elapsed: 0.010s  Memory: 4390.00M
"output" in: sky130A_mr.drc:453
    Polygons (raw): 0 (flat)  0 (hierarchical)
    Elapsed: 0.010s  Memory: 4390.00M
"with_area" in: sky130A_mr.drc:455
    Polygons (raw): 0 (flat)  0 (hierarchical)
    Elapsed: 0.400s  Memory: 4390.00M
"output" in: sky130A_mr.drc:455
    Polygons (raw): 0 (flat)  0 (hierarchical)
    Elapsed: 0.010s  Memory: 4390.00M
"holes" in: sky130A_mr.drc:457
    Polygons (raw): 1544 (flat)  327 (hierarchical)
    Elapsed: 0.180s  Memory: 4390.00M
"with_area" in: sky130A_mr.drc:457
    Polygons (raw): 0 (flat)  0 (hierarchical)
    Elapsed: 0.480s  Memory: 4390.00M
"output" in: sky130A_mr.drc:457
    Polygons (raw): 0 (flat)  0 (hierarchical)
    Elapsed: 0.010s  Memory: 4390.00M
"enclosing" in: sky130A_mr.drc:464
    Edge pairs: 2074370 (flat)  921932 (hierarchical)
    Elapsed: 417.710s  Memory: 4390.00M
"second_edges" in: sky130A_mr.drc:464
    Edges: 2074370 (flat)  921932 (hierarchical)
    Elapsed: 0.090s  Memory: 4390.00M
"width" in: sky130A_mr.drc:465
    Edge pairs: 0 (flat)  0 (hierarchical)
    Elapsed: 6.810s  Memory: 4390.00M
"polygons" in: sky130A_mr.drc:466
    Polygons (raw): 0 (flat)  0 (hierarchical)
    Elapsed: 0.030s  Memory: 4390.00M
"interacting" in: sky130A_mr.drc:466
    Polygons (raw): 0 (flat)  0 (hierarchical)
    Elapsed: 50.870s  Memory: 4390.00M
"output" in: sky130A_mr.drc:467
    Polygons (raw): 0 (flat)  0 (hierarchical)
    Elapsed: 0.020s  Memory: 4390.00M
END: 68/20 (m1)
START: 68/44 (via)
"drc" in: sky130A_mr.drc:475
    Polygons (raw): 0 (flat)  0 (hierarchical)
    Elapsed: 6.390s  Memory: 4390.00M
"not" in: sky130A_mr.drc:476
    Polygons (raw): 1120674 (flat)  618671 (hierarchical)
    Elapsed: 0.050s  Memory: 4390.00M
"not" in: sky130A_mr.drc:481
    Polygons (raw): 1120674 (flat)  618671 (hierarchical)
    Elapsed: 0.050s  Memory: 4390.00M
"non_rectangles" in: sky130A_mr.drc:483
    Polygons (raw): 0 (flat)  0 (hierarchical)
    Elapsed: 0.150s  Memory: 4390.00M
"output" in: sky130A_mr.drc:483
    Polygons (raw): 0 (flat)  0 (hierarchical)
    Elapsed: 0.010s  Memory: 4390.00M
"width" in: sky130A_mr.drc:484
    Edge pairs: 0 (flat)  0 (hierarchical)
    Elapsed: 0.320s  Memory: 4390.00M
"output" in: sky130A_mr.drc:484
    Edge pairs: 0 (flat)  0 (hierarchical)
    Elapsed: 0.020s  Memory: 4390.00M
"drc" in: sky130A_mr.drc:486
    Edges: 0 (flat)  0 (hierarchical)
    Elapsed: 1.850s  Memory: 4390.00M
"output" in: sky130A_mr.drc:486
    Edges: 0 (flat)  0 (hierarchical)
    Elapsed: 0.010s  Memory: 4390.00M
"space" in: sky130A_mr.drc:488
    Edge pairs: 0 (flat)  0 (hierarchical)
    Elapsed: 2.200s  Memory: 4390.00M
"output" in: sky130A_mr.drc:488
    Edge pairs: 0 (flat)  0 (hierarchical)
    Elapsed: 0.010s  Memory: 4390.00M
"width" in: sky130A_mr.drc:491
    Edge pairs: 0 (flat)  0 (hierarchical)
    Elapsed: 0.180s  Memory: 4390.00M
"output" in: sky130A_mr.drc:491
    Edge pairs: 0 (flat)  0 (hierarchical)
    Elapsed: 0.010s  Memory: 4390.00M
"drc" in: sky130A_mr.drc:492
    Edge pairs: 0 (flat)  0 (hierarchical)
    Elapsed: 0.040s  Memory: 4390.00M
"output" in: sky130A_mr.drc:492
    Edge pairs: 0 (flat)  0 (hierarchical)
    Elapsed: 0.010s  Memory: 4390.00M
"not" in: sky130A_mr.drc:493
    Polygons (raw): 0 (flat)  0 (hierarchical)
    Elapsed: 0.030s  Memory: 4390.00M
"output" in: sky130A_mr.drc:493
    Polygons (raw): 0 (flat)  0 (hierarchical)
    Elapsed: 0.010s  Memory: 4390.00M
"edges" in: sky130A_mr.drc:496
    Edges: 7945498 (flat)  4781228 (hierarchical)
    Elapsed: 66.440s  Memory: 4876.00M
"drc" in: sky130A_mr.drc:496
    Edges: 4479956 (flat)  2473576 (hierarchical)
    Elapsed: 7.250s  Memory: 4620.00M
"enclosing" in: sky130A_mr.drc:496
    Edge pairs: 0 (flat)  0 (hierarchical)
    Elapsed: 80.850s  Memory: 5007.00M
"output" in: sky130A_mr.drc:496
    Edge pairs: 0 (flat)  0 (hierarchical)
    Elapsed: 0.010s  Memory: 5007.00M
"squares" in: sky130A_mr.drc:497
    Polygons (raw): 1119989 (flat)  618394 (hierarchical)
    Elapsed: 0.310s  Memory: 5007.00M
"drc" in: sky130A_mr.drc:497
    Edges: 4479956 (flat)  2473576 (hierarchical)
    Elapsed: 6.970s  Memory: 5007.00M
"not" in: sky130A_mr.drc:497
    Edges: 0 (flat)  0 (hierarchical)
    Elapsed: 20.600s  Memory: 5007.00M
"output" in: sky130A_mr.drc:497
    Edges: 0 (flat)  0 (hierarchical)
    Elapsed: 0.010s  Memory: 5007.00M
"edges" in: sky130A_mr.drc:499
    Edges: 7945498 (flat)  4781228 (hierarchical)
    Elapsed: 65.800s  Memory: 5071.00M
"drc" in: sky130A_mr.drc:499
    Edges: 4479956 (flat)  2473576 (hierarchical)
    Elapsed: 6.890s  Memory: 5007.00M
"enclosing" in: sky130A_mr.drc:499
    Edge pairs: 1136695 (flat)  792097 (hierarchical)
    Elapsed: 89.060s  Memory: 5449.00M
"second_edges" in: sky130A_mr.drc:499
    Edges: 1136695 (flat)  792097 (hierarchical)
    Elapsed: 0.080s  Memory: 5449.00M
"width" in: sky130A_mr.drc:500
    Edge pairs: 0 (flat)  0 (hierarchical)
    Elapsed: 6.170s  Memory: 5449.00M
"polygons" in: sky130A_mr.drc:501
    Polygons (raw): 0 (flat)  0 (hierarchical)
    Elapsed: 0.030s  Memory: 5449.00M
"interacting" in: sky130A_mr.drc:501
    Polygons (raw): 0 (flat)  0 (hierarchical)
    Elapsed: 0.160s  Memory: 5449.00M
"output" in: sky130A_mr.drc:502
    Polygons (raw): 0 (flat)  0 (hierarchical)
    Elapsed: 0.010s  Memory: 5449.00M
END: 68/44 (via)
START: 69/20 (m2)
"width" in: sky130A_mr.drc:509
    Edge pairs: 0 (flat)  0 (hierarchical)
    Elapsed: 4.640s  Memory: 5449.00M
"output" in: sky130A_mr.drc:509
    Edge pairs: 0 (flat)  0 (hierarchical)
    Elapsed: 0.020s  Memory: 5449.00M
"sized" in: sky130A_mr.drc:511
    Polygons (raw): 455 (flat)  124 (hierarchical)
    Elapsed: 3.110s  Memory: 5449.00M
"sized" in: sky130A_mr.drc:511
    Polygons (raw): 455 (flat)  124 (hierarchical)
    Elapsed: 0.100s  Memory: 5449.00M
"snap" in: sky130A_mr.drc:511
    Polygons (raw): 455 (flat)  124 (hierarchical)
    Elapsed: 0.540s  Memory: 5449.00M
"&" in: sky130A_mr.drc:511
    Polygons (raw): 703 (flat)  322 (hierarchical)
    Elapsed: 0.420s  Memory: 5449.00M
"edges" in: sky130A_mr.drc:512
    Edges: 3365519 (flat)  2843043 (hierarchical)
    Elapsed: 12.780s  Memory: 5449.00M
"-" in: sky130A_mr.drc:512
    Edges: 3353319 (flat)  2838707 (hierarchical)
    Elapsed: 3.900s  Memory: 5449.00M
"edges" in: sky130A_mr.drc:513
    Edges: 5362 (flat)  2706 (hierarchical)
    Elapsed: 0.310s  Memory: 5449.00M
"merged" in: sky130A_mr.drc:513
    Polygons (raw): 224526 (flat)  192286 (hierarchical)
    Elapsed: 0.050s  Memory: 5449.00M
"outside_part" in: sky130A_mr.drc:513
    Edges: 4638 (flat)  2536 (hierarchical)
    Elapsed: 0.360s  Memory: 5449.00M
"not" in: sky130A_mr.drc:514
    Polygons (raw): 1120674 (flat)  618671 (hierarchical)
    Elapsed: 0.060s  Memory: 5449.00M
"space" in: sky130A_mr.drc:516
    Edge pairs: 0 (flat)  0 (hierarchical)
    Elapsed: 44.480s  Memory: 5705.00M
"output" in: sky130A_mr.drc:516
    Edge pairs: 0 (flat)  0 (hierarchical)
    Elapsed: 0.010s  Memory: 5705.00M
"separation" in: sky130A_mr.drc:518
    Edge pairs: 0 (flat)  0 (hierarchical)
    Elapsed: 0.690s  Memory: 5705.00M
"space" in: sky130A_mr.drc:518
    Edge pairs: 0 (flat)  0 (hierarchical)
    Elapsed: 0.030s  Memory: 5705.00M
"+" in: sky130A_mr.drc:518
    Edge pairs: 0 (flat)  0 (hierarchical)
    Elapsed: 0.030s  Memory: 5705.00M
"output" in: sky130A_mr.drc:518
    Edge pairs: 0 (flat)  0 (hierarchical)
    Elapsed: 0.010s  Memory: 5705.00M
"with_area" in: sky130A_mr.drc:520
    Polygons (raw): 0 (flat)  0 (hierarchical)
    Elapsed: 0.310s  Memory: 5705.00M
"output" in: sky130A_mr.drc:520
    Polygons (raw): 0 (flat)  0 (hierarchical)
    Elapsed: 0.010s  Memory: 5705.00M
"holes" in: sky130A_mr.drc:521
    Polygons (raw): 6 (flat)  6 (hierarchical)
    Elapsed: 0.110s  Memory: 5705.00M
"with_area" in: sky130A_mr.drc:521
    Polygons (raw): 0 (flat)  0 (hierarchical)
    Elapsed: 0.520s  Memory: 5705.00M
"output" in: sky130A_mr.drc:521
    Polygons (raw): 0 (flat)  0 (hierarchical)
    Elapsed: 0.010s  Memory: 5705.00M
"enclosing" in: sky130A_mr.drc:526
    Edge pairs: 0 (flat)  0 (hierarchical)
    Elapsed: 7.580s  Memory: 5449.00M
"output" in: sky130A_mr.drc:526
    Edge pairs: 0 (flat)  0 (hierarchical)
    Elapsed: 0.010s  Memory: 5449.00M
"not" in: sky130A_mr.drc:527
    Polygons (raw): 0 (flat)  0 (hierarchical)
    Elapsed: 4.390s  Memory: 5449.00M
"output" in: sky130A_mr.drc:527
    Polygons (raw): 0 (flat)  0 (hierarchical)
    Elapsed: 0.010s  Memory: 5449.00M
"enclosing" in: sky130A_mr.drc:528
    Edge pairs: 999907 (flat)  764960 (hierarchical)
    Elapsed: 12.700s  Memory: 5449.00M
"second_edges" in: sky130A_mr.drc:528
    Edges: 999907 (flat)  764960 (hierarchical)
    Elapsed: 0.080s  Memory: 5449.00M
"width" in: sky130A_mr.drc:529
    Edge pairs: 0 (flat)  0 (hierarchical)
    Elapsed: 5.690s  Memory: 5449.00M
"polygons" in: sky130A_mr.drc:530
    Polygons (raw): 0 (flat)  0 (hierarchical)
    Elapsed: 0.040s  Memory: 5449.00M
"interacting" in: sky130A_mr.drc:530
    Polygons (raw): 0 (flat)  0 (hierarchical)
    Elapsed: 0.170s  Memory: 5449.00M
"output" in: sky130A_mr.drc:531
    Polygons (raw): 0 (flat)  0 (hierarchical)
    Elapsed: 0.010s  Memory: 5449.00M
END: 69/20 (m2)
START: 69/44 (via2)
"drc" in: sky130A_mr.drc:540
    Polygons (raw): 0 (flat)  0 (hierarchical)
    Elapsed: 3.520s  Memory: 5449.00M
"not" in: sky130A_mr.drc:541
    Polygons (raw): 769574 (flat)  316845 (hierarchical)
    Elapsed: 0.040s  Memory: 5449.00M
"not" in: sky130A_mr.drc:546
    Polygons (raw): 769574 (flat)  316845 (hierarchical)
    Elapsed: 0.050s  Memory: 5449.00M
"non_rectangles" in: sky130A_mr.drc:547
    Polygons (raw): 0 (flat)  0 (hierarchical)
    Elapsed: 0.090s  Memory: 5449.00M
"output" in: sky130A_mr.drc:547
    Polygons (raw): 0 (flat)  0 (hierarchical)
    Elapsed: 0.010s  Memory: 5449.00M
"width" in: sky130A_mr.drc:548
    Edge pairs: 0 (flat)  0 (hierarchical)
    Elapsed: 0.180s  Memory: 5449.00M
"output" in: sky130A_mr.drc:548
    Edge pairs: 0 (flat)  0 (hierarchical)
    Elapsed: 0.020s  Memory: 5449.00M
"edges" in: sky130A_mr.drc:549
    Edges: 3078296 (flat)  1267380 (hierarchical)
    Elapsed: 2.600s  Memory: 5449.00M
"without_length" in: sky130A_mr.drc:549
    Edges: 0 (flat)  0 (hierarchical)
    Elapsed: 7.010s  Memory: 5449.00M
"output" in: sky130A_mr.drc:549
    Edges: 0 (flat)  0 (hierarchical)
    Elapsed: 0.010s  Memory: 5449.00M
"space" in: sky130A_mr.drc:550
    Edge pairs: 0 (flat)  0 (hierarchical)
    Elapsed: 1.430s  Memory: 5449.00M
"output" in: sky130A_mr.drc:550
    Edge pairs: 0 (flat)  0 (hierarchical)
    Elapsed: 0.010s  Memory: 5449.00M
"width" in: sky130A_mr.drc:553
    Edge pairs: 0 (flat)  0 (hierarchical)
    Elapsed: 0.200s  Memory: 5449.00M
"output" in: sky130A_mr.drc:553
    Edge pairs: 0 (flat)  0 (hierarchical)
    Elapsed: 0.010s  Memory: 5449.00M
"drc" in: sky130A_mr.drc:554
    Edge pairs: 0 (flat)  0 (hierarchical)
    Elapsed: 0.030s  Memory: 5449.00M
"output" in: sky130A_mr.drc:554
    Edge pairs: 0 (flat)  0 (hierarchical)
    Elapsed: 0.010s  Memory: 5449.00M
"not" in: sky130A_mr.drc:555
    Polygons (raw): 0 (flat)  0 (hierarchical)
    Elapsed: 0.030s  Memory: 5449.00M
"output" in: sky130A_mr.drc:555
    Polygons (raw): 0 (flat)  0 (hierarchical)
    Elapsed: 0.010s  Memory: 5449.00M
"enclosing" in: sky130A_mr.drc:558
    Edge pairs: 0 (flat)  0 (hierarchical)
    Elapsed: 4.950s  Memory: 5449.00M
"output" in: sky130A_mr.drc:558
    Edge pairs: 0 (flat)  0 (hierarchical)
    Elapsed: 0.010s  Memory: 5449.00M
"not" in: sky130A_mr.drc:559
    Polygons (raw): 0 (flat)  0 (hierarchical)
    Elapsed: 2.640s  Memory: 5449.00M
"output" in: sky130A_mr.drc:559
    Polygons (raw): 0 (flat)  0 (hierarchical)
    Elapsed: 0.010s  Memory: 5449.00M
"enclosing" in: sky130A_mr.drc:561
    Edge pairs: 274623 (flat)  216942 (hierarchical)
    Elapsed: 6.980s  Memory: 5449.00M
"second_edges" in: sky130A_mr.drc:561
    Edges: 274623 (flat)  216942 (hierarchical)
    Elapsed: 0.050s  Memory: 5449.00M
"width" in: sky130A_mr.drc:562
    Edge pairs: 0 (flat)  0 (hierarchical)
    Elapsed: 1.610s  Memory: 5449.00M
"polygons" in: sky130A_mr.drc:563
    Polygons (raw): 0 (flat)  0 (hierarchical)
    Elapsed: 0.030s  Memory: 5449.00M
"interacting" in: sky130A_mr.drc:563
    Polygons (raw): 0 (flat)  0 (hierarchical)
    Elapsed: 0.180s  Memory: 5449.00M
"output" in: sky130A_mr.drc:564
    Polygons (raw): 0 (flat)  0 (hierarchical)
    Elapsed: 0.020s  Memory: 5449.00M
END: 69/44 (via2)
START: 70/20 (m3)
"width" in: sky130A_mr.drc:570
    Edge pairs: 0 (flat)  0 (hierarchical)
    Elapsed: 0.110s  Memory: 5449.00M
"output" in: sky130A_mr.drc:570
    Edge pairs: 0 (flat)  0 (hierarchical)
    Elapsed: 0.010s  Memory: 5449.00M
"sized" in: sky130A_mr.drc:572
    Polygons (raw): 1338 (flat)  312 (hierarchical)
    Elapsed: 0.730s  Memory: 5449.00M
"sized" in: sky130A_mr.drc:572
    Polygons (raw): 1338 (flat)  312 (hierarchical)
    Elapsed: 0.100s  Memory: 5449.00M
"snap" in: sky130A_mr.drc:572
    Polygons (raw): 1305 (flat)  309 (hierarchical)
    Elapsed: 0.570s  Memory: 5449.00M
"&" in: sky130A_mr.drc:572
    Polygons (raw): 1625 (flat)  555 (hierarchical)
    Elapsed: 0.440s  Memory: 5449.00M
"edges" in: sky130A_mr.drc:573
    Edges: 887678 (flat)  811942 (hierarchical)
    Elapsed: 4.210s  Memory: 5449.00M
"-" in: sky130A_mr.drc:573
    Edges: 875556 (flat)  808512 (hierarchical)
    Elapsed: 1.580s  Memory: 5449.00M
"edges" in: sky130A_mr.drc:574
    Edges: 9943 (flat)  3327 (hierarchical)
    Elapsed: 0.380s  Memory: 5449.00M
"merged" in: sky130A_mr.drc:574
    Polygons (raw): 63420 (flat)  57370 (hierarchical)
    Elapsed: 0.030s  Memory: 5449.00M
"outside_part" in: sky130A_mr.drc:574
    Edges: 9433 (flat)  3267 (hierarchical)
    Elapsed: 0.400s  Memory: 5449.00M
"space" in: sky130A_mr.drc:576
    Edge pairs: 0 (flat)  0 (hierarchical)
    Elapsed: 7.280s  Memory: 5449.00M
"output" in: sky130A_mr.drc:576
    Edge pairs: 0 (flat)  0 (hierarchical)
    Elapsed: 0.010s  Memory: 5449.00M
"separation" in: sky130A_mr.drc:578
    Edge pairs: 0 (flat)  0 (hierarchical)
    Elapsed: 0.760s  Memory: 5449.00M
"space" in: sky130A_mr.drc:578
    Edge pairs: 0 (flat)  0 (hierarchical)
    Elapsed: 0.050s  Memory: 5449.00M
"+" in: sky130A_mr.drc:578
    Edge pairs: 0 (flat)  0 (hierarchical)
    Elapsed: 0.030s  Memory: 5449.00M
"output" in: sky130A_mr.drc:578
    Edge pairs: 0 (flat)  0 (hierarchical)
    Elapsed: 0.010s  Memory: 5449.00M
"enclosing" in: sky130A_mr.drc:583
    Edge pairs: 0 (flat)  0 (hierarchical)
    Elapsed: 3.510s  Memory: 5449.00M
"output" in: sky130A_mr.drc:583
    Edge pairs: 0 (flat)  0 (hierarchical)
    Elapsed: 0.020s  Memory: 5449.00M
"not" in: sky130A_mr.drc:584
    Polygons (raw): 0 (flat)  0 (hierarchical)
    Elapsed: 1.920s  Memory: 5449.00M
"output" in: sky130A_mr.drc:584
    Polygons (raw): 0 (flat)  0 (hierarchical)
    Elapsed: 0.010s  Memory: 5449.00M
END: 70/20 (m3)
START: 70/44 (via3)
"drc" in: sky130A_mr.drc:592
    Polygons (raw): 0 (flat)  0 (hierarchical)
    Elapsed: 7.990s  Memory: 5449.00M
"not" in: sky130A_mr.drc:593
    Polygons (raw): 676149 (flat)  272657 (hierarchical)
    Elapsed: 0.050s  Memory: 5449.00M
"not" in: sky130A_mr.drc:598
    Polygons (raw): 676149 (flat)  272657 (hierarchical)
    Elapsed: 0.050s  Memory: 5449.00M
"non_rectangles" in: sky130A_mr.drc:599
    Polygons (raw): 0 (flat)  0 (hierarchical)
    Elapsed: 0.090s  Memory: 5449.00M
"output" in: sky130A_mr.drc:599
    Polygons (raw): 0 (flat)  0 (hierarchical)
    Elapsed: 0.010s  Memory: 5449.00M
"width" in: sky130A_mr.drc:600
    Edge pairs: 0 (flat)  0 (hierarchical)
    Elapsed: 0.160s  Memory: 5449.00M
"output" in: sky130A_mr.drc:600
    Edge pairs: 0 (flat)  0 (hierarchical)
    Elapsed: 0.010s  Memory: 5449.00M
"edges" in: sky130A_mr.drc:601
    Edges: 2704596 (flat)  1090628 (hierarchical)
    Elapsed: 3.500s  Memory: 5449.00M
"without_length" in: sky130A_mr.drc:601
    Edges: 0 (flat)  0 (hierarchical)
    Elapsed: 105.020s  Memory: 5449.00M
"output" in: sky130A_mr.drc:601
    Edges: 0 (flat)  0 (hierarchical)
    Elapsed: 0.010s  Memory: 5449.00M
"space" in: sky130A_mr.drc:603
    Edge pairs: 0 (flat)  0 (hierarchical)
    Elapsed: 2.520s  Memory: 5449.00M
"output" in: sky130A_mr.drc:603
    Edge pairs: 0 (flat)  0 (hierarchical)
    Elapsed: 0.010s  Memory: 5449.00M
"enclosing" in: sky130A_mr.drc:604
    Edge pairs: 0 (flat)  0 (hierarchical)
    Elapsed: 3.280s  Memory: 5449.00M
"output" in: sky130A_mr.drc:604
    Edge pairs: 0 (flat)  0 (hierarchical)
    Elapsed: 0.010s  Memory: 5449.00M
"not" in: sky130A_mr.drc:605
    Polygons (raw): 0 (flat)  0 (hierarchical)
    Elapsed: 2.170s  Memory: 5449.00M
"output" in: sky130A_mr.drc:605
    Polygons (raw): 0 (flat)  0 (hierarchical)
    Elapsed: 0.010s  Memory: 5449.00M
"enclosing" in: sky130A_mr.drc:607
    Edge pairs: 192243 (flat)  142839 (hierarchical)
    Elapsed: 4.310s  Memory: 5449.00M
"second_edges" in: sky130A_mr.drc:607
    Edges: 192243 (flat)  142839 (hierarchical)
    Elapsed: 0.040s  Memory: 5449.00M
"width" in: sky130A_mr.drc:608
    Edge pairs: 0 (flat)  0 (hierarchical)
    Elapsed: 1.160s  Memory: 5449.00M
"polygons" in: sky130A_mr.drc:609
    Polygons (raw): 0 (flat)  0 (hierarchical)
    Elapsed: 0.020s  Memory: 5449.00M
"interacting" in: sky130A_mr.drc:609
    Polygons (raw): 0 (flat)  0 (hierarchical)
    Elapsed: 0.130s  Memory: 5449.00M
"output" in: sky130A_mr.drc:610
    Polygons (raw): 0 (flat)  0 (hierarchical)
    Elapsed: 0.010s  Memory: 5449.00M
END: 70/44 (via3)
START: 71/20 (m4)
"width" in: sky130A_mr.drc:616
    Edge pairs: 0 (flat)  0 (hierarchical)
    Elapsed: 0.030s  Memory: 5449.00M
"output" in: sky130A_mr.drc:616
    Edge pairs: 0 (flat)  0 (hierarchical)
    Elapsed: 0.010s  Memory: 5449.00M
"sized" in: sky130A_mr.drc:618
    Polygons (raw): 357 (flat)  147 (hierarchical)
    Elapsed: 0.150s  Memory: 5449.00M
"sized" in: sky130A_mr.drc:618
    Polygons (raw): 357 (flat)  147 (hierarchical)
    Elapsed: 0.100s  Memory: 5449.00M
"snap" in: sky130A_mr.drc:618
    Polygons (raw): 357 (flat)  147 (hierarchical)
    Elapsed: 0.580s  Memory: 5449.00M
"&" in: sky130A_mr.drc:618
    Polygons (raw): 598 (flat)  388 (hierarchical)
    Elapsed: 1.690s  Memory: 5449.00M
"edges" in: sky130A_mr.drc:619
    Edges: 158207 (flat)  55074 (hierarchical)
    Elapsed: 1.450s  Memory: 5449.00M
"-" in: sky130A_mr.drc:619
    Edges: 92496 (flat)  51673 (hierarchical)
    Elapsed: 1.050s  Memory: 5449.00M
"edges" in: sky130A_mr.drc:620
    Edges: 2170 (flat)  1120 (hierarchical)
    Elapsed: 0.380s  Memory: 5449.00M
"merged" in: sky130A_mr.drc:620
    Polygons (raw): 5336 (flat)  4050 (hierarchical)
    Elapsed: 0.030s  Memory: 5449.00M
"outside_part" in: sky130A_mr.drc:620
    Edges: 2032 (flat)  1132 (hierarchical)
    Elapsed: 0.420s  Memory: 5449.00M
"space" in: sky130A_mr.drc:622
    Edge pairs: 0 (flat)  0 (hierarchical)
    Elapsed: 1.270s  Memory: 5449.00M
"output" in: sky130A_mr.drc:622
    Edge pairs: 0 (flat)  0 (hierarchical)
    Elapsed: 0.010s  Memory: 5449.00M
"with_area" in: sky130A_mr.drc:624
    Polygons (raw): 0 (flat)  0 (hierarchical)
    Elapsed: 0.100s  Memory: 5449.00M
"output" in: sky130A_mr.drc:624
    Polygons (raw): 0 (flat)  0 (hierarchical)
    Elapsed: 0.020s  Memory: 5449.00M
"separation" in: sky130A_mr.drc:626
    Edge pairs: 0 (flat)  0 (hierarchical)
    Elapsed: 0.580s  Memory: 5449.00M
"space" in: sky130A_mr.drc:626
    Edge pairs: 0 (flat)  0 (hierarchical)
    Elapsed: 0.040s  Memory: 5449.00M
"+" in: sky130A_mr.drc:626
    Edge pairs: 0 (flat)  0 (hierarchical)
    Elapsed: 0.030s  Memory: 5449.00M
"output" in: sky130A_mr.drc:626
    Edge pairs: 0 (flat)  0 (hierarchical)
    Elapsed: 0.020s  Memory: 5449.00M
"enclosing" in: sky130A_mr.drc:631
    Edge pairs: 0 (flat)  0 (hierarchical)
    Elapsed: 46.780s  Memory: 5449.00M
"output" in: sky130A_mr.drc:631
    Edge pairs: 0 (flat)  0 (hierarchical)
    Elapsed: 0.010s  Memory: 5449.00M
"not" in: sky130A_mr.drc:632
    Polygons (raw): 0 (flat)  0 (hierarchical)
    Elapsed: 2.720s  Memory: 5449.00M
"output" in: sky130A_mr.drc:632
    Polygons (raw): 0 (flat)  0 (hierarchical)
    Elapsed: 0.010s  Memory: 5449.00M
END: 71/20 (m4)
START: 71/44 (via4)
"drc" in: sky130A_mr.drc:639
    Polygons (raw): 0 (flat)  0 (hierarchical)
    Elapsed: 1.100s  Memory: 5449.00M
"not" in: sky130A_mr.drc:640
    Polygons (raw): 230897 (flat)  42995 (hierarchical)
    Elapsed: 0.040s  Memory: 5449.00M
"not" in: sky130A_mr.drc:645
    Polygons (raw): 230897 (flat)  42995 (hierarchical)
    Elapsed: 0.030s  Memory: 5449.00M
"non_rectangles" in: sky130A_mr.drc:646
    Polygons (raw): 0 (flat)  0 (hierarchical)
    Elapsed: 0.030s  Memory: 5449.00M
"output" in: sky130A_mr.drc:646
    Polygons (raw): 0 (flat)  0 (hierarchical)
    Elapsed: 0.010s  Memory: 5449.00M
"width" in: sky130A_mr.drc:647
    Edge pairs: 0 (flat)  0 (hierarchical)
    Elapsed: 0.050s  Memory: 5449.00M
"output" in: sky130A_mr.drc:647
    Edge pairs: 0 (flat)  0 (hierarchical)
    Elapsed: 0.010s  Memory: 5449.00M
"drc" in: sky130A_mr.drc:648
    Edges: 0 (flat)  0 (hierarchical)
    Elapsed: 0.290s  Memory: 5449.00M
"output" in: sky130A_mr.drc:648
    Edges: 0 (flat)  0 (hierarchical)
    Elapsed: 0.010s  Memory: 5449.00M
"space" in: sky130A_mr.drc:650
    Edge pairs: 0 (flat)  0 (hierarchical)
    Elapsed: 0.300s  Memory: 5449.00M
"polygons" in: sky130A_mr.drc:650
    Polygons (raw): 0 (flat)  0 (hierarchical)
    Elapsed: 0.020s  Memory: 5449.00M
"output" in: sky130A_mr.drc:650
    Polygons (raw): 0 (flat)  0 (hierarchical)
    Elapsed: 0.010s  Memory: 5449.00M
"width" in: sky130A_mr.drc:653
    Edge pairs: 0 (flat)  0 (hierarchical)
    Elapsed: 0.190s  Memory: 5449.00M
"output" in: sky130A_mr.drc:653
    Edge pairs: 0 (flat)  0 (hierarchical)
    Elapsed: 0.010s  Memory: 5449.00M
"drc" in: sky130A_mr.drc:654
    Edge pairs: 0 (flat)  0 (hierarchical)
    Elapsed: 0.050s  Memory: 5449.00M
"output" in: sky130A_mr.drc:654
    Edge pairs: 0 (flat)  0 (hierarchical)
    Elapsed: 0.010s  Memory: 5449.00M
"not" in: sky130A_mr.drc:655
    Polygons (raw): 0 (flat)  0 (hierarchical)
    Elapsed: 0.030s  Memory: 5449.00M
"output" in: sky130A_mr.drc:655
    Polygons (raw): 0 (flat)  0 (hierarchical)
    Elapsed: 0.020s  Memory: 5449.00M
"enclosing" in: sky130A_mr.drc:658
    Edge pairs: 0 (flat)  0 (hierarchical)
    Elapsed: 9.720s  Memory: 5449.00M
"output" in: sky130A_mr.drc:658
    Edge pairs: 0 (flat)  0 (hierarchical)
    Elapsed: 0.020s  Memory: 5449.00M
"not" in: sky130A_mr.drc:659
    Polygons (raw): 0 (flat)  0 (hierarchical)
    Elapsed: 1.480s  Memory: 5449.00M
"output" in: sky130A_mr.drc:659
    Polygons (raw): 0 (flat)  0 (hierarchical)
    Elapsed: 0.020s  Memory: 5449.00M
END: 71/44 (via4)
START: 72/20 (m5)
"width" in: sky130A_mr.drc:664
    Edge pairs: 0 (flat)  0 (hierarchical)
    Elapsed: 0.410s  Memory: 5449.00M
"output" in: sky130A_mr.drc:664
    Edge pairs: 0 (flat)  0 (hierarchical)
    Elapsed: 0.010s  Memory: 5449.00M
"space" in: sky130A_mr.drc:666
    Edge pairs: 0 (flat)  0 (hierarchical)
    Elapsed: 0.630s  Memory: 5449.00M
"output" in: sky130A_mr.drc:666
    Edge pairs: 0 (flat)  0 (hierarchical)
    Elapsed: 0.010s  Memory: 5449.00M
"enclosing" in: sky130A_mr.drc:668
    Edge pairs: 0 (flat)  0 (hierarchical)
    Elapsed: 7.530s  Memory: 5449.00M
"output" in: sky130A_mr.drc:668
    Edge pairs: 0 (flat)  0 (hierarchical)
    Elapsed: 0.010s  Memory: 5449.00M
"not" in: sky130A_mr.drc:669
    Polygons (raw): 0 (flat)  0 (hierarchical)
    Elapsed: 0.570s  Memory: 5449.00M
"output" in: sky130A_mr.drc:669
    Polygons (raw): 0 (flat)  0 (hierarchical)
    Elapsed: 0.010s  Memory: 5449.00M
"with_area" in: sky130A_mr.drc:673
    Polygons (raw): 0 (flat)  0 (hierarchical)
    Elapsed: 0.100s  Memory: 5449.00M
"output" in: sky130A_mr.drc:673
    Polygons (raw): 0 (flat)  0 (hierarchical)
    Elapsed: 0.010s  Memory: 5449.00M
END: 72/20 (m5)
START: 76/20 (pad)
"space" in: sky130A_mr.drc:678
    Edge pairs: 0 (flat)  0 (hierarchical)
    Elapsed: 0.570s  Memory: 5449.00M
"output" in: sky130A_mr.drc:678
    Edge pairs: 0 (flat)  0 (hierarchical)
    Elapsed: 0.010s  Memory: 5449.00M
END: 76/20 (pad)
FEOL section
START: 75/20 (hvi)
"not" in: sky130A_mr.drc:688
    Polygons (raw): 41194 (flat)  2084 (hierarchical)
    Elapsed: 0.150s  Memory: 5449.00M
"width" in: sky130A_mr.drc:689
    Edge pairs: 0 (flat)  0 (hierarchical)
    Elapsed: 0.340s  Memory: 5449.00M
"output" in: sky130A_mr.drc:689
    Edge pairs: 0 (flat)  0 (hierarchical)
    Elapsed: 0.010s  Memory: 5449.00M
"space" in: sky130A_mr.drc:690
    Edge pairs: 0 (flat)  0 (hierarchical)
    Elapsed: 0.030s  Memory: 5449.00M
"output" in: sky130A_mr.drc:690
    Edge pairs: 0 (flat)  0 (hierarchical)
    Elapsed: 0.010s  Memory: 5449.00M
END: 75/20 (hvi)
START: 125/20 (hvntm)
"not" in: sky130A_mr.drc:695
    Polygons (raw): 33 (flat)  23 (hierarchical)
    Elapsed: 0.030s  Memory: 5449.00M
"width" in: sky130A_mr.drc:696
    Edge pairs: 0 (flat)  0 (hierarchical)
    Elapsed: 0.180s  Memory: 5449.00M
"output" in: sky130A_mr.drc:696
    Edge pairs: 0 (flat)  0 (hierarchical)
    Elapsed: 0.010s  Memory: 5449.00M
"space" in: sky130A_mr.drc:697
    Edge pairs: 0 (flat)  0 (hierarchical)
    Elapsed: 0.030s  Memory: 5449.00M
"output" in: sky130A_mr.drc:697
    Edge pairs: 0 (flat)  0 (hierarchical)
    Elapsed: 0.010s  Memory: 5449.00M
END: 125/20 (hvntm)
Writing report database: /home/passant/caravel/signoff/caravan/standalone_pvr/caravan_klayout_drc.xml ..
Total elapsed: 2675.820s  Memory: 4871.00M
 
Cell exclusion list:
   rule    | cell
   nwell.6 | sky130_fd_io__gpiov2_amux, sky130_fd_io__simple_pad_and_busses, sram
   nsd.1   | sram
   nsd.2   | sram
   psd.1   | sram
   psd.2   | sram
 
release 2022.6.30_01.07
