****************************************
Report : constraint
	-all_violators
	-path slack_only
Design : housekeeping
Version: T-2022.03-SP3
Date   : Mon Apr 17 12:18:09 2023
****************************************






   max_transition

                             Required        Actual
   Pin                      Transition     Transition        Slack
   -----------------------------------------------------------------
   _5793_/A1_N                0.7500         0.7863        -0.0363  (VIOLATED)
   ANTENNA__5793__A1_N/DIODE   0.7500        0.7863        -0.0363  (VIOLATED)
   _5782_/Y                   0.7500         0.7851        -0.0351  (VIOLATED)
   _5771_/B1                  0.7500         0.7842        -0.0342  (VIOLATED)
   ANTENNA_14/DIODE           0.7500         0.7842        -0.0342  (VIOLATED)
   _5760_/Y                   0.7500         0.7831        -0.0331  (VIOLATED)
   ANTENNA_19/DIODE           0.7500         0.7698        -0.0198  (VIOLATED)
   _5880_/A1_N                0.7500         0.7698        -0.0198  (VIOLATED)
   _5869_/Y                   0.7500         0.7698        -0.0198  (VIOLATED)


1
