tech-files/sky130A_mr.drc:48: warning: already initialized constant DRC::DRCEngine::FEOL
tech-files/sky130A_mr.drc:40: warning: previous definition of FEOL was here
tech-files/sky130A_mr.drc:54: warning: already initialized constant DRC::DRCEngine::BEOL
tech-files/sky130A_mr.drc:41: warning: previous definition of BEOL was here
tech-files/sky130A_mr.drc:62: warning: already initialized constant DRC::DRCEngine::OFFGRID
tech-files/sky130A_mr.drc:42: warning: previous definition of OFFGRID was here
tech-files/sky130A_mr.drc:66: warning: already initialized constant DRC::DRCEngine::SEAL
tech-files/sky130A_mr.drc:43: warning: previous definition of SEAL was here
tech-files/sky130A_mr.drc:74: warning: already initialized constant DRC::DRCEngine::FLOATING_MET
tech-files/sky130A_mr.drc:44: warning: previous definition of FLOATING_MET was here
"input" in: sky130A_mr.drc:124
    Polygons (raw): 907758 (flat)  3605 (hierarchical)
    Elapsed: 0.150s  Memory: 777.00M
"polygons" in: sky130A_mr.drc:125
    Polygons (raw): 128991 (flat)  1000 (hierarchical)
    Elapsed: 0.100s  Memory: 777.00M
"polygons" in: sky130A_mr.drc:126
    Polygons (raw): 476342 (flat)  1140 (hierarchical)
    Elapsed: 0.090s  Memory: 777.00M
"polygons" in: sky130A_mr.drc:127
    Polygons (raw): 853 (flat)  36 (hierarchical)
    Elapsed: 0.010s  Memory: 777.00M
"polygons" in: sky130A_mr.drc:128
    Polygons (raw): 0 (flat)  0 (hierarchical)
    Elapsed: 0.010s  Memory: 777.00M
"polygons" in: sky130A_mr.drc:129
    Polygons (raw): 0 (flat)  0 (hierarchical)
    Elapsed: 0.010s  Memory: 777.00M
"polygons" in: sky130A_mr.drc:130
    Polygons (raw): 0 (flat)  0 (hierarchical)
    Elapsed: 0.010s  Memory: 777.00M
"polygons" in: sky130A_mr.drc:131
    Polygons (raw): 0 (flat)  0 (hierarchical)
    Elapsed: 0.010s  Memory: 777.00M
"polygons" in: sky130A_mr.drc:132
    Polygons (raw): 378335 (flat)  452 (hierarchical)
    Elapsed: 0.090s  Memory: 777.00M
"polygons" in: sky130A_mr.drc:133
    Polygons (raw): 0 (flat)  0 (hierarchical)
    Elapsed: 0.020s  Memory: 777.00M
"polygons" in: sky130A_mr.drc:134
    Polygons (raw): 54311 (flat)  575 (hierarchical)
    Elapsed: 0.020s  Memory: 777.00M
"polygons" in: sky130A_mr.drc:135
    Polygons (raw): 0 (flat)  0 (hierarchical)
    Elapsed: 0.010s  Memory: 777.00M
"polygons" in: sky130A_mr.drc:136
    Polygons (raw): 5945 (flat)  38 (hierarchical)
    Elapsed: 0.010s  Memory: 777.00M
"polygons" in: sky130A_mr.drc:137
    Polygons (raw): 1257195 (flat)  8661 (hierarchical)
    Elapsed: 0.110s  Memory: 777.00M
"polygons" in: sky130A_mr.drc:138
    Polygons (raw): 33 (flat)  16 (hierarchical)
    Elapsed: 0.030s  Memory: 777.00M
"polygons" in: sky130A_mr.drc:139
    Polygons (raw): 570696 (flat)  1638 (hierarchical)
    Elapsed: 0.080s  Memory: 777.00M
"polygons" in: sky130A_mr.drc:140
    Polygons (raw): 541673 (flat)  1453 (hierarchical)
    Elapsed: 0.090s  Memory: 777.00M
"polygons" in: sky130A_mr.drc:141
    Polygons (raw): 0 (flat)  0 (hierarchical)
    Elapsed: 0.010s  Memory: 777.00M
"polygons" in: sky130A_mr.drc:142
    Polygons (raw): 1 (flat)  1 (hierarchical)
    Elapsed: 0.020s  Memory: 777.00M
"polygons" in: sky130A_mr.drc:143
    Polygons (raw): 286219 (flat)  2045 (hierarchical)
    Elapsed: 0.100s  Memory: 777.00M
"polygons" in: sky130A_mr.drc:144
    Polygons (raw): 6894253 (flat)  155820 (hierarchical)
    Elapsed: 0.150s  Memory: 781.00M
"polygons" in: sky130A_mr.drc:146
    Polygons (raw): 2969770 (flat)  275764 (hierarchical)
    Elapsed: 0.210s  Memory: 788.00M
"polygons" in: sky130A_mr.drc:147
    Polygons (raw): 6714996 (flat)  425692 (hierarchical)
    Elapsed: 0.250s  Memory: 798.00M
"polygons" in: sky130A_mr.drc:149
    Polygons (raw): 2786380 (flat)  1422735 (hierarchical)
    Elapsed: 0.700s  Memory: 834.00M
"polygons" in: sky130A_mr.drc:150
    Polygons (raw): 1218173 (flat)  479928 (hierarchical)
    Elapsed: 0.310s  Memory: 842.00M
"polygons" in: sky130A_mr.drc:152
    Polygons (raw): 1002924 (flat)  731889 (hierarchical)
    Elapsed: 0.450s  Memory: 861.00M
"polygons" in: sky130A_mr.drc:153
    Polygons (raw): 860387 (flat)  200830 (hierarchical)
    Elapsed: 0.180s  Memory: 863.00M
"polygons" in: sky130A_mr.drc:155
    Polygons (raw): 290754 (flat)  247939 (hierarchical)
    Elapsed: 0.210s  Memory: 871.00M
"polygons" in: sky130A_mr.drc:156
    Polygons (raw): 757066 (flat)  199855 (hierarchical)
    Elapsed: 0.180s  Memory: 873.00M
"polygons" in: sky130A_mr.drc:158
    Polygons (raw): 74691 (flat)  14854 (hierarchical)
    Elapsed: 0.110s  Memory: 874.00M
"polygons" in: sky130A_mr.drc:159
    Polygons (raw): 247875 (flat)  31801 (hierarchical)
    Elapsed: 0.090s  Memory: 874.00M
"polygons" in: sky130A_mr.drc:161
    Polygons (raw): 26968 (flat)  2441 (hierarchical)
    Elapsed: 0.080s  Memory: 875.00M
"polygons" in: sky130A_mr.drc:163
    Polygons (raw): 107 (flat)  1 (hierarchical)
    Elapsed: 0.010s  Memory: 875.00M
"polygons" in: sky130A_mr.drc:164
    Polygons (raw): 0 (flat)  0 (hierarchical)
    Elapsed: 0.010s  Memory: 875.00M
"polygons" in: sky130A_mr.drc:165
    Polygons (raw): 1 (flat)  1 (hierarchical)
    Elapsed: 0.010s  Memory: 875.00M
"polygons" in: sky130A_mr.drc:166
    Polygons (raw): 1 (flat)  1 (hierarchical)
    Elapsed: 0.020s  Memory: 875.00M
"polygons" in: sky130A_mr.drc:167
    Polygons (raw): 0 (flat)  0 (hierarchical)
    Elapsed: 0.010s  Memory: 875.00M
"polygons" in: sky130A_mr.drc:168
    Polygons (raw): 0 (flat)  0 (hierarchical)
    Elapsed: 0.010s  Memory: 875.00M
"polygons" in: sky130A_mr.drc:169
    Polygons (raw): 0 (flat)  0 (hierarchical)
    Elapsed: 0.010s  Memory: 875.00M
"polygons" in: sky130A_mr.drc:170
    Polygons (raw): 0 (flat)  0 (hierarchical)
    Elapsed: 0.010s  Memory: 875.00M
"polygons" in: sky130A_mr.drc:171
    Polygons (raw): 0 (flat)  0 (hierarchical)
    Elapsed: 0.020s  Memory: 875.00M
"polygons" in: sky130A_mr.drc:172
    Polygons (raw): 0 (flat)  0 (hierarchical)
    Elapsed: 0.010s  Memory: 875.00M
"polygons" in: sky130A_mr.drc:173
    Polygons (raw): 0 (flat)  0 (hierarchical)
    Elapsed: 0.010s  Memory: 875.00M
"polygons" in: sky130A_mr.drc:174
    Polygons (raw): 0 (flat)  0 (hierarchical)
    Elapsed: 0.010s  Memory: 875.00M
"polygons" in: sky130A_mr.drc:175
    Polygons (raw): 107 (flat)  1 (hierarchical)
    Elapsed: 0.010s  Memory: 875.00M
"polygons" in: sky130A_mr.drc:176
    Polygons (raw): 0 (flat)  0 (hierarchical)
    Elapsed: 0.010s  Memory: 875.00M
"polygons" in: sky130A_mr.drc:177
    Polygons (raw): 0 (flat)  0 (hierarchical)
    Elapsed: 0.010s  Memory: 875.00M
"polygons" in: sky130A_mr.drc:178
    Polygons (raw): 0 (flat)  0 (hierarchical)
    Elapsed: 0.010s  Memory: 875.00M
"polygons" in: sky130A_mr.drc:179
    Polygons (raw): 0 (flat)  0 (hierarchical)
    Elapsed: 0.010s  Memory: 875.00M
"polygons" in: sky130A_mr.drc:180
    Polygons (raw): 372575 (flat)  434 (hierarchical)
    Elapsed: 0.080s  Memory: 875.00M
"polygons" in: sky130A_mr.drc:181
    Polygons (raw): 3799 (flat)  133 (hierarchical)
    Elapsed: 0.010s  Memory: 875.00M
"polygons" in: sky130A_mr.drc:182
    Polygons (raw): 0 (flat)  0 (hierarchical)
    Elapsed: 0.020s  Memory: 875.00M
"polygons" in: sky130A_mr.drc:183
    Polygons (raw): 2520 (flat)  112 (hierarchical)
    Elapsed: 0.010s  Memory: 875.00M
"polygons" in: sky130A_mr.drc:184
    Polygons (raw): 0 (flat)  0 (hierarchical)
    Elapsed: 0.010s  Memory: 875.00M
"polygons" in: sky130A_mr.drc:185
    Polygons (raw): 0 (flat)  0 (hierarchical)
    Elapsed: 0.010s  Memory: 875.00M
"polygons" in: sky130A_mr.drc:186
    Polygons (raw): 0 (flat)  0 (hierarchical)
    Elapsed: 0.010s  Memory: 875.00M
"polygons" in: sky130A_mr.drc:187
    Polygons (raw): 0 (flat)  0 (hierarchical)
    Elapsed: 0.020s  Memory: 875.00M
"polygons" in: sky130A_mr.drc:188
    Polygons (raw): 2 (flat)  2 (hierarchical)
    Elapsed: 0.070s  Memory: 875.00M
"polygons" in: sky130A_mr.drc:189
    Polygons (raw): 0 (flat)  0 (hierarchical)
    Elapsed: 0.020s  Memory: 875.00M
"polygons" in: sky130A_mr.drc:190
    Polygons (raw): 0 (flat)  0 (hierarchical)
    Elapsed: 0.010s  Memory: 875.00M
"polygons" in: sky130A_mr.drc:191
    Polygons (raw): 0 (flat)  0 (hierarchical)
    Elapsed: 0.010s  Memory: 875.00M
"polygons" in: sky130A_mr.drc:192
    Polygons (raw): 981 (flat)  4 (hierarchical)
    Elapsed: 0.010s  Memory: 875.00M
"polygons" in: sky130A_mr.drc:193
    Polygons (raw): 45727 (flat)  4 (hierarchical)
    Elapsed: 0.100s  Memory: 875.00M
"polygons" in: sky130A_mr.drc:194
    Polygons (raw): 0 (flat)  0 (hierarchical)
    Elapsed: 0.010s  Memory: 875.00M
"polygons" in: sky130A_mr.drc:195
    Polygons (raw): 0 (flat)  0 (hierarchical)
    Elapsed: 0.010s  Memory: 875.00M
"polygons" in: sky130A_mr.drc:196
    Polygons (raw): 0 (flat)  0 (hierarchical)
    Elapsed: 0.020s  Memory: 875.00M
"polygons" in: sky130A_mr.drc:197
    Polygons (raw): 0 (flat)  0 (hierarchical)
    Elapsed: 0.010s  Memory: 875.00M
"polygons" in: sky130A_mr.drc:198
    Polygons (raw): 45 (flat)  8 (hierarchical)
    Elapsed: 0.020s  Memory: 875.00M
"polygons" in: sky130A_mr.drc:199
    Polygons (raw): 0 (flat)  0 (hierarchical)
    Elapsed: 0.010s  Memory: 875.00M
"polygons" in: sky130A_mr.drc:200
    Polygons (raw): 0 (flat)  0 (hierarchical)
    Elapsed: 0.020s  Memory: 875.00M
"polygons" in: sky130A_mr.drc:201
    Polygons (raw): 0 (flat)  0 (hierarchical)
    Elapsed: 0.010s  Memory: 875.00M
"polygons" in: sky130A_mr.drc:202
    Polygons (raw): 0 (flat)  0 (hierarchical)
    Elapsed: 0.010s  Memory: 875.00M
"polygons" in: sky130A_mr.drc:203
    Polygons (raw): 0 (flat)  0 (hierarchical)
    Elapsed: 0.010s  Memory: 875.00M
"polygons" in: sky130A_mr.drc:204
    Polygons (raw): 0 (flat)  0 (hierarchical)
    Elapsed: 0.010s  Memory: 875.00M
"polygons" in: sky130A_mr.drc:205
    Polygons (raw): 0 (flat)  0 (hierarchical)
    Elapsed: 0.020s  Memory: 875.00M
"polygons" in: sky130A_mr.drc:206
    Polygons (raw): 0 (flat)  0 (hierarchical)
    Elapsed: 0.010s  Memory: 875.00M
"polygons" in: sky130A_mr.drc:207
    Polygons (raw): 0 (flat)  0 (hierarchical)
    Elapsed: 0.010s  Memory: 875.00M
"polygons" in: sky130A_mr.drc:208
    Polygons (raw): 0 (flat)  0 (hierarchical)
    Elapsed: 0.010s  Memory: 875.00M
"polygons" in: sky130A_mr.drc:209
    Polygons (raw): 0 (flat)  0 (hierarchical)
    Elapsed: 0.010s  Memory: 875.00M
"polygons" in: sky130A_mr.drc:210
    Polygons (raw): 0 (flat)  0 (hierarchical)
    Elapsed: 0.010s  Memory: 875.00M
"polygons" in: sky130A_mr.drc:211
    Polygons (raw): 3279 (flat)  210 (hierarchical)
    Elapsed: 0.010s  Memory: 875.00M
"polygons" in: sky130A_mr.drc:212
    Polygons (raw): 109 (flat)  39 (hierarchical)
    Elapsed: 0.020s  Memory: 875.00M
"polygons" in: sky130A_mr.drc:213
    Polygons (raw): 0 (flat)  0 (hierarchical)
    Elapsed: 0.010s  Memory: 875.00M
"polygons" in: sky130A_mr.drc:214
    Polygons (raw): 0 (flat)  0 (hierarchical)
    Elapsed: 0.010s  Memory: 875.00M
"polygons" in: sky130A_mr.drc:215
    Polygons (raw): 0 (flat)  0 (hierarchical)
    Elapsed: 0.010s  Memory: 875.00M
DRC section
FEOL section
START: 64/18 (dnwell)
"width" in: sky130A_mr.drc:241
    Edge pairs: 0 (flat)  0 (hierarchical)
    Elapsed: 0.130s  Memory: 887.00M
"output" in: sky130A_mr.drc:241
    Edge pairs: 0 (flat)  0 (hierarchical)
    Elapsed: 0.010s  Memory: 887.00M
END: 64/18 (dnwell)
"input" in: sky130A_mr.drc:245
    Polygons (raw): 570696 (flat)  1638 (hierarchical)
    Elapsed: 0.090s  Memory: 887.00M
"input" in: sky130A_mr.drc:246
    Polygons (raw): 541673 (flat)  1453 (hierarchical)
    Elapsed: 0.090s  Memory: 887.00M
"input" in: sky130A_mr.drc:247
    Polygons (raw): 476342 (flat)  1140 (hierarchical)
    Elapsed: 0.090s  Memory: 887.00M
"input" in: sky130A_mr.drc:252
    Polygons (raw): 453330 (flat)  1040 (hierarchical)
    Elapsed: 0.130s  Memory: 892.00M
START: 64/20 (nwell)
"width" in: sky130A_mr.drc:256
    Edge pairs: 0 (flat)  0 (hierarchical)
    Elapsed: 9.200s  Memory: 1000.00M
"output" in: sky130A_mr.drc:256
    Edge pairs: 0 (flat)  0 (hierarchical)
    Elapsed: 0.010s  Memory: 1000.00M
"space" in: sky130A_mr.drc:257
    Edge pairs: 0 (flat)  0 (hierarchical)
    Elapsed: 0.090s  Memory: 1544.00M
"output" in: sky130A_mr.drc:257
    Edge pairs: 0 (flat)  0 (hierarchical)
    Elapsed: 0.010s  Memory: 1544.00M
"and" in: sky130A_mr.drc:258
    Polygons (raw): 453330 (flat)  1719 (hierarchical)
    Elapsed: 12.480s  Memory: 1672.00M
"merge" in: sky130A_mr.drc:258
    Polygons (raw): 2348 (flat)  737 (hierarchical)
    Elapsed: 8.730s  Memory: 1675.00M
"holes" in: sky130A_mr.drc:259
    Polygons (raw): 362 (flat)  23 (hierarchical)
    Elapsed: 0.020s  Memory: 1675.00M
"enclosing" in: sky130A_mr.drc:259
    Edge pairs: 0 (flat)  0 (hierarchical)
    Elapsed: 0.030s  Memory: 1675.00M
"output" in: sky130A_mr.drc:259
    Edge pairs: 0 (flat)  0 (hierarchical)
    Elapsed: 0.010s  Memory: 1675.00M
END: 64/20 (nwell)
START: 78/44 (hvtp)
"width" in: sky130A_mr.drc:264
    Edge pairs: 0 (flat)  0 (hierarchical)
    Elapsed: 8.200s  Memory: 1681.00M
"output" in: sky130A_mr.drc:264
    Edge pairs: 0 (flat)  0 (hierarchical)
    Elapsed: 0.010s  Memory: 1681.00M
"space" in: sky130A_mr.drc:265
    Edge pairs: 0 (flat)  0 (hierarchical)
    Elapsed: 0.080s  Memory: 1681.00M
"output" in: sky130A_mr.drc:265
    Edge pairs: 0 (flat)  0 (hierarchical)
    Elapsed: 0.010s  Memory: 1681.00M
END: 78/44 (hvtp)
START: 18/20 (htvr)
"width" in: sky130A_mr.drc:270
    Edge pairs: 0 (flat)  0 (hierarchical)
    Elapsed: 0.120s  Memory: 1681.00M
"output" in: sky130A_mr.drc:270
    Edge pairs: 0 (flat)  0 (hierarchical)
    Elapsed: 0.010s  Memory: 1681.00M
"separation" in: sky130A_mr.drc:271
    Edge pairs: 0 (flat)  0 (hierarchical)
    Elapsed: 0.010s  Memory: 1681.00M
"output" in: sky130A_mr.drc:271
    Edge pairs: 0 (flat)  0 (hierarchical)
    Elapsed: 0.010s  Memory: 1681.00M
"and" in: sky130A_mr.drc:272
    Polygons (raw): 0 (flat)  0 (hierarchical)
    Elapsed: 0.010s  Memory: 1681.00M
"output" in: sky130A_mr.drc:272
    Polygons (raw): 0 (flat)  0 (hierarchical)
    Elapsed: 0.020s  Memory: 1681.00M
END: 18/20 (htvr)
START: 25/44 (lvtn)
"width" in: sky130A_mr.drc:277
    Edge pairs: 0 (flat)  0 (hierarchical)
    Elapsed: 0.130s  Memory: 1681.00M
"output" in: sky130A_mr.drc:277
    Edge pairs: 0 (flat)  0 (hierarchical)
    Elapsed: 0.010s  Memory: 1681.00M
"space" in: sky130A_mr.drc:278
    Edge pairs: 0 (flat)  0 (hierarchical)
    Elapsed: 0.020s  Memory: 1681.00M
"output" in: sky130A_mr.drc:278
    Edge pairs: 0 (flat)  0 (hierarchical)
    Elapsed: 0.010s  Memory: 1681.00M
END: 25/44 (lvtn)
START: 92/44 (ncm)
"width" in: sky130A_mr.drc:283
    Edge pairs: 0 (flat)  0 (hierarchical)
    Elapsed: 0.120s  Memory: 1681.00M
"output" in: sky130A_mr.drc:283
    Edge pairs: 0 (flat)  0 (hierarchical)
    Elapsed: 0.010s  Memory: 1681.00M
"space" in: sky130A_mr.drc:284
    Edge pairs: 0 (flat)  0 (hierarchical)
    Elapsed: 0.020s  Memory: 1681.00M
"output" in: sky130A_mr.drc:284
    Edge pairs: 0 (flat)  0 (hierarchical)
    Elapsed: 0.010s  Memory: 1681.00M
END: 92/44 (ncm)
START: 65/20 (diff)
"or" in: sky130A_mr.drc:289
    Polygons (raw): 708699 (flat)  2097 (hierarchical)
    Elapsed: 3.920s  Memory: 1681.00M
"rectangles" in: sky130A_mr.drc:290
    Polygons (raw): 509881 (flat)  2109 (hierarchical)
    Elapsed: 3.100s  Memory: 1681.00M
"width" in: sky130A_mr.drc:290
    Edge pairs: 0 (flat)  0 (hierarchical)
    Elapsed: 0.010s  Memory: 1681.00M
"polygons" in: sky130A_mr.drc:290
    Polygons (raw): 0 (flat)  0 (hierarchical)
    Elapsed: 0.020s  Memory: 1681.00M
"edges" in: sky130A_mr.drc:291
    Edges: 0 (flat)  0 (hierarchical)
    Elapsed: 0.010s  Memory: 1681.00M
"outside_part" in: sky130A_mr.drc:291
    Edges: 0 (flat)  0 (hierarchical)
    Elapsed: 0.020s  Memory: 1681.00M
"outside" in: sky130A_mr.drc:291
    Polygons (raw): 0 (flat)  0 (hierarchical)
    Elapsed: 0.220s  Memory: 1681.00M
"edges" in: sky130A_mr.drc:291
    Edges: 0 (flat)  0 (hierarchical)
    Elapsed: 0.010s  Memory: 1681.00M
"not" in: sky130A_mr.drc:291
    Edges: 0 (flat)  0 (hierarchical)
    Elapsed: 0.020s  Memory: 1681.00M
"output" in: sky130A_mr.drc:292
    Edges: 0 (flat)  0 (hierarchical)
    Elapsed: 0.010s  Memory: 1681.00M
"outside" in: sky130A_mr.drc:293
    Polygons (raw): 606803 (flat)  2409 (hierarchical)
    Elapsed: 0.410s  Memory: 1681.00M
"width" in: sky130A_mr.drc:293
    Edge pairs: 0 (flat)  0 (hierarchical)
    Elapsed: 3.040s  Memory: 1681.00M
"output" in: sky130A_mr.drc:293
    Edge pairs: 0 (flat)  0 (hierarchical)
    Elapsed: 0.010s  Memory: 1681.00M
END: 65/20 (diff)
START: 65/44 (tap)
"rectangles" in: sky130A_mr.drc:297
    Polygons (raw): 108959 (flat)  222 (hierarchical)
    Elapsed: 0.740s  Memory: 1681.00M
"width" in: sky130A_mr.drc:297
    Edge pairs: 0 (flat)  0 (hierarchical)
    Elapsed: 0.010s  Memory: 1681.00M
"polygons" in: sky130A_mr.drc:297
    Polygons (raw): 0 (flat)  0 (hierarchical)
    Elapsed: 0.010s  Memory: 1681.00M
"edges" in: sky130A_mr.drc:298
    Edges: 0 (flat)  0 (hierarchical)
    Elapsed: 0.020s  Memory: 1681.00M
"outside_part" in: sky130A_mr.drc:298
    Edges: 0 (flat)  0 (hierarchical)
    Elapsed: 0.020s  Memory: 1681.00M
"outside" in: sky130A_mr.drc:298
    Polygons (raw): 0 (flat)  0 (hierarchical)
    Elapsed: 0.120s  Memory: 1681.00M
"edges" in: sky130A_mr.drc:298
    Edges: 0 (flat)  0 (hierarchical)
    Elapsed: 0.020s  Memory: 1681.00M
"not" in: sky130A_mr.drc:298
    Edges: 0 (flat)  0 (hierarchical)
    Elapsed: 0.010s  Memory: 1681.00M
"output" in: sky130A_mr.drc:299
    Edges: 0 (flat)  0 (hierarchical)
    Elapsed: 0.010s  Memory: 1681.00M
"not" in: sky130A_mr.drc:300
    Polygons (raw): 128991 (flat)  1000 (hierarchical)
    Elapsed: 0.010s  Memory: 1681.00M
"width" in: sky130A_mr.drc:300
    Edge pairs: 0 (flat)  0 (hierarchical)
    Elapsed: 0.020s  Memory: 1681.00M
"output" in: sky130A_mr.drc:300
    Edge pairs: 0 (flat)  0 (hierarchical)
    Elapsed: 0.010s  Memory: 1681.00M
END: 65/44 (tap)
"space" in: sky130A_mr.drc:303
    Edge pairs: 0 (flat)  0 (hierarchical)
    Elapsed: 1.820s  Memory: 1681.00M
"output" in: sky130A_mr.drc:303
    Edge pairs: 0 (flat)  0 (hierarchical)
    Elapsed: 0.010s  Memory: 1681.00M
START: 80/20 (tunm)
"width" in: sky130A_mr.drc:307
    Edge pairs: 0 (flat)  0 (hierarchical)
    Elapsed: 0.120s  Memory: 1681.00M
"output" in: sky130A_mr.drc:307
    Edge pairs: 0 (flat)  0 (hierarchical)
    Elapsed: 0.020s  Memory: 1681.00M
"space" in: sky130A_mr.drc:308
    Edge pairs: 0 (flat)  0 (hierarchical)
    Elapsed: 0.010s  Memory: 1681.00M
"output" in: sky130A_mr.drc:308
    Edge pairs: 0 (flat)  0 (hierarchical)
    Elapsed: 0.020s  Memory: 1681.00M
END: 80/20 (tunm)
START: 66/20 (poly)
"width" in: sky130A_mr.drc:313
    Edge pairs: 0 (flat)  0 (hierarchical)
    Elapsed: 2.650s  Memory: 1681.00M
"output" in: sky130A_mr.drc:313
    Edge pairs: 0 (flat)  0 (hierarchical)
    Elapsed: 0.010s  Memory: 1681.00M
"not" in: sky130A_mr.drc:314
    Polygons (raw): 1257195 (flat)  8661 (hierarchical)
    Elapsed: 0.020s  Memory: 1681.00M
"space" in: sky130A_mr.drc:314
    Edge pairs: 0 (flat)  0 (hierarchical)
    Elapsed: 1.180s  Memory: 1681.00M
"output" in: sky130A_mr.drc:314
    Edge pairs: 0 (flat)  0 (hierarchical)
    Elapsed: 0.010s  Memory: 1681.00M
START: 86/20 (rpm)
"width" in: sky130A_mr.drc:319
    Edge pairs: 0 (flat)  0 (hierarchical)
    Elapsed: 0.130s  Memory: 1681.00M
"output" in: sky130A_mr.drc:319
    Edge pairs: 0 (flat)  0 (hierarchical)
    Elapsed: 0.010s  Memory: 1681.00M
"space" in: sky130A_mr.drc:320
    Edge pairs: 0 (flat)  0 (hierarchical)
    Elapsed: 0.020s  Memory: 1681.00M
"output" in: sky130A_mr.drc:320
    Edge pairs: 0 (flat)  0 (hierarchical)
    Elapsed: 0.010s  Memory: 1681.00M
END: 86/20 (rpm)
START: 79/20 (urpm)
"width" in: sky130A_mr.drc:325
    Edge pairs: 0 (flat)  0 (hierarchical)
    Elapsed: 0.120s  Memory: 1681.00M
"output" in: sky130A_mr.drc:325
    Edge pairs: 0 (flat)  0 (hierarchical)
    Elapsed: 0.010s  Memory: 1681.00M
"space" in: sky130A_mr.drc:326
    Edge pairs: 0 (flat)  0 (hierarchical)
    Elapsed: 0.010s  Memory: 1681.00M
"output" in: sky130A_mr.drc:326
    Edge pairs: 0 (flat)  0 (hierarchical)
    Elapsed: 0.010s  Memory: 1681.00M
END: 79/20 (urpm)
START: 95/20 (npc)
"width" in: sky130A_mr.drc:331
    Edge pairs: 0 (flat)  0 (hierarchical)
    Elapsed: 4.290s  Memory: 1681.00M
"output" in: sky130A_mr.drc:331
    Edge pairs: 0 (flat)  0 (hierarchical)
    Elapsed: 0.020s  Memory: 1681.00M
"space" in: sky130A_mr.drc:332
    Edge pairs: 0 (flat)  0 (hierarchical)
    Elapsed: 0.440s  Memory: 1681.00M
"output" in: sky130A_mr.drc:332
    Edge pairs: 0 (flat)  0 (hierarchical)
    Elapsed: 0.010s  Memory: 1681.00M
END: 95/20 (npc)
START: 93/44 (nsdm)
"outside" in: sky130A_mr.drc:337
    Polygons (raw): 64031 (flat)  40305 (hierarchical)
    Elapsed: 9.960s  Memory: 1698.00M
"width" in: sky130A_mr.drc:337
    Edge pairs: 0 (flat)  0 (hierarchical)
    Elapsed: 0.870s  Memory: 1694.00M
"output" in: sky130A_mr.drc:337
    Edge pairs: 0 (flat)  0 (hierarchical)
    Elapsed: 0.020s  Memory: 1694.00M
"not" in: sky130A_mr.drc:338
    Polygons (raw): 570696 (flat)  1638 (hierarchical)
    Elapsed: 0.030s  Memory: 1694.00M
"space" in: sky130A_mr.drc:338
    Edge pairs: 0 (flat)  0 (hierarchical)
    Elapsed: 0.670s  Memory: 1694.00M
"output" in: sky130A_mr.drc:338
    Edge pairs: 0 (flat)  0 (hierarchical)
    Elapsed: 0.010s  Memory: 1694.00M
END: 93/44 (nsdm)
START: 94/20 (psdm)
"outside" in: sky130A_mr.drc:343
    Polygons (raw): 62105 (flat)  39727 (hierarchical)
    Elapsed: 10.270s  Memory: 1709.00M
"width" in: sky130A_mr.drc:343
    Edge pairs: 0 (flat)  0 (hierarchical)
    Elapsed: 1.420s  Memory: 1717.00M
"output" in: sky130A_mr.drc:343
    Edge pairs: 0 (flat)  0 (hierarchical)
    Elapsed: 0.020s  Memory: 1717.00M
"not" in: sky130A_mr.drc:344
    Polygons (raw): 541673 (flat)  1453 (hierarchical)
    Elapsed: 0.020s  Memory: 1717.00M
"space" in: sky130A_mr.drc:344
    Edge pairs: 0 (flat)  0 (hierarchical)
    Elapsed: 0.580s  Memory: 1717.00M
"output" in: sky130A_mr.drc:344
    Edge pairs: 0 (flat)  0 (hierarchical)
    Elapsed: 0.010s  Memory: 1717.00M
END: 94/20 (psdm)
START: 66/44 (licon)
"drc" in: sky130A_mr.drc:350
    Polygons (raw): 0 (flat)  0 (hierarchical)
    Elapsed: 7.550s  Memory: 1698.00M
"not" in: sky130A_mr.drc:351
    Polygons (raw): 6894253 (flat)  155820 (hierarchical)
    Elapsed: 0.030s  Memory: 1698.00M
"not" in: sky130A_mr.drc:355
    Polygons (raw): 2144533 (flat)  11911 (hierarchical)
    Elapsed: 1.750s  Memory: 1698.00M
"and" in: sky130A_mr.drc:356
    Polygons (raw): 5824878 (flat)  140537 (hierarchical)
    Elapsed: 2.720s  Memory: 1698.00M
"interacting" in: sky130A_mr.drc:356
    Polygons (raw): 5713349 (flat)  148519 (hierarchical)
    Elapsed: 3.100s  Memory: 1698.00M
"not" in: sky130A_mr.drc:357
    Polygons (raw): 5713349 (flat)  148519 (hierarchical)
    Elapsed: 0.030s  Memory: 1698.00M
"non_rectangles" in: sky130A_mr.drc:358
    Polygons (raw): 0 (flat)  0 (hierarchical)
    Elapsed: 0.040s  Memory: 1698.00M
"output" in: sky130A_mr.drc:358
    Polygons (raw): 0 (flat)  0 (hierarchical)
    Elapsed: 0.010s  Memory: 1698.00M
"or" in: sky130A_mr.drc:359
    Polygons (raw): 1 (flat)  1 (hierarchical)
    Elapsed: 0.020s  Memory: 1698.00M
"not" in: sky130A_mr.drc:359
    Polygons (raw): 6894109 (flat)  155762 (hierarchical)
    Elapsed: 0.570s  Memory: 1698.00M
"edges" in: sky130A_mr.drc:359
    Edges: 27576436 (flat)  623048 (hierarchical)
    Elapsed: 3.080s  Memory: 1700.00M
"without_length" in: sky130A_mr.drc:359
    Edges: 0 (flat)  0 (hierarchical)
    Elapsed: 9.470s  Memory: 1953.00M
"output" in: sky130A_mr.drc:359
    Edges: 0 (flat)  0 (hierarchical)
    Elapsed: 0.020s  Memory: 1953.00M
"separation" in: sky130A_mr.drc:360
    Edge pairs: 0 (flat)  0 (hierarchical)
    Elapsed: 6.720s  Memory: 1953.00M
"output" in: sky130A_mr.drc:360
    Edge pairs: 0 (flat)  0 (hierarchical)
    Elapsed: 0.020s  Memory: 1953.00M
"and" in: sky130A_mr.drc:361
    Polygons (raw): 0 (flat)  0 (hierarchical)
    Elapsed: 1.630s  Memory: 1953.00M
"output" in: sky130A_mr.drc:361
    Polygons (raw): 0 (flat)  0 (hierarchical)
    Elapsed: 0.010s  Memory: 1953.00M
"interacting" in: sky130A_mr.drc:362
    Polygons (raw): 1066501 (flat)  15550 (hierarchical)
    Elapsed: 1.860s  Memory: 1953.00M
"interacting" in: sky130A_mr.drc:362
    Polygons (raw): 5713349 (flat)  148519 (hierarchical)
    Elapsed: 3.150s  Memory: 1953.00M
"and" in: sky130A_mr.drc:362
    Polygons (raw): 0 (flat)  0 (hierarchical)
    Elapsed: 1.610s  Memory: 1953.00M
"output" in: sky130A_mr.drc:362
    Polygons (raw): 0 (flat)  0 (hierarchical)
    Elapsed: 0.010s  Memory: 1953.00M
END: 66/44 (licon)
START: 89/44 (capm)
"width" in: sky130A_mr.drc:367
    Edge pairs: 0 (flat)  0 (hierarchical)
    Elapsed: 0.120s  Memory: 1953.00M
"output" in: sky130A_mr.drc:367
    Edge pairs: 0 (flat)  0 (hierarchical)
    Elapsed: 0.010s  Memory: 1953.00M
"space" in: sky130A_mr.drc:368
    Edge pairs: 0 (flat)  0 (hierarchical)
    Elapsed: 0.020s  Memory: 1953.00M
"output" in: sky130A_mr.drc:368
    Edge pairs: 0 (flat)  0 (hierarchical)
    Elapsed: 0.010s  Memory: 1953.00M
"interacting" in: sky130A_mr.drc:369
    Polygons (raw): 1 (flat)  1 (hierarchical)
    Elapsed: 1.580s  Memory: 1953.00M
"isolated" in: sky130A_mr.drc:369
    Edge pairs: 0 (flat)  0 (hierarchical)
    Elapsed: 0.160s  Memory: 1953.00M
"output" in: sky130A_mr.drc:369
    Edge pairs: 0 (flat)  0 (hierarchical)
    Elapsed: 0.010s  Memory: 1953.00M
"interacting" in: sky130A_mr.drc:370
    Polygons (raw): 1 (flat)  1 (hierarchical)
    Elapsed: 0.130s  Memory: 1953.00M
"isolated" in: sky130A_mr.drc:370
    Edge pairs: 0 (flat)  0 (hierarchical)
    Elapsed: 0.170s  Memory: 1953.00M
"output" in: sky130A_mr.drc:370
    Edge pairs: 0 (flat)  0 (hierarchical)
    Elapsed: 0.010s  Memory: 1953.00M
"and" in: sky130A_mr.drc:371
    Polygons (raw): 1 (flat)  1 (hierarchical)
    Elapsed: 0.050s  Memory: 1953.00M
"enclosing" in: sky130A_mr.drc:371
    Edge pairs: 0 (flat)  0 (hierarchical)
    Elapsed: 0.170s  Memory: 1953.00M
"output" in: sky130A_mr.drc:371
    Edge pairs: 0 (flat)  0 (hierarchical)
    Elapsed: 0.010s  Memory: 1953.00M
"enclosing" in: sky130A_mr.drc:372
    Edge pairs: 0 (flat)  0 (hierarchical)
    Elapsed: 0.090s  Memory: 1953.00M
"output" in: sky130A_mr.drc:372
    Edge pairs: 0 (flat)  0 (hierarchical)
    Elapsed: 0.010s  Memory: 1953.00M
"enclosing" in: sky130A_mr.drc:373
    Edge pairs: 0 (flat)  0 (hierarchical)
    Elapsed: 0.020s  Memory: 1953.00M
"output" in: sky130A_mr.drc:373
    Edge pairs: 0 (flat)  0 (hierarchical)
    Elapsed: 0.010s  Memory: 1953.00M
"separation" in: sky130A_mr.drc:374
    Edge pairs: 0 (flat)  0 (hierarchical)
    Elapsed: 0.020s  Memory: 1953.00M
"output" in: sky130A_mr.drc:374
    Edge pairs: 0 (flat)  0 (hierarchical)
    Elapsed: 0.020s  Memory: 1953.00M
"not_interacting" in: sky130A_mr.drc:375
    Polygons (raw): 66332 (flat)  57636 (hierarchical)
    Elapsed: 0.490s  Memory: 1953.00M
"separation" in: sky130A_mr.drc:375
    Edge pairs: 0 (flat)  0 (hierarchical)
    Elapsed: 1.150s  Memory: 1953.00M
"output" in: sky130A_mr.drc:375
    Edge pairs: 0 (flat)  0 (hierarchical)
    Elapsed: 0.010s  Memory: 1953.00M
END: 89/44 (capm)
START: 97/44 (cap2m)
"width" in: sky130A_mr.drc:380
    Edge pairs: 0 (flat)  0 (hierarchical)
    Elapsed: 0.130s  Memory: 1953.00M
"output" in: sky130A_mr.drc:380
    Edge pairs: 0 (flat)  0 (hierarchical)
    Elapsed: 0.010s  Memory: 1953.00M
"space" in: sky130A_mr.drc:381
    Edge pairs: 0 (flat)  0 (hierarchical)
    Elapsed: 0.020s  Memory: 1953.00M
"output" in: sky130A_mr.drc:381
    Edge pairs: 0 (flat)  0 (hierarchical)
    Elapsed: 0.010s  Memory: 1953.00M
"interacting" in: sky130A_mr.drc:382
    Polygons (raw): 1 (flat)  1 (hierarchical)
    Elapsed: 0.660s  Memory: 1953.00M
"isolated" in: sky130A_mr.drc:382
    Edge pairs: 0 (flat)  0 (hierarchical)
    Elapsed: 0.170s  Memory: 1953.00M
"output" in: sky130A_mr.drc:382
    Edge pairs: 0 (flat)  0 (hierarchical)
    Elapsed: 0.010s  Memory: 1953.00M
"interacting" in: sky130A_mr.drc:383
    Polygons (raw): 1 (flat)  1 (hierarchical)
    Elapsed: 0.130s  Memory: 1953.00M
"isolated" in: sky130A_mr.drc:383
    Edge pairs: 0 (flat)  0 (hierarchical)
    Elapsed: 0.170s  Memory: 1953.00M
"output" in: sky130A_mr.drc:383
    Edge pairs: 0 (flat)  0 (hierarchical)
    Elapsed: 0.010s  Memory: 1953.00M
"and" in: sky130A_mr.drc:384
    Polygons (raw): 1 (flat)  1 (hierarchical)
    Elapsed: 0.050s  Memory: 1953.00M
"enclosing" in: sky130A_mr.drc:384
    Edge pairs: 0 (flat)  0 (hierarchical)
    Elapsed: 0.170s  Memory: 1953.00M
"output" in: sky130A_mr.drc:384
    Edge pairs: 0 (flat)  0 (hierarchical)
    Elapsed: 0.010s  Memory: 1953.00M
"enclosing" in: sky130A_mr.drc:385
    Edge pairs: 0 (flat)  0 (hierarchical)
    Elapsed: 0.090s  Memory: 1953.00M
"output" in: sky130A_mr.drc:385
    Edge pairs: 0 (flat)  0 (hierarchical)
    Elapsed: 0.010s  Memory: 1953.00M
"enclosing" in: sky130A_mr.drc:386
    Edge pairs: 0 (flat)  0 (hierarchical)
    Elapsed: 0.020s  Memory: 1953.00M
"output" in: sky130A_mr.drc:386
    Edge pairs: 0 (flat)  0 (hierarchical)
    Elapsed: 0.010s  Memory: 1953.00M
"separation" in: sky130A_mr.drc:387
    Edge pairs: 0 (flat)  0 (hierarchical)
    Elapsed: 0.020s  Memory: 1953.00M
"output" in: sky130A_mr.drc:387
    Edge pairs: 0 (flat)  0 (hierarchical)
    Elapsed: 0.020s  Memory: 1953.00M
"not_interacting" in: sky130A_mr.drc:388
    Polygons (raw): 6111 (flat)  4254 (hierarchical)
    Elapsed: 0.230s  Memory: 1953.00M
"separation" in: sky130A_mr.drc:388
    Edge pairs: 0 (flat)  0 (hierarchical)
    Elapsed: 0.910s  Memory: 1953.00M
"output" in: sky130A_mr.drc:388
    Edge pairs: 0 (flat)  0 (hierarchical)
    Elapsed: 0.010s  Memory: 1953.00M
END: 97/44 (cap2m)
BEOL section
START: 67/20 (li)
"interacting" in: sky130A_mr.drc:397
    Polygons (raw): 0 (flat)  0 (hierarchical)
    Elapsed: 26.820s  Memory: 2036.00M
"not" in: sky130A_mr.drc:397
    Polygons (raw): 2969770 (flat)  275764 (hierarchical)
    Elapsed: 0.050s  Memory: 2036.00M
"width" in: sky130A_mr.drc:398
    Edge pairs: 0 (flat)  0 (hierarchical)
    Elapsed: 3.540s  Memory: 2036.00M
"output" in: sky130A_mr.drc:398
    Edge pairs: 0 (flat)  0 (hierarchical)
    Elapsed: 0.010s  Memory: 2036.00M
"edges" in: sky130A_mr.drc:400
    Edges: 13199790 (flat)  1420501 (hierarchical)
    Elapsed: 67.580s  Memory: 2228.00M
"space" in: sky130A_mr.drc:400
    Edge pairs: 0 (flat)  0 (hierarchical)
    Elapsed: 102.990s  Memory: 2853.00M
"output" in: sky130A_mr.drc:400
    Edge pairs: 0 (flat)  0 (hierarchical)
    Elapsed: 0.010s  Memory: 2853.00M
"not" in: sky130A_mr.drc:401
    Polygons (raw): 6894253 (flat)  155820 (hierarchical)
    Elapsed: 0.040s  Memory: 2853.00M
"enclosing" in: sky130A_mr.drc:402
    Edge pairs: 6387317 (flat)  2400821 (hierarchical)
    Elapsed: 126.530s  Memory: 3045.00M
"second_edges" in: sky130A_mr.drc:402
    Edges: 6387317 (flat)  2400821 (hierarchical)
    Elapsed: 0.150s  Memory: 3045.00M
"width" in: sky130A_mr.drc:403
    Edge pairs: 0 (flat)  0 (hierarchical)
    Elapsed: 73.230s  Memory: 3180.00M
"polygons" in: sky130A_mr.drc:404
    Polygons (raw): 0 (flat)  0 (hierarchical)
    Elapsed: 0.020s  Memory: 3180.00M
"interacting" in: sky130A_mr.drc:404
    Polygons (raw): 0 (flat)  0 (hierarchical)
    Elapsed: 0.360s  Memory: 3180.00M
"output" in: sky130A_mr.drc:405
    Polygons (raw): 0 (flat)  0 (hierarchical)
    Elapsed: 0.010s  Memory: 3180.00M
"with_area" in: sky130A_mr.drc:406
    Polygons (raw): 0 (flat)  0 (hierarchical)
    Elapsed: 0.430s  Memory: 3180.00M
"output" in: sky130A_mr.drc:406
    Polygons (raw): 0 (flat)  0 (hierarchical)
    Elapsed: 0.010s  Memory: 3180.00M
END: 67/20 (li)
START: 67/44 (mcon)
"not" in: sky130A_mr.drc:411
    Polygons (raw): 6714996 (flat)  425692 (hierarchical)
    Elapsed: 0.050s  Memory: 3180.00M
"drc" in: sky130A_mr.drc:413
    Polygons (raw): 0 (flat)  0 (hierarchical)
    Elapsed: 54.740s  Memory: 3575.00M
"not" in: sky130A_mr.drc:414
    Polygons (raw): 6714996 (flat)  425692 (hierarchical)
    Elapsed: 0.040s  Memory: 3575.00M
"not" in: sky130A_mr.drc:418
    Polygons (raw): 6714996 (flat)  425692 (hierarchical)
    Elapsed: 0.040s  Memory: 3575.00M
"non_rectangles" in: sky130A_mr.drc:419
    Polygons (raw): 0 (flat)  0 (hierarchical)
    Elapsed: 0.460s  Memory: 3575.00M
"output" in: sky130A_mr.drc:419
    Polygons (raw): 0 (flat)  0 (hierarchical)
    Elapsed: 0.010s  Memory: 3575.00M
"drc" in: sky130A_mr.drc:421
    Edge pairs: 0 (flat)  0 (hierarchical)
    Elapsed: 5.650s  Memory: 3703.00M
"output" in: sky130A_mr.drc:421
    Edge pairs: 0 (flat)  0 (hierarchical)
    Elapsed: 0.010s  Memory: 3703.00M
"drc" in: sky130A_mr.drc:422
    Edges: 0 (flat)  0 (hierarchical)
    Elapsed: 6.370s  Memory: 3703.00M
"output" in: sky130A_mr.drc:422
    Edges: 0 (flat)  0 (hierarchical)
    Elapsed: 0.020s  Memory: 3703.00M
"space" in: sky130A_mr.drc:423
    Edge pairs: 0 (flat)  0 (hierarchical)
    Elapsed: 9.730s  Memory: 3575.00M
"output" in: sky130A_mr.drc:423
    Edge pairs: 0 (flat)  0 (hierarchical)
    Elapsed: 0.010s  Memory: 3575.00M
"width" in: sky130A_mr.drc:425
    Edge pairs: 0 (flat)  0 (hierarchical)
    Elapsed: 0.130s  Memory: 3575.00M
"output" in: sky130A_mr.drc:425
    Edge pairs: 0 (flat)  0 (hierarchical)
    Elapsed: 0.010s  Memory: 3575.00M
"drc" in: sky130A_mr.drc:426
    Edge pairs: 0 (flat)  0 (hierarchical)
    Elapsed: 0.020s  Memory: 3575.00M
"output" in: sky130A_mr.drc:426
    Edge pairs: 0 (flat)  0 (hierarchical)
    Elapsed: 0.010s  Memory: 3575.00M
"not" in: sky130A_mr.drc:427
    Polygons (raw): 0 (flat)  0 (hierarchical)
    Elapsed: 0.020s  Memory: 3575.00M
"output" in: sky130A_mr.drc:427
    Polygons (raw): 0 (flat)  0 (hierarchical)
    Elapsed: 0.010s  Memory: 3575.00M
"not" in: sky130A_mr.drc:429
    Polygons (raw): 0 (flat)  0 (hierarchical)
    Elapsed: 29.830s  Memory: 3575.00M
"output" in: sky130A_mr.drc:429
    Polygons (raw): 0 (flat)  0 (hierarchical)
    Elapsed: 0.020s  Memory: 3575.00M
END: 67/44 (mcon)
START: 68/20 (m1)
"width" in: sky130A_mr.drc:434
    Edge pairs: 0 (flat)  0 (hierarchical)
    Elapsed: 31.810s  Memory: 3575.00M
"output" in: sky130A_mr.drc:434
    Edge pairs: 0 (flat)  0 (hierarchical)
    Elapsed: 0.020s  Memory: 3575.00M
"sized" in: sky130A_mr.drc:435
    Polygons (raw): 574 (flat)  54 (hierarchical)
    Elapsed: 5.600s  Memory: 3575.00M
"sized" in: sky130A_mr.drc:435
    Polygons (raw): 574 (flat)  54 (hierarchical)
    Elapsed: 0.070s  Memory: 3575.00M
"snap" in: sky130A_mr.drc:435
    Polygons (raw): 562 (flat)  126 (hierarchical)
    Elapsed: 1.080s  Memory: 3575.00M
"&" in: sky130A_mr.drc:435
    Polygons (raw): 609 (flat)  163 (hierarchical)
    Elapsed: 0.340s  Memory: 3575.00M
"edges" in: sky130A_mr.drc:436
    Edges: 8305615 (flat)  4811318 (hierarchical)
    Elapsed: 65.560s  Memory: 4151.00M
"-" in: sky130A_mr.drc:436
    Edges: 8300565 (flat)  4810775 (hierarchical)
    Elapsed: 7.410s  Memory: 3869.00M
"edges" in: sky130A_mr.drc:437
    Edges: 4681 (flat)  1187 (hierarchical)
    Elapsed: 0.240s  Memory: 3869.00M
"merged" in: sky130A_mr.drc:437
    Polygons (raw): 388624 (flat)  261189 (hierarchical)
    Elapsed: 0.060s  Memory: 3869.00M
"outside_part" in: sky130A_mr.drc:437
    Edges: 3037 (flat)  883 (hierarchical)
    Elapsed: 0.280s  Memory: 3869.00M
"space" in: sky130A_mr.drc:439
    Edge pairs: 0 (flat)  0 (hierarchical)
    Elapsed: 102.320s  Memory: 4819.00M
"output" in: sky130A_mr.drc:439
    Edge pairs: 0 (flat)  0 (hierarchical)
    Elapsed: 0.010s  Memory: 4819.00M
"separation" in: sky130A_mr.drc:441
    Edge pairs: 0 (flat)  0 (hierarchical)
    Elapsed: 0.590s  Memory: 4691.00M
"space" in: sky130A_mr.drc:441
    Edge pairs: 0 (flat)  0 (hierarchical)
    Elapsed: 0.030s  Memory: 4691.00M
"+" in: sky130A_mr.drc:441
    Edge pairs: 0 (flat)  0 (hierarchical)
    Elapsed: 0.030s  Memory: 4691.00M
"output" in: sky130A_mr.drc:441
    Edge pairs: 0 (flat)  0 (hierarchical)
    Elapsed: 0.010s  Memory: 4691.00M
"input" in: sky130A_mr.drc:445
    Polygons (raw): 2786380 (flat)  1459488 (hierarchical)
    Elapsed: 0.870s  Memory: 4691.00M
"enclosing" in: sky130A_mr.drc:447
    Edge pairs: 0 (flat)  0 (hierarchical)
    Elapsed: 631.500s  Memory: 4691.00M
"output" in: sky130A_mr.drc:447
    Edge pairs: 0 (flat)  0 (hierarchical)
    Elapsed: 0.010s  Memory: 4691.00M
"not" in: sky130A_mr.drc:448
    Polygons (raw): 0 (flat)  0 (hierarchical)
    Elapsed: 38.360s  Memory: 4691.00M
"output" in: sky130A_mr.drc:448
    Polygons (raw): 0 (flat)  0 (hierarchical)
    Elapsed: 0.010s  Memory: 4691.00M
"input" in: sky130A_mr.drc:450
    Polygons (raw): 0 (flat)  0 (hierarchical)
    Elapsed: 0.130s  Memory: 4691.00M
"enclosing" in: sky130A_mr.drc:451
    Edge pairs: 0 (flat)  0 (hierarchical)
    Elapsed: 0.120s  Memory: 4691.00M
"output" in: sky130A_mr.drc:451
    Edge pairs: 0 (flat)  0 (hierarchical)
    Elapsed: 0.010s  Memory: 4691.00M
"not" in: sky130A_mr.drc:453
    Polygons (raw): 0 (flat)  0 (hierarchical)
    Elapsed: 0.020s  Memory: 4691.00M
"output" in: sky130A_mr.drc:453
    Polygons (raw): 0 (flat)  0 (hierarchical)
    Elapsed: 0.010s  Memory: 4691.00M
"with_area" in: sky130A_mr.drc:455
    Polygons (raw): 0 (flat)  0 (hierarchical)
    Elapsed: 0.420s  Memory: 4691.00M
"output" in: sky130A_mr.drc:455
    Polygons (raw): 0 (flat)  0 (hierarchical)
    Elapsed: 0.010s  Memory: 4691.00M
"holes" in: sky130A_mr.drc:457
    Polygons (raw): 1858 (flat)  339 (hierarchical)
    Elapsed: 0.190s  Memory: 4691.00M
"with_area" in: sky130A_mr.drc:457
    Polygons (raw): 0 (flat)  0 (hierarchical)
    Elapsed: 0.550s  Memory: 4691.00M
"output" in: sky130A_mr.drc:457
    Polygons (raw): 0 (flat)  0 (hierarchical)
    Elapsed: 0.010s  Memory: 4691.00M
"enclosing" in: sky130A_mr.drc:464
    Edge pairs: 2313144 (flat)  931380 (hierarchical)
    Elapsed: 619.360s  Memory: 4819.00M
"second_edges" in: sky130A_mr.drc:464
    Edges: 2313144 (flat)  931380 (hierarchical)
    Elapsed: 0.110s  Memory: 4819.00M
"width" in: sky130A_mr.drc:465
    Edge pairs: 0 (flat)  0 (hierarchical)
    Elapsed: 7.840s  Memory: 4819.00M
"polygons" in: sky130A_mr.drc:466
    Polygons (raw): 0 (flat)  0 (hierarchical)
    Elapsed: 0.030s  Memory: 4819.00M
"interacting" in: sky130A_mr.drc:466
    Polygons (raw): 0 (flat)  0 (hierarchical)
    Elapsed: 55.130s  Memory: 4820.00M
"output" in: sky130A_mr.drc:467
    Polygons (raw): 0 (flat)  0 (hierarchical)
    Elapsed: 0.010s  Memory: 4820.00M
END: 68/20 (m1)
START: 68/44 (via)
"drc" in: sky130A_mr.drc:475
    Polygons (raw): 0 (flat)  0 (hierarchical)
    Elapsed: 6.710s  Memory: 4820.00M
"not" in: sky130A_mr.drc:476
    Polygons (raw): 1218173 (flat)  616845 (hierarchical)
    Elapsed: 0.070s  Memory: 4820.00M
"not" in: sky130A_mr.drc:481
    Polygons (raw): 1218173 (flat)  616845 (hierarchical)
    Elapsed: 0.060s  Memory: 4820.00M
"non_rectangles" in: sky130A_mr.drc:483
    Polygons (raw): 0 (flat)  0 (hierarchical)
    Elapsed: 0.150s  Memory: 4820.00M
"output" in: sky130A_mr.drc:483
    Polygons (raw): 0 (flat)  0 (hierarchical)
    Elapsed: 0.010s  Memory: 4820.00M
"width" in: sky130A_mr.drc:484
    Edge pairs: 0 (flat)  0 (hierarchical)
    Elapsed: 0.320s  Memory: 4820.00M
"output" in: sky130A_mr.drc:484
    Edge pairs: 0 (flat)  0 (hierarchical)
    Elapsed: 0.010s  Memory: 4820.00M
"drc" in: sky130A_mr.drc:486
    Edges: 0 (flat)  0 (hierarchical)
    Elapsed: 1.720s  Memory: 4820.00M
"output" in: sky130A_mr.drc:486
    Edges: 0 (flat)  0 (hierarchical)
    Elapsed: 0.010s  Memory: 4820.00M
"space" in: sky130A_mr.drc:488
    Edge pairs: 0 (flat)  0 (hierarchical)
    Elapsed: 2.280s  Memory: 4820.00M
"output" in: sky130A_mr.drc:488
    Edge pairs: 0 (flat)  0 (hierarchical)
    Elapsed: 0.010s  Memory: 4820.00M
"width" in: sky130A_mr.drc:491
    Edge pairs: 0 (flat)  0 (hierarchical)
    Elapsed: 0.190s  Memory: 4820.00M
"output" in: sky130A_mr.drc:491
    Edge pairs: 0 (flat)  0 (hierarchical)
    Elapsed: 0.010s  Memory: 4820.00M
"drc" in: sky130A_mr.drc:492
    Edge pairs: 0 (flat)  0 (hierarchical)
    Elapsed: 0.040s  Memory: 4820.00M
"output" in: sky130A_mr.drc:492
    Edge pairs: 0 (flat)  0 (hierarchical)
    Elapsed: 0.010s  Memory: 4820.00M
"not" in: sky130A_mr.drc:493
    Polygons (raw): 0 (flat)  0 (hierarchical)
    Elapsed: 0.030s  Memory: 4820.00M
"output" in: sky130A_mr.drc:493
    Polygons (raw): 0 (flat)  0 (hierarchical)
    Elapsed: 0.010s  Memory: 4820.00M
"edges" in: sky130A_mr.drc:496
    Edges: 8305615 (flat)  4811318 (hierarchical)
    Elapsed: 67.240s  Memory: 5178.00M
"drc" in: sky130A_mr.drc:496
    Edges: 4869424 (flat)  2466224 (hierarchical)
    Elapsed: 7.060s  Memory: 5050.00M
"enclosing" in: sky130A_mr.drc:496
    Edge pairs: 0 (flat)  0 (hierarchical)
    Elapsed: 89.010s  Memory: 5440.00M
"output" in: sky130A_mr.drc:496
    Edge pairs: 0 (flat)  0 (hierarchical)
    Elapsed: 0.010s  Memory: 5440.00M
"squares" in: sky130A_mr.drc:497
    Polygons (raw): 1217356 (flat)  616556 (hierarchical)
    Elapsed: 0.320s  Memory: 5440.00M
"drc" in: sky130A_mr.drc:497
    Edges: 4869424 (flat)  2466224 (hierarchical)
    Elapsed: 7.050s  Memory: 5440.00M
"not" in: sky130A_mr.drc:497
    Edges: 0 (flat)  0 (hierarchical)
    Elapsed: 21.610s  Memory: 5440.00M
"output" in: sky130A_mr.drc:497
    Edges: 0 (flat)  0 (hierarchical)
    Elapsed: 0.020s  Memory: 5440.00M
"edges" in: sky130A_mr.drc:499
    Edges: 8305615 (flat)  4811318 (hierarchical)
    Elapsed: 67.570s  Memory: 5760.00M
"drc" in: sky130A_mr.drc:499
    Edges: 4869424 (flat)  2466224 (hierarchical)
    Elapsed: 7.020s  Memory: 5440.00M
"enclosing" in: sky130A_mr.drc:499
    Edge pairs: 1213690 (flat)  793966 (hierarchical)
    Elapsed: 97.830s  Memory: 5820.00M
"second_edges" in: sky130A_mr.drc:499
    Edges: 1213690 (flat)  793966 (hierarchical)
    Elapsed: 0.100s  Memory: 5820.00M
"width" in: sky130A_mr.drc:500
    Edge pairs: 0 (flat)  0 (hierarchical)
    Elapsed: 6.640s  Memory: 5820.00M
"polygons" in: sky130A_mr.drc:501
    Polygons (raw): 0 (flat)  0 (hierarchical)
    Elapsed: 0.030s  Memory: 5820.00M
"interacting" in: sky130A_mr.drc:501
    Polygons (raw): 0 (flat)  0 (hierarchical)
    Elapsed: 0.150s  Memory: 5820.00M
"output" in: sky130A_mr.drc:502
    Polygons (raw): 0 (flat)  0 (hierarchical)
    Elapsed: 0.020s  Memory: 5820.00M
END: 68/44 (via)
START: 69/20 (m2)
"width" in: sky130A_mr.drc:509
    Edge pairs: 0 (flat)  0 (hierarchical)
    Elapsed: 4.800s  Memory: 5820.00M
"output" in: sky130A_mr.drc:509
    Edge pairs: 0 (flat)  0 (hierarchical)
    Elapsed: 0.010s  Memory: 5820.00M
"sized" in: sky130A_mr.drc:511
    Polygons (raw): 547 (flat)  124 (hierarchical)
    Elapsed: 3.100s  Memory: 5820.00M
"sized" in: sky130A_mr.drc:511
    Polygons (raw): 547 (flat)  124 (hierarchical)
    Elapsed: 0.130s  Memory: 5820.00M
"snap" in: sky130A_mr.drc:511
    Polygons (raw): 547 (flat)  124 (hierarchical)
    Elapsed: 0.580s  Memory: 5820.00M
"&" in: sky130A_mr.drc:511
    Polygons (raw): 776 (flat)  293 (hierarchical)
    Elapsed: 0.450s  Memory: 5820.00M
"edges" in: sky130A_mr.drc:512
    Edges: 3568150 (flat)  2870697 (hierarchical)
    Elapsed: 13.730s  Memory: 5884.00M
"-" in: sky130A_mr.drc:512
    Edges: 3555120 (flat)  2866553 (hierarchical)
    Elapsed: 4.170s  Memory: 5884.00M
"edges" in: sky130A_mr.drc:513
    Edges: 5769 (flat)  2389 (hierarchical)
    Elapsed: 0.350s  Memory: 5884.00M
"merged" in: sky130A_mr.drc:513
    Polygons (raw): 237696 (flat)  194334 (hierarchical)
    Elapsed: 0.060s  Memory: 5884.00M
"outside_part" in: sky130A_mr.drc:513
    Edges: 4859 (flat)  2209 (hierarchical)
    Elapsed: 0.400s  Memory: 5884.00M
"not" in: sky130A_mr.drc:514
    Polygons (raw): 1218173 (flat)  616845 (hierarchical)
    Elapsed: 0.060s  Memory: 5884.00M
"space" in: sky130A_mr.drc:516
    Edge pairs: 0 (flat)  0 (hierarchical)
    Elapsed: 52.920s  Memory: 5948.00M
"output" in: sky130A_mr.drc:516
    Edge pairs: 0 (flat)  0 (hierarchical)
    Elapsed: 0.010s  Memory: 5948.00M
"separation" in: sky130A_mr.drc:518
    Edge pairs: 0 (flat)  0 (hierarchical)
    Elapsed: 0.760s  Memory: 5884.00M
"space" in: sky130A_mr.drc:518
    Edge pairs: 0 (flat)  0 (hierarchical)
    Elapsed: 0.030s  Memory: 5884.00M
"+" in: sky130A_mr.drc:518
    Edge pairs: 0 (flat)  0 (hierarchical)
    Elapsed: 0.030s  Memory: 5884.00M
"output" in: sky130A_mr.drc:518
    Edge pairs: 0 (flat)  0 (hierarchical)
    Elapsed: 0.010s  Memory: 5884.00M
"with_area" in: sky130A_mr.drc:520
    Polygons (raw): 0 (flat)  0 (hierarchical)
    Elapsed: 0.310s  Memory: 5884.00M
"output" in: sky130A_mr.drc:520
    Polygons (raw): 0 (flat)  0 (hierarchical)
    Elapsed: 0.010s  Memory: 5884.00M
"holes" in: sky130A_mr.drc:521
    Polygons (raw): 8 (flat)  8 (hierarchical)
    Elapsed: 0.120s  Memory: 5884.00M
"with_area" in: sky130A_mr.drc:521
    Polygons (raw): 0 (flat)  0 (hierarchical)
    Elapsed: 0.560s  Memory: 5884.00M
"output" in: sky130A_mr.drc:521
    Polygons (raw): 0 (flat)  0 (hierarchical)
    Elapsed: 0.010s  Memory: 5884.00M
"enclosing" in: sky130A_mr.drc:526
    Edge pairs: 0 (flat)  0 (hierarchical)
    Elapsed: 7.310s  Memory: 5884.00M
"output" in: sky130A_mr.drc:526
    Edge pairs: 0 (flat)  0 (hierarchical)
    Elapsed: 0.010s  Memory: 5884.00M
"not" in: sky130A_mr.drc:527
    Polygons (raw): 0 (flat)  0 (hierarchical)
    Elapsed: 4.490s  Memory: 5884.00M
"output" in: sky130A_mr.drc:527
    Polygons (raw): 0 (flat)  0 (hierarchical)
    Elapsed: 0.010s  Memory: 5884.00M
"enclosing" in: sky130A_mr.drc:528
    Edge pairs: 1086019 (flat)  773482 (hierarchical)
    Elapsed: 12.440s  Memory: 5884.00M
"second_edges" in: sky130A_mr.drc:528
    Edges: 1086019 (flat)  773482 (hierarchical)
    Elapsed: 0.090s  Memory: 5884.00M
"width" in: sky130A_mr.drc:529
    Edge pairs: 0 (flat)  0 (hierarchical)
    Elapsed: 6.070s  Memory: 5884.00M
"polygons" in: sky130A_mr.drc:530
    Polygons (raw): 0 (flat)  0 (hierarchical)
    Elapsed: 0.040s  Memory: 5884.00M
"interacting" in: sky130A_mr.drc:530
    Polygons (raw): 0 (flat)  0 (hierarchical)
    Elapsed: 0.150s  Memory: 5884.00M
"output" in: sky130A_mr.drc:531
    Polygons (raw): 0 (flat)  0 (hierarchical)
    Elapsed: 0.010s  Memory: 5884.00M
END: 69/20 (m2)
START: 69/44 (via2)
"drc" in: sky130A_mr.drc:540
    Polygons (raw): 0 (flat)  0 (hierarchical)
    Elapsed: 3.550s  Memory: 5884.00M
"not" in: sky130A_mr.drc:541
    Polygons (raw): 860387 (flat)  315820 (hierarchical)
    Elapsed: 0.050s  Memory: 5884.00M
"not" in: sky130A_mr.drc:546
    Polygons (raw): 860387 (flat)  315820 (hierarchical)
    Elapsed: 0.050s  Memory: 5884.00M
"non_rectangles" in: sky130A_mr.drc:547
    Polygons (raw): 0 (flat)  0 (hierarchical)
    Elapsed: 0.090s  Memory: 5884.00M
"output" in: sky130A_mr.drc:547
    Polygons (raw): 0 (flat)  0 (hierarchical)
    Elapsed: 0.010s  Memory: 5884.00M
"width" in: sky130A_mr.drc:548
    Edge pairs: 0 (flat)  0 (hierarchical)
    Elapsed: 0.180s  Memory: 5884.00M
"output" in: sky130A_mr.drc:548
    Edge pairs: 0 (flat)  0 (hierarchical)
    Elapsed: 0.010s  Memory: 5884.00M
"edges" in: sky130A_mr.drc:549
    Edges: 3441548 (flat)  1263280 (hierarchical)
    Elapsed: 2.630s  Memory: 5884.00M
"without_length" in: sky130A_mr.drc:549
    Edges: 0 (flat)  0 (hierarchical)
    Elapsed: 7.170s  Memory: 5884.00M
"output" in: sky130A_mr.drc:549
    Edges: 0 (flat)  0 (hierarchical)
    Elapsed: 0.010s  Memory: 5884.00M
"space" in: sky130A_mr.drc:550
    Edge pairs: 0 (flat)  0 (hierarchical)
    Elapsed: 1.450s  Memory: 5884.00M
"output" in: sky130A_mr.drc:550
    Edge pairs: 0 (flat)  0 (hierarchical)
    Elapsed: 0.020s  Memory: 5884.00M
"width" in: sky130A_mr.drc:553
    Edge pairs: 0 (flat)  0 (hierarchical)
    Elapsed: 0.190s  Memory: 5884.00M
"output" in: sky130A_mr.drc:553
    Edge pairs: 0 (flat)  0 (hierarchical)
    Elapsed: 0.010s  Memory: 5884.00M
"drc" in: sky130A_mr.drc:554
    Edge pairs: 0 (flat)  0 (hierarchical)
    Elapsed: 0.040s  Memory: 5884.00M
"output" in: sky130A_mr.drc:554
    Edge pairs: 0 (flat)  0 (hierarchical)
    Elapsed: 0.020s  Memory: 5884.00M
"not" in: sky130A_mr.drc:555
    Polygons (raw): 0 (flat)  0 (hierarchical)
    Elapsed: 0.030s  Memory: 5884.00M
"output" in: sky130A_mr.drc:555
    Polygons (raw): 0 (flat)  0 (hierarchical)
    Elapsed: 0.010s  Memory: 5884.00M
"enclosing" in: sky130A_mr.drc:558
    Edge pairs: 0 (flat)  0 (hierarchical)
    Elapsed: 4.550s  Memory: 5884.00M
"output" in: sky130A_mr.drc:558
    Edge pairs: 0 (flat)  0 (hierarchical)
    Elapsed: 0.010s  Memory: 5884.00M
"not" in: sky130A_mr.drc:559
    Polygons (raw): 0 (flat)  0 (hierarchical)
    Elapsed: 2.690s  Memory: 5884.00M
"output" in: sky130A_mr.drc:559
    Polygons (raw): 0 (flat)  0 (hierarchical)
    Elapsed: 0.010s  Memory: 5884.00M
"enclosing" in: sky130A_mr.drc:561
    Edge pairs: 293687 (flat)  217496 (hierarchical)
    Elapsed: 6.590s  Memory: 5884.00M
"second_edges" in: sky130A_mr.drc:561
    Edges: 293687 (flat)  217496 (hierarchical)
    Elapsed: 0.050s  Memory: 5884.00M
"width" in: sky130A_mr.drc:562
    Edge pairs: 0 (flat)  0 (hierarchical)
    Elapsed: 1.590s  Memory: 5884.00M
"polygons" in: sky130A_mr.drc:563
    Polygons (raw): 0 (flat)  0 (hierarchical)
    Elapsed: 0.030s  Memory: 5884.00M
"interacting" in: sky130A_mr.drc:563
    Polygons (raw): 0 (flat)  0 (hierarchical)
    Elapsed: 0.130s  Memory: 5884.00M
"output" in: sky130A_mr.drc:564
    Polygons (raw): 0 (flat)  0 (hierarchical)
    Elapsed: 0.010s  Memory: 5884.00M
END: 69/44 (via2)
START: 70/20 (m3)
"width" in: sky130A_mr.drc:570
    Edge pairs: 0 (flat)  0 (hierarchical)
    Elapsed: 0.120s  Memory: 5884.00M
"output" in: sky130A_mr.drc:570
    Edge pairs: 0 (flat)  0 (hierarchical)
    Elapsed: 0.010s  Memory: 5884.00M
"sized" in: sky130A_mr.drc:572
    Polygons (raw): 1715 (flat)  405 (hierarchical)
    Elapsed: 0.750s  Memory: 5884.00M
"sized" in: sky130A_mr.drc:572
    Polygons (raw): 1715 (flat)  405 (hierarchical)
    Elapsed: 0.120s  Memory: 5884.00M
"snap" in: sky130A_mr.drc:572
    Polygons (raw): 1671 (flat)  401 (hierarchical)
    Elapsed: 0.620s  Memory: 5884.00M
"&" in: sky130A_mr.drc:572
    Polygons (raw): 1923 (flat)  559 (hierarchical)
    Elapsed: 0.510s  Memory: 5884.00M
"edges" in: sky130A_mr.drc:573
    Edges: 925541 (flat)  823746 (hierarchical)
    Elapsed: 4.300s  Memory: 5884.00M
"-" in: sky130A_mr.drc:573
    Edges: 911779 (flat)  820453 (hierarchical)
    Elapsed: 1.640s  Memory: 5884.00M
"edges" in: sky130A_mr.drc:574
    Edges: 11687 (flat)  3135 (hierarchical)
    Elapsed: 0.400s  Memory: 5884.00M
"merged" in: sky130A_mr.drc:574
    Polygons (raw): 66333 (flat)  58210 (hierarchical)
    Elapsed: 0.040s  Memory: 5884.00M
"outside_part" in: sky130A_mr.drc:574
    Edges: 11012 (flat)  3060 (hierarchical)
    Elapsed: 0.430s  Memory: 5884.00M
"space" in: sky130A_mr.drc:576
    Edge pairs: 0 (flat)  0 (hierarchical)
    Elapsed: 7.810s  Memory: 5884.00M
"output" in: sky130A_mr.drc:576
    Edge pairs: 0 (flat)  0 (hierarchical)
    Elapsed: 0.010s  Memory: 5884.00M
"separation" in: sky130A_mr.drc:578
    Edge pairs: 0 (flat)  0 (hierarchical)
    Elapsed: 0.870s  Memory: 5884.00M
"space" in: sky130A_mr.drc:578
    Edge pairs: 0 (flat)  0 (hierarchical)
    Elapsed: 0.040s  Memory: 5884.00M
"+" in: sky130A_mr.drc:578
    Edge pairs: 0 (flat)  0 (hierarchical)
    Elapsed: 0.030s  Memory: 5884.00M
"output" in: sky130A_mr.drc:578
    Edge pairs: 0 (flat)  0 (hierarchical)
    Elapsed: 0.010s  Memory: 5884.00M
"enclosing" in: sky130A_mr.drc:583
    Edge pairs: 0 (flat)  0 (hierarchical)
    Elapsed: 3.140s  Memory: 5884.00M
"output" in: sky130A_mr.drc:583
    Edge pairs: 0 (flat)  0 (hierarchical)
    Elapsed: 0.020s  Memory: 5884.00M
"not" in: sky130A_mr.drc:584
    Polygons (raw): 0 (flat)  0 (hierarchical)
    Elapsed: 1.920s  Memory: 5884.00M
"output" in: sky130A_mr.drc:584
    Polygons (raw): 0 (flat)  0 (hierarchical)
    Elapsed: 0.020s  Memory: 5884.00M
END: 70/20 (m3)
START: 70/44 (via3)
"drc" in: sky130A_mr.drc:592
    Polygons (raw): 0 (flat)  0 (hierarchical)
    Elapsed: 7.870s  Memory: 5884.00M
"not" in: sky130A_mr.drc:593
    Polygons (raw): 757066 (flat)  267693 (hierarchical)
    Elapsed: 0.050s  Memory: 5884.00M
"not" in: sky130A_mr.drc:598
    Polygons (raw): 757066 (flat)  267693 (hierarchical)
    Elapsed: 0.040s  Memory: 5884.00M
"non_rectangles" in: sky130A_mr.drc:599
    Polygons (raw): 0 (flat)  0 (hierarchical)
    Elapsed: 0.080s  Memory: 5884.00M
"output" in: sky130A_mr.drc:599
    Polygons (raw): 0 (flat)  0 (hierarchical)
    Elapsed: 0.010s  Memory: 5884.00M
"width" in: sky130A_mr.drc:600
    Edge pairs: 0 (flat)  0 (hierarchical)
    Elapsed: 0.160s  Memory: 5884.00M
"output" in: sky130A_mr.drc:600
    Edge pairs: 0 (flat)  0 (hierarchical)
    Elapsed: 0.010s  Memory: 5884.00M
"edges" in: sky130A_mr.drc:601
    Edges: 3028264 (flat)  1070772 (hierarchical)
    Elapsed: 3.860s  Memory: 5884.00M
"without_length" in: sky130A_mr.drc:601
    Edges: 0 (flat)  0 (hierarchical)
    Elapsed: 122.380s  Memory: 5884.00M
"output" in: sky130A_mr.drc:601
    Edges: 0 (flat)  0 (hierarchical)
    Elapsed: 0.010s  Memory: 5884.00M
"space" in: sky130A_mr.drc:603
    Edge pairs: 0 (flat)  0 (hierarchical)
    Elapsed: 2.830s  Memory: 5884.00M
"output" in: sky130A_mr.drc:603
    Edge pairs: 0 (flat)  0 (hierarchical)
    Elapsed: 0.010s  Memory: 5884.00M
"enclosing" in: sky130A_mr.drc:604
    Edge pairs: 0 (flat)  0 (hierarchical)
    Elapsed: 3.190s  Memory: 5884.00M
"output" in: sky130A_mr.drc:604
    Edge pairs: 0 (flat)  0 (hierarchical)
    Elapsed: 0.010s  Memory: 5884.00M
"not" in: sky130A_mr.drc:605
    Polygons (raw): 0 (flat)  0 (hierarchical)
    Elapsed: 2.430s  Memory: 5884.00M
"output" in: sky130A_mr.drc:605
    Polygons (raw): 0 (flat)  0 (hierarchical)
    Elapsed: 0.010s  Memory: 5884.00M
"enclosing" in: sky130A_mr.drc:607
    Edge pairs: 211210 (flat)  144970 (hierarchical)
    Elapsed: 4.330s  Memory: 5884.00M
"second_edges" in: sky130A_mr.drc:607
    Edges: 211210 (flat)  144970 (hierarchical)
    Elapsed: 0.050s  Memory: 5884.00M
"width" in: sky130A_mr.drc:608
    Edge pairs: 0 (flat)  0 (hierarchical)
    Elapsed: 1.230s  Memory: 5884.00M
"polygons" in: sky130A_mr.drc:609
    Polygons (raw): 0 (flat)  0 (hierarchical)
    Elapsed: 0.030s  Memory: 5884.00M
"interacting" in: sky130A_mr.drc:609
    Polygons (raw): 0 (flat)  0 (hierarchical)
    Elapsed: 0.130s  Memory: 5884.00M
"output" in: sky130A_mr.drc:610
    Polygons (raw): 0 (flat)  0 (hierarchical)
    Elapsed: 0.010s  Memory: 5884.00M
END: 70/44 (via3)
START: 71/20 (m4)
"width" in: sky130A_mr.drc:616
    Edge pairs: 0 (flat)  0 (hierarchical)
    Elapsed: 0.040s  Memory: 5884.00M
"output" in: sky130A_mr.drc:616
    Edge pairs: 0 (flat)  0 (hierarchical)
    Elapsed: 0.010s  Memory: 5884.00M
"sized" in: sky130A_mr.drc:618
    Polygons (raw): 616 (flat)  326 (hierarchical)
    Elapsed: 0.150s  Memory: 5884.00M
"sized" in: sky130A_mr.drc:618
    Polygons (raw): 616 (flat)  326 (hierarchical)
    Elapsed: 0.110s  Memory: 5884.00M
"snap" in: sky130A_mr.drc:618
    Polygons (raw): 616 (flat)  326 (hierarchical)
    Elapsed: 0.660s  Memory: 5884.00M
"&" in: sky130A_mr.drc:618
    Polygons (raw): 874 (flat)  584 (hierarchical)
    Elapsed: 1.880s  Memory: 5884.00M
"edges" in: sky130A_mr.drc:619
    Edges: 170418 (flat)  57239 (hierarchical)
    Elapsed: 1.410s  Memory: 5884.00M
"-" in: sky130A_mr.drc:619
    Edges: 98404 (flat)  53173 (hierarchical)
    Elapsed: 1.050s  Memory: 5884.00M
"edges" in: sky130A_mr.drc:620
    Edges: 3310 (flat)  1870 (hierarchical)
    Elapsed: 0.430s  Memory: 5884.00M
"merged" in: sky130A_mr.drc:620
    Polygons (raw): 6112 (flat)  4363 (hierarchical)
    Elapsed: 0.030s  Memory: 5884.00M
"outside_part" in: sky130A_mr.drc:620
    Edges: 3117 (flat)  1877 (hierarchical)
    Elapsed: 0.510s  Memory: 5884.00M
"space" in: sky130A_mr.drc:622
    Edge pairs: 0 (flat)  0 (hierarchical)
    Elapsed: 1.340s  Memory: 5884.00M
"output" in: sky130A_mr.drc:622
    Edge pairs: 0 (flat)  0 (hierarchical)
    Elapsed: 0.010s  Memory: 5884.00M
"with_area" in: sky130A_mr.drc:624
    Polygons (raw): 0 (flat)  0 (hierarchical)
    Elapsed: 0.110s  Memory: 5884.00M
"output" in: sky130A_mr.drc:624
    Polygons (raw): 0 (flat)  0 (hierarchical)
    Elapsed: 0.010s  Memory: 5884.00M
"separation" in: sky130A_mr.drc:626
    Edge pairs: 0 (flat)  0 (hierarchical)
    Elapsed: 0.640s  Memory: 5884.00M
"space" in: sky130A_mr.drc:626
    Edge pairs: 0 (flat)  0 (hierarchical)
    Elapsed: 0.040s  Memory: 5884.00M
"+" in: sky130A_mr.drc:626
    Edge pairs: 0 (flat)  0 (hierarchical)
    Elapsed: 0.030s  Memory: 5884.00M
"output" in: sky130A_mr.drc:626
    Edge pairs: 0 (flat)  0 (hierarchical)
    Elapsed: 0.020s  Memory: 5884.00M
"enclosing" in: sky130A_mr.drc:631
    Edge pairs: 0 (flat)  0 (hierarchical)
    Elapsed: 53.120s  Memory: 5884.00M
"output" in: sky130A_mr.drc:631
    Edge pairs: 0 (flat)  0 (hierarchical)
    Elapsed: 0.010s  Memory: 5884.00M
"not" in: sky130A_mr.drc:632
    Polygons (raw): 0 (flat)  0 (hierarchical)
    Elapsed: 2.880s  Memory: 5884.00M
"output" in: sky130A_mr.drc:632
    Polygons (raw): 0 (flat)  0 (hierarchical)
    Elapsed: 0.010s  Memory: 5884.00M
END: 71/20 (m4)
START: 71/44 (via4)
"drc" in: sky130A_mr.drc:639
    Polygons (raw): 0 (flat)  0 (hierarchical)
    Elapsed: 1.270s  Memory: 5884.00M
"not" in: sky130A_mr.drc:640
    Polygons (raw): 247875 (flat)  58153 (hierarchical)
    Elapsed: 0.040s  Memory: 5884.00M
"not" in: sky130A_mr.drc:645
    Polygons (raw): 247875 (flat)  58153 (hierarchical)
    Elapsed: 0.040s  Memory: 5884.00M
"non_rectangles" in: sky130A_mr.drc:646
    Polygons (raw): 0 (flat)  0 (hierarchical)
    Elapsed: 0.040s  Memory: 5884.00M
"output" in: sky130A_mr.drc:646
    Polygons (raw): 0 (flat)  0 (hierarchical)
    Elapsed: 0.020s  Memory: 5884.00M
"width" in: sky130A_mr.drc:647
    Edge pairs: 0 (flat)  0 (hierarchical)
    Elapsed: 0.060s  Memory: 5884.00M
"output" in: sky130A_mr.drc:647
    Edge pairs: 0 (flat)  0 (hierarchical)
    Elapsed: 0.010s  Memory: 5884.00M
"drc" in: sky130A_mr.drc:648
    Edges: 0 (flat)  0 (hierarchical)
    Elapsed: 0.300s  Memory: 5884.00M
"output" in: sky130A_mr.drc:648
    Edges: 0 (flat)  0 (hierarchical)
    Elapsed: 0.010s  Memory: 5884.00M
"space" in: sky130A_mr.drc:650
    Edge pairs: 0 (flat)  0 (hierarchical)
    Elapsed: 0.340s  Memory: 5884.00M
"polygons" in: sky130A_mr.drc:650
    Polygons (raw): 0 (flat)  0 (hierarchical)
    Elapsed: 0.030s  Memory: 5884.00M
"output" in: sky130A_mr.drc:650
    Polygons (raw): 0 (flat)  0 (hierarchical)
    Elapsed: 0.010s  Memory: 5884.00M
"width" in: sky130A_mr.drc:653
    Edge pairs: 0 (flat)  0 (hierarchical)
    Elapsed: 0.190s  Memory: 5884.00M
"output" in: sky130A_mr.drc:653
    Edge pairs: 0 (flat)  0 (hierarchical)
    Elapsed: 0.010s  Memory: 5884.00M
"drc" in: sky130A_mr.drc:654
    Edge pairs: 0 (flat)  0 (hierarchical)
    Elapsed: 0.040s  Memory: 5884.00M
"output" in: sky130A_mr.drc:654
    Edge pairs: 0 (flat)  0 (hierarchical)
    Elapsed: 0.010s  Memory: 5884.00M
"not" in: sky130A_mr.drc:655
    Polygons (raw): 0 (flat)  0 (hierarchical)
    Elapsed: 0.040s  Memory: 5884.00M
"output" in: sky130A_mr.drc:655
    Polygons (raw): 0 (flat)  0 (hierarchical)
    Elapsed: 0.010s  Memory: 5884.00M
"enclosing" in: sky130A_mr.drc:658
    Edge pairs: 0 (flat)  0 (hierarchical)
    Elapsed: 12.150s  Memory: 5884.00M
"output" in: sky130A_mr.drc:658
    Edge pairs: 0 (flat)  0 (hierarchical)
    Elapsed: 0.020s  Memory: 5884.00M
"not" in: sky130A_mr.drc:659
    Polygons (raw): 0 (flat)  0 (hierarchical)
    Elapsed: 1.480s  Memory: 5884.00M
"output" in: sky130A_mr.drc:659
    Polygons (raw): 0 (flat)  0 (hierarchical)
    Elapsed: 0.020s  Memory: 5884.00M
END: 71/44 (via4)
START: 72/20 (m5)
"width" in: sky130A_mr.drc:664
    Edge pairs: 0 (flat)  0 (hierarchical)
    Elapsed: 0.450s  Memory: 5884.00M
"output" in: sky130A_mr.drc:664
    Edge pairs: 0 (flat)  0 (hierarchical)
    Elapsed: 0.010s  Memory: 5884.00M
"space" in: sky130A_mr.drc:666
    Edge pairs: 0 (flat)  0 (hierarchical)
    Elapsed: 0.720s  Memory: 5884.00M
"output" in: sky130A_mr.drc:666
    Edge pairs: 0 (flat)  0 (hierarchical)
    Elapsed: 0.020s  Memory: 5884.00M
"enclosing" in: sky130A_mr.drc:668
    Edge pairs: 0 (flat)  0 (hierarchical)
    Elapsed: 9.720s  Memory: 5884.00M
"output" in: sky130A_mr.drc:668
    Edge pairs: 0 (flat)  0 (hierarchical)
    Elapsed: 0.010s  Memory: 5884.00M
"not" in: sky130A_mr.drc:669
    Polygons (raw): 0 (flat)  0 (hierarchical)
    Elapsed: 0.490s  Memory: 5884.00M
"output" in: sky130A_mr.drc:669
    Polygons (raw): 0 (flat)  0 (hierarchical)
    Elapsed: 0.010s  Memory: 5884.00M
"with_area" in: sky130A_mr.drc:673
    Polygons (raw): 0 (flat)  0 (hierarchical)
    Elapsed: 0.110s  Memory: 5884.00M
"output" in: sky130A_mr.drc:673
    Polygons (raw): 0 (flat)  0 (hierarchical)
    Elapsed: 0.010s  Memory: 5884.00M
END: 72/20 (m5)
START: 76/20 (pad)
"space" in: sky130A_mr.drc:678
    Edge pairs: 0 (flat)  0 (hierarchical)
    Elapsed: 0.620s  Memory: 5884.00M
"output" in: sky130A_mr.drc:678
    Edge pairs: 0 (flat)  0 (hierarchical)
    Elapsed: 0.010s  Memory: 5884.00M
END: 76/20 (pad)
FEOL section
START: 75/20 (hvi)
"not" in: sky130A_mr.drc:688
    Polygons (raw): 54311 (flat)  2530 (hierarchical)
    Elapsed: 0.180s  Memory: 5884.00M
"width" in: sky130A_mr.drc:689
    Edge pairs: 0 (flat)  0 (hierarchical)
    Elapsed: 0.390s  Memory: 5884.00M
"output" in: sky130A_mr.drc:689
    Edge pairs: 0 (flat)  0 (hierarchical)
    Elapsed: 0.010s  Memory: 5884.00M
"space" in: sky130A_mr.drc:690
    Edge pairs: 0 (flat)  0 (hierarchical)
    Elapsed: 0.050s  Memory: 5884.00M
"output" in: sky130A_mr.drc:690
    Edge pairs: 0 (flat)  0 (hierarchical)
    Elapsed: 0.010s  Memory: 5884.00M
END: 75/20 (hvi)
START: 125/20 (hvntm)
"not" in: sky130A_mr.drc:695
    Polygons (raw): 33 (flat)  23 (hierarchical)
    Elapsed: 0.030s  Memory: 5884.00M
"width" in: sky130A_mr.drc:696
    Edge pairs: 0 (flat)  0 (hierarchical)
    Elapsed: 0.200s  Memory: 5884.00M
"output" in: sky130A_mr.drc:696
    Edge pairs: 0 (flat)  0 (hierarchical)
    Elapsed: 0.010s  Memory: 5884.00M
"space" in: sky130A_mr.drc:697
    Edge pairs: 0 (flat)  0 (hierarchical)
    Elapsed: 0.030s  Memory: 5884.00M
"output" in: sky130A_mr.drc:697
    Edge pairs: 0 (flat)  0 (hierarchical)
    Elapsed: 0.010s  Memory: 5884.00M
END: 125/20 (hvntm)
Writing report database: /home/passant/caravel/signoff/caravel/standalone_pvr/caravel_klayout_drc.xml ..
Total elapsed: 3074.750s  Memory: 5376.00M
 
Cell exclusion list:
   rule    | cell
   nwell.6 | sky130_fd_io__gpiov2_amux, sky130_fd_io__simple_pad_and_busses, sram
   nsd.1   | sram
   nsd.2   | sram
   psd.1   | sram
   psd.2   | sram
 
release 2022.6.30_01.07
