
===========================================================================
report_checks -unconstrained
===========================================================================
======================= min_ss_100C_1v60 Corner ===================================

Startpoint: dco (input port clocked by VIRTUAL_CLK)
Endpoint: clockp[1] (output port clocked by VIRTUAL_CLK)
Path Group: VIRTUAL_CLK
Path Type: max

Fanout         Cap        Slew       Delay        Time   Description
---------------------------------------------------------------------------------------------
                      0.000000    0.000000    0.000000   clock VIRTUAL_CLK (rise edge)
                                  0.000000    0.000000   clock network delay (ideal)
                                  3.000000    3.000000 v input external delay
                      0.107520    0.079032    3.079031 v dco (in)
     6    0.024396                                       dco (net)
                      0.107528    0.000000    3.079031 v U127/A (sky130_fd_sc_hd__inv_2)
                      0.052023    0.095634    3.174665 ^ U127/Y (sky130_fd_sc_hd__inv_2)
     1    0.004580                                       n79 (net)
                      0.052023    0.000074    3.174739 ^ U126/A (sky130_fd_sc_hd__nand2_1)
                      0.134861    0.147495    3.322234 v U126/Y (sky130_fd_sc_hd__nand2_1)
     2    0.007188                                       n78 (net)
                      0.134861    0.000091    3.322325 v U123/B (sky130_fd_sc_hd__nand2_1)
                      0.096865    0.156011    3.478335 ^ U123/Y (sky130_fd_sc_hd__nand2_1)
     1    0.004576                                       n76 (net)
                      0.096865    0.000043    3.478379 ^ ringosc_dstage_6__id_delayen1/TE (sky130_fd_sc_hd__einvp_2)
                      0.219552    0.337576    3.815955 ^ ringosc_dstage_6__id_delayen1/Z (sky130_fd_sc_hd__einvp_2)
     1    0.012306                                       ringosc_dstage_6__id_d1 (net)
                      0.219552    0.000098    3.816053 ^ ringosc_dstage_6__id_delayint0/A (sky130_fd_sc_hd__clkinv_1)
                      0.086944    0.093026    3.909079 v ringosc_dstage_6__id_delayint0/Y (sky130_fd_sc_hd__clkinv_1)
     1    0.004729                                       ringosc_dstage_6__id_d2 (net)
                      0.086944    0.000032    3.909112 v ringosc_dstage_6__id_delayen0/A (sky130_fd_sc_hd__einvp_2)
                      0.273088    0.264472    4.173584 ^ ringosc_dstage_6__id_delayen0/Z (sky130_fd_sc_hd__einvp_2)
     1    0.015330                                       ringosc_d[7] (net)
                      0.273088    0.000052    4.173636 ^ ringosc_dstage_7__id_delaybuf0/A (sky130_fd_sc_hd__clkbuf_2)
                      0.276283    0.326104    4.499739 ^ ringosc_dstage_7__id_delaybuf0/X (sky130_fd_sc_hd__clkbuf_2)
     3    0.032047                                       ringosc_dstage_7__id_ts (net)
                      0.276285    0.000556    4.500296 ^ ringosc_dstage_7__id_delaybuf1/A (sky130_fd_sc_hd__clkbuf_1)
                      0.125363    0.281281    4.781577 ^ ringosc_dstage_7__id_delaybuf1/X (sky130_fd_sc_hd__clkbuf_1)
     1    0.005748                                       ringosc_dstage_7__id_d0 (net)
                      0.125363    0.000080    4.781657 ^ ringosc_dstage_7__id_delayen1/A (sky130_fd_sc_hd__einvp_2)
                      0.100366    0.143894    4.925551 v ringosc_dstage_7__id_delayen1/Z (sky130_fd_sc_hd__einvp_2)
     1    0.011126                                       ringosc_dstage_7__id_d1 (net)
                      0.100366    0.000106    4.925657 v ringosc_dstage_7__id_delayint0/A (sky130_fd_sc_hd__clkinv_1)
                      0.057221    0.054776    4.980433 ^ ringosc_dstage_7__id_delayint0/Y (sky130_fd_sc_hd__clkinv_1)
     1    0.005349                                       ringosc_dstage_7__id_d2 (net)
                      0.057221    0.000039    4.980472 ^ ringosc_dstage_7__id_delayen0/A (sky130_fd_sc_hd__einvp_2)
                      0.151366    0.159633    5.140105 v ringosc_dstage_7__id_delayen0/Z (sky130_fd_sc_hd__einvp_2)
     1    0.017666                                       ringosc_d[8] (net)
                      0.151366    0.000091    5.140196 v ringosc_dstage_8__id_delaybuf0/A (sky130_fd_sc_hd__clkbuf_2)
                      0.200920    0.289144    5.429341 v ringosc_dstage_8__id_delaybuf0/X (sky130_fd_sc_hd__clkbuf_2)
     3    0.028132                                       ringosc_dstage_8__id_ts (net)
                      0.200920    0.000115    5.429456 v ringosc_dstage_8__id_delaybuf1/A (sky130_fd_sc_hd__clkbuf_1)
                      0.071884    0.253514    5.682970 v ringosc_dstage_8__id_delaybuf1/X (sky130_fd_sc_hd__clkbuf_1)
     1    0.004898                                       ringosc_dstage_8__id_d0 (net)
                      0.071884    0.000056    5.683026 v ringosc_dstage_8__id_delayen1/A (sky130_fd_sc_hd__einvp_2)
                      0.207318    0.209103    5.892129 ^ ringosc_dstage_8__id_delayen1/Z (sky130_fd_sc_hd__einvp_2)
     1    0.011782                                       ringosc_dstage_8__id_d1 (net)
                      0.207318    0.000091    5.892220 ^ ringosc_dstage_8__id_delayint0/A (sky130_fd_sc_hd__clkinv_1)
                      0.081267    0.090566    5.982787 v ringosc_dstage_8__id_delayint0/Y (sky130_fd_sc_hd__clkinv_1)
     1    0.004511                                       ringosc_dstage_8__id_d2 (net)
                      0.081267    0.000044    5.982831 v ringosc_dstage_8__id_delayen0/A (sky130_fd_sc_hd__einvp_2)
                      0.291325    0.276157    6.258987 ^ ringosc_dstage_8__id_delayen0/Z (sky130_fd_sc_hd__einvp_2)
     1    0.016356                                       ringosc_d[9] (net)
                      0.291325    0.000118    6.259105 ^ ringosc_dstage_9__id_delaybuf0/A (sky130_fd_sc_hd__clkbuf_2)
                      0.310113    0.351162    6.610267 ^ ringosc_dstage_9__id_delaybuf0/X (sky130_fd_sc_hd__clkbuf_2)
     3    0.036225                                       ringosc_dstage_9__id_ts (net)
                      0.310114    0.000439    6.610706 ^ ringosc_dstage_9__id_delaybuf1/A (sky130_fd_sc_hd__clkbuf_1)
                      0.225696    0.367602    6.978308 ^ ringosc_dstage_9__id_delaybuf1/X (sky130_fd_sc_hd__clkbuf_1)
     1    0.011321                                       ringosc_dstage_9__id_d0 (net)
                      0.225697    0.000267    6.978575 ^ ringosc_dstage_9__id_delayen1/A (sky130_fd_sc_hd__einvp_2)
                      0.148948    0.227832    7.206407 v ringosc_dstage_9__id_delayen1/Z (sky130_fd_sc_hd__einvp_2)
     1    0.016719                                       ringosc_dstage_9__id_d1 (net)
                      0.148950    0.000365    7.206772 v ringosc_dstage_9__id_delayint0/A (sky130_fd_sc_hd__clkinv_1)
                      0.095821    0.083369    7.290141 ^ ringosc_dstage_9__id_delayint0/Y (sky130_fd_sc_hd__clkinv_1)
     1    0.009935                                       ringosc_dstage_9__id_d2 (net)
                      0.095822    0.000251    7.290391 ^ ringosc_dstage_9__id_delayen0/A (sky130_fd_sc_hd__einvp_2)
                      0.141212    0.168048    7.458439 v ringosc_dstage_9__id_delayen0/Z (sky130_fd_sc_hd__einvp_2)
     1    0.016410                                       ringosc_d[10] (net)
                      0.141212    0.000153    7.458592 v ringosc_dstage_10__id_delaybuf0/A (sky130_fd_sc_hd__clkbuf_2)
                      0.206580    0.293718    7.752310 v ringosc_dstage_10__id_delaybuf0/X (sky130_fd_sc_hd__clkbuf_2)
     3    0.029003                                       ringosc_dstage_10__id_ts (net)
                      0.206580    0.000234    7.752544 v ringosc_dstage_10__id_delaybuf1/A (sky130_fd_sc_hd__clkbuf_1)
                      0.098117    0.278524    8.031069 v ringosc_dstage_10__id_delaybuf1/X (sky130_fd_sc_hd__clkbuf_1)
     1    0.007436                                       ringosc_dstage_10__id_d0 (net)
                      0.098118    0.000179    8.031247 v ringosc_dstage_10__id_delayen1/A (sky130_fd_sc_hd__einvp_2)
                      0.226037    0.234303    8.265551 ^ ringosc_dstage_10__id_delayen1/Z (sky130_fd_sc_hd__einvp_2)
     1    0.012828                                       ringosc_dstage_10__id_d1 (net)
                      0.226037    0.000107    8.265657 ^ ringosc_dstage_10__id_delayint0/A (sky130_fd_sc_hd__clkinv_1)
                      0.095163    0.101574    8.367231 v ringosc_dstage_10__id_delayint0/Y (sky130_fd_sc_hd__clkinv_1)
     1    0.005498                                       ringosc_dstage_10__id_d2 (net)
                      0.095163    0.000085    8.367317 v ringosc_dstage_10__id_delayen0/A (sky130_fd_sc_hd__einvp_2)
                      0.276191    0.270315    8.637632 ^ ringosc_dstage_10__id_delayen0/Z (sky130_fd_sc_hd__einvp_2)
     1    0.015509                                       ringosc_d[11] (net)
                      0.276191    0.000101    8.637733 ^ ringosc_dstage_11__id_delaybuf0/A (sky130_fd_sc_hd__clkbuf_2)
                      0.256313    0.311466    8.949199 ^ ringosc_dstage_11__id_delaybuf0/X (sky130_fd_sc_hd__clkbuf_2)
     3    0.029578                                       ringosc_dstage_11__id_ts (net)
                      0.256314    0.000280    8.949479 ^ ringosc_dstage_11__id_delaybuf1/A (sky130_fd_sc_hd__clkbuf_1)
                      0.116411    0.268745    9.218224 ^ ringosc_dstage_11__id_delaybuf1/X (sky130_fd_sc_hd__clkbuf_1)
     1    0.005257                                       ringosc_dstage_11__id_d0 (net)
                      0.116411    0.000058    9.218282 ^ ringosc_dstage_11__id_delayen1/A (sky130_fd_sc_hd__einvp_2)
                      0.100905    0.141299    9.359581 v ringosc_dstage_11__id_delayen1/Z (sky130_fd_sc_hd__einvp_2)
     1    0.011290                                       ringosc_dstage_11__id_d1 (net)
                      0.100905    0.000060    9.359640 v ringosc_dstage_11__id_delayint0/A (sky130_fd_sc_hd__clkinv_1)
                      0.064339    0.060087    9.419727 ^ ringosc_dstage_11__id_delayint0/Y (sky130_fd_sc_hd__clkinv_1)
     1    0.006199                                       ringosc_dstage_11__id_d2 (net)
                      0.064339    0.000073    9.419801 ^ ringosc_dstage_11__id_delayen0/A (sky130_fd_sc_hd__einvp_2)
                      0.214068    0.210635    9.630435 v ringosc_dstage_11__id_delayen0/Z (sky130_fd_sc_hd__einvp_2)
     2    0.024843                                       ringosc_d[12] (net)
                      0.214070    0.000461    9.630897 v ringosc_iss_delaybuf0/A (sky130_fd_sc_hd__clkbuf_1)
                      0.066811    0.255691    9.886588 v ringosc_iss_delaybuf0/X (sky130_fd_sc_hd__clkbuf_1)
     1    0.004392                                       ringosc_iss_d0 (net)
                      0.066811    0.000039    9.886627 v ringosc_iss_delayen1/A (sky130_fd_sc_hd__einvp_2)
                      0.209723    0.205969   10.092595 ^ ringosc_iss_delayen1/Z (sky130_fd_sc_hd__einvp_2)
     1    0.011689                                       ringosc_iss_d1 (net)
                      0.209723    0.000098   10.092693 ^ ringosc_iss_delayint0/A (sky130_fd_sc_hd__clkinv_1)
                      0.095270    0.190650   10.283343 v ringosc_iss_delayint0/Y (sky130_fd_sc_hd__clkinv_1)
     1    0.004816                                       ringosc_iss_d2 (net)
                      0.095270    0.000051   10.283394 v ringosc_iss_delayen0/A (sky130_fd_sc_hd__einvp_2)
                      0.392769    0.363680   10.647074 ^ ringosc_iss_delayen0/Z (sky130_fd_sc_hd__einvp_2)
     2    0.022304                                       ringosc_d[0] (net)
                      0.694952    0.000092   10.647166 ^ ringosc_dstage_0__id_delaybuf0/A (sky130_fd_sc_hd__clkbuf_2)
                      0.265950    0.600877   11.248043 ^ ringosc_dstage_0__id_delaybuf0/X (sky130_fd_sc_hd__clkbuf_2)
     3    0.030295                                       ringosc_dstage_0__id_ts (net)
                      0.265950    0.000220   11.248263 ^ ringosc_dstage_0__id_delaybuf1/A (sky130_fd_sc_hd__clkbuf_1)
                      0.126729    0.279398   11.527661 ^ ringosc_dstage_0__id_delaybuf1/X (sky130_fd_sc_hd__clkbuf_1)
     1    0.005830                                       ringosc_dstage_0__id_d0 (net)
                      0.126729    0.000077   11.527739 ^ ringosc_dstage_0__id_delayen1/A (sky130_fd_sc_hd__einvp_2)
                      0.102036    0.141995   11.669733 v ringosc_dstage_0__id_delayen1/Z (sky130_fd_sc_hd__einvp_2)
     1    0.010784                                       ringosc_dstage_0__id_d1 (net)
                      0.102036    0.000066   11.669799 v ringosc_dstage_0__id_delayint0/A (sky130_fd_sc_hd__clkinv_1)
                      0.061846    0.101871   11.771669 ^ ringosc_dstage_0__id_delayint0/Y (sky130_fd_sc_hd__clkinv_1)
     1    0.005299                                       ringosc_dstage_0__id_d2 (net)
                      0.061846    0.000064   11.771733 ^ ringosc_dstage_0__id_delayen0/A (sky130_fd_sc_hd__einvp_2)
                      0.139262    0.150650   11.922383 v ringosc_dstage_0__id_delayen0/Z (sky130_fd_sc_hd__einvp_2)
     1    0.016031                                       ringosc_d[1] (net)
                      0.139262    0.000093   11.922477 v ringosc_dstage_1__id_delaybuf0/A (sky130_fd_sc_hd__clkbuf_2)
                      0.201600    0.357588   12.280065 v ringosc_dstage_1__id_delaybuf0/X (sky130_fd_sc_hd__clkbuf_2)
     3    0.028256                                       ringosc_dstage_1__id_ts (net)
                      0.201600    0.000221   12.280286 v ringosc_dstage_1__id_delaybuf1/A (sky130_fd_sc_hd__clkbuf_1)
                      0.076873    0.258120   12.538405 v ringosc_dstage_1__id_delaybuf1/X (sky130_fd_sc_hd__clkbuf_1)
     1    0.005386                                       ringosc_dstage_1__id_d0 (net)
                      0.076873    0.000075   12.538481 v ringosc_dstage_1__id_delayen1/A (sky130_fd_sc_hd__einvp_2)
                      0.199073    0.202732   12.741213 ^ ringosc_dstage_1__id_delayen1/Z (sky130_fd_sc_hd__einvp_2)
     1    0.011209                                       ringosc_dstage_1__id_d1 (net)
                      0.199073    0.000036   12.741249 ^ ringosc_dstage_1__id_delayint0/A (sky130_fd_sc_hd__clkinv_1)
                      0.091863    0.179930   12.921179 v ringosc_dstage_1__id_delayint0/Y (sky130_fd_sc_hd__clkinv_1)
     1    0.004342                                       ringosc_dstage_1__id_d2 (net)
                      0.091863    0.000020   12.921199 v ringosc_dstage_1__id_delayen0/A (sky130_fd_sc_hd__einvp_2)
                      0.281704    0.273186   13.194385 ^ ringosc_dstage_1__id_delayen0/Z (sky130_fd_sc_hd__einvp_2)
     1    0.015818                                       ringosc_d[2] (net)
                      0.281704    0.000093   13.194478 ^ ringosc_dstage_2__id_delaybuf0/A (sky130_fd_sc_hd__clkbuf_2)
                      0.265717    0.446870   13.641348 ^ ringosc_dstage_2__id_delaybuf0/X (sky130_fd_sc_hd__clkbuf_2)
     3    0.030634                                       ringosc_dstage_2__id_ts (net)
                      0.265717    0.000166   13.641514 ^ ringosc_dstage_2__id_delaybuf1/A (sky130_fd_sc_hd__clkbuf_1)
                      0.117816    0.269684   13.911198 ^ ringosc_dstage_2__id_delaybuf1/X (sky130_fd_sc_hd__clkbuf_1)
     1    0.005124                                       ringosc_dstage_2__id_d0 (net)
                      0.117816    0.000034   13.911232 ^ ringosc_dstage_2__id_delayen1/A (sky130_fd_sc_hd__einvp_2)
                      0.128305    0.144061   14.055292 v ringosc_dstage_2__id_delayen1/Z (sky130_fd_sc_hd__einvp_2)
     1    0.011589                                       ringosc_dstage_2__id_d1 (net)
                      0.128305    0.000097   14.055389 v ringosc_dstage_2__id_delayint0/A (sky130_fd_sc_hd__clkinv_1)
                      0.062859    0.109656   14.165046 ^ ringosc_dstage_2__id_delayint0/Y (sky130_fd_sc_hd__clkinv_1)
     1    0.004766                                       ringosc_dstage_2__id_d2 (net)
                      0.062859    0.000043   14.165088 ^ ringosc_dstage_2__id_delayen0/A (sky130_fd_sc_hd__einvp_2)
                      0.137359    0.149684   14.314772 v ringosc_dstage_2__id_delayen0/Z (sky130_fd_sc_hd__einvp_2)
     1    0.015821                                       ringosc_d[3] (net)
                      0.137359    0.000148   14.314920 v ringosc_dstage_3__id_delaybuf0/A (sky130_fd_sc_hd__clkbuf_2)
                      0.194666    0.351396   14.666317 v ringosc_dstage_3__id_delaybuf0/X (sky130_fd_sc_hd__clkbuf_2)
     3    0.027204                                       ringosc_dstage_3__id_ts (net)
                      0.194666    0.000204   14.666521 v ringosc_dstage_3__id_delaybuf1/A (sky130_fd_sc_hd__clkbuf_1)
                      0.077054    0.254826   14.921347 v ringosc_dstage_3__id_delaybuf1/X (sky130_fd_sc_hd__clkbuf_1)
     1    0.005406                                       ringosc_dstage_3__id_d0 (net)
                      0.077054    0.000053   14.921400 v ringosc_dstage_3__id_delayen1/A (sky130_fd_sc_hd__einvp_2)
                      0.226789    0.222837   15.144237 ^ ringosc_dstage_3__id_delayen1/Z (sky130_fd_sc_hd__einvp_2)
     1    0.012631                                       ringosc_dstage_3__id_d1 (net)
                      0.226789    0.000114   15.144350 ^ ringosc_dstage_3__id_delayint0/A (sky130_fd_sc_hd__clkinv_1)
                      0.106910    0.207354   15.351705 v ringosc_dstage_3__id_delayint0/Y (sky130_fd_sc_hd__clkinv_1)
     1    0.005600                                       ringosc_dstage_3__id_d2 (net)
                      0.106910    0.000076   15.351781 v ringosc_dstage_3__id_delayen0/A (sky130_fd_sc_hd__einvp_2)
                      0.264555    0.266075   15.617856 ^ ringosc_dstage_3__id_delayen0/Z (sky130_fd_sc_hd__einvp_2)
     1    0.014844                                       ringosc_d[4] (net)
                      0.264555    0.000041   15.617897 ^ ringosc_dstage_4__id_delaybuf0/A (sky130_fd_sc_hd__clkbuf_2)
                      0.262844    0.437998   16.055895 ^ ringosc_dstage_4__id_delaybuf0/X (sky130_fd_sc_hd__clkbuf_2)
     3    0.030294                                       ringosc_dstage_4__id_ts (net)
                      0.262845    0.000300   16.056194 ^ ringosc_dstage_4__id_delaybuf1/A (sky130_fd_sc_hd__clkbuf_1)
                      0.121418    0.274440   16.330635 ^ ringosc_dstage_4__id_delaybuf1/X (sky130_fd_sc_hd__clkbuf_1)
     1    0.005534                                       ringosc_dstage_4__id_d0 (net)
                      0.121418    0.000071   16.330706 ^ ringosc_dstage_4__id_delayen1/A (sky130_fd_sc_hd__einvp_2)
                      0.104755    0.145484   16.476191 v ringosc_dstage_4__id_delayen1/Z (sky130_fd_sc_hd__einvp_2)
     1    0.011574                                       ringosc_dstage_4__id_d1 (net)
                      0.104755    0.000114   16.476303 v ringosc_dstage_4__id_delayint0/A (sky130_fd_sc_hd__clkinv_1)
                      0.060083    0.099359   16.575663 ^ ringosc_dstage_4__id_delayint0/Y (sky130_fd_sc_hd__clkinv_1)
     1    0.004735                                       ringosc_dstage_4__id_d2 (net)
                      0.060083    0.000021   16.575684 ^ ringosc_dstage_4__id_delayen0/A (sky130_fd_sc_hd__einvp_2)
                      0.136901    0.147802   16.723486 v ringosc_dstage_4__id_delayen0/Z (sky130_fd_sc_hd__einvp_2)
     1    0.015719                                       ringosc_d[5] (net)
                      0.136901    0.000128   16.723614 v ringosc_dstage_5__id_delaybuf0/A (sky130_fd_sc_hd__clkbuf_2)
                      0.200111    0.355406   17.079020 v ringosc_dstage_5__id_delaybuf0/X (sky130_fd_sc_hd__clkbuf_2)
     3    0.028035                                       ringosc_dstage_5__id_ts (net)
                      0.200111    0.000210   17.079229 v ringosc_dstage_5__id_delaybuf1/A (sky130_fd_sc_hd__clkbuf_1)
                      0.070643    0.249983   17.329212 v ringosc_dstage_5__id_delaybuf1/X (sky130_fd_sc_hd__clkbuf_1)
     1    0.004538                                       ringosc_dstage_5__id_d0 (net)
                      0.070643    0.000025   17.329237 v ringosc_dstage_5__id_delayen1/A (sky130_fd_sc_hd__einvp_2)
                      0.211941    0.208995   17.538233 ^ ringosc_dstage_5__id_delayen1/Z (sky130_fd_sc_hd__einvp_2)
     1    0.011811                                       ringosc_dstage_5__id_d1 (net)
                      0.211941    0.000130   17.538363 ^ ringosc_dstage_5__id_delayint0/A (sky130_fd_sc_hd__clkinv_1)
                      0.094932    0.191301   17.729664 v ringosc_dstage_5__id_delayint0/Y (sky130_fd_sc_hd__clkinv_1)
     1    0.004778                                       ringosc_dstage_5__id_d2 (net)
                      0.094932    0.000053   17.729717 v ringosc_dstage_5__id_delayen0/A (sky130_fd_sc_hd__einvp_2)
                      0.440434    0.397355   18.127071 ^ ringosc_dstage_5__id_delayen0/Z (sky130_fd_sc_hd__einvp_2)
     2    0.024782                                       ringosc_d[6] (net)
                      0.440434    0.000302   18.127375 ^ ringosc_ibufp10/A (sky130_fd_sc_hd__clkinv_2)
                      0.183965    0.337863   18.465237 v ringosc_ibufp10/Y (sky130_fd_sc_hd__clkinv_2)
     1    0.019287                                       ringosc_c[1] (net)
                      0.183965    0.000178   18.465414 v ringosc_ibufp11/A (sky130_fd_sc_hd__clkinv_8)
                      0.345002    0.361917   18.827332 ^ ringosc_ibufp11/Y (sky130_fd_sc_hd__clkinv_8)
     1    0.205396                                       clockp[1] (net)
                      0.345137    0.005977   18.833309 ^ clockp[1] (out)
                                             18.833309   data arrival time

                      0.000000   20.000000   20.000000   clock VIRTUAL_CLK (rise edge)
                                  0.000000   20.000000   clock network delay (ideal)
                                  0.000000   20.000000   clock reconvergence pessimism
                                 -3.000000   17.000000   output external delay
                                             17.000000   data required time
---------------------------------------------------------------------------------------------
                                             17.000000   data required time
                                            -18.833309   data arrival time
---------------------------------------------------------------------------------------------
                                             -1.833309   slack (VIOLATED)


Startpoint: dll_control_count0_reg_1_
            (rising edge-triggered flip-flop clocked by dll_control_clock)
Endpoint: dll_control_tval_reg_6_
          (rising edge-triggered flip-flop clocked by dll_control_clock)
Path Group: dll_control_clock
Path Type: max

Fanout         Cap        Slew       Delay        Time   Description
---------------------------------------------------------------------------------------------
                                  0.000000    0.000000   clock dll_control_clock (rise edge)
                                  0.000000    0.000000   clock source latency
                      0.461355    0.000000    0.000000 ^ ringosc_ibufp01/Y (sky130_fd_sc_hd__clkinv_8)
    24    0.274676                                       clockp[0] (net)
                      0.462425    0.019309    0.019309 ^ dll_control_count0_reg_1_/CLK (sky130_fd_sc_hd__dfrtp_2)
                      0.157074    1.131334    1.150643 v dll_control_count0_reg_1_/Q (sky130_fd_sc_hd__dfrtp_2)
     5    0.021475                                       dll_control_count0[1] (net)
                      0.157074    0.000278    1.150921 v U229/CIN (sky130_fd_sc_hd__fa_1)
                      0.213957    1.147560    2.298480 v U229/SUM (sky130_fd_sc_hd__fa_1)
     2    0.008670                                       n129 (net)
                      0.213957    0.000056    2.298537 v U226/B (sky130_fd_sc_hd__xnor2_1)
                      0.132357    0.319116    2.617653 v U226/Y (sky130_fd_sc_hd__xnor2_1)
     2    0.005680                                       n153 (net)
                      0.132357    0.000049    2.617702 v U228/A2 (sky130_fd_sc_hd__o21ai_1)
                      0.189527    0.243571    2.861273 ^ U228/Y (sky130_fd_sc_hd__o21ai_1)
     1    0.003566                                       n137 (net)
                      0.189527    0.000043    2.861316 ^ U233/A1 (sky130_fd_sc_hd__a21oi_1)
                      0.099908    0.177571    3.038887 v U233/Y (sky130_fd_sc_hd__a21oi_1)
     1    0.002872                                       n141 (net)
                      0.099908    0.000030    3.038917 v U235/A2 (sky130_fd_sc_hd__o21ai_1)
                      0.194431    0.233344    3.272260 ^ U235/Y (sky130_fd_sc_hd__o21ai_1)
     1    0.003736                                       n147 (net)
                      0.194431    0.000051    3.272311 ^ U240/A1 (sky130_fd_sc_hd__a21oi_1)
                      0.127471    0.205041    3.477352 v U240/Y (sky130_fd_sc_hd__a21oi_1)
     1    0.004865                                       n148 (net)
                      0.127471    0.000052    3.477404 v U241/B (sky130_fd_sc_hd__nand2b_2)
                      0.155490    0.201766    3.679170 ^ U241/Y (sky130_fd_sc_hd__nand2b_2)
     2    0.016314                                       n165 (net)
                      0.155491    0.000353    3.679523 ^ U138/A (sky130_fd_sc_hd__clkinv_4)
                      0.159932    0.214019    3.893542 v U138/Y (sky130_fd_sc_hd__clkinv_4)
    13    0.043318                                       n202 (net)
                      0.159933    0.000476    3.894017 v U267/B (sky130_fd_sc_hd__nor2_1)
                      0.376950    0.376581    4.270598 ^ U267/Y (sky130_fd_sc_hd__nor2_1)
     2    0.011560                                       n183 (net)
                      0.376950    0.000094    4.270692 ^ U269/A2 (sky130_fd_sc_hd__o21ai_2)
                      0.136222    0.264081    4.534773 v U269/Y (sky130_fd_sc_hd__o21ai_2)
     2    0.012322                                       n192 (net)
                      0.136223    0.000212    4.534986 v U273/A2 (sky130_fd_sc_hd__a21oi_2)
                      0.286891    0.377225    4.912211 ^ U273/Y (sky130_fd_sc_hd__a21oi_2)
     3    0.012444                                       n211 (net)
                      0.286891    0.000130    4.912341 ^ U307/A2 (sky130_fd_sc_hd__o21ai_1)
                      0.132377    0.233561    5.145902 v U307/Y (sky130_fd_sc_hd__o21ai_1)
     1    0.005639                                       n213 (net)
                      0.132377    0.000075    5.145977 v U308/B (sky130_fd_sc_hd__xnor2_1)
                      0.244771    0.290638    5.436615 ^ U308/Y (sky130_fd_sc_hd__xnor2_1)
     1    0.004361                                       n215 (net)
                      0.244771    0.000064    5.436678 ^ U309/A (sky130_fd_sc_hd__nand2_1)
                      0.097575    0.180534    5.617213 v U309/Y (sky130_fd_sc_hd__nand2_1)
     1    0.003475                                       n216 (net)
                      0.097575    0.000046    5.617259 v U310/B1 (sky130_fd_sc_hd__o21ai_1)
                      0.160781    0.135944    5.753203 ^ U310/Y (sky130_fd_sc_hd__o21ai_1)
     1    0.002584                                       n72 (net)
                      0.160781    0.000017    5.753220 ^ dll_control_tval_reg_6_/D (sky130_fd_sc_hd__dfrtp_4)
                                              5.753220   data arrival time

                                  4.670000    4.670000   clock dll_control_clock (rise edge)
                                  0.000000    4.670000   clock source latency
                      0.461355    0.000000    4.670000 ^ ringosc_ibufp01/Y (sky130_fd_sc_hd__clkinv_8)
    24    0.274676                                       clockp[0] (net)
                      0.462605    0.018833    4.688833 ^ dll_control_tval_reg_6_/CLK (sky130_fd_sc_hd__dfrtp_4)
                                 -0.100000    4.588833   clock uncertainty
                                  0.000000    4.588833   clock reconvergence pessimism
                                 -0.090107    4.498726   library setup time
                                              4.498726   data required time
---------------------------------------------------------------------------------------------
                                              4.498726   data required time
                                             -5.753220   data arrival time
---------------------------------------------------------------------------------------------
                                             -1.254494   slack (VIOLATED)




===========================================================================
report_checks --slack_max -0.01
============================================================================
======================= min_ss_100C_1v60 Corner ===================================

Startpoint: dco (input port clocked by VIRTUAL_CLK)
Endpoint: clockp[1] (output port clocked by VIRTUAL_CLK)
Path Group: VIRTUAL_CLK
Path Type: max

Fanout         Cap        Slew       Delay        Time   Description
---------------------------------------------------------------------------------------------
                      0.000000    0.000000    0.000000   clock VIRTUAL_CLK (rise edge)
                                  0.000000    0.000000   clock network delay (ideal)
                                  3.000000    3.000000 v input external delay
                      0.107520    0.079032    3.079031 v dco (in)
     6    0.024396                                       dco (net)
                      0.107528    0.000000    3.079031 v U127/A (sky130_fd_sc_hd__inv_2)
                      0.052023    0.095634    3.174665 ^ U127/Y (sky130_fd_sc_hd__inv_2)
     1    0.004580                                       n79 (net)
                      0.052023    0.000074    3.174739 ^ U126/A (sky130_fd_sc_hd__nand2_1)
                      0.134861    0.147495    3.322234 v U126/Y (sky130_fd_sc_hd__nand2_1)
     2    0.007188                                       n78 (net)
                      0.134861    0.000091    3.322325 v U123/B (sky130_fd_sc_hd__nand2_1)
                      0.096865    0.156011    3.478335 ^ U123/Y (sky130_fd_sc_hd__nand2_1)
     1    0.004576                                       n76 (net)
                      0.096865    0.000043    3.478379 ^ ringosc_dstage_6__id_delayen1/TE (sky130_fd_sc_hd__einvp_2)
                      0.219552    0.337576    3.815955 ^ ringosc_dstage_6__id_delayen1/Z (sky130_fd_sc_hd__einvp_2)
     1    0.012306                                       ringosc_dstage_6__id_d1 (net)
                      0.219552    0.000098    3.816053 ^ ringosc_dstage_6__id_delayint0/A (sky130_fd_sc_hd__clkinv_1)
                      0.086944    0.093026    3.909079 v ringosc_dstage_6__id_delayint0/Y (sky130_fd_sc_hd__clkinv_1)
     1    0.004729                                       ringosc_dstage_6__id_d2 (net)
                      0.086944    0.000032    3.909112 v ringosc_dstage_6__id_delayen0/A (sky130_fd_sc_hd__einvp_2)
                      0.273088    0.264472    4.173584 ^ ringosc_dstage_6__id_delayen0/Z (sky130_fd_sc_hd__einvp_2)
     1    0.015330                                       ringosc_d[7] (net)
                      0.273088    0.000052    4.173636 ^ ringosc_dstage_7__id_delaybuf0/A (sky130_fd_sc_hd__clkbuf_2)
                      0.276283    0.326104    4.499739 ^ ringosc_dstage_7__id_delaybuf0/X (sky130_fd_sc_hd__clkbuf_2)
     3    0.032047                                       ringosc_dstage_7__id_ts (net)
                      0.276285    0.000556    4.500296 ^ ringosc_dstage_7__id_delaybuf1/A (sky130_fd_sc_hd__clkbuf_1)
                      0.125363    0.281281    4.781577 ^ ringosc_dstage_7__id_delaybuf1/X (sky130_fd_sc_hd__clkbuf_1)
     1    0.005748                                       ringosc_dstage_7__id_d0 (net)
                      0.125363    0.000080    4.781657 ^ ringosc_dstage_7__id_delayen1/A (sky130_fd_sc_hd__einvp_2)
                      0.100366    0.143894    4.925551 v ringosc_dstage_7__id_delayen1/Z (sky130_fd_sc_hd__einvp_2)
     1    0.011126                                       ringosc_dstage_7__id_d1 (net)
                      0.100366    0.000106    4.925657 v ringosc_dstage_7__id_delayint0/A (sky130_fd_sc_hd__clkinv_1)
                      0.057221    0.054776    4.980433 ^ ringosc_dstage_7__id_delayint0/Y (sky130_fd_sc_hd__clkinv_1)
     1    0.005349                                       ringosc_dstage_7__id_d2 (net)
                      0.057221    0.000039    4.980472 ^ ringosc_dstage_7__id_delayen0/A (sky130_fd_sc_hd__einvp_2)
                      0.151366    0.159633    5.140105 v ringosc_dstage_7__id_delayen0/Z (sky130_fd_sc_hd__einvp_2)
     1    0.017666                                       ringosc_d[8] (net)
                      0.151366    0.000091    5.140196 v ringosc_dstage_8__id_delaybuf0/A (sky130_fd_sc_hd__clkbuf_2)
                      0.200920    0.289144    5.429341 v ringosc_dstage_8__id_delaybuf0/X (sky130_fd_sc_hd__clkbuf_2)
     3    0.028132                                       ringosc_dstage_8__id_ts (net)
                      0.200920    0.000115    5.429456 v ringosc_dstage_8__id_delaybuf1/A (sky130_fd_sc_hd__clkbuf_1)
                      0.071884    0.253514    5.682970 v ringosc_dstage_8__id_delaybuf1/X (sky130_fd_sc_hd__clkbuf_1)
     1    0.004898                                       ringosc_dstage_8__id_d0 (net)
                      0.071884    0.000056    5.683026 v ringosc_dstage_8__id_delayen1/A (sky130_fd_sc_hd__einvp_2)
                      0.207318    0.209103    5.892129 ^ ringosc_dstage_8__id_delayen1/Z (sky130_fd_sc_hd__einvp_2)
     1    0.011782                                       ringosc_dstage_8__id_d1 (net)
                      0.207318    0.000091    5.892220 ^ ringosc_dstage_8__id_delayint0/A (sky130_fd_sc_hd__clkinv_1)
                      0.081267    0.090566    5.982787 v ringosc_dstage_8__id_delayint0/Y (sky130_fd_sc_hd__clkinv_1)
     1    0.004511                                       ringosc_dstage_8__id_d2 (net)
                      0.081267    0.000044    5.982831 v ringosc_dstage_8__id_delayen0/A (sky130_fd_sc_hd__einvp_2)
                      0.291325    0.276157    6.258987 ^ ringosc_dstage_8__id_delayen0/Z (sky130_fd_sc_hd__einvp_2)
     1    0.016356                                       ringosc_d[9] (net)
                      0.291325    0.000118    6.259105 ^ ringosc_dstage_9__id_delaybuf0/A (sky130_fd_sc_hd__clkbuf_2)
                      0.310113    0.351162    6.610267 ^ ringosc_dstage_9__id_delaybuf0/X (sky130_fd_sc_hd__clkbuf_2)
     3    0.036225                                       ringosc_dstage_9__id_ts (net)
                      0.310114    0.000439    6.610706 ^ ringosc_dstage_9__id_delaybuf1/A (sky130_fd_sc_hd__clkbuf_1)
                      0.225696    0.367602    6.978308 ^ ringosc_dstage_9__id_delaybuf1/X (sky130_fd_sc_hd__clkbuf_1)
     1    0.011321                                       ringosc_dstage_9__id_d0 (net)
                      0.225697    0.000267    6.978575 ^ ringosc_dstage_9__id_delayen1/A (sky130_fd_sc_hd__einvp_2)
                      0.148948    0.227832    7.206407 v ringosc_dstage_9__id_delayen1/Z (sky130_fd_sc_hd__einvp_2)
     1    0.016719                                       ringosc_dstage_9__id_d1 (net)
                      0.148950    0.000365    7.206772 v ringosc_dstage_9__id_delayint0/A (sky130_fd_sc_hd__clkinv_1)
                      0.095821    0.083369    7.290141 ^ ringosc_dstage_9__id_delayint0/Y (sky130_fd_sc_hd__clkinv_1)
     1    0.009935                                       ringosc_dstage_9__id_d2 (net)
                      0.095822    0.000251    7.290391 ^ ringosc_dstage_9__id_delayen0/A (sky130_fd_sc_hd__einvp_2)
                      0.141212    0.168048    7.458439 v ringosc_dstage_9__id_delayen0/Z (sky130_fd_sc_hd__einvp_2)
     1    0.016410                                       ringosc_d[10] (net)
                      0.141212    0.000153    7.458592 v ringosc_dstage_10__id_delaybuf0/A (sky130_fd_sc_hd__clkbuf_2)
                      0.206580    0.293718    7.752310 v ringosc_dstage_10__id_delaybuf0/X (sky130_fd_sc_hd__clkbuf_2)
     3    0.029003                                       ringosc_dstage_10__id_ts (net)
                      0.206580    0.000234    7.752544 v ringosc_dstage_10__id_delaybuf1/A (sky130_fd_sc_hd__clkbuf_1)
                      0.098117    0.278524    8.031069 v ringosc_dstage_10__id_delaybuf1/X (sky130_fd_sc_hd__clkbuf_1)
     1    0.007436                                       ringosc_dstage_10__id_d0 (net)
                      0.098118    0.000179    8.031247 v ringosc_dstage_10__id_delayen1/A (sky130_fd_sc_hd__einvp_2)
                      0.226037    0.234303    8.265551 ^ ringosc_dstage_10__id_delayen1/Z (sky130_fd_sc_hd__einvp_2)
     1    0.012828                                       ringosc_dstage_10__id_d1 (net)
                      0.226037    0.000107    8.265657 ^ ringosc_dstage_10__id_delayint0/A (sky130_fd_sc_hd__clkinv_1)
                      0.095163    0.101574    8.367231 v ringosc_dstage_10__id_delayint0/Y (sky130_fd_sc_hd__clkinv_1)
     1    0.005498                                       ringosc_dstage_10__id_d2 (net)
                      0.095163    0.000085    8.367317 v ringosc_dstage_10__id_delayen0/A (sky130_fd_sc_hd__einvp_2)
                      0.276191    0.270315    8.637632 ^ ringosc_dstage_10__id_delayen0/Z (sky130_fd_sc_hd__einvp_2)
     1    0.015509                                       ringosc_d[11] (net)
                      0.276191    0.000101    8.637733 ^ ringosc_dstage_11__id_delaybuf0/A (sky130_fd_sc_hd__clkbuf_2)
                      0.256313    0.311466    8.949199 ^ ringosc_dstage_11__id_delaybuf0/X (sky130_fd_sc_hd__clkbuf_2)
     3    0.029578                                       ringosc_dstage_11__id_ts (net)
                      0.256314    0.000280    8.949479 ^ ringosc_dstage_11__id_delaybuf1/A (sky130_fd_sc_hd__clkbuf_1)
                      0.116411    0.268745    9.218224 ^ ringosc_dstage_11__id_delaybuf1/X (sky130_fd_sc_hd__clkbuf_1)
     1    0.005257                                       ringosc_dstage_11__id_d0 (net)
                      0.116411    0.000058    9.218282 ^ ringosc_dstage_11__id_delayen1/A (sky130_fd_sc_hd__einvp_2)
                      0.100905    0.141299    9.359581 v ringosc_dstage_11__id_delayen1/Z (sky130_fd_sc_hd__einvp_2)
     1    0.011290                                       ringosc_dstage_11__id_d1 (net)
                      0.100905    0.000060    9.359640 v ringosc_dstage_11__id_delayint0/A (sky130_fd_sc_hd__clkinv_1)
                      0.064339    0.060087    9.419727 ^ ringosc_dstage_11__id_delayint0/Y (sky130_fd_sc_hd__clkinv_1)
     1    0.006199                                       ringosc_dstage_11__id_d2 (net)
                      0.064339    0.000073    9.419801 ^ ringosc_dstage_11__id_delayen0/A (sky130_fd_sc_hd__einvp_2)
                      0.214068    0.210635    9.630435 v ringosc_dstage_11__id_delayen0/Z (sky130_fd_sc_hd__einvp_2)
     2    0.024843                                       ringosc_d[12] (net)
                      0.214070    0.000461    9.630897 v ringosc_iss_delaybuf0/A (sky130_fd_sc_hd__clkbuf_1)
                      0.066811    0.255691    9.886588 v ringosc_iss_delaybuf0/X (sky130_fd_sc_hd__clkbuf_1)
     1    0.004392                                       ringosc_iss_d0 (net)
                      0.066811    0.000039    9.886627 v ringosc_iss_delayen1/A (sky130_fd_sc_hd__einvp_2)
                      0.209723    0.205969   10.092595 ^ ringosc_iss_delayen1/Z (sky130_fd_sc_hd__einvp_2)
     1    0.011689                                       ringosc_iss_d1 (net)
                      0.209723    0.000098   10.092693 ^ ringosc_iss_delayint0/A (sky130_fd_sc_hd__clkinv_1)
                      0.095270    0.190650   10.283343 v ringosc_iss_delayint0/Y (sky130_fd_sc_hd__clkinv_1)
     1    0.004816                                       ringosc_iss_d2 (net)
                      0.095270    0.000051   10.283394 v ringosc_iss_delayen0/A (sky130_fd_sc_hd__einvp_2)
                      0.392769    0.363680   10.647074 ^ ringosc_iss_delayen0/Z (sky130_fd_sc_hd__einvp_2)
     2    0.022304                                       ringosc_d[0] (net)
                      0.694952    0.000092   10.647166 ^ ringosc_dstage_0__id_delaybuf0/A (sky130_fd_sc_hd__clkbuf_2)
                      0.265950    0.600877   11.248043 ^ ringosc_dstage_0__id_delaybuf0/X (sky130_fd_sc_hd__clkbuf_2)
     3    0.030295                                       ringosc_dstage_0__id_ts (net)
                      0.265950    0.000220   11.248263 ^ ringosc_dstage_0__id_delaybuf1/A (sky130_fd_sc_hd__clkbuf_1)
                      0.126729    0.279398   11.527661 ^ ringosc_dstage_0__id_delaybuf1/X (sky130_fd_sc_hd__clkbuf_1)
     1    0.005830                                       ringosc_dstage_0__id_d0 (net)
                      0.126729    0.000077   11.527739 ^ ringosc_dstage_0__id_delayen1/A (sky130_fd_sc_hd__einvp_2)
                      0.102036    0.141995   11.669733 v ringosc_dstage_0__id_delayen1/Z (sky130_fd_sc_hd__einvp_2)
     1    0.010784                                       ringosc_dstage_0__id_d1 (net)
                      0.102036    0.000066   11.669799 v ringosc_dstage_0__id_delayint0/A (sky130_fd_sc_hd__clkinv_1)
                      0.061846    0.101871   11.771669 ^ ringosc_dstage_0__id_delayint0/Y (sky130_fd_sc_hd__clkinv_1)
     1    0.005299                                       ringosc_dstage_0__id_d2 (net)
                      0.061846    0.000064   11.771733 ^ ringosc_dstage_0__id_delayen0/A (sky130_fd_sc_hd__einvp_2)
                      0.139262    0.150650   11.922383 v ringosc_dstage_0__id_delayen0/Z (sky130_fd_sc_hd__einvp_2)
     1    0.016031                                       ringosc_d[1] (net)
                      0.139262    0.000093   11.922477 v ringosc_dstage_1__id_delaybuf0/A (sky130_fd_sc_hd__clkbuf_2)
                      0.201600    0.357588   12.280065 v ringosc_dstage_1__id_delaybuf0/X (sky130_fd_sc_hd__clkbuf_2)
     3    0.028256                                       ringosc_dstage_1__id_ts (net)
                      0.201600    0.000221   12.280286 v ringosc_dstage_1__id_delaybuf1/A (sky130_fd_sc_hd__clkbuf_1)
                      0.076873    0.258120   12.538405 v ringosc_dstage_1__id_delaybuf1/X (sky130_fd_sc_hd__clkbuf_1)
     1    0.005386                                       ringosc_dstage_1__id_d0 (net)
                      0.076873    0.000075   12.538481 v ringosc_dstage_1__id_delayen1/A (sky130_fd_sc_hd__einvp_2)
                      0.199073    0.202732   12.741213 ^ ringosc_dstage_1__id_delayen1/Z (sky130_fd_sc_hd__einvp_2)
     1    0.011209                                       ringosc_dstage_1__id_d1 (net)
                      0.199073    0.000036   12.741249 ^ ringosc_dstage_1__id_delayint0/A (sky130_fd_sc_hd__clkinv_1)
                      0.091863    0.179930   12.921179 v ringosc_dstage_1__id_delayint0/Y (sky130_fd_sc_hd__clkinv_1)
     1    0.004342                                       ringosc_dstage_1__id_d2 (net)
                      0.091863    0.000020   12.921199 v ringosc_dstage_1__id_delayen0/A (sky130_fd_sc_hd__einvp_2)
                      0.281704    0.273186   13.194385 ^ ringosc_dstage_1__id_delayen0/Z (sky130_fd_sc_hd__einvp_2)
     1    0.015818                                       ringosc_d[2] (net)
                      0.281704    0.000093   13.194478 ^ ringosc_dstage_2__id_delaybuf0/A (sky130_fd_sc_hd__clkbuf_2)
                      0.265717    0.446870   13.641348 ^ ringosc_dstage_2__id_delaybuf0/X (sky130_fd_sc_hd__clkbuf_2)
     3    0.030634                                       ringosc_dstage_2__id_ts (net)
                      0.265717    0.000166   13.641514 ^ ringosc_dstage_2__id_delaybuf1/A (sky130_fd_sc_hd__clkbuf_1)
                      0.117816    0.269684   13.911198 ^ ringosc_dstage_2__id_delaybuf1/X (sky130_fd_sc_hd__clkbuf_1)
     1    0.005124                                       ringosc_dstage_2__id_d0 (net)
                      0.117816    0.000034   13.911232 ^ ringosc_dstage_2__id_delayen1/A (sky130_fd_sc_hd__einvp_2)
                      0.128305    0.144061   14.055292 v ringosc_dstage_2__id_delayen1/Z (sky130_fd_sc_hd__einvp_2)
     1    0.011589                                       ringosc_dstage_2__id_d1 (net)
                      0.128305    0.000097   14.055389 v ringosc_dstage_2__id_delayint0/A (sky130_fd_sc_hd__clkinv_1)
                      0.062859    0.109656   14.165046 ^ ringosc_dstage_2__id_delayint0/Y (sky130_fd_sc_hd__clkinv_1)
     1    0.004766                                       ringosc_dstage_2__id_d2 (net)
                      0.062859    0.000043   14.165088 ^ ringosc_dstage_2__id_delayen0/A (sky130_fd_sc_hd__einvp_2)
                      0.137359    0.149684   14.314772 v ringosc_dstage_2__id_delayen0/Z (sky130_fd_sc_hd__einvp_2)
     1    0.015821                                       ringosc_d[3] (net)
                      0.137359    0.000148   14.314920 v ringosc_dstage_3__id_delaybuf0/A (sky130_fd_sc_hd__clkbuf_2)
                      0.194666    0.351396   14.666317 v ringosc_dstage_3__id_delaybuf0/X (sky130_fd_sc_hd__clkbuf_2)
     3    0.027204                                       ringosc_dstage_3__id_ts (net)
                      0.194666    0.000204   14.666521 v ringosc_dstage_3__id_delaybuf1/A (sky130_fd_sc_hd__clkbuf_1)
                      0.077054    0.254826   14.921347 v ringosc_dstage_3__id_delaybuf1/X (sky130_fd_sc_hd__clkbuf_1)
     1    0.005406                                       ringosc_dstage_3__id_d0 (net)
                      0.077054    0.000053   14.921400 v ringosc_dstage_3__id_delayen1/A (sky130_fd_sc_hd__einvp_2)
                      0.226789    0.222837   15.144237 ^ ringosc_dstage_3__id_delayen1/Z (sky130_fd_sc_hd__einvp_2)
     1    0.012631                                       ringosc_dstage_3__id_d1 (net)
                      0.226789    0.000114   15.144350 ^ ringosc_dstage_3__id_delayint0/A (sky130_fd_sc_hd__clkinv_1)
                      0.106910    0.207354   15.351705 v ringosc_dstage_3__id_delayint0/Y (sky130_fd_sc_hd__clkinv_1)
     1    0.005600                                       ringosc_dstage_3__id_d2 (net)
                      0.106910    0.000076   15.351781 v ringosc_dstage_3__id_delayen0/A (sky130_fd_sc_hd__einvp_2)
                      0.264555    0.266075   15.617856 ^ ringosc_dstage_3__id_delayen0/Z (sky130_fd_sc_hd__einvp_2)
     1    0.014844                                       ringosc_d[4] (net)
                      0.264555    0.000041   15.617897 ^ ringosc_dstage_4__id_delaybuf0/A (sky130_fd_sc_hd__clkbuf_2)
                      0.262844    0.437998   16.055895 ^ ringosc_dstage_4__id_delaybuf0/X (sky130_fd_sc_hd__clkbuf_2)
     3    0.030294                                       ringosc_dstage_4__id_ts (net)
                      0.262845    0.000300   16.056194 ^ ringosc_dstage_4__id_delaybuf1/A (sky130_fd_sc_hd__clkbuf_1)
                      0.121418    0.274440   16.330635 ^ ringosc_dstage_4__id_delaybuf1/X (sky130_fd_sc_hd__clkbuf_1)
     1    0.005534                                       ringosc_dstage_4__id_d0 (net)
                      0.121418    0.000071   16.330706 ^ ringosc_dstage_4__id_delayen1/A (sky130_fd_sc_hd__einvp_2)
                      0.104755    0.145484   16.476191 v ringosc_dstage_4__id_delayen1/Z (sky130_fd_sc_hd__einvp_2)
     1    0.011574                                       ringosc_dstage_4__id_d1 (net)
                      0.104755    0.000114   16.476303 v ringosc_dstage_4__id_delayint0/A (sky130_fd_sc_hd__clkinv_1)
                      0.060083    0.099359   16.575663 ^ ringosc_dstage_4__id_delayint0/Y (sky130_fd_sc_hd__clkinv_1)
     1    0.004735                                       ringosc_dstage_4__id_d2 (net)
                      0.060083    0.000021   16.575684 ^ ringosc_dstage_4__id_delayen0/A (sky130_fd_sc_hd__einvp_2)
                      0.136901    0.147802   16.723486 v ringosc_dstage_4__id_delayen0/Z (sky130_fd_sc_hd__einvp_2)
     1    0.015719                                       ringosc_d[5] (net)
                      0.136901    0.000128   16.723614 v ringosc_dstage_5__id_delaybuf0/A (sky130_fd_sc_hd__clkbuf_2)
                      0.200111    0.355406   17.079020 v ringosc_dstage_5__id_delaybuf0/X (sky130_fd_sc_hd__clkbuf_2)
     3    0.028035                                       ringosc_dstage_5__id_ts (net)
                      0.200111    0.000210   17.079229 v ringosc_dstage_5__id_delaybuf1/A (sky130_fd_sc_hd__clkbuf_1)
                      0.070643    0.249983   17.329212 v ringosc_dstage_5__id_delaybuf1/X (sky130_fd_sc_hd__clkbuf_1)
     1    0.004538                                       ringosc_dstage_5__id_d0 (net)
                      0.070643    0.000025   17.329237 v ringosc_dstage_5__id_delayen1/A (sky130_fd_sc_hd__einvp_2)
                      0.211941    0.208995   17.538233 ^ ringosc_dstage_5__id_delayen1/Z (sky130_fd_sc_hd__einvp_2)
     1    0.011811                                       ringosc_dstage_5__id_d1 (net)
                      0.211941    0.000130   17.538363 ^ ringosc_dstage_5__id_delayint0/A (sky130_fd_sc_hd__clkinv_1)
                      0.094932    0.191301   17.729664 v ringosc_dstage_5__id_delayint0/Y (sky130_fd_sc_hd__clkinv_1)
     1    0.004778                                       ringosc_dstage_5__id_d2 (net)
                      0.094932    0.000053   17.729717 v ringosc_dstage_5__id_delayen0/A (sky130_fd_sc_hd__einvp_2)
                      0.440434    0.397355   18.127071 ^ ringosc_dstage_5__id_delayen0/Z (sky130_fd_sc_hd__einvp_2)
     2    0.024782                                       ringosc_d[6] (net)
                      0.440434    0.000302   18.127375 ^ ringosc_ibufp10/A (sky130_fd_sc_hd__clkinv_2)
                      0.183965    0.337863   18.465237 v ringosc_ibufp10/Y (sky130_fd_sc_hd__clkinv_2)
     1    0.019287                                       ringosc_c[1] (net)
                      0.183965    0.000178   18.465414 v ringosc_ibufp11/A (sky130_fd_sc_hd__clkinv_8)
                      0.345002    0.361917   18.827332 ^ ringosc_ibufp11/Y (sky130_fd_sc_hd__clkinv_8)
     1    0.205396                                       clockp[1] (net)
                      0.345137    0.005977   18.833309 ^ clockp[1] (out)
                                             18.833309   data arrival time

                      0.000000   20.000000   20.000000   clock VIRTUAL_CLK (rise edge)
                                  0.000000   20.000000   clock network delay (ideal)
                                  0.000000   20.000000   clock reconvergence pessimism
                                 -3.000000   17.000000   output external delay
                                             17.000000   data required time
---------------------------------------------------------------------------------------------
                                             17.000000   data required time
                                            -18.833309   data arrival time
---------------------------------------------------------------------------------------------
                                             -1.833309   slack (VIOLATED)


Startpoint: dll_control_count0_reg_1_
            (rising edge-triggered flip-flop clocked by dll_control_clock)
Endpoint: dll_control_tval_reg_6_
          (rising edge-triggered flip-flop clocked by dll_control_clock)
Path Group: dll_control_clock
Path Type: max

Fanout         Cap        Slew       Delay        Time   Description
---------------------------------------------------------------------------------------------
                                  0.000000    0.000000   clock dll_control_clock (rise edge)
                                  0.000000    0.000000   clock source latency
                      0.461355    0.000000    0.000000 ^ ringosc_ibufp01/Y (sky130_fd_sc_hd__clkinv_8)
    24    0.274676                                       clockp[0] (net)
                      0.462425    0.019309    0.019309 ^ dll_control_count0_reg_1_/CLK (sky130_fd_sc_hd__dfrtp_2)
                      0.157074    1.131334    1.150643 v dll_control_count0_reg_1_/Q (sky130_fd_sc_hd__dfrtp_2)
     5    0.021475                                       dll_control_count0[1] (net)
                      0.157074    0.000278    1.150921 v U229/CIN (sky130_fd_sc_hd__fa_1)
                      0.213957    1.147560    2.298480 v U229/SUM (sky130_fd_sc_hd__fa_1)
     2    0.008670                                       n129 (net)
                      0.213957    0.000056    2.298537 v U226/B (sky130_fd_sc_hd__xnor2_1)
                      0.132357    0.319116    2.617653 v U226/Y (sky130_fd_sc_hd__xnor2_1)
     2    0.005680                                       n153 (net)
                      0.132357    0.000049    2.617702 v U228/A2 (sky130_fd_sc_hd__o21ai_1)
                      0.189527    0.243571    2.861273 ^ U228/Y (sky130_fd_sc_hd__o21ai_1)
     1    0.003566                                       n137 (net)
                      0.189527    0.000043    2.861316 ^ U233/A1 (sky130_fd_sc_hd__a21oi_1)
                      0.099908    0.177571    3.038887 v U233/Y (sky130_fd_sc_hd__a21oi_1)
     1    0.002872                                       n141 (net)
                      0.099908    0.000030    3.038917 v U235/A2 (sky130_fd_sc_hd__o21ai_1)
                      0.194431    0.233344    3.272260 ^ U235/Y (sky130_fd_sc_hd__o21ai_1)
     1    0.003736                                       n147 (net)
                      0.194431    0.000051    3.272311 ^ U240/A1 (sky130_fd_sc_hd__a21oi_1)
                      0.127471    0.205041    3.477352 v U240/Y (sky130_fd_sc_hd__a21oi_1)
     1    0.004865                                       n148 (net)
                      0.127471    0.000052    3.477404 v U241/B (sky130_fd_sc_hd__nand2b_2)
                      0.155490    0.201766    3.679170 ^ U241/Y (sky130_fd_sc_hd__nand2b_2)
     2    0.016314                                       n165 (net)
                      0.155491    0.000353    3.679523 ^ U138/A (sky130_fd_sc_hd__clkinv_4)
                      0.159932    0.214019    3.893542 v U138/Y (sky130_fd_sc_hd__clkinv_4)
    13    0.043318                                       n202 (net)
                      0.159933    0.000476    3.894017 v U267/B (sky130_fd_sc_hd__nor2_1)
                      0.376950    0.376581    4.270598 ^ U267/Y (sky130_fd_sc_hd__nor2_1)
     2    0.011560                                       n183 (net)
                      0.376950    0.000094    4.270692 ^ U269/A2 (sky130_fd_sc_hd__o21ai_2)
                      0.136222    0.264081    4.534773 v U269/Y (sky130_fd_sc_hd__o21ai_2)
     2    0.012322                                       n192 (net)
                      0.136223    0.000212    4.534986 v U273/A2 (sky130_fd_sc_hd__a21oi_2)
                      0.286891    0.377225    4.912211 ^ U273/Y (sky130_fd_sc_hd__a21oi_2)
     3    0.012444                                       n211 (net)
                      0.286891    0.000130    4.912341 ^ U307/A2 (sky130_fd_sc_hd__o21ai_1)
                      0.132377    0.233561    5.145902 v U307/Y (sky130_fd_sc_hd__o21ai_1)
     1    0.005639                                       n213 (net)
                      0.132377    0.000075    5.145977 v U308/B (sky130_fd_sc_hd__xnor2_1)
                      0.244771    0.290638    5.436615 ^ U308/Y (sky130_fd_sc_hd__xnor2_1)
     1    0.004361                                       n215 (net)
                      0.244771    0.000064    5.436678 ^ U309/A (sky130_fd_sc_hd__nand2_1)
                      0.097575    0.180534    5.617213 v U309/Y (sky130_fd_sc_hd__nand2_1)
     1    0.003475                                       n216 (net)
                      0.097575    0.000046    5.617259 v U310/B1 (sky130_fd_sc_hd__o21ai_1)
                      0.160781    0.135944    5.753203 ^ U310/Y (sky130_fd_sc_hd__o21ai_1)
     1    0.002584                                       n72 (net)
                      0.160781    0.000017    5.753220 ^ dll_control_tval_reg_6_/D (sky130_fd_sc_hd__dfrtp_4)
                                              5.753220   data arrival time

                                  4.670000    4.670000   clock dll_control_clock (rise edge)
                                  0.000000    4.670000   clock source latency
                      0.461355    0.000000    4.670000 ^ ringosc_ibufp01/Y (sky130_fd_sc_hd__clkinv_8)
    24    0.274676                                       clockp[0] (net)
                      0.462605    0.018833    4.688833 ^ dll_control_tval_reg_6_/CLK (sky130_fd_sc_hd__dfrtp_4)
                                 -0.100000    4.588833   clock uncertainty
                                  0.000000    4.588833   clock reconvergence pessimism
                                 -0.090107    4.498726   library setup time
                                              4.498726   data required time
---------------------------------------------------------------------------------------------
                                              4.498726   data required time
                                             -5.753220   data arrival time
---------------------------------------------------------------------------------------------
                                             -1.254494   slack (VIOLATED)




===========================================================================
 report_check_types -max_slew -max_cap -max_fanout -violators
============================================================================
======================= min_ss_100C_1v60 Corner ===================================

max fanout

Pin                                   Limit Fanout  Slack
---------------------------------------------------------
fanout2/X                                20     32    -12 (VIOLATED)
ringosc_ibufp01/Y                        20     23     -3 (VIOLATED)



===========================================================================
report_parasitic_annotation -report_unannotated
============================================================================
Found 2 unannotated drivers.
 U140/LO
 ringosc_iss_const1/LO
Found 0 partially unannotated drivers.

===========================================================================
max slew violation count 0
max fanout violation count 2
max cap violation count 0
============================================================================

===========================================================================
check_setup -verbose -unconstrained_endpoints -multiple_clock -no_clock -no_input_delay -loops -generated_clocks
===========================================================================
