****************************************
Report : constraint
	-all_violators
	-path slack_only
Design : housekeeping_alt
Version: T-2022.03-SP3
Date   : Thu Jun  1 06:56:11 2023
****************************************






   max_transition

                             Required        Actual
   Pin                      Transition     Transition        Slack
   -----------------------------------------------------------------
   fanout576/A                0.7500         0.9510        -0.2010  (VIOLATED)
   ANTENNA_fanout576_A/DIODE   0.7500        0.9508        -0.2008  (VIOLATED)
   ANTENNA_fanout577_A/DIODE   0.7500        0.9484        -0.1984  (VIOLATED)
   fanout577/A                0.7500         0.9484        -0.1984  (VIOLATED)
   ANTENNA_fanout578_A/DIODE   0.7500        0.9484        -0.1984  (VIOLATED)
   fanout578/A                0.7500         0.9484        -0.1984  (VIOLATED)
   ANTENNA_fanout580_A/DIODE   0.7500        0.9481        -0.1981  (VIOLATED)
   fanout580/A                0.7500         0.9481        -0.1981  (VIOLATED)
   fanout582/A                0.7500         0.9481        -0.1981  (VIOLATED)
   ANTENNA_fanout582_A/DIODE   0.7500        0.9481        -0.1981  (VIOLATED)
   ANTENNA_fanout581_A/DIODE   0.7500        0.9481        -0.1981  (VIOLATED)
   fanout581/A                0.7500         0.9481        -0.1981  (VIOLATED)
   hold1567/X                 0.7500         0.9479        -0.1979  (VIOLATED)
   ANTENNA__6214__A2_N/DIODE   0.7500        0.9233        -0.1733  (VIOLATED)
   _6214_/A2_N                0.7500         0.9233        -0.1733  (VIOLATED)
   _6212_/Y                   0.7500         0.9218        -0.1718  (VIOLATED)
   ANTENNA_fanout559_A/DIODE   0.7500        0.8502        -0.1002  (VIOLATED)
   fanout560/A                0.7500         0.8475        -0.0975  (VIOLATED)
   ANTENNA_fanout560_A/DIODE   0.7500        0.8475        -0.0975  (VIOLATED)
   fanout559/A                0.7500         0.8475        -0.0975  (VIOLATED)
   ANTENNA_fanout566_A/DIODE   0.7500        0.8475        -0.0975  (VIOLATED)
   fanout566/A                0.7500         0.8475        -0.0975  (VIOLATED)
   ANTENNA__5726__A1/DIODE    0.7500         0.8473        -0.0973  (VIOLATED)
   _5726_/A1                  0.7500         0.8473        -0.0973  (VIOLATED)
   ANTENNA_fanout561_A/DIODE   0.7500        0.8473        -0.0973  (VIOLATED)
   fanout561/A                0.7500         0.8473        -0.0973  (VIOLATED)
   hold1434/X                 0.7500         0.8473        -0.0973  (VIOLATED)
   ANTENNA__4446__A1/DIODE    0.7500         0.8282        -0.0782  (VIOLATED)
   _4446_/A1                  0.7500         0.8282        -0.0782  (VIOLATED)
   _4418_/A1                  0.7500         0.8282        -0.0782  (VIOLATED)
   ANTENNA__4418__A1/DIODE    0.7500         0.8282        -0.0782  (VIOLATED)
   fanout550/A                0.7500         0.8282        -0.0782  (VIOLATED)
   ANTENNA_fanout550_A/DIODE   0.7500        0.8282        -0.0782  (VIOLATED)
   ANTENNA_fanout549_A/DIODE   0.7500        0.8282        -0.0782  (VIOLATED)
   fanout549/A                0.7500         0.8282        -0.0782  (VIOLATED)
   ANTENNA_fanout548_A/DIODE   0.7500        0.8280        -0.0780  (VIOLATED)
   fanout548/A                0.7500         0.8279        -0.0779  (VIOLATED)
   hold1427/X                 0.7500         0.8276        -0.0776  (VIOLATED)
   ANTENNA_11/DIODE           0.7500         0.8233        -0.0733  (VIOLATED)
   _3921_/D                   0.7500         0.8233        -0.0733  (VIOLATED)
   _3920_/Y                   0.7500         0.8212        -0.0712  (VIOLATED)
   ANTENNA_fanout544_A/DIODE   0.7500        0.8093        -0.0593  (VIOLATED)
   fanout544/A                0.7500         0.8093        -0.0593  (VIOLATED)
   _4447_/A1                  0.7500         0.8091        -0.0591  (VIOLATED)
   ANTENNA__4447__A1/DIODE    0.7500         0.8091        -0.0591  (VIOLATED)
   _4420_/A1                  0.7500         0.8091        -0.0591  (VIOLATED)
   ANTENNA__4420__A1/DIODE    0.7500         0.8091        -0.0591  (VIOLATED)
   ANTENNA_fanout545_A/DIODE   0.7500        0.8090        -0.0590  (VIOLATED)
   fanout545/A                0.7500         0.8090        -0.0590  (VIOLATED)
   hold1440/X                 0.7500         0.8090        -0.0590  (VIOLATED)
   wire350/A                  0.7500         0.7558        -0.0058  (VIOLATED)
   _6733_/Y                   0.7500         0.7540        -0.0040  (VIOLATED)


1
