OpenROAD 944855835623e651e7b9c7c50efcce1fb04b4fee 
This program is licensed under the BSD-3 license. See the LICENSE file for details.
Components of this program may be licensed under more restrictive licenses which must be honored.
[WARNING STA-0060] /home/kareem_farid/fresh/pdks_with_sram/sky130A/libs.ref/sky130_fd_sc_hvl/lib/sky130_fd_sc_hvl__tt_025C_3v30_lv1v80.lib line 1, default_operating_condition tt_025C_3v30_lv1v80 not found.

exec python3 /openlane/scripts/mergeLef.py  --inputLef /home/kareem_farid/fresh/pdks_with_sram/sky130A/libs.ref//sky130_fd_sc_hd/techlef/sky130_fd_sc_hd__nom.tlef /home/kareem_farid/fresh/pdks_with_sram/sky130A/libs.ref//sky130_fd_sc_hd/lef/sky130_fd_sc_hd.lef /home/kareem_farid/fresh/pdks_with_sram/sky130A/libs.ref//sky130_fd_io/lef/sky130_fd_io.lef /home/kareem_farid/fresh/pdks_with_sram/sky130A/libs.ref//sky130_fd_io/lef/sky130_ef_io.lef  --outputLef /home/kareem_farid/fresh/caravel_timing//tmp/merged_lef-nom.lef

[INFO ODB-0222] Reading LEF file: /home/kareem_farid/fresh/caravel_timing/tmp/merged_lef-nom.lef
[INFO ODB-0223]     Created 13 technology layers
[INFO ODB-0224]     Created 25 technology vias
[INFO ODB-0225]     Created 498 library cells
[INFO ODB-0226] Finished LEF file:  /home/kareem_farid/fresh/caravel_timing/tmp/merged_lef-nom.lef
[INFO ODB-0222] Reading LEF file: /home/kareem_farid/fresh/pdks_with_sram/sky130A/libs.ref/sky130_sram_macros/lef/sky130_sram_2kbyte_1rw1r_32x512_8.lef
[INFO ODB-0225]     Created 1 library cells
[INFO ODB-0226] Finished LEF file:  /home/kareem_farid/fresh/pdks_with_sram/sky130A/libs.ref/sky130_sram_macros/lef/sky130_sram_2kbyte_1rw1r_32x512_8.lef
[INFO ODB-0222] Reading LEF file: /home/kareem_farid/fresh/caravel_timing/lef/mprj_logic_high.lef
[WARNING ODB-0220] WARNING (LEFPARS-2008): NOWIREEXTENSIONATPIN statement is obsolete in version 5.6 or later.
The NOWIREEXTENSIONATPIN statement will be ignored. See file /home/kareem_farid/fresh/caravel_timing/lef/mprj_logic_high.lef at line 2.

[INFO ODB-0225]     Created 1 library cells
[INFO ODB-0226] Finished LEF file:  /home/kareem_farid/fresh/caravel_timing/lef/mprj_logic_high.lef
[INFO ODB-0222] Reading LEF file: /home/kareem_farid/fresh/caravel_timing/lef/user_id_programming.lef
[WARNING ODB-0220] WARNING (LEFPARS-2008): NOWIREEXTENSIONATPIN statement is obsolete in version 5.6 or later.
The NOWIREEXTENSIONATPIN statement will be ignored. See file /home/kareem_farid/fresh/caravel_timing/lef/user_id_programming.lef at line 2.

[INFO ODB-0225]     Created 1 library cells
[INFO ODB-0226] Finished LEF file:  /home/kareem_farid/fresh/caravel_timing/lef/user_id_programming.lef
[INFO ODB-0222] Reading LEF file: /home/kareem_farid/fresh/caravel_timing/lef/user_analog_project_wrapper_empty.lef
[WARNING ODB-0220] WARNING (LEFPARS-2008): NOWIREEXTENSIONATPIN statement is obsolete in version 5.6 or later.
The NOWIREEXTENSIONATPIN statement will be ignored. See file /home/kareem_farid/fresh/caravel_timing/lef/user_analog_project_wrapper_empty.lef at line 2.

[INFO ODB-0225]     Created 1 library cells
[INFO ODB-0226] Finished LEF file:  /home/kareem_farid/fresh/caravel_timing/lef/user_analog_project_wrapper_empty.lef
[INFO ODB-0222] Reading LEF file: /home/kareem_farid/fresh/caravel_timing/lef/digital_pll.lef
[WARNING ODB-0220] WARNING (LEFPARS-2008): NOWIREEXTENSIONATPIN statement is obsolete in version 5.6 or later.
The NOWIREEXTENSIONATPIN statement will be ignored. See file /home/kareem_farid/fresh/caravel_timing/lef/digital_pll.lef at line 2.

[INFO ODB-0225]     Created 1 library cells
[INFO ODB-0226] Finished LEF file:  /home/kareem_farid/fresh/caravel_timing/lef/digital_pll.lef
[INFO ODB-0222] Reading LEF file: /home/kareem_farid/fresh/caravel_timing/lef/gpio_defaults_block.lef
[WARNING ODB-0220] WARNING (LEFPARS-2008): NOWIREEXTENSIONATPIN statement is obsolete in version 5.6 or later.
The NOWIREEXTENSIONATPIN statement will be ignored. See file /home/kareem_farid/fresh/caravel_timing/lef/gpio_defaults_block.lef at line 2.

[INFO ODB-0225]     Created 1 library cells
[INFO ODB-0226] Finished LEF file:  /home/kareem_farid/fresh/caravel_timing/lef/gpio_defaults_block.lef
[INFO ODB-0222] Reading LEF file: /home/kareem_farid/fresh/caravel_timing/lef/housekeeping.lef
[WARNING ODB-0220] WARNING (LEFPARS-2008): NOWIREEXTENSIONATPIN statement is obsolete in version 5.6 or later.
The NOWIREEXTENSIONATPIN statement will be ignored. See file /home/kareem_farid/fresh/caravel_timing/lef/housekeeping.lef at line 2.

[INFO ODB-0225]     Created 1 library cells
[INFO ODB-0226] Finished LEF file:  /home/kareem_farid/fresh/caravel_timing/lef/housekeeping.lef
[INFO ODB-0222] Reading LEF file: /home/kareem_farid/fresh/caravel_timing/lef/gpio_control_block.lef
[WARNING ODB-0220] WARNING (LEFPARS-2008): NOWIREEXTENSIONATPIN statement is obsolete in version 5.6 or later.
The NOWIREEXTENSIONATPIN statement will be ignored. See file /home/kareem_farid/fresh/caravel_timing/lef/gpio_control_block.lef at line 2.

[INFO ODB-0225]     Created 1 library cells
[INFO ODB-0226] Finished LEF file:  /home/kareem_farid/fresh/caravel_timing/lef/gpio_control_block.lef
[INFO ODB-0222] Reading LEF file: /home/kareem_farid/fresh/caravel_timing/lef/chip_io_alt.lef
[WARNING ODB-0220] WARNING (LEFPARS-2008): NOWIREEXTENSIONATPIN statement is obsolete in version 5.6 or later.
The NOWIREEXTENSIONATPIN statement will be ignored. See file /home/kareem_farid/fresh/caravel_timing/lef/chip_io_alt.lef at line 2.

[INFO ODB-0225]     Created 1 library cells
[INFO ODB-0226] Finished LEF file:  /home/kareem_farid/fresh/caravel_timing/lef/chip_io_alt.lef
[INFO ODB-0222] Reading LEF file: /home/kareem_farid/fresh/caravel_timing/lef/mgmt_protect.lef
[WARNING ODB-0220] WARNING (LEFPARS-2008): NOWIREEXTENSIONATPIN statement is obsolete in version 5.6 or later.
The NOWIREEXTENSIONATPIN statement will be ignored. See file /home/kareem_farid/fresh/caravel_timing/lef/mgmt_protect.lef at line 2.

[INFO ODB-0225]     Created 1 library cells
[INFO ODB-0226] Finished LEF file:  /home/kareem_farid/fresh/caravel_timing/lef/mgmt_protect.lef
[INFO ODB-0222] Reading LEF file: /home/kareem_farid/fresh/caravel_timing/lef/gpio_logic_high.lef
[WARNING ODB-0220] WARNING (LEFPARS-2008): NOWIREEXTENSIONATPIN statement is obsolete in version 5.6 or later.
The NOWIREEXTENSIONATPIN statement will be ignored. See file /home/kareem_farid/fresh/caravel_timing/lef/gpio_logic_high.lef at line 2.

[INFO ODB-0225]     Created 1 library cells
[INFO ODB-0226] Finished LEF file:  /home/kareem_farid/fresh/caravel_timing/lef/gpio_logic_high.lef
[INFO ODB-0222] Reading LEF file: /home/kareem_farid/fresh/caravel_timing/lef/user_project_wrapper.lef
[WARNING ODB-0220] WARNING (LEFPARS-2008): NOWIREEXTENSIONATPIN statement is obsolete in version 5.6 or later.
The NOWIREEXTENSIONATPIN statement will be ignored. See file /home/kareem_farid/fresh/caravel_timing/lef/user_project_wrapper.lef at line 2.

[INFO ODB-0225]     Created 1 library cells
[INFO ODB-0226] Finished LEF file:  /home/kareem_farid/fresh/caravel_timing/lef/user_project_wrapper.lef
[INFO ODB-0222] Reading LEF file: /home/kareem_farid/fresh/caravel_timing/lef/spare_logic_block.lef
[WARNING ODB-0220] WARNING (LEFPARS-2008): NOWIREEXTENSIONATPIN statement is obsolete in version 5.6 or later.
The NOWIREEXTENSIONATPIN statement will be ignored. See file /home/kareem_farid/fresh/caravel_timing/lef/spare_logic_block.lef at line 2.

[INFO ODB-0225]     Created 1 library cells
[INFO ODB-0226] Finished LEF file:  /home/kareem_farid/fresh/caravel_timing/lef/spare_logic_block.lef
[INFO ODB-0222] Reading LEF file: /home/kareem_farid/fresh/caravel_timing/lef/xres_buf.lef
[WARNING ODB-0220] WARNING (LEFPARS-2008): NOWIREEXTENSIONATPIN statement is obsolete in version 5.6 or later.
The NOWIREEXTENSIONATPIN statement will be ignored. See file /home/kareem_farid/fresh/caravel_timing/lef/xres_buf.lef at line 2.

[INFO ODB-0225]     Created 1 library cells
[INFO ODB-0226] Finished LEF file:  /home/kareem_farid/fresh/caravel_timing/lef/xres_buf.lef
[INFO ODB-0222] Reading LEF file: /home/kareem_farid/fresh/caravel_timing/lef/caravel_clocking.lef
[WARNING ODB-0220] WARNING (LEFPARS-2008): NOWIREEXTENSIONATPIN statement is obsolete in version 5.6 or later.
The NOWIREEXTENSIONATPIN statement will be ignored. See file /home/kareem_farid/fresh/caravel_timing/lef/caravel_clocking.lef at line 2.

[INFO ODB-0225]     Created 1 library cells
[INFO ODB-0226] Finished LEF file:  /home/kareem_farid/fresh/caravel_timing/lef/caravel_clocking.lef
[INFO ODB-0222] Reading LEF file: /home/kareem_farid/fresh/caravel_timing/lef/simple_por.lef
[WARNING ODB-0220] WARNING (LEFPARS-2008): NOWIREEXTENSIONATPIN statement is obsolete in version 5.6 or later.
The NOWIREEXTENSIONATPIN statement will be ignored. See file /home/kareem_farid/fresh/caravel_timing/lef/simple_por.lef at line 2.

[INFO ODB-0225]     Created 1 library cells
[INFO ODB-0226] Finished LEF file:  /home/kareem_farid/fresh/caravel_timing/lef/simple_por.lef
[INFO ODB-0222] Reading LEF file: /home/kareem_farid/fresh/caravel_timing/lef/mgmt_protect_hv.lef
[WARNING ODB-0220] WARNING (LEFPARS-2008): NOWIREEXTENSIONATPIN statement is obsolete in version 5.6 or later.
The NOWIREEXTENSIONATPIN statement will be ignored. See file /home/kareem_farid/fresh/caravel_timing/lef/mgmt_protect_hv.lef at line 2.

[INFO ODB-0225]     Created 1 library cells
[INFO ODB-0226] Finished LEF file:  /home/kareem_farid/fresh/caravel_timing/lef/mgmt_protect_hv.lef
[INFO ODB-0222] Reading LEF file: /home/kareem_farid/fresh/caravel_timing/lef/mprj2_logic_high.lef
[WARNING ODB-0220] WARNING (LEFPARS-2008): NOWIREEXTENSIONATPIN statement is obsolete in version 5.6 or later.
The NOWIREEXTENSIONATPIN statement will be ignored. See file /home/kareem_farid/fresh/caravel_timing/lef/mprj2_logic_high.lef at line 2.

[INFO ODB-0225]     Created 1 library cells
[INFO ODB-0226] Finished LEF file:  /home/kareem_farid/fresh/caravel_timing/lef/mprj2_logic_high.lef
[INFO ODB-0222] Reading LEF file: /home/kareem_farid/fresh/caravel_timing/lef/user_project_wrapper_empty.lef
[WARNING ODB-0220] WARNING (LEFPARS-2008): NOWIREEXTENSIONATPIN statement is obsolete in version 5.6 or later.
The NOWIREEXTENSIONATPIN statement will be ignored. See file /home/kareem_farid/fresh/caravel_timing/lef/user_project_wrapper_empty.lef at line 2.

[INFO ODB-0225]     Created 1 library cells
[INFO ODB-0226] Finished LEF file:  /home/kareem_farid/fresh/caravel_timing/lef/user_project_wrapper_empty.lef
[INFO ODB-0222] Reading LEF file: /home/kareem_farid/fresh/caravel_timing/lef/user_analog_project_wrapper.lef
[WARNING ODB-0220] WARNING (LEFPARS-2008): NOWIREEXTENSIONATPIN statement is obsolete in version 5.6 or later.
The NOWIREEXTENSIONATPIN statement will be ignored. See file /home/kareem_farid/fresh/caravel_timing/lef/user_analog_project_wrapper.lef at line 2.

[INFO ODB-0225]     Created 1 library cells
[INFO ODB-0226] Finished LEF file:  /home/kareem_farid/fresh/caravel_timing/lef/user_analog_project_wrapper.lef
[INFO ODB-0222] Reading LEF file: /home/kareem_farid/fresh/caravel_timing/lef/chip_io.lef
[WARNING ODB-0220] WARNING (LEFPARS-2008): NOWIREEXTENSIONATPIN statement is obsolete in version 5.6 or later.
The NOWIREEXTENSIONATPIN statement will be ignored. See file /home/kareem_farid/fresh/caravel_timing/lef/chip_io.lef at line 2.

[INFO ODB-0225]     Created 1 library cells
[INFO ODB-0226] Finished LEF file:  /home/kareem_farid/fresh/caravel_timing/lef/chip_io.lef
[INFO ODB-0222] Reading LEF file: /home/kareem_farid/fresh/caravel_timing/caravel_mgmt_soc_litex/lef/mgmt_core_wrapper.lef
[WARNING ODB-0220] WARNING (LEFPARS-2008): NOWIREEXTENSIONATPIN statement is obsolete in version 5.6 or later.
The NOWIREEXTENSIONATPIN statement will be ignored. See file /home/kareem_farid/fresh/caravel_timing/caravel_mgmt_soc_litex/lef/mgmt_core_wrapper.lef at line 2.

[INFO ODB-0225]     Created 1 library cells
[INFO ODB-0226] Finished LEF file:  /home/kareem_farid/fresh/caravel_timing/caravel_mgmt_soc_litex/lef/mgmt_core_wrapper.lef
[INFO ODB-0222] Reading LEF file: /home/kareem_farid/fresh/caravel_timing/caravel_mgmt_soc_litex/lef/DFFRAM.lef
[WARNING ODB-0220] WARNING (LEFPARS-2008): NOWIREEXTENSIONATPIN statement is obsolete in version 5.6 or later.
The NOWIREEXTENSIONATPIN statement will be ignored. See file /home/kareem_farid/fresh/caravel_timing/caravel_mgmt_soc_litex/lef/DFFRAM.lef at line 2.

[INFO ODB-0225]     Created 1 library cells
[INFO ODB-0226] Finished LEF file:  /home/kareem_farid/fresh/caravel_timing/caravel_mgmt_soc_litex/lef/DFFRAM.lef
[INFO ODB-0222] Reading LEF file: /home/kareem_farid/fresh/caravel_timing/caravel_mgmt_soc_litex/lef/mgmt_core.lef
[WARNING ODB-0220] WARNING (LEFPARS-2008): NOWIREEXTENSIONATPIN statement is obsolete in version 5.6 or later.
The NOWIREEXTENSIONATPIN statement will be ignored. See file /home/kareem_farid/fresh/caravel_timing/caravel_mgmt_soc_litex/lef/mgmt_core.lef at line 2.

[INFO ODB-0225]     Created 1 library cells
[INFO ODB-0226] Finished LEF file:  /home/kareem_farid/fresh/caravel_timing/caravel_mgmt_soc_litex/lef/mgmt_core.lef
[INFO ODB-0222] Reading LEF file: /home/kareem_farid/fresh/caravel_timing/caravel_user_project/lef/user_proj_example.lef
[WARNING ODB-0220] WARNING (LEFPARS-2008): NOWIREEXTENSIONATPIN statement is obsolete in version 5.6 or later.
The NOWIREEXTENSIONATPIN statement will be ignored. See file /home/kareem_farid/fresh/caravel_timing/caravel_user_project/lef/user_proj_example.lef at line 2.

[INFO ODB-0225]     Created 1 library cells
[INFO ODB-0226] Finished LEF file:  /home/kareem_farid/fresh/caravel_timing/caravel_user_project/lef/user_proj_example.lef
[WARNING ODB-0229] Error: library (user_project_wrapper) already exists
[WARNING ORD-0033] -order_wires is deprecated.
[INFO ODB-0127] Reading DEF file: /home/kareem_farid/fresh/caravel_timing/def/caravan.def
[INFO ODB-0128] Design: caravan
[INFO ODB-0130]     Created 63 pins.
[INFO ODB-0131]     Created 64 components and 5270 component-terminals.
[INFO ODB-0133]     Created 2415 nets and 4965 connections.
[INFO ODB-0134] Finished DEF file: /home/kareem_farid/fresh/caravel_timing/def/caravan.def
[INFO]: Setting output delay to: 5.0
[INFO]: Setting input delay to: 1
[INFO]: Setting load to: 0.033442
[INFO]: Setting timing derate to: 0.5 %
[INFO]: Setting clock uncertainity to: 0.25
[INFO]: Setting clock transition to: 0.15
[WARNING STA-0357] virtual clock __VIRTUAL_CLK__ can not be propagated.
[INFO RCX-0431] Defined process_corner X with ext_model_index 0
[INFO RCX-0029] Defined extraction corner X
[INFO RCX-0008] extracting parasitics of caravan ...
Notice 0: Split top of 81 T shapes.
[INFO RCX-0435] Reading extraction model file /home/kareem_farid/fresh/pdks_with_sram/sky130A/libs.tech//openlane/rules.openrcx.sky130A.nom.spef_extractor ...
[INFO RCX-0436] RC segment generation caravan (max_merge_res 50.0) ...
[WARNING RCX-0114] Net 69 debug_mode does not start from an iterm or a bterm.
[WARNING RCX-0114] Net 70 debug_oeb does not start from an iterm or a bterm.
[WARNING RCX-0114] Net 71 debug_out does not start from an iterm or a bterm.
[WARNING RCX-0114] Net 74 flash_clk_core does not start from an iterm or a bterm.
[WARNING RCX-0114] Net 77 flash_csb_core does not start from an iterm or a bterm.
[WARNING RCX-0114] Net 83 flash_io0_do_core does not start from an iterm or a bterm.
[WARNING RCX-0114] Net 86 flash_io0_oeb_core does not start from an iterm or a bterm.
[WARNING RCX-0114] Net 90 flash_io1_do_core does not start from an iterm or a bterm.
[WARNING RCX-0114] Net 93 flash_io1_oeb_core does not start from an iterm or a bterm.
[WARNING RCX-0114] Net 559 hk_stb_o does not start from an iterm or a bterm.
[WARNING RCX-0114] Net 570 hkspi_sram_data\[0\] does not start from an iterm or a bterm.
[WARNING RCX-0114] Net 571 hkspi_sram_data\[10\] does not start from an iterm or a bterm.
[WARNING RCX-0114] Net 572 hkspi_sram_data\[11\] does not start from an iterm or a bterm.
[WARNING RCX-0114] Net 573 hkspi_sram_data\[12\] does not start from an iterm or a bterm.
[WARNING RCX-0114] Net 574 hkspi_sram_data\[13\] does not start from an iterm or a bterm.
[WARNING RCX-0114] Net 575 hkspi_sram_data\[14\] does not start from an iterm or a bterm.
[WARNING RCX-0114] Net 576 hkspi_sram_data\[15\] does not start from an iterm or a bterm.
[WARNING RCX-0114] Net 577 hkspi_sram_data\[16\] does not start from an iterm or a bterm.
[WARNING RCX-0114] Net 578 hkspi_sram_data\[17\] does not start from an iterm or a bterm.
[WARNING RCX-0114] Net 579 hkspi_sram_data\[18\] does not start from an iterm or a bterm.
[WARNING RCX-0114] Net 580 hkspi_sram_data\[19\] does not start from an iterm or a bterm.
[WARNING RCX-0114] Net 581 hkspi_sram_data\[1\] does not start from an iterm or a bterm.
[WARNING RCX-0114] Net 582 hkspi_sram_data\[20\] does not start from an iterm or a bterm.
[WARNING RCX-0114] Net 583 hkspi_sram_data\[21\] does not start from an iterm or a bterm.
[WARNING RCX-0114] Net 584 hkspi_sram_data\[22\] does not start from an iterm or a bterm.
[WARNING RCX-0114] Net 585 hkspi_sram_data\[23\] does not start from an iterm or a bterm.
[WARNING RCX-0114] Net 586 hkspi_sram_data\[24\] does not start from an iterm or a bterm.
[WARNING RCX-0114] Net 587 hkspi_sram_data\[25\] does not start from an iterm or a bterm.
[WARNING RCX-0114] Net 588 hkspi_sram_data\[26\] does not start from an iterm or a bterm.
[WARNING RCX-0114] Net 589 hkspi_sram_data\[27\] does not start from an iterm or a bterm.
[WARNING RCX-0114] Net 590 hkspi_sram_data\[28\] does not start from an iterm or a bterm.
[WARNING RCX-0114] Net 591 hkspi_sram_data\[29\] does not start from an iterm or a bterm.
[WARNING RCX-0114] Net 592 hkspi_sram_data\[2\] does not start from an iterm or a bterm.
[WARNING RCX-0114] Net 593 hkspi_sram_data\[30\] does not start from an iterm or a bterm.
[WARNING RCX-0114] Net 594 hkspi_sram_data\[31\] does not start from an iterm or a bterm.
[WARNING RCX-0114] Net 595 hkspi_sram_data\[3\] does not start from an iterm or a bterm.
[WARNING RCX-0114] Net 596 hkspi_sram_data\[4\] does not start from an iterm or a bterm.
[WARNING RCX-0114] Net 597 hkspi_sram_data\[5\] does not start from an iterm or a bterm.
[WARNING RCX-0114] Net 598 hkspi_sram_data\[6\] does not start from an iterm or a bterm.
[WARNING RCX-0114] Net 599 hkspi_sram_data\[7\] does not start from an iterm or a bterm.
[WARNING RCX-0114] Net 600 hkspi_sram_data\[8\] does not start from an iterm or a bterm.
[WARNING RCX-0114] Net 601 hkspi_sram_data\[9\] does not start from an iterm or a bterm.
[WARNING RCX-0114] Net 2224 qspi_enabled does not start from an iterm or a bterm.
[WARNING RCX-0114] Net 2228 ser_tx does not start from an iterm or a bterm.
[WARNING RCX-0114] Net 2229 spi_csb does not start from an iterm or a bterm.
[WARNING RCX-0114] Net 2230 spi_enabled does not start from an iterm or a bterm.
[WARNING RCX-0114] Net 2270 spi_sck does not start from an iterm or a bterm.
[WARNING RCX-0114] Net 2272 spi_sdo does not start from an iterm or a bterm.
[WARNING RCX-0114] Net 2273 spi_sdoenb does not start from an iterm or a bterm.
[WARNING RCX-0114] Net 2274 trap does not start from an iterm or a bterm.
[WARNING RCX-0114] Net 2275 uart_enabled does not start from an iterm or a bterm.
[WARNING RCX-0114] Net 2287 user_clamp_high\[0\] does not start from an iterm or a bterm.
[WARNING RCX-0114] Net 2288 user_clamp_high\[1\] does not start from an iterm or a bterm.
[WARNING RCX-0114] Net 2289 user_clamp_high\[2\] does not start from an iterm or a bterm.
[WARNING RCX-0114] Net 2290 user_clamp_low\[0\] does not start from an iterm or a bterm.
[WARNING RCX-0114] Net 2291 user_clamp_low\[1\] does not start from an iterm or a bterm.
[WARNING RCX-0114] Net 2292 user_clamp_low\[2\] does not start from an iterm or a bterm.
[INFO RCX-0040] Final 8795 rc segments
[INFO RCX-0439] Coupling Cap extraction caravan ...
[INFO RCX-0440] Coupling threshhold is 0.1000 fF, coupling capacitance less than 0.1000 fF will be grounded.
[INFO RCX-0043] 12044 wires to be extracted
[INFO RCX-0442] 6% completion -- 828 wires have been extracted
[INFO RCX-0442] 30% completion -- 3673 wires have been extracted
[INFO RCX-0442] 36% completion -- 4362 wires have been extracted
[INFO RCX-0442] 41% completion -- 4947 wires have been extracted
[INFO RCX-0442] 46% completion -- 5593 wires have been extracted
[INFO RCX-0442] 59% completion -- 7223 wires have been extracted
[INFO RCX-0442] 67% completion -- 8186 wires have been extracted
[INFO RCX-0442] 73% completion -- 8909 wires have been extracted
[INFO RCX-0442] 81% completion -- 9765 wires have been extracted
[INFO RCX-0442] 100% completion -- 12044 wires have been extracted
[INFO RCX-0045] Extract 2413 nets, 11139 rsegs, 11139 caps, 11871 ccs
[INFO RCX-0015] Finished extracting caravan.
[INFO RCX-0016] Writing SPEF ...
[INFO RCX-0443] 2415 nets finished
[INFO RCX-0017] Finished writing SPEF ...
spef: /home/kareem_farid/fresh/caravel_timing//spef/caravan_nom.spef
def: /home/kareem_farid/fresh/caravel_timing//def/caravan.def
rcx: /home/kareem_farid/fresh/pdks_with_sram/sky130A/libs.tech//openlane/rules.openrcx.sky130A.nom.spef_extractor
