OpenROAD 944855835623e651e7b9c7c50efcce1fb04b4fee 
This program is licensed under the BSD-3 license. See the LICENSE file for details.
Components of this program may be licensed under more restrictive licenses which must be honored.
[WARNING STA-0060] /home/kareem_farid/fresh/pdks_with_sram/sky130A/libs.ref/sky130_fd_sc_hvl/lib/sky130_fd_sc_hvl__tt_025C_3v30_lv1v80.lib line 1, default_operating_condition tt_025C_3v30_lv1v80 not found.

exec python3 /openlane/scripts/mergeLef.py  --inputLef /home/kareem_farid/fresh/pdks_with_sram/sky130A/libs.ref//sky130_fd_sc_hd/techlef/sky130_fd_sc_hd__nom.tlef /home/kareem_farid/fresh/pdks_with_sram/sky130A/libs.ref//sky130_fd_sc_hd/lef/sky130_fd_sc_hd.lef /home/kareem_farid/fresh/pdks_with_sram/sky130A/libs.ref//sky130_fd_io/lef/sky130_fd_io.lef /home/kareem_farid/fresh/pdks_with_sram/sky130A/libs.ref//sky130_fd_io/lef/sky130_ef_io.lef  --outputLef /home/kareem_farid/fresh/caravel_timing//tmp/merged_lef-nom.lef

[INFO ODB-0222] Reading LEF file: /home/kareem_farid/fresh/caravel_timing/tmp/merged_lef-nom.lef
[INFO ODB-0223]     Created 13 technology layers
[INFO ODB-0224]     Created 25 technology vias
[INFO ODB-0225]     Created 498 library cells
[INFO ODB-0226] Finished LEF file:  /home/kareem_farid/fresh/caravel_timing/tmp/merged_lef-nom.lef
[INFO ODB-0222] Reading LEF file: /home/kareem_farid/fresh/pdks_with_sram/sky130A/libs.ref/sky130_sram_macros/lef/sky130_sram_2kbyte_1rw1r_32x512_8.lef
[INFO ODB-0225]     Created 1 library cells
[INFO ODB-0226] Finished LEF file:  /home/kareem_farid/fresh/pdks_with_sram/sky130A/libs.ref/sky130_sram_macros/lef/sky130_sram_2kbyte_1rw1r_32x512_8.lef
[INFO ODB-0222] Reading LEF file: /home/kareem_farid/fresh/caravel_timing/lef/mprj_logic_high.lef
[WARNING ODB-0220] WARNING (LEFPARS-2008): NOWIREEXTENSIONATPIN statement is obsolete in version 5.6 or later.
The NOWIREEXTENSIONATPIN statement will be ignored. See file /home/kareem_farid/fresh/caravel_timing/lef/mprj_logic_high.lef at line 2.

[INFO ODB-0225]     Created 1 library cells
[INFO ODB-0226] Finished LEF file:  /home/kareem_farid/fresh/caravel_timing/lef/mprj_logic_high.lef
[INFO ODB-0222] Reading LEF file: /home/kareem_farid/fresh/caravel_timing/lef/user_id_programming.lef
[WARNING ODB-0220] WARNING (LEFPARS-2008): NOWIREEXTENSIONATPIN statement is obsolete in version 5.6 or later.
The NOWIREEXTENSIONATPIN statement will be ignored. See file /home/kareem_farid/fresh/caravel_timing/lef/user_id_programming.lef at line 2.

[INFO ODB-0225]     Created 1 library cells
[INFO ODB-0226] Finished LEF file:  /home/kareem_farid/fresh/caravel_timing/lef/user_id_programming.lef
[INFO ODB-0222] Reading LEF file: /home/kareem_farid/fresh/caravel_timing/lef/user_analog_project_wrapper_empty.lef
[WARNING ODB-0220] WARNING (LEFPARS-2008): NOWIREEXTENSIONATPIN statement is obsolete in version 5.6 or later.
The NOWIREEXTENSIONATPIN statement will be ignored. See file /home/kareem_farid/fresh/caravel_timing/lef/user_analog_project_wrapper_empty.lef at line 2.

[INFO ODB-0225]     Created 1 library cells
[INFO ODB-0226] Finished LEF file:  /home/kareem_farid/fresh/caravel_timing/lef/user_analog_project_wrapper_empty.lef
[INFO ODB-0222] Reading LEF file: /home/kareem_farid/fresh/caravel_timing/lef/digital_pll.lef
[WARNING ODB-0220] WARNING (LEFPARS-2008): NOWIREEXTENSIONATPIN statement is obsolete in version 5.6 or later.
The NOWIREEXTENSIONATPIN statement will be ignored. See file /home/kareem_farid/fresh/caravel_timing/lef/digital_pll.lef at line 2.

[INFO ODB-0225]     Created 1 library cells
[INFO ODB-0226] Finished LEF file:  /home/kareem_farid/fresh/caravel_timing/lef/digital_pll.lef
[INFO ODB-0222] Reading LEF file: /home/kareem_farid/fresh/caravel_timing/lef/gpio_defaults_block.lef
[WARNING ODB-0220] WARNING (LEFPARS-2008): NOWIREEXTENSIONATPIN statement is obsolete in version 5.6 or later.
The NOWIREEXTENSIONATPIN statement will be ignored. See file /home/kareem_farid/fresh/caravel_timing/lef/gpio_defaults_block.lef at line 2.

[INFO ODB-0225]     Created 1 library cells
[INFO ODB-0226] Finished LEF file:  /home/kareem_farid/fresh/caravel_timing/lef/gpio_defaults_block.lef
[INFO ODB-0222] Reading LEF file: /home/kareem_farid/fresh/caravel_timing/lef/housekeeping.lef
[WARNING ODB-0220] WARNING (LEFPARS-2008): NOWIREEXTENSIONATPIN statement is obsolete in version 5.6 or later.
The NOWIREEXTENSIONATPIN statement will be ignored. See file /home/kareem_farid/fresh/caravel_timing/lef/housekeeping.lef at line 2.

[INFO ODB-0225]     Created 1 library cells
[INFO ODB-0226] Finished LEF file:  /home/kareem_farid/fresh/caravel_timing/lef/housekeeping.lef
[INFO ODB-0222] Reading LEF file: /home/kareem_farid/fresh/caravel_timing/lef/gpio_control_block.lef
[WARNING ODB-0220] WARNING (LEFPARS-2008): NOWIREEXTENSIONATPIN statement is obsolete in version 5.6 or later.
The NOWIREEXTENSIONATPIN statement will be ignored. See file /home/kareem_farid/fresh/caravel_timing/lef/gpio_control_block.lef at line 2.

[INFO ODB-0225]     Created 1 library cells
[INFO ODB-0226] Finished LEF file:  /home/kareem_farid/fresh/caravel_timing/lef/gpio_control_block.lef
[INFO ODB-0222] Reading LEF file: /home/kareem_farid/fresh/caravel_timing/lef/chip_io_alt.lef
[WARNING ODB-0220] WARNING (LEFPARS-2008): NOWIREEXTENSIONATPIN statement is obsolete in version 5.6 or later.
The NOWIREEXTENSIONATPIN statement will be ignored. See file /home/kareem_farid/fresh/caravel_timing/lef/chip_io_alt.lef at line 2.

[INFO ODB-0225]     Created 1 library cells
[INFO ODB-0226] Finished LEF file:  /home/kareem_farid/fresh/caravel_timing/lef/chip_io_alt.lef
[INFO ODB-0222] Reading LEF file: /home/kareem_farid/fresh/caravel_timing/lef/mgmt_protect.lef
[WARNING ODB-0220] WARNING (LEFPARS-2008): NOWIREEXTENSIONATPIN statement is obsolete in version 5.6 or later.
The NOWIREEXTENSIONATPIN statement will be ignored. See file /home/kareem_farid/fresh/caravel_timing/lef/mgmt_protect.lef at line 2.

[INFO ODB-0225]     Created 1 library cells
[INFO ODB-0226] Finished LEF file:  /home/kareem_farid/fresh/caravel_timing/lef/mgmt_protect.lef
[INFO ODB-0222] Reading LEF file: /home/kareem_farid/fresh/caravel_timing/lef/gpio_logic_high.lef
[WARNING ODB-0220] WARNING (LEFPARS-2008): NOWIREEXTENSIONATPIN statement is obsolete in version 5.6 or later.
The NOWIREEXTENSIONATPIN statement will be ignored. See file /home/kareem_farid/fresh/caravel_timing/lef/gpio_logic_high.lef at line 2.

[INFO ODB-0225]     Created 1 library cells
[INFO ODB-0226] Finished LEF file:  /home/kareem_farid/fresh/caravel_timing/lef/gpio_logic_high.lef
[INFO ODB-0222] Reading LEF file: /home/kareem_farid/fresh/caravel_timing/lef/user_project_wrapper.lef
[WARNING ODB-0220] WARNING (LEFPARS-2008): NOWIREEXTENSIONATPIN statement is obsolete in version 5.6 or later.
The NOWIREEXTENSIONATPIN statement will be ignored. See file /home/kareem_farid/fresh/caravel_timing/lef/user_project_wrapper.lef at line 2.

[INFO ODB-0225]     Created 1 library cells
[INFO ODB-0226] Finished LEF file:  /home/kareem_farid/fresh/caravel_timing/lef/user_project_wrapper.lef
[INFO ODB-0222] Reading LEF file: /home/kareem_farid/fresh/caravel_timing/lef/spare_logic_block.lef
[WARNING ODB-0220] WARNING (LEFPARS-2008): NOWIREEXTENSIONATPIN statement is obsolete in version 5.6 or later.
The NOWIREEXTENSIONATPIN statement will be ignored. See file /home/kareem_farid/fresh/caravel_timing/lef/spare_logic_block.lef at line 2.

[INFO ODB-0225]     Created 1 library cells
[INFO ODB-0226] Finished LEF file:  /home/kareem_farid/fresh/caravel_timing/lef/spare_logic_block.lef
[INFO ODB-0222] Reading LEF file: /home/kareem_farid/fresh/caravel_timing/lef/xres_buf.lef
[WARNING ODB-0220] WARNING (LEFPARS-2008): NOWIREEXTENSIONATPIN statement is obsolete in version 5.6 or later.
The NOWIREEXTENSIONATPIN statement will be ignored. See file /home/kareem_farid/fresh/caravel_timing/lef/xres_buf.lef at line 2.

[INFO ODB-0225]     Created 1 library cells
[INFO ODB-0226] Finished LEF file:  /home/kareem_farid/fresh/caravel_timing/lef/xres_buf.lef
[INFO ODB-0222] Reading LEF file: /home/kareem_farid/fresh/caravel_timing/lef/caravel_clocking.lef
[WARNING ODB-0220] WARNING (LEFPARS-2008): NOWIREEXTENSIONATPIN statement is obsolete in version 5.6 or later.
The NOWIREEXTENSIONATPIN statement will be ignored. See file /home/kareem_farid/fresh/caravel_timing/lef/caravel_clocking.lef at line 2.

[INFO ODB-0225]     Created 1 library cells
[INFO ODB-0226] Finished LEF file:  /home/kareem_farid/fresh/caravel_timing/lef/caravel_clocking.lef
[INFO ODB-0222] Reading LEF file: /home/kareem_farid/fresh/caravel_timing/lef/simple_por.lef
[WARNING ODB-0220] WARNING (LEFPARS-2008): NOWIREEXTENSIONATPIN statement is obsolete in version 5.6 or later.
The NOWIREEXTENSIONATPIN statement will be ignored. See file /home/kareem_farid/fresh/caravel_timing/lef/simple_por.lef at line 2.

[INFO ODB-0225]     Created 1 library cells
[INFO ODB-0226] Finished LEF file:  /home/kareem_farid/fresh/caravel_timing/lef/simple_por.lef
[INFO ODB-0222] Reading LEF file: /home/kareem_farid/fresh/caravel_timing/lef/mgmt_protect_hv.lef
[WARNING ODB-0220] WARNING (LEFPARS-2008): NOWIREEXTENSIONATPIN statement is obsolete in version 5.6 or later.
The NOWIREEXTENSIONATPIN statement will be ignored. See file /home/kareem_farid/fresh/caravel_timing/lef/mgmt_protect_hv.lef at line 2.

[INFO ODB-0225]     Created 1 library cells
[INFO ODB-0226] Finished LEF file:  /home/kareem_farid/fresh/caravel_timing/lef/mgmt_protect_hv.lef
[INFO ODB-0222] Reading LEF file: /home/kareem_farid/fresh/caravel_timing/lef/mprj2_logic_high.lef
[WARNING ODB-0220] WARNING (LEFPARS-2008): NOWIREEXTENSIONATPIN statement is obsolete in version 5.6 or later.
The NOWIREEXTENSIONATPIN statement will be ignored. See file /home/kareem_farid/fresh/caravel_timing/lef/mprj2_logic_high.lef at line 2.

[INFO ODB-0225]     Created 1 library cells
[INFO ODB-0226] Finished LEF file:  /home/kareem_farid/fresh/caravel_timing/lef/mprj2_logic_high.lef
[INFO ODB-0222] Reading LEF file: /home/kareem_farid/fresh/caravel_timing/lef/user_project_wrapper_empty.lef
[WARNING ODB-0220] WARNING (LEFPARS-2008): NOWIREEXTENSIONATPIN statement is obsolete in version 5.6 or later.
The NOWIREEXTENSIONATPIN statement will be ignored. See file /home/kareem_farid/fresh/caravel_timing/lef/user_project_wrapper_empty.lef at line 2.

[INFO ODB-0225]     Created 1 library cells
[INFO ODB-0226] Finished LEF file:  /home/kareem_farid/fresh/caravel_timing/lef/user_project_wrapper_empty.lef
[INFO ODB-0222] Reading LEF file: /home/kareem_farid/fresh/caravel_timing/lef/user_analog_project_wrapper.lef
[WARNING ODB-0220] WARNING (LEFPARS-2008): NOWIREEXTENSIONATPIN statement is obsolete in version 5.6 or later.
The NOWIREEXTENSIONATPIN statement will be ignored. See file /home/kareem_farid/fresh/caravel_timing/lef/user_analog_project_wrapper.lef at line 2.

[INFO ODB-0225]     Created 1 library cells
[INFO ODB-0226] Finished LEF file:  /home/kareem_farid/fresh/caravel_timing/lef/user_analog_project_wrapper.lef
[INFO ODB-0222] Reading LEF file: /home/kareem_farid/fresh/caravel_timing/lef/chip_io.lef
[WARNING ODB-0220] WARNING (LEFPARS-2008): NOWIREEXTENSIONATPIN statement is obsolete in version 5.6 or later.
The NOWIREEXTENSIONATPIN statement will be ignored. See file /home/kareem_farid/fresh/caravel_timing/lef/chip_io.lef at line 2.

[INFO ODB-0225]     Created 1 library cells
[INFO ODB-0226] Finished LEF file:  /home/kareem_farid/fresh/caravel_timing/lef/chip_io.lef
[INFO ODB-0222] Reading LEF file: /home/kareem_farid/fresh/caravel_timing/caravel_mgmt_soc_litex/lef/mgmt_core_wrapper.lef
[WARNING ODB-0220] WARNING (LEFPARS-2008): NOWIREEXTENSIONATPIN statement is obsolete in version 5.6 or later.
The NOWIREEXTENSIONATPIN statement will be ignored. See file /home/kareem_farid/fresh/caravel_timing/caravel_mgmt_soc_litex/lef/mgmt_core_wrapper.lef at line 2.

[INFO ODB-0225]     Created 1 library cells
[INFO ODB-0226] Finished LEF file:  /home/kareem_farid/fresh/caravel_timing/caravel_mgmt_soc_litex/lef/mgmt_core_wrapper.lef
[INFO ODB-0222] Reading LEF file: /home/kareem_farid/fresh/caravel_timing/caravel_mgmt_soc_litex/lef/DFFRAM.lef
[WARNING ODB-0220] WARNING (LEFPARS-2008): NOWIREEXTENSIONATPIN statement is obsolete in version 5.6 or later.
The NOWIREEXTENSIONATPIN statement will be ignored. See file /home/kareem_farid/fresh/caravel_timing/caravel_mgmt_soc_litex/lef/DFFRAM.lef at line 2.

[INFO ODB-0225]     Created 1 library cells
[INFO ODB-0226] Finished LEF file:  /home/kareem_farid/fresh/caravel_timing/caravel_mgmt_soc_litex/lef/DFFRAM.lef
[INFO ODB-0222] Reading LEF file: /home/kareem_farid/fresh/caravel_timing/caravel_mgmt_soc_litex/lef/mgmt_core.lef
[WARNING ODB-0220] WARNING (LEFPARS-2008): NOWIREEXTENSIONATPIN statement is obsolete in version 5.6 or later.
The NOWIREEXTENSIONATPIN statement will be ignored. See file /home/kareem_farid/fresh/caravel_timing/caravel_mgmt_soc_litex/lef/mgmt_core.lef at line 2.

[INFO ODB-0225]     Created 1 library cells
[INFO ODB-0226] Finished LEF file:  /home/kareem_farid/fresh/caravel_timing/caravel_mgmt_soc_litex/lef/mgmt_core.lef
[INFO ODB-0222] Reading LEF file: /home/kareem_farid/fresh/caravel_timing/caravel_user_project/lef/user_proj_example.lef
[WARNING ODB-0220] WARNING (LEFPARS-2008): NOWIREEXTENSIONATPIN statement is obsolete in version 5.6 or later.
The NOWIREEXTENSIONATPIN statement will be ignored. See file /home/kareem_farid/fresh/caravel_timing/caravel_user_project/lef/user_proj_example.lef at line 2.

[INFO ODB-0225]     Created 1 library cells
[INFO ODB-0226] Finished LEF file:  /home/kareem_farid/fresh/caravel_timing/caravel_user_project/lef/user_proj_example.lef
[WARNING ODB-0229] Error: library (user_project_wrapper) already exists
[WARNING ORD-0033] -order_wires is deprecated.
[INFO ODB-0127] Reading DEF file: /home/kareem_farid/fresh/caravel_timing/def/caravel_clocking.def
[INFO ODB-0128] Design: caravel_clocking
[INFO ODB-0130]     Created 17 pins.
[INFO ODB-0131]     Created 871 components and 4258 component-terminals.
[INFO ODB-0132]     Created 2 special nets and 3154 connections.
[INFO ODB-0133]     Created 328 nets and 1103 connections.
[INFO ODB-0134] Finished DEF file: /home/kareem_farid/fresh/caravel_timing/def/caravel_clocking.def
[INFO RCX-0431] Defined process_corner X with ext_model_index 0
[INFO RCX-0029] Defined extraction corner X
[INFO RCX-0008] extracting parasitics of caravel_clocking ...
Notice 0: Split top of 86 T shapes.
[INFO RCX-0435] Reading extraction model file /home/kareem_farid/fresh/pdks_with_sram/sky130A/libs.tech//openlane/rules.openrcx.sky130A.nom.spef_extractor ...
[INFO RCX-0436] RC segment generation caravel_clocking (max_merge_res 50.0) ...
[INFO RCX-0040] Final 1263 rc segments
[INFO RCX-0439] Coupling Cap extraction caravel_clocking ...
[INFO RCX-0440] Coupling threshhold is 0.1000 fF, coupling capacitance less than 0.1000 fF will be grounded.
[INFO RCX-0043] 2163 wires to be extracted
[INFO RCX-0442] 52% completion -- 1128 wires have been extracted
[INFO RCX-0442] 100% completion -- 2163 wires have been extracted
[INFO RCX-0045] Extract 328 nets, 1591 rsegs, 1591 caps, 1563 ccs
[INFO RCX-0015] Finished extracting caravel_clocking.
[INFO RCX-0016] Writing SPEF ...
[INFO RCX-0443] 328 nets finished
[INFO RCX-0017] Finished writing SPEF ...
spef: /home/kareem_farid/fresh/caravel_timing//spef/caravel_clocking_nom.spef
def: /home/kareem_farid/fresh/caravel_timing//def/caravel_clocking.def
rcx: /home/kareem_farid/fresh/pdks_with_sram/sky130A/libs.tech//openlane/rules.openrcx.sky130A.nom.spef_extractor
