OpenROAD 944855835623e651e7b9c7c50efcce1fb04b4fee 
This program is licensed under the BSD-3 license. See the LICENSE file for details.
Components of this program may be licensed under more restrictive licenses which must be honored.
[WARNING STA-0060] /home/kareem_farid/fresh/pdks_with_sram/sky130A/libs.ref/sky130_fd_sc_hvl/lib/sky130_fd_sc_hvl__tt_025C_3v30_lv1v80.lib line 1, default_operating_condition tt_025C_3v30_lv1v80 not found.

exec python3 /openlane/scripts/mergeLef.py  --inputLef /home/kareem_farid/fresh/pdks_with_sram/sky130A/libs.ref//sky130_fd_sc_hd/techlef/sky130_fd_sc_hd__max.tlef /home/kareem_farid/fresh/pdks_with_sram/sky130A/libs.ref//sky130_fd_sc_hd/lef/sky130_fd_sc_hd.lef /home/kareem_farid/fresh/pdks_with_sram/sky130A/libs.ref//sky130_fd_io/lef/sky130_fd_io.lef /home/kareem_farid/fresh/pdks_with_sram/sky130A/libs.ref//sky130_fd_io/lef/sky130_ef_io.lef  --outputLef /home/kareem_farid/fresh/caravel_timing//tmp/merged_lef-max.lef

[INFO ODB-0222] Reading LEF file: /home/kareem_farid/fresh/caravel_timing/tmp/merged_lef-max.lef
[INFO ODB-0223]     Created 13 technology layers
[INFO ODB-0224]     Created 25 technology vias
[INFO ODB-0225]     Created 498 library cells
[INFO ODB-0226] Finished LEF file:  /home/kareem_farid/fresh/caravel_timing/tmp/merged_lef-max.lef
[INFO ODB-0222] Reading LEF file: /home/kareem_farid/fresh/pdks_with_sram/sky130A/libs.ref/sky130_sram_macros/lef/sky130_sram_2kbyte_1rw1r_32x512_8.lef
[INFO ODB-0225]     Created 1 library cells
[INFO ODB-0226] Finished LEF file:  /home/kareem_farid/fresh/pdks_with_sram/sky130A/libs.ref/sky130_sram_macros/lef/sky130_sram_2kbyte_1rw1r_32x512_8.lef
[INFO ODB-0222] Reading LEF file: /home/kareem_farid/fresh/caravel_timing/lef/mprj_logic_high.lef
[WARNING ODB-0220] WARNING (LEFPARS-2008): NOWIREEXTENSIONATPIN statement is obsolete in version 5.6 or later.
The NOWIREEXTENSIONATPIN statement will be ignored. See file /home/kareem_farid/fresh/caravel_timing/lef/mprj_logic_high.lef at line 2.

[INFO ODB-0225]     Created 1 library cells
[INFO ODB-0226] Finished LEF file:  /home/kareem_farid/fresh/caravel_timing/lef/mprj_logic_high.lef
[INFO ODB-0222] Reading LEF file: /home/kareem_farid/fresh/caravel_timing/lef/user_id_programming.lef
[WARNING ODB-0220] WARNING (LEFPARS-2008): NOWIREEXTENSIONATPIN statement is obsolete in version 5.6 or later.
The NOWIREEXTENSIONATPIN statement will be ignored. See file /home/kareem_farid/fresh/caravel_timing/lef/user_id_programming.lef at line 2.

[INFO ODB-0225]     Created 1 library cells
[INFO ODB-0226] Finished LEF file:  /home/kareem_farid/fresh/caravel_timing/lef/user_id_programming.lef
[INFO ODB-0222] Reading LEF file: /home/kareem_farid/fresh/caravel_timing/lef/user_analog_project_wrapper_empty.lef
[WARNING ODB-0220] WARNING (LEFPARS-2008): NOWIREEXTENSIONATPIN statement is obsolete in version 5.6 or later.
The NOWIREEXTENSIONATPIN statement will be ignored. See file /home/kareem_farid/fresh/caravel_timing/lef/user_analog_project_wrapper_empty.lef at line 2.

[INFO ODB-0225]     Created 1 library cells
[INFO ODB-0226] Finished LEF file:  /home/kareem_farid/fresh/caravel_timing/lef/user_analog_project_wrapper_empty.lef
[INFO ODB-0222] Reading LEF file: /home/kareem_farid/fresh/caravel_timing/lef/digital_pll.lef
[WARNING ODB-0220] WARNING (LEFPARS-2008): NOWIREEXTENSIONATPIN statement is obsolete in version 5.6 or later.
The NOWIREEXTENSIONATPIN statement will be ignored. See file /home/kareem_farid/fresh/caravel_timing/lef/digital_pll.lef at line 2.

[INFO ODB-0225]     Created 1 library cells
[INFO ODB-0226] Finished LEF file:  /home/kareem_farid/fresh/caravel_timing/lef/digital_pll.lef
[INFO ODB-0222] Reading LEF file: /home/kareem_farid/fresh/caravel_timing/lef/gpio_defaults_block.lef
[WARNING ODB-0220] WARNING (LEFPARS-2008): NOWIREEXTENSIONATPIN statement is obsolete in version 5.6 or later.
The NOWIREEXTENSIONATPIN statement will be ignored. See file /home/kareem_farid/fresh/caravel_timing/lef/gpio_defaults_block.lef at line 2.

[INFO ODB-0225]     Created 1 library cells
[INFO ODB-0226] Finished LEF file:  /home/kareem_farid/fresh/caravel_timing/lef/gpio_defaults_block.lef
[INFO ODB-0222] Reading LEF file: /home/kareem_farid/fresh/caravel_timing/lef/housekeeping.lef
[WARNING ODB-0220] WARNING (LEFPARS-2008): NOWIREEXTENSIONATPIN statement is obsolete in version 5.6 or later.
The NOWIREEXTENSIONATPIN statement will be ignored. See file /home/kareem_farid/fresh/caravel_timing/lef/housekeeping.lef at line 2.

[INFO ODB-0225]     Created 1 library cells
[INFO ODB-0226] Finished LEF file:  /home/kareem_farid/fresh/caravel_timing/lef/housekeeping.lef
[INFO ODB-0222] Reading LEF file: /home/kareem_farid/fresh/caravel_timing/lef/gpio_control_block.lef
[WARNING ODB-0220] WARNING (LEFPARS-2008): NOWIREEXTENSIONATPIN statement is obsolete in version 5.6 or later.
The NOWIREEXTENSIONATPIN statement will be ignored. See file /home/kareem_farid/fresh/caravel_timing/lef/gpio_control_block.lef at line 2.

[INFO ODB-0225]     Created 1 library cells
[INFO ODB-0226] Finished LEF file:  /home/kareem_farid/fresh/caravel_timing/lef/gpio_control_block.lef
[INFO ODB-0222] Reading LEF file: /home/kareem_farid/fresh/caravel_timing/lef/chip_io_alt.lef
[WARNING ODB-0220] WARNING (LEFPARS-2008): NOWIREEXTENSIONATPIN statement is obsolete in version 5.6 or later.
The NOWIREEXTENSIONATPIN statement will be ignored. See file /home/kareem_farid/fresh/caravel_timing/lef/chip_io_alt.lef at line 2.

[INFO ODB-0225]     Created 1 library cells
[INFO ODB-0226] Finished LEF file:  /home/kareem_farid/fresh/caravel_timing/lef/chip_io_alt.lef
[INFO ODB-0222] Reading LEF file: /home/kareem_farid/fresh/caravel_timing/lef/mgmt_protect.lef
[WARNING ODB-0220] WARNING (LEFPARS-2008): NOWIREEXTENSIONATPIN statement is obsolete in version 5.6 or later.
The NOWIREEXTENSIONATPIN statement will be ignored. See file /home/kareem_farid/fresh/caravel_timing/lef/mgmt_protect.lef at line 2.

[INFO ODB-0225]     Created 1 library cells
[INFO ODB-0226] Finished LEF file:  /home/kareem_farid/fresh/caravel_timing/lef/mgmt_protect.lef
[INFO ODB-0222] Reading LEF file: /home/kareem_farid/fresh/caravel_timing/lef/gpio_logic_high.lef
[WARNING ODB-0220] WARNING (LEFPARS-2008): NOWIREEXTENSIONATPIN statement is obsolete in version 5.6 or later.
The NOWIREEXTENSIONATPIN statement will be ignored. See file /home/kareem_farid/fresh/caravel_timing/lef/gpio_logic_high.lef at line 2.

[INFO ODB-0225]     Created 1 library cells
[INFO ODB-0226] Finished LEF file:  /home/kareem_farid/fresh/caravel_timing/lef/gpio_logic_high.lef
[INFO ODB-0222] Reading LEF file: /home/kareem_farid/fresh/caravel_timing/lef/user_project_wrapper.lef
[WARNING ODB-0220] WARNING (LEFPARS-2008): NOWIREEXTENSIONATPIN statement is obsolete in version 5.6 or later.
The NOWIREEXTENSIONATPIN statement will be ignored. See file /home/kareem_farid/fresh/caravel_timing/lef/user_project_wrapper.lef at line 2.

[INFO ODB-0225]     Created 1 library cells
[INFO ODB-0226] Finished LEF file:  /home/kareem_farid/fresh/caravel_timing/lef/user_project_wrapper.lef
[INFO ODB-0222] Reading LEF file: /home/kareem_farid/fresh/caravel_timing/lef/spare_logic_block.lef
[WARNING ODB-0220] WARNING (LEFPARS-2008): NOWIREEXTENSIONATPIN statement is obsolete in version 5.6 or later.
The NOWIREEXTENSIONATPIN statement will be ignored. See file /home/kareem_farid/fresh/caravel_timing/lef/spare_logic_block.lef at line 2.

[INFO ODB-0225]     Created 1 library cells
[INFO ODB-0226] Finished LEF file:  /home/kareem_farid/fresh/caravel_timing/lef/spare_logic_block.lef
[INFO ODB-0222] Reading LEF file: /home/kareem_farid/fresh/caravel_timing/lef/xres_buf.lef
[WARNING ODB-0220] WARNING (LEFPARS-2008): NOWIREEXTENSIONATPIN statement is obsolete in version 5.6 or later.
The NOWIREEXTENSIONATPIN statement will be ignored. See file /home/kareem_farid/fresh/caravel_timing/lef/xres_buf.lef at line 2.

[INFO ODB-0225]     Created 1 library cells
[INFO ODB-0226] Finished LEF file:  /home/kareem_farid/fresh/caravel_timing/lef/xres_buf.lef
[INFO ODB-0222] Reading LEF file: /home/kareem_farid/fresh/caravel_timing/lef/caravel_clocking.lef
[WARNING ODB-0220] WARNING (LEFPARS-2008): NOWIREEXTENSIONATPIN statement is obsolete in version 5.6 or later.
The NOWIREEXTENSIONATPIN statement will be ignored. See file /home/kareem_farid/fresh/caravel_timing/lef/caravel_clocking.lef at line 2.

[INFO ODB-0225]     Created 1 library cells
[INFO ODB-0226] Finished LEF file:  /home/kareem_farid/fresh/caravel_timing/lef/caravel_clocking.lef
[INFO ODB-0222] Reading LEF file: /home/kareem_farid/fresh/caravel_timing/lef/simple_por.lef
[WARNING ODB-0220] WARNING (LEFPARS-2008): NOWIREEXTENSIONATPIN statement is obsolete in version 5.6 or later.
The NOWIREEXTENSIONATPIN statement will be ignored. See file /home/kareem_farid/fresh/caravel_timing/lef/simple_por.lef at line 2.

[INFO ODB-0225]     Created 1 library cells
[INFO ODB-0226] Finished LEF file:  /home/kareem_farid/fresh/caravel_timing/lef/simple_por.lef
[INFO ODB-0222] Reading LEF file: /home/kareem_farid/fresh/caravel_timing/lef/mgmt_protect_hv.lef
[WARNING ODB-0220] WARNING (LEFPARS-2008): NOWIREEXTENSIONATPIN statement is obsolete in version 5.6 or later.
The NOWIREEXTENSIONATPIN statement will be ignored. See file /home/kareem_farid/fresh/caravel_timing/lef/mgmt_protect_hv.lef at line 2.

[INFO ODB-0225]     Created 1 library cells
[INFO ODB-0226] Finished LEF file:  /home/kareem_farid/fresh/caravel_timing/lef/mgmt_protect_hv.lef
[INFO ODB-0222] Reading LEF file: /home/kareem_farid/fresh/caravel_timing/lef/mprj2_logic_high.lef
[WARNING ODB-0220] WARNING (LEFPARS-2008): NOWIREEXTENSIONATPIN statement is obsolete in version 5.6 or later.
The NOWIREEXTENSIONATPIN statement will be ignored. See file /home/kareem_farid/fresh/caravel_timing/lef/mprj2_logic_high.lef at line 2.

[INFO ODB-0225]     Created 1 library cells
[INFO ODB-0226] Finished LEF file:  /home/kareem_farid/fresh/caravel_timing/lef/mprj2_logic_high.lef
[INFO ODB-0222] Reading LEF file: /home/kareem_farid/fresh/caravel_timing/lef/user_project_wrapper_empty.lef
[WARNING ODB-0220] WARNING (LEFPARS-2008): NOWIREEXTENSIONATPIN statement is obsolete in version 5.6 or later.
The NOWIREEXTENSIONATPIN statement will be ignored. See file /home/kareem_farid/fresh/caravel_timing/lef/user_project_wrapper_empty.lef at line 2.

[INFO ODB-0225]     Created 1 library cells
[INFO ODB-0226] Finished LEF file:  /home/kareem_farid/fresh/caravel_timing/lef/user_project_wrapper_empty.lef
[INFO ODB-0222] Reading LEF file: /home/kareem_farid/fresh/caravel_timing/lef/user_analog_project_wrapper.lef
[WARNING ODB-0220] WARNING (LEFPARS-2008): NOWIREEXTENSIONATPIN statement is obsolete in version 5.6 or later.
The NOWIREEXTENSIONATPIN statement will be ignored. See file /home/kareem_farid/fresh/caravel_timing/lef/user_analog_project_wrapper.lef at line 2.

[INFO ODB-0225]     Created 1 library cells
[INFO ODB-0226] Finished LEF file:  /home/kareem_farid/fresh/caravel_timing/lef/user_analog_project_wrapper.lef
[INFO ODB-0222] Reading LEF file: /home/kareem_farid/fresh/caravel_timing/lef/chip_io.lef
[WARNING ODB-0220] WARNING (LEFPARS-2008): NOWIREEXTENSIONATPIN statement is obsolete in version 5.6 or later.
The NOWIREEXTENSIONATPIN statement will be ignored. See file /home/kareem_farid/fresh/caravel_timing/lef/chip_io.lef at line 2.

[INFO ODB-0225]     Created 1 library cells
[INFO ODB-0226] Finished LEF file:  /home/kareem_farid/fresh/caravel_timing/lef/chip_io.lef
[INFO ODB-0222] Reading LEF file: /home/kareem_farid/fresh/caravel_timing/caravel_mgmt_soc_litex/lef/mgmt_core_wrapper.lef
[WARNING ODB-0220] WARNING (LEFPARS-2008): NOWIREEXTENSIONATPIN statement is obsolete in version 5.6 or later.
The NOWIREEXTENSIONATPIN statement will be ignored. See file /home/kareem_farid/fresh/caravel_timing/caravel_mgmt_soc_litex/lef/mgmt_core_wrapper.lef at line 2.

[INFO ODB-0225]     Created 1 library cells
[INFO ODB-0226] Finished LEF file:  /home/kareem_farid/fresh/caravel_timing/caravel_mgmt_soc_litex/lef/mgmt_core_wrapper.lef
[INFO ODB-0222] Reading LEF file: /home/kareem_farid/fresh/caravel_timing/caravel_mgmt_soc_litex/lef/DFFRAM.lef
[WARNING ODB-0220] WARNING (LEFPARS-2008): NOWIREEXTENSIONATPIN statement is obsolete in version 5.6 or later.
The NOWIREEXTENSIONATPIN statement will be ignored. See file /home/kareem_farid/fresh/caravel_timing/caravel_mgmt_soc_litex/lef/DFFRAM.lef at line 2.

[INFO ODB-0225]     Created 1 library cells
[INFO ODB-0226] Finished LEF file:  /home/kareem_farid/fresh/caravel_timing/caravel_mgmt_soc_litex/lef/DFFRAM.lef
[INFO ODB-0222] Reading LEF file: /home/kareem_farid/fresh/caravel_timing/caravel_mgmt_soc_litex/lef/mgmt_core.lef
[WARNING ODB-0220] WARNING (LEFPARS-2008): NOWIREEXTENSIONATPIN statement is obsolete in version 5.6 or later.
The NOWIREEXTENSIONATPIN statement will be ignored. See file /home/kareem_farid/fresh/caravel_timing/caravel_mgmt_soc_litex/lef/mgmt_core.lef at line 2.

[INFO ODB-0225]     Created 1 library cells
[INFO ODB-0226] Finished LEF file:  /home/kareem_farid/fresh/caravel_timing/caravel_mgmt_soc_litex/lef/mgmt_core.lef
[INFO ODB-0222] Reading LEF file: /home/kareem_farid/fresh/caravel_timing/caravel_user_project/lef/user_proj_example.lef
[WARNING ODB-0220] WARNING (LEFPARS-2008): NOWIREEXTENSIONATPIN statement is obsolete in version 5.6 or later.
The NOWIREEXTENSIONATPIN statement will be ignored. See file /home/kareem_farid/fresh/caravel_timing/caravel_user_project/lef/user_proj_example.lef at line 2.

[INFO ODB-0225]     Created 1 library cells
[INFO ODB-0226] Finished LEF file:  /home/kareem_farid/fresh/caravel_timing/caravel_user_project/lef/user_proj_example.lef
[WARNING ODB-0229] Error: library (user_project_wrapper) already exists
[WARNING ORD-0033] -order_wires is deprecated.
[INFO ODB-0127] Reading DEF file: /home/kareem_farid/fresh/caravel_timing/def/chip_io.def
[INFO ODB-0128] Design: chip_io
[WARNING ODB-0121] error: undefined layer (comment) referenced
[WARNING ODB-0121] error: undefined layer (comment) referenced
[INFO ODB-0130]     Created 661 pins.
[INFO ODB-0131]     Created 811 components and 10953 component-terminals.
[INFO ODB-0133]     Created 661 nets and 0 connections.
[INFO ODB-0134] Finished DEF file: /home/kareem_farid/fresh/caravel_timing/def/chip_io.def
[WARNING STA-0357] virtual clock __VIRTUAL_CLK__ can not be propagated.
[INFO RCX-0431] Defined process_corner X with ext_model_index 0
[INFO RCX-0029] Defined extraction corner X
[INFO RCX-0008] extracting parasitics of chip_io ...
[INFO RCX-0435] Reading extraction model file /home/kareem_farid/fresh/pdks_with_sram/sky130A/libs.tech//openlane/rules.openrcx.sky130A.max.spef_extractor ...
[INFO RCX-0436] RC segment generation chip_io (max_merge_res 50.0) ...
[WARNING RCX-0114] Net 656 vssd2 does not start from an iterm or a bterm.
[WARNING RCX-0114] Net 657 vccd2 does not start from an iterm or a bterm.
[WARNING RCX-0114] Net 658 vssd1 does not start from an iterm or a bterm.
[WARNING RCX-0114] Net 659 vccd1 does not start from an iterm or a bterm.
[INFO RCX-0040] Final 881 rc segments
[INFO RCX-0439] Coupling Cap extraction chip_io ...
[INFO RCX-0440] Coupling threshhold is 0.1000 fF, coupling capacitance less than 0.1000 fF will be grounded.
[INFO RCX-0043] 862 wires to be extracted
[INFO RCX-0442] 13% completion -- 116 wires have been extracted
[INFO RCX-0442] 24% completion -- 212 wires have been extracted
[INFO RCX-0442] 32% completion -- 283 wires have been extracted
[INFO RCX-0442] 40% completion -- 353 wires have been extracted
[INFO RCX-0442] 46% completion -- 404 wires have been extracted
[INFO RCX-0442] 54% completion -- 468 wires have been extracted
[INFO RCX-0442] 62% completion -- 538 wires have been extracted
[INFO RCX-0442] 68% completion -- 592 wires have been extracted
[INFO RCX-0442] 76% completion -- 656 wires have been extracted
[INFO RCX-0442] 98% completion -- 846 wires have been extracted
[INFO RCX-0045] Extract 659 nets, 1517 rsegs, 1639 caps, 278 ccs
[INFO RCX-0015] Finished extracting chip_io.
[INFO RCX-0016] Writing SPEF ...
[INFO RCX-0443] 661 nets finished
[INFO RCX-0017] Finished writing SPEF ...
spef: /home/kareem_farid/fresh/caravel_timing//spef/chip_io_max.spef
def: /home/kareem_farid/fresh/caravel_timing//def/chip_io.def
rcx: /home/kareem_farid/fresh/pdks_with_sram/sky130A/libs.tech//openlane/rules.openrcx.sky130A.max.spef_extractor
