OpenROAD 944855835623e651e7b9c7c50efcce1fb04b4fee 
This program is licensed under the BSD-3 license. See the LICENSE file for details.
Components of this program may be licensed under more restrictive licenses which must be honored.
[WARNING STA-0060] /home/kareem_farid/fresh/pdks_with_sram/sky130A/libs.ref/sky130_fd_sc_hvl/lib/sky130_fd_sc_hvl__tt_025C_3v30_lv1v80.lib line 1, default_operating_condition tt_025C_3v30_lv1v80 not found.

exec python3 /openlane/scripts/mergeLef.py  --inputLef /home/kareem_farid/fresh/pdks_with_sram/sky130A/libs.ref//sky130_fd_sc_hd/techlef/sky130_fd_sc_hd__max.tlef /home/kareem_farid/fresh/pdks_with_sram/sky130A/libs.ref//sky130_fd_sc_hd/lef/sky130_fd_sc_hd.lef /home/kareem_farid/fresh/pdks_with_sram/sky130A/libs.ref//sky130_fd_io/lef/sky130_fd_io.lef /home/kareem_farid/fresh/pdks_with_sram/sky130A/libs.ref//sky130_fd_io/lef/sky130_ef_io.lef  --outputLef /home/kareem_farid/fresh/caravel_timing//tmp/merged_lef-max.lef

[INFO ODB-0222] Reading LEF file: /home/kareem_farid/fresh/caravel_timing/tmp/merged_lef-max.lef
[INFO ODB-0223]     Created 13 technology layers
[INFO ODB-0224]     Created 25 technology vias
[INFO ODB-0225]     Created 498 library cells
[INFO ODB-0226] Finished LEF file:  /home/kareem_farid/fresh/caravel_timing/tmp/merged_lef-max.lef
[INFO ODB-0222] Reading LEF file: /home/kareem_farid/fresh/pdks_with_sram/sky130A/libs.ref/sky130_sram_macros/lef/sky130_sram_2kbyte_1rw1r_32x512_8.lef
[INFO ODB-0225]     Created 1 library cells
[INFO ODB-0226] Finished LEF file:  /home/kareem_farid/fresh/pdks_with_sram/sky130A/libs.ref/sky130_sram_macros/lef/sky130_sram_2kbyte_1rw1r_32x512_8.lef
[INFO ODB-0222] Reading LEF file: /home/kareem_farid/fresh/caravel_timing/lef/mprj_logic_high.lef
[WARNING ODB-0220] WARNING (LEFPARS-2008): NOWIREEXTENSIONATPIN statement is obsolete in version 5.6 or later.
The NOWIREEXTENSIONATPIN statement will be ignored. See file /home/kareem_farid/fresh/caravel_timing/lef/mprj_logic_high.lef at line 2.

[INFO ODB-0225]     Created 1 library cells
[INFO ODB-0226] Finished LEF file:  /home/kareem_farid/fresh/caravel_timing/lef/mprj_logic_high.lef
[INFO ODB-0222] Reading LEF file: /home/kareem_farid/fresh/caravel_timing/lef/user_id_programming.lef
[WARNING ODB-0220] WARNING (LEFPARS-2008): NOWIREEXTENSIONATPIN statement is obsolete in version 5.6 or later.
The NOWIREEXTENSIONATPIN statement will be ignored. See file /home/kareem_farid/fresh/caravel_timing/lef/user_id_programming.lef at line 2.

[INFO ODB-0225]     Created 1 library cells
[INFO ODB-0226] Finished LEF file:  /home/kareem_farid/fresh/caravel_timing/lef/user_id_programming.lef
[INFO ODB-0222] Reading LEF file: /home/kareem_farid/fresh/caravel_timing/lef/user_analog_project_wrapper_empty.lef
[WARNING ODB-0220] WARNING (LEFPARS-2008): NOWIREEXTENSIONATPIN statement is obsolete in version 5.6 or later.
The NOWIREEXTENSIONATPIN statement will be ignored. See file /home/kareem_farid/fresh/caravel_timing/lef/user_analog_project_wrapper_empty.lef at line 2.

[INFO ODB-0225]     Created 1 library cells
[INFO ODB-0226] Finished LEF file:  /home/kareem_farid/fresh/caravel_timing/lef/user_analog_project_wrapper_empty.lef
[INFO ODB-0222] Reading LEF file: /home/kareem_farid/fresh/caravel_timing/lef/digital_pll.lef
[WARNING ODB-0220] WARNING (LEFPARS-2008): NOWIREEXTENSIONATPIN statement is obsolete in version 5.6 or later.
The NOWIREEXTENSIONATPIN statement will be ignored. See file /home/kareem_farid/fresh/caravel_timing/lef/digital_pll.lef at line 2.

[INFO ODB-0225]     Created 1 library cells
[INFO ODB-0226] Finished LEF file:  /home/kareem_farid/fresh/caravel_timing/lef/digital_pll.lef
[INFO ODB-0222] Reading LEF file: /home/kareem_farid/fresh/caravel_timing/lef/gpio_defaults_block.lef
[WARNING ODB-0220] WARNING (LEFPARS-2008): NOWIREEXTENSIONATPIN statement is obsolete in version 5.6 or later.
The NOWIREEXTENSIONATPIN statement will be ignored. See file /home/kareem_farid/fresh/caravel_timing/lef/gpio_defaults_block.lef at line 2.

[INFO ODB-0225]     Created 1 library cells
[INFO ODB-0226] Finished LEF file:  /home/kareem_farid/fresh/caravel_timing/lef/gpio_defaults_block.lef
[INFO ODB-0222] Reading LEF file: /home/kareem_farid/fresh/caravel_timing/lef/housekeeping.lef
[WARNING ODB-0220] WARNING (LEFPARS-2008): NOWIREEXTENSIONATPIN statement is obsolete in version 5.6 or later.
The NOWIREEXTENSIONATPIN statement will be ignored. See file /home/kareem_farid/fresh/caravel_timing/lef/housekeeping.lef at line 2.

[INFO ODB-0225]     Created 1 library cells
[INFO ODB-0226] Finished LEF file:  /home/kareem_farid/fresh/caravel_timing/lef/housekeeping.lef
[INFO ODB-0222] Reading LEF file: /home/kareem_farid/fresh/caravel_timing/lef/gpio_control_block.lef
[WARNING ODB-0220] WARNING (LEFPARS-2008): NOWIREEXTENSIONATPIN statement is obsolete in version 5.6 or later.
The NOWIREEXTENSIONATPIN statement will be ignored. See file /home/kareem_farid/fresh/caravel_timing/lef/gpio_control_block.lef at line 2.

[INFO ODB-0225]     Created 1 library cells
[INFO ODB-0226] Finished LEF file:  /home/kareem_farid/fresh/caravel_timing/lef/gpio_control_block.lef
[INFO ODB-0222] Reading LEF file: /home/kareem_farid/fresh/caravel_timing/lef/chip_io_alt.lef
[WARNING ODB-0220] WARNING (LEFPARS-2008): NOWIREEXTENSIONATPIN statement is obsolete in version 5.6 or later.
The NOWIREEXTENSIONATPIN statement will be ignored. See file /home/kareem_farid/fresh/caravel_timing/lef/chip_io_alt.lef at line 2.

[INFO ODB-0225]     Created 1 library cells
[INFO ODB-0226] Finished LEF file:  /home/kareem_farid/fresh/caravel_timing/lef/chip_io_alt.lef
[INFO ODB-0222] Reading LEF file: /home/kareem_farid/fresh/caravel_timing/lef/mgmt_protect.lef
[WARNING ODB-0220] WARNING (LEFPARS-2008): NOWIREEXTENSIONATPIN statement is obsolete in version 5.6 or later.
The NOWIREEXTENSIONATPIN statement will be ignored. See file /home/kareem_farid/fresh/caravel_timing/lef/mgmt_protect.lef at line 2.

[INFO ODB-0225]     Created 1 library cells
[INFO ODB-0226] Finished LEF file:  /home/kareem_farid/fresh/caravel_timing/lef/mgmt_protect.lef
[INFO ODB-0222] Reading LEF file: /home/kareem_farid/fresh/caravel_timing/lef/gpio_logic_high.lef
[WARNING ODB-0220] WARNING (LEFPARS-2008): NOWIREEXTENSIONATPIN statement is obsolete in version 5.6 or later.
The NOWIREEXTENSIONATPIN statement will be ignored. See file /home/kareem_farid/fresh/caravel_timing/lef/gpio_logic_high.lef at line 2.

[INFO ODB-0225]     Created 1 library cells
[INFO ODB-0226] Finished LEF file:  /home/kareem_farid/fresh/caravel_timing/lef/gpio_logic_high.lef
[INFO ODB-0222] Reading LEF file: /home/kareem_farid/fresh/caravel_timing/lef/user_project_wrapper.lef
[WARNING ODB-0220] WARNING (LEFPARS-2008): NOWIREEXTENSIONATPIN statement is obsolete in version 5.6 or later.
The NOWIREEXTENSIONATPIN statement will be ignored. See file /home/kareem_farid/fresh/caravel_timing/lef/user_project_wrapper.lef at line 2.

[INFO ODB-0225]     Created 1 library cells
[INFO ODB-0226] Finished LEF file:  /home/kareem_farid/fresh/caravel_timing/lef/user_project_wrapper.lef
[INFO ODB-0222] Reading LEF file: /home/kareem_farid/fresh/caravel_timing/lef/spare_logic_block.lef
[WARNING ODB-0220] WARNING (LEFPARS-2008): NOWIREEXTENSIONATPIN statement is obsolete in version 5.6 or later.
The NOWIREEXTENSIONATPIN statement will be ignored. See file /home/kareem_farid/fresh/caravel_timing/lef/spare_logic_block.lef at line 2.

[INFO ODB-0225]     Created 1 library cells
[INFO ODB-0226] Finished LEF file:  /home/kareem_farid/fresh/caravel_timing/lef/spare_logic_block.lef
[INFO ODB-0222] Reading LEF file: /home/kareem_farid/fresh/caravel_timing/lef/xres_buf.lef
[WARNING ODB-0220] WARNING (LEFPARS-2008): NOWIREEXTENSIONATPIN statement is obsolete in version 5.6 or later.
The NOWIREEXTENSIONATPIN statement will be ignored. See file /home/kareem_farid/fresh/caravel_timing/lef/xres_buf.lef at line 2.

[INFO ODB-0225]     Created 1 library cells
[INFO ODB-0226] Finished LEF file:  /home/kareem_farid/fresh/caravel_timing/lef/xres_buf.lef
[INFO ODB-0222] Reading LEF file: /home/kareem_farid/fresh/caravel_timing/lef/caravel_clocking.lef
[WARNING ODB-0220] WARNING (LEFPARS-2008): NOWIREEXTENSIONATPIN statement is obsolete in version 5.6 or later.
The NOWIREEXTENSIONATPIN statement will be ignored. See file /home/kareem_farid/fresh/caravel_timing/lef/caravel_clocking.lef at line 2.

[INFO ODB-0225]     Created 1 library cells
[INFO ODB-0226] Finished LEF file:  /home/kareem_farid/fresh/caravel_timing/lef/caravel_clocking.lef
[INFO ODB-0222] Reading LEF file: /home/kareem_farid/fresh/caravel_timing/lef/simple_por.lef
[WARNING ODB-0220] WARNING (LEFPARS-2008): NOWIREEXTENSIONATPIN statement is obsolete in version 5.6 or later.
The NOWIREEXTENSIONATPIN statement will be ignored. See file /home/kareem_farid/fresh/caravel_timing/lef/simple_por.lef at line 2.

[INFO ODB-0225]     Created 1 library cells
[INFO ODB-0226] Finished LEF file:  /home/kareem_farid/fresh/caravel_timing/lef/simple_por.lef
[INFO ODB-0222] Reading LEF file: /home/kareem_farid/fresh/caravel_timing/lef/mgmt_protect_hv.lef
[WARNING ODB-0220] WARNING (LEFPARS-2008): NOWIREEXTENSIONATPIN statement is obsolete in version 5.6 or later.
The NOWIREEXTENSIONATPIN statement will be ignored. See file /home/kareem_farid/fresh/caravel_timing/lef/mgmt_protect_hv.lef at line 2.

[INFO ODB-0225]     Created 1 library cells
[INFO ODB-0226] Finished LEF file:  /home/kareem_farid/fresh/caravel_timing/lef/mgmt_protect_hv.lef
[INFO ODB-0222] Reading LEF file: /home/kareem_farid/fresh/caravel_timing/lef/mprj2_logic_high.lef
[WARNING ODB-0220] WARNING (LEFPARS-2008): NOWIREEXTENSIONATPIN statement is obsolete in version 5.6 or later.
The NOWIREEXTENSIONATPIN statement will be ignored. See file /home/kareem_farid/fresh/caravel_timing/lef/mprj2_logic_high.lef at line 2.

[INFO ODB-0225]     Created 1 library cells
[INFO ODB-0226] Finished LEF file:  /home/kareem_farid/fresh/caravel_timing/lef/mprj2_logic_high.lef
[INFO ODB-0222] Reading LEF file: /home/kareem_farid/fresh/caravel_timing/lef/user_project_wrapper_empty.lef
[WARNING ODB-0220] WARNING (LEFPARS-2008): NOWIREEXTENSIONATPIN statement is obsolete in version 5.6 or later.
The NOWIREEXTENSIONATPIN statement will be ignored. See file /home/kareem_farid/fresh/caravel_timing/lef/user_project_wrapper_empty.lef at line 2.

[INFO ODB-0225]     Created 1 library cells
[INFO ODB-0226] Finished LEF file:  /home/kareem_farid/fresh/caravel_timing/lef/user_project_wrapper_empty.lef
[INFO ODB-0222] Reading LEF file: /home/kareem_farid/fresh/caravel_timing/lef/user_analog_project_wrapper.lef
[WARNING ODB-0220] WARNING (LEFPARS-2008): NOWIREEXTENSIONATPIN statement is obsolete in version 5.6 or later.
The NOWIREEXTENSIONATPIN statement will be ignored. See file /home/kareem_farid/fresh/caravel_timing/lef/user_analog_project_wrapper.lef at line 2.

[INFO ODB-0225]     Created 1 library cells
[INFO ODB-0226] Finished LEF file:  /home/kareem_farid/fresh/caravel_timing/lef/user_analog_project_wrapper.lef
[INFO ODB-0222] Reading LEF file: /home/kareem_farid/fresh/caravel_timing/lef/chip_io.lef
[WARNING ODB-0220] WARNING (LEFPARS-2008): NOWIREEXTENSIONATPIN statement is obsolete in version 5.6 or later.
The NOWIREEXTENSIONATPIN statement will be ignored. See file /home/kareem_farid/fresh/caravel_timing/lef/chip_io.lef at line 2.

[INFO ODB-0225]     Created 1 library cells
[INFO ODB-0226] Finished LEF file:  /home/kareem_farid/fresh/caravel_timing/lef/chip_io.lef
[INFO ODB-0222] Reading LEF file: /home/kareem_farid/fresh/caravel_timing/caravel_mgmt_soc_litex/lef/mgmt_core_wrapper.lef
[WARNING ODB-0220] WARNING (LEFPARS-2008): NOWIREEXTENSIONATPIN statement is obsolete in version 5.6 or later.
The NOWIREEXTENSIONATPIN statement will be ignored. See file /home/kareem_farid/fresh/caravel_timing/caravel_mgmt_soc_litex/lef/mgmt_core_wrapper.lef at line 2.

[INFO ODB-0225]     Created 1 library cells
[INFO ODB-0226] Finished LEF file:  /home/kareem_farid/fresh/caravel_timing/caravel_mgmt_soc_litex/lef/mgmt_core_wrapper.lef
[INFO ODB-0222] Reading LEF file: /home/kareem_farid/fresh/caravel_timing/caravel_mgmt_soc_litex/lef/DFFRAM.lef
[WARNING ODB-0220] WARNING (LEFPARS-2008): NOWIREEXTENSIONATPIN statement is obsolete in version 5.6 or later.
The NOWIREEXTENSIONATPIN statement will be ignored. See file /home/kareem_farid/fresh/caravel_timing/caravel_mgmt_soc_litex/lef/DFFRAM.lef at line 2.

[INFO ODB-0225]     Created 1 library cells
[INFO ODB-0226] Finished LEF file:  /home/kareem_farid/fresh/caravel_timing/caravel_mgmt_soc_litex/lef/DFFRAM.lef
[INFO ODB-0222] Reading LEF file: /home/kareem_farid/fresh/caravel_timing/caravel_mgmt_soc_litex/lef/mgmt_core.lef
[WARNING ODB-0220] WARNING (LEFPARS-2008): NOWIREEXTENSIONATPIN statement is obsolete in version 5.6 or later.
The NOWIREEXTENSIONATPIN statement will be ignored. See file /home/kareem_farid/fresh/caravel_timing/caravel_mgmt_soc_litex/lef/mgmt_core.lef at line 2.

[INFO ODB-0225]     Created 1 library cells
[INFO ODB-0226] Finished LEF file:  /home/kareem_farid/fresh/caravel_timing/caravel_mgmt_soc_litex/lef/mgmt_core.lef
[INFO ODB-0222] Reading LEF file: /home/kareem_farid/fresh/caravel_timing/caravel_user_project/lef/user_proj_example.lef
[WARNING ODB-0220] WARNING (LEFPARS-2008): NOWIREEXTENSIONATPIN statement is obsolete in version 5.6 or later.
The NOWIREEXTENSIONATPIN statement will be ignored. See file /home/kareem_farid/fresh/caravel_timing/caravel_user_project/lef/user_proj_example.lef at line 2.

[INFO ODB-0225]     Created 1 library cells
[INFO ODB-0226] Finished LEF file:  /home/kareem_farid/fresh/caravel_timing/caravel_user_project/lef/user_proj_example.lef
[WARNING ODB-0229] Error: library (user_project_wrapper) already exists
[WARNING ORD-0033] -order_wires is deprecated.
[INFO ODB-0127] Reading DEF file: /home/kareem_farid/fresh/caravel_timing/caravel_user_project/def/user_proj_example.def
[INFO ODB-0128] Design: user_proj_example
[INFO ODB-0130]     Created 609 pins.
[INFO ODB-0131]     Created 53231 components and 201268 component-terminals.
[INFO ODB-0132]     Created 2 special nets and 198372 connections.
[INFO ODB-0133]     Created 1205 nets and 2790 connections.
[INFO ODB-0134] Finished DEF file: /home/kareem_farid/fresh/caravel_timing/caravel_user_project/def/user_proj_example.def
[ERROR STA-0511] cannot open '/home/kareem_farid/fresh/caravel_timing/sdc/user_proj_example.sdc'.
Error: rcx.tcl, 40 STA-0511
