****************************************
Report : constraint
	-all_violators
	-path slack_only
Design : digital_pll
Version: T-2022.03-SP3
Date   : Sun Oct 16 19:37:08 2022
****************************************


   max_delay/setup ('pll_control_clock' group)

   Endpoint                                                  Slack
   -----------------------------------------------------------------
   _392_/D                                                 -5.2058  (VIOLATED)
   _388_/D                                                 -5.2043  (VIOLATED)
   _391_/D                                                 -5.1925  (VIOLATED)
   _390_/D                                                 -4.8130  (VIOLATED)
   _393_/D                                                 -4.7026  (VIOLATED)
   _389_/D                                                 -4.5237  (VIOLATED)
   _387_/D                                                 -4.3019  (VIOLATED)



   max_transition

                             Required        Actual
   Pin                      Transition     Transition        Slack
   -----------------------------------------------------------------
   _370_/A                    0.7500         3.0504        -2.3004  (VIOLATED)
   ANTENNA__375__A/DIODE      0.7500         3.0502        -2.3002  (VIOLATED)
   ANTENNA__364__A/DIODE      0.7500         3.0496        -2.2996  (VIOLATED)
   ANTENNA__369__A/DIODE      0.7500         3.0495        -2.2995  (VIOLATED)
   _369_/A                    0.7500         3.0494        -2.2994  (VIOLATED)
   _364_/A                    0.7500         3.0493        -2.2993  (VIOLATED)
   _353_/A1                   0.7500         3.0493        -2.2993  (VIOLATED)
   ANTENNA__353__A1/DIODE     0.7500         3.0493        -2.2993  (VIOLATED)
   _376_/A                    0.7500         3.0488        -2.2988  (VIOLATED)
   ANTENNA__376__A/DIODE      0.7500         3.0488        -2.2988  (VIOLATED)
   _372_/A                    0.7500         3.0487        -2.2987  (VIOLATED)
   _358_/A                    0.7500         3.0487        -2.2987  (VIOLATED)
   ANTENNA__372__A/DIODE      0.7500         3.0486        -2.2986  (VIOLATED)
   ANTENNA__358__A/DIODE      0.7500         3.0486        -2.2986  (VIOLATED)
   ANTENNA__370__A/DIODE      0.7500         3.0482        -2.2982  (VIOLATED)
   _373_/A                    0.7500         3.0477        -2.2977  (VIOLATED)
   ANTENNA__373__A/DIODE      0.7500         3.0475        -2.2975  (VIOLATED)
   _365_/A                    0.7500         3.0474        -2.2974  (VIOLATED)
   ANTENNA__362__A/DIODE      0.7500         3.0463        -2.2963  (VIOLATED)
   _362_/A                    0.7500         3.0462        -2.2962  (VIOLATED)
   _371_/A                    0.7500         3.0460        -2.2960  (VIOLATED)
   ANTENNA__371__A/DIODE      0.7500         3.0459        -2.2959  (VIOLATED)
   _356_/A                    0.7500         3.0457        -2.2957  (VIOLATED)
   ANTENNA__365__A/DIODE      0.7500         3.0456        -2.2956  (VIOLATED)
   _361_/A                    0.7500         3.0444        -2.2944  (VIOLATED)
   ANTENNA__361__A/DIODE      0.7500         3.0443        -2.2943  (VIOLATED)
   _359_/A                    0.7500         3.0439        -2.2939  (VIOLATED)
   ANTENNA__359__A/DIODE      0.7500         3.0438        -2.2938  (VIOLATED)
   _357_/A                    0.7500         3.0437        -2.2937  (VIOLATED)
   ANTENNA__374__A/DIODE      0.7500         3.0432        -2.2932  (VIOLATED)
   ANTENNA__357__A/DIODE      0.7500         3.0432        -2.2932  (VIOLATED)
   _360_/A                    0.7500         3.0426        -2.2926  (VIOLATED)
   ANTENNA__360__A/DIODE      0.7500         3.0426        -2.2926  (VIOLATED)
   ANTENNA__356__A/DIODE      0.7500         3.0426        -2.2926  (VIOLATED)
   ANTENNA__367__A/DIODE      0.7500         3.0405        -2.2905  (VIOLATED)
   ANTENNA__368__A/DIODE      0.7500         3.0405        -2.2905  (VIOLATED)
   _368_/A                    0.7500         3.0405        -2.2905  (VIOLATED)
   _367_/A                    0.7500         3.0405        -2.2905  (VIOLATED)
   ANTENNA__366__A/DIODE      0.7500         3.0405        -2.2905  (VIOLATED)
   _366_/A                    0.7500         3.0405        -2.2905  (VIOLATED)
   _352_/A_N                  0.7500         3.0405        -2.2905  (VIOLATED)
   ANTENNA__352__A_N/DIODE    0.7500         3.0405        -2.2905  (VIOLATED)
   ANTENNA__351__A1/DIODE     0.7500         3.0405        -2.2905  (VIOLATED)
   ANTENNA__354__A1/DIODE     0.7500         3.0405        -2.2905  (VIOLATED)
   _351_/A1                   0.7500         3.0405        -2.2905  (VIOLATED)
   _354_/A1                   0.7500         3.0405        -2.2905  (VIOLATED)
   ANTENNA__296__B/DIODE      0.7500         3.0405        -2.2905  (VIOLATED)
   ANTENNA__334__B2/DIODE     0.7500         3.0405        -2.2905  (VIOLATED)
   _334_/B2                   0.7500         3.0405        -2.2905  (VIOLATED)
   _296_/B                    0.7500         3.0405        -2.2905  (VIOLATED)
   _348_/A1                   0.7500         3.0405        -2.2905  (VIOLATED)
   ANTENNA__348__A1/DIODE     0.7500         3.0405        -2.2905  (VIOLATED)
   _350_/B2                   0.7500         3.0405        -2.2905  (VIOLATED)
   _342_/A1                   0.7500         3.0405        -2.2905  (VIOLATED)
   ANTENNA__342__A1/DIODE     0.7500         3.0405        -2.2905  (VIOLATED)
   ANTENNA__337__A1/DIODE     0.7500         3.0405        -2.2905  (VIOLATED)
   _337_/A1                   0.7500         3.0405        -2.2905  (VIOLATED)
   ANTENNA__343__A1/DIODE     0.7500         3.0405        -2.2905  (VIOLATED)
   _341_/B2                   0.7500         3.0405        -2.2905  (VIOLATED)
   ANTENNA__341__B2/DIODE     0.7500         3.0405        -2.2905  (VIOLATED)
   ANTENNA__350__B2/DIODE     0.7500         3.0405        -2.2905  (VIOLATED)
   _374_/A                    0.7500         3.0404        -2.2904  (VIOLATED)
   _375_/A                    0.7500         3.0404        -2.2904  (VIOLATED)
   ANTENNA__319__A1/DIODE     0.7500         3.0403        -2.2903  (VIOLATED)
   ANTENNA__363__A/DIODE      0.7500         3.0403        -2.2903  (VIOLATED)
   _363_/A                    0.7500         3.0403        -2.2903  (VIOLATED)
   ANTENNA__288__A/DIODE      0.7500         3.0403        -2.2903  (VIOLATED)
   ANTENNA__293__A_N/DIODE    0.7500         3.0403        -2.2903  (VIOLATED)
   _293_/A_N                  0.7500         3.0403        -2.2903  (VIOLATED)
   ANTENNA__346__B2/DIODE     0.7500         3.0403        -2.2903  (VIOLATED)
   ANTENNA__314__A1/DIODE     0.7500         3.0403        -2.2903  (VIOLATED)
   ANTENNA__326__A1/DIODE     0.7500         3.0403        -2.2903  (VIOLATED)
   _326_/A1                   0.7500         3.0403        -2.2903  (VIOLATED)
   _319_/A1                   0.7500         3.0403        -2.2903  (VIOLATED)
   _314_/A1                   0.7500         3.0403        -2.2903  (VIOLATED)
   ANTENNA__312__A1/DIODE     0.7500         3.0403        -2.2903  (VIOLATED)
   _317_/A1                   0.7500         3.0403        -2.2903  (VIOLATED)
   _288_/A                    0.7500         3.0403        -2.2903  (VIOLATED)
   _312_/A1                   0.7500         3.0403        -2.2903  (VIOLATED)
   _346_/B2                   0.7500         3.0403        -2.2903  (VIOLATED)
   _343_/A1                   0.7500         3.0403        -2.2903  (VIOLATED)
   _310_/A1                   0.7500         3.0403        -2.2903  (VIOLATED)
   _309_/A1                   0.7500         3.0403        -2.2903  (VIOLATED)
   ANTENNA__310__A1/DIODE     0.7500         3.0403        -2.2903  (VIOLATED)
   ANTENNA__377__A/DIODE      0.7500         3.0402        -2.2902  (VIOLATED)
   _377_/A                    0.7500         3.0402        -2.2902  (VIOLATED)
   ANTENNA__295__A1/DIODE     0.7500         3.0402        -2.2902  (VIOLATED)
   _295_/A1                   0.7500         3.0402        -2.2902  (VIOLATED)
   _305_/A1                   0.7500         3.0402        -2.2902  (VIOLATED)
   ANTENNA__299__A1/DIODE     0.7500         3.0402        -2.2902  (VIOLATED)
   _299_/A1                   0.7500         3.0402        -2.2902  (VIOLATED)
   _300_/A1                   0.7500         3.0402        -2.2902  (VIOLATED)
   ANTENNA__305__A1/DIODE     0.7500         3.0402        -2.2902  (VIOLATED)
   ANTENNA__300__A1/DIODE     0.7500         3.0402        -2.2902  (VIOLATED)
   ANTENNA__313__B/DIODE      0.7500         3.0402        -2.2902  (VIOLATED)
   _289_/A2                   0.7500         3.0402        -2.2902  (VIOLATED)
   ANTENNA__306__A1/DIODE     0.7500         3.0402        -2.2902  (VIOLATED)
   ANTENNA__316__B2/DIODE     0.7500         3.0402        -2.2902  (VIOLATED)
   _302_/A1                   0.7500         3.0402        -2.2902  (VIOLATED)
   ANTENNA__317__A1/DIODE     0.7500         3.0402        -2.2902  (VIOLATED)
   ANTENNA__309__A1/DIODE     0.7500         3.0402        -2.2902  (VIOLATED)
   _306_/A1                   0.7500         3.0402        -2.2902  (VIOLATED)
   _316_/B2                   0.7500         3.0402        -2.2902  (VIOLATED)
   _313_/B                    0.7500         3.0402        -2.2902  (VIOLATED)
   ANTENNA__302__A1/DIODE     0.7500         3.0401        -2.2901  (VIOLATED)
   ANTENNA__378__A/DIODE      0.7500         3.0401        -2.2901  (VIOLATED)
   _378_/A                    0.7500         3.0401        -2.2901  (VIOLATED)
   ANTENNA__289__A2/DIODE     0.7500         3.0401        -2.2901  (VIOLATED)
   dco                        0.7500         3.0400        -2.2900  (VIOLATED)
   _376_/B                    0.7500         1.4980        -0.7480  (VIOLATED)
   _374_/B                    0.7500         1.4978        -0.7478  (VIOLATED)
   _375_/B                    0.7500         1.4976        -0.7476  (VIOLATED)
   _378_/B                    0.7500         1.4976        -0.7476  (VIOLATED)
   _377_/B                    0.7500         1.4976        -0.7476  (VIOLATED)
   _363_/B                    0.7500         1.4964        -0.7464  (VIOLATED)
   _360_/B                    0.7500         1.4963        -0.7463  (VIOLATED)
   _359_/B                    0.7500         1.4961        -0.7461  (VIOLATED)
   _367_/B                    0.7500         1.4959        -0.7459  (VIOLATED)
   ringosc.iss.reseten0/TE    0.7500         1.4959        -0.7459  (VIOLATED)
   ringosc.iss.ctrlen0/A      0.7500         1.4959        -0.7459  (VIOLATED)
   _368_/B                    0.7500         1.4959        -0.7459  (VIOLATED)
   _366_/B                    0.7500         1.4958        -0.7458  (VIOLATED)
   _369_/B                    0.7500         1.4956        -0.7456  (VIOLATED)
   _364_/B                    0.7500         1.4956        -0.7456  (VIOLATED)
   _372_/B                    0.7500         1.4955        -0.7455  (VIOLATED)
   _358_/B                    0.7500         1.4955        -0.7455  (VIOLATED)
   _373_/B                    0.7500         1.4954        -0.7454  (VIOLATED)
   _370_/B                    0.7500         1.4953        -0.7453  (VIOLATED)
   _362_/B                    0.7500         1.4953        -0.7453  (VIOLATED)
   _365_/B                    0.7500         1.4952        -0.7452  (VIOLATED)
   _371_/B                    0.7500         1.4947        -0.7447  (VIOLATED)
   _356_/B                    0.7500         1.4945        -0.7445  (VIOLATED)
   _361_/B                    0.7500         1.4942        -0.7442  (VIOLATED)
   _357_/B                    0.7500         1.4941        -0.7441  (VIOLATED)
   _355_/Y                    0.7500         1.4933        -0.7433  (VIOLATED)
   _181_/Y                    0.7500         1.2479        -0.4979  (VIOLATED)
   _285_/S                    0.7500         1.2473        -0.4973  (VIOLATED)
   _183_/S                    0.7500         1.2466        -0.4966  (VIOLATED)
   _184_/S                    0.7500         1.2466        -0.4966  (VIOLATED)
   _284_/B                    0.7500         1.2464        -0.4964  (VIOLATED)
   _275_/B1                   0.7500         1.2464        -0.4964  (VIOLATED)
   _186_/S                    0.7500         1.2464        -0.4964  (VIOLATED)
   _277_/C1                   0.7500         1.2463        -0.4963  (VIOLATED)
   _187_/S                    0.7500         1.2463        -0.4963  (VIOLATED)
   _185_/S                    0.7500         1.2463        -0.4963  (VIOLATED)
   ringosc.dstage[0].id.delaybuf0/A   0.7500   1.2008      -0.4508  (VIOLATED)
   ringosc.ibufp00/A          0.7500         1.2008        -0.4508  (VIOLATED)
   ringosc.iss.reseten0/Z     0.7500         1.2008        -0.4508  (VIOLATED)
   ringosc.iss.delaybuf0/A    0.7500         0.9982        -0.2482  (VIOLATED)
   ringosc.iss.delayenb0/A    0.7500         0.9982        -0.2482  (VIOLATED)
   ringosc.iss.delayenb1/A    0.7500         0.9982        -0.2482  (VIOLATED)
   ringosc.dstage[11].id.delayen0/Z   0.7500   0.9982      -0.2482  (VIOLATED)
   _269_/A                    0.7500         0.9170        -0.1670  (VIOLATED)
   _243_/A2                   0.7500         0.9167        -0.1667  (VIOLATED)
   _249_/B                    0.7500         0.9166        -0.1666  (VIOLATED)
   _250_/B                    0.7500         0.9166        -0.1666  (VIOLATED)
   _263_/A1                   0.7500         0.9166        -0.1666  (VIOLATED)
   _252_/B2                   0.7500         0.9166        -0.1666  (VIOLATED)
   _233_/C_N                  0.7500         0.9165        -0.1665  (VIOLATED)
   _251_/A1                   0.7500         0.9165        -0.1665  (VIOLATED)
   _254_/B                    0.7500         0.9165        -0.1665  (VIOLATED)
   _253_/B2                   0.7500         0.9163        -0.1663  (VIOLATED)
   _245_/B                    0.7500         0.9163        -0.1663  (VIOLATED)
   _246_/B                    0.7500         0.9162        -0.1662  (VIOLATED)
   _244_/B                    0.7500         0.9162        -0.1662  (VIOLATED)
   _227_/X                    0.7500         0.9160        -0.1660  (VIOLATED)


1
