****************************************
Report : global_timing
	-format { narrow }
	-separate_all_groups
Design : caravel
Version: T-2022.03-SP3
Date   : Sun Oct 30 12:30:25 2022
****************************************

Setup violations for paths in **clock_gating_default**
--------------------------------------------------------------
          Total   reg->reg    in->reg   reg->out    in->out
--------------------------------------------------------------
WNS     -6.8119    -6.8119     0.0000     0.0000     0.0000
TNS  -8339.3566 -8339.3566     0.0000     0.0000     0.0000
NUM        1536       1536          0          0          0
--------------------------------------------------------------

Setup violations for paths in clk
--------------------------------------------------------------
          Total   reg->reg    in->reg   reg->out    in->out
--------------------------------------------------------------
WNS    -15.7870   -15.7870     0.0000   -10.9398     0.0000
TNS  -4769.2076 -4744.4753     0.0000   -24.7323     0.0000
NUM         981        978          0          3          0
--------------------------------------------------------------


1
