****************************************
Report : global_timing
	-format { narrow }
	-separate_all_groups
Design : caravan
Version: T-2022.03-SP3
Date   : Thu Jun  1 06:12:16 2023
****************************************

Setup violations for paths in **clock_gating_default**
--------------------------------------------------------------
          Total   reg->reg    in->reg   reg->out    in->out
--------------------------------------------------------------
WNS     -5.8072    -5.8072     0.0000     0.0000     0.0000
TNS  -4580.5860 -4580.5860     0.0000     0.0000     0.0000
NUM        1536       1536          0          0          0
--------------------------------------------------------------

Setup violations for paths in clk
---------------------------------------------------------
         Total  reg->reg   in->reg  reg->out   in->out
---------------------------------------------------------
WNS    -0.2832   -0.2832    0.0000    0.0000    0.0000
TNS    -0.2832   -0.2832    0.0000    0.0000    0.0000
NUM          1         1         0         0         0
---------------------------------------------------------


1
