
===========================================================================
 report_check_types -max_slew -max_cap -max_fanout -violators
============================================================================
max fanout

Pin                                   Limit Fanout  Slack
---------------------------------------------------------
dco                                       6    108   -102 (VIOLATED)
_355_/Y                                   6     25    -19 (VIOLATED)
ringosc.ibufp01/Y                         6     24    -18 (VIOLATED)
_227_/X                                   6     13     -7 (VIOLATED)
_393_/Q                                   6     11     -5 (VIOLATED)
_292_/Y                                   6     10     -4 (VIOLATED)
_390_/Q                                   6     10     -4 (VIOLATED)
_181_/Y                                   6      9     -3 (VIOLATED)
_228_/X                                   6      9     -3 (VIOLATED)
_243_/X                                   6      8     -2 (VIOLATED)
_293_/X                                   6      8     -2 (VIOLATED)
_382_/Q                                   6      8     -2 (VIOLATED)
_391_/Q                                   6      8     -2 (VIOLATED)
_392_/Q                                   6      8     -2 (VIOLATED)
_241_/Y                                   6      7        (VIOLATED)


===========================================================================
max slew violation count 0
max fanout violation count 15
max cap violation count 0
============================================================================
