Instance name,  X location,  Y location,  Voltage 
ringosc.dstage\[9\].id.delayen0, 61.84, 68, 1.8
ringosc.dstage\[9\].id.delayen1, 61.84, 68, 1.8
ANTENNA__412__A2, 61.84, 62.56, 1.8
_367_, 61.84, 62.56, 1.8
ringosc.dstage\[10\].id.delayen0, 61.84, 62.56, 1.8
ringosc.dstage\[8\].id.delaybuf1, 61.84, 62.56, 1.8
ringosc.dstage\[9\].id.delayenb0, 61.84, 62.56, 1.8
_393_, 61.84, 57.12, 1.8
_398_, 61.84, 57.12, 1.8
_410_, 61.84, 57.12, 1.8
ringosc.dstage\[10\].id.delayenb0, 61.84, 57.12, 1.8
ringosc.dstage\[10\].id.delayenb1, 61.84, 57.12, 1.8
ringosc.iss.delayint0, 61.84, 57.12, 1.8
ANTENNA__386__B1, 61.84, 51.68, 1.8
_388_, 61.84, 51.68, 1.8
ringosc.dstage\[11\].id.delayen0, 61.84, 51.68, 1.8
ringosc.dstage\[11\].id.delayenb0, 61.84, 51.68, 1.8
ringosc.iss.delayenb1, 61.84, 51.68, 1.8
_267_, 61.84, 46.24, 1.8
ringosc.dstage\[11\].id.delayen1, 61.84, 46.24, 1.8
ringosc.iss.ctrlen0, 61.84, 46.24, 1.8
ringosc.iss.delayen0, 61.84, 46.24, 1.8
ringosc.iss.delayen1, 61.84, 46.24, 1.8
ringosc.iss.delayenb0, 61.84, 46.24, 1.8
ANTENNA__384__B, 61.84, 40.8, 1.8
ANTENNA__391__A2, 61.84, 40.8, 1.8
ANTENNA__415__A2, 61.84, 40.8, 1.8
_222_, 61.84, 40.8, 1.8
_285_, 61.84, 40.8, 1.8
_299_, 61.84, 40.8, 1.8
_413_, 61.84, 40.8, 1.8
_414_, 61.84, 40.8, 1.8
ringosc.dstage\[11\].id.delayenb1, 61.84, 40.8, 1.8
_297_, 61.84, 35.36, 1.8
_300_, 61.84, 35.36, 1.8
_264_, 61.84, 29.92, 1.8
_286_, 61.84, 29.92, 1.8
_287_, 61.84, 29.92, 1.8
_292_, 61.84, 29.92, 1.8
_296_, 61.84, 29.92, 1.8
ringosc.dstage\[11\].id.delayint0, 61.84, 29.92, 1.8
FILLER_7_109, 61.84, 24.48, 1.8
FILLER_7_122, 61.84, 24.48, 1.8
_301_, 61.84, 24.48, 1.8
_303_, 61.84, 24.48, 1.8
_305_, 61.84, 24.48, 1.8
_306_, 61.84, 24.48, 1.8
_302_, 61.84, 19.04, 1.8
_458_, 61.84, 19.04, 1.8
_272_, 61.84, 13.6, 1.8
_276_, 61.84, 13.6, 1.8
_288_, 61.84, 13.6, 1.8
_435_, 61.84, 13.6, 1.8
ANTENNA__460__D, 61.84, 8.16, 1.8
_209_, 61.84, 8.16, 1.8
_437_, 61.84, 8.16, 1.8
_439_, 61.84, 8.16, 1.8
_460_, 61.84, 8.16, 1.8
ringosc.dstage\[6\].id.delaybuf0, 21.84, 68, 1.8
ringosc.dstage\[6\].id.delayen1, 21.84, 68, 1.8
ANTENNA__366__A2, 21.84, 62.56, 1.8
ringosc.dstage\[6\].id.delaybuf1, 21.84, 62.56, 1.8
ringosc.dstage\[6\].id.delayen0, 21.84, 62.56, 1.8
ringosc.dstage\[6\].id.delayenb0, 21.84, 62.56, 1.8
ringosc.dstage\[6\].id.delayenb1, 21.84, 62.56, 1.8
_362_, 21.84, 57.12, 1.8
_364_, 21.84, 57.12, 1.8
_366_, 21.84, 57.12, 1.8
ringosc.dstage\[5\].id.delaybuf1, 21.84, 57.12, 1.8
ringosc.dstage\[5\].id.delayenb1, 21.84, 57.12, 1.8
ringosc.dstage\[5\].id.delayint0, 21.84, 57.12, 1.8
ringosc.dstage\[6\].id.delayint0, 21.84, 57.12, 1.8
ANTENNA__365__A2, 21.84, 51.68, 1.8
ANTENNA__397__B1, 21.84, 51.68, 1.8
_365_, 21.84, 51.68, 1.8
ringosc.dstage\[1\].id.delaybuf1, 21.84, 51.68, 1.8
ringosc.dstage\[1\].id.delayen1, 21.84, 51.68, 1.8
ringosc.dstage\[1\].id.delayenb0, 21.84, 51.68, 1.8
ringosc.dstage\[1\].id.delayenb1, 21.84, 51.68, 1.8
ANTENNA__353__A2, 21.84, 46.24, 1.8
ringosc.dstage\[0\].id.delaybuf1, 21.84, 46.24, 1.8
ringosc.dstage\[0\].id.delayen1, 21.84, 46.24, 1.8
ringosc.dstage\[1\].id.delaybuf0, 21.84, 46.24, 1.8
ringosc.dstage\[1\].id.delayen0, 21.84, 46.24, 1.8
ringosc.dstage\[2\].id.delaybuf0, 21.84, 46.24, 1.8
ringosc.dstage\[2\].id.delayen1, 21.84, 46.24, 1.8
ANTENNA__370__A, 21.84, 40.8, 1.8
_342_, 21.84, 40.8, 1.8
_443_, 21.84, 40.8, 1.8
ringosc.dstage\[0\].id.delayen0, 21.84, 40.8, 1.8
ringosc.dstage\[0\].id.delayenb0, 21.84, 40.8, 1.8
ringosc.dstage\[0\].id.delayenb1, 21.84, 40.8, 1.8
ANTENNA__342__A1, 21.84, 35.36, 1.8
_326_, 21.84, 35.36, 1.8
_417_, 21.84, 35.36, 1.8
_442_, 21.84, 35.36, 1.8
_452_, 21.84, 35.36, 1.8
ringosc.ibufp01, 21.84, 35.36, 1.8
ANTENNA__416__B, 21.84, 29.92, 1.8
_239_, 21.84, 29.92, 1.8
_254_, 21.84, 29.92, 1.8
_322_, 21.84, 29.92, 1.8
_323_, 21.84, 29.92, 1.8
_324_, 21.84, 29.92, 1.8
_241_, 21.84, 24.48, 1.8
_325_, 21.84, 24.48, 1.8
_451_, 21.84, 24.48, 1.8
_465_, 21.84, 24.48, 1.8
ANTENNA__232__B2, 21.84, 19.04, 1.8
_215_, 21.84, 19.04, 1.8
_234_, 21.84, 19.04, 1.8
_235_, 21.84, 19.04, 1.8
_237_, 21.84, 19.04, 1.8
_238_, 21.84, 19.04, 1.8
_329_, 21.84, 19.04, 1.8
ANTENNA__259__B1, 21.84, 13.6, 1.8
_226_, 21.84, 13.6, 1.8
_227_, 21.84, 13.6, 1.8
_243_, 21.84, 13.6, 1.8
_244_, 21.84, 13.6, 1.8
_327_, 21.84, 13.6, 1.8
_332_, 21.84, 13.6, 1.8
_217_, 21.84, 8.16, 1.8
_221_, 21.84, 8.16, 1.8
_330_, 21.84, 8.16, 1.8
_422_, 21.84, 8.16, 1.8
_448_, 21.84, 8.16, 1.8
_449_, 21.84, 8.16, 1.8
PHY_44, 5.52, 68, 1.8
ANTENNA__411__B1, 69.46, 68, 1.8
PHY_45, 69.46, 68, 1.8
ringosc.dstage\[4\].id.delayen0, 13.68, 68, 1.8
ANTENNA__369__A2, 35.173, 68, 1.8
ANTENNA__399__A2, 35.173, 68, 1.8
FILLER_22_50, 35.173, 68, 1.8
ringosc.dstage\[10\].id.delaybuf1, 35.173, 68, 1.8
ringosc.dstage\[7\].id.delaybuf0, 35.173, 68, 1.8
ringosc.dstage\[8\].id.delayen1, 48.506, 68, 1.8
ringosc.dstage\[8\].id.delayint0, 48.506, 68, 1.8
ringosc.dstage\[9\].id.delaybuf1, 48.506, 68, 1.8
ringosc.dstage\[9\].id.delayint0, 48.506, 68, 1.8
ANTENNA__357__A2, 5.52, 62.56, 1.8
PHY_40, 5.52, 62.56, 1.8
PHY_42, 5.52, 62.56, 1.8
_357_, 5.52, 62.56, 1.8
ringosc.dstage\[4\].id.delayen1, 5.52, 62.56, 1.8
ringosc.dstage\[4\].id.delayint0, 5.52, 62.56, 1.8
PHY_41, 69.46, 62.56, 1.8
PHY_43, 69.46, 62.56, 1.8
ringosc.dstage\[10\].id.delaybuf0, 69.46, 62.56, 1.8
ANTENNA__360__A2, 13.68, 62.56, 1.8
_360_, 13.68, 62.56, 1.8
ringosc.dstage\[4\].id.delaybuf1, 13.68, 62.56, 1.8
ringosc.dstage\[5\].id.delayenb0, 13.68, 62.56, 1.8
_369_, 35.173, 62.56, 1.8
_378_, 35.173, 62.56, 1.8
ringosc.dstage\[7\].id.delaybuf1, 35.173, 62.56, 1.8
ringosc.dstage\[7\].id.delayen0, 35.173, 62.56, 1.8
ringosc.dstage\[7\].id.delayenb0, 35.173, 62.56, 1.8
ringosc.dstage\[7\].id.delayenb1, 35.173, 62.56, 1.8
ringosc.dstage\[7\].id.delayint0, 35.173, 62.56, 1.8
ringosc.dstage\[8\].id.delaybuf0, 35.173, 62.56, 1.8
ANTENNA__407__B1, 48.506, 62.56, 1.8
ANTENNA__409__A2, 48.506, 62.56, 1.8
_399_, 48.506, 62.56, 1.8
ringosc.dstage\[10\].id.delayen1, 48.506, 62.56, 1.8
ringosc.dstage\[8\].id.delayen0, 48.506, 62.56, 1.8
ringosc.dstage\[8\].id.delayenb0, 48.506, 62.56, 1.8
ringosc.dstage\[8\].id.delayenb1, 48.506, 62.56, 1.8
ringosc.dstage\[9\].id.delaybuf0, 48.506, 62.56, 1.8
ANTENNA__354__A2, 5.52, 57.12, 1.8
PHY_36, 5.52, 57.12, 1.8
PHY_38, 5.52, 57.12, 1.8
ringosc.dstage\[4\].id.delayenb0, 5.52, 57.12, 1.8
ringosc.dstage\[4\].id.delayenb1, 5.52, 57.12, 1.8
PHY_37, 69.46, 57.12, 1.8
PHY_39, 69.46, 57.12, 1.8
ringosc.dstage\[11\].id.delaybuf0, 69.46, 57.12, 1.8
ANTENNA__362__A2, 13.68, 57.12, 1.8
_354_, 13.68, 57.12, 1.8
ringosc.dstage\[4\].id.delaybuf0, 13.68, 57.12, 1.8
ringosc.dstage\[5\].id.delaybuf0, 13.68, 57.12, 1.8
ringosc.dstage\[5\].id.delayen0, 13.68, 57.12, 1.8
ANTENNA__372__A, 35.173, 57.12, 1.8
ANTENNA__375__B1, 35.173, 57.12, 1.8
ANTENNA__377__A2, 35.173, 57.12, 1.8
_359_, 35.173, 57.12, 1.8
_376_, 35.173, 57.12, 1.8
_377_, 35.173, 57.12, 1.8
_379_, 35.173, 57.12, 1.8
_407_, 35.173, 57.12, 1.8
ringosc.dstage\[7\].id.delayen1, 35.173, 57.12, 1.8
_372_, 48.506, 57.12, 1.8
_373_, 48.506, 57.12, 1.8
_387_, 48.506, 57.12, 1.8
_390_, 48.506, 57.12, 1.8
_395_, 48.506, 57.12, 1.8
_397_, 48.506, 57.12, 1.8
_408_, 48.506, 57.12, 1.8
ringosc.dstage\[10\].id.delayint0, 48.506, 57.12, 1.8
ringosc.dstage\[9\].id.delayenb1, 48.506, 57.12, 1.8
PHY_32, 5.52, 51.68, 1.8
PHY_34, 5.52, 51.68, 1.8
ringosc.dstage\[3\].id.delayen0, 5.52, 51.68, 1.8
ringosc.dstage\[3\].id.delayenb0, 5.52, 51.68, 1.8
ringosc.dstage\[3\].id.delayint0, 5.52, 51.68, 1.8
PHY_33, 69.46, 51.68, 1.8
PHY_35, 69.46, 51.68, 1.8
_392_, 69.46, 51.68, 1.8
_353_, 13.68, 51.68, 1.8
ringosc.dstage\[5\].id.delayen1, 13.68, 51.68, 1.8
ANTENNA__379__A2, 35.173, 51.68, 1.8
ANTENNA__383__A2, 35.173, 51.68, 1.8
_347_, 35.173, 51.68, 1.8
_350_, 35.173, 51.68, 1.8
_358_, 35.173, 51.68, 1.8
_368_, 35.173, 51.68, 1.8
_375_, 35.173, 51.68, 1.8
_383_, 35.173, 51.68, 1.8
_400_, 35.173, 51.68, 1.8
_401_, 35.173, 51.68, 1.8
ringosc.dstage\[1\].id.delayint0, 35.173, 51.68, 1.8
_389_, 48.506, 51.68, 1.8
_394_, 48.506, 51.68, 1.8
_396_, 48.506, 51.68, 1.8
_409_, 48.506, 51.68, 1.8
_411_, 48.506, 51.68, 1.8
_412_, 48.506, 51.68, 1.8
ringosc.iss.delaybuf0, 48.506, 51.68, 1.8
PHY_28, 5.52, 46.24, 1.8
PHY_30, 5.52, 46.24, 1.8
ringosc.dstage\[2\].id.delayint0, 5.52, 46.24, 1.8
ringosc.dstage\[3\].id.delaybuf1, 5.52, 46.24, 1.8
ringosc.dstage\[3\].id.delayen1, 5.52, 46.24, 1.8
ringosc.dstage\[3\].id.delayenb1, 5.52, 46.24, 1.8
PHY_29, 69.46, 46.24, 1.8
PHY_31, 69.46, 46.24, 1.8
_224_, 69.46, 46.24, 1.8
ringosc.iss.const1, 69.46, 46.24, 1.8
_351_, 13.68, 46.24, 1.8
ringosc.dstage\[2\].id.delaybuf1, 13.68, 46.24, 1.8
ringosc.dstage\[2\].id.delayen0, 13.68, 46.24, 1.8
ringosc.dstage\[3\].id.delaybuf0, 13.68, 46.24, 1.8
ANTENNA__348__A_N, 35.173, 46.24, 1.8
_308_, 35.173, 46.24, 1.8
_348_, 35.173, 46.24, 1.8
_349_, 35.173, 46.24, 1.8
_356_, 35.173, 46.24, 1.8
_371_, 35.173, 46.24, 1.8
_374_, 35.173, 46.24, 1.8
_402_, 35.173, 46.24, 1.8
_403_, 35.173, 46.24, 1.8
_404_, 35.173, 46.24, 1.8
_265_, 48.506, 46.24, 1.8
_343_, 48.506, 46.24, 1.8
_346_, 48.506, 46.24, 1.8
_382_, 48.506, 46.24, 1.8
_385_, 48.506, 46.24, 1.8
_386_, 48.506, 46.24, 1.8
_391_, 48.506, 46.24, 1.8
_405_, 48.506, 46.24, 1.8
_406_, 48.506, 46.24, 1.8
_415_, 48.506, 46.24, 1.8
PHY_24, 5.52, 40.8, 1.8
PHY_26, 5.52, 40.8, 1.8
ringosc.dstage\[2\].id.delayenb0, 5.52, 40.8, 1.8
ringosc.ibufp10, 5.52, 40.8, 1.8
ringosc.ibufp11, 5.52, 40.8, 1.8
PHY_25, 69.46, 40.8, 1.8
PHY_27, 69.46, 40.8, 1.8
ANTENNA__351__A2, 13.68, 40.8, 1.8
_256_, 13.68, 40.8, 1.8
ringosc.dstage\[0\].id.delayint0, 13.68, 40.8, 1.8
ringosc.dstage\[2\].id.delayenb1, 13.68, 40.8, 1.8
ANTENNA__341__A, 35.173, 40.8, 1.8
_274_, 35.173, 40.8, 1.8
_289_, 35.173, 40.8, 1.8
_312_, 35.173, 40.8, 1.8
_339_, 35.173, 40.8, 1.8
_355_, 35.173, 40.8, 1.8
_361_, 35.173, 40.8, 1.8
_370_, 35.173, 40.8, 1.8
_381_, 35.173, 40.8, 1.8
ringosc.dstage\[0\].id.delaybuf0, 35.173, 40.8, 1.8
ringosc.ibufp00, 35.173, 40.8, 1.8
_270_, 48.506, 40.8, 1.8
_273_, 48.506, 40.8, 1.8
_290_, 48.506, 40.8, 1.8
_294_, 48.506, 40.8, 1.8
_340_, 48.506, 40.8, 1.8
_341_, 48.506, 40.8, 1.8
_344_, 48.506, 40.8, 1.8
_345_, 48.506, 40.8, 1.8
_363_, 48.506, 40.8, 1.8
_380_, 48.506, 40.8, 1.8
_384_, 48.506, 40.8, 1.8
PHY_20, 5.52, 35.36, 1.8
PHY_22, 5.52, 35.36, 1.8
_211_, 5.52, 35.36, 1.8
_251_, 5.52, 35.36, 1.8
_261_, 5.52, 35.36, 1.8
ANTENNA__414__A2, 69.46, 35.36, 1.8
PHY_21, 69.46, 35.36, 1.8
PHY_23, 69.46, 35.36, 1.8
ringosc.dstage\[11\].id.delaybuf1, 69.46, 35.36, 1.8
ANTENNA__352__A, 13.68, 35.36, 1.8
_352_, 13.68, 35.36, 1.8
_444_, 13.68, 35.36, 1.8
_466_, 13.68, 35.36, 1.8
ANTENNA__339__A, 35.173, 35.36, 1.8
_269_, 35.173, 35.36, 1.8
_271_, 35.173, 35.36, 1.8
_295_, 35.173, 35.36, 1.8
_427_, 35.173, 35.36, 1.8
_455_, 35.173, 35.36, 1.8
_456_, 35.173, 35.36, 1.8
ANTENNA__398__A2, 48.506, 35.36, 1.8
FILLER_10_79, 48.506, 35.36, 1.8
_283_, 48.506, 35.36, 1.8
_298_, 48.506, 35.36, 1.8
_310_, 48.506, 35.36, 1.8
_311_, 48.506, 35.36, 1.8
_313_, 48.506, 35.36, 1.8
ringosc.iss.reseten0, 48.506, 35.36, 1.8
PHY_16, 5.52, 29.92, 1.8
PHY_18, 5.52, 29.92, 1.8
_252_, 5.52, 29.92, 1.8
_467_, 5.52, 29.92, 1.8
PHY_17, 69.46, 29.92, 1.8
PHY_19, 69.46, 29.92, 1.8
_223_, 69.46, 29.92, 1.8
_212_, 13.68, 29.92, 1.8
_213_, 13.68, 29.92, 1.8
_214_, 13.68, 29.92, 1.8
_253_, 13.68, 29.92, 1.8
_258_, 13.68, 29.92, 1.8
_262_, 13.68, 29.92, 1.8
_416_, 13.68, 29.92, 1.8
FILLER_9_57, 35.173, 29.92, 1.8
_291_, 35.173, 29.92, 1.8
_430_, 35.173, 29.92, 1.8
_431_, 35.173, 29.92, 1.8
_284_, 48.506, 29.92, 1.8
_293_, 48.506, 29.92, 1.8
_307_, 48.506, 29.92, 1.8
_309_, 48.506, 29.92, 1.8
_314_, 48.506, 29.92, 1.8
_315_, 48.506, 29.92, 1.8
_316_, 48.506, 29.92, 1.8
_459_, 48.506, 29.92, 1.8
ANTENNA__262__A1, 5.52, 24.48, 1.8
PHY_12, 5.52, 24.48, 1.8
PHY_14, 5.52, 24.48, 1.8
_240_, 5.52, 24.48, 1.8
_257_, 5.52, 24.48, 1.8
PHY_13, 69.46, 24.48, 1.8
PHY_15, 69.46, 24.48, 1.8
_266_, 69.46, 24.48, 1.8
ANTENNA__258__B1, 13.68, 24.48, 1.8
ANTENNA__416__A, 13.68, 24.48, 1.8
_242_, 13.68, 24.48, 1.8
_247_, 13.68, 24.48, 1.8
_248_, 13.68, 24.48, 1.8
_255_, 13.68, 24.48, 1.8
FILLER_7_64, 35.173, 24.48, 1.8
_216_, 35.173, 24.48, 1.8
_245_, 35.173, 24.48, 1.8
_328_, 35.173, 24.48, 1.8
_425_, 35.173, 24.48, 1.8
_426_, 35.173, 24.48, 1.8
_432_, 35.173, 24.48, 1.8
_434_, 35.173, 24.48, 1.8
_453_, 35.173, 24.48, 1.8
_268_, 48.506, 24.48, 1.8
_282_, 48.506, 24.48, 1.8
_319_, 48.506, 24.48, 1.8
_320_, 48.506, 24.48, 1.8
_454_, 48.506, 24.48, 1.8
_457_, 48.506, 24.48, 1.8
ANTENNA__247__B1, 5.52, 19.04, 1.8
PHY_10, 5.52, 19.04, 1.8
PHY_8, 5.52, 19.04, 1.8
_250_, 5.52, 19.04, 1.8
_260_, 5.52, 19.04, 1.8
FILLER_4_133, 69.46, 19.04, 1.8
PHY_11, 69.46, 19.04, 1.8
PHY_9, 69.46, 19.04, 1.8
ANTENNA__248__B1, 13.68, 19.04, 1.8
_246_, 13.68, 19.04, 1.8
_259_, 13.68, 19.04, 1.8
_263_, 13.68, 19.04, 1.8
_281_, 13.68, 19.04, 1.8
ANTENNA__232__A1, 35.173, 19.04, 1.8
FILLER_5_78, 35.173, 19.04, 1.8
_321_, 35.173, 19.04, 1.8
_423_, 35.173, 19.04, 1.8
_424_, 35.173, 19.04, 1.8
_428_, 35.173, 19.04, 1.8
_429_, 35.173, 19.04, 1.8
_450_, 35.173, 19.04, 1.8
_275_, 48.506, 19.04, 1.8
_317_, 48.506, 19.04, 1.8
_318_, 48.506, 19.04, 1.8
_335_, 48.506, 19.04, 1.8
_419_, 48.506, 19.04, 1.8
_436_, 48.506, 19.04, 1.8
ANTENNA__247__A1, 5.52, 13.6, 1.8
PHY_4, 5.52, 13.6, 1.8
PHY_6, 5.52, 13.6, 1.8
_278_, 5.52, 13.6, 1.8
_279_, 5.52, 13.6, 1.8
FILLER_2_132, 69.46, 13.6, 1.8
PHY_5, 69.46, 13.6, 1.8
PHY_7, 69.46, 13.6, 1.8
_304_, 69.46, 13.6, 1.8
ANTENNA__249__A, 13.68, 13.6, 1.8
_232_, 13.68, 13.6, 1.8
_236_, 13.68, 13.6, 1.8
_249_, 13.68, 13.6, 1.8
_280_, 13.68, 13.6, 1.8
_225_, 35.173, 13.6, 1.8
_230_, 35.173, 13.6, 1.8
_231_, 35.173, 13.6, 1.8
_331_, 35.173, 13.6, 1.8
_421_, 35.173, 13.6, 1.8
_446_, 35.173, 13.6, 1.8
_277_, 48.506, 13.6, 1.8
_333_, 48.506, 13.6, 1.8
_337_, 48.506, 13.6, 1.8
_418_, 48.506, 13.6, 1.8
_445_, 48.506, 13.6, 1.8
_462_, 48.506, 13.6, 1.8
ANTENNA__228__A, 5.52, 8.16, 1.8
PHY_0, 5.52, 8.16, 1.8
PHY_2, 5.52, 8.16, 1.8
_233_, 5.52, 8.16, 1.8
clockp_buffer_0, 5.52, 8.16, 1.8
clockp_buffer_1, 5.52, 8.16, 1.8
FILLER_0_132, 69.46, 8.16, 1.8
PHY_1, 69.46, 8.16, 1.8
PHY_3, 69.46, 8.16, 1.8
_218_, 13.68, 8.16, 1.8
_228_, 13.68, 8.16, 1.8
_464_, 13.68, 8.16, 1.8
ANTENNA__279__A, 35.173, 8.16, 1.8
_210_, 35.173, 8.16, 1.8
_219_, 35.173, 8.16, 1.8
_220_, 35.173, 8.16, 1.8
_229_, 35.173, 8.16, 1.8
_336_, 35.173, 8.16, 1.8
_440_, 35.173, 8.16, 1.8
_441_, 35.173, 8.16, 1.8
_463_, 35.173, 8.16, 1.8
FILLER_1_79, 48.506, 8.16, 1.8
_334_, 48.506, 8.16, 1.8
_338_, 48.506, 8.16, 1.8
_420_, 48.506, 8.16, 1.8
_433_, 48.506, 8.16, 1.8
_438_, 48.506, 8.16, 1.8
_447_, 48.506, 8.16, 1.8
_461_, 48.506, 8.16, 1.8

