****************************************
Report : timing
	-path_type full_clock_expanded
	-delay_type max
	-nets
	-nworst 10
	-slack_lesser_than 10.0000
	-max_paths 10000
	-transition_time
	-capacitance
	-sort_by slack
	-include_hierarchical_pins
Design : housekeeping
Version: T-2022.03-SP3
Date   : Tue Oct 18 15:33:33 2022
****************************************


  Startpoint: wb_clk_i (clock source 'wb_clk_i')
  Endpoint: mgmt_gpio_out[14]
               (output port clocked by wb_clk_i)
  Path Group: wb_clk_i
  Path Type: max

  Point                                               Fanout    Cap      Trans       Incr       Path
  -----------------------------------------------------------------------------------------------------
  clock wb_clk_i (fall edge)                                                      12.5000    12.5000
  clock source latency                                                             0.0000    12.5000
  wb_clk_i (in)                                                         0.0000     0.0000 &  12.5000 f
  wb_clk_i (net)                                         2   0.0597 
  clkbuf_0_wb_clk_i/X (sky130_fd_sc_hd__clkbuf_16)                      0.0363     0.1108 &  12.6108 f
  clknet_0_wb_clk_i (net)                                2   0.0368 
  clkbuf_1_1_0_wb_clk_i/X (sky130_fd_sc_hd__clkbuf_8)                   0.0227     0.0916 &  12.7025 f
  clknet_1_1_0_wb_clk_i (net)                            1   0.0090 
  clkbuf_1_1_1_wb_clk_i/X (sky130_fd_sc_hd__clkbuf_8)                   0.0425     0.1043 &  12.8067 f
  clknet_1_1_1_wb_clk_i (net)                            2   0.0358 
  clkbuf_2_3_0_wb_clk_i/X (sky130_fd_sc_hd__clkbuf_8)                   0.0275     0.1010 &  12.9078 f
  clknet_2_3_0_wb_clk_i (net)                            2   0.0161 
  clkbuf_3_7_0_wb_clk_i/X (sky130_fd_sc_hd__clkbuf_8)                   0.0766     0.1358 &  13.0436 f
  clknet_3_7_0_wb_clk_i (net)                           12   0.0888 
  _3937_/X (sky130_fd_sc_hd__mux2_1)                                    0.0469     0.1790 &  13.2226 f
  mgmt_gpio_out_14_prebuff (net)                         1   0.0048 
  mgmt_gpio_14_buff_inst/X (sky130_fd_sc_hd__clkbuf_8)                  0.1605     0.2080 &  13.4306 f
  mgmt_gpio_out[14] (net)                                1   0.2113 
  mgmt_gpio_out[14] (out)                                               0.1608     0.0049 &  13.4355 f
  data arrival time                                                                          13.4355

  clock wb_clk_i (rise edge)                                                      25.0000    25.0000
  clock reconvergence pessimism                                                    0.0000    25.0000
  clock uncertainty                                                               -0.1000    24.9000
  output external delay                                                           -4.0000    20.9000
  data required time                                                                         20.9000
  -----------------------------------------------------------------------------------------------------
  data required time                                                                         20.9000
  data arrival time                                                                         -13.4355
  -----------------------------------------------------------------------------------------------------
  slack (MET)                                                                                 7.4645


  Startpoint: user_clock (clock source 'user_clock')
  Endpoint: mgmt_gpio_out[15]
               (output port clocked by wb_clk_i)
  Path Group: wb_clk_i
  Path Type: max

  Point                                               Fanout    Cap      Trans       Incr       Path
  -----------------------------------------------------------------------------------------------------
  clock user_clock (fall edge)                                                    12.5000    12.5000
  clock source latency                                                             0.0000    12.5000
  user_clock (in)                                                       0.0000     0.0000 &  12.5000 f
  user_clock (net)                                       4   0.1318 
  _3936_/X (sky130_fd_sc_hd__mux2_1)                                    0.0442     0.2093 &  12.7093 f
  mgmt_gpio_out_15_prebuff (net)                         1   0.0040 
  mgmt_gpio_15_buff_inst/X (sky130_fd_sc_hd__clkbuf_8)                  0.1596     0.2069 &  12.9162 f
  mgmt_gpio_out[15] (net)                                1   0.2109 
  mgmt_gpio_out[15] (out)                                               0.1599     0.0043 &  12.9205 f
  data arrival time                                                                          12.9205

  clock wb_clk_i (rise edge)                                                      25.0000    25.0000
  clock reconvergence pessimism                                                    0.0000    25.0000
  clock uncertainty                                                               -0.1000    24.9000
  output external delay                                                           -4.0000    20.9000
  data required time                                                                         20.9000
  -----------------------------------------------------------------------------------------------------
  data required time                                                                         20.9000
  data arrival time                                                                         -12.9205
  -----------------------------------------------------------------------------------------------------
  slack (MET)                                                                                 7.9795


1
