****************************************
Report : constraint
	-all_violators
	-path slack_only
Design : housekeeping
Version: T-2022.03-SP3
Date   : Tue Oct 18 15:31:23 2022
****************************************






   max_transition

                             Required        Actual
   Pin                      Transition     Transition        Slack
   -----------------------------------------------------------------
   _6176_/C                   0.7500         0.9455        -0.1955  (VIOLATED)
   _6165_/Y                   0.7500         0.9453        -0.1953  (VIOLATED)
   fanout429/A                0.7500         0.8088        -0.0588  (VIOLATED)
   fanout432/A                0.7500         0.8087        -0.0587  (VIOLATED)
   fanout430/A                0.7500         0.8087        -0.0587  (VIOLATED)
   _5190_/C                   0.7500         0.8084        -0.0584  (VIOLATED)
   _5174_/C1                  0.7500         0.8083        -0.0583  (VIOLATED)
   _5161_/C                   0.7500         0.8081        -0.0581  (VIOLATED)
   _5186_/C                   0.7500         0.8080        -0.0580  (VIOLATED)
   hold16/X                   0.7500         0.8069        -0.0569  (VIOLATED)
   fanout410/A                0.7500         0.8011        -0.0511  (VIOLATED)
   fanout407/A                0.7500         0.8009        -0.0509  (VIOLATED)
   hold156/X                  0.7500         0.8008        -0.0508  (VIOLATED)
   _5742_/A2                  0.7500         0.7505        -0.0005  (VIOLATED)
   _5699_/A2                  0.7500         0.7504        -0.0004  (VIOLATED)
   _5793_/A2                  0.7500         0.7504        -0.0004  (VIOLATED)
   _5771_/A2                  0.7500         0.7504        -0.0004  (VIOLATED)
   _5810_/A2                  0.7500         0.7504        -0.0004  (VIOLATED)
   _5725_/A2                  0.7500         0.7503        -0.0003  (VIOLATED)
   _5682_/A2                  0.7500         0.7501        -0.0001  (VIOLATED)
   _5903_/A2                  0.7500         0.7501        -0.0001  (VIOLATED)
   _5877_/A2                  0.7500         0.7501        -0.0001  (VIOLATED)
   _5910_/A2                  0.7500         0.7501        -0.0001  (VIOLATED)


1
