Instance name,  X location,  Y location,  Voltage 
FILLER_5_33, 16.66, 16.32, 1.8
FILLER_3_30, 16.66, 10.88, 1.8
FILLER_3_35, 16.66, 10.88, 1.8
FILLER_4_38, 16.66, 10.88, 1.8
FILLER_0_33, 16.66, 5.44, 1.8
FILLER_1_30, 16.66, 5.44, 1.8
FILLER_1_35, 16.66, 5.44, 1.8
FILLER_2_38, 16.66, 5.44, 1.8
FILLER_5_17, 9.06, 16.32, 1.8
FILLER_5_25, 9.06, 16.32, 1.8
gpio_logic_high, 9.06, 16.32, 1.8
FILLER_4_21, 9.06, 10.88, 1.8
FILLER_0_17, 9.06, 5.44, 1.8
FILLER_0_25, 9.06, 5.44, 1.8
FILLER_2_21, 9.06, 5.44, 1.8
FILLER_5_3, 1.46, 16.32, 1.8
FILLER_4_3, 1.46, 10.88, 1.8
FILLER_0_3, 1.46, 5.44, 1.8
FILLER_0_9, 1.46, 5.44, 1.8
FILLER_2_3, 1.46, 5.44, 1.8
PHY_10, 0.46, 16.32, 1.8
PHY_8, 0.46, 16.32, 1.8
PHY_11, 21.16, 16.32, 1.8
PHY_9, 21.16, 16.32, 1.8
PHY_4, 0.46, 10.88, 1.8
PHY_6, 0.46, 10.88, 1.8
PHY_5, 21.16, 10.88, 1.8
PHY_7, 21.16, 10.88, 1.8
PHY_0, 0.46, 5.44, 1.8
PHY_2, 0.46, 5.44, 1.8
PHY_1, 21.16, 5.44, 1.8
PHY_3, 21.16, 5.44, 1.8

