
===========================================================================
report_checks -unconstrained
===========================================================================
======================= max_ss_100C_1v60 Corner ===================================

Startpoint: dco (input port clocked by VIRTUAL_CLK)
Endpoint: clockp[1] (output port clocked by VIRTUAL_CLK)
Path Group: VIRTUAL_CLK
Path Type: max

Fanout         Cap        Slew       Delay        Time   Description
---------------------------------------------------------------------------------------------
                      0.000000    0.000000    0.000000   clock VIRTUAL_CLK (rise edge)
                                  0.000000    0.000000   clock network delay (ideal)
                                  3.000000    3.000000 v input external delay
                      0.118033    0.087671    3.087670 v dco (in)
     6    0.026814                                       dco (net)
                      0.118110    0.000000    3.087670 v U127/A (sky130_fd_sc_hd__inv_2)
                      0.057314    0.103513    3.191184 ^ U127/Y (sky130_fd_sc_hd__inv_2)
     1    0.005123                                       n79 (net)
                      0.057317    0.000361    3.191545 ^ U126/A (sky130_fd_sc_hd__nand2_1)
                      0.144395    0.157031    3.348576 v U126/Y (sky130_fd_sc_hd__nand2_1)
     2    0.007786                                       n78 (net)
                      0.144397    0.000462    3.349038 v U123/B (sky130_fd_sc_hd__nand2_1)
                      0.099474    0.162178    3.511216 ^ U123/Y (sky130_fd_sc_hd__nand2_1)
     1    0.004721                                       n76 (net)
                      0.099477    0.000388    3.511604 ^ ringosc_dstage_6__id_delayen1/TE (sky130_fd_sc_hd__einvp_2)
                      0.229403    0.345983    3.857587 ^ ringosc_dstage_6__id_delayen1/Z (sky130_fd_sc_hd__einvp_2)
     1    0.012857                                       ringosc_dstage_6__id_d1 (net)
                      0.229405    0.000629    3.858216 ^ ringosc_dstage_6__id_delayint0/A (sky130_fd_sc_hd__clkinv_1)
                      0.086174    0.094350    3.952566 v ringosc_dstage_6__id_delayint0/Y (sky130_fd_sc_hd__clkinv_1)
     1    0.004859                                       ringosc_dstage_6__id_d2 (net)
                      0.086175    0.000235    3.952801 v ringosc_dstage_6__id_delayen0/A (sky130_fd_sc_hd__einvp_2)
                      0.277941    0.267264    4.220065 ^ ringosc_dstage_6__id_delayen0/Z (sky130_fd_sc_hd__einvp_2)
     1    0.015592                                       ringosc_d[7] (net)
                      0.277942    0.000411    4.220476 ^ ringosc_dstage_7__id_delaybuf0/A (sky130_fd_sc_hd__clkbuf_2)
                      0.283334    0.329781    4.550257 ^ ringosc_dstage_7__id_delaybuf0/X (sky130_fd_sc_hd__clkbuf_2)
     3    0.032891                                       ringosc_dstage_7__id_ts (net)
                      0.283361    0.002442    4.552699 ^ ringosc_dstage_7__id_delaybuf1/A (sky130_fd_sc_hd__clkbuf_1)
                      0.131310    0.287602    4.840301 ^ ringosc_dstage_7__id_delaybuf1/X (sky130_fd_sc_hd__clkbuf_1)
     1    0.006075                                       ringosc_dstage_7__id_d0 (net)
                      0.131313    0.000492    4.840793 ^ ringosc_dstage_7__id_delayen1/A (sky130_fd_sc_hd__einvp_2)
                      0.104066    0.148539    4.989332 v ringosc_dstage_7__id_delayen1/Z (sky130_fd_sc_hd__einvp_2)
     1    0.011470                                       ringosc_dstage_7__id_d1 (net)
                      0.104072    0.000718    4.990049 v ringosc_dstage_7__id_delayint0/A (sky130_fd_sc_hd__clkinv_1)
                      0.058981    0.055982    5.046031 ^ ringosc_dstage_7__id_delayint0/Y (sky130_fd_sc_hd__clkinv_1)
     1    0.005559                                       ringosc_dstage_7__id_d2 (net)
                      0.058983    0.000267    5.046298 ^ ringosc_dstage_7__id_delayen0/A (sky130_fd_sc_hd__einvp_2)
                      0.157266    0.164204    5.210503 v ringosc_dstage_7__id_delayen0/Z (sky130_fd_sc_hd__einvp_2)
     1    0.018316                                       ringosc_d[8] (net)
                      0.157269    0.000590    5.211092 v ringosc_dstage_8__id_delaybuf0/A (sky130_fd_sc_hd__clkbuf_2)
                      0.204884    0.290502    5.501594 v ringosc_dstage_8__id_delaybuf0/X (sky130_fd_sc_hd__clkbuf_2)
     3    0.028670                                       ringosc_dstage_8__id_ts (net)
                      0.204888    0.000829    5.502423 v ringosc_dstage_8__id_delaybuf1/A (sky130_fd_sc_hd__clkbuf_1)
                      0.074259    0.257328    5.759751 v ringosc_dstage_8__id_delaybuf1/X (sky130_fd_sc_hd__clkbuf_1)
     1    0.005125                                       ringosc_dstage_8__id_d0 (net)
                      0.074262    0.000395    5.760146 v ringosc_dstage_8__id_delayen1/A (sky130_fd_sc_hd__einvp_2)
                      0.218294    0.214773    5.974918 ^ ringosc_dstage_8__id_delayen1/Z (sky130_fd_sc_hd__einvp_2)
     1    0.012153                                       ringosc_dstage_8__id_d1 (net)
                      0.218295    0.000592    5.975511 ^ ringosc_dstage_8__id_delayint0/A (sky130_fd_sc_hd__clkinv_1)
                      0.082429    0.091279    6.066790 v ringosc_dstage_8__id_delayint0/Y (sky130_fd_sc_hd__clkinv_1)
     1    0.004591                                       ringosc_dstage_8__id_d2 (net)
                      0.082431    0.000367    6.067157 v ringosc_dstage_8__id_delayen0/A (sky130_fd_sc_hd__einvp_2)
                      0.301658    0.283988    6.351145 ^ ringosc_dstage_8__id_delayen0/Z (sky130_fd_sc_hd__einvp_2)
     1    0.016928                                       ringosc_d[9] (net)
                      0.301659    0.000520    6.351665 ^ ringosc_dstage_9__id_delaybuf0/A (sky130_fd_sc_hd__clkbuf_2)
                      0.322502    0.358951    6.710616 ^ ringosc_dstage_9__id_delaybuf0/X (sky130_fd_sc_hd__clkbuf_2)
     3    0.037719                                       ringosc_dstage_9__id_ts (net)
                      0.322519    0.002075    6.712691 ^ ringosc_dstage_9__id_delaybuf1/A (sky130_fd_sc_hd__clkbuf_1)
                      0.251768    0.390239    7.102930 ^ ringosc_dstage_9__id_delaybuf1/X (sky130_fd_sc_hd__clkbuf_1)
     1    0.012759                                       ringosc_dstage_9__id_d0 (net)
                      0.251776    0.001262    7.104192 ^ ringosc_dstage_9__id_delayen1/A (sky130_fd_sc_hd__einvp_2)
                      0.162809    0.244606    7.348797 v ringosc_dstage_9__id_delayen1/Z (sky130_fd_sc_hd__einvp_2)
     1    0.017841                                       ringosc_dstage_9__id_d1 (net)
                      0.162824    0.001355    7.350152 v ringosc_dstage_9__id_delayint0/A (sky130_fd_sc_hd__clkinv_1)
                      0.104986    0.089901    7.440054 ^ ringosc_dstage_9__id_delayint0/Y (sky130_fd_sc_hd__clkinv_1)
     1    0.011011                                       ringosc_dstage_9__id_d2 (net)
                      0.104992    0.000688    7.440742 ^ ringosc_dstage_9__id_delayen0/A (sky130_fd_sc_hd__einvp_2)
                      0.146568    0.175342    7.616084 v ringosc_dstage_9__id_delayen0/Z (sky130_fd_sc_hd__einvp_2)
     1    0.016970                                       ringosc_d[10] (net)
                      0.146573    0.000790    7.616875 v ringosc_dstage_10__id_delaybuf0/A (sky130_fd_sc_hd__clkbuf_2)
                      0.211578    0.296200    7.913075 v ringosc_dstage_10__id_delaybuf0/X (sky130_fd_sc_hd__clkbuf_2)
     3    0.029708                                       ringosc_dstage_10__id_ts (net)
                      0.211591    0.001452    7.914527 v ringosc_dstage_10__id_delaybuf1/A (sky130_fd_sc_hd__clkbuf_1)
                      0.106465    0.287634    8.202161 v ringosc_dstage_10__id_delaybuf1/X (sky130_fd_sc_hd__clkbuf_1)
     1    0.008225                                       ringosc_dstage_10__id_d0 (net)
                      0.106471    0.000727    8.202888 v ringosc_dstage_10__id_delayen1/A (sky130_fd_sc_hd__einvp_2)
                      0.241455    0.246294    8.449183 ^ ringosc_dstage_10__id_delayen1/Z (sky130_fd_sc_hd__einvp_2)
     1    0.013465                                       ringosc_dstage_10__id_d1 (net)
                      0.241457    0.000668    8.449850 ^ ringosc_dstage_10__id_delayint0/A (sky130_fd_sc_hd__clkinv_1)
                      0.100208    0.105269    8.555119 v ringosc_dstage_10__id_delayint0/Y (sky130_fd_sc_hd__clkinv_1)
     1    0.005852                                       ringosc_dstage_10__id_d2 (net)
                      0.100212    0.000504    8.555622 v ringosc_dstage_10__id_delayen0/A (sky130_fd_sc_hd__einvp_2)
                      0.282121    0.276322    8.831944 ^ ringosc_dstage_10__id_delayen0/Z (sky130_fd_sc_hd__einvp_2)
     1    0.015833                                       ringosc_d[11] (net)
                      0.282123    0.000688    8.832633 ^ ringosc_dstage_11__id_delaybuf0/A (sky130_fd_sc_hd__clkbuf_2)
                      0.259102    0.312311    9.144944 ^ ringosc_dstage_11__id_delaybuf0/X (sky130_fd_sc_hd__clkbuf_2)
     3    0.029905                                       ringosc_dstage_11__id_ts (net)
                      0.259115    0.001618    9.146562 ^ ringosc_dstage_11__id_delaybuf1/A (sky130_fd_sc_hd__clkbuf_1)
                      0.119952    0.272044    9.418606 ^ ringosc_dstage_11__id_delaybuf1/X (sky130_fd_sc_hd__clkbuf_1)
     1    0.005452                                       ringosc_dstage_11__id_d0 (net)
                      0.119954    0.000419    9.419024 ^ ringosc_dstage_11__id_delayen1/A (sky130_fd_sc_hd__einvp_2)
                      0.104695    0.145253    9.564278 v ringosc_dstage_11__id_delayen1/Z (sky130_fd_sc_hd__einvp_2)
     1    0.011674                                       ringosc_dstage_11__id_d1 (net)
                      0.104698    0.000504    9.564781 v ringosc_dstage_11__id_delayint0/A (sky130_fd_sc_hd__clkinv_1)
                      0.066978    0.061940    9.626721 ^ ringosc_dstage_11__id_delayint0/Y (sky130_fd_sc_hd__clkinv_1)
     1    0.006513                                       ringosc_dstage_11__id_d2 (net)
                      0.066980    0.000321    9.627042 ^ ringosc_dstage_11__id_delayen0/A (sky130_fd_sc_hd__einvp_2)
                      0.227133    0.220337    9.847379 v ringosc_dstage_11__id_delayen0/Z (sky130_fd_sc_hd__einvp_2)
     2    0.026286                                       ringosc_d[12] (net)
                      0.227152    0.001858    9.849236 v ringosc_iss_delaybuf0/A (sky130_fd_sc_hd__clkbuf_1)
                      0.067600    0.262180   10.111416 v ringosc_iss_delaybuf0/X (sky130_fd_sc_hd__clkbuf_1)
     1    0.004455                                       ringosc_iss_d0 (net)
                      0.067602    0.000353   10.111769 v ringosc_iss_delayen1/A (sky130_fd_sc_hd__einvp_2)
                      0.215710    0.210613   10.322381 ^ ringosc_iss_delayen1/Z (sky130_fd_sc_hd__einvp_2)
     1    0.012015                                       ringosc_iss_d1 (net)
                      0.215712    0.000495   10.322876 ^ ringosc_iss_delayint0/A (sky130_fd_sc_hd__clkinv_1)
                      0.097917    0.195316   10.518192 v ringosc_iss_delayint0/Y (sky130_fd_sc_hd__clkinv_1)
     1    0.004987                                       ringosc_iss_d2 (net)
                      0.097919    0.000376   10.518568 v ringosc_iss_delayen0/A (sky130_fd_sc_hd__einvp_2)
                      0.412768    0.376434   10.895001 ^ ringosc_iss_delayen0/Z (sky130_fd_sc_hd__einvp_2)
     2    0.023208                                       ringosc_d[0] (net)
                      0.723413    0.000639   10.895641 ^ ringosc_dstage_0__id_delaybuf0/A (sky130_fd_sc_hd__clkbuf_2)
                      0.269939    0.609576   11.505218 ^ ringosc_dstage_0__id_delaybuf0/X (sky130_fd_sc_hd__clkbuf_2)
     3    0.030729                                       ringosc_dstage_0__id_ts (net)
                      0.269954    0.001809   11.507027 ^ ringosc_dstage_0__id_delaybuf1/A (sky130_fd_sc_hd__clkbuf_1)
                      0.131580    0.284039   11.791065 ^ ringosc_dstage_0__id_delaybuf1/X (sky130_fd_sc_hd__clkbuf_1)
     1    0.006097                                       ringosc_dstage_0__id_d0 (net)
                      0.131582    0.000456   11.791521 ^ ringosc_dstage_0__id_delayen1/A (sky130_fd_sc_hd__einvp_2)
                      0.105447    0.144931   11.936452 v ringosc_dstage_0__id_delayen1/Z (sky130_fd_sc_hd__einvp_2)
     1    0.010956                                       ringosc_dstage_0__id_d1 (net)
                      0.105451    0.000561   11.937014 v ringosc_dstage_0__id_delayint0/A (sky130_fd_sc_hd__clkinv_1)
                      0.063773    0.104307   12.041320 ^ ringosc_dstage_0__id_delayint0/Y (sky130_fd_sc_hd__clkinv_1)
     1    0.005469                                       ringosc_dstage_0__id_d2 (net)
                      0.063777    0.000436   12.041757 ^ ringosc_dstage_0__id_delayen0/A (sky130_fd_sc_hd__einvp_2)
                      0.142886    0.153636   12.195393 v ringosc_dstage_0__id_delayen0/Z (sky130_fd_sc_hd__einvp_2)
     1    0.016425                                       ringosc_d[1] (net)
                      0.142888    0.000478   12.195870 v ringosc_dstage_1__id_delaybuf0/A (sky130_fd_sc_hd__clkbuf_2)
                      0.205711    0.361047   12.556917 v ringosc_dstage_1__id_delaybuf0/X (sky130_fd_sc_hd__clkbuf_2)
     3    0.028823                                       ringosc_dstage_1__id_ts (net)
                      0.205723    0.001383   12.558301 v ringosc_dstage_1__id_delaybuf1/A (sky130_fd_sc_hd__clkbuf_1)
                      0.080569    0.263102   12.821403 v ringosc_dstage_1__id_delaybuf1/X (sky130_fd_sc_hd__clkbuf_1)
     1    0.005739                                       ringosc_dstage_1__id_d0 (net)
                      0.080572    0.000443   12.821845 v ringosc_dstage_1__id_delayen1/A (sky130_fd_sc_hd__einvp_2)
                      0.204660    0.206507   13.028352 ^ ringosc_dstage_1__id_delayen1/Z (sky130_fd_sc_hd__einvp_2)
     1    0.011400                                       ringosc_dstage_1__id_d1 (net)
                      0.204661    0.000329   13.028681 ^ ringosc_dstage_1__id_delayint0/A (sky130_fd_sc_hd__clkinv_1)
                      0.089586    0.183213   13.211894 v ringosc_dstage_1__id_delayint0/Y (sky130_fd_sc_hd__clkinv_1)
     1    0.004392                                       ringosc_dstage_1__id_d2 (net)
                      0.089587    0.000215   13.212110 v ringosc_dstage_1__id_delayen0/A (sky130_fd_sc_hd__einvp_2)
                      0.288962    0.277115   13.489224 ^ ringosc_dstage_1__id_delayen0/Z (sky130_fd_sc_hd__einvp_2)
     1    0.016214                                       ringosc_d[2] (net)
                      0.288965    0.000714   13.489939 ^ ringosc_dstage_2__id_delaybuf0/A (sky130_fd_sc_hd__clkbuf_2)
                      0.269044    0.450433   13.940371 ^ ringosc_dstage_2__id_delaybuf0/X (sky130_fd_sc_hd__clkbuf_2)
     3    0.030996                                       ringosc_dstage_2__id_ts (net)
                      0.269058    0.001646   13.942017 ^ ringosc_dstage_2__id_delaybuf1/A (sky130_fd_sc_hd__clkbuf_1)
                      0.116843    0.272572   14.214589 ^ ringosc_dstage_2__id_delaybuf1/X (sky130_fd_sc_hd__clkbuf_1)
     1    0.005274                                       ringosc_dstage_2__id_d0 (net)
                      0.116844    0.000256   14.214845 ^ ringosc_dstage_2__id_delayen1/A (sky130_fd_sc_hd__einvp_2)
                      0.135646    0.146151   14.360995 v ringosc_dstage_2__id_delayen1/Z (sky130_fd_sc_hd__einvp_2)
     1    0.011983                                       ringosc_dstage_2__id_d1 (net)
                      0.135649    0.000575   14.361570 v ringosc_dstage_2__id_delayint0/A (sky130_fd_sc_hd__clkinv_1)
                      0.064835    0.113179   14.474749 ^ ringosc_dstage_2__id_delayint0/Y (sky130_fd_sc_hd__clkinv_1)
     1    0.004840                                       ringosc_dstage_2__id_d2 (net)
                      0.064839    0.000380   14.475129 ^ ringosc_dstage_2__id_delayen0/A (sky130_fd_sc_hd__einvp_2)
                      0.140990    0.152538   14.627666 v ringosc_dstage_2__id_delayen0/Z (sky130_fd_sc_hd__einvp_2)
     1    0.016213                                       ringosc_d[3] (net)
                      0.140998    0.000934   14.628601 v ringosc_dstage_3__id_delaybuf0/A (sky130_fd_sc_hd__clkbuf_2)
                      0.196916    0.353596   14.982197 v ringosc_dstage_3__id_delaybuf0/X (sky130_fd_sc_hd__clkbuf_2)
     3    0.027492                                       ringosc_dstage_3__id_ts (net)
                      0.196929    0.001423   14.983620 v ringosc_dstage_3__id_delaybuf1/A (sky130_fd_sc_hd__clkbuf_1)
                      0.078923    0.257405   15.241025 v ringosc_dstage_3__id_delaybuf1/X (sky130_fd_sc_hd__clkbuf_1)
     1    0.005584                                       ringosc_dstage_3__id_d0 (net)
                      0.078924    0.000281   15.241305 v ringosc_dstage_3__id_delayen1/A (sky130_fd_sc_hd__einvp_2)
                      0.235735    0.230152   15.471457 ^ ringosc_dstage_3__id_delayen1/Z (sky130_fd_sc_hd__einvp_2)
     1    0.013120                                       ringosc_dstage_3__id_d1 (net)
                      0.235737    0.000545   15.472003 ^ ringosc_dstage_3__id_delayint0/A (sky130_fd_sc_hd__clkinv_1)
                      0.112956    0.214596   15.686599 v ringosc_dstage_3__id_delayint0/Y (sky130_fd_sc_hd__clkinv_1)
     1    0.005941                                       ringosc_dstage_3__id_d2 (net)
                      0.112958    0.000426   15.687025 v ringosc_dstage_3__id_delayen0/A (sky130_fd_sc_hd__einvp_2)
                      0.267565    0.270292   15.957317 ^ ringosc_dstage_3__id_delayen0/Z (sky130_fd_sc_hd__einvp_2)
     1    0.015005                                       ringosc_d[4] (net)
                      0.267566    0.000382   15.957700 ^ ringosc_dstage_4__id_delaybuf0/A (sky130_fd_sc_hd__clkbuf_2)
                      0.267142    0.441000   16.398699 ^ ringosc_dstage_4__id_delaybuf0/X (sky130_fd_sc_hd__clkbuf_2)
     3    0.030788                                       ringosc_dstage_4__id_ts (net)
                      0.267159    0.001853   16.400553 ^ ringosc_dstage_4__id_delaybuf1/A (sky130_fd_sc_hd__clkbuf_1)
                      0.126367    0.279247   16.679800 ^ ringosc_dstage_4__id_delaybuf1/X (sky130_fd_sc_hd__clkbuf_1)
     1    0.005807                                       ringosc_dstage_4__id_d0 (net)
                      0.126369    0.000446   16.680244 ^ ringosc_dstage_4__id_delayen1/A (sky130_fd_sc_hd__einvp_2)
                      0.109083    0.150070   16.830315 v ringosc_dstage_4__id_delayen1/Z (sky130_fd_sc_hd__einvp_2)
     1    0.011971                                       ringosc_dstage_4__id_d1 (net)
                      0.109089    0.000750   16.831064 v ringosc_dstage_4__id_delayint0/A (sky130_fd_sc_hd__clkinv_1)
                      0.059108    0.101382   16.932447 ^ ringosc_dstage_4__id_delayint0/Y (sky130_fd_sc_hd__clkinv_1)
     1    0.004776                                       ringosc_dstage_4__id_d2 (net)
                      0.059109    0.000234   16.932682 ^ ringosc_dstage_4__id_delayen0/A (sky130_fd_sc_hd__einvp_2)
                      0.140591    0.149431   17.082111 v ringosc_dstage_4__id_delayen0/Z (sky130_fd_sc_hd__einvp_2)
     1    0.016117                                       ringosc_d[5] (net)
                      0.140598    0.000886   17.082998 v ringosc_dstage_5__id_delaybuf0/A (sky130_fd_sc_hd__clkbuf_2)
                      0.203740    0.358646   17.441645 v ringosc_dstage_5__id_delaybuf0/X (sky130_fd_sc_hd__clkbuf_2)
     3    0.028532                                       ringosc_dstage_5__id_ts (net)
                      0.203755    0.001526   17.443171 v ringosc_dstage_5__id_delaybuf1/A (sky130_fd_sc_hd__clkbuf_1)
                      0.068850    0.252207   17.695377 v ringosc_dstage_5__id_delaybuf1/X (sky130_fd_sc_hd__clkbuf_1)
     1    0.004596                                       ringosc_dstage_5__id_d0 (net)
                      0.068851    0.000227   17.695606 v ringosc_dstage_5__id_delayen1/A (sky130_fd_sc_hd__einvp_2)
                      0.218904    0.213266   17.908871 ^ ringosc_dstage_5__id_delayen1/Z (sky130_fd_sc_hd__einvp_2)
     1    0.012187                                       ringosc_dstage_5__id_d1 (net)
                      0.218907    0.000792   17.909664 ^ ringosc_dstage_5__id_delayint0/A (sky130_fd_sc_hd__clkinv_1)
                      0.097425    0.196247   18.105909 v ringosc_dstage_5__id_delayint0/Y (sky130_fd_sc_hd__clkinv_1)
     1    0.004933                                       ringosc_dstage_5__id_d2 (net)
                      0.097427    0.000384   18.106295 v ringosc_dstage_5__id_delayen0/A (sky130_fd_sc_hd__einvp_2)
                      0.462826    0.414540   18.520834 ^ ringosc_dstage_5__id_delayen0/Z (sky130_fd_sc_hd__einvp_2)
     2    0.026026                                       ringosc_d[6] (net)
                      0.462832    0.001485   18.522318 ^ ringosc_ibufp10/A (sky130_fd_sc_hd__clkinv_2)
                      0.187997    0.347573   18.869890 v ringosc_ibufp10/Y (sky130_fd_sc_hd__clkinv_2)
     1    0.019327                                       ringosc_c[1] (net)
                      0.188016    0.001572   18.871464 v ringosc_ibufp11/A (sky130_fd_sc_hd__clkinv_8)
                      0.349760    0.356968   19.228432 ^ ringosc_ibufp11/Y (sky130_fd_sc_hd__clkinv_8)
     1    0.206621                                       clockp[1] (net)
                      0.350858    0.016946   19.245377 ^ clockp[1] (out)
                                             19.245377   data arrival time

                      0.000000   20.000000   20.000000   clock VIRTUAL_CLK (rise edge)
                                  0.000000   20.000000   clock network delay (ideal)
                                  0.000000   20.000000   clock reconvergence pessimism
                                 -3.000000   17.000000   output external delay
                                             17.000000   data required time
---------------------------------------------------------------------------------------------
                                             17.000000   data required time
                                            -19.245377   data arrival time
---------------------------------------------------------------------------------------------
                                             -2.245377   slack (VIOLATED)


Startpoint: dll_control_count0_reg_1_
            (rising edge-triggered flip-flop clocked by dll_control_clock)
Endpoint: dll_control_tval_reg_6_
          (rising edge-triggered flip-flop clocked by dll_control_clock)
Path Group: dll_control_clock
Path Type: max

Fanout         Cap        Slew       Delay        Time   Description
---------------------------------------------------------------------------------------------
                                  0.000000    0.000000   clock dll_control_clock (rise edge)
                                  0.000000    0.000000   clock source latency
                      0.477130    0.000000    0.000000 ^ ringosc_ibufp01/Y (sky130_fd_sc_hd__clkinv_8)
    24    0.281716                                       clockp[0] (net)
                      0.485612    0.053725    0.053725 ^ dll_control_count0_reg_1_/CLK (sky130_fd_sc_hd__dfrtp_2)
                      0.160961    1.144795    1.198521 v dll_control_count0_reg_1_/Q (sky130_fd_sc_hd__dfrtp_2)
     5    0.022469                                       dll_control_count0[1] (net)
                      0.160981    0.001481    1.200001 v U229/CIN (sky130_fd_sc_hd__fa_1)
                      0.213063    1.156265    2.356266 v U229/SUM (sky130_fd_sc_hd__fa_1)
     2    0.009205                                       n129 (net)
                      0.213064    0.000380    2.356647 v U226/B (sky130_fd_sc_hd__xnor2_1)
                      0.136852    0.322353    2.679000 v U226/Y (sky130_fd_sc_hd__xnor2_1)
     2    0.005992                                       n153 (net)
                      0.136854    0.000400    2.679400 v U228/A2 (sky130_fd_sc_hd__o21ai_1)
                      0.191577    0.251893    2.931293 ^ U228/Y (sky130_fd_sc_hd__o21ai_1)
     1    0.003840                                       n137 (net)
                      0.191577    0.000264    2.931557 ^ U233/A1 (sky130_fd_sc_hd__a21oi_1)
                      0.101458    0.180276    3.111832 v U233/Y (sky130_fd_sc_hd__a21oi_1)
     1    0.003007                                       n141 (net)
                      0.101458    0.000216    3.112048 v U235/A2 (sky130_fd_sc_hd__o21ai_1)
                      0.196180    0.240433    3.352481 ^ U235/Y (sky130_fd_sc_hd__o21ai_1)
     1    0.004014                                       n147 (net)
                      0.196181    0.000301    3.352782 ^ U240/A1 (sky130_fd_sc_hd__a21oi_1)
                      0.128638    0.207181    3.559963 v U240/Y (sky130_fd_sc_hd__a21oi_1)
     1    0.004987                                       n148 (net)
                      0.128640    0.000405    3.560368 v U241/B (sky130_fd_sc_hd__nand2b_2)
                      0.160438    0.205967    3.766335 ^ U241/Y (sky130_fd_sc_hd__nand2b_2)
     2    0.017010                                       n165 (net)
                      0.160449    0.001121    3.767457 ^ U138/A (sky130_fd_sc_hd__clkinv_4)
                      0.171508    0.223849    3.991306 v U138/Y (sky130_fd_sc_hd__clkinv_4)
    13    0.046666                                       n202 (net)
                      0.171541    0.002086    3.993392 v U267/B (sky130_fd_sc_hd__nor2_1)
                      0.387165    0.395247    4.388638 ^ U267/Y (sky130_fd_sc_hd__nor2_1)
     2    0.012215                                       n183 (net)
                      0.387167    0.000633    4.389272 ^ U269/A2 (sky130_fd_sc_hd__o21ai_2)
                      0.143038    0.272222    4.661494 v U269/Y (sky130_fd_sc_hd__o21ai_2)
     2    0.013108                                       n192 (net)
                      0.143044    0.000825    4.662318 v U273/A2 (sky130_fd_sc_hd__a21oi_2)
                      0.297005    0.388091    5.050410 ^ U273/Y (sky130_fd_sc_hd__a21oi_2)
     3    0.013041                                       n211 (net)
                      0.297007    0.000730    5.051139 ^ U307/A2 (sky130_fd_sc_hd__o21ai_1)
                      0.136795    0.240240    5.291379 v U307/Y (sky130_fd_sc_hd__o21ai_1)
     1    0.005915                                       n213 (net)
                      0.136797    0.000441    5.291821 v U308/B (sky130_fd_sc_hd__xnor2_1)
                      0.251661    0.305063    5.596883 ^ U308/Y (sky130_fd_sc_hd__xnor2_1)
     1    0.004836                                       n215 (net)
                      0.251662    0.000315    5.597198 ^ U309/A (sky130_fd_sc_hd__nand2_1)
                      0.102335    0.187533    5.784730 v U309/Y (sky130_fd_sc_hd__nand2_1)
     1    0.003782                                       n216 (net)
                      0.102337    0.000299    5.785029 v U310/B1 (sky130_fd_sc_hd__o21ai_1)
                      0.161254    0.140870    5.925900 ^ U310/Y (sky130_fd_sc_hd__o21ai_1)
     1    0.002733                                       n72 (net)
                      0.161254    0.000119    5.926018 ^ dll_control_tval_reg_6_/D (sky130_fd_sc_hd__dfrtp_4)
                                              5.926018   data arrival time

                                  4.670000    4.670000   clock dll_control_clock (rise edge)
                                  0.000000    4.670000   clock source latency
                      0.477130    0.000000    4.670000 ^ ringosc_ibufp01/Y (sky130_fd_sc_hd__clkinv_8)
    24    0.281716                                       clockp[0] (net)
                      0.486978    0.052130    4.722130 ^ dll_control_tval_reg_6_/CLK (sky130_fd_sc_hd__dfrtp_4)
                                 -0.100000    4.622130   clock uncertainty
                                  0.000000    4.622130   clock reconvergence pessimism
                                 -0.085904    4.536226   library setup time
                                              4.536226   data required time
---------------------------------------------------------------------------------------------
                                              4.536226   data required time
                                             -5.926018   data arrival time
---------------------------------------------------------------------------------------------
                                             -1.389792   slack (VIOLATED)




===========================================================================
report_checks --slack_max -0.01
============================================================================
======================= max_ss_100C_1v60 Corner ===================================

Startpoint: dco (input port clocked by VIRTUAL_CLK)
Endpoint: clockp[1] (output port clocked by VIRTUAL_CLK)
Path Group: VIRTUAL_CLK
Path Type: max

Fanout         Cap        Slew       Delay        Time   Description
---------------------------------------------------------------------------------------------
                      0.000000    0.000000    0.000000   clock VIRTUAL_CLK (rise edge)
                                  0.000000    0.000000   clock network delay (ideal)
                                  3.000000    3.000000 v input external delay
                      0.118033    0.087671    3.087670 v dco (in)
     6    0.026814                                       dco (net)
                      0.118110    0.000000    3.087670 v U127/A (sky130_fd_sc_hd__inv_2)
                      0.057314    0.103513    3.191184 ^ U127/Y (sky130_fd_sc_hd__inv_2)
     1    0.005123                                       n79 (net)
                      0.057317    0.000361    3.191545 ^ U126/A (sky130_fd_sc_hd__nand2_1)
                      0.144395    0.157031    3.348576 v U126/Y (sky130_fd_sc_hd__nand2_1)
     2    0.007786                                       n78 (net)
                      0.144397    0.000462    3.349038 v U123/B (sky130_fd_sc_hd__nand2_1)
                      0.099474    0.162178    3.511216 ^ U123/Y (sky130_fd_sc_hd__nand2_1)
     1    0.004721                                       n76 (net)
                      0.099477    0.000388    3.511604 ^ ringosc_dstage_6__id_delayen1/TE (sky130_fd_sc_hd__einvp_2)
                      0.229403    0.345983    3.857587 ^ ringosc_dstage_6__id_delayen1/Z (sky130_fd_sc_hd__einvp_2)
     1    0.012857                                       ringosc_dstage_6__id_d1 (net)
                      0.229405    0.000629    3.858216 ^ ringosc_dstage_6__id_delayint0/A (sky130_fd_sc_hd__clkinv_1)
                      0.086174    0.094350    3.952566 v ringosc_dstage_6__id_delayint0/Y (sky130_fd_sc_hd__clkinv_1)
     1    0.004859                                       ringosc_dstage_6__id_d2 (net)
                      0.086175    0.000235    3.952801 v ringosc_dstage_6__id_delayen0/A (sky130_fd_sc_hd__einvp_2)
                      0.277941    0.267264    4.220065 ^ ringosc_dstage_6__id_delayen0/Z (sky130_fd_sc_hd__einvp_2)
     1    0.015592                                       ringosc_d[7] (net)
                      0.277942    0.000411    4.220476 ^ ringosc_dstage_7__id_delaybuf0/A (sky130_fd_sc_hd__clkbuf_2)
                      0.283334    0.329781    4.550257 ^ ringosc_dstage_7__id_delaybuf0/X (sky130_fd_sc_hd__clkbuf_2)
     3    0.032891                                       ringosc_dstage_7__id_ts (net)
                      0.283361    0.002442    4.552699 ^ ringosc_dstage_7__id_delaybuf1/A (sky130_fd_sc_hd__clkbuf_1)
                      0.131310    0.287602    4.840301 ^ ringosc_dstage_7__id_delaybuf1/X (sky130_fd_sc_hd__clkbuf_1)
     1    0.006075                                       ringosc_dstage_7__id_d0 (net)
                      0.131313    0.000492    4.840793 ^ ringosc_dstage_7__id_delayen1/A (sky130_fd_sc_hd__einvp_2)
                      0.104066    0.148539    4.989332 v ringosc_dstage_7__id_delayen1/Z (sky130_fd_sc_hd__einvp_2)
     1    0.011470                                       ringosc_dstage_7__id_d1 (net)
                      0.104072    0.000718    4.990049 v ringosc_dstage_7__id_delayint0/A (sky130_fd_sc_hd__clkinv_1)
                      0.058981    0.055982    5.046031 ^ ringosc_dstage_7__id_delayint0/Y (sky130_fd_sc_hd__clkinv_1)
     1    0.005559                                       ringosc_dstage_7__id_d2 (net)
                      0.058983    0.000267    5.046298 ^ ringosc_dstage_7__id_delayen0/A (sky130_fd_sc_hd__einvp_2)
                      0.157266    0.164204    5.210503 v ringosc_dstage_7__id_delayen0/Z (sky130_fd_sc_hd__einvp_2)
     1    0.018316                                       ringosc_d[8] (net)
                      0.157269    0.000590    5.211092 v ringosc_dstage_8__id_delaybuf0/A (sky130_fd_sc_hd__clkbuf_2)
                      0.204884    0.290502    5.501594 v ringosc_dstage_8__id_delaybuf0/X (sky130_fd_sc_hd__clkbuf_2)
     3    0.028670                                       ringosc_dstage_8__id_ts (net)
                      0.204888    0.000829    5.502423 v ringosc_dstage_8__id_delaybuf1/A (sky130_fd_sc_hd__clkbuf_1)
                      0.074259    0.257328    5.759751 v ringosc_dstage_8__id_delaybuf1/X (sky130_fd_sc_hd__clkbuf_1)
     1    0.005125                                       ringosc_dstage_8__id_d0 (net)
                      0.074262    0.000395    5.760146 v ringosc_dstage_8__id_delayen1/A (sky130_fd_sc_hd__einvp_2)
                      0.218294    0.214773    5.974918 ^ ringosc_dstage_8__id_delayen1/Z (sky130_fd_sc_hd__einvp_2)
     1    0.012153                                       ringosc_dstage_8__id_d1 (net)
                      0.218295    0.000592    5.975511 ^ ringosc_dstage_8__id_delayint0/A (sky130_fd_sc_hd__clkinv_1)
                      0.082429    0.091279    6.066790 v ringosc_dstage_8__id_delayint0/Y (sky130_fd_sc_hd__clkinv_1)
     1    0.004591                                       ringosc_dstage_8__id_d2 (net)
                      0.082431    0.000367    6.067157 v ringosc_dstage_8__id_delayen0/A (sky130_fd_sc_hd__einvp_2)
                      0.301658    0.283988    6.351145 ^ ringosc_dstage_8__id_delayen0/Z (sky130_fd_sc_hd__einvp_2)
     1    0.016928                                       ringosc_d[9] (net)
                      0.301659    0.000520    6.351665 ^ ringosc_dstage_9__id_delaybuf0/A (sky130_fd_sc_hd__clkbuf_2)
                      0.322502    0.358951    6.710616 ^ ringosc_dstage_9__id_delaybuf0/X (sky130_fd_sc_hd__clkbuf_2)
     3    0.037719                                       ringosc_dstage_9__id_ts (net)
                      0.322519    0.002075    6.712691 ^ ringosc_dstage_9__id_delaybuf1/A (sky130_fd_sc_hd__clkbuf_1)
                      0.251768    0.390239    7.102930 ^ ringosc_dstage_9__id_delaybuf1/X (sky130_fd_sc_hd__clkbuf_1)
     1    0.012759                                       ringosc_dstage_9__id_d0 (net)
                      0.251776    0.001262    7.104192 ^ ringosc_dstage_9__id_delayen1/A (sky130_fd_sc_hd__einvp_2)
                      0.162809    0.244606    7.348797 v ringosc_dstage_9__id_delayen1/Z (sky130_fd_sc_hd__einvp_2)
     1    0.017841                                       ringosc_dstage_9__id_d1 (net)
                      0.162824    0.001355    7.350152 v ringosc_dstage_9__id_delayint0/A (sky130_fd_sc_hd__clkinv_1)
                      0.104986    0.089901    7.440054 ^ ringosc_dstage_9__id_delayint0/Y (sky130_fd_sc_hd__clkinv_1)
     1    0.011011                                       ringosc_dstage_9__id_d2 (net)
                      0.104992    0.000688    7.440742 ^ ringosc_dstage_9__id_delayen0/A (sky130_fd_sc_hd__einvp_2)
                      0.146568    0.175342    7.616084 v ringosc_dstage_9__id_delayen0/Z (sky130_fd_sc_hd__einvp_2)
     1    0.016970                                       ringosc_d[10] (net)
                      0.146573    0.000790    7.616875 v ringosc_dstage_10__id_delaybuf0/A (sky130_fd_sc_hd__clkbuf_2)
                      0.211578    0.296200    7.913075 v ringosc_dstage_10__id_delaybuf0/X (sky130_fd_sc_hd__clkbuf_2)
     3    0.029708                                       ringosc_dstage_10__id_ts (net)
                      0.211591    0.001452    7.914527 v ringosc_dstage_10__id_delaybuf1/A (sky130_fd_sc_hd__clkbuf_1)
                      0.106465    0.287634    8.202161 v ringosc_dstage_10__id_delaybuf1/X (sky130_fd_sc_hd__clkbuf_1)
     1    0.008225                                       ringosc_dstage_10__id_d0 (net)
                      0.106471    0.000727    8.202888 v ringosc_dstage_10__id_delayen1/A (sky130_fd_sc_hd__einvp_2)
                      0.241455    0.246294    8.449183 ^ ringosc_dstage_10__id_delayen1/Z (sky130_fd_sc_hd__einvp_2)
     1    0.013465                                       ringosc_dstage_10__id_d1 (net)
                      0.241457    0.000668    8.449850 ^ ringosc_dstage_10__id_delayint0/A (sky130_fd_sc_hd__clkinv_1)
                      0.100208    0.105269    8.555119 v ringosc_dstage_10__id_delayint0/Y (sky130_fd_sc_hd__clkinv_1)
     1    0.005852                                       ringosc_dstage_10__id_d2 (net)
                      0.100212    0.000504    8.555622 v ringosc_dstage_10__id_delayen0/A (sky130_fd_sc_hd__einvp_2)
                      0.282121    0.276322    8.831944 ^ ringosc_dstage_10__id_delayen0/Z (sky130_fd_sc_hd__einvp_2)
     1    0.015833                                       ringosc_d[11] (net)
                      0.282123    0.000688    8.832633 ^ ringosc_dstage_11__id_delaybuf0/A (sky130_fd_sc_hd__clkbuf_2)
                      0.259102    0.312311    9.144944 ^ ringosc_dstage_11__id_delaybuf0/X (sky130_fd_sc_hd__clkbuf_2)
     3    0.029905                                       ringosc_dstage_11__id_ts (net)
                      0.259115    0.001618    9.146562 ^ ringosc_dstage_11__id_delaybuf1/A (sky130_fd_sc_hd__clkbuf_1)
                      0.119952    0.272044    9.418606 ^ ringosc_dstage_11__id_delaybuf1/X (sky130_fd_sc_hd__clkbuf_1)
     1    0.005452                                       ringosc_dstage_11__id_d0 (net)
                      0.119954    0.000419    9.419024 ^ ringosc_dstage_11__id_delayen1/A (sky130_fd_sc_hd__einvp_2)
                      0.104695    0.145253    9.564278 v ringosc_dstage_11__id_delayen1/Z (sky130_fd_sc_hd__einvp_2)
     1    0.011674                                       ringosc_dstage_11__id_d1 (net)
                      0.104698    0.000504    9.564781 v ringosc_dstage_11__id_delayint0/A (sky130_fd_sc_hd__clkinv_1)
                      0.066978    0.061940    9.626721 ^ ringosc_dstage_11__id_delayint0/Y (sky130_fd_sc_hd__clkinv_1)
     1    0.006513                                       ringosc_dstage_11__id_d2 (net)
                      0.066980    0.000321    9.627042 ^ ringosc_dstage_11__id_delayen0/A (sky130_fd_sc_hd__einvp_2)
                      0.227133    0.220337    9.847379 v ringosc_dstage_11__id_delayen0/Z (sky130_fd_sc_hd__einvp_2)
     2    0.026286                                       ringosc_d[12] (net)
                      0.227152    0.001858    9.849236 v ringosc_iss_delaybuf0/A (sky130_fd_sc_hd__clkbuf_1)
                      0.067600    0.262180   10.111416 v ringosc_iss_delaybuf0/X (sky130_fd_sc_hd__clkbuf_1)
     1    0.004455                                       ringosc_iss_d0 (net)
                      0.067602    0.000353   10.111769 v ringosc_iss_delayen1/A (sky130_fd_sc_hd__einvp_2)
                      0.215710    0.210613   10.322381 ^ ringosc_iss_delayen1/Z (sky130_fd_sc_hd__einvp_2)
     1    0.012015                                       ringosc_iss_d1 (net)
                      0.215712    0.000495   10.322876 ^ ringosc_iss_delayint0/A (sky130_fd_sc_hd__clkinv_1)
                      0.097917    0.195316   10.518192 v ringosc_iss_delayint0/Y (sky130_fd_sc_hd__clkinv_1)
     1    0.004987                                       ringosc_iss_d2 (net)
                      0.097919    0.000376   10.518568 v ringosc_iss_delayen0/A (sky130_fd_sc_hd__einvp_2)
                      0.412768    0.376434   10.895001 ^ ringosc_iss_delayen0/Z (sky130_fd_sc_hd__einvp_2)
     2    0.023208                                       ringosc_d[0] (net)
                      0.723413    0.000639   10.895641 ^ ringosc_dstage_0__id_delaybuf0/A (sky130_fd_sc_hd__clkbuf_2)
                      0.269939    0.609576   11.505218 ^ ringosc_dstage_0__id_delaybuf0/X (sky130_fd_sc_hd__clkbuf_2)
     3    0.030729                                       ringosc_dstage_0__id_ts (net)
                      0.269954    0.001809   11.507027 ^ ringosc_dstage_0__id_delaybuf1/A (sky130_fd_sc_hd__clkbuf_1)
                      0.131580    0.284039   11.791065 ^ ringosc_dstage_0__id_delaybuf1/X (sky130_fd_sc_hd__clkbuf_1)
     1    0.006097                                       ringosc_dstage_0__id_d0 (net)
                      0.131582    0.000456   11.791521 ^ ringosc_dstage_0__id_delayen1/A (sky130_fd_sc_hd__einvp_2)
                      0.105447    0.144931   11.936452 v ringosc_dstage_0__id_delayen1/Z (sky130_fd_sc_hd__einvp_2)
     1    0.010956                                       ringosc_dstage_0__id_d1 (net)
                      0.105451    0.000561   11.937014 v ringosc_dstage_0__id_delayint0/A (sky130_fd_sc_hd__clkinv_1)
                      0.063773    0.104307   12.041320 ^ ringosc_dstage_0__id_delayint0/Y (sky130_fd_sc_hd__clkinv_1)
     1    0.005469                                       ringosc_dstage_0__id_d2 (net)
                      0.063777    0.000436   12.041757 ^ ringosc_dstage_0__id_delayen0/A (sky130_fd_sc_hd__einvp_2)
                      0.142886    0.153636   12.195393 v ringosc_dstage_0__id_delayen0/Z (sky130_fd_sc_hd__einvp_2)
     1    0.016425                                       ringosc_d[1] (net)
                      0.142888    0.000478   12.195870 v ringosc_dstage_1__id_delaybuf0/A (sky130_fd_sc_hd__clkbuf_2)
                      0.205711    0.361047   12.556917 v ringosc_dstage_1__id_delaybuf0/X (sky130_fd_sc_hd__clkbuf_2)
     3    0.028823                                       ringosc_dstage_1__id_ts (net)
                      0.205723    0.001383   12.558301 v ringosc_dstage_1__id_delaybuf1/A (sky130_fd_sc_hd__clkbuf_1)
                      0.080569    0.263102   12.821403 v ringosc_dstage_1__id_delaybuf1/X (sky130_fd_sc_hd__clkbuf_1)
     1    0.005739                                       ringosc_dstage_1__id_d0 (net)
                      0.080572    0.000443   12.821845 v ringosc_dstage_1__id_delayen1/A (sky130_fd_sc_hd__einvp_2)
                      0.204660    0.206507   13.028352 ^ ringosc_dstage_1__id_delayen1/Z (sky130_fd_sc_hd__einvp_2)
     1    0.011400                                       ringosc_dstage_1__id_d1 (net)
                      0.204661    0.000329   13.028681 ^ ringosc_dstage_1__id_delayint0/A (sky130_fd_sc_hd__clkinv_1)
                      0.089586    0.183213   13.211894 v ringosc_dstage_1__id_delayint0/Y (sky130_fd_sc_hd__clkinv_1)
     1    0.004392                                       ringosc_dstage_1__id_d2 (net)
                      0.089587    0.000215   13.212110 v ringosc_dstage_1__id_delayen0/A (sky130_fd_sc_hd__einvp_2)
                      0.288962    0.277115   13.489224 ^ ringosc_dstage_1__id_delayen0/Z (sky130_fd_sc_hd__einvp_2)
     1    0.016214                                       ringosc_d[2] (net)
                      0.288965    0.000714   13.489939 ^ ringosc_dstage_2__id_delaybuf0/A (sky130_fd_sc_hd__clkbuf_2)
                      0.269044    0.450433   13.940371 ^ ringosc_dstage_2__id_delaybuf0/X (sky130_fd_sc_hd__clkbuf_2)
     3    0.030996                                       ringosc_dstage_2__id_ts (net)
                      0.269058    0.001646   13.942017 ^ ringosc_dstage_2__id_delaybuf1/A (sky130_fd_sc_hd__clkbuf_1)
                      0.116843    0.272572   14.214589 ^ ringosc_dstage_2__id_delaybuf1/X (sky130_fd_sc_hd__clkbuf_1)
     1    0.005274                                       ringosc_dstage_2__id_d0 (net)
                      0.116844    0.000256   14.214845 ^ ringosc_dstage_2__id_delayen1/A (sky130_fd_sc_hd__einvp_2)
                      0.135646    0.146151   14.360995 v ringosc_dstage_2__id_delayen1/Z (sky130_fd_sc_hd__einvp_2)
     1    0.011983                                       ringosc_dstage_2__id_d1 (net)
                      0.135649    0.000575   14.361570 v ringosc_dstage_2__id_delayint0/A (sky130_fd_sc_hd__clkinv_1)
                      0.064835    0.113179   14.474749 ^ ringosc_dstage_2__id_delayint0/Y (sky130_fd_sc_hd__clkinv_1)
     1    0.004840                                       ringosc_dstage_2__id_d2 (net)
                      0.064839    0.000380   14.475129 ^ ringosc_dstage_2__id_delayen0/A (sky130_fd_sc_hd__einvp_2)
                      0.140990    0.152538   14.627666 v ringosc_dstage_2__id_delayen0/Z (sky130_fd_sc_hd__einvp_2)
     1    0.016213                                       ringosc_d[3] (net)
                      0.140998    0.000934   14.628601 v ringosc_dstage_3__id_delaybuf0/A (sky130_fd_sc_hd__clkbuf_2)
                      0.196916    0.353596   14.982197 v ringosc_dstage_3__id_delaybuf0/X (sky130_fd_sc_hd__clkbuf_2)
     3    0.027492                                       ringosc_dstage_3__id_ts (net)
                      0.196929    0.001423   14.983620 v ringosc_dstage_3__id_delaybuf1/A (sky130_fd_sc_hd__clkbuf_1)
                      0.078923    0.257405   15.241025 v ringosc_dstage_3__id_delaybuf1/X (sky130_fd_sc_hd__clkbuf_1)
     1    0.005584                                       ringosc_dstage_3__id_d0 (net)
                      0.078924    0.000281   15.241305 v ringosc_dstage_3__id_delayen1/A (sky130_fd_sc_hd__einvp_2)
                      0.235735    0.230152   15.471457 ^ ringosc_dstage_3__id_delayen1/Z (sky130_fd_sc_hd__einvp_2)
     1    0.013120                                       ringosc_dstage_3__id_d1 (net)
                      0.235737    0.000545   15.472003 ^ ringosc_dstage_3__id_delayint0/A (sky130_fd_sc_hd__clkinv_1)
                      0.112956    0.214596   15.686599 v ringosc_dstage_3__id_delayint0/Y (sky130_fd_sc_hd__clkinv_1)
     1    0.005941                                       ringosc_dstage_3__id_d2 (net)
                      0.112958    0.000426   15.687025 v ringosc_dstage_3__id_delayen0/A (sky130_fd_sc_hd__einvp_2)
                      0.267565    0.270292   15.957317 ^ ringosc_dstage_3__id_delayen0/Z (sky130_fd_sc_hd__einvp_2)
     1    0.015005                                       ringosc_d[4] (net)
                      0.267566    0.000382   15.957700 ^ ringosc_dstage_4__id_delaybuf0/A (sky130_fd_sc_hd__clkbuf_2)
                      0.267142    0.441000   16.398699 ^ ringosc_dstage_4__id_delaybuf0/X (sky130_fd_sc_hd__clkbuf_2)
     3    0.030788                                       ringosc_dstage_4__id_ts (net)
                      0.267159    0.001853   16.400553 ^ ringosc_dstage_4__id_delaybuf1/A (sky130_fd_sc_hd__clkbuf_1)
                      0.126367    0.279247   16.679800 ^ ringosc_dstage_4__id_delaybuf1/X (sky130_fd_sc_hd__clkbuf_1)
     1    0.005807                                       ringosc_dstage_4__id_d0 (net)
                      0.126369    0.000446   16.680244 ^ ringosc_dstage_4__id_delayen1/A (sky130_fd_sc_hd__einvp_2)
                      0.109083    0.150070   16.830315 v ringosc_dstage_4__id_delayen1/Z (sky130_fd_sc_hd__einvp_2)
     1    0.011971                                       ringosc_dstage_4__id_d1 (net)
                      0.109089    0.000750   16.831064 v ringosc_dstage_4__id_delayint0/A (sky130_fd_sc_hd__clkinv_1)
                      0.059108    0.101382   16.932447 ^ ringosc_dstage_4__id_delayint0/Y (sky130_fd_sc_hd__clkinv_1)
     1    0.004776                                       ringosc_dstage_4__id_d2 (net)
                      0.059109    0.000234   16.932682 ^ ringosc_dstage_4__id_delayen0/A (sky130_fd_sc_hd__einvp_2)
                      0.140591    0.149431   17.082111 v ringosc_dstage_4__id_delayen0/Z (sky130_fd_sc_hd__einvp_2)
     1    0.016117                                       ringosc_d[5] (net)
                      0.140598    0.000886   17.082998 v ringosc_dstage_5__id_delaybuf0/A (sky130_fd_sc_hd__clkbuf_2)
                      0.203740    0.358646   17.441645 v ringosc_dstage_5__id_delaybuf0/X (sky130_fd_sc_hd__clkbuf_2)
     3    0.028532                                       ringosc_dstage_5__id_ts (net)
                      0.203755    0.001526   17.443171 v ringosc_dstage_5__id_delaybuf1/A (sky130_fd_sc_hd__clkbuf_1)
                      0.068850    0.252207   17.695377 v ringosc_dstage_5__id_delaybuf1/X (sky130_fd_sc_hd__clkbuf_1)
     1    0.004596                                       ringosc_dstage_5__id_d0 (net)
                      0.068851    0.000227   17.695606 v ringosc_dstage_5__id_delayen1/A (sky130_fd_sc_hd__einvp_2)
                      0.218904    0.213266   17.908871 ^ ringosc_dstage_5__id_delayen1/Z (sky130_fd_sc_hd__einvp_2)
     1    0.012187                                       ringosc_dstage_5__id_d1 (net)
                      0.218907    0.000792   17.909664 ^ ringosc_dstage_5__id_delayint0/A (sky130_fd_sc_hd__clkinv_1)
                      0.097425    0.196247   18.105909 v ringosc_dstage_5__id_delayint0/Y (sky130_fd_sc_hd__clkinv_1)
     1    0.004933                                       ringosc_dstage_5__id_d2 (net)
                      0.097427    0.000384   18.106295 v ringosc_dstage_5__id_delayen0/A (sky130_fd_sc_hd__einvp_2)
                      0.462826    0.414540   18.520834 ^ ringosc_dstage_5__id_delayen0/Z (sky130_fd_sc_hd__einvp_2)
     2    0.026026                                       ringosc_d[6] (net)
                      0.462832    0.001485   18.522318 ^ ringosc_ibufp10/A (sky130_fd_sc_hd__clkinv_2)
                      0.187997    0.347573   18.869890 v ringosc_ibufp10/Y (sky130_fd_sc_hd__clkinv_2)
     1    0.019327                                       ringosc_c[1] (net)
                      0.188016    0.001572   18.871464 v ringosc_ibufp11/A (sky130_fd_sc_hd__clkinv_8)
                      0.349760    0.356968   19.228432 ^ ringosc_ibufp11/Y (sky130_fd_sc_hd__clkinv_8)
     1    0.206621                                       clockp[1] (net)
                      0.350858    0.016946   19.245377 ^ clockp[1] (out)
                                             19.245377   data arrival time

                      0.000000   20.000000   20.000000   clock VIRTUAL_CLK (rise edge)
                                  0.000000   20.000000   clock network delay (ideal)
                                  0.000000   20.000000   clock reconvergence pessimism
                                 -3.000000   17.000000   output external delay
                                             17.000000   data required time
---------------------------------------------------------------------------------------------
                                             17.000000   data required time
                                            -19.245377   data arrival time
---------------------------------------------------------------------------------------------
                                             -2.245377   slack (VIOLATED)


Startpoint: dll_control_count0_reg_1_
            (rising edge-triggered flip-flop clocked by dll_control_clock)
Endpoint: dll_control_tval_reg_6_
          (rising edge-triggered flip-flop clocked by dll_control_clock)
Path Group: dll_control_clock
Path Type: max

Fanout         Cap        Slew       Delay        Time   Description
---------------------------------------------------------------------------------------------
                                  0.000000    0.000000   clock dll_control_clock (rise edge)
                                  0.000000    0.000000   clock source latency
                      0.477130    0.000000    0.000000 ^ ringosc_ibufp01/Y (sky130_fd_sc_hd__clkinv_8)
    24    0.281716                                       clockp[0] (net)
                      0.485612    0.053725    0.053725 ^ dll_control_count0_reg_1_/CLK (sky130_fd_sc_hd__dfrtp_2)
                      0.160961    1.144795    1.198521 v dll_control_count0_reg_1_/Q (sky130_fd_sc_hd__dfrtp_2)
     5    0.022469                                       dll_control_count0[1] (net)
                      0.160981    0.001481    1.200001 v U229/CIN (sky130_fd_sc_hd__fa_1)
                      0.213063    1.156265    2.356266 v U229/SUM (sky130_fd_sc_hd__fa_1)
     2    0.009205                                       n129 (net)
                      0.213064    0.000380    2.356647 v U226/B (sky130_fd_sc_hd__xnor2_1)
                      0.136852    0.322353    2.679000 v U226/Y (sky130_fd_sc_hd__xnor2_1)
     2    0.005992                                       n153 (net)
                      0.136854    0.000400    2.679400 v U228/A2 (sky130_fd_sc_hd__o21ai_1)
                      0.191577    0.251893    2.931293 ^ U228/Y (sky130_fd_sc_hd__o21ai_1)
     1    0.003840                                       n137 (net)
                      0.191577    0.000264    2.931557 ^ U233/A1 (sky130_fd_sc_hd__a21oi_1)
                      0.101458    0.180276    3.111832 v U233/Y (sky130_fd_sc_hd__a21oi_1)
     1    0.003007                                       n141 (net)
                      0.101458    0.000216    3.112048 v U235/A2 (sky130_fd_sc_hd__o21ai_1)
                      0.196180    0.240433    3.352481 ^ U235/Y (sky130_fd_sc_hd__o21ai_1)
     1    0.004014                                       n147 (net)
                      0.196181    0.000301    3.352782 ^ U240/A1 (sky130_fd_sc_hd__a21oi_1)
                      0.128638    0.207181    3.559963 v U240/Y (sky130_fd_sc_hd__a21oi_1)
     1    0.004987                                       n148 (net)
                      0.128640    0.000405    3.560368 v U241/B (sky130_fd_sc_hd__nand2b_2)
                      0.160438    0.205967    3.766335 ^ U241/Y (sky130_fd_sc_hd__nand2b_2)
     2    0.017010                                       n165 (net)
                      0.160449    0.001121    3.767457 ^ U138/A (sky130_fd_sc_hd__clkinv_4)
                      0.171508    0.223849    3.991306 v U138/Y (sky130_fd_sc_hd__clkinv_4)
    13    0.046666                                       n202 (net)
                      0.171541    0.002086    3.993392 v U267/B (sky130_fd_sc_hd__nor2_1)
                      0.387165    0.395247    4.388638 ^ U267/Y (sky130_fd_sc_hd__nor2_1)
     2    0.012215                                       n183 (net)
                      0.387167    0.000633    4.389272 ^ U269/A2 (sky130_fd_sc_hd__o21ai_2)
                      0.143038    0.272222    4.661494 v U269/Y (sky130_fd_sc_hd__o21ai_2)
     2    0.013108                                       n192 (net)
                      0.143044    0.000825    4.662318 v U273/A2 (sky130_fd_sc_hd__a21oi_2)
                      0.297005    0.388091    5.050410 ^ U273/Y (sky130_fd_sc_hd__a21oi_2)
     3    0.013041                                       n211 (net)
                      0.297007    0.000730    5.051139 ^ U307/A2 (sky130_fd_sc_hd__o21ai_1)
                      0.136795    0.240240    5.291379 v U307/Y (sky130_fd_sc_hd__o21ai_1)
     1    0.005915                                       n213 (net)
                      0.136797    0.000441    5.291821 v U308/B (sky130_fd_sc_hd__xnor2_1)
                      0.251661    0.305063    5.596883 ^ U308/Y (sky130_fd_sc_hd__xnor2_1)
     1    0.004836                                       n215 (net)
                      0.251662    0.000315    5.597198 ^ U309/A (sky130_fd_sc_hd__nand2_1)
                      0.102335    0.187533    5.784730 v U309/Y (sky130_fd_sc_hd__nand2_1)
     1    0.003782                                       n216 (net)
                      0.102337    0.000299    5.785029 v U310/B1 (sky130_fd_sc_hd__o21ai_1)
                      0.161254    0.140870    5.925900 ^ U310/Y (sky130_fd_sc_hd__o21ai_1)
     1    0.002733                                       n72 (net)
                      0.161254    0.000119    5.926018 ^ dll_control_tval_reg_6_/D (sky130_fd_sc_hd__dfrtp_4)
                                              5.926018   data arrival time

                                  4.670000    4.670000   clock dll_control_clock (rise edge)
                                  0.000000    4.670000   clock source latency
                      0.477130    0.000000    4.670000 ^ ringosc_ibufp01/Y (sky130_fd_sc_hd__clkinv_8)
    24    0.281716                                       clockp[0] (net)
                      0.486978    0.052130    4.722130 ^ dll_control_tval_reg_6_/CLK (sky130_fd_sc_hd__dfrtp_4)
                                 -0.100000    4.622130   clock uncertainty
                                  0.000000    4.622130   clock reconvergence pessimism
                                 -0.085904    4.536226   library setup time
                                              4.536226   data required time
---------------------------------------------------------------------------------------------
                                              4.536226   data required time
                                             -5.926018   data arrival time
---------------------------------------------------------------------------------------------
                                             -1.389792   slack (VIOLATED)




===========================================================================
 report_check_types -max_slew -max_cap -max_fanout -violators
============================================================================
======================= max_ss_100C_1v60 Corner ===================================

max fanout

Pin                                   Limit Fanout  Slack
---------------------------------------------------------
fanout2/X                                20     32    -12 (VIOLATED)
ringosc_ibufp01/Y                        20     23     -3 (VIOLATED)



===========================================================================
report_parasitic_annotation -report_unannotated
============================================================================
Found 2 unannotated drivers.
 U140/LO
 ringosc_iss_const1/LO
Found 0 partially unannotated drivers.

===========================================================================
max slew violation count 0
max fanout violation count 2
max cap violation count 0
============================================================================

===========================================================================
check_setup -verbose -unconstrained_endpoints -multiple_clock -no_clock -no_input_delay -loops -generated_clocks
===========================================================================
