
===========================================================================
report_checks -unconstrained
============================================================================
Startpoint: gpio_defaults[12] (input port clocked by serial_clock)
Endpoint: _115_ (recovery check against falling-edge clock serial_load')
Path Group: **async_default**
Path Type: max

Fanout     Cap    Slew   Delay    Time   Description
-----------------------------------------------------------------------------
                          0.00    0.00   clock serial_clock (rise edge)
                          0.00    0.00   clock network delay (propagated)
                         10.00   10.00 v input external delay
                  5.00    0.00   10.00 v gpio_defaults[12] (in)
     2    0.02                           gpio_defaults[12] (net)
                  5.00    0.00   10.00 v input4/A (sky130_fd_sc_hd__clkbuf_2)
                  0.19    1.21   11.21 v input4/X (sky130_fd_sc_hd__clkbuf_2)
     4    0.03                           net4 (net)
                  0.19    0.00   11.22 v _087_/B (sky130_fd_sc_hd__nand2b_1)
                  0.08    0.14   11.36 ^ _087_/Y (sky130_fd_sc_hd__nand2b_1)
     1    0.00                           _020_ (net)
                  0.08    0.00   11.36 ^ _115_/SET_B (sky130_fd_sc_hd__dfbbn_2)
                                 11.36   data arrival time

                         50.00   50.00   clock serial_load' (fall edge)
                          0.00   50.00   clock source latency
                  5.00    0.00   50.00 ^ serial_load (in)
     2    0.02                           serial_load (net)
                  5.00    0.00   50.00 ^ clkbuf_0_serial_load/A (sky130_fd_sc_hd__clkbuf_16)
                  0.16    0.59   50.59 ^ clkbuf_0_serial_load/X (sky130_fd_sc_hd__clkbuf_16)
     2    0.02                           clknet_0_serial_load (net)
                  0.16    0.00   50.59 ^ clkbuf_1_1__f_serial_load/A (sky130_fd_sc_hd__clkbuf_16)
                  0.06    0.17   50.76 ^ clkbuf_1_1__f_serial_load/X (sky130_fd_sc_hd__clkbuf_16)
     6    0.04                           clknet_1_1__leaf_serial_load (net)
                  0.06    0.00   50.76 ^ _102__10/A (sky130_fd_sc_hd__inv_2)
                  0.03    0.04   50.81 v _102__10/Y (sky130_fd_sc_hd__inv_2)
     1    0.01                           net57 (net)
                  0.03    0.00   50.81 v _115_/CLK_N (sky130_fd_sc_hd__dfbbn_2)
                         -0.40   50.41   clock uncertainty
                          0.00   50.41   clock reconvergence pessimism
                          0.06   50.46   library recovery time
                                 50.46   data required time
-----------------------------------------------------------------------------
                                 50.46   data required time
                                -11.36   data arrival time
-----------------------------------------------------------------------------
                                 39.11   slack (MET)


Startpoint: _132_ (rising edge-triggered flip-flop clocked by serial_clock')
Endpoint: serial_data_out (output port clocked by serial_clock)
Path Group: serial_clock
Path Type: max

Fanout     Cap    Slew   Delay    Time   Description
-----------------------------------------------------------------------------
                         25.00   25.00   clock serial_clock' (rise edge)
                          0.00   25.00   clock source latency
                  5.00    0.00   25.00 v serial_clock (in)
     2    0.02                           serial_clock (net)
                  5.00    0.00   25.00 v clkbuf_0_serial_clock/A (sky130_fd_sc_hd__clkbuf_16)
                  0.16    1.54   26.54 v clkbuf_0_serial_clock/X (sky130_fd_sc_hd__clkbuf_16)
     2    0.02                           clknet_0_serial_clock (net)
                  0.16    0.00   26.54 v clkbuf_1_1__f_serial_clock/A (sky130_fd_sc_hd__clkbuf_16)
                  0.04    0.21   26.75 v clkbuf_1_1__f_serial_clock/X (sky130_fd_sc_hd__clkbuf_16)
     5    0.02                           clknet_1_1__leaf_serial_clock (net)
                  0.04    0.00   26.75 v _059__14/A (sky130_fd_sc_hd__inv_2)
                  0.04    0.06   26.81 ^ _059__14/Y (sky130_fd_sc_hd__inv_2)
     1    0.01                           net61 (net)
                  0.04    0.00   26.81 ^ _132_/CLK (sky130_fd_sc_hd__dfrtp_4)
                  0.07    0.51   27.32 v _132_/Q (sky130_fd_sc_hd__dfrtp_4)
     1    0.01                           net37 (net)
                  0.07    0.00   27.32 v output37/A (sky130_fd_sc_hd__buf_16)
                  0.14    0.23   27.55 v output37/X (sky130_fd_sc_hd__buf_16)
     1    0.25                           serial_data_out (net)
                  0.15    0.02   27.58 v serial_data_out (out)
                                 27.58   data arrival time

                         50.00   50.00   clock serial_clock (rise edge)
                          0.00   50.00   clock network delay (propagated)
                         -0.40   49.60   clock uncertainty
                          0.00   49.60   clock reconvergence pessimism
                        -10.00   39.60   output external delay
                                 39.60   data required time
-----------------------------------------------------------------------------
                                 39.60   data required time
                                -27.58   data arrival time
-----------------------------------------------------------------------------
                                 12.02   slack (MET)


Startpoint: _119_ (rising edge-triggered flip-flop clocked by serial_clock)
Endpoint: _106_ (falling edge-triggered flip-flop clocked by serial_load')
Path Group: serial_load
Path Type: max

Fanout     Cap    Slew   Delay    Time   Description
-----------------------------------------------------------------------------
                          0.00    0.00   clock serial_clock (rise edge)
                          0.00    0.00   clock source latency
                  5.00    0.00    0.00 ^ serial_clock (in)
     2    0.02                           serial_clock (net)
                  5.00    0.00    0.00 ^ clkbuf_0_serial_clock/A (sky130_fd_sc_hd__clkbuf_16)
                  0.16    0.65    0.65 ^ clkbuf_0_serial_clock/X (sky130_fd_sc_hd__clkbuf_16)
     2    0.02                           clknet_0_serial_clock (net)
                  0.16    0.00    0.65 ^ clkbuf_1_0__f_serial_clock/A (sky130_fd_sc_hd__clkbuf_16)
                  0.06    0.19    0.84 ^ clkbuf_1_0__f_serial_clock/X (sky130_fd_sc_hd__clkbuf_16)
    10    0.03                           clknet_1_0__leaf_serial_clock (net)
                  0.06    0.00    0.84 ^ _119_/CLK (sky130_fd_sc_hd__dfrtp_1)
                  0.07    0.41    1.25 v _119_/Q (sky130_fd_sc_hd__dfrtp_1)
     1    0.01                           shift_register[0] (net)
                  0.07    0.00    1.25 v hold11/A (sky130_fd_sc_hd__dlygate4sd3_1)
                  0.11    0.65    1.90 v hold11/X (sky130_fd_sc_hd__dlygate4sd3_1)
     2    0.01                           net72 (net)
                  0.11    0.00    1.90 v _106_/D (sky130_fd_sc_hd__dfbbn_2)
                                  1.90   data arrival time

                         50.00   50.00   clock serial_load' (fall edge)
                          0.00   50.00   clock source latency
                  5.00    0.00   50.00 ^ serial_load (in)
     2    0.02                           serial_load (net)
                  5.00    0.00   50.00 ^ clkbuf_0_serial_load/A (sky130_fd_sc_hd__clkbuf_16)
                  0.16    0.59   50.59 ^ clkbuf_0_serial_load/X (sky130_fd_sc_hd__clkbuf_16)
     2    0.02                           clknet_0_serial_load (net)
                  0.16    0.00   50.59 ^ clkbuf_1_1__f_serial_load/A (sky130_fd_sc_hd__clkbuf_16)
                  0.06    0.17   50.76 ^ clkbuf_1_1__f_serial_load/X (sky130_fd_sc_hd__clkbuf_16)
     6    0.04                           clknet_1_1__leaf_serial_load (net)
                  0.06    0.00   50.76 ^ _058__1/A (sky130_fd_sc_hd__inv_2)
                  0.03    0.04   50.80 v _058__1/Y (sky130_fd_sc_hd__inv_2)
     1    0.01                           net48 (net)
                  0.03    0.00   50.80 v _106_/CLK_N (sky130_fd_sc_hd__dfbbn_2)
                         -0.40   50.40   clock uncertainty
                          0.00   50.40   clock reconvergence pessimism
                         -0.18   50.22   library setup time
                                 50.22   data required time
-----------------------------------------------------------------------------
                                 50.22   data required time
                                 -1.90   data arrival time
-----------------------------------------------------------------------------
                                 48.31   slack (MET)



===========================================================================
report_checks --slack_max -0.01
============================================================================
No paths found.
