Instance name,  X location,  Y location,  Voltage 
output37, 38.6, 59.84, 1.8
ANTENNA__076__A, 38.6, 54.4, 1.8
_076_, 38.6, 54.4, 1.8
_080_, 38.6, 54.4, 1.8
_115_, 38.6, 54.4, 1.8
_114_, 38.6, 48.96, 1.8
_132_, 38.6, 48.96, 1.8
hold11, 38.6, 48.96, 1.8
ANTENNA_clkbuf_0_serial_load_A, 38.6, 43.52, 1.8
_073_, 38.6, 43.52, 1.8
_075_, 38.6, 43.52, 1.8
_109_, 38.6, 43.52, 1.8
output32, 38.6, 43.52, 1.8
_072_, 38.6, 38.08, 1.8
_108_, 38.6, 38.08, 1.8
output31, 38.6, 38.08, 1.8
ANTENNA__122__RESET_B, 38.6, 32.64, 1.8
_113_, 38.6, 32.64, 1.8
input3, 38.6, 32.64, 1.8
ANTENNA_input2_A, 38.6, 27.2, 1.8
_065_, 38.6, 27.2, 1.8
_066_, 38.6, 27.2, 1.8
hold9, 38.6, 27.2, 1.8
output33, 38.6, 27.2, 1.8
_083_, 38.6, 21.76, 1.8
_093_, 38.6, 21.76, 1.8
_101__9, 38.6, 21.76, 1.8
_129_, 38.6, 21.76, 1.8
fanout46, 38.6, 21.76, 1.8
input20, 38.6, 21.76, 1.8
output30, 38.6, 21.76, 1.8
spare_cell, 38.6, 21.76, 1.8
fanout41, 38.6, 16.32, 1.8
input16, 38.6, 16.32, 1.8
_102__10, 38.6, 10.88, 1.8
_133_, 38.6, 10.88, 1.8
input15, 38.6, 10.88, 1.8
output28, 38.6, 10.88, 1.8
ANTENNA__080__A, 38.6, 5.44, 1.8
ANTENNA__087__B, 38.6, 5.44, 1.8
ANTENNA__119__RESET_B, 38.6, 5.44, 1.8
ANTENNA_input15_A, 38.6, 5.44, 1.8
ANTENNA_input16_A, 38.6, 5.44, 1.8
ANTENNA_input4_A, 38.6, 5.44, 1.8
const_source, 38.6, 5.44, 1.8
output21, 38.6, 5.44, 1.8
output26, 38.6, 5.44, 1.8
_070_, 13.6, 54.4, 1.8
_107_, 13.6, 54.4, 1.8
ANTENNA_clkbuf_0_serial_clock_A, 13.6, 48.96, 1.8
_077_, 13.6, 48.96, 1.8
_112_, 13.6, 48.96, 1.8
_095__3, 13.6, 43.52, 1.8
_110_, 13.6, 43.52, 1.8
clkbuf_0_serial_clock, 13.6, 43.52, 1.8
_111_, 13.6, 38.08, 1.8
hold6, 13.6, 38.08, 1.8
_116_, 13.6, 32.64, 1.8
hold7, 13.6, 32.64, 1.8
ANTENNA_input12_A, 13.6, 27.2, 1.8
_088_, 13.6, 27.2, 1.8
_127_, 13.6, 27.2, 1.8
ANTENNA__070__A, 13.6, 5.44, 1.8
ANTENNA__071__A_N, 13.6, 5.44, 1.8
ANTENNA__121__RESET_B, 13.6, 5.44, 1.8
ANTENNA_input10_A, 13.6, 5.44, 1.8
ANTENNA_input11_A, 13.6, 5.44, 1.8
ANTENNA_input13_A, 13.6, 5.44, 1.8
ANTENNA_input1_A, 13.6, 5.44, 1.8
ANTENNA_input5_A, 13.6, 5.44, 1.8
ANTENNA_input7_A, 13.6, 5.44, 1.8
ANTENNA_input8_A, 13.6, 5.44, 1.8
PHY_2, 13.6, 5.44, 1.8
input19, 13.6, 5.44, 1.8
input4, 13.6, 5.44, 1.8
PHY_12, 15.18, 21.76, 1.8
PHY_14, 15.18, 21.76, 1.8
PHY_16, 15.18, 21.76, 1.8
_089_, 15.18, 21.76, 1.8
_103__11, 15.18, 21.76, 1.8
_126_, 15.18, 21.76, 1.8
hold2, 15.18, 21.76, 1.8
PHY_13, 51.98, 21.76, 1.8
PHY_15, 51.98, 21.76, 1.8
_117_, 26.89, 21.76, 1.8
input12, 26.89, 21.76, 1.8
output29, 26.89, 21.76, 1.8
PHY_10, 15.18, 16.32, 1.8
PHY_8, 15.18, 16.32, 1.8
_121_, 15.18, 16.32, 1.8
_131_, 15.18, 16.32, 1.8
ANTENNA_input20_A, 51.98, 16.32, 1.8
PHY_11, 51.98, 16.32, 1.8
PHY_9, 51.98, 16.32, 1.8
_067_, 51.98, 16.32, 1.8
_096__4, 51.98, 16.32, 1.8
_058__1, 26.89, 16.32, 1.8
_091_, 26.89, 16.32, 1.8
hold1, 26.89, 16.32, 1.8
hold5, 26.89, 16.32, 1.8
input9, 26.89, 16.32, 1.8
output27, 26.89, 16.32, 1.8
PHY_4, 15.18, 10.88, 1.8
PHY_6, 15.18, 10.88, 1.8
_120_, 15.18, 10.88, 1.8
_135_, 15.18, 10.88, 1.8
fanout47, 15.18, 10.88, 1.8
input1, 15.18, 10.88, 1.8
input10, 15.18, 10.88, 1.8
input11, 15.18, 10.88, 1.8
input13, 15.18, 10.88, 1.8
PHY_5, 51.98, 10.88, 1.8
PHY_7, 51.98, 10.88, 1.8
fanout44, 51.98, 10.88, 1.8
fanout45, 51.98, 10.88, 1.8
ANTENNA__077__A_N, 26.89, 10.88, 1.8
ANTENNA_input18_A, 26.89, 10.88, 1.8
ANTENNA_input6_A, 26.89, 10.88, 1.8
ANTENNA_input9_A, 26.89, 10.88, 1.8
_097__5, 26.89, 10.88, 1.8
_104__12, 26.89, 10.88, 1.8
_105__13, 26.89, 10.88, 1.8
input18, 26.89, 10.88, 1.8
input5, 26.89, 10.88, 1.8
input6, 26.89, 10.88, 1.8
output23, 26.89, 10.88, 1.8
output24, 26.89, 10.88, 1.8
output25, 26.89, 10.88, 1.8
output36, 26.89, 10.88, 1.8
PHY_40, 4.6, 59.84, 1.8
PHY_41, 51.98, 59.84, 1.8
_084_, 51.98, 59.84, 1.8
_087_, 51.98, 59.84, 1.8
output39, 26.1, 59.84, 1.8
PHY_36, 4.6, 54.4, 1.8
PHY_38, 4.6, 54.4, 1.8
_081_, 4.6, 54.4, 1.8
_086_, 4.6, 54.4, 1.8
_119_, 4.6, 54.4, 1.8
serial_clock_out_buffer, 4.6, 54.4, 1.8
ANTENNA__069__A_N, 51.98, 54.4, 1.8
PHY_37, 51.98, 54.4, 1.8
PHY_39, 51.98, 54.4, 1.8
_068_, 51.98, 54.4, 1.8
_069_, 26.1, 54.4, 1.8
_130_, 26.1, 54.4, 1.8
hold10, 26.1, 54.4, 1.8
PHY_32, 4.6, 48.96, 1.8
PHY_34, 4.6, 48.96, 1.8
_071_, 4.6, 48.96, 1.8
_123_, 4.6, 48.96, 1.8
_128_, 4.6, 48.96, 1.8
fanout40, 4.6, 48.96, 1.8
PHY_33, 51.98, 48.96, 1.8
PHY_35, 51.98, 48.96, 1.8
_060_, 51.98, 48.96, 1.8
_074_, 51.98, 48.96, 1.8
_085_, 51.98, 48.96, 1.8
_106_, 26.1, 48.96, 1.8
hold13, 26.1, 48.96, 1.8
PHY_28, 4.6, 43.52, 1.8
PHY_30, 4.6, 43.52, 1.8
_059__14, 4.6, 43.52, 1.8
_122_, 4.6, 43.52, 1.8
_136_, 4.6, 43.52, 1.8
hold3, 4.6, 43.52, 1.8
PHY_29, 51.98, 43.52, 1.8
PHY_31, 51.98, 43.52, 1.8
_062_, 51.98, 43.52, 1.8
_082_, 51.98, 43.52, 1.8
_078_, 26.1, 43.52, 1.8
clkbuf_0_serial_load, 26.1, 43.52, 1.8
hold4, 26.1, 43.52, 1.8
output35, 26.1, 43.52, 1.8
PHY_24, 4.6, 38.08, 1.8
PHY_26, 4.6, 38.08, 1.8
_134_, 4.6, 38.08, 1.8
clkbuf_1_1__f_serial_load, 4.6, 38.08, 1.8
input7, 4.6, 38.08, 1.8
serial_load_out_buffer, 4.6, 38.08, 1.8
ANTENNA_input3_A, 51.98, 38.08, 1.8
PHY_25, 51.98, 38.08, 1.8
PHY_27, 51.98, 38.08, 1.8
_061_, 51.98, 38.08, 1.8
_064_, 51.98, 38.08, 1.8
_100__8, 26.1, 38.08, 1.8
hold12, 26.1, 38.08, 1.8
output34, 26.1, 38.08, 1.8
PHY_20, 4.6, 32.64, 1.8
PHY_22, 4.6, 32.64, 1.8
_079_, 4.6, 32.64, 1.8
clkbuf_1_0__f_serial_clock, 4.6, 32.64, 1.8
clkbuf_1_0__f_serial_load, 4.6, 32.64, 1.8
fanout43, 4.6, 32.64, 1.8
PHY_21, 51.98, 32.64, 1.8
PHY_23, 51.98, 32.64, 1.8
_090_, 51.98, 32.64, 1.8
hold8, 26.1, 32.64, 1.8
PHY_18, 4.6, 27.2, 1.8
_124_, 4.6, 27.2, 1.8
_125_, 4.6, 27.2, 1.8
input2, 4.6, 27.2, 1.8
input8, 4.6, 27.2, 1.8
PHY_17, 51.98, 27.2, 1.8
PHY_19, 51.98, 27.2, 1.8
_063_, 51.98, 27.2, 1.8
_092_, 26.1, 27.2, 1.8
_118_, 26.1, 27.2, 1.8
clkbuf_1_1__f_serial_clock, 26.1, 27.2, 1.8
PHY_0, 4.6, 5.44, 1.8
input17, 4.6, 5.44, 1.8
output38, 4.6, 5.44, 1.8
ANTENNA_fanout42_A, 51.98, 5.44, 1.8
ANTENNA_input14_A, 51.98, 5.44, 1.8
ANTENNA_input17_A, 51.98, 5.44, 1.8
ANTENNA_input19_A, 51.98, 5.44, 1.8
PHY_1, 51.98, 5.44, 1.8
PHY_3, 51.98, 5.44, 1.8
fanout42, 51.98, 5.44, 1.8
input14, 51.98, 5.44, 1.8
ANTENNA__081__A_N, 26.1, 5.44, 1.8
ANTENNA__086__B, 26.1, 5.44, 1.8
ANTENNA__120__RESET_B, 26.1, 5.44, 1.8
_094__2, 26.1, 5.44, 1.8
_098__6, 26.1, 5.44, 1.8
_099__7, 26.1, 5.44, 1.8
one_buffer, 26.1, 5.44, 1.8
output22, 26.1, 5.44, 1.8
zero_buffer, 26.1, 5.44, 1.8

