
Magic 8.3 revision 331 - Compiled on Sat Oct 22 18:40:56 UTC 2022.
Starting magic under Tcl interpreter
Using the terminal as the console.
Using NULL graphics device.
Processing system .magicrc file
Sourcing design .magicrc for technology sky130A ...
2 Magic internal units = 1 Lambda
Input style sky130(vendor): scaleFactor=2, multiplier=2
The following types are not handled by extraction and will be treated as non-electrical types:
    ubm 
Scaled tech values by 2 / 1 to match internal grid scaling
Loading sky130A Device Generator Menu ...
Using technology "sky130A", version 1.0.348-5-g0059588
Reading LEF data from file /media/karim/Elements/work/pdk/sky130A/libs.ref/sky130_fd_sc_hd/techlef/sky130_fd_sc_hd__nom.tlef.
This action cannot be undone.
LEF read, Line 78 (Message): Unknown keyword "ANTENNAMODEL" in LEF file; ignoring.
LEF read, Line 79 (Message): Unknown keyword "ANTENNADIFFSIDEAREARATIO" in LEF file; ignoring.
LEF read, Line 112 (Message): Unknown keyword "MINENCLOSEDAREA" in LEF file; ignoring.
LEF read, Line 114 (Message): Unknown keyword "ANTENNAMODEL" in LEF file; ignoring.
LEF read, Line 115 (Message): Unknown keyword "ANTENNADIFFSIDEAREARATIO" in LEF file; ignoring.
LEF read, Line 121 (Message): Unknown keyword "MAXIMUMDENSITY" in LEF file; ignoring.
LEF read, Line 122 (Message): Unknown keyword "DENSITYCHECKWINDOW" in LEF file; ignoring.
LEF read, Line 123 (Message): Unknown keyword "DENSITYCHECKSTEP" in LEF file; ignoring.
LEF read, Line 156 (Message): Unknown keyword "MINENCLOSEDAREA" in LEF file; ignoring.
LEF read, Line 164 (Message): Unknown keyword "ANTENNAMODEL" in LEF file; ignoring.
LEF read, Line 165 (Message): Unknown keyword "ANTENNADIFFSIDEAREARATIO" in LEF file; ignoring.
LEF read, Line 167 (Message): Unknown keyword "MAXIMUMDENSITY" in LEF file; ignoring.
LEF read, Line 168 (Message): Unknown keyword "DENSITYCHECKWINDOW" in LEF file; ignoring.
LEF read, Line 169 (Message): Unknown keyword "DENSITYCHECKSTEP" in LEF file; ignoring.
LEF read, Line 206 (Message): Unknown keyword "ANTENNAMODEL" in LEF file; ignoring.
LEF read, Line 207 (Message): Unknown keyword "ANTENNADIFFSIDEAREARATIO" in LEF file; ignoring.
LEF read, Line 209 (Message): Unknown keyword "MAXIMUMDENSITY" in LEF file; ignoring.
LEF read, Line 210 (Message): Unknown keyword "DENSITYCHECKWINDOW" in LEF file; ignoring.
LEF read, Line 211 (Message): Unknown keyword "DENSITYCHECKSTEP" in LEF file; ignoring.
LEF read, Line 248 (Message): Unknown keyword "ANTENNAMODEL" in LEF file; ignoring.
LEF read, Line 249 (Message): Unknown keyword "ANTENNADIFFSIDEAREARATIO" in LEF file; ignoring.
LEF read, Line 251 (Message): Unknown keyword "MAXIMUMDENSITY" in LEF file; ignoring.
LEF read, Line 252 (Message): Unknown keyword "DENSITYCHECKWINDOW" in LEF file; ignoring.
LEF read, Line 253 (Message): Unknown keyword "DENSITYCHECKSTEP" in LEF file; ignoring.
LEF read, Line 290 (Message): Unknown keyword "ANTENNAMODEL" in LEF file; ignoring.
LEF read, Line 291 (Message): Unknown keyword "ANTENNADIFFSIDEAREARATIO" in LEF file; ignoring.
LEF read: Processed 797 lines.
Reading LEF data from file /media/karim/Elements/work/caravel-new/openlane/gpio_control_block/../../lef/gpio_logic_high.lef.
This action cannot be undone.
LEF read: Processed 61 lines.
gpio_control_block: 10000 rects
Processing timestamp mismatches: gpio_logic_high.
[INFO]: Writing abstract LEF
Generating LEF output /media/karim/Elements/work/caravel-new/openlane/gpio_control_block/runs/22_10_30_16_06/results/signoff/gpio_control_block.lef for cell gpio_control_block:
Diagnostic:  Write LEF header for cell gpio_control_block
Diagnostic:  Writing LEF output for cell gpio_control_block
Warning:  Parent cell lists instance of "sky130_fd_sc_hd__buf_16" at bad file path /media/karim/Elements/work/caravel-new/openlane/gpio_control_block/runs/22_10_30_16_06/results/signoff/sky130_fd_sc_hd__buf_16.mag.
The cell exists in the search paths at /media/karim/Elements/work/pdk/sky130A/libs.ref/sky130_fd_sc_hd/maglef/sky130_fd_sc_hd__buf_16.mag.
The discovered version will be used.
Warning:  Parent cell lists instance of "sky130_fd_sc_hd__macro_sparecell" at bad file path /media/karim/Elements/work/caravel-new/openlane/gpio_control_block/runs/22_10_30_16_06/results/signoff/sky130_fd_sc_hd__macro_sparecell.mag.
The cell exists in the search paths at /media/karim/Elements/work/pdk/sky130A/libs.ref/sky130_fd_sc_hd/maglef/sky130_fd_sc_hd__macro_sparecell.mag.
The discovered version will be used.
Warning:  Parent cell lists instance of "sky130_fd_sc_hd__clkbuf_16" at bad file path /media/karim/Elements/work/caravel-new/openlane/gpio_control_block/runs/22_10_30_16_06/results/signoff/sky130_fd_sc_hd__clkbuf_16.mag.
The cell exists in the search paths at /media/karim/Elements/work/pdk/sky130A/libs.ref/sky130_fd_sc_hd/maglef/sky130_fd_sc_hd__clkbuf_16.mag.
The discovered version will be used.
Warning:  Parent cell lists instance of "sky130_fd_sc_hd__clkbuf_2" at bad file path /media/karim/Elements/work/caravel-new/openlane/gpio_control_block/runs/22_10_30_16_06/results/signoff/sky130_fd_sc_hd__clkbuf_2.mag.
The cell exists in the search paths at /media/karim/Elements/work/pdk/sky130A/libs.ref/sky130_fd_sc_hd/maglef/sky130_fd_sc_hd__clkbuf_2.mag.
The discovered version will be used.
Warning:  Parent cell lists instance of "sky130_fd_sc_hd__dlygate4sd3_1" at bad file path /media/karim/Elements/work/caravel-new/openlane/gpio_control_block/runs/22_10_30_16_06/results/signoff/sky130_fd_sc_hd__dlygate4sd3_1.mag.
The cell exists in the search paths at /media/karim/Elements/work/pdk/sky130A/libs.ref/sky130_fd_sc_hd/maglef/sky130_fd_sc_hd__dlygate4sd3_1.mag.
The discovered version will be used.
Warning:  Parent cell lists instance of "sky130_fd_sc_hd__buf_2" at bad file path /media/karim/Elements/work/caravel-new/openlane/gpio_control_block/runs/22_10_30_16_06/results/signoff/sky130_fd_sc_hd__buf_2.mag.
The cell exists in the search paths at /media/karim/Elements/work/pdk/sky130A/libs.ref/sky130_fd_sc_hd/maglef/sky130_fd_sc_hd__buf_2.mag.
The discovered version will be used.
Warning:  Parent cell lists instance of "sky130_fd_sc_hd__conb_1" at bad file path /media/karim/Elements/work/caravel-new/openlane/gpio_control_block/runs/22_10_30_16_06/results/signoff/sky130_fd_sc_hd__conb_1.mag.
The cell exists in the search paths at /media/karim/Elements/work/pdk/sky130A/libs.ref/sky130_fd_sc_hd/maglef/sky130_fd_sc_hd__conb_1.mag.
The discovered version will be used.
Warning:  Parent cell lists instance of "sky130_fd_sc_hd__dfrtp_4" at bad file path /media/karim/Elements/work/caravel-new/openlane/gpio_control_block/runs/22_10_30_16_06/results/signoff/sky130_fd_sc_hd__dfrtp_4.mag.
The cell exists in the search paths at /media/karim/Elements/work/pdk/sky130A/libs.ref/sky130_fd_sc_hd/maglef/sky130_fd_sc_hd__dfrtp_4.mag.
The discovered version will be used.
Warning:  Parent cell lists instance of "sky130_fd_sc_hd__dfrtp_1" at bad file path /media/karim/Elements/work/caravel-new/openlane/gpio_control_block/runs/22_10_30_16_06/results/signoff/sky130_fd_sc_hd__dfrtp_1.mag.
The cell exists in the search paths at /media/karim/Elements/work/pdk/sky130A/libs.ref/sky130_fd_sc_hd/maglef/sky130_fd_sc_hd__dfrtp_1.mag.
The discovered version will be used.
Warning:  Parent cell lists instance of "sky130_fd_sc_hd__dfbbn_2" at bad file path /media/karim/Elements/work/caravel-new/openlane/gpio_control_block/runs/22_10_30_16_06/results/signoff/sky130_fd_sc_hd__dfbbn_2.mag.
The cell exists in the search paths at /media/karim/Elements/work/pdk/sky130A/libs.ref/sky130_fd_sc_hd/maglef/sky130_fd_sc_hd__dfbbn_2.mag.
The discovered version will be used.
Warning:  Parent cell lists instance of "sky130_fd_sc_hd__inv_2" at bad file path /media/karim/Elements/work/caravel-new/openlane/gpio_control_block/runs/22_10_30_16_06/results/signoff/sky130_fd_sc_hd__inv_2.mag.
The cell exists in the search paths at /media/karim/Elements/work/pdk/sky130A/libs.ref/sky130_fd_sc_hd/maglef/sky130_fd_sc_hd__inv_2.mag.
The discovered version will be used.
Warning:  Parent cell lists instance of "sky130_fd_sc_hd__nand2b_1" at bad file path /media/karim/Elements/work/caravel-new/openlane/gpio_control_block/runs/22_10_30_16_06/results/signoff/sky130_fd_sc_hd__nand2b_1.mag.
The cell exists in the search paths at /media/karim/Elements/work/pdk/sky130A/libs.ref/sky130_fd_sc_hd/maglef/sky130_fd_sc_hd__nand2b_1.mag.
The discovered version will be used.
Warning:  Parent cell lists instance of "sky130_fd_sc_hd__or2_0" at bad file path /media/karim/Elements/work/caravel-new/openlane/gpio_control_block/runs/22_10_30_16_06/results/signoff/sky130_fd_sc_hd__or2_0.mag.
The cell exists in the search paths at /media/karim/Elements/work/pdk/sky130A/libs.ref/sky130_fd_sc_hd/maglef/sky130_fd_sc_hd__or2_0.mag.
The discovered version will be used.
Warning:  Parent cell lists instance of "sky130_fd_sc_hd__and2_2" at bad file path /media/karim/Elements/work/caravel-new/openlane/gpio_control_block/runs/22_10_30_16_06/results/signoff/sky130_fd_sc_hd__and2_2.mag.
The cell exists in the search paths at /media/karim/Elements/work/pdk/sky130A/libs.ref/sky130_fd_sc_hd/maglef/sky130_fd_sc_hd__and2_2.mag.
The discovered version will be used.
Warning:  Parent cell lists instance of "sky130_fd_sc_hd__o21ai_4" at bad file path /media/karim/Elements/work/caravel-new/openlane/gpio_control_block/runs/22_10_30_16_06/results/signoff/sky130_fd_sc_hd__o21ai_4.mag.
The cell exists in the search paths at /media/karim/Elements/work/pdk/sky130A/libs.ref/sky130_fd_sc_hd/maglef/sky130_fd_sc_hd__o21ai_4.mag.
The discovered version will be used.
Warning:  Parent cell lists instance of "sky130_fd_sc_hd__o21ai_2" at bad file path /media/karim/Elements/work/caravel-new/openlane/gpio_control_block/runs/22_10_30_16_06/results/signoff/sky130_fd_sc_hd__o21ai_2.mag.
The cell exists in the search paths at /media/karim/Elements/work/pdk/sky130A/libs.ref/sky130_fd_sc_hd/maglef/sky130_fd_sc_hd__o21ai_2.mag.
The discovered version will be used.
Warning:  Parent cell lists instance of "sky130_fd_sc_hd__and2b_1" at bad file path /media/karim/Elements/work/caravel-new/openlane/gpio_control_block/runs/22_10_30_16_06/results/signoff/sky130_fd_sc_hd__and2b_1.mag.
The cell exists in the search paths at /media/karim/Elements/work/pdk/sky130A/libs.ref/sky130_fd_sc_hd/maglef/sky130_fd_sc_hd__and2b_1.mag.
The discovered version will be used.
Warning:  Parent cell lists instance of "sky130_fd_sc_hd__and3b_1" at bad file path /media/karim/Elements/work/caravel-new/openlane/gpio_control_block/runs/22_10_30_16_06/results/signoff/sky130_fd_sc_hd__and3b_1.mag.
The cell exists in the search paths at /media/karim/Elements/work/pdk/sky130A/libs.ref/sky130_fd_sc_hd/maglef/sky130_fd_sc_hd__and3b_1.mag.
The discovered version will be used.
Warning:  Parent cell lists instance of "sky130_fd_sc_hd__mux2_2" at bad file path /media/karim/Elements/work/caravel-new/openlane/gpio_control_block/runs/22_10_30_16_06/results/signoff/sky130_fd_sc_hd__mux2_2.mag.
The cell exists in the search paths at /media/karim/Elements/work/pdk/sky130A/libs.ref/sky130_fd_sc_hd/maglef/sky130_fd_sc_hd__mux2_2.mag.
The discovered version will be used.
Warning:  Parent cell lists instance of "sky130_fd_sc_hd__and2_0" at bad file path /media/karim/Elements/work/caravel-new/openlane/gpio_control_block/runs/22_10_30_16_06/results/signoff/sky130_fd_sc_hd__and2_0.mag.
The cell exists in the search paths at /media/karim/Elements/work/pdk/sky130A/libs.ref/sky130_fd_sc_hd/maglef/sky130_fd_sc_hd__and2_0.mag.
The discovered version will be used.
Warning:  Parent cell lists instance of "sky130_fd_sc_hd__tapvpwrvgnd_1" at bad file path /media/karim/Elements/work/caravel-new/openlane/gpio_control_block/runs/22_10_30_16_06/results/signoff/sky130_fd_sc_hd__tapvpwrvgnd_1.mag.
The cell exists in the search paths at /media/karim/Elements/work/pdk/sky130A/libs.ref/sky130_fd_sc_hd/maglef/sky130_fd_sc_hd__tapvpwrvgnd_1.mag.
The discovered version will be used.
Warning:  Parent cell lists instance of "sky130_fd_sc_hd__decap_3" at bad file path /media/karim/Elements/work/caravel-new/openlane/gpio_control_block/runs/22_10_30_16_06/results/signoff/sky130_fd_sc_hd__decap_3.mag.
The cell exists in the search paths at /media/karim/Elements/work/pdk/sky130A/libs.ref/sky130_fd_sc_hd/maglef/sky130_fd_sc_hd__decap_3.mag.
The discovered version will be used.
Warning:  Parent cell lists instance of "sky130_fd_sc_hd__fill_1" at bad file path /media/karim/Elements/work/caravel-new/openlane/gpio_control_block/runs/22_10_30_16_06/results/signoff/sky130_fd_sc_hd__fill_1.mag.
The cell exists in the search paths at /media/karim/Elements/work/pdk/sky130A/libs.ref/sky130_fd_sc_hd/maglef/sky130_fd_sc_hd__fill_1.mag.
The discovered version will be used.
Warning:  Parent cell lists instance of "sky130_fd_sc_hd__diode_2" at bad file path /media/karim/Elements/work/caravel-new/openlane/gpio_control_block/runs/22_10_30_16_06/results/signoff/sky130_fd_sc_hd__diode_2.mag.
The cell exists in the search paths at /media/karim/Elements/work/pdk/sky130A/libs.ref/sky130_fd_sc_hd/maglef/sky130_fd_sc_hd__diode_2.mag.
The discovered version will be used.
Diagnostic:  Scale value is 0.005000
[INFO]: LEF Write Complete
