
===========================================================================
 report_clock_skew
============================================================================

======================== Slowest Corner ==================================

Clock serial_clock
Latency      CRPR       Skew
_122_/CLK ^
   1.62
_123_/CLK ^
   1.46     -0.12       0.04

Clock serial_load
No launch/capture paths found.


======================= Typical Corner ===================================

Clock serial_clock
Latency      CRPR       Skew
_122_/CLK ^
   0.85
_123_/CLK ^
   0.76     -0.06       0.02

Clock serial_load
No launch/capture paths found.


======================= Fastest Corner ===================================

Clock serial_clock
Latency      CRPR       Skew
_122_/CLK ^
   0.12
_123_/CLK ^
   0.11     -0.00       0.01

Clock serial_load
No launch/capture paths found.

