Netgen 1.5.234 compiled on Sun Oct  9 10:24:01 UTC 2022
Warning: netgen command 'format' use fully-qualified name '::netgen::format'
Warning: netgen command 'global' use fully-qualified name '::netgen::global'
Generating JSON file result
Reading netlist file /media/karim/Elements/work/caravel-new/openlane/gpio_control_block/runs/22_10_30_16_06/results/signoff/gpio_control_block.spice
Reading netlist file /media/karim/Elements/work/caravel-new/openlane/gpio_control_block/runs/22_10_30_16_06/tmp/signoff/32-gpio_control_block.pnl.v
Warning:  A case-insensitive file has been read and so the	verilog file must be treated case-insensitive to match.
Creating placeholder cell definition for module sky130_fd_sc_hd__inv_2.
Creating placeholder cell definition for module sky130_fd_sc_hd__clkbuf_16.
Creating placeholder cell definition for module sky130_fd_sc_hd__and2_0.
Creating placeholder cell definition for module sky130_fd_sc_hd__mux2_2.
Creating placeholder cell definition for module sky130_fd_sc_hd__nand2b_1.
Creating placeholder cell definition for module sky130_fd_sc_hd__and3b_1.
Creating placeholder cell definition for module sky130_fd_sc_hd__and2b_1.
Creating placeholder cell definition for module sky130_fd_sc_hd__o21ai_2.
Creating placeholder cell definition for module sky130_fd_sc_hd__o21ai_4.
Creating placeholder cell definition for module sky130_fd_sc_hd__and2_2.
Creating placeholder cell definition for module sky130_fd_sc_hd__or2_0.
Creating placeholder cell definition for module sky130_fd_sc_hd__dfbbn_2.
Creating placeholder cell definition for module sky130_fd_sc_hd__dfrtp_1.
Creating placeholder cell definition for module sky130_fd_sc_hd__dfrtp_4.
Creating placeholder cell definition for module sky130_fd_sc_hd__clkbuf_2.
Creating placeholder cell definition for module sky130_fd_sc_hd__buf_2.
Creating placeholder cell definition for module sky130_fd_sc_hd__conb_1.
Creating placeholder cell definition for module gpio_logic_high.
Creating placeholder cell definition for module sky130_fd_sc_hd__macro_sparecell.
Creating placeholder cell definition for module sky130_fd_sc_hd__decap_3.
Creating placeholder cell definition for module sky130_fd_sc_hd__tapvpwrvgnd_1.
Creating placeholder cell definition for module sky130_fd_sc_hd__buf_16.
Creating placeholder cell definition for module sky130_fd_sc_hd__dlygate4sd3_1.
Creating placeholder cell definition for module sky130_fd_sc_hd__diode_2.
Creating placeholder cell definition for module sky130_fd_sc_hd__fill_1.
Reading setup file /media/karim/Elements/work/pdk/sky130A/libs.tech/netgen/sky130A_setup.tcl
Comparison output logged to file /media/karim/Elements/work/caravel-new/openlane/gpio_control_block/runs/22_10_30_16_06/logs/signoff/35-gpio_control_block.lef.lvs.log
Logging to file "/media/karim/Elements/work/caravel-new/openlane/gpio_control_block/runs/22_10_30_16_06/logs/signoff/35-gpio_control_block.lef.lvs.log" enabled
Circuit sky130_fd_sc_hd__nand2b_1 contains no devices.
Circuit sky130_fd_sc_hd__dfrtp_1 contains no devices.
Circuit sky130_fd_sc_hd__dfbbn_2 contains no devices.
Circuit sky130_fd_sc_hd__fill_1 contains no devices.
Circuit sky130_fd_sc_hd__diode_2 contains no devices.
Circuit sky130_fd_sc_hd__buf_16 contains no devices.
Circuit sky130_fd_sc_hd__inv_2 contains no devices.
Circuit sky130_fd_sc_hd__mux2_2 contains no devices.
Circuit sky130_fd_sc_hd__clkbuf_16 contains no devices.
Circuit sky130_fd_sc_hd__and2_0 contains no devices.
Circuit sky130_fd_sc_hd__dlygate4sd3_1 contains no devices.
Circuit sky130_fd_sc_hd__decap_3 contains no devices.
Circuit sky130_fd_sc_hd__clkbuf_2 contains no devices.
Circuit sky130_fd_sc_hd__conb_1 contains no devices.
Circuit sky130_fd_sc_hd__buf_2 contains no devices.
Circuit sky130_fd_sc_hd__or2_0 contains no devices.
Circuit sky130_fd_sc_hd__tapvpwrvgnd_1 contains no devices.
Circuit sky130_fd_sc_hd__macro_sparecell contains no devices.
Circuit gpio_logic_high contains no devices.
Circuit sky130_fd_sc_hd__and2_2 contains no devices.
Circuit sky130_fd_sc_hd__o21ai_4 contains no devices.
Circuit sky130_fd_sc_hd__o21ai_2 contains no devices.
Circuit sky130_fd_sc_hd__and2b_1 contains no devices.
Circuit sky130_fd_sc_hd__dfrtp_4 contains no devices.
Circuit sky130_fd_sc_hd__and3b_1 contains no devices.

Contents of circuit 1:  Circuit: 'gpio_control_block'
Circuit gpio_control_block contains 284 device instances.
  Class: sky130_fd_sc_hd__clkbuf_16 instances:   8
  Class: sky130_fd_sc_hd__buf_2 instances:   3
  Class: sky130_fd_sc_hd__and3b_1 instances:   1
  Class: gpio_logic_high       instances:   1
  Class: sky130_fd_sc_hd__dfrtp_1 instances:  13
  Class: sky130_fd_sc_hd__dfrtp_4 instances:   1
  Class: sky130_fd_sc_hd__inv_2 instances:  14
  Class: sky130_fd_sc_hd__clkbuf_2 instances:  31
  Class: sky130_fd_sc_hd__and2b_1 instances:   1
  Class: sky130_fd_sc_hd__conb_1 instances:   1
  Class: sky130_fd_sc_hd__buf_16 instances:  19
  Class: sky130_fd_sc_hd__macro_sparecell instances:   1
  Class: sky130_fd_sc_hd__dfbbn_2 instances:  13
  Class: sky130_fd_sc_hd__decap_3 instances:  42
  Class: sky130_fd_sc_hd__dlygate4sd3_1 instances:  13
  Class: sky130_fd_sc_hd__or2_0 instances:  13
  Class: sky130_fd_sc_hd__mux2_2 instances:   1
  Class: sky130_fd_sc_hd__and2_0 instances:   1
  Class: sky130_fd_sc_hd__and2_2 instances:   1
  Class: sky130_fd_sc_hd__nand2b_1 instances:  14
  Class: sky130_fd_sc_hd__diode_2 instances:  36
  Class: sky130_fd_sc_hd__o21ai_2 instances:   1
  Class: sky130_fd_sc_hd__tapvpwrvgnd_1 instances:  32
  Class: sky130_fd_sc_hd__o21ai_4 instances:   1
  Class: sky130_fd_sc_hd__fill_1 instances:  22
Circuit contains 192 nets.
Contents of circuit 2:  Circuit: 'gpio_control_block'
Circuit gpio_control_block contains 284 device instances.
  Class: sky130_fd_sc_hd__clkbuf_16 instances:   8
  Class: sky130_fd_sc_hd__buf_2 instances:   3
  Class: sky130_fd_sc_hd__and3b_1 instances:   1
  Class: gpio_logic_high       instances:   1
  Class: sky130_fd_sc_hd__dfrtp_1 instances:  13
  Class: sky130_fd_sc_hd__dfrtp_4 instances:   1
  Class: sky130_fd_sc_hd__inv_2 instances:  14
  Class: sky130_fd_sc_hd__clkbuf_2 instances:  31
  Class: sky130_fd_sc_hd__and2b_1 instances:   1
  Class: sky130_fd_sc_hd__conb_1 instances:   1
  Class: sky130_fd_sc_hd__buf_16 instances:  19
  Class: sky130_fd_sc_hd__macro_sparecell instances:   1
  Class: sky130_fd_sc_hd__dfbbn_2 instances:  13
  Class: sky130_fd_sc_hd__decap_3 instances:  42
  Class: sky130_fd_sc_hd__dlygate4sd3_1 instances:  13
  Class: sky130_fd_sc_hd__or2_0 instances:  13
  Class: sky130_fd_sc_hd__mux2_2 instances:   1
  Class: sky130_fd_sc_hd__and2_0 instances:   1
  Class: sky130_fd_sc_hd__and2_2 instances:   1
  Class: sky130_fd_sc_hd__nand2b_1 instances:  14
  Class: sky130_fd_sc_hd__diode_2 instances:  36
  Class: sky130_fd_sc_hd__tapvpwrvgnd_1 instances:  32
  Class: sky130_fd_sc_hd__o21ai_2 instances:   1
  Class: sky130_fd_sc_hd__o21ai_4 instances:   1
  Class: sky130_fd_sc_hd__fill_1 instances:  22
Circuit contains 192 nets.

Circuit was modified by parallel/series device merging.
New circuit summary:

Contents of circuit 1:  Circuit: 'gpio_control_block'
Circuit gpio_control_block contains 180 device instances.
  Class: sky130_fd_sc_hd__clkbuf_16 instances:   8
  Class: sky130_fd_sc_hd__buf_2 instances:   3
  Class: sky130_fd_sc_hd__and3b_1 instances:   1
  Class: gpio_logic_high       instances:   1
  Class: sky130_fd_sc_hd__dfrtp_1 instances:  13
  Class: sky130_fd_sc_hd__dfrtp_4 instances:   1
  Class: sky130_fd_sc_hd__inv_2 instances:  14
  Class: sky130_fd_sc_hd__clkbuf_2 instances:  31
  Class: sky130_fd_sc_hd__and2b_1 instances:   1
  Class: sky130_fd_sc_hd__conb_1 instances:   1
  Class: sky130_fd_sc_hd__buf_16 instances:  19
  Class: sky130_fd_sc_hd__macro_sparecell instances:   1
  Class: sky130_fd_sc_hd__dfbbn_2 instances:  13
  Class: sky130_fd_sc_hd__decap_3 instances:   1
  Class: sky130_fd_sc_hd__dlygate4sd3_1 instances:  13
  Class: sky130_fd_sc_hd__or2_0 instances:  13
  Class: sky130_fd_sc_hd__mux2_2 instances:   1
  Class: sky130_fd_sc_hd__and2_0 instances:   1
  Class: sky130_fd_sc_hd__and2_2 instances:   1
  Class: sky130_fd_sc_hd__nand2b_1 instances:  14
  Class: sky130_fd_sc_hd__diode_2 instances:  25
  Class: sky130_fd_sc_hd__o21ai_2 instances:   1
  Class: sky130_fd_sc_hd__tapvpwrvgnd_1 instances:   1
  Class: sky130_fd_sc_hd__o21ai_4 instances:   1
  Class: sky130_fd_sc_hd__fill_1 instances:   1
Circuit contains 192 nets.
Contents of circuit 2:  Circuit: 'gpio_control_block'
Circuit gpio_control_block contains 180 device instances.
  Class: sky130_fd_sc_hd__clkbuf_16 instances:   8
  Class: sky130_fd_sc_hd__buf_2 instances:   3
  Class: sky130_fd_sc_hd__and3b_1 instances:   1
  Class: gpio_logic_high       instances:   1
  Class: sky130_fd_sc_hd__dfrtp_1 instances:  13
  Class: sky130_fd_sc_hd__dfrtp_4 instances:   1
  Class: sky130_fd_sc_hd__inv_2 instances:  14
  Class: sky130_fd_sc_hd__clkbuf_2 instances:  31
  Class: sky130_fd_sc_hd__and2b_1 instances:   1
  Class: sky130_fd_sc_hd__conb_1 instances:   1
  Class: sky130_fd_sc_hd__buf_16 instances:  19
  Class: sky130_fd_sc_hd__macro_sparecell instances:   1
  Class: sky130_fd_sc_hd__dfbbn_2 instances:  13
  Class: sky130_fd_sc_hd__decap_3 instances:   1
  Class: sky130_fd_sc_hd__dlygate4sd3_1 instances:  13
  Class: sky130_fd_sc_hd__or2_0 instances:  13
  Class: sky130_fd_sc_hd__mux2_2 instances:   1
  Class: sky130_fd_sc_hd__and2_0 instances:   1
  Class: sky130_fd_sc_hd__and2_2 instances:   1
  Class: sky130_fd_sc_hd__nand2b_1 instances:  14
  Class: sky130_fd_sc_hd__diode_2 instances:  25
  Class: sky130_fd_sc_hd__tapvpwrvgnd_1 instances:   1
  Class: sky130_fd_sc_hd__o21ai_2 instances:   1
  Class: sky130_fd_sc_hd__o21ai_4 instances:   1
  Class: sky130_fd_sc_hd__fill_1 instances:   1
Circuit contains 192 nets.

Circuit 1 contains 180 devices, Circuit 2 contains 180 devices.
Circuit 1 contains 192 nets,    Circuit 2 contains 192 nets.


Final result: 
Circuits match uniquely.
.
Logging to file "/media/karim/Elements/work/caravel-new/openlane/gpio_control_block/runs/22_10_30_16_06/logs/signoff/35-gpio_control_block.lef.lvs.log" disabled
LVS Done.
