
Magic 8.3 revision 331 - Compiled on Sat Oct 22 18:40:56 UTC 2022.
Starting magic under Tcl interpreter
Using the terminal as the console.
Using NULL graphics device.
Processing system .magicrc file
Sourcing design .magicrc for technology sky130A ...
2 Magic internal units = 1 Lambda
Input style sky130(vendor): scaleFactor=2, multiplier=2
The following types are not handled by extraction and will be treated as non-electrical types:
    ubm 
Scaled tech values by 2 / 1 to match internal grid scaling
Loading sky130A Device Generator Menu ...
Using technology "sky130A", version 1.0.348-5-g0059588
Warning: Calma reading is not undoable!  I hope that's OK.
Library written using GDS-II Release 3.0
Library name: gpio_control_block
Reading "sky130_fd_sc_hd__fill_1".
Reading "sky130_fd_sc_hd__decap_3".
Reading "sky130_fd_sc_hd__clkbuf_2".
Reading "sky130_fd_sc_hd__diode_2".
Reading "sky130_fd_sc_hd__tapvpwrvgnd_1".
Reading "sky130_fd_sc_hd__dfrtp_1".
Reading "sky130_fd_sc_hd__decap_4".
Reading "sky130_fd_sc_hd__conb_1".
Reading "sky130_fd_sc_hd__decap_6".
Reading "sky130_fd_sc_hd__decap_8".
Reading "gpio_logic_high".
Reading "sky130_fd_sc_hd__buf_16".
Reading "sky130_fd_sc_hd__inv_2".
Reading "sky130_fd_sc_hd__buf_2".
Reading "sky130_fd_sc_hd__dlygate4sd3_1".
Reading "sky130_fd_sc_hd__and2_2".
Reading "sky130_fd_sc_hd__nand2b_1".
Reading "sky130_fd_sc_hd__dfbbn_2".
Reading "sky130_fd_sc_hd__clkbuf_16".
Reading "sky130_fd_sc_hd__or2_0".
Reading "sky130_fd_sc_hd__nor2_2".
Reading "sky130_fd_sc_hd__nand2_2".
Reading "sky130_fd_sc_hd__macro_sparecell".
Reading "sky130_fd_sc_hd__o21ai_4".
Reading "sky130_fd_sc_hd__o21ai_2".
Reading "sky130_fd_sc_hd__and3b_1".
Reading "sky130_fd_sc_hd__mux2_2".
Reading "sky130_fd_sc_hd__and2b_1".
Reading "sky130_fd_sc_hd__dfrtp_4".
Reading "sky130_fd_sc_hd__and2_0".
Reading "gpio_control_block".
[INFO]: Loading gpio_control_block

DRC style is now "drc(full)"
Loading DRC CIF style.
No errors found.
[INFO]: COUNT: 0
[INFO]: Should be divided by 3 or 4
[INFO]: DRC Checking DONE (/media/karim/Elements/work/caravel-new/openlane/gpio_control_block/runs/22_10_30_16_06/reports/signoff/drc.rpt)
[INFO]: Saving mag view with DRC errors (/media/karim/Elements/work/caravel-new/openlane/gpio_control_block/runs/22_10_30_16_06/results/signoff/gpio_control_block.drc.mag)
[INFO]: Saved
