OpenROAD 4174c3ad802d2ac1d04d387d2c4b883903f6647e 
This program is licensed under the BSD-3 license. See the LICENSE file for details.
Components of this program may be licensed under more restrictive licenses which must be honored.
[INFO ODB-0222] Reading LEF file: /home/kareem_farid/caravel/openlane/gpio_control_block/runs/22_10_18_13_50/tmp/merged.nom.lef
[WARNING ODB-0220] WARNING (LEFPARS-2036): SOURCE statement is obsolete in version 5.6 and later.
The LEF parser will ignore this statement.
To avoid this warning in the future, remove this statement from the LEF file with version 5.6 or later. See file /home/kareem_farid/caravel/openlane/gpio_control_block/runs/22_10_18_13_50/tmp/merged.nom.lef at line 930.

[INFO ODB-0223]     Created 13 technology layers
[INFO ODB-0224]     Created 25 technology vias
[INFO ODB-0225]     Created 442 library cells
[INFO ODB-0226] Finished LEF file:  /home/kareem_farid/caravel/openlane/gpio_control_block/runs/22_10_18_13_50/tmp/merged.nom.lef
[INFO ODB-0127] Reading DEF file: /home/kareem_farid/caravel/openlane/gpio_control_block/runs/22_10_18_13_50/results/routing/gpio_control_block.def
[INFO ODB-0128] Design: gpio_control_block
[INFO ODB-0130]     Created 47 pins.
[INFO ODB-0131]     Created 265 components and 1417 component-terminals.
[INFO ODB-0132]     Created 4 special nets and 494 connections.
[INFO ODB-0133]     Created 169 nets and 422 connections.
[INFO ODB-0134] Finished DEF file: /home/kareem_farid/caravel/openlane/gpio_control_block/runs/22_10_18_13_50/results/routing/gpio_control_block.def
[INFO ODB-0222] Reading LEF file: /home/kareem_farid/caravel/openlane/gpio_control_block/runs/22_10_18_13_50/tmp/merged.nom.lef
[WARNING ODB-0220] WARNING (LEFPARS-2036): SOURCE statement is obsolete in version 5.6 and later.
The LEF parser will ignore this statement.
To avoid this warning in the future, remove this statement from the LEF file with version 5.6 or later. See file /home/kareem_farid/caravel/openlane/gpio_control_block/runs/22_10_18_13_50/tmp/merged.nom.lef at line 930.

[INFO ODB-0223]     Created 13 technology layers
[INFO ODB-0224]     Created 25 technology vias
[INFO ODB-0225]     Created 442 library cells
[INFO ODB-0226] Finished LEF file:  /home/kareem_farid/caravel/openlane/gpio_control_block/runs/22_10_18_13_50/tmp/merged.nom.lef
[INFO ODB-0127] Reading DEF file: /home/kareem_farid/caravel/openlane/gpio_control_block/runs/22_10_18_13_50/tmp/synthesis/pg_define.def
[INFO ODB-0128] Design: gpio_control_block
[INFO ODB-0130]     Created 47 pins.
[INFO ODB-0131]     Created 82 components and 606 component-terminals.
[INFO ODB-0133]     Created 121 nets and 289 connections.
[INFO ODB-0134] Finished DEF file: /home/kareem_farid/caravel/openlane/gpio_control_block/runs/22_10_18_13_50/tmp/synthesis/pg_define.def
Top-level design name: gpio_control_block
Default power net:  vccd
Default ground net: vssd
Found a total of 2 power ports.
Found a total of 2 ground ports.
Modified power connections of 265 cells (Remaining: 0 ).
STDOUT: OpenROAD 4174c3ad802d2ac1d04d387d2c4b883903f6647e 
This program is licensed under the BSD-3 license. See the LICENSE file for details.
Components of this program may be licensed under more restrictive licenses which must be honored.
warning: `//.tclsh-history' is not writable.
[?1034hopenroad> read_lef /home/kareem_farid/caravel/openlane/gpio_control_block/runs/2 
2_10_18_13_50/tmp/merged.nom.lef
[INFO ODB-0222] Reading LEF file: /home/kareem_farid/caravel/openlane/gpio_control_block/runs/22_10_18_13_50/tmp/merged.nom.lef
[WARNING ODB-0220] WARNING (LEFPARS-2036): SOURCE statement is obsolete in version 5.6 and later.
The LEF parser will ignore this statement.
To avoid this warning in the future, remove this statement from the LEF file with version 5.6 or later. See file /home/kareem_farid/caravel/openlane/gpio_control_block/runs/22_10_18_13_50/tmp/merged.nom.lef at line 930.

[INFO ODB-0223]     Created 13 technology layers
[INFO ODB-0224]     Created 25 technology vias
[INFO ODB-0225]     Created 442 library cells
[INFO ODB-0226] Finished LEF file:  /home/kareem_farid/caravel/openlane/gpio_control_block/runs/22_10_18_13_50/tmp/merged.nom.lef
openroad> read_verilog /home/kareem_farid/caravel/openlane/gpio_control_block/ru 
ns/22_10_18_13_50/tmp/synthesis/pg_define.v
openroad> link_design gpio_control_block
[WARNING ORD-1011] LEF master sky130_fd_sc_hd__inv_2 has no liberty cell.
[WARNING ORD-1011] LEF master sky130_fd_sc_hd__and2_0 has no liberty cell.
[WARNING ORD-1011] LEF master sky130_fd_sc_hd__mux2_1 has no liberty cell.
[WARNING ORD-1011] LEF master sky130_fd_sc_hd__nand2b_2 has no liberty cell.
[WARNING ORD-1011] LEF master sky130_fd_sc_hd__and3b_2 has no liberty cell.
[WARNING ORD-1011] LEF master sky130_fd_sc_hd__and2b_2 has no liberty cell.
[WARNING ORD-1011] LEF master sky130_fd_sc_hd__o21ai_0 has no liberty cell.
[WARNING ORD-1011] LEF master sky130_fd_sc_hd__or2_0 has no liberty cell.
[WARNING ORD-1011] LEF master sky130_fd_sc_hd__dfbbn_2 has no liberty cell.
[WARNING ORD-1011] LEF master sky130_fd_sc_hd__dfrtp_2 has no liberty cell.
[WARNING ORD-1011] LEF master sky130_fd_sc_hd__buf_2 has no liberty cell.
[WARNING ORD-1011] LEF master sky130_fd_sc_hd__conb_1 has no liberty cell.
[WARNING ORD-1011] LEF master gpio_logic_high has no liberty cell.
[WARNING ORD-1011] LEF master sky130_fd_sc_hd__macro_sparecell has no liberty cell.
openroad> write_def /home/kareem_farid/caravel/openlane/gpio_control_block/runs/ 
22_10_18_13_50/tmp/synthesis/pg_define.def
openroad> exit
unable to write history to `//.tclsh-history'
STDERR: 
openroad exit code: 0
Modified connections between vccd and spare_cell
Modified connections between vccd and spare_cell
Modified connections between vccd and const_source
Modified connections between vccd and const_source
Modified connections between vccd1 and gpio_logic_high
Modified connections between vssd and spare_cell
Modified connections between vssd and spare_cell
Modified connections between vssd and const_source
Modified connections between vssd and const_source
Modified connections between vssd1 and gpio_logic_high
<odb.dbBlock; proxy of <Swig Object of type 'odb::dbBlock *' at 0x7ffa25f87ba0> > /home/kareem_farid/caravel/openlane/gpio_control_block/runs/22_10_18_13_50/tmp/signoff/36-powered_def.def
