Netgen 1.5.227 compiled on Fri Sep  2 09:22:14 UTC 2022
Warning: netgen command 'format' use fully-qualified name '::netgen::format'
Warning: netgen command 'global' use fully-qualified name '::netgen::global'
Generating JSON file result
Reading netlist file /home/kareem_farid/caravel/openlane/gpio_control_block/runs/22_10_18_13_50/results/signoff/gpio_control_block.spice
Reading netlist file /home/kareem_farid/caravel/openlane/gpio_control_block/runs/22_10_18_13_50/tmp/signoff/36-powered_netlist.v
Warning:  A case-insensitive file has been read and so the	verilog file must be treated case-insensitive to match.
Creating placeholder cell definition for module sky130_fd_sc_hd__diode_2.
Creating placeholder cell definition for module sky130_fd_sc_hd__fill_1.
Creating placeholder cell definition for module sky130_fd_sc_hd__decap_3.
Creating placeholder cell definition for module sky130_fd_sc_hd__tapvpwrvgnd_1.
Creating placeholder cell definition for module sky130_fd_sc_hd__inv_2.
Creating placeholder cell definition for module sky130_fd_sc_hd__and2_0.
Creating placeholder cell definition for module sky130_fd_sc_hd__mux2_4.
Creating placeholder cell definition for module sky130_fd_sc_hd__nand2b_2.
Creating placeholder cell definition for module sky130_fd_sc_hd__and3b_2.
Creating placeholder cell definition for module sky130_fd_sc_hd__and2b_2.
Creating placeholder cell definition for module sky130_fd_sc_hd__o21ai_2.
Creating placeholder cell definition for module sky130_fd_sc_hd__o21ai_4.
Creating placeholder cell definition for module sky130_fd_sc_hd__and2_2.
Creating placeholder cell definition for module sky130_fd_sc_hd__or2_0.
Creating placeholder cell definition for module sky130_fd_sc_hd__dfbbn_2.
Creating placeholder cell definition for module sky130_fd_sc_hd__dfrtp_4.
Creating placeholder cell definition for module sky130_fd_sc_hd__dfrtp_2.
Creating placeholder cell definition for module sky130_fd_sc_hd__buf_2.
Creating placeholder cell definition for module sky130_fd_sc_hd__clkbuf_16.
Creating placeholder cell definition for module sky130_fd_sc_hd__conb_1.
Creating placeholder cell definition for module gpio_logic_high.
Creating placeholder cell definition for module sky130_fd_sc_hd__dlygate4sd3_1.
Creating placeholder cell definition for module sky130_fd_sc_hd__buf_16.
Creating placeholder cell definition for module sky130_fd_sc_hd__macro_sparecell.
Reading setup file /home/kareem_farid/caravel/deps/openlane-new/pdk/sky130A/libs.tech/netgen/sky130A_setup.tcl
Comparison output logged to file /home/kareem_farid/caravel/openlane/gpio_control_block/runs/22_10_18_13_50/logs/signoff/39-gpio_control_block.lef.log
Logging to file "/home/kareem_farid/caravel/openlane/gpio_control_block/runs/22_10_18_13_50/logs/signoff/39-gpio_control_block.lef.log" enabled
Circuit sky130_fd_sc_hd__fill_1 contains no devices.
Circuit sky130_fd_sc_hd__nand2b_2 contains no devices.
Circuit sky130_fd_sc_hd__dfrtp_4 contains no devices.
Circuit sky130_fd_sc_hd__dfbbn_2 contains no devices.
Circuit sky130_fd_sc_hd__buf_16 contains no devices.
Circuit sky130_fd_sc_hd__inv_2 contains no devices.
Circuit sky130_fd_sc_hd__mux2_4 contains no devices.
Circuit sky130_fd_sc_hd__clkbuf_16 contains no devices.
Circuit sky130_fd_sc_hd__and2_0 contains no devices.
Circuit sky130_fd_sc_hd__dlygate4sd3_1 contains no devices.
Circuit sky130_fd_sc_hd__diode_2 contains no devices.
Circuit sky130_fd_sc_hd__decap_3 contains no devices.
Circuit sky130_fd_sc_hd__conb_1 contains no devices.
Circuit sky130_fd_sc_hd__buf_2 contains no devices.
Circuit sky130_fd_sc_hd__or2_0 contains no devices.
Circuit sky130_fd_sc_hd__tapvpwrvgnd_1 contains no devices.
Circuit sky130_fd_sc_hd__macro_sparecell contains no devices.
Circuit gpio_logic_high contains no devices.
Circuit sky130_fd_sc_hd__and2_2 contains no devices.
Circuit sky130_fd_sc_hd__o21ai_4 contains no devices.
Circuit sky130_fd_sc_hd__o21ai_2 contains no devices.
Circuit sky130_fd_sc_hd__and2b_2 contains no devices.
Circuit sky130_fd_sc_hd__dfrtp_2 contains no devices.
Circuit sky130_fd_sc_hd__and3b_2 contains no devices.

Contents of circuit 1:  Circuit: 'gpio_control_block'
Circuit gpio_control_block contains 265 device instances.
  Class: sky130_fd_sc_hd__clkbuf_16 instances:   8
  Class: sky130_fd_sc_hd__buf_2 instances:  16
  Class: sky130_fd_sc_hd__and3b_2 instances:   1
  Class: gpio_logic_high       instances:   1
  Class: sky130_fd_sc_hd__dfrtp_2 instances:   1
  Class: sky130_fd_sc_hd__dfrtp_4 instances:  13
  Class: sky130_fd_sc_hd__inv_2 instances:  14
  Class: sky130_fd_sc_hd__and2b_2 instances:   1
  Class: sky130_fd_sc_hd__conb_1 instances:   1
  Class: sky130_fd_sc_hd__buf_16 instances:  19
  Class: sky130_fd_sc_hd__macro_sparecell instances:   1
  Class: sky130_fd_sc_hd__dfbbn_2 instances:  13
  Class: sky130_fd_sc_hd__decap_3 instances:  42
  Class: sky130_fd_sc_hd__dlygate4sd3_1 instances:  13
  Class: sky130_fd_sc_hd__or2_0 instances:  13
  Class: sky130_fd_sc_hd__mux2_4 instances:   1
  Class: sky130_fd_sc_hd__and2_0 instances:   1
  Class: sky130_fd_sc_hd__and2_2 instances:   1
  Class: sky130_fd_sc_hd__nand2b_2 instances:  14
  Class: sky130_fd_sc_hd__diode_2 instances:  39
  Class: sky130_fd_sc_hd__o21ai_2 instances:   1
  Class: sky130_fd_sc_hd__tapvpwrvgnd_1 instances:  32
  Class: sky130_fd_sc_hd__o21ai_4 instances:   1
  Class: sky130_fd_sc_hd__fill_1 instances:  18
Circuit contains 174 nets.
Contents of circuit 2:  Circuit: 'gpio_control_block'
Circuit gpio_control_block contains 265 device instances.
  Class: sky130_fd_sc_hd__clkbuf_16 instances:   8
  Class: sky130_fd_sc_hd__buf_2 instances:  16
  Class: sky130_fd_sc_hd__and3b_2 instances:   1
  Class: gpio_logic_high       instances:   1
  Class: sky130_fd_sc_hd__dfrtp_2 instances:   1
  Class: sky130_fd_sc_hd__dfrtp_4 instances:  13
  Class: sky130_fd_sc_hd__inv_2 instances:  14
  Class: sky130_fd_sc_hd__conb_1 instances:   1
  Class: sky130_fd_sc_hd__and2b_2 instances:   1
  Class: sky130_fd_sc_hd__buf_16 instances:  19
  Class: sky130_fd_sc_hd__macro_sparecell instances:   1
  Class: sky130_fd_sc_hd__dfbbn_2 instances:  13
  Class: sky130_fd_sc_hd__decap_3 instances:  42
  Class: sky130_fd_sc_hd__dlygate4sd3_1 instances:  13
  Class: sky130_fd_sc_hd__or2_0 instances:  13
  Class: sky130_fd_sc_hd__mux2_4 instances:   1
  Class: sky130_fd_sc_hd__and2_0 instances:   1
  Class: sky130_fd_sc_hd__and2_2 instances:   1
  Class: sky130_fd_sc_hd__nand2b_2 instances:  14
  Class: sky130_fd_sc_hd__diode_2 instances:  39
  Class: sky130_fd_sc_hd__o21ai_2 instances:   1
  Class: sky130_fd_sc_hd__tapvpwrvgnd_1 instances:  32
  Class: sky130_fd_sc_hd__o21ai_4 instances:   1
  Class: sky130_fd_sc_hd__fill_1 instances:  18
Circuit contains 174 nets.

Circuit was modified by parallel/series device merging.
New circuit summary:

Contents of circuit 1:  Circuit: 'gpio_control_block'
Circuit gpio_control_block contains 160 device instances.
  Class: sky130_fd_sc_hd__clkbuf_16 instances:   8
  Class: sky130_fd_sc_hd__buf_2 instances:  16
  Class: sky130_fd_sc_hd__and3b_2 instances:   1
  Class: gpio_logic_high       instances:   1
  Class: sky130_fd_sc_hd__dfrtp_2 instances:   1
  Class: sky130_fd_sc_hd__dfrtp_4 instances:  13
  Class: sky130_fd_sc_hd__inv_2 instances:  14
  Class: sky130_fd_sc_hd__and2b_2 instances:   1
  Class: sky130_fd_sc_hd__conb_1 instances:   1
  Class: sky130_fd_sc_hd__buf_16 instances:  19
  Class: sky130_fd_sc_hd__macro_sparecell instances:   1
  Class: sky130_fd_sc_hd__dfbbn_2 instances:  13
  Class: sky130_fd_sc_hd__decap_3 instances:   1
  Class: sky130_fd_sc_hd__dlygate4sd3_1 instances:  13
  Class: sky130_fd_sc_hd__or2_0 instances:  13
  Class: sky130_fd_sc_hd__mux2_4 instances:   1
  Class: sky130_fd_sc_hd__and2_0 instances:   1
  Class: sky130_fd_sc_hd__and2_2 instances:   1
  Class: sky130_fd_sc_hd__nand2b_2 instances:  14
  Class: sky130_fd_sc_hd__diode_2 instances:  23
  Class: sky130_fd_sc_hd__o21ai_2 instances:   1
  Class: sky130_fd_sc_hd__tapvpwrvgnd_1 instances:   1
  Class: sky130_fd_sc_hd__o21ai_4 instances:   1
  Class: sky130_fd_sc_hd__fill_1 instances:   1
Circuit contains 174 nets.
Contents of circuit 2:  Circuit: 'gpio_control_block'
Circuit gpio_control_block contains 160 device instances.
  Class: sky130_fd_sc_hd__clkbuf_16 instances:   8
  Class: sky130_fd_sc_hd__buf_2 instances:  16
  Class: sky130_fd_sc_hd__and3b_2 instances:   1
  Class: gpio_logic_high       instances:   1
  Class: sky130_fd_sc_hd__dfrtp_2 instances:   1
  Class: sky130_fd_sc_hd__dfrtp_4 instances:  13
  Class: sky130_fd_sc_hd__inv_2 instances:  14
  Class: sky130_fd_sc_hd__conb_1 instances:   1
  Class: sky130_fd_sc_hd__and2b_2 instances:   1
  Class: sky130_fd_sc_hd__buf_16 instances:  19
  Class: sky130_fd_sc_hd__macro_sparecell instances:   1
  Class: sky130_fd_sc_hd__dfbbn_2 instances:  13
  Class: sky130_fd_sc_hd__decap_3 instances:   1
  Class: sky130_fd_sc_hd__dlygate4sd3_1 instances:  13
  Class: sky130_fd_sc_hd__or2_0 instances:  13
  Class: sky130_fd_sc_hd__mux2_4 instances:   1
  Class: sky130_fd_sc_hd__and2_0 instances:   1
  Class: sky130_fd_sc_hd__and2_2 instances:   1
  Class: sky130_fd_sc_hd__nand2b_2 instances:  14
  Class: sky130_fd_sc_hd__diode_2 instances:  23
  Class: sky130_fd_sc_hd__o21ai_2 instances:   1
  Class: sky130_fd_sc_hd__tapvpwrvgnd_1 instances:   1
  Class: sky130_fd_sc_hd__o21ai_4 instances:   1
  Class: sky130_fd_sc_hd__fill_1 instances:   1
Circuit contains 174 nets.

Circuit 1 contains 160 devices, Circuit 2 contains 160 devices.
Circuit 1 contains 174 nets,    Circuit 2 contains 174 nets.

Netlists match uniquely.
Result: Circuits match uniquely.
Logging to file "/home/kareem_farid/caravel/openlane/gpio_control_block/runs/22_10_18_13_50/logs/signoff/39-gpio_control_block.lef.log" disabled
LVS Done.
