OpenROAD 4174c3ad802d2ac1d04d387d2c4b883903f6647e 
This program is licensed under the BSD-3 license. See the LICENSE file for details.
Components of this program may be licensed under more restrictive licenses which must be honored.
[INFO ODB-0222] Reading LEF file: /home/kareem_farid/caravel/openlane/gpio_control_block/runs/22_10_18_13_50/tmp/merged.nom.lef
[WARNING ODB-0220] WARNING (LEFPARS-2036): SOURCE statement is obsolete in version 5.6 and later.
The LEF parser will ignore this statement.
To avoid this warning in the future, remove this statement from the LEF file with version 5.6 or later. See file /home/kareem_farid/caravel/openlane/gpio_control_block/runs/22_10_18_13_50/tmp/merged.nom.lef at line 930.

[INFO ODB-0223]     Created 13 technology layers
[INFO ODB-0224]     Created 25 technology vias
[INFO ODB-0225]     Created 442 library cells
[INFO ODB-0226] Finished LEF file:  /home/kareem_farid/caravel/openlane/gpio_control_block/runs/22_10_18_13_50/tmp/merged.nom.lef
[INFO ODB-0127] Reading DEF file: /home/kareem_farid/caravel/openlane/gpio_control_block/runs/22_10_18_13_50/results/routing/gpio_control_block.def
[INFO ODB-0128] Design: gpio_control_block
[INFO ODB-0130]     Created 47 pins.
[INFO ODB-0131]     Created 265 components and 1417 component-terminals.
[INFO ODB-0132]     Created 4 special nets and 494 connections.
[INFO ODB-0133]     Created 169 nets and 422 connections.
[INFO ODB-0134] Finished DEF file: /home/kareem_farid/caravel/openlane/gpio_control_block/runs/22_10_18_13_50/results/routing/gpio_control_block.def
Net gpio_defaults[1]
  _080_/B (sky130_fd_sc_hd__or2_0)
    met2
    PAR:   25.98  Ratio:    0.00 (Area)
    PAR:  133.78  Ratio:  400.00 (S.Area)
    CAR:   34.98  Ratio:    0.00 (C.Area)
    CAR:  180.33  Ratio:    0.00 (C.S.Area)

    met1
    PAR:    9.00  Ratio:    0.00 (Area)
    PAR:   46.56  Ratio:  400.00 (S.Area)
    CAR:    9.00  Ratio:    0.00 (C.Area)
    CAR:   46.56  Ratio:    0.00 (C.S.Area)

    li1
    PAR:    0.00  Ratio:    0.00 (Area)
    PAR:    0.00  Ratio:   75.00 (S.Area)
    CAR:    0.00  Ratio:    0.00 (C.Area)
    CAR:    0.00  Ratio:    0.00 (C.S.Area)

    met3
    PAR:   74.64  Ratio:    0.00 (Area)
    PAR:  401.90* Ratio:  400.00 (S.Area)
    CAR:  109.62  Ratio:    0.00 (C.Area)
    CAR:  582.24  Ratio:    0.00 (C.S.Area)

    met4
    PAR:   16.71  Ratio:    0.00 (Area)
    PAR:   90.69  Ratio: 2947.76 (S.Area)
    CAR:  126.34  Ratio:    0.00 (C.Area)
    CAR:  672.93  Ratio:    0.00 (C.S.Area)

    M2M3_PR
    PAR:    0.32  Ratio:    6.00 (Area)
    CAR:    0.90  Ratio:    0.00 (C.Area)

    M1M2_PR
    PAR:    0.36  Ratio:    6.00 (Area)
    CAR:    0.59  Ratio:    0.00 (C.Area)

    L1M1_PR
    PAR:    0.23  Ratio:    3.00 (Area)
    CAR:    0.23  Ratio:    0.00 (C.Area)

    M3M4_PR
    PAR:    0.32  Ratio:    6.00 (Area)
    CAR:    1.22  Ratio:    0.00 (C.Area)

  _081_/B (sky130_fd_sc_hd__nand2b_2)
    met4
    PAR:   16.71  Ratio:    0.00 (Area)
    PAR:   90.69  Ratio: 2947.76 (S.Area)
    CAR:   19.42  Ratio:    0.00 (C.Area)
    CAR:  106.24  Ratio:    0.00 (C.S.Area)

    met3
    PAR:    1.99  Ratio:    0.00 (Area)
    PAR:   11.60  Ratio:  400.00 (S.Area)
    CAR:    2.70  Ratio:    0.00 (C.Area)
    CAR:   15.55  Ratio:    0.00 (C.S.Area)

    met2
    PAR:    0.28  Ratio:    0.00 (Area)
    PAR:    1.60  Ratio:  400.00 (S.Area)
    CAR:    0.71  Ratio:    0.00 (C.Area)
    CAR:    3.95  Ratio:    0.00 (C.S.Area)

    met1
    PAR:    0.43  Ratio:    0.00 (Area)
    PAR:    2.35  Ratio:  400.00 (S.Area)
    CAR:    0.43  Ratio:    0.00 (C.Area)
    CAR:    2.35  Ratio:    0.00 (C.S.Area)

    li1
    PAR:    0.00  Ratio:    0.00 (Area)
    PAR:    0.00  Ratio:   75.00 (S.Area)
    CAR:    0.00  Ratio:    0.00 (C.Area)
    CAR:    0.00  Ratio:    0.00 (C.S.Area)

    M3M4_PR
    PAR:    0.08  Ratio:    6.00 (Area)
    CAR:    0.27  Ratio:    0.00 (C.Area)

    M2M3_PR
    PAR:    0.08  Ratio:    6.00 (Area)
    CAR:    0.18  Ratio:    0.00 (C.Area)

    M1M2_PR
    PAR:    0.05  Ratio:    6.00 (Area)
    CAR:    0.10  Ratio:    0.00 (C.Area)

    L1M1_PR
    PAR:    0.06  Ratio:    3.00 (Area)
    CAR:    0.06  Ratio:    0.00 (C.Area)


[INFO ANT-0002] Found 1 net violations.
[INFO ANT-0001] Found 1 pin violations.
