Information: Setting timing_save_pin_arrival_and_slack to TRUE and updating timing. (PTE-076)
Information: It is recommended that the variable timing_save_pin_arrival_and_slack be set before the initial timing update for optimal performance of this command. (PTE-077)
****************************************
Report : si_bottleneck
	-cost_type delta_delay
	-slack_lesser_than 10
	-all_nets
	-significant_digits 4
	-nosplit
	-minimum_active_aggressors 1
	-min
	-max
Design : caravel_clocking
Version: T-2022.03-SP3
Date   : Sun Mar 26 04:31:17 2023
****************************************

 Bottleneck Cost:  delta_delay
 net                                                         cost
 ---------------------------------------------------------------------
 _201_                                                         0.0659
 _107_                                                         0.0581
 _032_                                                         0.0576
 _132_                                                         0.0575
 _138_                                                         0.0480
 _185_                                                         0.0477
 _146_                                                         0.0463
 _167_                                                         0.0459
 _094_                                                         0.0425
 _161_                                                         0.0409
 _196_                                                         0.0392
 _157_                                                         0.0388
 _091_                                                         0.0385
 _092_                                                         0.0343
 _113_                                                         0.0335
 _173_                                                         0.0306
 _177_                                                         0.0306
 _108_                                                         0.0292
 _199_                                                         0.0289
 _139_                                                         0.0286
 _168_                                                         0.0280
 _035_                                                         0.0271
 _001_                                                         0.0269
 _088_                                                         0.0269
 _109_                                                         0.0268
 _179_                                                         0.0262
 _030_                                                         0.0251
 _028_                                                         0.0239
 _191_                                                         0.0237
 _137_                                                         0.0235
 _159_                                                         0.0232
 divider2.even_0.N[1]                                          0.0231
 _129_                                                         0.0222
 _073_                                                         0.0222
 _098_                                                         0.0214
 _148_                                                         0.0205
 _061_                                                         0.0200
 _093_                                                         0.0191
 _018_                                                         0.0189
 _053_                                                         0.0181
 _110_                                                         0.0173
 divider2.even_0.N[0]                                          0.0172
 _130_                                                         0.0170
 _003_                                                         0.0168
 divider2.odd_0.initial_begin[2]                               0.0158
 _202_                                                         0.0153
 _065_                                                         0.0148
 _186_                                                         0.0143
 _193_                                                         0.0139
 divider2.odd_0.counter2[0]                                    0.0135
 divider2.odd_0.initial_begin[1]                               0.0133
 _133_                                                         0.0133
 _181_                                                         0.0131
 divider.syncNp[0]                                             0.0131
 _182_                                                         0.0124
 divider2.odd_0.initial_begin[0]                               0.0122
 _120_                                                         0.0121
 _135_                                                         0.0120
 _078_                                                         0.0120
 _198_                                                         0.0119
 divider.odd_0.initial_begin[2]                                0.0112
 _195_                                                         0.0110
 divider2.odd_0.counter2[2]                                    0.0110
 _155_                                                         0.0108
 divider.even_0.counter[1]                                     0.0106
 _176_                                                         0.0106
 divider2.even_0.counter[2]                                    0.0100
 _042_                                                         0.0100
 _012_                                                         0.0098
 _140_                                                         0.0096
 divider.odd_0.initial_begin[1]                                0.0095
 _105_                                                         0.0094
 _119_                                                         0.0093
 _014_                                                         0.0090
 _142_                                                         0.0090
 _010_                                                         0.0090
 _163_                                                         0.0090
 _189_                                                         0.0090
 _143_                                                         0.0087
 divider.even_0.N[1]                                           0.0083
 _062_                                                         0.0082
 _095_                                                         0.0081
 _017_                                                         0.0080
 _099_                                                         0.0080
 _178_                                                         0.0078
 _174_                                                         0.0077
 _004_                                                         0.0076
 _151_                                                         0.0075
 _190_                                                         0.0074
 _057_                                                         0.0072
 _170_                                                         0.0069
 _006_                                                         0.0068
 divider.odd_0.counter2[0]                                     0.0068
 _074_                                                         0.0063
 _160_                                                         0.0062
 net20                                                         0.0061
 _022_                                                         0.0061
 net14                                                         0.0061
 _192_                                                         0.0060
 _066_                                                         0.0060
 _021_                                                         0.0060
 _111_                                                         0.0059
 divider.even_0.N[2]                                           0.0059
 divider2.odd_0.counter[2]                                     0.0059
 _011_                                                         0.0059
 _050_                                                         0.0058
 _188_                                                         0.0058
 _064_                                                         0.0057
 _090_                                                         0.0056
 _144_                                                         0.0056
 net17                                                         0.0055
 _052_                                                         0.0054
 _197_                                                         0.0050
 _023_                                                         0.0050
 _097_                                                         0.0050
 _200_                                                         0.0047
 _106_                                                         0.0046
 _025_                                                         0.0045
 _072_                                                         0.0045
 net21                                                         0.0045
 _043_                                                         0.0042
 _103_                                                         0.0041
 _114_                                                         0.0039
 _150_                                                         0.0039
 _096_                                                         0.0039
 _194_                                                         0.0036
 _009_                                                         0.0036
 _046_                                                         0.0036
 _136_                                                         0.0035
 _000_                                                         0.0035
 _077_                                                         0.0035
 _158_                                                         0.0034
 _166_                                                         0.0034
 reset_delay[1]                                                0.0033
 _058_                                                         0.0033
 _180_                                                         0.0030
 _048_                                                         0.0030
 _169_                                                         0.0030
 _164_                                                         0.0028
 _115_                                                         0.0024
 net12                                                         0.0024
 ext_clk_syncd_pre                                             0.0024
 _016_                                                         0.0022
 _134_                                                         0.0022
 _101_                                                         0.0021
 _069_                                                         0.0018
 net26                                                         0.0018
 _059_                                                         0.0017
 _075_                                                         0.0016
 _070_                                                         0.0016
 _121_                                                         0.0013
 _071_                                                         0.0013
 _124_                                                         0.0012
 _125_                                                         0.0012
 _039_                                                         0.0012
 _145_                                                         0.0012
 divider2.even_0.out_counter                                   0.0007
 divider.odd_0.rst_pulse                                       0.0003
 _122_                                                        -0.0000
 divider2.odd_0.counter2[1]                                   -0.0000
 _116_                                                         0.0000
 _141_                                                         0.0000
 divider.odd_0.old_N[1]                                        0.0000
 _126_                                                        -0.0000
 _112_                                                        -0.0000
 _100_                                                         0.0000
 _068_                                                         0.0000
 divider2.even_0.counter[1]                                   -0.0000
 _063_                                                        -0.0000
 _118_                                                         0.0000
 divider2.even_0.counter[0]                                    0.0000
 _102_                                                         0.0000
 use_pll_first                                                 0.0000
 net47                                                         0.0000
 reset_delay[2]                                                0.0000
 divider2.even_0.N[2]                                          0.0000
 divider.odd_0.initial_begin[0]                               -0.0000
 divider.even_0.counter[2]                                    -0.0000
 net46                                                         0.0000
 _020_                                                         0.0000
 net44                                                         0.0000
 _019_                                                        -0.0000
 net43                                                         0.0000
 net42                                                        -0.0000
 reset_delay[0]                                                0.0000
 _002_                                                        -0.0000
 _187_                                                        -0.0000
 net19                                                        -0.0000
 divider2.syncNp[1]                                            0.0000
 _024_                                                        -0.0000
 divider.odd_0.counter[2]                                      0.0000
 net16                                                        -0.0000
 divider2.syncNp[0]                                           -0.0000
 net15                                                        -0.0000
 divider2.odd_0.out_counter2                                  -0.0000
 divider.syncNp[2]                                             0.0000
 _175_                                                         0.0000
 divider2.odd_0.out_counter                                    0.0000
 divider2.odd_0.old_N[2]                                       0.0000
 divider.syncNp[1]                                            -0.0000
 divider.odd_0.counter[1]                                      0.0000
 _131_                                                         0.0000
 _076_                                                        -0.0000
 divider2.odd_0.old_N[1]                                       0.0000
 _162_                                                        -0.0000
 divider2.odd_0.old_N[0]                                       0.0000
 _054_                                                         0.0000
 _033_                                                        -0.0000
 _029_                                                        -0.0000
 _156_                                                         0.0000
 divider.odd_0.counter2[2]                                    -0.0000
 _015_                                                         0.0000
 _154_                                                        -0.0000
 _007_                                                         0.0000
 divider.odd_0.out_counter                                    -0.0000
 _005_                                                        -0.0000
 _147_                                                        -0.0000
 divider2.odd_0.counter[1]                                    -0.0000
 net25                                                         0.0000
 net24                                                        -0.0000
 net22                                                        -0.0000
 divider2.odd_0.counter[0]                                    -0.0000
 divider.odd_0.old_N[2]                                       -0.0000
 divider.odd_0.counter2[1]                                     0.0000
 divider.even_0.counter[0]                                     0.0000
 divider.even_0.N[0]                                          -0.0000

1
