****************************************
Report : global_timing
	-format { narrow }
	-separate_all_groups
Design : caravel_clocking
Version: T-2022.03-SP3
Date   : Sun Mar 26 04:31:30 2023
****************************************

Setup violations for paths in pll_clk90
---------------------------------------------------------
         Total  reg->reg   in->reg  reg->out   in->out
---------------------------------------------------------
WNS    -2.4162   -2.4162    0.0000    0.0000    0.0000
TNS   -11.3935  -11.3935    0.0000    0.0000    0.0000
NUM          7         7         0         0         0
---------------------------------------------------------

Setup violations for paths in pll_clk
---------------------------------------------------------
         Total  reg->reg   in->reg  reg->out   in->out
---------------------------------------------------------
WNS    -2.4271   -2.4271    0.0000    0.0000    0.0000
TNS   -11.6227  -11.6227    0.0000    0.0000    0.0000
NUM          7         7         0         0         0
---------------------------------------------------------


Hold violations for paths in **clock_gating_default**
---------------------------------------------------------
         Total  reg->reg   in->reg  reg->out   in->out
---------------------------------------------------------
WNS    -2.7414   -2.7414    0.0000    0.0000    0.0000
TNS   -15.0041  -15.0041    0.0000    0.0000    0.0000
NUM          6         6         0         0         0
---------------------------------------------------------

1
