****************************************
Report : global_timing
	-format { narrow }
	-separate_all_groups
Design : caravel_clocking
Version: T-2022.03-SP3
Date   : Sun Mar 26 04:31:43 2023
****************************************

Setup violations for paths in pll_clk90
---------------------------------------------------------
         Total  reg->reg   in->reg  reg->out   in->out
---------------------------------------------------------
WNS    -2.2510   -2.2510    0.0000    0.0000    0.0000
TNS   -10.3150  -10.3150    0.0000    0.0000    0.0000
NUM          7         7         0         0         0
---------------------------------------------------------

Setup violations for paths in pll_clk
---------------------------------------------------------
         Total  reg->reg   in->reg  reg->out   in->out
---------------------------------------------------------
WNS    -2.1857   -2.1857    0.0000    0.0000    0.0000
TNS   -10.0347  -10.0347    0.0000    0.0000    0.0000
NUM          7         7         0         0         0
---------------------------------------------------------


Hold violations for paths in **clock_gating_default**
---------------------------------------------------------
         Total  reg->reg   in->reg  reg->out   in->out
---------------------------------------------------------
WNS    -2.7487   -2.7487    0.0000    0.0000    0.0000
TNS   -15.2524  -15.2524    0.0000    0.0000    0.0000
NUM          6         6         0         0         0
---------------------------------------------------------

1
