****************************************
Report : global_timing
	-format { narrow }
	-separate_all_groups
Design : caravan
Version: T-2022.03-SP3
Date   : Fri Nov 11 05:30:19 2022
****************************************

Setup violations for paths in clk
--------------------------------------------------------------
          Total   reg->reg    in->reg   reg->out    in->out
--------------------------------------------------------------
WNS    -16.4536   -16.4536     0.0000   -11.9278     0.0000
TNS  -9685.4471 -9656.1013     0.0000   -29.3457     0.0000
NUM        1918       1915          0          3          0
--------------------------------------------------------------

Setup violations for paths in **clock_gating_default**
-------------------------------------------------------------------
           Total    reg->reg     in->reg    reg->out     in->out
-------------------------------------------------------------------
WNS     -12.7829    -12.7829      0.0000      0.0000      0.0000
TNS  -15327.3925 -15327.3925      0.0000      0.0000      0.0000
NUM         1536        1536           0           0           0
-------------------------------------------------------------------


1
