****************************************
Report : global_timing
	-format { narrow }
	-separate_all_groups
Design : caravel_core
Version: T-2022.03-SP3
Date   : Wed Apr 26 04:42:49 2023
****************************************

Setup violations for paths in **clock_gating_default**
--------------------------------------------------------------
          Total   reg->reg    in->reg   reg->out    in->out
--------------------------------------------------------------
WNS     -5.2609    -5.2609     0.0000     0.0000     0.0000
TNS  -4299.9225 -4299.9225     0.0000     0.0000     0.0000
NUM        1536       1536          0          0          0
--------------------------------------------------------------

Setup violations for paths in clk
---------------------------------------------------------
         Total  reg->reg   in->reg  reg->out   in->out
---------------------------------------------------------
WNS    -5.8129    0.0000    0.0000   -5.4753   -5.8129
TNS   -79.5318    0.0000    0.0000  -69.8992   -9.6326
NUM         17         0         0        15         2
---------------------------------------------------------


Hold violations for paths in clk
---------------------------------------------------------
         Total  reg->reg   in->reg  reg->out   in->out
---------------------------------------------------------
WNS    -0.6095    0.0000   -0.6095    0.0000    0.0000
TNS   -10.3802    0.0000  -10.3802    0.0000    0.0000
NUM         33         0        33         0         0
---------------------------------------------------------

1
