****************************************
Report : global_timing
	-format { narrow }
	-separate_all_groups
Design : caravel_core
Version: T-2022.03-SP3
Date   : Wed Apr 26 04:44:41 2023
****************************************

Setup violations for paths in **clock_gating_default**
--------------------------------------------------------------
          Total   reg->reg    in->reg   reg->out    in->out
--------------------------------------------------------------
WNS     -4.0434    -4.0434     0.0000     0.0000     0.0000
TNS  -2935.4743 -2935.4743     0.0000     0.0000     0.0000
NUM        1152       1152          0          0          0
--------------------------------------------------------------

Setup violations for paths in clk
---------------------------------------------------------
         Total  reg->reg   in->reg  reg->out   in->out
---------------------------------------------------------
WNS    -5.3975    0.0000    0.0000   -4.9548   -5.3975
TNS   -71.7808    0.0000    0.0000  -62.9473   -8.8335
NUM         17         0         0        15         2
---------------------------------------------------------


Hold violations for paths in clk
---------------------------------------------------------
         Total  reg->reg   in->reg  reg->out   in->out
---------------------------------------------------------
WNS    -0.4393    0.0000   -0.4393    0.0000    0.0000
TNS    -5.2853    0.0000   -5.2853    0.0000    0.0000
NUM         25         0        25         0         0
---------------------------------------------------------

1
