
===========================================================================
report_checks -unconstrained
============================================================================
Startpoint: mgmt_gpio_in[0] (input port clocked by __VIRTUAL_CLK__)
Endpoint: mgmt_gpio_in_buf[0] (output port clocked by __VIRTUAL_CLK__)
Path Group: __VIRTUAL_CLK__
Path Type: max

Fanout     Cap    Slew   Delay    Time   Description
-----------------------------------------------------------------------------
                  0.00    0.00    0.00   clock __VIRTUAL_CLK__ (rise edge)
                          0.00    0.00   clock network delay (ideal)
                          1.60    1.60 ^ input external delay
                  0.08    0.06    1.66 ^ mgmt_gpio_in[0] (in)
     2    0.02                           mgmt_gpio_in[0] (net)
                  0.08    0.00    1.66 ^ BUF[22]/A (sky130_fd_sc_hd__clkbuf_8)
                  0.07    0.17    1.83 ^ BUF[22]/X (sky130_fd_sc_hd__clkbuf_8)
     1    0.03                           mgmt_gpio_in_buf[0] (net)
                  0.07    0.00    1.83 ^ mgmt_gpio_in_buf[0] (out)
                                  1.83   data arrival time

                  0.00    8.00    8.00   clock __VIRTUAL_CLK__ (rise edge)
                          0.00    8.00   clock network delay (ideal)
                         -0.25    7.75   clock uncertainty
                          0.00    7.75   clock reconvergence pessimism
                         -1.60    6.15   output external delay
                                  6.15   data required time
-----------------------------------------------------------------------------
                                  6.15   data required time
                                 -1.83   data arrival time
-----------------------------------------------------------------------------
                                  4.32   slack (MET)



===========================================================================
report_checks --slack_max -0.01
============================================================================
No paths found.
