1.  mprj/vdda1 (driver: pin mprj/vdda1)
2.  mprj/vdda2 (driver: pin mprj/vdda2)
3.  mprj/vssa1 (driver: pin mprj/vssa1)
4.  mprj/vssa2 (driver: pin mprj/vssa2)
5.  mprj/vssd2 (driver: pin mprj/vssd2)
6.  mprj/vccd2 (driver: pin mprj/vccd2)
7.  housekeeping/clknet_2_3__leaf_mgmt_gpio_in[0] (driver: <none>)
8.  housekeeping/clknet_2_3__leaf_mgmt_gpio_in[1] (driver: <none>)
9.  housekeeping/clknet_2_3__leaf_mgmt_gpio_in[2] (driver: <none>)
10.  housekeeping/clknet_0_mgmt_gpio_in[0] (driver: <none>)
11.  housekeeping/clknet_2_3__leaf_mgmt_gpio_in[3] (driver: <none>)
12.  housekeeping/clknet_0_mgmt_gpio_in[1] (driver: <none>)
13.  housekeeping/clknet_0_mgmt_gpio_in[2] (driver: <none>)
14.  housekeeping/clknet_0_mgmt_gpio_in[3] (driver: <none>)
15.  housekeeping/clknet_2_0__leaf_mgmt_gpio_in[0] (driver: <none>)
16.  housekeeping/clknet_2_0__leaf_mgmt_gpio_in[1] (driver: <none>)
17.  housekeeping/clknet_2_0__leaf_mgmt_gpio_in[2] (driver: <none>)
18.  housekeeping/clknet_2_0__leaf_mgmt_gpio_in[3] (driver: <none>)
19.  housekeeping/clknet_2_1__leaf_mgmt_gpio_in[0] (driver: <none>)
20.  housekeeping/clknet_2_1__leaf_mgmt_gpio_in[1] (driver: <none>)
21.  housekeeping/clknet_2_1__leaf_mgmt_gpio_in[2] (driver: <none>)
22.  housekeeping/clknet_2_1__leaf_mgmt_gpio_in[3] (driver: <none>)
23.  housekeeping/clknet_2_2__leaf_mgmt_gpio_in[0] (driver: <none>)
24.  housekeeping/clknet_2_2__leaf_mgmt_gpio_in[1] (driver: <none>)
25.  housekeeping/clknet_2_2__leaf_mgmt_gpio_in[2] (driver: <none>)
26.  housekeeping/clknet_2_2__leaf_mgmt_gpio_in[3] (driver: <none>)
27.  rstb_level/LVGND (driver: pin rstb_level/LVGND)
Error: Driver pin 'user_id_value/mask_rev_value[0]/LO' is missing in the RC annotation for net 'mask_rev[0]'.  Ignoring the incomplete RC annotation. (PARA-006)
Error: Driver pin 'user_id_value/mask_rev_value[10]/LO' is missing in the RC annotation for net 'mask_rev[10]'.  Ignoring the incomplete RC annotation. (PARA-006)
Error: Driver pin 'user_id_value/mask_rev_value[11]/LO' is missing in the RC annotation for net 'mask_rev[11]'.  Ignoring the incomplete RC annotation. (PARA-006)
Error: Driver pin 'user_id_value/mask_rev_value[12]/LO' is missing in the RC annotation for net 'mask_rev[12]'.  Ignoring the incomplete RC annotation. (PARA-006)
Error: Driver pin 'user_id_value/mask_rev_value[13]/LO' is missing in the RC annotation for net 'mask_rev[13]'.  Ignoring the incomplete RC annotation. (PARA-006)
Error: Driver pin 'user_id_value/mask_rev_value[14]/LO' is missing in the RC annotation for net 'mask_rev[14]'.  Ignoring the incomplete RC annotation. (PARA-006)
Error: Driver pin 'user_id_value/mask_rev_value[15]/LO' is missing in the RC annotation for net 'mask_rev[15]'.  Ignoring the incomplete RC annotation. (PARA-006)
Error: Driver pin 'user_id_value/mask_rev_value[16]/LO' is missing in the RC annotation for net 'mask_rev[16]'.  Ignoring the incomplete RC annotation. (PARA-006)
Error: Driver pin 'user_id_value/mask_rev_value[17]/LO' is missing in the RC annotation for net 'mask_rev[17]'.  Ignoring the incomplete RC annotation. (PARA-006)
Error: Driver pin 'user_id_value/mask_rev_value[18]/LO' is missing in the RC annotation for net 'mask_rev[18]'.  Ignoring the incomplete RC annotation. (PARA-006)
Error: Driver pin 'user_id_value/mask_rev_value[19]/LO' is missing in the RC annotation for net 'mask_rev[19]'.  Ignoring the incomplete RC annotation. (PARA-006)
Error: Driver pin 'user_id_value/mask_rev_value[1]/LO' is missing in the RC annotation for net 'mask_rev[1]'.  Ignoring the incomplete RC annotation. (PARA-006)
Error: Driver pin 'user_id_value/mask_rev_value[20]/LO' is missing in the RC annotation for net 'mask_rev[20]'.  Ignoring the incomplete RC annotation. (PARA-006)
Error: Driver pin 'user_id_value/mask_rev_value[21]/LO' is missing in the RC annotation for net 'mask_rev[21]'.  Ignoring the incomplete RC annotation. (PARA-006)
Error: Driver pin 'user_id_value/mask_rev_value[22]/LO' is missing in the RC annotation for net 'mask_rev[22]'.  Ignoring the incomplete RC annotation. (PARA-006)
Error: Driver pin 'user_id_value/mask_rev_value[23]/LO' is missing in the RC annotation for net 'mask_rev[23]'.  Ignoring the incomplete RC annotation. (PARA-006)
Error: Driver pin 'user_id_value/mask_rev_value[24]/LO' is missing in the RC annotation for net 'mask_rev[24]'.  Ignoring the incomplete RC annotation. (PARA-006)
Error: Driver pin 'user_id_value/mask_rev_value[25]/LO' is missing in the RC annotation for net 'mask_rev[25]'.  Ignoring the incomplete RC annotation. (PARA-006)
Error: Driver pin 'user_id_value/mask_rev_value[26]/LO' is missing in the RC annotation for net 'mask_rev[26]'.  Ignoring the incomplete RC annotation. (PARA-006)
Error: Driver pin 'user_id_value/mask_rev_value[27]/LO' is missing in the RC annotation for net 'mask_rev[27]'.  Ignoring the incomplete RC annotation. (PARA-006)
Error: Driver pin 'user_id_value/mask_rev_value[28]/LO' is missing in the RC annotation for net 'mask_rev[28]'.  Ignoring the incomplete RC annotation. (PARA-006)
Error: Driver pin 'user_id_value/mask_rev_value[29]/LO' is missing in the RC annotation for net 'mask_rev[29]'.  Ignoring the incomplete RC annotation. (PARA-006)
Error: Driver pin 'user_id_value/mask_rev_value[2]/LO' is missing in the RC annotation for net 'mask_rev[2]'.  Ignoring the incomplete RC annotation. (PARA-006)
Error: Driver pin 'user_id_value/mask_rev_value[30]/LO' is missing in the RC annotation for net 'mask_rev[30]'.  Ignoring the incomplete RC annotation. (PARA-006)
Error: Driver pin 'user_id_value/mask_rev_value[31]/LO' is missing in the RC annotation for net 'mask_rev[31]'.  Ignoring the incomplete RC annotation. (PARA-006)
Error: Driver pin 'user_id_value/mask_rev_value[3]/LO' is missing in the RC annotation for net 'mask_rev[3]'.  Ignoring the incomplete RC annotation. (PARA-006)
Error: Driver pin 'user_id_value/mask_rev_value[4]/LO' is missing in the RC annotation for net 'mask_rev[4]'.  Ignoring the incomplete RC annotation. (PARA-006)
Error: Driver pin 'user_id_value/mask_rev_value[5]/LO' is missing in the RC annotation for net 'mask_rev[5]'.  Ignoring the incomplete RC annotation. (PARA-006)
Error: Driver pin 'user_id_value/mask_rev_value[6]/LO' is missing in the RC annotation for net 'mask_rev[6]'.  Ignoring the incomplete RC annotation. (PARA-006)
Error: Driver pin 'user_id_value/mask_rev_value[7]/LO' is missing in the RC annotation for net 'mask_rev[7]'.  Ignoring the incomplete RC annotation. (PARA-006)
Error: Driver pin 'user_id_value/mask_rev_value[8]/LO' is missing in the RC annotation for net 'mask_rev[8]'.  Ignoring the incomplete RC annotation. (PARA-006)
Error: Driver pin 'user_id_value/mask_rev_value[9]/LO' is missing in the RC annotation for net 'mask_rev[9]'.  Ignoring the incomplete RC annotation. (PARA-006)
28.  spare_logic[0]/spare_logic1[5] (driver: pin spare_logic[0]/spare_logic_const[5]/HI)
29.  spare_logic[0]/spare_logic1[25] (driver: pin spare_logic[0]/spare_logic_const[25]/HI)
30.  spare_logic[0]/spare_logic1[18] (driver: pin spare_logic[0]/spare_logic_const[18]/HI)
31.  spare_logic[0]/spare_logic1[20] (driver: pin spare_logic[0]/spare_logic_const[20]/HI)
32.  spare_logic[0]/spare_logic1[0] (driver: pin spare_logic[0]/spare_logic_const[0]/HI)
33.  spare_logic[0]/spare_logic1[13] (driver: pin spare_logic[0]/spare_logic_const[13]/HI)
34.  spare_logic[0]/spare_logic1[8] (driver: pin spare_logic[0]/spare_logic_const[8]/HI)
35.  spare_logic[0]/spare_logic1[23] (driver: pin spare_logic[0]/spare_logic_const[23]/HI)
36.  spare_logic[0]/spare_logic1[3] (driver: pin spare_logic[0]/spare_logic_const[3]/HI)
37.  spare_logic[0]/spare_logic1[16] (driver: pin spare_logic[0]/spare_logic_const[16]/HI)
38.  spare_logic[0]/spare_logic1[11] (driver: pin spare_logic[0]/spare_logic_const[11]/HI)
39.  spare_logic[0]/spare_logic1[6] (driver: pin spare_logic[0]/spare_logic_const[6]/HI)
40.  spare_logic[0]/spare_logic1[26] (driver: pin spare_logic[0]/spare_logic_const[26]/HI)
41.  spare_logic[0]/spare_logic1[19] (driver: pin spare_logic[0]/spare_logic_const[19]/HI)
42.  spare_logic[0]/spare_logic1[21] (driver: pin spare_logic[0]/spare_logic_const[21]/HI)
43.  spare_logic[0]/spare_logic1[1] (driver: pin spare_logic[0]/spare_logic_const[1]/HI)
44.  spare_logic[0]/spare_logic1[14] (driver: pin spare_logic[0]/spare_logic_const[14]/HI)
45.  spare_logic[0]/spare_logic1[9] (driver: pin spare_logic[0]/spare_logic_const[9]/HI)
46.  spare_logic[0]/spare_logic1[24] (driver: pin spare_logic[0]/spare_logic_const[24]/HI)
47.  spare_logic[0]/spare_logic1[4] (driver: pin spare_logic[0]/spare_logic_const[4]/HI)
48.  spare_logic[0]/spare_logic1[17] (driver: pin spare_logic[0]/spare_logic_const[17]/HI)
49.  spare_logic[0]/spare_logic1[12] (driver: pin spare_logic[0]/spare_logic_const[12]/HI)
50.  spare_logic[0]/spare_logic1[7] (driver: pin spare_logic[0]/spare_logic_const[7]/HI)
51.  spare_logic[0]/spare_logic1[2] (driver: pin spare_logic[0]/spare_logic_const[2]/HI)
52.  spare_logic[0]/spare_logic1[22] (driver: pin spare_logic[0]/spare_logic_const[22]/HI)
53.  spare_logic[0]/spare_logic1[15] (driver: pin spare_logic[0]/spare_logic_const[15]/HI)
54.  spare_logic[0]/spare_logic1[10] (driver: pin spare_logic[0]/spare_logic_const[10]/HI)
55.  spare_logic[1]/spare_logic1[25] (driver: pin spare_logic[1]/spare_logic_const[25]/HI)
56.  spare_logic[1]/spare_logic1[5] (driver: pin spare_logic[1]/spare_logic_const[5]/HI)
57.  spare_logic[1]/spare_logic1[18] (driver: pin spare_logic[1]/spare_logic_const[18]/HI)
58.  spare_logic[1]/spare_logic1[0] (driver: pin spare_logic[1]/spare_logic_const[0]/HI)
59.  spare_logic[1]/spare_logic1[20] (driver: pin spare_logic[1]/spare_logic_const[20]/HI)
60.  spare_logic[1]/spare_logic1[13] (driver: pin spare_logic[1]/spare_logic_const[13]/HI)
61.  spare_logic[1]/spare_logic1[8] (driver: pin spare_logic[1]/spare_logic_const[8]/HI)
62.  spare_logic[1]/spare_logic1[3] (driver: pin spare_logic[1]/spare_logic_const[3]/HI)
63.  spare_logic[1]/spare_logic1[23] (driver: pin spare_logic[1]/spare_logic_const[23]/HI)
64.  spare_logic[1]/spare_logic1[16] (driver: pin spare_logic[1]/spare_logic_const[16]/HI)
65.  spare_logic[1]/spare_logic1[11] (driver: pin spare_logic[1]/spare_logic_const[11]/HI)
66.  spare_logic[1]/spare_logic1[26] (driver: pin spare_logic[1]/spare_logic_const[26]/HI)
67.  spare_logic[1]/spare_logic1[6] (driver: pin spare_logic[1]/spare_logic_const[6]/HI)
68.  spare_logic[1]/spare_logic1[19] (driver: pin spare_logic[1]/spare_logic_const[19]/HI)
69.  spare_logic[1]/spare_logic1[1] (driver: pin spare_logic[1]/spare_logic_const[1]/HI)
70.  spare_logic[1]/spare_logic1[21] (driver: pin spare_logic[1]/spare_logic_const[21]/HI)
71.  spare_logic[1]/spare_logic1[14] (driver: pin spare_logic[1]/spare_logic_const[14]/HI)
72.  spare_logic[1]/spare_logic1[9] (driver: pin spare_logic[1]/spare_logic_const[9]/HI)
73.  spare_logic[1]/spare_logic1[4] (driver: pin spare_logic[1]/spare_logic_const[4]/HI)
74.  spare_logic[1]/spare_logic1[24] (driver: pin spare_logic[1]/spare_logic_const[24]/HI)
75.  spare_logic[1]/spare_logic1[17] (driver: pin spare_logic[1]/spare_logic_const[17]/HI)
76.  spare_logic[1]/spare_logic1[12] (driver: pin spare_logic[1]/spare_logic_const[12]/HI)
77.  spare_logic[1]/spare_logic1[7] (driver: pin spare_logic[1]/spare_logic_const[7]/HI)
78.  spare_logic[1]/spare_logic1[22] (driver: pin spare_logic[1]/spare_logic_const[22]/HI)
79.  spare_logic[1]/spare_logic1[2] (driver: pin spare_logic[1]/spare_logic_const[2]/HI)
80.  spare_logic[1]/spare_logic1[15] (driver: pin spare_logic[1]/spare_logic_const[15]/HI)
81.  spare_logic[1]/spare_logic1[10] (driver: pin spare_logic[1]/spare_logic_const[10]/HI)
82.  spare_logic[2]/spare_logic1[25] (driver: pin spare_logic[2]/spare_logic_const[25]/HI)
83.  spare_logic[2]/spare_logic1[5] (driver: pin spare_logic[2]/spare_logic_const[5]/HI)
84.  spare_logic[2]/spare_logic1[18] (driver: pin spare_logic[2]/spare_logic_const[18]/HI)
85.  spare_logic[2]/spare_logic1[0] (driver: pin spare_logic[2]/spare_logic_const[0]/HI)
86.  spare_logic[2]/spare_logic1[20] (driver: pin spare_logic[2]/spare_logic_const[20]/HI)
87.  spare_logic[2]/spare_logic1[13] (driver: pin spare_logic[2]/spare_logic_const[13]/HI)
88.  spare_logic[2]/spare_logic1[8] (driver: pin spare_logic[2]/spare_logic_const[8]/HI)
89.  spare_logic[2]/spare_logic1[3] (driver: pin spare_logic[2]/spare_logic_const[3]/HI)
90.  spare_logic[2]/spare_logic1[23] (driver: pin spare_logic[2]/spare_logic_const[23]/HI)
91.  spare_logic[2]/spare_logic1[16] (driver: pin spare_logic[2]/spare_logic_const[16]/HI)
92.  spare_logic[2]/spare_logic1[11] (driver: pin spare_logic[2]/spare_logic_const[11]/HI)
93.  spare_logic[2]/spare_logic1[26] (driver: pin spare_logic[2]/spare_logic_const[26]/HI)
94.  spare_logic[2]/spare_logic1[6] (driver: pin spare_logic[2]/spare_logic_const[6]/HI)
95.  spare_logic[2]/spare_logic1[19] (driver: pin spare_logic[2]/spare_logic_const[19]/HI)
96.  spare_logic[2]/spare_logic1[1] (driver: pin spare_logic[2]/spare_logic_const[1]/HI)
97.  spare_logic[2]/spare_logic1[21] (driver: pin spare_logic[2]/spare_logic_const[21]/HI)
98.  spare_logic[2]/spare_logic1[14] (driver: pin spare_logic[2]/spare_logic_const[14]/HI)
99.  spare_logic[2]/spare_logic1[9] (driver: pin spare_logic[2]/spare_logic_const[9]/HI)
100.  spare_logic[2]/spare_logic1[4] (driver: pin spare_logic[2]/spare_logic_const[4]/HI)
101.  spare_logic[2]/spare_logic1[24] (driver: pin spare_logic[2]/spare_logic_const[24]/HI)
102.  spare_logic[2]/spare_logic1[17] (driver: pin spare_logic[2]/spare_logic_const[17]/HI)
103.  spare_logic[2]/spare_logic1[12] (driver: pin spare_logic[2]/spare_logic_const[12]/HI)
104.  spare_logic[2]/spare_logic1[7] (driver: pin spare_logic[2]/spare_logic_const[7]/HI)
105.  spare_logic[2]/spare_logic1[22] (driver: pin spare_logic[2]/spare_logic_const[22]/HI)
106.  spare_logic[2]/spare_logic1[2] (driver: pin spare_logic[2]/spare_logic_const[2]/HI)
107.  spare_logic[2]/spare_logic1[15] (driver: pin spare_logic[2]/spare_logic_const[15]/HI)
108.  spare_logic[2]/spare_logic1[10] (driver: pin spare_logic[2]/spare_logic_const[10]/HI)
109.  spare_logic[3]/spare_logic1[25] (driver: pin spare_logic[3]/spare_logic_const[25]/HI)
110.  spare_logic[3]/spare_logic1[5] (driver: pin spare_logic[3]/spare_logic_const[5]/HI)
111.  spare_logic[3]/spare_logic1[18] (driver: pin spare_logic[3]/spare_logic_const[18]/HI)
112.  spare_logic[3]/spare_logic1[0] (driver: pin spare_logic[3]/spare_logic_const[0]/HI)
113.  spare_logic[3]/spare_logic1[20] (driver: pin spare_logic[3]/spare_logic_const[20]/HI)
114.  spare_logic[3]/spare_logic1[13] (driver: pin spare_logic[3]/spare_logic_const[13]/HI)
115.  spare_logic[3]/spare_logic1[8] (driver: pin spare_logic[3]/spare_logic_const[8]/HI)
116.  spare_logic[3]/spare_logic1[3] (driver: pin spare_logic[3]/spare_logic_const[3]/HI)
117.  spare_logic[3]/spare_logic1[23] (driver: pin spare_logic[3]/spare_logic_const[23]/HI)
118.  spare_logic[3]/spare_logic1[16] (driver: pin spare_logic[3]/spare_logic_const[16]/HI)
119.  spare_logic[3]/spare_logic1[11] (driver: pin spare_logic[3]/spare_logic_const[11]/HI)
120.  spare_logic[3]/spare_logic1[26] (driver: pin spare_logic[3]/spare_logic_const[26]/HI)
121.  spare_logic[3]/spare_logic1[6] (driver: pin spare_logic[3]/spare_logic_const[6]/HI)
122.  spare_logic[3]/spare_logic1[19] (driver: pin spare_logic[3]/spare_logic_const[19]/HI)
123.  spare_logic[3]/spare_logic1[1] (driver: pin spare_logic[3]/spare_logic_const[1]/HI)
124.  spare_logic[3]/spare_logic1[21] (driver: pin spare_logic[3]/spare_logic_const[21]/HI)
125.  spare_logic[3]/spare_logic1[14] (driver: pin spare_logic[3]/spare_logic_const[14]/HI)
126.  spare_logic[3]/spare_logic1[9] (driver: pin spare_logic[3]/spare_logic_const[9]/HI)
127.  spare_logic[3]/spare_logic1[4] (driver: pin spare_logic[3]/spare_logic_const[4]/HI)
128.  spare_logic[3]/spare_logic1[24] (driver: pin spare_logic[3]/spare_logic_const[24]/HI)
129.  spare_logic[3]/spare_logic1[17] (driver: pin spare_logic[3]/spare_logic_const[17]/HI)
130.  spare_logic[3]/spare_logic1[12] (driver: pin spare_logic[3]/spare_logic_const[12]/HI)
131.  spare_logic[3]/spare_logic1[7] (driver: pin spare_logic[3]/spare_logic_const[7]/HI)
132.  spare_logic[3]/spare_logic1[22] (driver: pin spare_logic[3]/spare_logic_const[22]/HI)
133.  spare_logic[3]/spare_logic1[2] (driver: pin spare_logic[3]/spare_logic_const[2]/HI)
134.  spare_logic[3]/spare_logic1[15] (driver: pin spare_logic[3]/spare_logic_const[15]/HI)
135.  spare_logic[3]/spare_logic1[10] (driver: pin spare_logic[3]/spare_logic_const[10]/HI)
136.  user_id_value/user_proj_id_high[30] (driver: pin user_id_value/mask_rev_value[30]/HI)
137.  user_id_value/user_proj_id_high[22] (driver: pin user_id_value/mask_rev_value[22]/HI)
138.  user_id_value/user_proj_id_high[26] (driver: pin user_id_value/mask_rev_value[26]/HI)
139.  user_id_value/user_proj_id_high[1] (driver: pin user_id_value/mask_rev_value[1]/HI)
140.  user_id_value/user_proj_id_high[10] (driver: pin user_id_value/mask_rev_value[10]/HI)
141.  user_id_value/user_proj_id_high[5] (driver: pin user_id_value/mask_rev_value[5]/HI)
142.  user_id_value/user_proj_id_high[14] (driver: pin user_id_value/mask_rev_value[14]/HI)
143.  user_id_value/user_proj_id_high[9] (driver: pin user_id_value/mask_rev_value[9]/HI)
144.  user_id_value/user_proj_id_high[18] (driver: pin user_id_value/mask_rev_value[18]/HI)
145.  user_id_value/user_proj_id_high[21] (driver: pin user_id_value/mask_rev_value[21]/HI)
146.  user_id_value/user_proj_id_high[25] (driver: pin user_id_value/mask_rev_value[25]/HI)
147.  user_id_value/user_proj_id_high[29] (driver: pin user_id_value/mask_rev_value[29]/HI)
148.  user_id_value/user_proj_id_high[0] (driver: pin user_id_value/mask_rev_value[0]/HI)
149.  user_id_value/user_proj_id_high[4] (driver: pin user_id_value/mask_rev_value[4]/HI)
150.  user_id_value/user_proj_id_high[13] (driver: pin user_id_value/mask_rev_value[13]/HI)
151.  user_id_value/user_proj_id_high[8] (driver: pin user_id_value/mask_rev_value[8]/HI)
152.  user_id_value/user_proj_id_high[17] (driver: pin user_id_value/mask_rev_value[17]/HI)
153.  user_id_value/user_proj_id_high[20] (driver: pin user_id_value/mask_rev_value[20]/HI)
154.  user_id_value/user_proj_id_high[24] (driver: pin user_id_value/mask_rev_value[24]/HI)
155.  user_id_value/user_proj_id_high[28] (driver: pin user_id_value/mask_rev_value[28]/HI)
156.  user_id_value/user_proj_id_high[3] (driver: pin user_id_value/mask_rev_value[3]/HI)
157.  user_id_value/user_proj_id_high[12] (driver: pin user_id_value/mask_rev_value[12]/HI)
158.  user_id_value/user_proj_id_high[7] (driver: pin user_id_value/mask_rev_value[7]/HI)
159.  user_id_value/user_proj_id_high[16] (driver: pin user_id_value/mask_rev_value[16]/HI)
160.  user_id_value/user_proj_id_high[31] (driver: pin user_id_value/mask_rev_value[31]/HI)
161.  user_id_value/user_proj_id_high[23] (driver: pin user_id_value/mask_rev_value[23]/HI)
162.  user_id_value/user_proj_id_high[27] (driver: pin user_id_value/mask_rev_value[27]/HI)
163.  user_id_value/user_proj_id_high[2] (driver: pin user_id_value/mask_rev_value[2]/HI)
164.  user_id_value/user_proj_id_high[11] (driver: pin user_id_value/mask_rev_value[11]/HI)
165.  user_id_value/user_proj_id_high[6] (driver: pin user_id_value/mask_rev_value[6]/HI)
166.  user_id_value/user_proj_id_high[15] (driver: pin user_id_value/mask_rev_value[15]/HI)
167.  user_id_value/user_proj_id_high[19] (driver: pin user_id_value/mask_rev_value[19]/HI)
168.  gpio_defaults_block_10/gpio_defaults_high[3] (driver: pin gpio_defaults_block_10/gpio_default_value[3]/HI)
169.  gpio_defaults_block_10/gpio_defaults_high[7] (driver: pin gpio_defaults_block_10/gpio_default_value[7]/HI)
170.  gpio_defaults_block_10/gpio_defaults_low[1] (driver: pin gpio_defaults_block_10/gpio_default_value[1]/LO)
171.  gpio_defaults_block_10/gpio_defaults_high[2] (driver: pin gpio_defaults_block_10/gpio_default_value[2]/HI)
172.  gpio_defaults_block_10/gpio_defaults_high[6] (driver: pin gpio_defaults_block_10/gpio_default_value[6]/HI)
173.  gpio_defaults_block_10/gpio_defaults_high[5] (driver: pin gpio_defaults_block_10/gpio_default_value[5]/HI)
174.  gpio_defaults_block_10/gpio_defaults_high[9] (driver: pin gpio_defaults_block_10/gpio_default_value[9]/HI)
175.  gpio_defaults_block_10/gpio_defaults_high[12] (driver: pin gpio_defaults_block_10/gpio_default_value[12]/HI)
176.  gpio_defaults_block_10/gpio_defaults_low[10] (driver: pin gpio_defaults_block_10/gpio_default_value[10]/LO)
177.  gpio_defaults_block_10/gpio_defaults_high[0] (driver: pin gpio_defaults_block_10/gpio_default_value[0]/HI)
178.  gpio_defaults_block_10/gpio_defaults_high[4] (driver: pin gpio_defaults_block_10/gpio_default_value[4]/HI)
179.  gpio_defaults_block_10/gpio_defaults_high[8] (driver: pin gpio_defaults_block_10/gpio_default_value[8]/HI)
180.  gpio_defaults_block_10/gpio_defaults_high[11] (driver: pin gpio_defaults_block_10/gpio_default_value[11]/HI)
181.  gpio_defaults_block_11/gpio_defaults_high[3] (driver: pin gpio_defaults_block_11/gpio_default_value[3]/HI)
182.  gpio_defaults_block_11/gpio_defaults_high[7] (driver: pin gpio_defaults_block_11/gpio_default_value[7]/HI)
183.  gpio_defaults_block_11/gpio_defaults_high[2] (driver: pin gpio_defaults_block_11/gpio_default_value[2]/HI)
184.  gpio_defaults_block_11/gpio_defaults_low[1] (driver: pin gpio_defaults_block_11/gpio_default_value[1]/LO)
185.  gpio_defaults_block_11/gpio_defaults_high[6] (driver: pin gpio_defaults_block_11/gpio_default_value[6]/HI)
186.  gpio_defaults_block_11/gpio_defaults_high[5] (driver: pin gpio_defaults_block_11/gpio_default_value[5]/HI)
187.  gpio_defaults_block_11/gpio_defaults_high[9] (driver: pin gpio_defaults_block_11/gpio_default_value[9]/HI)
188.  gpio_defaults_block_11/gpio_defaults_high[12] (driver: pin gpio_defaults_block_11/gpio_default_value[12]/HI)
189.  gpio_defaults_block_11/gpio_defaults_high[0] (driver: pin gpio_defaults_block_11/gpio_default_value[0]/HI)
190.  gpio_defaults_block_11/gpio_defaults_low[10] (driver: pin gpio_defaults_block_11/gpio_default_value[10]/LO)
191.  gpio_defaults_block_11/gpio_defaults_high[4] (driver: pin gpio_defaults_block_11/gpio_default_value[4]/HI)
192.  gpio_defaults_block_11/gpio_defaults_high[8] (driver: pin gpio_defaults_block_11/gpio_default_value[8]/HI)
193.  gpio_defaults_block_11/gpio_defaults_high[11] (driver: pin gpio_defaults_block_11/gpio_default_value[11]/HI)
194.  gpio_defaults_block_12/gpio_defaults_high[3] (driver: pin gpio_defaults_block_12/gpio_default_value[3]/HI)
195.  gpio_defaults_block_12/gpio_defaults_high[7] (driver: pin gpio_defaults_block_12/gpio_default_value[7]/HI)
196.  gpio_defaults_block_12/gpio_defaults_high[2] (driver: pin gpio_defaults_block_12/gpio_default_value[2]/HI)
197.  gpio_defaults_block_12/gpio_defaults_low[1] (driver: pin gpio_defaults_block_12/gpio_default_value[1]/LO)
198.  gpio_defaults_block_12/gpio_defaults_high[6] (driver: pin gpio_defaults_block_12/gpio_default_value[6]/HI)
199.  gpio_defaults_block_12/gpio_defaults_high[5] (driver: pin gpio_defaults_block_12/gpio_default_value[5]/HI)
200.  gpio_defaults_block_12/gpio_defaults_high[9] (driver: pin gpio_defaults_block_12/gpio_default_value[9]/HI)
201.  gpio_defaults_block_12/gpio_defaults_high[12] (driver: pin gpio_defaults_block_12/gpio_default_value[12]/HI)
202.  gpio_defaults_block_12/gpio_defaults_high[0] (driver: pin gpio_defaults_block_12/gpio_default_value[0]/HI)
203.  gpio_defaults_block_12/gpio_defaults_low[10] (driver: pin gpio_defaults_block_12/gpio_default_value[10]/LO)
204.  gpio_defaults_block_12/gpio_defaults_high[4] (driver: pin gpio_defaults_block_12/gpio_default_value[4]/HI)
205.  gpio_defaults_block_12/gpio_defaults_high[8] (driver: pin gpio_defaults_block_12/gpio_default_value[8]/HI)
206.  gpio_defaults_block_12/gpio_defaults_high[11] (driver: pin gpio_defaults_block_12/gpio_default_value[11]/HI)
207.  gpio_defaults_block_13/gpio_defaults_high[3] (driver: pin gpio_defaults_block_13/gpio_default_value[3]/HI)
208.  gpio_defaults_block_13/gpio_defaults_high[7] (driver: pin gpio_defaults_block_13/gpio_default_value[7]/HI)
209.  gpio_defaults_block_13/gpio_defaults_high[2] (driver: pin gpio_defaults_block_13/gpio_default_value[2]/HI)
210.  gpio_defaults_block_13/gpio_defaults_low[1] (driver: pin gpio_defaults_block_13/gpio_default_value[1]/LO)
211.  gpio_defaults_block_13/gpio_defaults_high[6] (driver: pin gpio_defaults_block_13/gpio_default_value[6]/HI)
212.  gpio_defaults_block_13/gpio_defaults_high[5] (driver: pin gpio_defaults_block_13/gpio_default_value[5]/HI)
213.  gpio_defaults_block_13/gpio_defaults_high[9] (driver: pin gpio_defaults_block_13/gpio_default_value[9]/HI)
214.  gpio_defaults_block_13/gpio_defaults_high[12] (driver: pin gpio_defaults_block_13/gpio_default_value[12]/HI)
215.  gpio_defaults_block_13/gpio_defaults_high[0] (driver: pin gpio_defaults_block_13/gpio_default_value[0]/HI)
216.  gpio_defaults_block_13/gpio_defaults_low[10] (driver: pin gpio_defaults_block_13/gpio_default_value[10]/LO)
217.  gpio_defaults_block_13/gpio_defaults_high[4] (driver: pin gpio_defaults_block_13/gpio_default_value[4]/HI)
218.  gpio_defaults_block_13/gpio_defaults_high[8] (driver: pin gpio_defaults_block_13/gpio_default_value[8]/HI)
219.  gpio_defaults_block_13/gpio_defaults_high[11] (driver: pin gpio_defaults_block_13/gpio_default_value[11]/HI)
220.  gpio_defaults_block_14/gpio_defaults_high[3] (driver: pin gpio_defaults_block_14/gpio_default_value[3]/HI)
221.  gpio_defaults_block_14/gpio_defaults_high[7] (driver: pin gpio_defaults_block_14/gpio_default_value[7]/HI)
222.  gpio_defaults_block_14/gpio_defaults_high[2] (driver: pin gpio_defaults_block_14/gpio_default_value[2]/HI)
223.  gpio_defaults_block_14/gpio_defaults_low[1] (driver: pin gpio_defaults_block_14/gpio_default_value[1]/LO)
224.  gpio_defaults_block_14/gpio_defaults_high[6] (driver: pin gpio_defaults_block_14/gpio_default_value[6]/HI)
225.  gpio_defaults_block_14/gpio_defaults_high[5] (driver: pin gpio_defaults_block_14/gpio_default_value[5]/HI)
226.  gpio_defaults_block_14/gpio_defaults_high[9] (driver: pin gpio_defaults_block_14/gpio_default_value[9]/HI)
227.  gpio_defaults_block_14/gpio_defaults_high[12] (driver: pin gpio_defaults_block_14/gpio_default_value[12]/HI)
228.  gpio_defaults_block_14/gpio_defaults_high[0] (driver: pin gpio_defaults_block_14/gpio_default_value[0]/HI)
229.  gpio_defaults_block_14/gpio_defaults_low[10] (driver: pin gpio_defaults_block_14/gpio_default_value[10]/LO)
230.  gpio_defaults_block_14/gpio_defaults_high[4] (driver: pin gpio_defaults_block_14/gpio_default_value[4]/HI)
231.  gpio_defaults_block_14/gpio_defaults_high[8] (driver: pin gpio_defaults_block_14/gpio_default_value[8]/HI)
232.  gpio_defaults_block_14/gpio_defaults_high[11] (driver: pin gpio_defaults_block_14/gpio_default_value[11]/HI)
233.  gpio_defaults_block_15/gpio_defaults_high[3] (driver: pin gpio_defaults_block_15/gpio_default_value[3]/HI)
234.  gpio_defaults_block_15/gpio_defaults_high[7] (driver: pin gpio_defaults_block_15/gpio_default_value[7]/HI)
235.  gpio_defaults_block_15/gpio_defaults_high[2] (driver: pin gpio_defaults_block_15/gpio_default_value[2]/HI)
236.  gpio_defaults_block_15/gpio_defaults_low[1] (driver: pin gpio_defaults_block_15/gpio_default_value[1]/LO)
237.  gpio_defaults_block_15/gpio_defaults_high[6] (driver: pin gpio_defaults_block_15/gpio_default_value[6]/HI)
238.  gpio_defaults_block_15/gpio_defaults_high[5] (driver: pin gpio_defaults_block_15/gpio_default_value[5]/HI)
239.  gpio_defaults_block_15/gpio_defaults_high[9] (driver: pin gpio_defaults_block_15/gpio_default_value[9]/HI)
240.  gpio_defaults_block_15/gpio_defaults_high[12] (driver: pin gpio_defaults_block_15/gpio_default_value[12]/HI)
241.  gpio_defaults_block_15/gpio_defaults_high[0] (driver: pin gpio_defaults_block_15/gpio_default_value[0]/HI)
242.  gpio_defaults_block_15/gpio_defaults_low[10] (driver: pin gpio_defaults_block_15/gpio_default_value[10]/LO)
243.  gpio_defaults_block_15/gpio_defaults_high[4] (driver: pin gpio_defaults_block_15/gpio_default_value[4]/HI)
244.  gpio_defaults_block_15/gpio_defaults_high[8] (driver: pin gpio_defaults_block_15/gpio_default_value[8]/HI)
245.  gpio_defaults_block_15/gpio_defaults_high[11] (driver: pin gpio_defaults_block_15/gpio_default_value[11]/HI)
246.  gpio_defaults_block_16/gpio_defaults_high[3] (driver: pin gpio_defaults_block_16/gpio_default_value[3]/HI)
247.  gpio_defaults_block_16/gpio_defaults_high[7] (driver: pin gpio_defaults_block_16/gpio_default_value[7]/HI)
248.  gpio_defaults_block_16/gpio_defaults_high[2] (driver: pin gpio_defaults_block_16/gpio_default_value[2]/HI)
249.  gpio_defaults_block_16/gpio_defaults_low[1] (driver: pin gpio_defaults_block_16/gpio_default_value[1]/LO)
250.  gpio_defaults_block_16/gpio_defaults_high[6] (driver: pin gpio_defaults_block_16/gpio_default_value[6]/HI)
251.  gpio_defaults_block_16/gpio_defaults_high[5] (driver: pin gpio_defaults_block_16/gpio_default_value[5]/HI)
252.  gpio_defaults_block_16/gpio_defaults_high[9] (driver: pin gpio_defaults_block_16/gpio_default_value[9]/HI)
253.  gpio_defaults_block_16/gpio_defaults_high[12] (driver: pin gpio_defaults_block_16/gpio_default_value[12]/HI)
254.  gpio_defaults_block_16/gpio_defaults_high[0] (driver: pin gpio_defaults_block_16/gpio_default_value[0]/HI)
255.  gpio_defaults_block_16/gpio_defaults_low[10] (driver: pin gpio_defaults_block_16/gpio_default_value[10]/LO)
256.  gpio_defaults_block_16/gpio_defaults_high[4] (driver: pin gpio_defaults_block_16/gpio_default_value[4]/HI)
257.  gpio_defaults_block_16/gpio_defaults_high[8] (driver: pin gpio_defaults_block_16/gpio_default_value[8]/HI)
258.  gpio_defaults_block_16/gpio_defaults_high[11] (driver: pin gpio_defaults_block_16/gpio_default_value[11]/HI)
259.  gpio_defaults_block_17/gpio_defaults_high[3] (driver: pin gpio_defaults_block_17/gpio_default_value[3]/HI)
260.  gpio_defaults_block_17/gpio_defaults_high[7] (driver: pin gpio_defaults_block_17/gpio_default_value[7]/HI)
261.  gpio_defaults_block_17/gpio_defaults_high[2] (driver: pin gpio_defaults_block_17/gpio_default_value[2]/HI)
262.  gpio_defaults_block_17/gpio_defaults_low[1] (driver: pin gpio_defaults_block_17/gpio_default_value[1]/LO)
263.  gpio_defaults_block_17/gpio_defaults_high[6] (driver: pin gpio_defaults_block_17/gpio_default_value[6]/HI)
264.  gpio_defaults_block_17/gpio_defaults_high[5] (driver: pin gpio_defaults_block_17/gpio_default_value[5]/HI)
265.  gpio_defaults_block_17/gpio_defaults_high[9] (driver: pin gpio_defaults_block_17/gpio_default_value[9]/HI)
266.  gpio_defaults_block_17/gpio_defaults_high[12] (driver: pin gpio_defaults_block_17/gpio_default_value[12]/HI)
267.  gpio_defaults_block_17/gpio_defaults_high[0] (driver: pin gpio_defaults_block_17/gpio_default_value[0]/HI)
268.  gpio_defaults_block_17/gpio_defaults_low[10] (driver: pin gpio_defaults_block_17/gpio_default_value[10]/LO)
269.  gpio_defaults_block_17/gpio_defaults_high[4] (driver: pin gpio_defaults_block_17/gpio_default_value[4]/HI)
270.  gpio_defaults_block_17/gpio_defaults_high[8] (driver: pin gpio_defaults_block_17/gpio_default_value[8]/HI)
271.  gpio_defaults_block_17/gpio_defaults_high[11] (driver: pin gpio_defaults_block_17/gpio_default_value[11]/HI)
272.  gpio_defaults_block_18/gpio_defaults_high[3] (driver: pin gpio_defaults_block_18/gpio_default_value[3]/HI)
273.  gpio_defaults_block_18/gpio_defaults_high[7] (driver: pin gpio_defaults_block_18/gpio_default_value[7]/HI)
274.  gpio_defaults_block_18/gpio_defaults_high[2] (driver: pin gpio_defaults_block_18/gpio_default_value[2]/HI)
275.  gpio_defaults_block_18/gpio_defaults_low[1] (driver: pin gpio_defaults_block_18/gpio_default_value[1]/LO)
276.  gpio_defaults_block_18/gpio_defaults_high[6] (driver: pin gpio_defaults_block_18/gpio_default_value[6]/HI)
277.  gpio_defaults_block_18/gpio_defaults_high[5] (driver: pin gpio_defaults_block_18/gpio_default_value[5]/HI)
278.  gpio_defaults_block_18/gpio_defaults_high[9] (driver: pin gpio_defaults_block_18/gpio_default_value[9]/HI)
279.  gpio_defaults_block_18/gpio_defaults_high[12] (driver: pin gpio_defaults_block_18/gpio_default_value[12]/HI)
280.  gpio_defaults_block_18/gpio_defaults_high[0] (driver: pin gpio_defaults_block_18/gpio_default_value[0]/HI)
281.  gpio_defaults_block_18/gpio_defaults_low[10] (driver: pin gpio_defaults_block_18/gpio_default_value[10]/LO)
282.  gpio_defaults_block_18/gpio_defaults_high[4] (driver: pin gpio_defaults_block_18/gpio_default_value[4]/HI)
283.  gpio_defaults_block_18/gpio_defaults_high[8] (driver: pin gpio_defaults_block_18/gpio_default_value[8]/HI)
284.  gpio_defaults_block_18/gpio_defaults_high[11] (driver: pin gpio_defaults_block_18/gpio_default_value[11]/HI)
285.  gpio_defaults_block_19/gpio_defaults_high[3] (driver: pin gpio_defaults_block_19/gpio_default_value[3]/HI)
286.  gpio_defaults_block_19/gpio_defaults_high[7] (driver: pin gpio_defaults_block_19/gpio_default_value[7]/HI)
287.  gpio_defaults_block_19/gpio_defaults_high[2] (driver: pin gpio_defaults_block_19/gpio_default_value[2]/HI)
288.  gpio_defaults_block_19/gpio_defaults_low[1] (driver: pin gpio_defaults_block_19/gpio_default_value[1]/LO)
289.  gpio_defaults_block_19/gpio_defaults_high[6] (driver: pin gpio_defaults_block_19/gpio_default_value[6]/HI)
290.  gpio_defaults_block_19/gpio_defaults_high[5] (driver: pin gpio_defaults_block_19/gpio_default_value[5]/HI)
291.  gpio_defaults_block_19/gpio_defaults_high[9] (driver: pin gpio_defaults_block_19/gpio_default_value[9]/HI)
292.  gpio_defaults_block_19/gpio_defaults_high[12] (driver: pin gpio_defaults_block_19/gpio_default_value[12]/HI)
293.  gpio_defaults_block_19/gpio_defaults_high[0] (driver: pin gpio_defaults_block_19/gpio_default_value[0]/HI)
294.  gpio_defaults_block_19/gpio_defaults_low[10] (driver: pin gpio_defaults_block_19/gpio_default_value[10]/LO)
295.  gpio_defaults_block_19/gpio_defaults_high[4] (driver: pin gpio_defaults_block_19/gpio_default_value[4]/HI)
296.  gpio_defaults_block_19/gpio_defaults_high[8] (driver: pin gpio_defaults_block_19/gpio_default_value[8]/HI)
297.  gpio_defaults_block_19/gpio_defaults_high[11] (driver: pin gpio_defaults_block_19/gpio_default_value[11]/HI)
298.  gpio_defaults_block_20/gpio_defaults_high[3] (driver: pin gpio_defaults_block_20/gpio_default_value[3]/HI)
299.  gpio_defaults_block_20/gpio_defaults_high[7] (driver: pin gpio_defaults_block_20/gpio_default_value[7]/HI)
300.  gpio_defaults_block_20/gpio_defaults_high[2] (driver: pin gpio_defaults_block_20/gpio_default_value[2]/HI)
301.  gpio_defaults_block_20/gpio_defaults_low[1] (driver: pin gpio_defaults_block_20/gpio_default_value[1]/LO)
302.  gpio_defaults_block_20/gpio_defaults_high[6] (driver: pin gpio_defaults_block_20/gpio_default_value[6]/HI)
303.  gpio_defaults_block_20/gpio_defaults_high[5] (driver: pin gpio_defaults_block_20/gpio_default_value[5]/HI)
304.  gpio_defaults_block_20/gpio_defaults_high[9] (driver: pin gpio_defaults_block_20/gpio_default_value[9]/HI)
305.  gpio_defaults_block_20/gpio_defaults_high[12] (driver: pin gpio_defaults_block_20/gpio_default_value[12]/HI)
306.  gpio_defaults_block_20/gpio_defaults_high[0] (driver: pin gpio_defaults_block_20/gpio_default_value[0]/HI)
307.  gpio_defaults_block_20/gpio_defaults_low[10] (driver: pin gpio_defaults_block_20/gpio_default_value[10]/LO)
308.  gpio_defaults_block_20/gpio_defaults_high[4] (driver: pin gpio_defaults_block_20/gpio_default_value[4]/HI)
309.  gpio_defaults_block_20/gpio_defaults_high[8] (driver: pin gpio_defaults_block_20/gpio_default_value[8]/HI)
310.  gpio_defaults_block_20/gpio_defaults_high[11] (driver: pin gpio_defaults_block_20/gpio_default_value[11]/HI)
311.  gpio_defaults_block_21/gpio_defaults_high[3] (driver: pin gpio_defaults_block_21/gpio_default_value[3]/HI)
312.  gpio_defaults_block_21/gpio_defaults_high[7] (driver: pin gpio_defaults_block_21/gpio_default_value[7]/HI)
313.  gpio_defaults_block_21/gpio_defaults_high[2] (driver: pin gpio_defaults_block_21/gpio_default_value[2]/HI)
314.  gpio_defaults_block_21/gpio_defaults_low[1] (driver: pin gpio_defaults_block_21/gpio_default_value[1]/LO)
315.  gpio_defaults_block_21/gpio_defaults_high[6] (driver: pin gpio_defaults_block_21/gpio_default_value[6]/HI)
316.  gpio_defaults_block_21/gpio_defaults_high[5] (driver: pin gpio_defaults_block_21/gpio_default_value[5]/HI)
317.  gpio_defaults_block_21/gpio_defaults_high[9] (driver: pin gpio_defaults_block_21/gpio_default_value[9]/HI)
318.  gpio_defaults_block_21/gpio_defaults_high[12] (driver: pin gpio_defaults_block_21/gpio_default_value[12]/HI)
319.  gpio_defaults_block_21/gpio_defaults_high[0] (driver: pin gpio_defaults_block_21/gpio_default_value[0]/HI)
320.  gpio_defaults_block_21/gpio_defaults_low[10] (driver: pin gpio_defaults_block_21/gpio_default_value[10]/LO)
321.  gpio_defaults_block_21/gpio_defaults_high[4] (driver: pin gpio_defaults_block_21/gpio_default_value[4]/HI)
322.  gpio_defaults_block_21/gpio_defaults_high[8] (driver: pin gpio_defaults_block_21/gpio_default_value[8]/HI)
323.  gpio_defaults_block_21/gpio_defaults_high[11] (driver: pin gpio_defaults_block_21/gpio_default_value[11]/HI)
324.  gpio_defaults_block_22/gpio_defaults_high[3] (driver: pin gpio_defaults_block_22/gpio_default_value[3]/HI)
325.  gpio_defaults_block_22/gpio_defaults_high[7] (driver: pin gpio_defaults_block_22/gpio_default_value[7]/HI)
326.  gpio_defaults_block_22/gpio_defaults_high[2] (driver: pin gpio_defaults_block_22/gpio_default_value[2]/HI)
327.  gpio_defaults_block_22/gpio_defaults_low[1] (driver: pin gpio_defaults_block_22/gpio_default_value[1]/LO)
328.  gpio_defaults_block_22/gpio_defaults_high[6] (driver: pin gpio_defaults_block_22/gpio_default_value[6]/HI)
329.  gpio_defaults_block_22/gpio_defaults_high[5] (driver: pin gpio_defaults_block_22/gpio_default_value[5]/HI)
330.  gpio_defaults_block_22/gpio_defaults_high[9] (driver: pin gpio_defaults_block_22/gpio_default_value[9]/HI)
331.  gpio_defaults_block_22/gpio_defaults_high[12] (driver: pin gpio_defaults_block_22/gpio_default_value[12]/HI)
332.  gpio_defaults_block_22/gpio_defaults_high[0] (driver: pin gpio_defaults_block_22/gpio_default_value[0]/HI)
333.  gpio_defaults_block_22/gpio_defaults_low[10] (driver: pin gpio_defaults_block_22/gpio_default_value[10]/LO)
334.  gpio_defaults_block_22/gpio_defaults_high[4] (driver: pin gpio_defaults_block_22/gpio_default_value[4]/HI)
335.  gpio_defaults_block_22/gpio_defaults_high[8] (driver: pin gpio_defaults_block_22/gpio_default_value[8]/HI)
336.  gpio_defaults_block_22/gpio_defaults_high[11] (driver: pin gpio_defaults_block_22/gpio_default_value[11]/HI)
337.  gpio_defaults_block_23/gpio_defaults_high[3] (driver: pin gpio_defaults_block_23/gpio_default_value[3]/HI)
338.  gpio_defaults_block_23/gpio_defaults_high[7] (driver: pin gpio_defaults_block_23/gpio_default_value[7]/HI)
339.  gpio_defaults_block_23/gpio_defaults_high[2] (driver: pin gpio_defaults_block_23/gpio_default_value[2]/HI)
340.  gpio_defaults_block_23/gpio_defaults_low[1] (driver: pin gpio_defaults_block_23/gpio_default_value[1]/LO)
341.  gpio_defaults_block_23/gpio_defaults_high[6] (driver: pin gpio_defaults_block_23/gpio_default_value[6]/HI)
342.  gpio_defaults_block_23/gpio_defaults_high[5] (driver: pin gpio_defaults_block_23/gpio_default_value[5]/HI)
343.  gpio_defaults_block_23/gpio_defaults_high[9] (driver: pin gpio_defaults_block_23/gpio_default_value[9]/HI)
344.  gpio_defaults_block_23/gpio_defaults_high[12] (driver: pin gpio_defaults_block_23/gpio_default_value[12]/HI)
345.  gpio_defaults_block_23/gpio_defaults_high[0] (driver: pin gpio_defaults_block_23/gpio_default_value[0]/HI)
346.  gpio_defaults_block_23/gpio_defaults_low[10] (driver: pin gpio_defaults_block_23/gpio_default_value[10]/LO)
347.  gpio_defaults_block_23/gpio_defaults_high[4] (driver: pin gpio_defaults_block_23/gpio_default_value[4]/HI)
348.  gpio_defaults_block_23/gpio_defaults_high[8] (driver: pin gpio_defaults_block_23/gpio_default_value[8]/HI)
349.  gpio_defaults_block_23/gpio_defaults_high[11] (driver: pin gpio_defaults_block_23/gpio_default_value[11]/HI)
350.  gpio_defaults_block_24/gpio_defaults_high[3] (driver: pin gpio_defaults_block_24/gpio_default_value[3]/HI)
351.  gpio_defaults_block_24/gpio_defaults_high[7] (driver: pin gpio_defaults_block_24/gpio_default_value[7]/HI)
352.  gpio_defaults_block_24/gpio_defaults_high[2] (driver: pin gpio_defaults_block_24/gpio_default_value[2]/HI)
353.  gpio_defaults_block_24/gpio_defaults_low[1] (driver: pin gpio_defaults_block_24/gpio_default_value[1]/LO)
354.  gpio_defaults_block_24/gpio_defaults_high[6] (driver: pin gpio_defaults_block_24/gpio_default_value[6]/HI)
355.  gpio_defaults_block_24/gpio_defaults_high[5] (driver: pin gpio_defaults_block_24/gpio_default_value[5]/HI)
356.  gpio_defaults_block_24/gpio_defaults_high[9] (driver: pin gpio_defaults_block_24/gpio_default_value[9]/HI)
357.  gpio_defaults_block_24/gpio_defaults_high[12] (driver: pin gpio_defaults_block_24/gpio_default_value[12]/HI)
358.  gpio_defaults_block_24/gpio_defaults_high[0] (driver: pin gpio_defaults_block_24/gpio_default_value[0]/HI)
359.  gpio_defaults_block_24/gpio_defaults_low[10] (driver: pin gpio_defaults_block_24/gpio_default_value[10]/LO)
360.  gpio_defaults_block_24/gpio_defaults_high[4] (driver: pin gpio_defaults_block_24/gpio_default_value[4]/HI)
361.  gpio_defaults_block_24/gpio_defaults_high[8] (driver: pin gpio_defaults_block_24/gpio_default_value[8]/HI)
362.  gpio_defaults_block_24/gpio_defaults_high[11] (driver: pin gpio_defaults_block_24/gpio_default_value[11]/HI)
363.  gpio_defaults_block_25/gpio_defaults_high[3] (driver: pin gpio_defaults_block_25/gpio_default_value[3]/HI)
364.  gpio_defaults_block_25/gpio_defaults_high[7] (driver: pin gpio_defaults_block_25/gpio_default_value[7]/HI)
365.  gpio_defaults_block_25/gpio_defaults_high[2] (driver: pin gpio_defaults_block_25/gpio_default_value[2]/HI)
366.  gpio_defaults_block_25/gpio_defaults_low[1] (driver: pin gpio_defaults_block_25/gpio_default_value[1]/LO)
367.  gpio_defaults_block_25/gpio_defaults_high[6] (driver: pin gpio_defaults_block_25/gpio_default_value[6]/HI)
368.  gpio_defaults_block_25/gpio_defaults_high[5] (driver: pin gpio_defaults_block_25/gpio_default_value[5]/HI)
369.  gpio_defaults_block_25/gpio_defaults_high[9] (driver: pin gpio_defaults_block_25/gpio_default_value[9]/HI)
370.  gpio_defaults_block_25/gpio_defaults_high[12] (driver: pin gpio_defaults_block_25/gpio_default_value[12]/HI)
371.  gpio_defaults_block_25/gpio_defaults_high[0] (driver: pin gpio_defaults_block_25/gpio_default_value[0]/HI)
372.  gpio_defaults_block_25/gpio_defaults_low[10] (driver: pin gpio_defaults_block_25/gpio_default_value[10]/LO)
373.  gpio_defaults_block_25/gpio_defaults_high[4] (driver: pin gpio_defaults_block_25/gpio_default_value[4]/HI)
374.  gpio_defaults_block_25/gpio_defaults_high[8] (driver: pin gpio_defaults_block_25/gpio_default_value[8]/HI)
375.  gpio_defaults_block_25/gpio_defaults_high[11] (driver: pin gpio_defaults_block_25/gpio_default_value[11]/HI)
376.  gpio_defaults_block_26/gpio_defaults_high[3] (driver: pin gpio_defaults_block_26/gpio_default_value[3]/HI)
377.  gpio_defaults_block_26/gpio_defaults_high[7] (driver: pin gpio_defaults_block_26/gpio_default_value[7]/HI)
378.  gpio_defaults_block_26/gpio_defaults_high[2] (driver: pin gpio_defaults_block_26/gpio_default_value[2]/HI)
379.  gpio_defaults_block_26/gpio_defaults_low[1] (driver: pin gpio_defaults_block_26/gpio_default_value[1]/LO)
380.  gpio_defaults_block_26/gpio_defaults_high[6] (driver: pin gpio_defaults_block_26/gpio_default_value[6]/HI)
381.  gpio_defaults_block_26/gpio_defaults_high[5] (driver: pin gpio_defaults_block_26/gpio_default_value[5]/HI)
382.  gpio_defaults_block_26/gpio_defaults_high[9] (driver: pin gpio_defaults_block_26/gpio_default_value[9]/HI)
383.  gpio_defaults_block_26/gpio_defaults_high[12] (driver: pin gpio_defaults_block_26/gpio_default_value[12]/HI)
384.  gpio_defaults_block_26/gpio_defaults_high[0] (driver: pin gpio_defaults_block_26/gpio_default_value[0]/HI)
385.  gpio_defaults_block_26/gpio_defaults_low[10] (driver: pin gpio_defaults_block_26/gpio_default_value[10]/LO)
386.  gpio_defaults_block_26/gpio_defaults_high[4] (driver: pin gpio_defaults_block_26/gpio_default_value[4]/HI)
387.  gpio_defaults_block_26/gpio_defaults_high[8] (driver: pin gpio_defaults_block_26/gpio_default_value[8]/HI)
388.  gpio_defaults_block_26/gpio_defaults_high[11] (driver: pin gpio_defaults_block_26/gpio_default_value[11]/HI)
389.  gpio_defaults_block_27/gpio_defaults_high[3] (driver: pin gpio_defaults_block_27/gpio_default_value[3]/HI)
390.  gpio_defaults_block_27/gpio_defaults_high[7] (driver: pin gpio_defaults_block_27/gpio_default_value[7]/HI)
391.  gpio_defaults_block_27/gpio_defaults_high[2] (driver: pin gpio_defaults_block_27/gpio_default_value[2]/HI)
392.  gpio_defaults_block_27/gpio_defaults_low[1] (driver: pin gpio_defaults_block_27/gpio_default_value[1]/LO)
393.  gpio_defaults_block_27/gpio_defaults_high[6] (driver: pin gpio_defaults_block_27/gpio_default_value[6]/HI)
394.  gpio_defaults_block_27/gpio_defaults_high[5] (driver: pin gpio_defaults_block_27/gpio_default_value[5]/HI)
395.  gpio_defaults_block_27/gpio_defaults_high[9] (driver: pin gpio_defaults_block_27/gpio_default_value[9]/HI)
396.  gpio_defaults_block_27/gpio_defaults_high[12] (driver: pin gpio_defaults_block_27/gpio_default_value[12]/HI)
397.  gpio_defaults_block_27/gpio_defaults_high[0] (driver: pin gpio_defaults_block_27/gpio_default_value[0]/HI)
398.  gpio_defaults_block_27/gpio_defaults_low[10] (driver: pin gpio_defaults_block_27/gpio_default_value[10]/LO)
399.  gpio_defaults_block_27/gpio_defaults_high[4] (driver: pin gpio_defaults_block_27/gpio_default_value[4]/HI)
400.  gpio_defaults_block_27/gpio_defaults_high[8] (driver: pin gpio_defaults_block_27/gpio_default_value[8]/HI)
401.  gpio_defaults_block_27/gpio_defaults_high[11] (driver: pin gpio_defaults_block_27/gpio_default_value[11]/HI)
402.  gpio_defaults_block_28/gpio_defaults_high[3] (driver: pin gpio_defaults_block_28/gpio_default_value[3]/HI)
403.  gpio_defaults_block_28/gpio_defaults_high[7] (driver: pin gpio_defaults_block_28/gpio_default_value[7]/HI)
404.  gpio_defaults_block_28/gpio_defaults_high[2] (driver: pin gpio_defaults_block_28/gpio_default_value[2]/HI)
405.  gpio_defaults_block_28/gpio_defaults_low[1] (driver: pin gpio_defaults_block_28/gpio_default_value[1]/LO)
406.  gpio_defaults_block_28/gpio_defaults_high[6] (driver: pin gpio_defaults_block_28/gpio_default_value[6]/HI)
407.  gpio_defaults_block_28/gpio_defaults_high[5] (driver: pin gpio_defaults_block_28/gpio_default_value[5]/HI)
408.  gpio_defaults_block_28/gpio_defaults_high[9] (driver: pin gpio_defaults_block_28/gpio_default_value[9]/HI)
409.  gpio_defaults_block_28/gpio_defaults_high[12] (driver: pin gpio_defaults_block_28/gpio_default_value[12]/HI)
410.  gpio_defaults_block_28/gpio_defaults_high[0] (driver: pin gpio_defaults_block_28/gpio_default_value[0]/HI)
411.  gpio_defaults_block_28/gpio_defaults_low[10] (driver: pin gpio_defaults_block_28/gpio_default_value[10]/LO)
412.  gpio_defaults_block_28/gpio_defaults_high[4] (driver: pin gpio_defaults_block_28/gpio_default_value[4]/HI)
413.  gpio_defaults_block_28/gpio_defaults_high[8] (driver: pin gpio_defaults_block_28/gpio_default_value[8]/HI)
414.  gpio_defaults_block_28/gpio_defaults_high[11] (driver: pin gpio_defaults_block_28/gpio_default_value[11]/HI)
415.  gpio_defaults_block_29/gpio_defaults_high[3] (driver: pin gpio_defaults_block_29/gpio_default_value[3]/HI)
416.  gpio_defaults_block_29/gpio_defaults_high[7] (driver: pin gpio_defaults_block_29/gpio_default_value[7]/HI)
417.  gpio_defaults_block_29/gpio_defaults_high[2] (driver: pin gpio_defaults_block_29/gpio_default_value[2]/HI)
418.  gpio_defaults_block_29/gpio_defaults_low[1] (driver: pin gpio_defaults_block_29/gpio_default_value[1]/LO)
419.  gpio_defaults_block_29/gpio_defaults_high[6] (driver: pin gpio_defaults_block_29/gpio_default_value[6]/HI)
420.  gpio_defaults_block_29/gpio_defaults_high[5] (driver: pin gpio_defaults_block_29/gpio_default_value[5]/HI)
421.  gpio_defaults_block_29/gpio_defaults_high[9] (driver: pin gpio_defaults_block_29/gpio_default_value[9]/HI)
422.  gpio_defaults_block_29/gpio_defaults_high[12] (driver: pin gpio_defaults_block_29/gpio_default_value[12]/HI)
423.  gpio_defaults_block_29/gpio_defaults_high[0] (driver: pin gpio_defaults_block_29/gpio_default_value[0]/HI)
424.  gpio_defaults_block_29/gpio_defaults_low[10] (driver: pin gpio_defaults_block_29/gpio_default_value[10]/LO)
425.  gpio_defaults_block_29/gpio_defaults_high[4] (driver: pin gpio_defaults_block_29/gpio_default_value[4]/HI)
426.  gpio_defaults_block_29/gpio_defaults_high[8] (driver: pin gpio_defaults_block_29/gpio_default_value[8]/HI)
427.  gpio_defaults_block_29/gpio_defaults_high[11] (driver: pin gpio_defaults_block_29/gpio_default_value[11]/HI)
428.  gpio_defaults_block_30/gpio_defaults_high[3] (driver: pin gpio_defaults_block_30/gpio_default_value[3]/HI)
429.  gpio_defaults_block_30/gpio_defaults_high[7] (driver: pin gpio_defaults_block_30/gpio_default_value[7]/HI)
430.  gpio_defaults_block_30/gpio_defaults_high[2] (driver: pin gpio_defaults_block_30/gpio_default_value[2]/HI)
431.  gpio_defaults_block_30/gpio_defaults_low[1] (driver: pin gpio_defaults_block_30/gpio_default_value[1]/LO)
432.  gpio_defaults_block_30/gpio_defaults_high[6] (driver: pin gpio_defaults_block_30/gpio_default_value[6]/HI)
433.  gpio_defaults_block_30/gpio_defaults_high[5] (driver: pin gpio_defaults_block_30/gpio_default_value[5]/HI)
434.  gpio_defaults_block_30/gpio_defaults_high[9] (driver: pin gpio_defaults_block_30/gpio_default_value[9]/HI)
435.  gpio_defaults_block_30/gpio_defaults_high[12] (driver: pin gpio_defaults_block_30/gpio_default_value[12]/HI)
436.  gpio_defaults_block_30/gpio_defaults_high[0] (driver: pin gpio_defaults_block_30/gpio_default_value[0]/HI)
437.  gpio_defaults_block_30/gpio_defaults_low[10] (driver: pin gpio_defaults_block_30/gpio_default_value[10]/LO)
438.  gpio_defaults_block_30/gpio_defaults_high[4] (driver: pin gpio_defaults_block_30/gpio_default_value[4]/HI)
439.  gpio_defaults_block_30/gpio_defaults_high[8] (driver: pin gpio_defaults_block_30/gpio_default_value[8]/HI)
440.  gpio_defaults_block_30/gpio_defaults_high[11] (driver: pin gpio_defaults_block_30/gpio_default_value[11]/HI)
441.  gpio_defaults_block_31/gpio_defaults_high[3] (driver: pin gpio_defaults_block_31/gpio_default_value[3]/HI)
442.  gpio_defaults_block_31/gpio_defaults_high[7] (driver: pin gpio_defaults_block_31/gpio_default_value[7]/HI)
443.  gpio_defaults_block_31/gpio_defaults_high[2] (driver: pin gpio_defaults_block_31/gpio_default_value[2]/HI)
444.  gpio_defaults_block_31/gpio_defaults_low[1] (driver: pin gpio_defaults_block_31/gpio_default_value[1]/LO)
445.  gpio_defaults_block_31/gpio_defaults_high[6] (driver: pin gpio_defaults_block_31/gpio_default_value[6]/HI)
446.  gpio_defaults_block_31/gpio_defaults_high[5] (driver: pin gpio_defaults_block_31/gpio_default_value[5]/HI)
447.  gpio_defaults_block_31/gpio_defaults_high[9] (driver: pin gpio_defaults_block_31/gpio_default_value[9]/HI)
448.  gpio_defaults_block_31/gpio_defaults_high[12] (driver: pin gpio_defaults_block_31/gpio_default_value[12]/HI)
449.  gpio_defaults_block_31/gpio_defaults_high[0] (driver: pin gpio_defaults_block_31/gpio_default_value[0]/HI)
450.  gpio_defaults_block_31/gpio_defaults_low[10] (driver: pin gpio_defaults_block_31/gpio_default_value[10]/LO)
451.  gpio_defaults_block_31/gpio_defaults_high[4] (driver: pin gpio_defaults_block_31/gpio_default_value[4]/HI)
452.  gpio_defaults_block_31/gpio_defaults_high[8] (driver: pin gpio_defaults_block_31/gpio_default_value[8]/HI)
453.  gpio_defaults_block_31/gpio_defaults_high[11] (driver: pin gpio_defaults_block_31/gpio_default_value[11]/HI)
454.  gpio_defaults_block_32/gpio_defaults_high[3] (driver: pin gpio_defaults_block_32/gpio_default_value[3]/HI)
455.  gpio_defaults_block_32/gpio_defaults_high[7] (driver: pin gpio_defaults_block_32/gpio_default_value[7]/HI)
456.  gpio_defaults_block_32/gpio_defaults_high[2] (driver: pin gpio_defaults_block_32/gpio_default_value[2]/HI)
457.  gpio_defaults_block_32/gpio_defaults_low[1] (driver: pin gpio_defaults_block_32/gpio_default_value[1]/LO)
458.  gpio_defaults_block_32/gpio_defaults_high[6] (driver: pin gpio_defaults_block_32/gpio_default_value[6]/HI)
459.  gpio_defaults_block_32/gpio_defaults_high[5] (driver: pin gpio_defaults_block_32/gpio_default_value[5]/HI)
460.  gpio_defaults_block_32/gpio_defaults_high[9] (driver: pin gpio_defaults_block_32/gpio_default_value[9]/HI)
461.  gpio_defaults_block_32/gpio_defaults_high[12] (driver: pin gpio_defaults_block_32/gpio_default_value[12]/HI)
462.  gpio_defaults_block_32/gpio_defaults_high[0] (driver: pin gpio_defaults_block_32/gpio_default_value[0]/HI)
463.  gpio_defaults_block_32/gpio_defaults_low[10] (driver: pin gpio_defaults_block_32/gpio_default_value[10]/LO)
464.  gpio_defaults_block_32/gpio_defaults_high[4] (driver: pin gpio_defaults_block_32/gpio_default_value[4]/HI)
465.  gpio_defaults_block_32/gpio_defaults_high[8] (driver: pin gpio_defaults_block_32/gpio_default_value[8]/HI)
466.  gpio_defaults_block_32/gpio_defaults_high[11] (driver: pin gpio_defaults_block_32/gpio_default_value[11]/HI)
467.  gpio_defaults_block_33/gpio_defaults_high[3] (driver: pin gpio_defaults_block_33/gpio_default_value[3]/HI)
468.  gpio_defaults_block_33/gpio_defaults_high[7] (driver: pin gpio_defaults_block_33/gpio_default_value[7]/HI)
469.  gpio_defaults_block_33/gpio_defaults_high[2] (driver: pin gpio_defaults_block_33/gpio_default_value[2]/HI)
470.  gpio_defaults_block_33/gpio_defaults_low[1] (driver: pin gpio_defaults_block_33/gpio_default_value[1]/LO)
471.  gpio_defaults_block_33/gpio_defaults_high[6] (driver: pin gpio_defaults_block_33/gpio_default_value[6]/HI)
472.  gpio_defaults_block_33/gpio_defaults_high[5] (driver: pin gpio_defaults_block_33/gpio_default_value[5]/HI)
473.  gpio_defaults_block_33/gpio_defaults_high[9] (driver: pin gpio_defaults_block_33/gpio_default_value[9]/HI)
474.  gpio_defaults_block_33/gpio_defaults_high[12] (driver: pin gpio_defaults_block_33/gpio_default_value[12]/HI)
475.  gpio_defaults_block_33/gpio_defaults_high[0] (driver: pin gpio_defaults_block_33/gpio_default_value[0]/HI)
476.  gpio_defaults_block_33/gpio_defaults_low[10] (driver: pin gpio_defaults_block_33/gpio_default_value[10]/LO)
477.  gpio_defaults_block_33/gpio_defaults_high[4] (driver: pin gpio_defaults_block_33/gpio_default_value[4]/HI)
478.  gpio_defaults_block_33/gpio_defaults_high[8] (driver: pin gpio_defaults_block_33/gpio_default_value[8]/HI)
479.  gpio_defaults_block_33/gpio_defaults_high[11] (driver: pin gpio_defaults_block_33/gpio_default_value[11]/HI)
480.  gpio_defaults_block_34/gpio_defaults_high[3] (driver: pin gpio_defaults_block_34/gpio_default_value[3]/HI)
481.  gpio_defaults_block_34/gpio_defaults_high[7] (driver: pin gpio_defaults_block_34/gpio_default_value[7]/HI)
482.  gpio_defaults_block_34/gpio_defaults_high[2] (driver: pin gpio_defaults_block_34/gpio_default_value[2]/HI)
483.  gpio_defaults_block_34/gpio_defaults_low[1] (driver: pin gpio_defaults_block_34/gpio_default_value[1]/LO)
484.  gpio_defaults_block_34/gpio_defaults_high[6] (driver: pin gpio_defaults_block_34/gpio_default_value[6]/HI)
485.  gpio_defaults_block_34/gpio_defaults_high[5] (driver: pin gpio_defaults_block_34/gpio_default_value[5]/HI)
486.  gpio_defaults_block_34/gpio_defaults_high[9] (driver: pin gpio_defaults_block_34/gpio_default_value[9]/HI)
487.  gpio_defaults_block_34/gpio_defaults_high[12] (driver: pin gpio_defaults_block_34/gpio_default_value[12]/HI)
488.  gpio_defaults_block_34/gpio_defaults_high[0] (driver: pin gpio_defaults_block_34/gpio_default_value[0]/HI)
489.  gpio_defaults_block_34/gpio_defaults_low[10] (driver: pin gpio_defaults_block_34/gpio_default_value[10]/LO)
490.  gpio_defaults_block_34/gpio_defaults_high[4] (driver: pin gpio_defaults_block_34/gpio_default_value[4]/HI)
491.  gpio_defaults_block_34/gpio_defaults_high[8] (driver: pin gpio_defaults_block_34/gpio_default_value[8]/HI)
492.  gpio_defaults_block_34/gpio_defaults_high[11] (driver: pin gpio_defaults_block_34/gpio_default_value[11]/HI)
493.  gpio_defaults_block_35/gpio_defaults_high[3] (driver: pin gpio_defaults_block_35/gpio_default_value[3]/HI)
494.  gpio_defaults_block_35/gpio_defaults_high[7] (driver: pin gpio_defaults_block_35/gpio_default_value[7]/HI)
495.  gpio_defaults_block_35/gpio_defaults_high[2] (driver: pin gpio_defaults_block_35/gpio_default_value[2]/HI)
496.  gpio_defaults_block_35/gpio_defaults_low[1] (driver: pin gpio_defaults_block_35/gpio_default_value[1]/LO)
497.  gpio_defaults_block_35/gpio_defaults_high[6] (driver: pin gpio_defaults_block_35/gpio_default_value[6]/HI)
498.  gpio_defaults_block_35/gpio_defaults_high[5] (driver: pin gpio_defaults_block_35/gpio_default_value[5]/HI)
499.  gpio_defaults_block_35/gpio_defaults_high[9] (driver: pin gpio_defaults_block_35/gpio_default_value[9]/HI)
500.  gpio_defaults_block_35/gpio_defaults_high[12] (driver: pin gpio_defaults_block_35/gpio_default_value[12]/HI)
501.  gpio_defaults_block_35/gpio_defaults_high[0] (driver: pin gpio_defaults_block_35/gpio_default_value[0]/HI)
502.  gpio_defaults_block_35/gpio_defaults_low[10] (driver: pin gpio_defaults_block_35/gpio_default_value[10]/LO)
503.  gpio_defaults_block_35/gpio_defaults_high[4] (driver: pin gpio_defaults_block_35/gpio_default_value[4]/HI)
504.  gpio_defaults_block_35/gpio_defaults_high[8] (driver: pin gpio_defaults_block_35/gpio_default_value[8]/HI)
505.  gpio_defaults_block_35/gpio_defaults_high[11] (driver: pin gpio_defaults_block_35/gpio_default_value[11]/HI)
506.  gpio_defaults_block_36/gpio_defaults_high[3] (driver: pin gpio_defaults_block_36/gpio_default_value[3]/HI)
507.  gpio_defaults_block_36/gpio_defaults_high[7] (driver: pin gpio_defaults_block_36/gpio_default_value[7]/HI)
508.  gpio_defaults_block_36/gpio_defaults_high[2] (driver: pin gpio_defaults_block_36/gpio_default_value[2]/HI)
509.  gpio_defaults_block_36/gpio_defaults_low[1] (driver: pin gpio_defaults_block_36/gpio_default_value[1]/LO)
510.  gpio_defaults_block_36/gpio_defaults_high[6] (driver: pin gpio_defaults_block_36/gpio_default_value[6]/HI)
511.  gpio_defaults_block_36/gpio_defaults_high[5] (driver: pin gpio_defaults_block_36/gpio_default_value[5]/HI)
512.  gpio_defaults_block_36/gpio_defaults_high[9] (driver: pin gpio_defaults_block_36/gpio_default_value[9]/HI)
513.  gpio_defaults_block_36/gpio_defaults_high[12] (driver: pin gpio_defaults_block_36/gpio_default_value[12]/HI)
514.  gpio_defaults_block_36/gpio_defaults_high[0] (driver: pin gpio_defaults_block_36/gpio_default_value[0]/HI)
515.  gpio_defaults_block_36/gpio_defaults_low[10] (driver: pin gpio_defaults_block_36/gpio_default_value[10]/LO)
516.  gpio_defaults_block_36/gpio_defaults_high[4] (driver: pin gpio_defaults_block_36/gpio_default_value[4]/HI)
517.  gpio_defaults_block_36/gpio_defaults_high[8] (driver: pin gpio_defaults_block_36/gpio_default_value[8]/HI)
518.  gpio_defaults_block_36/gpio_defaults_high[11] (driver: pin gpio_defaults_block_36/gpio_default_value[11]/HI)
519.  gpio_defaults_block_37/gpio_defaults_high[3] (driver: pin gpio_defaults_block_37/gpio_default_value[3]/HI)
520.  gpio_defaults_block_37/gpio_defaults_high[7] (driver: pin gpio_defaults_block_37/gpio_default_value[7]/HI)
521.  gpio_defaults_block_37/gpio_defaults_high[2] (driver: pin gpio_defaults_block_37/gpio_default_value[2]/HI)
522.  gpio_defaults_block_37/gpio_defaults_low[1] (driver: pin gpio_defaults_block_37/gpio_default_value[1]/LO)
523.  gpio_defaults_block_37/gpio_defaults_high[6] (driver: pin gpio_defaults_block_37/gpio_default_value[6]/HI)
524.  gpio_defaults_block_37/gpio_defaults_high[5] (driver: pin gpio_defaults_block_37/gpio_default_value[5]/HI)
525.  gpio_defaults_block_37/gpio_defaults_high[9] (driver: pin gpio_defaults_block_37/gpio_default_value[9]/HI)
526.  gpio_defaults_block_37/gpio_defaults_high[12] (driver: pin gpio_defaults_block_37/gpio_default_value[12]/HI)
527.  gpio_defaults_block_37/gpio_defaults_high[0] (driver: pin gpio_defaults_block_37/gpio_default_value[0]/HI)
528.  gpio_defaults_block_37/gpio_defaults_low[10] (driver: pin gpio_defaults_block_37/gpio_default_value[10]/LO)
529.  gpio_defaults_block_37/gpio_defaults_high[4] (driver: pin gpio_defaults_block_37/gpio_default_value[4]/HI)
530.  gpio_defaults_block_37/gpio_defaults_high[8] (driver: pin gpio_defaults_block_37/gpio_default_value[8]/HI)
531.  gpio_defaults_block_37/gpio_defaults_high[11] (driver: pin gpio_defaults_block_37/gpio_default_value[11]/HI)
532.  gpio_defaults_block_0/gpio_defaults_high[3] (driver: pin gpio_defaults_block_0/gpio_default_value[3]/HI)
533.  gpio_defaults_block_0/gpio_defaults_high[7] (driver: pin gpio_defaults_block_0/gpio_default_value[7]/HI)
534.  gpio_defaults_block_0/gpio_defaults_high[2] (driver: pin gpio_defaults_block_0/gpio_default_value[2]/HI)
535.  gpio_defaults_block_0/gpio_defaults_low[1] (driver: pin gpio_defaults_block_0/gpio_default_value[1]/LO)
536.  gpio_defaults_block_0/gpio_defaults_high[6] (driver: pin gpio_defaults_block_0/gpio_default_value[6]/HI)
537.  gpio_defaults_block_0/gpio_defaults_high[5] (driver: pin gpio_defaults_block_0/gpio_default_value[5]/HI)
538.  gpio_defaults_block_0/gpio_defaults_high[9] (driver: pin gpio_defaults_block_0/gpio_default_value[9]/HI)
539.  gpio_defaults_block_0/gpio_defaults_high[12] (driver: pin gpio_defaults_block_0/gpio_default_value[12]/HI)
540.  gpio_defaults_block_0/gpio_defaults_high[0] (driver: pin gpio_defaults_block_0/gpio_default_value[0]/HI)
541.  gpio_defaults_block_0/gpio_defaults_low[10] (driver: pin gpio_defaults_block_0/gpio_default_value[10]/LO)
542.  gpio_defaults_block_0/gpio_defaults_high[4] (driver: pin gpio_defaults_block_0/gpio_default_value[4]/HI)
543.  gpio_defaults_block_0/gpio_defaults_high[8] (driver: pin gpio_defaults_block_0/gpio_default_value[8]/HI)
544.  gpio_defaults_block_0/gpio_defaults_high[11] (driver: pin gpio_defaults_block_0/gpio_default_value[11]/HI)
545.  gpio_defaults_block_1/gpio_defaults_high[3] (driver: pin gpio_defaults_block_1/gpio_default_value[3]/HI)
546.  gpio_defaults_block_1/gpio_defaults_high[7] (driver: pin gpio_defaults_block_1/gpio_default_value[7]/HI)
547.  gpio_defaults_block_1/gpio_defaults_high[2] (driver: pin gpio_defaults_block_1/gpio_default_value[2]/HI)
548.  gpio_defaults_block_1/gpio_defaults_low[1] (driver: pin gpio_defaults_block_1/gpio_default_value[1]/LO)
549.  gpio_defaults_block_1/gpio_defaults_high[6] (driver: pin gpio_defaults_block_1/gpio_default_value[6]/HI)
550.  gpio_defaults_block_1/gpio_defaults_high[5] (driver: pin gpio_defaults_block_1/gpio_default_value[5]/HI)
551.  gpio_defaults_block_1/gpio_defaults_high[9] (driver: pin gpio_defaults_block_1/gpio_default_value[9]/HI)
552.  gpio_defaults_block_1/gpio_defaults_high[12] (driver: pin gpio_defaults_block_1/gpio_default_value[12]/HI)
553.  gpio_defaults_block_1/gpio_defaults_high[0] (driver: pin gpio_defaults_block_1/gpio_default_value[0]/HI)
554.  gpio_defaults_block_1/gpio_defaults_low[10] (driver: pin gpio_defaults_block_1/gpio_default_value[10]/LO)
555.  gpio_defaults_block_1/gpio_defaults_high[4] (driver: pin gpio_defaults_block_1/gpio_default_value[4]/HI)
556.  gpio_defaults_block_1/gpio_defaults_high[8] (driver: pin gpio_defaults_block_1/gpio_default_value[8]/HI)
557.  gpio_defaults_block_1/gpio_defaults_high[11] (driver: pin gpio_defaults_block_1/gpio_default_value[11]/HI)
558.  gpio_defaults_block_2/gpio_defaults_high[3] (driver: pin gpio_defaults_block_2/gpio_default_value[3]/HI)
559.  gpio_defaults_block_2/gpio_defaults_high[7] (driver: pin gpio_defaults_block_2/gpio_default_value[7]/HI)
560.  gpio_defaults_block_2/gpio_defaults_high[2] (driver: pin gpio_defaults_block_2/gpio_default_value[2]/HI)
561.  gpio_defaults_block_2/gpio_defaults_low[1] (driver: pin gpio_defaults_block_2/gpio_default_value[1]/LO)
562.  gpio_defaults_block_2/gpio_defaults_high[6] (driver: pin gpio_defaults_block_2/gpio_default_value[6]/HI)
563.  gpio_defaults_block_2/gpio_defaults_high[5] (driver: pin gpio_defaults_block_2/gpio_default_value[5]/HI)
564.  gpio_defaults_block_2/gpio_defaults_high[9] (driver: pin gpio_defaults_block_2/gpio_default_value[9]/HI)
565.  gpio_defaults_block_2/gpio_defaults_high[12] (driver: pin gpio_defaults_block_2/gpio_default_value[12]/HI)
566.  gpio_defaults_block_2/gpio_defaults_high[0] (driver: pin gpio_defaults_block_2/gpio_default_value[0]/HI)
567.  gpio_defaults_block_2/gpio_defaults_low[10] (driver: pin gpio_defaults_block_2/gpio_default_value[10]/LO)
568.  gpio_defaults_block_2/gpio_defaults_high[4] (driver: pin gpio_defaults_block_2/gpio_default_value[4]/HI)
569.  gpio_defaults_block_2/gpio_defaults_high[8] (driver: pin gpio_defaults_block_2/gpio_default_value[8]/HI)
570.  gpio_defaults_block_2/gpio_defaults_high[11] (driver: pin gpio_defaults_block_2/gpio_default_value[11]/HI)
571.  gpio_defaults_block_3/gpio_defaults_high[3] (driver: pin gpio_defaults_block_3/gpio_default_value[3]/HI)
572.  gpio_defaults_block_3/gpio_defaults_high[7] (driver: pin gpio_defaults_block_3/gpio_default_value[7]/HI)
573.  gpio_defaults_block_3/gpio_defaults_high[2] (driver: pin gpio_defaults_block_3/gpio_default_value[2]/HI)
574.  gpio_defaults_block_3/gpio_defaults_low[1] (driver: pin gpio_defaults_block_3/gpio_default_value[1]/LO)
575.  gpio_defaults_block_3/gpio_defaults_high[6] (driver: pin gpio_defaults_block_3/gpio_default_value[6]/HI)
576.  gpio_defaults_block_3/gpio_defaults_high[5] (driver: pin gpio_defaults_block_3/gpio_default_value[5]/HI)
577.  gpio_defaults_block_3/gpio_defaults_high[9] (driver: pin gpio_defaults_block_3/gpio_default_value[9]/HI)
578.  gpio_defaults_block_3/gpio_defaults_high[12] (driver: pin gpio_defaults_block_3/gpio_default_value[12]/HI)
579.  gpio_defaults_block_3/gpio_defaults_high[0] (driver: pin gpio_defaults_block_3/gpio_default_value[0]/HI)
580.  gpio_defaults_block_3/gpio_defaults_low[10] (driver: pin gpio_defaults_block_3/gpio_default_value[10]/LO)
581.  gpio_defaults_block_3/gpio_defaults_high[4] (driver: pin gpio_defaults_block_3/gpio_default_value[4]/HI)
582.  gpio_defaults_block_3/gpio_defaults_high[8] (driver: pin gpio_defaults_block_3/gpio_default_value[8]/HI)
583.  gpio_defaults_block_3/gpio_defaults_high[11] (driver: pin gpio_defaults_block_3/gpio_default_value[11]/HI)
584.  gpio_defaults_block_4/gpio_defaults_high[3] (driver: pin gpio_defaults_block_4/gpio_default_value[3]/HI)
585.  gpio_defaults_block_4/gpio_defaults_high[7] (driver: pin gpio_defaults_block_4/gpio_default_value[7]/HI)
586.  gpio_defaults_block_4/gpio_defaults_high[2] (driver: pin gpio_defaults_block_4/gpio_default_value[2]/HI)
587.  gpio_defaults_block_4/gpio_defaults_low[1] (driver: pin gpio_defaults_block_4/gpio_default_value[1]/LO)
588.  gpio_defaults_block_4/gpio_defaults_high[6] (driver: pin gpio_defaults_block_4/gpio_default_value[6]/HI)
589.  gpio_defaults_block_4/gpio_defaults_high[5] (driver: pin gpio_defaults_block_4/gpio_default_value[5]/HI)
590.  gpio_defaults_block_4/gpio_defaults_high[9] (driver: pin gpio_defaults_block_4/gpio_default_value[9]/HI)
591.  gpio_defaults_block_4/gpio_defaults_high[12] (driver: pin gpio_defaults_block_4/gpio_default_value[12]/HI)
592.  gpio_defaults_block_4/gpio_defaults_high[0] (driver: pin gpio_defaults_block_4/gpio_default_value[0]/HI)
593.  gpio_defaults_block_4/gpio_defaults_low[10] (driver: pin gpio_defaults_block_4/gpio_default_value[10]/LO)
594.  gpio_defaults_block_4/gpio_defaults_high[4] (driver: pin gpio_defaults_block_4/gpio_default_value[4]/HI)
595.  gpio_defaults_block_4/gpio_defaults_high[8] (driver: pin gpio_defaults_block_4/gpio_default_value[8]/HI)
596.  gpio_defaults_block_4/gpio_defaults_high[11] (driver: pin gpio_defaults_block_4/gpio_default_value[11]/HI)
597.  gpio_defaults_block_5/gpio_defaults_high[3] (driver: pin gpio_defaults_block_5/gpio_default_value[3]/HI)
598.  gpio_defaults_block_5/gpio_defaults_high[7] (driver: pin gpio_defaults_block_5/gpio_default_value[7]/HI)
599.  gpio_defaults_block_5/gpio_defaults_high[2] (driver: pin gpio_defaults_block_5/gpio_default_value[2]/HI)
600.  gpio_defaults_block_5/gpio_defaults_low[1] (driver: pin gpio_defaults_block_5/gpio_default_value[1]/LO)
601.  gpio_defaults_block_5/gpio_defaults_high[6] (driver: pin gpio_defaults_block_5/gpio_default_value[6]/HI)
602.  gpio_defaults_block_5/gpio_defaults_high[5] (driver: pin gpio_defaults_block_5/gpio_default_value[5]/HI)
603.  gpio_defaults_block_5/gpio_defaults_high[9] (driver: pin gpio_defaults_block_5/gpio_default_value[9]/HI)
604.  gpio_defaults_block_5/gpio_defaults_high[12] (driver: pin gpio_defaults_block_5/gpio_default_value[12]/HI)
605.  gpio_defaults_block_5/gpio_defaults_high[0] (driver: pin gpio_defaults_block_5/gpio_default_value[0]/HI)
606.  gpio_defaults_block_5/gpio_defaults_low[10] (driver: pin gpio_defaults_block_5/gpio_default_value[10]/LO)
607.  gpio_defaults_block_5/gpio_defaults_high[4] (driver: pin gpio_defaults_block_5/gpio_default_value[4]/HI)
608.  gpio_defaults_block_5/gpio_defaults_high[8] (driver: pin gpio_defaults_block_5/gpio_default_value[8]/HI)
609.  gpio_defaults_block_5/gpio_defaults_high[11] (driver: pin gpio_defaults_block_5/gpio_default_value[11]/HI)
610.  gpio_defaults_block_6/gpio_defaults_high[3] (driver: pin gpio_defaults_block_6/gpio_default_value[3]/HI)
611.  gpio_defaults_block_6/gpio_defaults_high[7] (driver: pin gpio_defaults_block_6/gpio_default_value[7]/HI)
612.  gpio_defaults_block_6/gpio_defaults_high[2] (driver: pin gpio_defaults_block_6/gpio_default_value[2]/HI)
613.  gpio_defaults_block_6/gpio_defaults_low[1] (driver: pin gpio_defaults_block_6/gpio_default_value[1]/LO)
614.  gpio_defaults_block_6/gpio_defaults_high[6] (driver: pin gpio_defaults_block_6/gpio_default_value[6]/HI)
615.  gpio_defaults_block_6/gpio_defaults_high[5] (driver: pin gpio_defaults_block_6/gpio_default_value[5]/HI)
616.  gpio_defaults_block_6/gpio_defaults_high[9] (driver: pin gpio_defaults_block_6/gpio_default_value[9]/HI)
617.  gpio_defaults_block_6/gpio_defaults_high[12] (driver: pin gpio_defaults_block_6/gpio_default_value[12]/HI)
618.  gpio_defaults_block_6/gpio_defaults_high[0] (driver: pin gpio_defaults_block_6/gpio_default_value[0]/HI)
619.  gpio_defaults_block_6/gpio_defaults_low[10] (driver: pin gpio_defaults_block_6/gpio_default_value[10]/LO)
620.  gpio_defaults_block_6/gpio_defaults_high[4] (driver: pin gpio_defaults_block_6/gpio_default_value[4]/HI)
621.  gpio_defaults_block_6/gpio_defaults_high[8] (driver: pin gpio_defaults_block_6/gpio_default_value[8]/HI)
622.  gpio_defaults_block_6/gpio_defaults_high[11] (driver: pin gpio_defaults_block_6/gpio_default_value[11]/HI)
623.  gpio_defaults_block_7/gpio_defaults_high[3] (driver: pin gpio_defaults_block_7/gpio_default_value[3]/HI)
624.  gpio_defaults_block_7/gpio_defaults_high[7] (driver: pin gpio_defaults_block_7/gpio_default_value[7]/HI)
625.  gpio_defaults_block_7/gpio_defaults_high[2] (driver: pin gpio_defaults_block_7/gpio_default_value[2]/HI)
626.  gpio_defaults_block_7/gpio_defaults_low[1] (driver: pin gpio_defaults_block_7/gpio_default_value[1]/LO)
627.  gpio_defaults_block_7/gpio_defaults_high[6] (driver: pin gpio_defaults_block_7/gpio_default_value[6]/HI)
628.  gpio_defaults_block_7/gpio_defaults_high[5] (driver: pin gpio_defaults_block_7/gpio_default_value[5]/HI)
629.  gpio_defaults_block_7/gpio_defaults_high[9] (driver: pin gpio_defaults_block_7/gpio_default_value[9]/HI)
630.  gpio_defaults_block_7/gpio_defaults_high[12] (driver: pin gpio_defaults_block_7/gpio_default_value[12]/HI)
631.  gpio_defaults_block_7/gpio_defaults_high[0] (driver: pin gpio_defaults_block_7/gpio_default_value[0]/HI)
632.  gpio_defaults_block_7/gpio_defaults_low[10] (driver: pin gpio_defaults_block_7/gpio_default_value[10]/LO)
633.  gpio_defaults_block_7/gpio_defaults_high[4] (driver: pin gpio_defaults_block_7/gpio_default_value[4]/HI)
634.  gpio_defaults_block_7/gpio_defaults_high[8] (driver: pin gpio_defaults_block_7/gpio_default_value[8]/HI)
635.  gpio_defaults_block_7/gpio_defaults_high[11] (driver: pin gpio_defaults_block_7/gpio_default_value[11]/HI)
636.  gpio_defaults_block_8/gpio_defaults_high[3] (driver: pin gpio_defaults_block_8/gpio_default_value[3]/HI)
637.  gpio_defaults_block_8/gpio_defaults_high[7] (driver: pin gpio_defaults_block_8/gpio_default_value[7]/HI)
638.  gpio_defaults_block_8/gpio_defaults_high[2] (driver: pin gpio_defaults_block_8/gpio_default_value[2]/HI)
639.  gpio_defaults_block_8/gpio_defaults_low[1] (driver: pin gpio_defaults_block_8/gpio_default_value[1]/LO)
640.  gpio_defaults_block_8/gpio_defaults_high[6] (driver: pin gpio_defaults_block_8/gpio_default_value[6]/HI)
641.  gpio_defaults_block_8/gpio_defaults_high[5] (driver: pin gpio_defaults_block_8/gpio_default_value[5]/HI)
642.  gpio_defaults_block_8/gpio_defaults_high[9] (driver: pin gpio_defaults_block_8/gpio_default_value[9]/HI)
643.  gpio_defaults_block_8/gpio_defaults_high[12] (driver: pin gpio_defaults_block_8/gpio_default_value[12]/HI)
644.  gpio_defaults_block_8/gpio_defaults_high[0] (driver: pin gpio_defaults_block_8/gpio_default_value[0]/HI)
645.  gpio_defaults_block_8/gpio_defaults_low[10] (driver: pin gpio_defaults_block_8/gpio_default_value[10]/LO)
646.  gpio_defaults_block_8/gpio_defaults_high[4] (driver: pin gpio_defaults_block_8/gpio_default_value[4]/HI)
647.  gpio_defaults_block_8/gpio_defaults_high[8] (driver: pin gpio_defaults_block_8/gpio_default_value[8]/HI)
648.  gpio_defaults_block_8/gpio_defaults_high[11] (driver: pin gpio_defaults_block_8/gpio_default_value[11]/HI)
649.  gpio_defaults_block_9/gpio_defaults_high[3] (driver: pin gpio_defaults_block_9/gpio_default_value[3]/HI)
650.  gpio_defaults_block_9/gpio_defaults_high[7] (driver: pin gpio_defaults_block_9/gpio_default_value[7]/HI)
651.  gpio_defaults_block_9/gpio_defaults_high[2] (driver: pin gpio_defaults_block_9/gpio_default_value[2]/HI)
652.  gpio_defaults_block_9/gpio_defaults_low[1] (driver: pin gpio_defaults_block_9/gpio_default_value[1]/LO)
653.  gpio_defaults_block_9/gpio_defaults_high[6] (driver: pin gpio_defaults_block_9/gpio_default_value[6]/HI)
654.  gpio_defaults_block_9/gpio_defaults_high[5] (driver: pin gpio_defaults_block_9/gpio_default_value[5]/HI)
655.  gpio_defaults_block_9/gpio_defaults_high[9] (driver: pin gpio_defaults_block_9/gpio_default_value[9]/HI)
656.  gpio_defaults_block_9/gpio_defaults_high[12] (driver: pin gpio_defaults_block_9/gpio_default_value[12]/HI)
657.  gpio_defaults_block_9/gpio_defaults_high[0] (driver: pin gpio_defaults_block_9/gpio_default_value[0]/HI)
658.  gpio_defaults_block_9/gpio_defaults_low[10] (driver: pin gpio_defaults_block_9/gpio_default_value[10]/LO)
659.  gpio_defaults_block_9/gpio_defaults_high[4] (driver: pin gpio_defaults_block_9/gpio_default_value[4]/HI)
660.  gpio_defaults_block_9/gpio_defaults_high[8] (driver: pin gpio_defaults_block_9/gpio_default_value[8]/HI)
661.  gpio_defaults_block_9/gpio_defaults_high[11] (driver: pin gpio_defaults_block_9/gpio_default_value[11]/HI)
662.  _16047_ (driver: pin _39347_/Q_N)
663.  _16048_ (driver: pin _39346_/Q_N)
664.  _16049_ (driver: pin _39345_/Q_N)
665.  _16050_ (driver: pin _39344_/Q_N)
666.  _16051_ (driver: pin _39343_/Q_N)
667.  _16052_ (driver: pin _39342_/Q_N)
668.  _16053_ (driver: pin _39341_/Q_N)
669.  _16054_ (driver: pin _39340_/Q_N)
670.  _16055_ (driver: pin _39338_/Q_N)
671.  _16056_ (driver: pin _39337_/Q_N)
672.  _16057_ (driver: pin _39336_/Q_N)
673.  _16058_ (driver: pin _39320_/Q_N)
674.  _16059_ (driver: pin _39319_/Q_N)
675.  _16060_ (driver: pin _39318_/Q_N)
676.  _16061_ (driver: pin _39317_/Q_N)
677.  _16062_ (driver: pin _39316_/Q_N)
678.  _16063_ (driver: pin _39315_/Q_N)
679.  _16064_ (driver: pin _39314_/Q_N)
680.  _16065_ (driver: pin _39313_/Q_N)
681.  _16066_ (driver: pin _39311_/Q_N)
682.  _16067_ (driver: pin _39310_/Q_N)
683.  _16068_ (driver: pin _39309_/Q_N)
684.  _16069_ (driver: pin _39293_/Q_N)
685.  _16070_ (driver: pin _39292_/Q_N)
686.  _16071_ (driver: pin _39291_/Q_N)
687.  _16072_ (driver: pin _39290_/Q_N)
688.  _16073_ (driver: pin _39289_/Q_N)
689.  _16074_ (driver: pin _39288_/Q_N)
690.  _16075_ (driver: pin _39287_/Q_N)
691.  _16076_ (driver: pin _39286_/Q_N)
692.  _16077_ (driver: pin _39284_/Q_N)
693.  _16078_ (driver: pin _39283_/Q_N)
694.  _16079_ (driver: pin _39282_/Q_N)
695.  _16080_ (driver: pin _39266_/Q_N)
696.  _16081_ (driver: pin _39265_/Q_N)
697.  _16082_ (driver: pin _39264_/Q_N)
698.  _16083_ (driver: pin _39263_/Q_N)
699.  _16084_ (driver: pin _39262_/Q_N)
700.  _16085_ (driver: pin _39261_/Q_N)
701.  _16086_ (driver: pin _39260_/Q_N)
702.  _16087_ (driver: pin _39259_/Q_N)
703.  _16088_ (driver: pin _39257_/Q_N)
704.  _16089_ (driver: pin _39256_/Q_N)
705.  _16090_ (driver: pin _39255_/Q_N)
706.  _16091_ (driver: pin _39239_/Q_N)
707.  _16092_ (driver: pin _39238_/Q_N)
708.  _16093_ (driver: pin _39237_/Q_N)
709.  _16094_ (driver: pin _39236_/Q_N)
710.  _16095_ (driver: pin _39235_/Q_N)
711.  _16096_ (driver: pin _39234_/Q_N)
712.  _16097_ (driver: pin _39233_/Q_N)
713.  _16098_ (driver: pin _39232_/Q_N)
714.  _16099_ (driver: pin _39230_/Q_N)
715.  _16100_ (driver: pin _39229_/Q_N)
716.  _16101_ (driver: pin _39228_/Q_N)
717.  _16102_ (driver: pin _39212_/Q_N)
718.  _16103_ (driver: pin _39211_/Q_N)
719.  _16104_ (driver: pin _39210_/Q_N)
720.  _16105_ (driver: pin _39209_/Q_N)
721.  _16106_ (driver: pin _39208_/Q_N)
722.  _16107_ (driver: pin _39207_/Q_N)
723.  _16108_ (driver: pin _39206_/Q_N)
724.  _16109_ (driver: pin _39205_/Q_N)
725.  _16110_ (driver: pin _39203_/Q_N)
726.  _16111_ (driver: pin _39202_/Q_N)
727.  _16112_ (driver: pin _39201_/Q_N)
728.  _16113_ (driver: pin _39185_/Q_N)
729.  _16114_ (driver: pin _39184_/Q_N)
730.  _16115_ (driver: pin _39183_/Q_N)
731.  _16116_ (driver: pin _39182_/Q_N)
732.  _16117_ (driver: pin _39181_/Q_N)
733.  _16118_ (driver: pin _39180_/Q_N)
734.  _16119_ (driver: pin _39179_/Q_N)
735.  _16120_ (driver: pin _39178_/Q_N)
736.  _16121_ (driver: pin _39176_/Q_N)
737.  _16122_ (driver: pin _39175_/Q_N)
738.  _16123_ (driver: pin _39174_/Q_N)
739.  _16124_ (driver: pin _39158_/Q_N)
740.  _16125_ (driver: pin _39157_/Q_N)
741.  _16126_ (driver: pin _39156_/Q_N)
742.  _16127_ (driver: pin _39155_/Q_N)
743.  _16128_ (driver: pin _39154_/Q_N)
744.  _16129_ (driver: pin _39153_/Q_N)
745.  _16130_ (driver: pin _39152_/Q_N)
746.  _16131_ (driver: pin _39151_/Q_N)
747.  _16132_ (driver: pin _39149_/Q_N)
748.  _16133_ (driver: pin _39148_/Q_N)
749.  _16134_ (driver: pin _39147_/Q_N)
750.  _16135_ (driver: pin _39131_/Q_N)
751.  _16136_ (driver: pin _39130_/Q_N)
752.  _16137_ (driver: pin _39129_/Q_N)
753.  _16138_ (driver: pin _39128_/Q_N)
754.  _16139_ (driver: pin _39127_/Q_N)
755.  _16140_ (driver: pin _39126_/Q_N)
756.  _16141_ (driver: pin _39125_/Q_N)
757.  _16142_ (driver: pin _39124_/Q_N)
758.  _16143_ (driver: pin _39122_/Q_N)
759.  _16144_ (driver: pin _39121_/Q_N)
760.  _16145_ (driver: pin _39120_/Q_N)
761.  _16146_ (driver: pin _39104_/Q_N)
762.  _16147_ (driver: pin _39103_/Q_N)
763.  _16148_ (driver: pin _39102_/Q_N)
764.  _16149_ (driver: pin _39101_/Q_N)
765.  _16150_ (driver: pin _39100_/Q_N)
766.  _16151_ (driver: pin _39099_/Q_N)
767.  _16152_ (driver: pin _39098_/Q_N)
768.  _16153_ (driver: pin _39097_/Q_N)
769.  _16154_ (driver: pin _39095_/Q_N)
770.  _16155_ (driver: pin _39094_/Q_N)
771.  _16156_ (driver: pin _39093_/Q_N)
772.  _16157_ (driver: pin _39077_/Q_N)
773.  _16158_ (driver: pin _39076_/Q_N)
774.  _16159_ (driver: pin _39075_/Q_N)
775.  _16160_ (driver: pin _39074_/Q_N)
776.  _16161_ (driver: pin _39073_/Q_N)
777.  _16162_ (driver: pin _39072_/Q_N)
778.  _16163_ (driver: pin _39071_/Q_N)
779.  _16164_ (driver: pin _39070_/Q_N)
780.  _16165_ (driver: pin _39068_/Q_N)
781.  _16166_ (driver: pin _39067_/Q_N)
782.  _16167_ (driver: pin _39066_/Q_N)
783.  _16168_ (driver: pin _39050_/Q_N)
784.  _16169_ (driver: pin _39049_/Q_N)
785.  _16170_ (driver: pin _39048_/Q_N)
786.  _16171_ (driver: pin _39047_/Q_N)
787.  _16172_ (driver: pin _39046_/Q_N)
788.  _16173_ (driver: pin _39045_/Q_N)
789.  _16174_ (driver: pin _39044_/Q_N)
790.  _16175_ (driver: pin _39043_/Q_N)
791.  _16176_ (driver: pin _39041_/Q_N)
792.  _16177_ (driver: pin _39040_/Q_N)
793.  _16178_ (driver: pin _39039_/Q_N)
794.  _16179_ (driver: pin _39023_/Q_N)
795.  _16180_ (driver: pin _39022_/Q_N)
796.  _16181_ (driver: pin _39021_/Q_N)
797.  _16182_ (driver: pin _39020_/Q_N)
798.  _16183_ (driver: pin _39019_/Q_N)
799.  _16184_ (driver: pin _39018_/Q_N)
800.  _16185_ (driver: pin _39017_/Q_N)
801.  _16186_ (driver: pin _39016_/Q_N)
802.  _16187_ (driver: pin _39014_/Q_N)
803.  _16188_ (driver: pin _39013_/Q_N)
804.  _16189_ (driver: pin _39012_/Q_N)
805.  _16190_ (driver: pin _38996_/Q_N)
806.  _16191_ (driver: pin _38995_/Q_N)
807.  _16192_ (driver: pin _38994_/Q_N)
808.  _16193_ (driver: pin _38993_/Q_N)
809.  _16194_ (driver: pin _38992_/Q_N)
810.  _16195_ (driver: pin _38991_/Q_N)
811.  _16196_ (driver: pin _38990_/Q_N)
812.  _16197_ (driver: pin _38989_/Q_N)
813.  _16198_ (driver: pin _38987_/Q_N)
814.  _16199_ (driver: pin _38986_/Q_N)
815.  _16200_ (driver: pin _38985_/Q_N)
816.  _16201_ (driver: pin _38969_/Q_N)
817.  _16202_ (driver: pin _38968_/Q_N)
818.  _16203_ (driver: pin _38967_/Q_N)
819.  _16204_ (driver: pin _38966_/Q_N)
820.  _16205_ (driver: pin _38965_/Q_N)
821.  _16206_ (driver: pin _38964_/Q_N)
822.  _16207_ (driver: pin _38963_/Q_N)
823.  _16208_ (driver: pin _38962_/Q_N)
824.  _16209_ (driver: pin _38960_/Q_N)
825.  _16210_ (driver: pin _38959_/Q_N)
826.  _16211_ (driver: pin _38958_/Q_N)
827.  _16212_ (driver: pin _38943_/Q_N)
828.  _16213_ (driver: pin _38942_/Q_N)
829.  _16214_ (driver: pin _38941_/Q_N)
830.  _16215_ (driver: pin _38940_/Q_N)
831.  _16216_ (driver: pin _38939_/Q_N)
832.  _16217_ (driver: pin _38938_/Q_N)
833.  _16218_ (driver: pin _38937_/Q_N)
834.  _16219_ (driver: pin _38936_/Q_N)
835.  _16220_ (driver: pin _38934_/Q_N)
836.  _16221_ (driver: pin _38933_/Q_N)
837.  _16222_ (driver: pin _38932_/Q_N)
838.  _16223_ (driver: pin _38916_/Q_N)
839.  _16224_ (driver: pin _38915_/Q_N)
840.  _16225_ (driver: pin _38914_/Q_N)
841.  _16226_ (driver: pin _38913_/Q_N)
842.  _16227_ (driver: pin _38912_/Q_N)
843.  _16228_ (driver: pin _38911_/Q_N)
844.  _16229_ (driver: pin _38910_/Q_N)
845.  _16230_ (driver: pin _38909_/Q_N)
846.  _16231_ (driver: pin _38907_/Q_N)
847.  _16232_ (driver: pin _38906_/Q_N)
848.  _16233_ (driver: pin _38905_/Q_N)
849.  _16234_ (driver: pin _38889_/Q_N)
850.  _16235_ (driver: pin _38888_/Q_N)
851.  _16236_ (driver: pin _38887_/Q_N)
852.  _16237_ (driver: pin _38886_/Q_N)
853.  _16238_ (driver: pin _38885_/Q_N)
854.  _16239_ (driver: pin _38884_/Q_N)
855.  _16240_ (driver: pin _38883_/Q_N)
856.  _16241_ (driver: pin _38882_/Q_N)
857.  _16242_ (driver: pin _38880_/Q_N)
858.  _16243_ (driver: pin _38879_/Q_N)
859.  _16244_ (driver: pin _38878_/Q_N)
860.  _16245_ (driver: pin _38862_/Q_N)
861.  _16246_ (driver: pin _38861_/Q_N)
862.  _16247_ (driver: pin _38860_/Q_N)
863.  _16248_ (driver: pin _38859_/Q_N)
864.  _16249_ (driver: pin _38858_/Q_N)
865.  _16250_ (driver: pin _38857_/Q_N)
866.  _16251_ (driver: pin _38856_/Q_N)
867.  _16252_ (driver: pin _38855_/Q_N)
868.  _16253_ (driver: pin _38853_/Q_N)
869.  _16254_ (driver: pin _38852_/Q_N)
870.  _16255_ (driver: pin _38851_/Q_N)
871.  _16256_ (driver: pin _38836_/Q_N)
872.  _16257_ (driver: pin _38835_/Q_N)
873.  _16258_ (driver: pin _38834_/Q_N)
874.  _16259_ (driver: pin _38833_/Q_N)
875.  _16260_ (driver: pin _38832_/Q_N)
876.  _16261_ (driver: pin _38831_/Q_N)
877.  _16262_ (driver: pin _38830_/Q_N)
878.  _16263_ (driver: pin _38829_/Q_N)
879.  _16264_ (driver: pin _38827_/Q_N)
880.  _16265_ (driver: pin _38826_/Q_N)
881.  _16266_ (driver: pin _38825_/Q_N)
882.  _16267_ (driver: pin _38809_/Q_N)
883.  _16268_ (driver: pin _38808_/Q_N)
884.  _16269_ (driver: pin _38807_/Q_N)
885.  _16270_ (driver: pin _38806_/Q_N)
886.  _16271_ (driver: pin _38805_/Q_N)
887.  _16272_ (driver: pin _38804_/Q_N)
888.  _16273_ (driver: pin _38803_/Q_N)
889.  _16274_ (driver: pin _38802_/Q_N)
890.  _16275_ (driver: pin _38800_/Q_N)
891.  _16276_ (driver: pin _38799_/Q_N)
892.  _16277_ (driver: pin _38798_/Q_N)
893.  _16278_ (driver: pin _38782_/Q_N)
894.  _16279_ (driver: pin _38781_/Q_N)
895.  _16280_ (driver: pin _38780_/Q_N)
896.  _16281_ (driver: pin _38779_/Q_N)
897.  _16282_ (driver: pin _38778_/Q_N)
898.  _16283_ (driver: pin _38777_/Q_N)
899.  _16284_ (driver: pin _38776_/Q_N)
900.  _16285_ (driver: pin _38775_/Q_N)
901.  _16286_ (driver: pin _38773_/Q_N)
902.  _16287_ (driver: pin _38772_/Q_N)
903.  _16288_ (driver: pin _38771_/Q_N)
904.  _16289_ (driver: pin _38755_/Q_N)
905.  _16290_ (driver: pin _38754_/Q_N)
906.  _16291_ (driver: pin _38753_/Q_N)
907.  _16292_ (driver: pin _38752_/Q_N)
908.  _16293_ (driver: pin _38751_/Q_N)
909.  _16294_ (driver: pin _38750_/Q_N)
910.  _16295_ (driver: pin _38749_/Q_N)
911.  _16296_ (driver: pin _38748_/Q_N)
912.  _16297_ (driver: pin _38746_/Q_N)
913.  _16298_ (driver: pin _38745_/Q_N)
914.  _16299_ (driver: pin _38744_/Q_N)
915.  _16300_ (driver: pin _38728_/Q_N)
916.  _16301_ (driver: pin _38727_/Q_N)
917.  _16302_ (driver: pin _38726_/Q_N)
918.  _16303_ (driver: pin _38725_/Q_N)
919.  _16304_ (driver: pin _38724_/Q_N)
920.  _16305_ (driver: pin _38723_/Q_N)
921.  _16306_ (driver: pin _38722_/Q_N)
922.  _16307_ (driver: pin _38721_/Q_N)
923.  _16308_ (driver: pin _38719_/Q_N)
924.  _16309_ (driver: pin _38718_/Q_N)
925.  _16310_ (driver: pin _38717_/Q_N)
926.  _16311_ (driver: pin _38701_/Q_N)
927.  _16312_ (driver: pin _38700_/Q_N)
928.  _16313_ (driver: pin _38699_/Q_N)
929.  _16314_ (driver: pin _38698_/Q_N)
930.  _16315_ (driver: pin _38697_/Q_N)
931.  _16316_ (driver: pin _38696_/Q_N)
932.  _16317_ (driver: pin _38695_/Q_N)
933.  _16318_ (driver: pin _38694_/Q_N)
934.  _16319_ (driver: pin _38692_/Q_N)
935.  _16320_ (driver: pin _38691_/Q_N)
936.  _16321_ (driver: pin _38690_/Q_N)
937.  _16322_ (driver: pin _38674_/Q_N)
938.  _16323_ (driver: pin _38673_/Q_N)
939.  _16324_ (driver: pin _38672_/Q_N)
940.  _16325_ (driver: pin _38671_/Q_N)
941.  _16326_ (driver: pin _38670_/Q_N)
942.  _16327_ (driver: pin _38669_/Q_N)
943.  _16328_ (driver: pin _38668_/Q_N)
944.  _16329_ (driver: pin _38667_/Q_N)
945.  _16330_ (driver: pin _38665_/Q_N)
946.  _16331_ (driver: pin _38664_/Q_N)
947.  _16332_ (driver: pin _38663_/Q_N)
948.  _16333_ (driver: pin _38647_/Q_N)
949.  _16334_ (driver: pin _38646_/Q_N)
950.  _16335_ (driver: pin _38645_/Q_N)
951.  _16336_ (driver: pin _38644_/Q_N)
952.  _16337_ (driver: pin _38643_/Q_N)
953.  _16338_ (driver: pin _38642_/Q_N)
954.  _16339_ (driver: pin _38641_/Q_N)
955.  _16340_ (driver: pin _38640_/Q_N)
956.  _16341_ (driver: pin _38638_/Q_N)
957.  _16342_ (driver: pin _38637_/Q_N)
958.  _16343_ (driver: pin _38636_/Q_N)
959.  _16344_ (driver: pin _38620_/Q_N)
960.  _16345_ (driver: pin _38619_/Q_N)
961.  _16346_ (driver: pin _38618_/Q_N)
962.  _16347_ (driver: pin _38617_/Q_N)
963.  _16348_ (driver: pin _38616_/Q_N)
964.  _16349_ (driver: pin _38615_/Q_N)
965.  _16350_ (driver: pin _38614_/Q_N)
966.  _16351_ (driver: pin _38613_/Q_N)
967.  _16352_ (driver: pin _38611_/Q_N)
968.  _16353_ (driver: pin _38610_/Q_N)
969.  _16354_ (driver: pin _38609_/Q_N)
970.  _16355_ (driver: pin _38593_/Q_N)
971.  _16356_ (driver: pin _38592_/Q_N)
972.  _16357_ (driver: pin _38591_/Q_N)
973.  _16358_ (driver: pin _38590_/Q_N)
974.  _16359_ (driver: pin _38589_/Q_N)
975.  _16360_ (driver: pin _38588_/Q_N)
976.  _16361_ (driver: pin _38587_/Q_N)
977.  _16362_ (driver: pin _38586_/Q_N)
978.  _16363_ (driver: pin _38584_/Q_N)
979.  _16364_ (driver: pin _38583_/Q_N)
980.  _16365_ (driver: pin _38582_/Q_N)
981.  _16366_ (driver: pin _38566_/Q_N)
982.  _16367_ (driver: pin _38565_/Q_N)
983.  _16368_ (driver: pin _38564_/Q_N)
984.  _16369_ (driver: pin _38563_/Q_N)
985.  _16370_ (driver: pin _38562_/Q_N)
986.  _16371_ (driver: pin _38561_/Q_N)
987.  _16372_ (driver: pin _38560_/Q_N)
988.  _16373_ (driver: pin _38559_/Q_N)
989.  _16374_ (driver: pin _38557_/Q_N)
990.  _16375_ (driver: pin _38556_/Q_N)
991.  _16376_ (driver: pin _38555_/Q_N)
992.  _16377_ (driver: pin _38539_/Q_N)
993.  _16378_ (driver: pin _38538_/Q_N)
994.  _16379_ (driver: pin _38537_/Q_N)
995.  _16380_ (driver: pin _38536_/Q_N)
996.  _16381_ (driver: pin _38535_/Q_N)
997.  _16382_ (driver: pin _38534_/Q_N)
998.  _16383_ (driver: pin _38533_/Q_N)
999.  _16384_ (driver: pin _38532_/Q_N)
1000.  _16385_ (driver: pin _38530_/Q_N)
1001.  _16386_ (driver: pin _38529_/Q_N)
1002.  _16387_ (driver: pin _38528_/Q_N)
1003.  _16388_ (driver: pin _38512_/Q_N)
1004.  _16389_ (driver: pin _38511_/Q_N)
1005.  _16390_ (driver: pin _38510_/Q_N)
1006.  _16391_ (driver: pin _38509_/Q_N)
1007.  _16392_ (driver: pin _38508_/Q_N)
1008.  _16393_ (driver: pin _38507_/Q_N)
1009.  _16394_ (driver: pin _38506_/Q_N)
1010.  _16395_ (driver: pin _38505_/Q_N)
1011.  _16396_ (driver: pin _38503_/Q_N)
1012.  _16397_ (driver: pin _38502_/Q_N)
1013.  _16398_ (driver: pin _38501_/Q_N)
1014.  _16399_ (driver: pin _38485_/Q_N)
1015.  _16400_ (driver: pin _38484_/Q_N)
1016.  _16401_ (driver: pin _38483_/Q_N)
1017.  _16402_ (driver: pin _38482_/Q_N)
1018.  _16403_ (driver: pin _38481_/Q_N)
1019.  _16404_ (driver: pin _38480_/Q_N)
1020.  _16405_ (driver: pin _38479_/Q_N)
1021.  _16406_ (driver: pin _38478_/Q_N)
1022.  _16407_ (driver: pin _38476_/Q_N)
1023.  _16408_ (driver: pin _38475_/Q_N)
1024.  _16409_ (driver: pin _38474_/Q_N)
1025.  _16410_ (driver: pin _38458_/Q_N)
1026.  _16411_ (driver: pin _38457_/Q_N)
1027.  _16412_ (driver: pin _38456_/Q_N)
1028.  _16413_ (driver: pin _38455_/Q_N)
1029.  _16414_ (driver: pin _38454_/Q_N)
1030.  _16415_ (driver: pin _38453_/Q_N)
1031.  _16416_ (driver: pin _38452_/Q_N)
1032.  _16417_ (driver: pin _38451_/Q_N)
1033.  _16418_ (driver: pin _38449_/Q_N)
1034.  _16419_ (driver: pin _38448_/Q_N)
1035.  _16420_ (driver: pin _38447_/Q_N)
1036.  _16421_ (driver: pin _38431_/Q_N)
1037.  _16422_ (driver: pin _38430_/Q_N)
1038.  _16423_ (driver: pin _38429_/Q_N)
1039.  _16424_ (driver: pin _38428_/Q_N)
1040.  _16425_ (driver: pin _38427_/Q_N)
1041.  _16426_ (driver: pin _38426_/Q_N)
1042.  _16427_ (driver: pin _38425_/Q_N)
1043.  _16428_ (driver: pin _38424_/Q_N)
1044.  _16429_ (driver: pin _38422_/Q_N)
1045.  _16430_ (driver: pin _38421_/Q_N)
1046.  _16431_ (driver: pin _38420_/Q_N)
1047.  _16432_ (driver: pin _38404_/Q_N)
1048.  _16433_ (driver: pin _38403_/Q_N)
1049.  _16434_ (driver: pin _38402_/Q_N)
1050.  _16435_ (driver: pin _38401_/Q_N)
1051.  _16436_ (driver: pin _38400_/Q_N)
1052.  _16437_ (driver: pin _38399_/Q_N)
1053.  _16438_ (driver: pin _38398_/Q_N)
1054.  _16439_ (driver: pin _38397_/Q_N)
1055.  _16440_ (driver: pin _38395_/Q_N)
1056.  _16441_ (driver: pin _38394_/Q_N)
1057.  _16442_ (driver: pin _38393_/Q_N)
1058.  _16443_ (driver: pin _38377_/Q_N)
1059.  _16444_ (driver: pin _38376_/Q_N)
1060.  _16445_ (driver: pin _38375_/Q_N)
1061.  _16446_ (driver: pin _38374_/Q_N)
1062.  _16447_ (driver: pin _38373_/Q_N)
1063.  _16448_ (driver: pin _38372_/Q_N)
1064.  _16449_ (driver: pin _38371_/Q_N)
1065.  _16450_ (driver: pin _38370_/Q_N)
1066.  _16451_ (driver: pin _38368_/Q_N)
1067.  _16452_ (driver: pin _38367_/Q_N)
1068.  _16453_ (driver: pin _38366_/Q_N)
1069.  _16454_ (driver: pin _38350_/Q_N)
1070.  _16455_ (driver: pin _38349_/Q_N)
1071.  _16456_ (driver: pin _38348_/Q_N)
1072.  _16457_ (driver: pin _38347_/Q_N)
1073.  _16458_ (driver: pin _38346_/Q_N)
1074.  _16459_ (driver: pin _38345_/Q_N)
1075.  _16460_ (driver: pin _38344_/Q_N)
1076.  _16461_ (driver: pin _38343_/Q_N)
1077.  _16462_ (driver: pin _38341_/Q_N)
1078.  _16463_ (driver: pin _38340_/Q_N)
1079.  _16464_ (driver: pin _38339_/Q_N)
1080.  _16465_ (driver: pin _38351_/Q_N)
1081.  _16466_ (driver: pin _38378_/Q_N)
1082.  _16467_ (driver: pin _38405_/Q_N)
1083.  _16468_ (driver: pin _38432_/Q_N)
1084.  _16469_ (driver: pin _38459_/Q_N)
1085.  _16470_ (driver: pin _38486_/Q_N)
1086.  _16471_ (driver: pin _38513_/Q_N)
1087.  _16472_ (driver: pin _38540_/Q_N)
1088.  _16473_ (driver: pin _38567_/Q_N)
1089.  _16474_ (driver: pin _38594_/Q_N)
1090.  _16475_ (driver: pin _38621_/Q_N)
1091.  _16476_ (driver: pin _38648_/Q_N)
1092.  _16477_ (driver: pin _38675_/Q_N)
1093.  _16478_ (driver: pin _38702_/Q_N)
1094.  _16479_ (driver: pin _38729_/Q_N)
1095.  _16480_ (driver: pin _38756_/Q_N)
1096.  _16481_ (driver: pin _38783_/Q_N)
1097.  _16482_ (driver: pin _38810_/Q_N)
1098.  _16483_ (driver: pin _38837_/Q_N)
1099.  _16484_ (driver: pin _38863_/Q_N)
1100.  _16485_ (driver: pin _38890_/Q_N)
1101.  _16486_ (driver: pin _38917_/Q_N)
1102.  _16487_ (driver: pin _38944_/Q_N)
1103.  _16488_ (driver: pin _38970_/Q_N)
1104.  _16489_ (driver: pin _38997_/Q_N)
1105.  _16490_ (driver: pin _39024_/Q_N)
1106.  _16491_ (driver: pin _39051_/Q_N)
1107.  _16492_ (driver: pin _39078_/Q_N)
1108.  _16493_ (driver: pin _39105_/Q_N)
1109.  _16494_ (driver: pin _39132_/Q_N)
1110.  _16495_ (driver: pin _39159_/Q_N)
1111.  _16496_ (driver: pin _39186_/Q_N)
1112.  _16497_ (driver: pin _39213_/Q_N)
1113.  _16498_ (driver: pin _39240_/Q_N)
1114.  _16499_ (driver: pin _39267_/Q_N)
1115.  _16500_ (driver: pin _39294_/Q_N)
1116.  _16501_ (driver: pin _39321_/Q_N)
1117.  _16502_ (driver: pin _39348_/Q_N)
1118.  gpio_control_in_1[10].serial_clock_out (driver: pin gpio_control_in_1[10].BUF[2]/X)
1119.  gpio_control_in_1[10].serial_load_out (driver: pin gpio_control_in_1[10].BUF[0]/X)
1120.  gpio_control_in_1[10].resetn_out (driver: pin gpio_control_in_1[10].BUF[1]/X)
1121.  gpio_control_in_2[0].resetn_out (driver: pin gpio_control_in_2[0].BUF[1]/X)
1122.  gpio_control_in_2[0].serial_clock_out (driver: pin gpio_control_in_2[0].BUF[2]/X)
1123.  gpio_control_in_2[0].serial_load_out (driver: pin gpio_control_in_2[0].BUF[0]/X)
****************************************
Report : annotated_parasitics
	-check
	-internal_nets
	-boundary_nets
	-list_not_annotated
	-max_nets 5000
Design : caravel_core
Version: T-2022.03-SP3
Date   : Wed Apr 26 04:45:32 2023
****************************************

                    |         |         |         |   RC    | Coupled |   Not   |
Net Type            |  Total  | Lumped  |  RC pi  | network | network |Annotated|
--------------------+---------+---------+---------+---------+---------+---------+
Internal nets       |         |         |         |         |         |         |
  - Pin to pin nets |   73319 |       0 |       0 |     658 |   72661 |       0 |
  - Driverless nets |      73 |       0 |       0 |       2 |      44 |      27 |
  - Loadless nets   |    1201 |       0 |       0 |      12 |      93 |    1096 |
--------------------+---------+---------+---------+---------+---------+---------+
Boundary/port nets  |         |         |         |         |         |         |
  - Pin to pin nets |     620 |       0 |       0 |      13 |     607 |       0 |
  - Driverless nets |       1 |       0 |       0 |       0 |       1 |       0 |
  - Loadless nets   |       0 |       0 |       0 |       0 |       0 |       0 |
--------------------+---------+---------+---------+---------+---------+---------+
                    |   75214 |       0 |       0 |     685 |   73406 |    1123 |

