****************************************
Report : analysis_coverage
	-status_details {untested}
	-sort_by slack
Design : gpio_control_block
Version: T-2022.03-SP3
Date   : Tue Oct 18 15:39:59 2022
****************************************

Type of Check         Total              Met         Violated         Untested
--------------------------------------------------------------------------------
setup                    53        27 ( 51%)         0 (  0%)        26 ( 49%)
hold                     53        27 ( 51%)         0 (  0%)        26 ( 49%)
recovery                 40         0 (  0%)         0 (  0%)        40 (100%)
removal                  40         0 (  0%)         0 (  0%)        40 (100%)
min_pulse_width          94        54 ( 57%)         0 (  0%)        40 ( 43%)
out_setup                21        18 ( 86%)         0 (  0%)         3 ( 14%)
out_hold                 21        18 ( 86%)         0 (  0%)         3 ( 14%)
--------------------------------------------------------------------------------
All Checks              322       144 ( 45%)         0 (  0%)       178 ( 55%)


Constrained                  Related             Check
Pin                          Pin       Clock     Type         Slack  Reason
--------------------------------------------------------------------------------
one                          -         serial_clock out_hold untested no_paths
one                          -         serial_clock out_setup untested no_paths
zero                         -         serial_clock out_hold untested no_paths
zero                         -         serial_clock out_setup untested no_paths
_119_/RESET_B(low)           -         -         min_pulse_width untested no_clock
_119_/RESET_B(rise)          CLK(rise) serial_clock recovery untested no_startpoint_clock
_119_/RESET_B(rise)          CLK(rise) serial_clock removal untested no_startpoint_clock
_124_/RESET_B(low)           -         -         min_pulse_width untested no_clock
_124_/RESET_B(rise)          CLK(rise) serial_clock recovery untested no_startpoint_clock
_124_/RESET_B(rise)          CLK(rise) serial_clock removal untested no_startpoint_clock
_127_/RESET_B(low)           -         -         min_pulse_width untested no_clock
_127_/RESET_B(rise)          CLK(rise) serial_clock recovery untested no_startpoint_clock
_127_/RESET_B(rise)          CLK(rise) serial_clock removal untested no_startpoint_clock
_123_/RESET_B(low)           -         -         min_pulse_width untested no_clock
_123_/RESET_B(rise)          CLK(rise) serial_clock recovery untested no_startpoint_clock
_123_/RESET_B(rise)          CLK(rise) serial_clock removal untested no_startpoint_clock
_112_/SET_B(rise)            RESET_B(rise) serial_clock hold untested false_paths
_112_/SET_B(low)             -         -         min_pulse_width untested no_clock
_112_/SET_B(rise)            CLK_N(fall) serial_load recovery untested false_paths
_112_/SET_B(rise)            CLK_N(fall) serial_load removal untested false_paths
_112_/SET_B(rise)            RESET_B(rise) serial_clock setup untested false_paths
_112_/RESET_B(rise)          SET_B(rise) serial_clock hold untested  false_paths
_112_/RESET_B(low)           -         -         min_pulse_width untested no_clock
_112_/RESET_B(rise)          CLK_N(fall) serial_load recovery untested false_paths
_112_/RESET_B(rise)          CLK_N(fall) serial_load removal untested false_paths
_112_/RESET_B(rise)          SET_B(rise) serial_clock setup untested false_paths
_131_/RESET_B(low)           -         -         min_pulse_width untested no_clock
_131_/RESET_B(rise)          CLK(rise) serial_clock recovery untested no_startpoint_clock
_131_/RESET_B(rise)          CLK(rise) serial_clock removal untested no_startpoint_clock
_121_/RESET_B(low)           -         -         min_pulse_width untested no_clock
_121_/RESET_B(rise)          CLK(rise) serial_clock recovery untested no_startpoint_clock
_121_/RESET_B(rise)          CLK(rise) serial_clock removal untested no_startpoint_clock
_125_/RESET_B(low)           -         -         min_pulse_width untested no_clock
_125_/RESET_B(rise)          CLK(rise) serial_clock recovery untested no_startpoint_clock
_125_/RESET_B(rise)          CLK(rise) serial_clock removal untested no_startpoint_clock
_118_/SET_B(rise)            RESET_B(rise) serial_clock hold untested false_paths
_118_/SET_B(low)             -         -         min_pulse_width untested no_clock
_118_/SET_B(rise)            CLK_N(fall) serial_load recovery untested false_paths
_118_/SET_B(rise)            CLK_N(fall) serial_load removal untested false_paths
_118_/SET_B(rise)            RESET_B(rise) serial_clock setup untested false_paths
_118_/RESET_B(rise)          SET_B(rise) serial_clock hold untested  false_paths
_118_/RESET_B(low)           -         -         min_pulse_width untested no_clock
_118_/RESET_B(rise)          CLK_N(fall) serial_load recovery untested false_paths
_118_/RESET_B(rise)          CLK_N(fall) serial_load removal untested false_paths
_118_/RESET_B(rise)          SET_B(rise) serial_clock setup untested false_paths
_126_/RESET_B(low)           -         -         min_pulse_width untested no_clock
_126_/RESET_B(rise)          CLK(rise) serial_clock recovery untested no_startpoint_clock
_126_/RESET_B(rise)          CLK(rise) serial_clock removal untested no_startpoint_clock
_128_/RESET_B(low)           -         -         min_pulse_width untested no_clock
_128_/RESET_B(rise)          CLK(rise) serial_clock recovery untested no_startpoint_clock
_128_/RESET_B(rise)          CLK(rise) serial_clock removal untested no_startpoint_clock
_130_/RESET_B(low)           -         -         min_pulse_width untested no_clock
_130_/RESET_B(rise)          CLK(rise) serial_clock recovery untested no_startpoint_clock
_130_/RESET_B(rise)          CLK(rise) serial_clock removal untested no_startpoint_clock
_132_/RESET_B(low)           -         -         min_pulse_width untested no_clock
_132_/RESET_B(rise)          CLK(rise) serial_clock recovery untested no_startpoint_clock
_132_/RESET_B(rise)          CLK(rise) serial_clock removal untested no_startpoint_clock
_120_/RESET_B(low)           -         -         min_pulse_width untested no_clock
_120_/RESET_B(rise)          CLK(rise) serial_clock recovery untested no_startpoint_clock
_120_/RESET_B(rise)          CLK(rise) serial_clock removal untested no_startpoint_clock
_122_/RESET_B(low)           -         -         min_pulse_width untested no_clock
_122_/RESET_B(rise)          CLK(rise) serial_clock recovery untested no_startpoint_clock
_122_/RESET_B(rise)          CLK(rise) serial_clock removal untested no_startpoint_clock
_129_/RESET_B(low)           -         -         min_pulse_width untested no_clock
_129_/RESET_B(rise)          CLK(rise) serial_clock recovery untested no_startpoint_clock
_129_/RESET_B(rise)          CLK(rise) serial_clock removal untested no_startpoint_clock
_108_/SET_B(rise)            RESET_B(rise) serial_clock hold untested false_paths
_108_/SET_B(low)             -         -         min_pulse_width untested no_clock
_108_/SET_B(rise)            CLK_N(fall) serial_load recovery untested false_paths
_108_/SET_B(rise)            CLK_N(fall) serial_load removal untested false_paths
_108_/SET_B(rise)            RESET_B(rise) serial_clock setup untested false_paths
_108_/RESET_B(rise)          SET_B(rise) serial_clock hold untested  false_paths
_108_/RESET_B(low)           -         -         min_pulse_width untested no_clock
_108_/RESET_B(rise)          CLK_N(fall) serial_load recovery untested false_paths
_108_/RESET_B(rise)          CLK_N(fall) serial_load removal untested false_paths
_108_/RESET_B(rise)          SET_B(rise) serial_clock setup untested false_paths
_106_/SET_B(rise)            RESET_B(rise) serial_clock hold untested false_paths
_106_/SET_B(low)             -         -         min_pulse_width untested no_clock
_106_/SET_B(rise)            CLK_N(fall) serial_load recovery untested false_paths
_106_/SET_B(rise)            CLK_N(fall) serial_load removal untested false_paths
_106_/SET_B(rise)            RESET_B(rise) serial_clock setup untested false_paths
_106_/RESET_B(rise)          SET_B(rise) serial_clock hold untested  false_paths
_106_/RESET_B(low)           -         -         min_pulse_width untested no_clock
_106_/RESET_B(rise)          CLK_N(fall) serial_load recovery untested false_paths
_106_/RESET_B(rise)          CLK_N(fall) serial_load removal untested false_paths
_106_/RESET_B(rise)          SET_B(rise) serial_clock setup untested false_paths
_109_/SET_B(rise)            RESET_B(rise) serial_clock hold untested false_paths
_109_/SET_B(low)             -         -         min_pulse_width untested no_clock
_109_/SET_B(rise)            CLK_N(fall) serial_load recovery untested false_paths
_109_/SET_B(rise)            CLK_N(fall) serial_load removal untested false_paths
_109_/SET_B(rise)            RESET_B(rise) serial_clock setup untested false_paths
_109_/RESET_B(rise)          SET_B(rise) serial_clock hold untested  false_paths
_109_/RESET_B(low)           -         -         min_pulse_width untested no_clock
_109_/RESET_B(rise)          CLK_N(fall) serial_load recovery untested false_paths
_109_/RESET_B(rise)          CLK_N(fall) serial_load removal untested false_paths
_109_/RESET_B(rise)          SET_B(rise) serial_clock setup untested false_paths
_115_/SET_B(rise)            RESET_B(rise) serial_clock hold untested false_paths
_115_/SET_B(low)             -         -         min_pulse_width untested no_clock
_115_/SET_B(rise)            CLK_N(fall) serial_load recovery untested false_paths
_115_/SET_B(rise)            CLK_N(fall) serial_load removal untested false_paths
_115_/SET_B(rise)            RESET_B(rise) serial_clock setup untested false_paths
_115_/RESET_B(rise)          SET_B(rise) serial_clock hold untested  false_paths
_115_/RESET_B(low)           -         -         min_pulse_width untested no_clock
_115_/RESET_B(rise)          CLK_N(fall) serial_load recovery untested false_paths
_115_/RESET_B(rise)          CLK_N(fall) serial_load removal untested false_paths
_115_/RESET_B(rise)          SET_B(rise) serial_clock setup untested false_paths
_117_/SET_B(rise)            RESET_B(rise) serial_clock hold untested false_paths
_117_/SET_B(low)             -         -         min_pulse_width untested no_clock
_117_/SET_B(rise)            CLK_N(fall) serial_load recovery untested false_paths
_117_/SET_B(rise)            CLK_N(fall) serial_load removal untested false_paths
_117_/SET_B(rise)            RESET_B(rise) serial_clock setup untested false_paths
_117_/RESET_B(rise)          SET_B(rise) serial_clock hold untested  false_paths
_117_/RESET_B(low)           -         -         min_pulse_width untested no_clock
_117_/RESET_B(rise)          CLK_N(fall) serial_load recovery untested false_paths
_117_/RESET_B(rise)          CLK_N(fall) serial_load removal untested false_paths
_117_/RESET_B(rise)          SET_B(rise) serial_clock setup untested false_paths
_110_/SET_B(rise)            RESET_B(rise) serial_clock hold untested false_paths
_110_/SET_B(low)             -         -         min_pulse_width untested no_clock
_110_/SET_B(rise)            CLK_N(fall) serial_load recovery untested false_paths
_110_/SET_B(rise)            CLK_N(fall) serial_load removal untested false_paths
_110_/SET_B(rise)            RESET_B(rise) serial_clock setup untested false_paths
_110_/RESET_B(rise)          SET_B(rise) serial_clock hold untested  false_paths
_110_/RESET_B(low)           -         -         min_pulse_width untested no_clock
_110_/RESET_B(rise)          CLK_N(fall) serial_load recovery untested false_paths
_110_/RESET_B(rise)          CLK_N(fall) serial_load removal untested false_paths
_110_/RESET_B(rise)          SET_B(rise) serial_clock setup untested false_paths
_116_/SET_B(rise)            RESET_B(rise) serial_clock hold untested false_paths
_116_/SET_B(low)             -         -         min_pulse_width untested no_clock
_116_/SET_B(rise)            CLK_N(fall) serial_load recovery untested false_paths
_116_/SET_B(rise)            CLK_N(fall) serial_load removal untested false_paths
_116_/SET_B(rise)            RESET_B(rise) serial_clock setup untested false_paths
_116_/RESET_B(rise)          SET_B(rise) serial_clock hold untested  false_paths
_116_/RESET_B(low)           -         -         min_pulse_width untested no_clock
_116_/RESET_B(rise)          CLK_N(fall) serial_load recovery untested false_paths
_116_/RESET_B(rise)          CLK_N(fall) serial_load removal untested false_paths
_116_/RESET_B(rise)          SET_B(rise) serial_clock setup untested false_paths
_113_/SET_B(rise)            RESET_B(rise) serial_clock hold untested false_paths
_113_/SET_B(low)             -         -         min_pulse_width untested no_clock
_113_/SET_B(rise)            CLK_N(fall) serial_load recovery untested false_paths
_113_/SET_B(rise)            CLK_N(fall) serial_load removal untested false_paths
_113_/SET_B(rise)            RESET_B(rise) serial_clock setup untested false_paths
_113_/RESET_B(rise)          SET_B(rise) serial_clock hold untested  false_paths
_113_/RESET_B(low)           -         -         min_pulse_width untested no_clock
_113_/RESET_B(rise)          CLK_N(fall) serial_load recovery untested false_paths
_113_/RESET_B(rise)          CLK_N(fall) serial_load removal untested false_paths
_113_/RESET_B(rise)          SET_B(rise) serial_clock setup untested false_paths
_107_/SET_B(rise)            RESET_B(rise) serial_clock hold untested false_paths
_107_/SET_B(low)             -         -         min_pulse_width untested no_clock
_107_/SET_B(rise)            CLK_N(fall) serial_load recovery untested false_paths
_107_/SET_B(rise)            CLK_N(fall) serial_load removal untested false_paths
_107_/SET_B(rise)            RESET_B(rise) serial_clock setup untested false_paths
_107_/RESET_B(rise)          SET_B(rise) serial_clock hold untested  false_paths
_107_/RESET_B(low)           -         -         min_pulse_width untested no_clock
_107_/RESET_B(rise)          CLK_N(fall) serial_load recovery untested false_paths
_107_/RESET_B(rise)          CLK_N(fall) serial_load removal untested false_paths
_107_/RESET_B(rise)          SET_B(rise) serial_clock setup untested false_paths
_114_/SET_B(rise)            RESET_B(rise) serial_clock hold untested false_paths
_114_/SET_B(low)             -         -         min_pulse_width untested no_clock
_114_/SET_B(rise)            CLK_N(fall) serial_load recovery untested false_paths
_114_/SET_B(rise)            CLK_N(fall) serial_load removal untested false_paths
_114_/SET_B(rise)            RESET_B(rise) serial_clock setup untested false_paths
_114_/RESET_B(rise)          SET_B(rise) serial_clock hold untested  false_paths
_114_/RESET_B(low)           -         -         min_pulse_width untested no_clock
_114_/RESET_B(rise)          CLK_N(fall) serial_load recovery untested false_paths
_114_/RESET_B(rise)          CLK_N(fall) serial_load removal untested false_paths
_114_/RESET_B(rise)          SET_B(rise) serial_clock setup untested false_paths
_111_/SET_B(rise)            RESET_B(rise) serial_clock hold untested false_paths
_111_/SET_B(low)             -         -         min_pulse_width untested no_clock
_111_/SET_B(rise)            CLK_N(fall) serial_load recovery untested false_paths
_111_/SET_B(rise)            CLK_N(fall) serial_load removal untested false_paths
_111_/SET_B(rise)            RESET_B(rise) serial_clock setup untested false_paths
_111_/RESET_B(rise)          SET_B(rise) serial_clock hold untested  false_paths
_111_/RESET_B(low)           -         -         min_pulse_width untested no_clock
_111_/RESET_B(rise)          CLK_N(fall) serial_load recovery untested false_paths
_111_/RESET_B(rise)          CLK_N(fall) serial_load removal untested false_paths
_111_/RESET_B(rise)          SET_B(rise) serial_clock setup untested false_paths
resetn_out                   -         serial_clock out_hold untested no_startpoint_clock
resetn_out                   -         serial_clock out_setup untested no_startpoint_clock
1
