****************************************
Report : constraint
	-all_violators
	-path slack_only
Design : caravel
Version: T-2022.03-SP3
Date   : Sun Oct 30 12:35:30 2022
****************************************








   max_transition

                             Required        Actual
   Pin                      Transition     Transition        Slack
   -----------------------------------------------------------------
   soc/_25762_/A3             1.5000         1.5399        -0.0399  (VIOLATED)
   soc/ANTENNA__25762__A3/DIODE   1.5000     1.5398        -0.0398  (VIOLATED)
   soc/_25763_/A3             1.5000         1.5396        -0.0396  (VIOLATED)
   soc/ANTENNA__25763__A3/DIODE   1.5000     1.5396        -0.0396  (VIOLATED)
   soc/ANTENNA__27196__B/DIODE   1.5000      1.5396        -0.0396  (VIOLATED)
   soc/_27196_/B              1.5000         1.5396        -0.0396  (VIOLATED)
   soc/_27194_/D_N            1.5000         1.5226        -0.0226  (VIOLATED)
   soc/ANTENNA__27194__D_N/DIODE   1.5000    1.5226        -0.0226  (VIOLATED)
   soc/_27193_/A              1.5000         1.5225        -0.0225  (VIOLATED)
   soc/ANTENNA__27193__A/DIODE   1.5000      1.5225        -0.0225  (VIOLATED)
   soc/_32090_/Q              1.5107         1.5266        -0.0159  (VIOLATED)


1
