OpenROAD 4174c3ad802d2ac1d04d387d2c4b883903f6647e 
This program is licensed under the BSD-3 license. See the LICENSE file for details.
Components of this program may be licensed under more restrictive licenses which must be honored.
[INFO ODB-0222] Reading LEF file: /home/kareem_farid/caravel/openlane/caravel_clocking/runs/22_10_13_10_49/tmp/merged.nom.lef
[WARNING ODB-0220] WARNING (LEFPARS-2036): SOURCE statement is obsolete in version 5.6 and later.
The LEF parser will ignore this statement.
To avoid this warning in the future, remove this statement from the LEF file with version 5.6 or later. See file /home/kareem_farid/caravel/openlane/caravel_clocking/runs/22_10_13_10_49/tmp/merged.nom.lef at line 930.

[INFO ODB-0223]     Created 13 technology layers
[INFO ODB-0224]     Created 25 technology vias
[INFO ODB-0225]     Created 441 library cells
[INFO ODB-0226] Finished LEF file:  /home/kareem_farid/caravel/openlane/caravel_clocking/runs/22_10_13_10_49/tmp/merged.nom.lef
[INFO ODB-0127] Reading DEF file: /home/kareem_farid/caravel/openlane/caravel_clocking/runs/22_10_13_10_49/results/routing/caravel_clocking.def
[INFO ODB-0128] Design: caravel_clocking
[INFO ODB-0130]     Created 17 pins.
[INFO ODB-0131]     Created 734 components and 3799 component-terminals.
[INFO ODB-0132]     Created 2 special nets and 2622 connections.
[INFO ODB-0133]     Created 330 nets and 1176 connections.
[INFO ODB-0134] Finished DEF file: /home/kareem_farid/caravel/openlane/caravel_clocking/runs/22_10_13_10_49/results/routing/caravel_clocking.def
Top-level design name: caravel_clocking
Found default power net 'VPWR'
Found default ground net 'VGND'
Found 1 power ports.
Found 1 ground ports.
Modified power connections of 734/734 cells.
