Netgen 1.5.234 compiled on Sun Oct  9 10:24:01 UTC 2022
Warning: netgen command 'format' use fully-qualified name '::netgen::format'
Warning: netgen command 'global' use fully-qualified name '::netgen::global'
Generating JSON file result
Reading netlist file /home/kareem_farid/caravel/openlane/caravel_clocking/runs/22_10_13_10_49/results/signoff/caravel_clocking.spice
Reading netlist file /home/kareem_farid/caravel/openlane/caravel_clocking/runs/22_10_13_10_49/tmp/signoff/29-caravel_clocking.pnl.v
Warning:  A case-insensitive file has been read and so the	verilog file must be treated case-insensitive to match.
Creating placeholder cell definition for module sky130_fd_sc_hd__mux2_1.
Creating placeholder cell definition for module sky130_fd_sc_hd__clkinv_4.
Creating placeholder cell definition for module sky130_fd_sc_hd__inv_2.
Creating placeholder cell definition for module sky130_fd_sc_hd__clkinv_2.
Creating placeholder cell definition for module sky130_fd_sc_hd__inv_4.
Creating placeholder cell definition for module sky130_fd_sc_hd__nor2_1.
Creating placeholder cell definition for module sky130_fd_sc_hd__o21a_4.
Creating placeholder cell definition for module sky130_fd_sc_hd__o2111ai_4.
Creating placeholder cell definition for module sky130_fd_sc_hd__nor3b_2.
Creating placeholder cell definition for module sky130_fd_sc_hd__o2111a_1.
Creating placeholder cell definition for module sky130_fd_sc_hd__a41oi_1.
Creating placeholder cell definition for module sky130_fd_sc_hd__o21ai_1.
Creating placeholder cell definition for module sky130_fd_sc_hd__a31oi_2.
Creating placeholder cell definition for module sky130_fd_sc_hd__nand3b_1.
Creating placeholder cell definition for module sky130_fd_sc_hd__nand2_1.
Creating placeholder cell definition for module sky130_fd_sc_hd__or2_1.
Creating placeholder cell definition for module sky130_fd_sc_hd__nor3_2.
Creating placeholder cell definition for module sky130_fd_sc_hd__and2b_2.
Creating placeholder cell definition for module sky130_fd_sc_hd__a31o_2.
Creating placeholder cell definition for module sky130_fd_sc_hd__xnor2_1.
Creating placeholder cell definition for module sky130_fd_sc_hd__nor3_1.
Creating placeholder cell definition for module sky130_fd_sc_hd__o21a_1.
Creating placeholder cell definition for module sky130_fd_sc_hd__a21o_1.
Creating placeholder cell definition for module sky130_fd_sc_hd__or3_1.
Creating placeholder cell definition for module sky130_fd_sc_hd__o2111ai_1.
Creating placeholder cell definition for module sky130_fd_sc_hd__a21oi_1.
Creating placeholder cell definition for module sky130_fd_sc_hd__nand4b_1.
Creating placeholder cell definition for module sky130_fd_sc_hd__nand2b_1.
Creating placeholder cell definition for module sky130_fd_sc_hd__nand3_1.
Creating placeholder cell definition for module sky130_fd_sc_hd__and2_1.
Creating placeholder cell definition for module sky130_fd_sc_hd__o22a_1.
Creating placeholder cell definition for module sky130_fd_sc_hd__o31ai_1.
Creating placeholder cell definition for module sky130_fd_sc_hd__o21bai_1.
Creating placeholder cell definition for module sky130_fd_sc_hd__o31a_1.
Creating placeholder cell definition for module sky130_fd_sc_hd__nor4_1.
Creating placeholder cell definition for module sky130_fd_sc_hd__clkbuf_16.
Creating placeholder cell definition for module sky130_fd_sc_hd__dfstp_1.
Creating placeholder cell definition for module sky130_fd_sc_hd__dfrtp_1.
Creating placeholder cell definition for module sky130_fd_sc_hd__dfxtp_1.
Creating placeholder cell definition for module sky130_fd_sc_hd__dfrtn_1.
Creating placeholder cell definition for module sky130_fd_sc_hd__dfstp_2.
Creating placeholder cell definition for module sky130_fd_sc_hd__dfrtp_2.
Creating placeholder cell definition for module sky130_fd_sc_hd__dfrtp_4.
Creating placeholder cell definition for module sky130_fd_sc_hd__decap_3.
Creating placeholder cell definition for module sky130_fd_sc_hd__tapvpwrvgnd_1.
Creating placeholder cell definition for module sky130_fd_sc_hd__clkbuf_4.
Creating placeholder cell definition for module sky130_fd_sc_hd__clkbuf_2.
Creating placeholder cell definition for module sky130_fd_sc_hd__buf_12.
Creating placeholder cell definition for module sky130_fd_sc_hd__diode_2.
Creating placeholder cell definition for module sky130_fd_sc_hd__clkbuf_1.
Creating placeholder cell definition for module sky130_fd_sc_hd__buf_4.
Creating placeholder cell definition for module sky130_fd_sc_hd__buf_2.
Creating placeholder cell definition for module sky130_fd_sc_hd__conb_1.
Creating placeholder cell definition for module sky130_fd_sc_hd__decap_8.
Creating placeholder cell definition for module sky130_fd_sc_hd__fill_2.
Creating placeholder cell definition for module sky130_ef_sc_hd__decap_12.
Creating placeholder cell definition for module sky130_fd_sc_hd__decap_4.
Creating placeholder cell definition for module sky130_fd_sc_hd__fill_1.
Creating placeholder cell definition for module sky130_fd_sc_hd__decap_6.
Reading setup file /home/kareem_farid/caravel/deps/openlane-new/pdk/sky130A/libs.tech/netgen/sky130A_setup.tcl
Comparison output logged to file /home/kareem_farid/caravel/openlane/caravel_clocking/runs/22_10_13_10_49/logs/signoff/32-caravel_clocking.lef.log
Logging to file "/home/kareem_farid/caravel/openlane/caravel_clocking/runs/22_10_13_10_49/logs/signoff/32-caravel_clocking.lef.log" enabled
Circuit sky130_fd_sc_hd__tapvpwrvgnd_1 contains no devices.
Circuit sky130_fd_sc_hd__fill_1 contains no devices.
Circuit sky130_fd_sc_hd__a41oi_1 contains no devices.
Circuit sky130_fd_sc_hd__nand3b_1 contains no devices.
Circuit sky130_fd_sc_hd__dfstp_1 contains no devices.
Circuit sky130_fd_sc_hd__o21ai_1 contains no devices.
Circuit sky130_fd_sc_hd__o2111ai_4 contains no devices.
Circuit sky130_fd_sc_hd__or3_1 contains no devices.
Circuit sky130_fd_sc_hd__clkbuf_16 contains no devices.
Circuit sky130_fd_sc_hd__diode_2 contains no devices.
Circuit sky130_fd_sc_hd__fill_2 contains no devices.
Circuit sky130_fd_sc_hd__dfrtn_1 contains no devices.
Circuit sky130_fd_sc_hd__o2111a_1 contains no devices.
Circuit sky130_fd_sc_hd__o22a_1 contains no devices.
Circuit sky130_fd_sc_hd__o21a_4 contains no devices.
Circuit sky130_ef_sc_hd__decap_12 contains no devices.
Circuit sky130_fd_sc_hd__xnor2_1 contains no devices.
Circuit sky130_fd_sc_hd__clkinv_4 contains no devices.
Circuit sky130_fd_sc_hd__nor3b_2 contains no devices.
Circuit sky130_fd_sc_hd__nor2_1 contains no devices.
Circuit sky130_fd_sc_hd__clkinv_2 contains no devices.
Circuit sky130_fd_sc_hd__nand2_1 contains no devices.
Circuit sky130_fd_sc_hd__decap_4 contains no devices.
Circuit sky130_fd_sc_hd__buf_12 contains no devices.
Circuit sky130_fd_sc_hd__inv_2 contains no devices.
Circuit sky130_fd_sc_hd__and2_1 contains no devices.
Circuit sky130_fd_sc_hd__and2b_2 contains no devices.
Circuit sky130_fd_sc_hd__mux2_1 contains no devices.
Circuit sky130_fd_sc_hd__nor3_2 contains no devices.
Circuit sky130_fd_sc_hd__or2_1 contains no devices.
Circuit sky130_fd_sc_hd__inv_4 contains no devices.
Circuit sky130_fd_sc_hd__decap_3 contains no devices.
Circuit sky130_fd_sc_hd__a21o_1 contains no devices.
Circuit sky130_fd_sc_hd__dfrtp_1 contains no devices.
Circuit sky130_fd_sc_hd__o21bai_1 contains no devices.
Circuit sky130_fd_sc_hd__o21a_1 contains no devices.
Circuit sky130_fd_sc_hd__o31ai_1 contains no devices.
Circuit sky130_fd_sc_hd__dfxtp_1 contains no devices.
Circuit sky130_fd_sc_hd__dfstp_2 contains no devices.
Circuit sky130_fd_sc_hd__clkbuf_2 contains no devices.
Circuit sky130_fd_sc_hd__clkbuf_4 contains no devices.
Circuit sky130_fd_sc_hd__o31a_1 contains no devices.
Circuit sky130_fd_sc_hd__nor4_1 contains no devices.
Circuit sky130_fd_sc_hd__decap_8 contains no devices.
Circuit sky130_fd_sc_hd__clkbuf_1 contains no devices.
Circuit sky130_fd_sc_hd__dfrtp_4 contains no devices.
Circuit sky130_fd_sc_hd__nand3_1 contains no devices.
Circuit sky130_fd_sc_hd__buf_4 contains no devices.
Circuit sky130_fd_sc_hd__nand2b_1 contains no devices.
Circuit sky130_fd_sc_hd__buf_2 contains no devices.
Circuit sky130_fd_sc_hd__nand4b_1 contains no devices.
Circuit sky130_fd_sc_hd__nor3_1 contains no devices.
Circuit sky130_fd_sc_hd__a31oi_2 contains no devices.
Circuit sky130_fd_sc_hd__a21oi_1 contains no devices.
Circuit sky130_fd_sc_hd__o2111ai_1 contains no devices.
Circuit sky130_fd_sc_hd__decap_6 contains no devices.
Circuit sky130_fd_sc_hd__a31o_2 contains no devices.
Circuit sky130_fd_sc_hd__dfrtp_2 contains no devices.
Circuit sky130_fd_sc_hd__conb_1 contains no devices.

Contents of circuit 1:  Circuit: 'caravel_clocking'
Circuit caravel_clocking contains 734 device instances.
  Class: sky130_fd_sc_hd__o2111ai_1 instances:   2
  Class: sky130_fd_sc_hd__o2111ai_4 instances:   2
  Class: sky130_fd_sc_hd__a31o_2 instances:   2
  Class: sky130_fd_sc_hd__a21o_1 instances:   2
  Class: sky130_fd_sc_hd__clkbuf_16 instances:  22
  Class: sky130_fd_sc_hd__dfxtp_1 instances:   7
  Class: sky130_fd_sc_hd__o31ai_1 instances:   2
  Class: sky130_fd_sc_hd__a31oi_2 instances:   2
  Class: sky130_fd_sc_hd__buf_2 instances:   1
  Class: sky130_fd_sc_hd__buf_4 instances:   3
  Class: sky130_fd_sc_hd__dfstp_1 instances:  17
  Class: sky130_fd_sc_hd__dfstp_2 instances:   4
  Class: sky130_ef_sc_hd__decap_12 instances:   9
  Class: sky130_fd_sc_hd__dfrtp_1 instances:  19
  Class: sky130_fd_sc_hd__dfrtp_2 instances:   1
  Class: sky130_fd_sc_hd__dfrtp_4 instances:   1
  Class: sky130_fd_sc_hd__inv_2 instances:  14
  Class: sky130_fd_sc_hd__inv_4 instances:   9
  Class: sky130_fd_sc_hd__clkbuf_1 instances:   9
  Class: sky130_fd_sc_hd__clkbuf_2 instances:   2
  Class: sky130_fd_sc_hd__clkbuf_4 instances:  11
  Class: sky130_fd_sc_hd__or3_1 instances:   4
  Class: sky130_fd_sc_hd__nand3_1 instances:   3
  Class: sky130_fd_sc_hd__conb_1 instances:   1
  Class: sky130_fd_sc_hd__and2b_2 instances:   2
  Class: sky130_fd_sc_hd__nand4b_1 instances:   2
  Class: sky130_fd_sc_hd__buf_12 instances:   1
  Class: sky130_fd_sc_hd__clkinv_2 instances:   4
  Class: sky130_fd_sc_hd__clkinv_4 instances:   7
  Class: sky130_fd_sc_hd__decap_3 instances:  44
  Class: sky130_fd_sc_hd__decap_4 instances:   8
  Class: sky130_fd_sc_hd__decap_6 instances:   1
  Class: sky130_fd_sc_hd__decap_8 instances:  10
  Class: sky130_fd_sc_hd__or2_1 instances:   6
  Class: sky130_fd_sc_hd__nand2_1 instances:  10
  Class: sky130_fd_sc_hd__nand3b_1 instances:   6
  Class: sky130_fd_sc_hd__mux2_1 instances:  52
  Class: sky130_fd_sc_hd__dfrtn_1 instances:   8
  Class: sky130_fd_sc_hd__and2_1 instances:   1
  Class: sky130_fd_sc_hd__nor4_1 instances:   2
  Class: sky130_fd_sc_hd__o22a_1 instances:   2
  Class: sky130_fd_sc_hd__xnor2_1 instances:  10
  Class: sky130_fd_sc_hd__nor3b_2 instances:   2
  Class: sky130_fd_sc_hd__o21bai_1 instances:   4
  Class: sky130_fd_sc_hd__nand2b_1 instances:   6
  Class: sky130_fd_sc_hd__diode_2 instances:  93
  Class: sky130_fd_sc_hd__o2111a_1 instances:   2
  Class: sky130_fd_sc_hd__nor3_1 instances:   2
  Class: sky130_fd_sc_hd__nor3_2 instances:   2
  Class: sky130_fd_sc_hd__o31a_1 instances:   6
  Class: sky130_fd_sc_hd__o21a_1 instances:   4
  Class: sky130_fd_sc_hd__o21a_4 instances:   2
  Class: sky130_fd_sc_hd__a41oi_1 instances:   2
  Class: sky130_fd_sc_hd__o21ai_1 instances:  19
  Class: sky130_fd_sc_hd__tapvpwrvgnd_1 instances: 157
  Class: sky130_fd_sc_hd__a21oi_1 instances:   2
  Class: sky130_fd_sc_hd__fill_1 instances:  80
  Class: sky130_fd_sc_hd__fill_2 instances:  14
  Class: sky130_fd_sc_hd__nor2_1 instances:  12
Circuit contains 333 nets.
Contents of circuit 2:  Circuit: 'caravel_clocking'
Circuit caravel_clocking contains 734 device instances.
  Class: sky130_fd_sc_hd__o2111ai_1 instances:   2
  Class: sky130_fd_sc_hd__o2111ai_4 instances:   2
  Class: sky130_fd_sc_hd__a31o_2 instances:   2
  Class: sky130_fd_sc_hd__a21o_1 instances:   2
  Class: sky130_fd_sc_hd__clkbuf_16 instances:  22
  Class: sky130_fd_sc_hd__dfxtp_1 instances:   7
  Class: sky130_fd_sc_hd__o31ai_1 instances:   2
  Class: sky130_fd_sc_hd__a31oi_2 instances:   2
  Class: sky130_fd_sc_hd__buf_2 instances:   1
  Class: sky130_fd_sc_hd__buf_4 instances:   3
  Class: sky130_fd_sc_hd__dfstp_1 instances:  17
  Class: sky130_fd_sc_hd__dfstp_2 instances:   4
  Class: sky130_ef_sc_hd__decap_12 instances:   9
  Class: sky130_fd_sc_hd__dfrtp_1 instances:  19
  Class: sky130_fd_sc_hd__dfrtp_2 instances:   1
  Class: sky130_fd_sc_hd__dfrtp_4 instances:   1
  Class: sky130_fd_sc_hd__inv_2 instances:  14
  Class: sky130_fd_sc_hd__inv_4 instances:   9
  Class: sky130_fd_sc_hd__clkbuf_1 instances:   9
  Class: sky130_fd_sc_hd__clkbuf_2 instances:   2
  Class: sky130_fd_sc_hd__clkbuf_4 instances:  11
  Class: sky130_fd_sc_hd__or3_1 instances:   4
  Class: sky130_fd_sc_hd__nand3_1 instances:   3
  Class: sky130_fd_sc_hd__conb_1 instances:   1
  Class: sky130_fd_sc_hd__and2b_2 instances:   2
  Class: sky130_fd_sc_hd__nand4b_1 instances:   2
  Class: sky130_fd_sc_hd__buf_12 instances:   1
  Class: sky130_fd_sc_hd__clkinv_2 instances:   4
  Class: sky130_fd_sc_hd__clkinv_4 instances:   7
  Class: sky130_fd_sc_hd__decap_3 instances:  44
  Class: sky130_fd_sc_hd__decap_4 instances:   8
  Class: sky130_fd_sc_hd__decap_6 instances:   1
  Class: sky130_fd_sc_hd__decap_8 instances:  10
  Class: sky130_fd_sc_hd__or2_1 instances:   6
  Class: sky130_fd_sc_hd__nand2_1 instances:  10
  Class: sky130_fd_sc_hd__nand3b_1 instances:   6
  Class: sky130_fd_sc_hd__mux2_1 instances:  52
  Class: sky130_fd_sc_hd__dfrtn_1 instances:   8
  Class: sky130_fd_sc_hd__and2_1 instances:   1
  Class: sky130_fd_sc_hd__nor4_1 instances:   2
  Class: sky130_fd_sc_hd__o22a_1 instances:   2
  Class: sky130_fd_sc_hd__xnor2_1 instances:  10
  Class: sky130_fd_sc_hd__nor3b_2 instances:   2
  Class: sky130_fd_sc_hd__o21bai_1 instances:   4
  Class: sky130_fd_sc_hd__nand2b_1 instances:   6
  Class: sky130_fd_sc_hd__diode_2 instances:  93
  Class: sky130_fd_sc_hd__o2111a_1 instances:   2
  Class: sky130_fd_sc_hd__nor3_1 instances:   2
  Class: sky130_fd_sc_hd__nor3_2 instances:   2
  Class: sky130_fd_sc_hd__o31a_1 instances:   6
  Class: sky130_fd_sc_hd__o21a_1 instances:   4
  Class: sky130_fd_sc_hd__o21a_4 instances:   2
  Class: sky130_fd_sc_hd__a41oi_1 instances:   2
  Class: sky130_fd_sc_hd__o21ai_1 instances:  19
  Class: sky130_fd_sc_hd__tapvpwrvgnd_1 instances: 157
  Class: sky130_fd_sc_hd__a21oi_1 instances:   2
  Class: sky130_fd_sc_hd__fill_1 instances:  80
  Class: sky130_fd_sc_hd__fill_2 instances:  14
  Class: sky130_fd_sc_hd__nor2_1 instances:  12
Circuit contains 333 nets.

Circuit was modified by parallel/series device merging.
New circuit summary:

Contents of circuit 1:  Circuit: 'caravel_clocking'
Circuit caravel_clocking contains 345 device instances.
  Class: sky130_fd_sc_hd__o2111ai_1 instances:   2
  Class: sky130_fd_sc_hd__o2111ai_4 instances:   2
  Class: sky130_fd_sc_hd__a31o_2 instances:   2
  Class: sky130_fd_sc_hd__a21o_1 instances:   2
  Class: sky130_fd_sc_hd__clkbuf_16 instances:  22
  Class: sky130_fd_sc_hd__dfxtp_1 instances:   7
  Class: sky130_fd_sc_hd__o31ai_1 instances:   2
  Class: sky130_fd_sc_hd__a31oi_2 instances:   2
  Class: sky130_fd_sc_hd__buf_2 instances:   1
  Class: sky130_fd_sc_hd__buf_4 instances:   3
  Class: sky130_fd_sc_hd__dfstp_1 instances:  17
  Class: sky130_fd_sc_hd__dfstp_2 instances:   4
  Class: sky130_ef_sc_hd__decap_12 instances:   1
  Class: sky130_fd_sc_hd__dfrtp_1 instances:  19
  Class: sky130_fd_sc_hd__dfrtp_2 instances:   1
  Class: sky130_fd_sc_hd__dfrtp_4 instances:   1
  Class: sky130_fd_sc_hd__inv_2 instances:  14
  Class: sky130_fd_sc_hd__inv_4 instances:   9
  Class: sky130_fd_sc_hd__clkbuf_1 instances:   9
  Class: sky130_fd_sc_hd__clkbuf_2 instances:   2
  Class: sky130_fd_sc_hd__clkbuf_4 instances:  11
  Class: sky130_fd_sc_hd__or3_1 instances:   4
  Class: sky130_fd_sc_hd__nand3_1 instances:   3
  Class: sky130_fd_sc_hd__conb_1 instances:   1
  Class: sky130_fd_sc_hd__and2b_2 instances:   2
  Class: sky130_fd_sc_hd__nand4b_1 instances:   2
  Class: sky130_fd_sc_hd__buf_12 instances:   1
  Class: sky130_fd_sc_hd__clkinv_2 instances:   4
  Class: sky130_fd_sc_hd__clkinv_4 instances:   7
  Class: sky130_fd_sc_hd__decap_3 instances:   1
  Class: sky130_fd_sc_hd__decap_4 instances:   1
  Class: sky130_fd_sc_hd__decap_6 instances:   1
  Class: sky130_fd_sc_hd__decap_8 instances:   1
  Class: sky130_fd_sc_hd__or2_1 instances:   6
  Class: sky130_fd_sc_hd__nand2_1 instances:  10
  Class: sky130_fd_sc_hd__nand3b_1 instances:   6
  Class: sky130_fd_sc_hd__mux2_1 instances:  52
  Class: sky130_fd_sc_hd__dfrtn_1 instances:   8
  Class: sky130_fd_sc_hd__and2_1 instances:   1
  Class: sky130_fd_sc_hd__nor4_1 instances:   2
  Class: sky130_fd_sc_hd__o22a_1 instances:   2
  Class: sky130_fd_sc_hd__xnor2_1 instances:  10
  Class: sky130_fd_sc_hd__nor3b_2 instances:   2
  Class: sky130_fd_sc_hd__o21bai_1 instances:   4
  Class: sky130_fd_sc_hd__nand2b_1 instances:   6
  Class: sky130_fd_sc_hd__diode_2 instances:  19
  Class: sky130_fd_sc_hd__o2111a_1 instances:   2
  Class: sky130_fd_sc_hd__nor3_1 instances:   2
  Class: sky130_fd_sc_hd__nor3_2 instances:   2
  Class: sky130_fd_sc_hd__o31a_1 instances:   6
  Class: sky130_fd_sc_hd__o21a_1 instances:   4
  Class: sky130_fd_sc_hd__o21a_4 instances:   2
  Class: sky130_fd_sc_hd__a41oi_1 instances:   2
  Class: sky130_fd_sc_hd__o21ai_1 instances:  19
  Class: sky130_fd_sc_hd__tapvpwrvgnd_1 instances:   1
  Class: sky130_fd_sc_hd__a21oi_1 instances:   2
  Class: sky130_fd_sc_hd__fill_1 instances:   1
  Class: sky130_fd_sc_hd__fill_2 instances:   1
  Class: sky130_fd_sc_hd__nor2_1 instances:  12
Circuit contains 333 nets.
Contents of circuit 2:  Circuit: 'caravel_clocking'
Circuit caravel_clocking contains 345 device instances.
  Class: sky130_fd_sc_hd__o2111ai_1 instances:   2
  Class: sky130_fd_sc_hd__o2111ai_4 instances:   2
  Class: sky130_fd_sc_hd__a31o_2 instances:   2
  Class: sky130_fd_sc_hd__a21o_1 instances:   2
  Class: sky130_fd_sc_hd__clkbuf_16 instances:  22
  Class: sky130_fd_sc_hd__dfxtp_1 instances:   7
  Class: sky130_fd_sc_hd__o31ai_1 instances:   2
  Class: sky130_fd_sc_hd__a31oi_2 instances:   2
  Class: sky130_fd_sc_hd__buf_2 instances:   1
  Class: sky130_fd_sc_hd__buf_4 instances:   3
  Class: sky130_fd_sc_hd__dfstp_1 instances:  17
  Class: sky130_fd_sc_hd__dfstp_2 instances:   4
  Class: sky130_ef_sc_hd__decap_12 instances:   1
  Class: sky130_fd_sc_hd__dfrtp_1 instances:  19
  Class: sky130_fd_sc_hd__dfrtp_2 instances:   1
  Class: sky130_fd_sc_hd__dfrtp_4 instances:   1
  Class: sky130_fd_sc_hd__inv_2 instances:  14
  Class: sky130_fd_sc_hd__inv_4 instances:   9
  Class: sky130_fd_sc_hd__clkbuf_1 instances:   9
  Class: sky130_fd_sc_hd__clkbuf_2 instances:   2
  Class: sky130_fd_sc_hd__clkbuf_4 instances:  11
  Class: sky130_fd_sc_hd__or3_1 instances:   4
  Class: sky130_fd_sc_hd__nand3_1 instances:   3
  Class: sky130_fd_sc_hd__conb_1 instances:   1
  Class: sky130_fd_sc_hd__and2b_2 instances:   2
  Class: sky130_fd_sc_hd__nand4b_1 instances:   2
  Class: sky130_fd_sc_hd__buf_12 instances:   1
  Class: sky130_fd_sc_hd__clkinv_2 instances:   4
  Class: sky130_fd_sc_hd__clkinv_4 instances:   7
  Class: sky130_fd_sc_hd__decap_3 instances:   1
  Class: sky130_fd_sc_hd__decap_4 instances:   1
  Class: sky130_fd_sc_hd__decap_6 instances:   1
  Class: sky130_fd_sc_hd__decap_8 instances:   1
  Class: sky130_fd_sc_hd__or2_1 instances:   6
  Class: sky130_fd_sc_hd__nand2_1 instances:  10
  Class: sky130_fd_sc_hd__nand3b_1 instances:   6
  Class: sky130_fd_sc_hd__mux2_1 instances:  52
  Class: sky130_fd_sc_hd__dfrtn_1 instances:   8
  Class: sky130_fd_sc_hd__and2_1 instances:   1
  Class: sky130_fd_sc_hd__nor4_1 instances:   2
  Class: sky130_fd_sc_hd__o22a_1 instances:   2
  Class: sky130_fd_sc_hd__xnor2_1 instances:  10
  Class: sky130_fd_sc_hd__nor3b_2 instances:   2
  Class: sky130_fd_sc_hd__o21bai_1 instances:   4
  Class: sky130_fd_sc_hd__nand2b_1 instances:   6
  Class: sky130_fd_sc_hd__diode_2 instances:  19
  Class: sky130_fd_sc_hd__o2111a_1 instances:   2
  Class: sky130_fd_sc_hd__nor3_1 instances:   2
  Class: sky130_fd_sc_hd__nor3_2 instances:   2
  Class: sky130_fd_sc_hd__o31a_1 instances:   6
  Class: sky130_fd_sc_hd__o21a_1 instances:   4
  Class: sky130_fd_sc_hd__o21a_4 instances:   2
  Class: sky130_fd_sc_hd__a41oi_1 instances:   2
  Class: sky130_fd_sc_hd__o21ai_1 instances:  19
  Class: sky130_fd_sc_hd__tapvpwrvgnd_1 instances:   1
  Class: sky130_fd_sc_hd__a21oi_1 instances:   2
  Class: sky130_fd_sc_hd__fill_1 instances:   1
  Class: sky130_fd_sc_hd__fill_2 instances:   1
  Class: sky130_fd_sc_hd__nor2_1 instances:  12
Circuit contains 333 nets.

Circuit 1 contains 345 devices, Circuit 2 contains 345 devices.
Circuit 1 contains 333 nets,    Circuit 2 contains 333 nets.


Final result: 
Circuits match uniquely.
.
Logging to file "/home/kareem_farid/caravel/openlane/caravel_clocking/runs/22_10_13_10_49/logs/signoff/32-caravel_clocking.lef.log" disabled
LVS Done.
