****************************************
Report : global_timing
	-format { narrow }
	-separate_all_groups
Design : caravan
Version: T-2022.03-SP3
Date   : Sun Oct 30 14:30:52 2022
****************************************

Setup violations for paths in **clock_gating_default**
--------------------------------------------------------------
          Total   reg->reg    in->reg   reg->out    in->out
--------------------------------------------------------------
WNS     -7.5295    -7.5295     0.0000     0.0000     0.0000
TNS  -9328.5638 -9328.5638     0.0000     0.0000     0.0000
NUM        1536       1536          0          0          0
--------------------------------------------------------------

Setup violations for paths in clk
--------------------------------------------------------------
          Total   reg->reg    in->reg   reg->out    in->out
--------------------------------------------------------------
WNS    -17.0794   -17.0794     0.0000   -11.5603     0.0000
TNS  -5788.8543 -5762.4482     0.0000   -26.4061     0.0000
NUM        1156       1153          0          3          0
--------------------------------------------------------------


1
